[0.161s] Invoking command in '/home/aurora/RM25/src/build/nav2_util': AMENT_PREFIX_PATH=/home/aurora/RM25/src/install/nav2_msgs:/home/aurora/RM25/src/install/nav2_common:${AMENT_PREFIX_PATH} CMAKE_PREFIX_PATH=/home/aurora/RM25/src/install/nav2_msgs:/home/aurora/RM25/src/install/nav2_common:/home/aurora/RM25/install/rm_robot_description:/home/aurora/RM25/install/nav2_msgs:/home/aurora/RM25/install/nav2_bringup:/home/aurora/RM25/install/four_omniwheel_robot:/home/aurora/ws_helloworld/install/pkg01_helloworld_cpp:/home/aurora/ws_helloworld/install/learning_tf2_cpp:/home/aurora/ws_helloworld/install/pkg02_helloworld_py:/opt/ros/humble LD_LIBRARY_PATH=/home/aurora/RM25/src/install/nav2_msgs/lib:${LD_LIBRARY_PATH} PYTHONPATH=/home/aurora/RM25/src/install/nav2_msgs/local/lib/python3.10/dist-packages:/home/aurora/RM25/src/install/nav2_common/local/lib/python3.10/dist-packages:${PYTHONPATH} /usr/bin/cmake /home/aurora/RM25/src/rm_navigation2/nav2_util -DAMENT_CMAKE_SYMLINK_INSTALL=1 -DCMAKE_INSTALL_PREFIX=/home/aurora/RM25/src/install/nav2_util
[0.340s] -- The C compiler identification is GNU 11.4.0
[1.199s] -- The CXX compiler identification is GNU 11.4.0
[1.830s] -- Detecting C compiler ABI info
[2.052s] -- Detecting C compiler ABI info - done
[2.056s] -- Check for working C compiler: /usr/bin/cc - skipped
[2.056s] -- Detecting C compile features
[2.056s] -- Detecting C compile features - done
[2.058s] -- Detecting CXX compiler ABI info
[2.244s] -- Detecting CXX compiler ABI info - done
[2.248s] -- Check for working CXX compiler: /usr/bin/c++ - skipped
[2.248s] -- Detecting CXX compile features
[2.248s] -- Detecting CXX compile features - done
[2.250s] -- Found ament_cmake: 1.3.10 (/opt/ros/humble/share/ament_cmake/cmake)
[2.345s] -- Found Python3: /usr/bin/python3 (found version "3.10.12") found components: Interpreter 
[2.385s] -- Override CMake install command with custom implementation using symlinks instead of copying resources
[2.401s] -- Found nav2_common: 1.1.16 (/opt/ros/humble/share/nav2_common/cmake)
[2.401s] -- Found nav2_msgs: 1.1.17 (/home/aurora/RM25/src/install/nav2_msgs/share/nav2_msgs/cmake)
[2.634s] -- Found rosidl_generator_c: 3.1.5 (/opt/ros/humble/share/rosidl_generator_c/cmake)
[2.638s] -- Found rosidl_adapter: 3.1.5 (/opt/ros/humble/share/rosidl_adapter/cmake)
[2.643s] -- Found rosidl_generator_cpp: 3.1.5 (/opt/ros/humble/share/rosidl_generator_cpp/cmake)
[2.650s] -- Using all available rosidl_typesupport_c: rosidl_typesupport_fastrtps_c;rosidl_typesupport_introspection_c
[2.660s] -- Using all available rosidl_typesupport_cpp: rosidl_typesupport_fastrtps_cpp;rosidl_typesupport_introspection_cpp
[2.722s] -- Found tf2_ros: 0.25.8 (/opt/ros/humble/share/tf2_ros/cmake)
[2.764s] -- Found rmw_implementation_cmake: 6.1.2 (/opt/ros/humble/share/rmw_implementation_cmake/cmake)
[2.765s] -- Found rmw_fastrtps_cpp: 6.2.7 (/opt/ros/humble/share/rmw_fastrtps_cpp/cmake)
[4.774s] -- Found OpenSSL: /usr/lib/x86_64-linux-gnu/libcrypto.so (found version "3.0.2")  
[6.777s] -- Found FastRTPS: /opt/ros/humble/include  
[11.127s] -- Using RMW implementation 'rmw_fastrtps_cpp' as default
[11.133s] -- Looking for pthread.h
[11.320s] -- Looking for pthread.h - found
[11.320s] -- Performing Test CMAKE_HAVE_LIBC_PTHREAD
[11.467s] -- Performing Test CMAKE_HAVE_LIBC_PTHREAD - Success
[11.468s] -- Found Threads: TRUE  
[11.516s] -- Found tf2_geometry_msgs: 0.25.8 (/opt/ros/humble/share/tf2_geometry_msgs/cmake)
[11.575s] -- Found eigen3_cmake_module: 0.1.1 (/opt/ros/humble/share/eigen3_cmake_module/cmake)
[11.575s] -- Found Eigen3: TRUE (found version "3.4.0") 
[11.576s] -- Ensuring Eigen3 include directory is part of orocos-kdl CMake target
[11.587s] -- Found lifecycle_msgs: 1.2.1 (/opt/ros/humble/share/lifecycle_msgs/cmake)
[11.593s] -- Found rclcpp_lifecycle: 16.0.10 (/opt/ros/humble/share/rclcpp_lifecycle/cmake)
[11.598s] -- Found bondcpp: 3.0.2 (/opt/ros/humble/share/bondcpp/cmake)
[11.611s] -- Setting build type to Release as none was specified.
[11.626s] -- Found Boost: /usr/lib/x86_64-linux-gnu/cmake/Boost-1.74.0/BoostConfig.cmake (found version "1.74.0") found components: program_options 
[11.628s] -- Found ament_lint_auto: 0.12.11 (/opt/ros/humble/share/ament_lint_auto/cmake)
[11.629s] -- Found ament_cmake_pytest: 1.3.10 (/opt/ros/humble/share/ament_cmake_pytest/cmake)
[11.632s] -- Found launch_testing_ament_cmake: 1.0.6 (/opt/ros/humble/share/launch_testing_ament_cmake/cmake)
[11.633s] -- Found python_cmake_module: 0.10.0 (/opt/ros/humble/share/python_cmake_module/cmake)
[11.947s] -- Found PythonInterp: /usr/bin/python3 (found suitable version "3.10.12", minimum required is "3.6") 
[12.776s] -- Found PythonLibs: /usr/lib/x86_64-linux-gnu/libpython3.10.so (found suitable version "3.10.12", minimum required is "3.5") 
[12.776s] -- Using PYTHON_EXECUTABLE: /usr/bin/python3
[12.776s] -- Using PYTHON_INCLUDE_DIRS: /usr/include/python3.10
[12.776s] -- Using PYTHON_LIBRARIES: /usr/lib/x86_64-linux-gnu/libpython3.10.so
[12.789s] -- Found PythonExtra: .so  
[16.744s] -- Found gtest sources under '/opt/ros/humble/src/gtest_vendor': C++ tests using 'Google Test' will be built
[16.774s] -- Added test 'copyright' to check source files copyright and LICENSE
[16.775s] -- Added test 'cppcheck' to perform static code analysis on C / C++ code
[16.775s] -- Configured cppcheck include dirs: /home/aurora/RM25/src/rm_navigation2/nav2_util/include
[16.775s] -- Configured cppcheck exclude dirs and/or files: 
[16.776s] -- Added test 'cpplint' to check C / C++ code against the Google style
[16.776s] -- Configured cpplint exclude dirs and/or files: 
[16.777s] -- Added test 'lint_cmake' to check CMake code style
[16.778s] -- Added test 'uncrustify' to check C / C++ code style
[16.778s] -- Configured uncrustify additional arguments: 
[16.778s] -- Added test 'xmllint' to check XML markup files
[16.782s] -- Configuring done
[16.856s] -- Generating done
[16.858s] -- Build files have been written to: /home/aurora/RM25/src/build/nav2_util
[16.868s] Invoked command in '/home/aurora/RM25/src/build/nav2_util' returned '0': AMENT_PREFIX_PATH=/home/aurora/RM25/src/install/nav2_msgs:/home/aurora/RM25/src/install/nav2_common:${AMENT_PREFIX_PATH} CMAKE_PREFIX_PATH=/home/aurora/RM25/src/install/nav2_msgs:/home/aurora/RM25/src/install/nav2_common:/home/aurora/RM25/install/rm_robot_description:/home/aurora/RM25/install/nav2_msgs:/home/aurora/RM25/install/nav2_bringup:/home/aurora/RM25/install/four_omniwheel_robot:/home/aurora/ws_helloworld/install/pkg01_helloworld_cpp:/home/aurora/ws_helloworld/install/learning_tf2_cpp:/home/aurora/ws_helloworld/install/pkg02_helloworld_py:/opt/ros/humble LD_LIBRARY_PATH=/home/aurora/RM25/src/install/nav2_msgs/lib:${LD_LIBRARY_PATH} PYTHONPATH=/home/aurora/RM25/src/install/nav2_msgs/local/lib/python3.10/dist-packages:/home/aurora/RM25/src/install/nav2_common/local/lib/python3.10/dist-packages:${PYTHONPATH} /usr/bin/cmake /home/aurora/RM25/src/rm_navigation2/nav2_util -DAMENT_CMAKE_SYMLINK_INSTALL=1 -DCMAKE_INSTALL_PREFIX=/home/aurora/RM25/src/install/nav2_util
[16.869s] Invoking command in '/home/aurora/RM25/src/build/nav2_util': AMENT_PREFIX_PATH=/home/aurora/RM25/src/install/nav2_msgs:/home/aurora/RM25/src/install/nav2_common:${AMENT_PREFIX_PATH} CMAKE_PREFIX_PATH=/home/aurora/RM25/src/install/nav2_msgs:/home/aurora/RM25/src/install/nav2_common:/home/aurora/RM25/install/rm_robot_description:/home/aurora/RM25/install/nav2_msgs:/home/aurora/RM25/install/nav2_bringup:/home/aurora/RM25/install/four_omniwheel_robot:/home/aurora/ws_helloworld/install/pkg01_helloworld_cpp:/home/aurora/ws_helloworld/install/learning_tf2_cpp:/home/aurora/ws_helloworld/install/pkg02_helloworld_py:/opt/ros/humble LD_LIBRARY_PATH=/home/aurora/RM25/src/install/nav2_msgs/lib:${LD_LIBRARY_PATH} PYTHONPATH=/home/aurora/RM25/src/install/nav2_msgs/local/lib/python3.10/dist-packages:/home/aurora/RM25/src/install/nav2_common/local/lib/python3.10/dist-packages:${PYTHONPATH} /usr/bin/cmake --build /home/aurora/RM25/src/build/nav2_util -- -j20 -l20
[16.896s] [  7%] [32mBuilding CXX object src/CMakeFiles/nav2_util_core.dir/costmap.cpp.o[0m
[16.896s] [  7%] [32mBuilding CXX object gtest/CMakeFiles/gtest.dir/src/gtest-all.cc.o[0m
[16.896s] [  7%] [32mBuilding CXX object src/CMakeFiles/nav2_util_core.dir/node_utils.cpp.o[0m
[16.897s] [ 10%] [32mBuilding CXX object src/CMakeFiles/nav2_util_core.dir/lifecycle_service_client.cpp.o[0m
[16.897s] [ 12%] [32mBuilding CXX object src/CMakeFiles/nav2_util_core.dir/odometry_utils.cpp.o[0m
[16.898s] [ 15%] [32mBuilding CXX object src/CMakeFiles/nav2_util_core.dir/lifecycle_utils.cpp.o[0m
[16.898s] [ 17%] [32mBuilding CXX object gtest/CMakeFiles/gtest_main.dir/src/gtest_main.cc.o[0m
[16.898s] [ 25%] [32mBuilding CXX object src/CMakeFiles/nav2_util_core.dir/robot_utils.cpp.o[0m
[16.898s] [ 25%] [32mBuilding CXX object src/CMakeFiles/nav2_util_core.dir/string_utils.cpp.o[0m
[16.899s] [ 25%] [32mBuilding CXX object src/CMakeFiles/nav2_util_core.dir/node_thread.cpp.o[0m
[16.899s] [ 27%] [32mBuilding CXX object src/CMakeFiles/nav2_util_core.dir/lifecycle_node.cpp.o[0m
[17.751s] [ 30%] [32m[1mLinking CXX static library libgtest_main.a[0m
[17.777s] [ 30%] Built target gtest_main
[23.170s] [ 32%] [32m[1mLinking CXX static library libgtest.a[0m
[23.190s] [ 32%] Built target gtest
[23.201s] [ 35%] [32mBuilding CXX object test/CMakeFiles/test_execution_timer.dir/test_execution_timer.cpp.o[0m
[23.897s] [ 37%] [32m[1mLinking CXX executable test_execution_timer[0m
[24.143s] [ 37%] Built target test_execution_timer
[25.487s] [ 40%] [32m[1mLinking CXX shared library libnav2_util_core.so[0m
[25.787s] [ 40%] Built target nav2_util_core
[25.801s] [ 42%] [32mBuilding CXX object test/CMakeFiles/test_node_utils.dir/test_node_utils.cpp.o[0m
[25.802s] [ 45%] [32mBuilding CXX object test/CMakeFiles/test_service_client.dir/test_service_client.cpp.o[0m
[25.802s] [ 47%] [32mBuilding CXX object test/CMakeFiles/test_string_utils.dir/test_string_utils.cpp.o[0m
[25.803s] [ 52%] [32mBuilding CXX object src/CMakeFiles/lifecycle_bringup.dir/lifecycle_bringup_commandline.cpp.o[0m
[25.803s] [ 52%] [32mBuilding CXX object test/CMakeFiles/test_lifecycle_node.dir/test_lifecycle_node.cpp.o[0m
[25.803s] [ 55%] [32mBuilding CXX object test/CMakeFiles/test_lifecycle_cli_node.dir/test_lifecycle_cli_node.cpp.o[0m
[25.804s] [ 57%] [32mBuilding CXX object test/CMakeFiles/test_robot_utils.dir/test_robot_utils.cpp.o[0m
[25.805s] [ 60%] [32mBuilding CXX object test/CMakeFiles/test_lifecycle_utils.dir/test_lifecycle_utils.cpp.o[0m
[25.806s] [ 65%] [32mBuilding CXX object test/CMakeFiles/test_actions.dir/test_actions.cpp.o[0m
[25.806s] [ 65%] [32mBuilding CXX object test/CMakeFiles/test_geometry_utils.dir/test_geometry_utils.cpp.o[0m
[25.806s] [ 67%] [32mBuilding CXX object test/CMakeFiles/test_validation_messages.dir/test_validation_messages.cpp.o[0m
[25.807s] [ 70%] [32mBuilding CXX object test/CMakeFiles/test_odometry_utils.dir/test_odometry_utils.cpp.o[0m
[27.170s] [ 72%] [32m[1mLinking CXX executable test_string_utils[0m
[27.520s] [ 75%] [32m[1mLinking CXX executable test_validation_messages[0m
[27.575s] [ 75%] Built target test_string_utils
[27.929s] [ 75%] Built target test_validation_messages
[28.909s] [ 77%] [32m[1mLinking CXX executable lifecycle_bringup[0m
[29.227s] [ 77%] Built target lifecycle_bringup
[29.618s] [ 80%] [32m[1mLinking CXX executable test_geometry_utils[0m
[29.952s] [ 82%] [32m[1mLinking CXX executable test_robot_utils[0m
[30.005s] [ 82%] Built target test_geometry_utils
[30.033s] [ 85%] [32m[1mLinking CXX executable test_lifecycle_utils[0m
[30.325s] [ 85%] Built target test_robot_utils
[30.364s] [ 87%] [32m[1mLinking CXX executable test_lifecycle_cli_node[0m
[30.368s] [ 87%] Built target test_lifecycle_utils
[30.387s] [ 90%] [32m[1mLinking CXX executable test_node_utils[0m
[30.434s] [ 92%] [32m[1mLinking CXX executable test_lifecycle_node[0m
[30.651s] [ 92%] Built target test_lifecycle_cli_node
[30.675s] [ 92%] Built target test_node_utils
[30.713s] [ 92%] Built target test_lifecycle_node
[31.628s] [ 95%] [32m[1mLinking CXX executable test_odometry_utils[0m
[31.899s] [ 95%] Built target test_odometry_utils
[35.641s] [ 97%] [32m[1mLinking CXX executable test_service_client[0m
[36.098s] [ 97%] Built target test_service_client
[38.751s] [100%] [32m[1mLinking CXX executable test_actions[0m
[39.024s] [100%] Built target test_actions
[39.032s] Invoked command in '/home/aurora/RM25/src/build/nav2_util' returned '0': AMENT_PREFIX_PATH=/home/aurora/RM25/src/install/nav2_msgs:/home/aurora/RM25/src/install/nav2_common:${AMENT_PREFIX_PATH} CMAKE_PREFIX_PATH=/home/aurora/RM25/src/install/nav2_msgs:/home/aurora/RM25/src/install/nav2_common:/home/aurora/RM25/install/rm_robot_description:/home/aurora/RM25/install/nav2_msgs:/home/aurora/RM25/install/nav2_bringup:/home/aurora/RM25/install/four_omniwheel_robot:/home/aurora/ws_helloworld/install/pkg01_helloworld_cpp:/home/aurora/ws_helloworld/install/learning_tf2_cpp:/home/aurora/ws_helloworld/install/pkg02_helloworld_py:/opt/ros/humble LD_LIBRARY_PATH=/home/aurora/RM25/src/install/nav2_msgs/lib:${LD_LIBRARY_PATH} PYTHONPATH=/home/aurora/RM25/src/install/nav2_msgs/local/lib/python3.10/dist-packages:/home/aurora/RM25/src/install/nav2_common/local/lib/python3.10/dist-packages:${PYTHONPATH} /usr/bin/cmake --build /home/aurora/RM25/src/build/nav2_util -- -j20 -l20
[39.050s] Invoking command in '/home/aurora/RM25/src/build/nav2_util': AMENT_PREFIX_PATH=/home/aurora/RM25/src/install/nav2_msgs:/home/aurora/RM25/src/install/nav2_common:${AMENT_PREFIX_PATH} CMAKE_PREFIX_PATH=/home/aurora/RM25/src/install/nav2_msgs:/home/aurora/RM25/src/install/nav2_common:/home/aurora/RM25/install/rm_robot_description:/home/aurora/RM25/install/nav2_msgs:/home/aurora/RM25/install/nav2_bringup:/home/aurora/RM25/install/four_omniwheel_robot:/home/aurora/ws_helloworld/install/pkg01_helloworld_cpp:/home/aurora/ws_helloworld/install/learning_tf2_cpp:/home/aurora/ws_helloworld/install/pkg02_helloworld_py:/opt/ros/humble LD_LIBRARY_PATH=/home/aurora/RM25/src/install/nav2_msgs/lib:${LD_LIBRARY_PATH} PYTHONPATH=/home/aurora/RM25/src/install/nav2_msgs/local/lib/python3.10/dist-packages:/home/aurora/RM25/src/install/nav2_common/local/lib/python3.10/dist-packages:${PYTHONPATH} /usr/bin/cmake --install /home/aurora/RM25/src/build/nav2_util
[39.053s] -- Install configuration: "Release"
[39.054s] -- Execute custom install script
[39.054s] -- Symlinking: /home/aurora/RM25/src/install/nav2_util/lib/libnav2_util_core.so
[39.058s] -- Symlinking: /home/aurora/RM25/src/install/nav2_util/lib/nav2_util/lifecycle_bringup
[39.063s] -- Symlinking: /home/aurora/RM25/src/install/nav2_util/include//nav2_util/clear_entirely_costmap_service_client.hpp
[39.066s] -- Symlinking: /home/aurora/RM25/src/install/nav2_util/include//nav2_util/costmap.hpp
[39.070s] -- Symlinking: /home/aurora/RM25/src/install/nav2_util/include//nav2_util/execution_timer.hpp
[39.074s] -- Symlinking: /home/aurora/RM25/src/install/nav2_util/include//nav2_util/geometry_utils.hpp
[39.078s] -- Symlinking: /home/aurora/RM25/src/install/nav2_util/include//nav2_util/lifecycle_node.hpp
[39.082s] -- Symlinking: /home/aurora/RM25/src/install/nav2_util/include//nav2_util/lifecycle_service_client.hpp
[39.086s] -- Symlinking: /home/aurora/RM25/src/install/nav2_util/include//nav2_util/lifecycle_utils.hpp
[39.090s] -- Symlinking: /home/aurora/RM25/src/install/nav2_util/include//nav2_util/line_iterator.hpp
[39.095s] -- Symlinking: /home/aurora/RM25/src/install/nav2_util/include//nav2_util/node_thread.hpp
[39.099s] -- Symlinking: /home/aurora/RM25/src/install/nav2_util/include//nav2_util/node_utils.hpp
[39.103s] -- Symlinking: /home/aurora/RM25/src/install/nav2_util/include//nav2_util/occ_grid_values.hpp
[39.107s] -- Symlinking: /home/aurora/RM25/src/install/nav2_util/include//nav2_util/odometry_utils.hpp
[39.111s] -- Symlinking: /home/aurora/RM25/src/install/nav2_util/include//nav2_util/robot_utils.hpp
[39.114s] -- Symlinking: /home/aurora/RM25/src/install/nav2_util/include//nav2_util/service_client.hpp
[39.118s] -- Symlinking: /home/aurora/RM25/src/install/nav2_util/include//nav2_util/simple_action_server.hpp
[39.122s] -- Symlinking: /home/aurora/RM25/src/install/nav2_util/include//nav2_util/string_utils.hpp
[39.126s] -- Symlinking: /home/aurora/RM25/src/install/nav2_util/include//nav2_util/validate_messages.hpp
[39.130s] -- Symlinking: /home/aurora/RM25/src/install/nav2_util/share/nav2_util/environment/library_path.sh
[39.134s] -- Symlinking: /home/aurora/RM25/src/install/nav2_util/share/nav2_util/environment/library_path.dsv
[39.138s] -- Symlinking: /home/aurora/RM25/src/install/nav2_util/share/ament_index/resource_index/package_run_dependencies/nav2_util
[39.143s] -- Symlinking: /home/aurora/RM25/src/install/nav2_util/share/ament_index/resource_index/parent_prefix_path/nav2_util
[39.148s] -- Symlinking: /home/aurora/RM25/src/install/nav2_util/share/nav2_util/environment/ament_prefix_path.sh
[39.152s] -- Symlinking: /home/aurora/RM25/src/install/nav2_util/share/nav2_util/environment/ament_prefix_path.dsv
[39.156s] -- Symlinking: /home/aurora/RM25/src/install/nav2_util/share/nav2_util/environment/path.sh
[39.160s] -- Symlinking: /home/aurora/RM25/src/install/nav2_util/share/nav2_util/environment/path.dsv
[39.164s] -- Symlinking: /home/aurora/RM25/src/install/nav2_util/share/nav2_util/local_setup.bash
[39.168s] -- Symlinking: /home/aurora/RM25/src/install/nav2_util/share/nav2_util/local_setup.sh
[39.172s] -- Symlinking: /home/aurora/RM25/src/install/nav2_util/share/nav2_util/local_setup.zsh
[39.176s] -- Symlinking: /home/aurora/RM25/src/install/nav2_util/share/nav2_util/local_setup.dsv
[39.180s] -- Symlinking: /home/aurora/RM25/src/install/nav2_util/share/nav2_util/package.dsv
[39.184s] -- Symlinking: /home/aurora/RM25/src/install/nav2_util/share/ament_index/resource_index/packages/nav2_util
[39.188s] -- Symlinking: /home/aurora/RM25/src/install/nav2_util/share/nav2_util/cmake/ament_cmake_export_include_directories-extras.cmake
[39.193s] -- Symlinking: /home/aurora/RM25/src/install/nav2_util/share/nav2_util/cmake/ament_cmake_export_libraries-extras.cmake
[39.197s] -- Symlinking: /home/aurora/RM25/src/install/nav2_util/share/nav2_util/cmake/ament_cmake_export_dependencies-extras.cmake
[39.201s] -- Symlinking: /home/aurora/RM25/src/install/nav2_util/share/nav2_util/cmake/nav2_utilConfig.cmake
[39.205s] -- Symlinking: /home/aurora/RM25/src/install/nav2_util/share/nav2_util/cmake/nav2_utilConfig-version.cmake
[39.209s] -- Symlinking: /home/aurora/RM25/src/install/nav2_util/share/nav2_util/package.xml
[39.214s] Invoked command in '/home/aurora/RM25/src/build/nav2_util' returned '0': AMENT_PREFIX_PATH=/home/aurora/RM25/src/install/nav2_msgs:/home/aurora/RM25/src/install/nav2_common:${AMENT_PREFIX_PATH} CMAKE_PREFIX_PATH=/home/aurora/RM25/src/install/nav2_msgs:/home/aurora/RM25/src/install/nav2_common:/home/aurora/RM25/install/rm_robot_description:/home/aurora/RM25/install/nav2_msgs:/home/aurora/RM25/install/nav2_bringup:/home/aurora/RM25/install/four_omniwheel_robot:/home/aurora/ws_helloworld/install/pkg01_helloworld_cpp:/home/aurora/ws_helloworld/install/learning_tf2_cpp:/home/aurora/ws_helloworld/install/pkg02_helloworld_py:/opt/ros/humble LD_LIBRARY_PATH=/home/aurora/RM25/src/install/nav2_msgs/lib:${LD_LIBRARY_PATH} PYTHONPATH=/home/aurora/RM25/src/install/nav2_msgs/local/lib/python3.10/dist-packages:/home/aurora/RM25/src/install/nav2_common/local/lib/python3.10/dist-packages:${PYTHONPATH} /usr/bin/cmake --install /home/aurora/RM25/src/build/nav2_util
