[0.164s] DEBUG:colcon:Command line arguments: ['/usr/bin/colcon', 'build', '--cmake-args', '-DROS_EDITION=ROS2', '-DHUMBLE_ROS=humble']
[0.164s] DEBUG:colcon:Parsed command line arguments: Namespace(log_base=None, log_level=None, verb_name='build', build_base='build', install_base='install', merge_install=False, symlink_install=False, test_result_base=None, continue_on_error=False, executor='parallel', parallel_workers=20, event_handlers=None, ignore_user_meta=False, metas=['./colcon.meta'], base_paths=['.'], packages_ignore=None, packages_ignore_regex=None, paths=None, packages_up_to=None, packages_up_to_regex=None, packages_above=None, packages_above_and_dependencies=None, packages_above_depth=None, packages_select_by_dep=None, packages_skip_by_dep=None, packages_skip_up_to=None, packages_select_build_failed=False, packages_skip_build_finished=False, packages_select_test_failures=False, packages_skip_test_passed=False, packages_select=None, packages_skip=None, packages_select_regex=None, packages_skip_regex=None, packages_start=None, packages_end=None, allow_overriding=[], cmake_args=['-DROS_EDITION=ROS2', '-DHUMBLE_ROS=humble'], cmake_target=None, cmake_target_skip_unavailable=False, cmake_clean_cache=False, cmake_clean_first=False, cmake_force_configure=False, ament_cmake_args=None, catkin_cmake_args=None, catkin_skip_building_tests=False, verb_parser=<colcon_defaults.argument_parser.defaults.DefaultArgumentsDecorator object at 0x7fafd3d8c250>, verb_extension=<colcon_core.verb.build.BuildVerb object at 0x7fafd3ef9900>, main=<bound method BuildVerb.main of <colcon_core.verb.build.BuildVerb object at 0x7fafd3ef9900>>)
[0.229s] Level 1:colcon.colcon_core.package_discovery:discover_packages(colcon_meta) check parameters
[0.230s] Level 1:colcon.colcon_core.package_discovery:discover_packages(recursive) check parameters
[0.230s] Level 1:colcon.colcon_core.package_discovery:discover_packages(ignore) check parameters
[0.230s] Level 1:colcon.colcon_core.package_discovery:discover_packages(path) check parameters
[0.230s] Level 1:colcon.colcon_core.package_discovery:discover_packages(colcon_meta) discover
[0.230s] Level 1:colcon.colcon_core.package_discovery:discover_packages(recursive) discover
[0.230s] INFO:colcon.colcon_core.package_discovery:Crawling recursively for packages in '/home/aurora/RM25/src'
[0.230s] Level 1:colcon.colcon_core.package_identification:_identify(.) by extensions ['ignore', 'ignore_ament_install']
[0.230s] Level 1:colcon.colcon_core.package_identification:_identify(.) by extension 'ignore'
[0.230s] Level 1:colcon.colcon_core.package_identification:_identify(.) by extension 'ignore_ament_install'
[0.230s] Level 1:colcon.colcon_core.package_identification:_identify(.) by extensions ['colcon_pkg']
[0.230s] Level 1:colcon.colcon_core.package_identification:_identify(.) by extension 'colcon_pkg'
[0.230s] Level 1:colcon.colcon_core.package_identification:_identify(.) by extensions ['colcon_meta']
[0.230s] Level 1:colcon.colcon_core.package_identification:_identify(.) by extension 'colcon_meta'
[0.230s] Level 1:colcon.colcon_core.package_identification:_identify(.) by extensions ['ros']
[0.230s] Level 1:colcon.colcon_core.package_identification:_identify(.) by extension 'ros'
[0.236s] Level 1:colcon.colcon_core.package_identification:_identify(.) by extensions ['cmake', 'python']
[0.236s] Level 1:colcon.colcon_core.package_identification:_identify(.) by extension 'cmake'
[0.236s] Level 1:colcon.colcon_core.package_identification:_identify(.) by extension 'python'
[0.236s] Level 1:colcon.colcon_core.package_identification:_identify(.) by extensions ['python_setup_py']
[0.236s] Level 1:colcon.colcon_core.package_identification:_identify(.) by extension 'python_setup_py'
[0.236s] Level 1:colcon.colcon_core.package_identification:_identify(build) by extensions ['ignore', 'ignore_ament_install']
[0.236s] Level 1:colcon.colcon_core.package_identification:_identify(build) by extension 'ignore'
[0.236s] Level 1:colcon.colcon_core.package_identification:_identify(build) ignored
[0.236s] Level 1:colcon.colcon_core.package_identification:_identify(config) by extensions ['ignore', 'ignore_ament_install']
[0.236s] Level 1:colcon.colcon_core.package_identification:_identify(config) by extension 'ignore'
[0.236s] Level 1:colcon.colcon_core.package_identification:_identify(config) by extension 'ignore_ament_install'
[0.236s] Level 1:colcon.colcon_core.package_identification:_identify(config) by extensions ['colcon_pkg']
[0.236s] Level 1:colcon.colcon_core.package_identification:_identify(config) by extension 'colcon_pkg'
[0.236s] Level 1:colcon.colcon_core.package_identification:_identify(config) by extensions ['colcon_meta']
[0.236s] Level 1:colcon.colcon_core.package_identification:_identify(config) by extension 'colcon_meta'
[0.236s] Level 1:colcon.colcon_core.package_identification:_identify(config) by extensions ['ros']
[0.236s] Level 1:colcon.colcon_core.package_identification:_identify(config) by extension 'ros'
[0.236s] Level 1:colcon.colcon_core.package_identification:_identify(config) by extensions ['cmake', 'python']
[0.236s] Level 1:colcon.colcon_core.package_identification:_identify(config) by extension 'cmake'
[0.237s] Level 1:colcon.colcon_core.package_identification:_identify(config) by extension 'python'
[0.237s] Level 1:colcon.colcon_core.package_identification:_identify(config) by extensions ['python_setup_py']
[0.237s] Level 1:colcon.colcon_core.package_identification:_identify(config) by extension 'python_setup_py'
[0.237s] Level 1:colcon.colcon_core.package_identification:_identify(config/real) by extensions ['ignore', 'ignore_ament_install']
[0.237s] Level 1:colcon.colcon_core.package_identification:_identify(config/real) by extension 'ignore'
[0.237s] Level 1:colcon.colcon_core.package_identification:_identify(config/real) by extension 'ignore_ament_install'
[0.237s] Level 1:colcon.colcon_core.package_identification:_identify(config/real) by extensions ['colcon_pkg']
[0.237s] Level 1:colcon.colcon_core.package_identification:_identify(config/real) by extension 'colcon_pkg'
[0.237s] Level 1:colcon.colcon_core.package_identification:_identify(config/real) by extensions ['colcon_meta']
[0.237s] Level 1:colcon.colcon_core.package_identification:_identify(config/real) by extension 'colcon_meta'
[0.237s] Level 1:colcon.colcon_core.package_identification:_identify(config/real) by extensions ['ros']
[0.237s] Level 1:colcon.colcon_core.package_identification:_identify(config/real) by extension 'ros'
[0.237s] Level 1:colcon.colcon_core.package_identification:_identify(config/real) by extensions ['cmake', 'python']
[0.237s] Level 1:colcon.colcon_core.package_identification:_identify(config/real) by extension 'cmake'
[0.237s] Level 1:colcon.colcon_core.package_identification:_identify(config/real) by extension 'python'
[0.237s] Level 1:colcon.colcon_core.package_identification:_identify(config/real) by extensions ['python_setup_py']
[0.237s] Level 1:colcon.colcon_core.package_identification:_identify(config/real) by extension 'python_setup_py'
[0.237s] Level 1:colcon.colcon_core.package_identification:_identify(config/sim) by extensions ['ignore', 'ignore_ament_install']
[0.237s] Level 1:colcon.colcon_core.package_identification:_identify(config/sim) by extension 'ignore'
[0.237s] Level 1:colcon.colcon_core.package_identification:_identify(config/sim) by extension 'ignore_ament_install'
[0.237s] Level 1:colcon.colcon_core.package_identification:_identify(config/sim) by extensions ['colcon_pkg']
[0.237s] Level 1:colcon.colcon_core.package_identification:_identify(config/sim) by extension 'colcon_pkg'
[0.237s] Level 1:colcon.colcon_core.package_identification:_identify(config/sim) by extensions ['colcon_meta']
[0.237s] Level 1:colcon.colcon_core.package_identification:_identify(config/sim) by extension 'colcon_meta'
[0.237s] Level 1:colcon.colcon_core.package_identification:_identify(config/sim) by extensions ['ros']
[0.237s] Level 1:colcon.colcon_core.package_identification:_identify(config/sim) by extension 'ros'
[0.237s] Level 1:colcon.colcon_core.package_identification:_identify(config/sim) by extensions ['cmake', 'python']
[0.237s] Level 1:colcon.colcon_core.package_identification:_identify(config/sim) by extension 'cmake'
[0.237s] Level 1:colcon.colcon_core.package_identification:_identify(config/sim) by extension 'python'
[0.237s] Level 1:colcon.colcon_core.package_identification:_identify(config/sim) by extensions ['python_setup_py']
[0.237s] Level 1:colcon.colcon_core.package_identification:_identify(config/sim) by extension 'python_setup_py'
[0.237s] Level 1:colcon.colcon_core.package_identification:_identify(install) by extensions ['ignore', 'ignore_ament_install']
[0.237s] Level 1:colcon.colcon_core.package_identification:_identify(install) by extension 'ignore'
[0.237s] Level 1:colcon.colcon_core.package_identification:_identify(install) ignored
[0.237s] Level 1:colcon.colcon_core.package_identification:_identify(log) by extensions ['ignore', 'ignore_ament_install']
[0.237s] Level 1:colcon.colcon_core.package_identification:_identify(log) by extension 'ignore'
[0.237s] Level 1:colcon.colcon_core.package_identification:_identify(log) ignored
[0.237s] Level 1:colcon.colcon_core.package_identification:_identify(rm_behavior) by extensions ['ignore', 'ignore_ament_install']
[0.238s] Level 1:colcon.colcon_core.package_identification:_identify(rm_behavior) by extension 'ignore'
[0.238s] Level 1:colcon.colcon_core.package_identification:_identify(rm_behavior) by extension 'ignore_ament_install'
[0.238s] Level 1:colcon.colcon_core.package_identification:_identify(rm_behavior) by extensions ['colcon_pkg']
[0.238s] Level 1:colcon.colcon_core.package_identification:_identify(rm_behavior) by extension 'colcon_pkg'
[0.238s] Level 1:colcon.colcon_core.package_identification:_identify(rm_behavior) by extensions ['colcon_meta']
[0.238s] Level 1:colcon.colcon_core.package_identification:_identify(rm_behavior) by extension 'colcon_meta'
[0.238s] Level 1:colcon.colcon_core.package_identification:_identify(rm_behavior) by extensions ['ros']
[0.238s] Level 1:colcon.colcon_core.package_identification:_identify(rm_behavior) by extension 'ros'
[0.238s] Level 1:colcon.colcon_core.package_identification:_identify(rm_behavior) by extensions ['cmake', 'python']
[0.238s] Level 1:colcon.colcon_core.package_identification:_identify(rm_behavior) by extension 'cmake'
[0.238s] Level 1:colcon.colcon_core.package_identification:_identify(rm_behavior) by extension 'python'
[0.238s] Level 1:colcon.colcon_core.package_identification:_identify(rm_behavior) by extensions ['python_setup_py']
[0.238s] Level 1:colcon.colcon_core.package_identification:_identify(rm_behavior) by extension 'python_setup_py'
[0.238s] Level 1:colcon.colcon_core.package_identification:_identify(rm_driver) by extensions ['ignore', 'ignore_ament_install']
[0.238s] Level 1:colcon.colcon_core.package_identification:_identify(rm_driver) by extension 'ignore'
[0.238s] Level 1:colcon.colcon_core.package_identification:_identify(rm_driver) by extension 'ignore_ament_install'
[0.238s] Level 1:colcon.colcon_core.package_identification:_identify(rm_driver) by extensions ['colcon_pkg']
[0.238s] Level 1:colcon.colcon_core.package_identification:_identify(rm_driver) by extension 'colcon_pkg'
[0.238s] Level 1:colcon.colcon_core.package_identification:_identify(rm_driver) by extensions ['colcon_meta']
[0.238s] Level 1:colcon.colcon_core.package_identification:_identify(rm_driver) by extension 'colcon_meta'
[0.238s] Level 1:colcon.colcon_core.package_identification:_identify(rm_driver) by extensions ['ros']
[0.238s] Level 1:colcon.colcon_core.package_identification:_identify(rm_driver) by extension 'ros'
[0.238s] Level 1:colcon.colcon_core.package_identification:_identify(rm_driver) by extensions ['cmake', 'python']
[0.238s] Level 1:colcon.colcon_core.package_identification:_identify(rm_driver) by extension 'cmake'
[0.238s] Level 1:colcon.colcon_core.package_identification:_identify(rm_driver) by extension 'python'
[0.238s] Level 1:colcon.colcon_core.package_identification:_identify(rm_driver) by extensions ['python_setup_py']
[0.238s] Level 1:colcon.colcon_core.package_identification:_identify(rm_driver) by extension 'python_setup_py'
[0.238s] Level 1:colcon.colcon_core.package_identification:_identify(rm_driver/Livox-SDK2) by extensions ['ignore', 'ignore_ament_install']
[0.238s] Level 1:colcon.colcon_core.package_identification:_identify(rm_driver/Livox-SDK2) by extension 'ignore'
[0.238s] Level 1:colcon.colcon_core.package_identification:_identify(rm_driver/Livox-SDK2) by extension 'ignore_ament_install'
[0.238s] Level 1:colcon.colcon_core.package_identification:_identify(rm_driver/Livox-SDK2) by extensions ['colcon_pkg']
[0.238s] Level 1:colcon.colcon_core.package_identification:_identify(rm_driver/Livox-SDK2) by extension 'colcon_pkg'
[0.238s] Level 1:colcon.colcon_core.package_identification:_identify(rm_driver/Livox-SDK2) by extensions ['colcon_meta']
[0.238s] Level 1:colcon.colcon_core.package_identification:_identify(rm_driver/Livox-SDK2) by extension 'colcon_meta'
[0.238s] Level 1:colcon.colcon_core.package_identification:_identify(rm_driver/Livox-SDK2) by extensions ['ros']
[0.238s] Level 1:colcon.colcon_core.package_identification:_identify(rm_driver/Livox-SDK2) by extension 'ros'
[0.238s] Level 1:colcon.colcon_core.package_identification:_identify(rm_driver/Livox-SDK2) by extensions ['cmake', 'python']
[0.238s] Level 1:colcon.colcon_core.package_identification:_identify(rm_driver/Livox-SDK2) by extension 'cmake'
[0.244s] Level 1:colcon.colcon_core.package_identification:_identify(rm_driver/Livox-SDK2) by extension 'python'
[0.244s] DEBUG:colcon.colcon_core.package_identification:Package 'rm_driver/Livox-SDK2' with type 'cmake' and name 'livox_sdk2'
[0.244s] Level 1:colcon.colcon_core.package_identification:_identify(rm_driver/build) by extensions ['ignore', 'ignore_ament_install']
[0.244s] Level 1:colcon.colcon_core.package_identification:_identify(rm_driver/build) by extension 'ignore'
[0.244s] Level 1:colcon.colcon_core.package_identification:_identify(rm_driver/build) ignored
[0.244s] Level 1:colcon.colcon_core.package_identification:_identify(rm_driver/install) by extensions ['ignore', 'ignore_ament_install']
[0.244s] Level 1:colcon.colcon_core.package_identification:_identify(rm_driver/install) by extension 'ignore'
[0.244s] Level 1:colcon.colcon_core.package_identification:_identify(rm_driver/install) ignored
[0.244s] Level 1:colcon.colcon_core.package_identification:_identify(rm_driver/livox_ros_driver2) by extensions ['ignore', 'ignore_ament_install']
[0.244s] Level 1:colcon.colcon_core.package_identification:_identify(rm_driver/livox_ros_driver2) by extension 'ignore'
[0.244s] Level 1:colcon.colcon_core.package_identification:_identify(rm_driver/livox_ros_driver2) by extension 'ignore_ament_install'
[0.244s] Level 1:colcon.colcon_core.package_identification:_identify(rm_driver/livox_ros_driver2) by extensions ['colcon_pkg']
[0.244s] Level 1:colcon.colcon_core.package_identification:_identify(rm_driver/livox_ros_driver2) by extension 'colcon_pkg'
[0.244s] Level 1:colcon.colcon_core.package_identification:_identify(rm_driver/livox_ros_driver2) by extensions ['colcon_meta']
[0.244s] Level 1:colcon.colcon_core.package_identification:_identify(rm_driver/livox_ros_driver2) by extension 'colcon_meta'
[0.244s] Level 1:colcon.colcon_core.package_identification:_identify(rm_driver/livox_ros_driver2) by extensions ['ros']
[0.244s] Level 1:colcon.colcon_core.package_identification:_identify(rm_driver/livox_ros_driver2) by extension 'ros'
[0.246s] DEBUG:colcon.colcon_core.package_identification:Package 'rm_driver/livox_ros_driver2' with type 'ros.ament_cmake' and name 'livox_ros_driver2'
[0.247s] Level 1:colcon.colcon_core.package_identification:_identify(rm_driver/log) by extensions ['ignore', 'ignore_ament_install']
[0.247s] Level 1:colcon.colcon_core.package_identification:_identify(rm_driver/log) by extension 'ignore'
[0.247s] Level 1:colcon.colcon_core.package_identification:_identify(rm_driver/log) ignored
[0.247s] Level 1:colcon.colcon_core.package_identification:_identify(rm_localization) by extensions ['ignore', 'ignore_ament_install']
[0.247s] Level 1:colcon.colcon_core.package_identification:_identify(rm_localization) by extension 'ignore'
[0.247s] Level 1:colcon.colcon_core.package_identification:_identify(rm_localization) by extension 'ignore_ament_install'
[0.247s] Level 1:colcon.colcon_core.package_identification:_identify(rm_localization) by extensions ['colcon_pkg']
[0.247s] Level 1:colcon.colcon_core.package_identification:_identify(rm_localization) by extension 'colcon_pkg'
[0.247s] Level 1:colcon.colcon_core.package_identification:_identify(rm_localization) by extensions ['colcon_meta']
[0.247s] Level 1:colcon.colcon_core.package_identification:_identify(rm_localization) by extension 'colcon_meta'
[0.247s] Level 1:colcon.colcon_core.package_identification:_identify(rm_localization) by extensions ['ros']
[0.247s] Level 1:colcon.colcon_core.package_identification:_identify(rm_localization) by extension 'ros'
[0.247s] Level 1:colcon.colcon_core.package_identification:_identify(rm_localization) by extensions ['cmake', 'python']
[0.247s] Level 1:colcon.colcon_core.package_identification:_identify(rm_localization) by extension 'cmake'
[0.247s] Level 1:colcon.colcon_core.package_identification:_identify(rm_localization) by extension 'python'
[0.247s] Level 1:colcon.colcon_core.package_identification:_identify(rm_localization) by extensions ['python_setup_py']
[0.247s] Level 1:colcon.colcon_core.package_identification:_identify(rm_localization) by extension 'python_setup_py'
[0.247s] Level 1:colcon.colcon_core.package_identification:_identify(rm_localization/FAST_LIO) by extensions ['ignore', 'ignore_ament_install']
[0.247s] Level 1:colcon.colcon_core.package_identification:_identify(rm_localization/FAST_LIO) by extension 'ignore'
[0.247s] Level 1:colcon.colcon_core.package_identification:_identify(rm_localization/FAST_LIO) by extension 'ignore_ament_install'
[0.247s] Level 1:colcon.colcon_core.package_identification:_identify(rm_localization/FAST_LIO) by extensions ['colcon_pkg']
[0.248s] Level 1:colcon.colcon_core.package_identification:_identify(rm_localization/FAST_LIO) by extension 'colcon_pkg'
[0.248s] Level 1:colcon.colcon_core.package_identification:_identify(rm_localization/FAST_LIO) by extensions ['colcon_meta']
[0.248s] Level 1:colcon.colcon_core.package_identification:_identify(rm_localization/FAST_LIO) by extension 'colcon_meta'
[0.248s] Level 1:colcon.colcon_core.package_identification:_identify(rm_localization/FAST_LIO) by extensions ['ros']
[0.248s] Level 1:colcon.colcon_core.package_identification:_identify(rm_localization/FAST_LIO) by extension 'ros'
[0.248s] DEBUG:colcon.colcon_core.package_identification:Package 'rm_localization/FAST_LIO' with type 'ros.catkin' and name 'fast_lio'
[0.249s] Level 1:colcon.colcon_core.package_identification:_identify(rm_mapping) by extensions ['ignore', 'ignore_ament_install']
[0.249s] Level 1:colcon.colcon_core.package_identification:_identify(rm_mapping) by extension 'ignore'
[0.249s] Level 1:colcon.colcon_core.package_identification:_identify(rm_mapping) by extension 'ignore_ament_install'
[0.249s] Level 1:colcon.colcon_core.package_identification:_identify(rm_mapping) by extensions ['colcon_pkg']
[0.249s] Level 1:colcon.colcon_core.package_identification:_identify(rm_mapping) by extension 'colcon_pkg'
[0.249s] Level 1:colcon.colcon_core.package_identification:_identify(rm_mapping) by extensions ['colcon_meta']
[0.249s] Level 1:colcon.colcon_core.package_identification:_identify(rm_mapping) by extension 'colcon_meta'
[0.249s] Level 1:colcon.colcon_core.package_identification:_identify(rm_mapping) by extensions ['ros']
[0.249s] Level 1:colcon.colcon_core.package_identification:_identify(rm_mapping) by extension 'ros'
[0.249s] Level 1:colcon.colcon_core.package_identification:_identify(rm_mapping) by extensions ['cmake', 'python']
[0.249s] Level 1:colcon.colcon_core.package_identification:_identify(rm_mapping) by extension 'cmake'
[0.249s] Level 1:colcon.colcon_core.package_identification:_identify(rm_mapping) by extension 'python'
[0.249s] Level 1:colcon.colcon_core.package_identification:_identify(rm_mapping) by extensions ['python_setup_py']
[0.249s] Level 1:colcon.colcon_core.package_identification:_identify(rm_mapping) by extension 'python_setup_py'
[0.249s] Level 1:colcon.colcon_core.package_identification:_identify(rm_nav2_bringup) by extensions ['ignore', 'ignore_ament_install']
[0.249s] Level 1:colcon.colcon_core.package_identification:_identify(rm_nav2_bringup) by extension 'ignore'
[0.249s] Level 1:colcon.colcon_core.package_identification:_identify(rm_nav2_bringup) by extension 'ignore_ament_install'
[0.249s] Level 1:colcon.colcon_core.package_identification:_identify(rm_nav2_bringup) by extensions ['colcon_pkg']
[0.249s] Level 1:colcon.colcon_core.package_identification:_identify(rm_nav2_bringup) by extension 'colcon_pkg'
[0.249s] Level 1:colcon.colcon_core.package_identification:_identify(rm_nav2_bringup) by extensions ['colcon_meta']
[0.249s] Level 1:colcon.colcon_core.package_identification:_identify(rm_nav2_bringup) by extension 'colcon_meta'
[0.249s] Level 1:colcon.colcon_core.package_identification:_identify(rm_nav2_bringup) by extensions ['ros']
[0.249s] Level 1:colcon.colcon_core.package_identification:_identify(rm_nav2_bringup) by extension 'ros'
[0.249s] Level 1:colcon.colcon_core.package_identification:_identify(rm_nav2_bringup) by extensions ['cmake', 'python']
[0.249s] Level 1:colcon.colcon_core.package_identification:_identify(rm_nav2_bringup) by extension 'cmake'
[0.249s] Level 1:colcon.colcon_core.package_identification:_identify(rm_nav2_bringup) by extension 'python'
[0.249s] Level 1:colcon.colcon_core.package_identification:_identify(rm_nav2_bringup) by extensions ['python_setup_py']
[0.249s] Level 1:colcon.colcon_core.package_identification:_identify(rm_nav2_bringup) by extension 'python_setup_py'
[0.249s] Level 1:colcon.colcon_core.package_identification:_identify(rm_nav2_bringup/__pycache__) by extensions ['ignore', 'ignore_ament_install']
[0.250s] Level 1:colcon.colcon_core.package_identification:_identify(rm_nav2_bringup/__pycache__) by extension 'ignore'
[0.250s] Level 1:colcon.colcon_core.package_identification:_identify(rm_nav2_bringup/__pycache__) by extension 'ignore_ament_install'
[0.250s] Level 1:colcon.colcon_core.package_identification:_identify(rm_nav2_bringup/__pycache__) by extensions ['colcon_pkg']
[0.250s] Level 1:colcon.colcon_core.package_identification:_identify(rm_nav2_bringup/__pycache__) by extension 'colcon_pkg'
[0.250s] Level 1:colcon.colcon_core.package_identification:_identify(rm_nav2_bringup/__pycache__) by extensions ['colcon_meta']
[0.250s] Level 1:colcon.colcon_core.package_identification:_identify(rm_nav2_bringup/__pycache__) by extension 'colcon_meta'
[0.250s] Level 1:colcon.colcon_core.package_identification:_identify(rm_nav2_bringup/__pycache__) by extensions ['ros']
[0.250s] Level 1:colcon.colcon_core.package_identification:_identify(rm_nav2_bringup/__pycache__) by extension 'ros'
[0.250s] Level 1:colcon.colcon_core.package_identification:_identify(rm_nav2_bringup/__pycache__) by extensions ['cmake', 'python']
[0.250s] Level 1:colcon.colcon_core.package_identification:_identify(rm_nav2_bringup/__pycache__) by extension 'cmake'
[0.250s] Level 1:colcon.colcon_core.package_identification:_identify(rm_nav2_bringup/__pycache__) by extension 'python'
[0.250s] Level 1:colcon.colcon_core.package_identification:_identify(rm_nav2_bringup/__pycache__) by extensions ['python_setup_py']
[0.250s] Level 1:colcon.colcon_core.package_identification:_identify(rm_nav2_bringup/__pycache__) by extension 'python_setup_py'
[0.250s] Level 1:colcon.colcon_core.package_identification:_identify(rm_navigation) by extensions ['ignore', 'ignore_ament_install']
[0.250s] Level 1:colcon.colcon_core.package_identification:_identify(rm_navigation) by extension 'ignore'
[0.250s] Level 1:colcon.colcon_core.package_identification:_identify(rm_navigation) by extension 'ignore_ament_install'
[0.250s] Level 1:colcon.colcon_core.package_identification:_identify(rm_navigation) by extensions ['colcon_pkg']
[0.250s] Level 1:colcon.colcon_core.package_identification:_identify(rm_navigation) by extension 'colcon_pkg'
[0.250s] Level 1:colcon.colcon_core.package_identification:_identify(rm_navigation) by extensions ['colcon_meta']
[0.250s] Level 1:colcon.colcon_core.package_identification:_identify(rm_navigation) by extension 'colcon_meta'
[0.250s] Level 1:colcon.colcon_core.package_identification:_identify(rm_navigation) by extensions ['ros']
[0.250s] Level 1:colcon.colcon_core.package_identification:_identify(rm_navigation) by extension 'ros'
[0.250s] Level 1:colcon.colcon_core.package_identification:_identify(rm_navigation) by extensions ['cmake', 'python']
[0.250s] Level 1:colcon.colcon_core.package_identification:_identify(rm_navigation) by extension 'cmake'
[0.250s] Level 1:colcon.colcon_core.package_identification:_identify(rm_navigation) by extension 'python'
[0.250s] Level 1:colcon.colcon_core.package_identification:_identify(rm_navigation) by extensions ['python_setup_py']
[0.250s] Level 1:colcon.colcon_core.package_identification:_identify(rm_navigation) by extension 'python_setup_py'
[0.250s] Level 1:colcon.colcon_core.package_identification:_identify(rm_robot_description) by extensions ['ignore', 'ignore_ament_install']
[0.250s] Level 1:colcon.colcon_core.package_identification:_identify(rm_robot_description) by extension 'ignore'
[0.250s] Level 1:colcon.colcon_core.package_identification:_identify(rm_robot_description) by extension 'ignore_ament_install'
[0.250s] Level 1:colcon.colcon_core.package_identification:_identify(rm_robot_description) by extensions ['colcon_pkg']
[0.250s] Level 1:colcon.colcon_core.package_identification:_identify(rm_robot_description) by extension 'colcon_pkg'
[0.250s] Level 1:colcon.colcon_core.package_identification:_identify(rm_robot_description) by extensions ['colcon_meta']
[0.250s] Level 1:colcon.colcon_core.package_identification:_identify(rm_robot_description) by extension 'colcon_meta'
[0.250s] Level 1:colcon.colcon_core.package_identification:_identify(rm_robot_description) by extensions ['ros']
[0.250s] Level 1:colcon.colcon_core.package_identification:_identify(rm_robot_description) by extension 'ros'
[0.251s] DEBUG:colcon.colcon_core.package_identification:Package 'rm_robot_description' with type 'ros.ament_cmake' and name 'rm_robot_description'
[0.251s] Level 1:colcon.colcon_core.package_identification:_identify(rm_simulation) by extensions ['ignore', 'ignore_ament_install']
[0.251s] Level 1:colcon.colcon_core.package_identification:_identify(rm_simulation) by extension 'ignore'
[0.251s] Level 1:colcon.colcon_core.package_identification:_identify(rm_simulation) by extension 'ignore_ament_install'
[0.251s] Level 1:colcon.colcon_core.package_identification:_identify(rm_simulation) by extensions ['colcon_pkg']
[0.251s] Level 1:colcon.colcon_core.package_identification:_identify(rm_simulation) by extension 'colcon_pkg'
[0.251s] Level 1:colcon.colcon_core.package_identification:_identify(rm_simulation) by extensions ['colcon_meta']
[0.251s] Level 1:colcon.colcon_core.package_identification:_identify(rm_simulation) by extension 'colcon_meta'
[0.251s] Level 1:colcon.colcon_core.package_identification:_identify(rm_simulation) by extensions ['ros']
[0.251s] Level 1:colcon.colcon_core.package_identification:_identify(rm_simulation) by extension 'ros'
[0.251s] Level 1:colcon.colcon_core.package_identification:_identify(rm_simulation) by extensions ['cmake', 'python']
[0.251s] Level 1:colcon.colcon_core.package_identification:_identify(rm_simulation) by extension 'cmake'
[0.251s] Level 1:colcon.colcon_core.package_identification:_identify(rm_simulation) by extension 'python'
[0.251s] DEBUG:colcon.colcon_core.package_identification:Package 'rm_simulation' with type 'cmake' and name 'rm_simulation'
[0.251s] Level 1:colcon.colcon_core.package_discovery:discover_packages(recursive) using defaults
[0.251s] Level 1:colcon.colcon_core.package_discovery:discover_packages(ignore) discover
[0.251s] Level 1:colcon.colcon_core.package_discovery:discover_packages(ignore) using defaults
[0.251s] Level 1:colcon.colcon_core.package_discovery:discover_packages(path) discover
[0.251s] Level 1:colcon.colcon_core.package_discovery:discover_packages(path) using defaults
[0.263s] Level 1:colcon.colcon_core.package_discovery:discover_packages(prefix_path) check parameters
[0.263s] Level 1:colcon.colcon_core.package_discovery:discover_packages(prefix_path) discover
[0.264s] WARNING:colcon.colcon_ros.prefix_path.ament:The path '/home/aurora/RM25/src/install/rm_robot_description' in the environment variable AMENT_PREFIX_PATH doesn't exist
[0.264s] WARNING:colcon.colcon_ros.prefix_path.catkin:The path '/home/aurora/RM25/src/install/rm_robot_description' in the environment variable CMAKE_PREFIX_PATH doesn't exist
[0.265s] DEBUG:colcon.colcon_installed_package_information.package_discovery:Found 10 installed packages in /home/aurora/pb_rm_simulation/install
[0.265s] DEBUG:colcon.colcon_installed_package_information.package_discovery:Found 3 installed packages in /home/aurora/RM25/install
[0.266s] DEBUG:colcon.colcon_installed_package_information.package_discovery:Found 0 installed packages in /home/aurora/RM25/src/install
[0.266s] DEBUG:colcon.colcon_installed_package_information.package_discovery:Found 0 installed packages in /home/aurora/RM25/src/rm_robot_description/launch/install
[0.266s] DEBUG:colcon.colcon_installed_package_information.package_discovery:Found 3 installed packages in /home/aurora/ws_helloworld/install
[0.266s] DEBUG:colcon.colcon_installed_package_information.package_discovery:Found 194 installed packages in /opt/ros/humble
[0.267s] Level 1:colcon.colcon_core.package_discovery:discover_packages(prefix_path) using defaults
[0.286s] Level 5:colcon.colcon_core.verb:set package 'fast_lio' build argument 'cmake_args' from command line to '['-DROS_EDITION=ROS2', '-DHUMBLE_ROS=humble']'
[0.286s] Level 5:colcon.colcon_core.verb:set package 'fast_lio' build argument 'cmake_target' from command line to 'None'
[0.286s] Level 5:colcon.colcon_core.verb:set package 'fast_lio' build argument 'cmake_target_skip_unavailable' from command line to 'False'
[0.286s] Level 5:colcon.colcon_core.verb:set package 'fast_lio' build argument 'cmake_clean_cache' from command line to 'False'
[0.286s] Level 5:colcon.colcon_core.verb:set package 'fast_lio' build argument 'cmake_clean_first' from command line to 'False'
[0.286s] Level 5:colcon.colcon_core.verb:set package 'fast_lio' build argument 'cmake_force_configure' from command line to 'False'
[0.287s] Level 5:colcon.colcon_core.verb:set package 'fast_lio' build argument 'ament_cmake_args' from command line to 'None'
[0.287s] Level 5:colcon.colcon_core.verb:set package 'fast_lio' build argument 'catkin_cmake_args' from command line to 'None'
[0.287s] Level 5:colcon.colcon_core.verb:set package 'fast_lio' build argument 'catkin_skip_building_tests' from command line to 'False'
[0.287s] DEBUG:colcon.colcon_core.verb:Building package 'fast_lio' with the following arguments: {'ament_cmake_args': None, 'build_base': '/home/aurora/RM25/src/build/fast_lio', 'catkin_cmake_args': None, 'catkin_skip_building_tests': False, 'cmake_args': ['-DROS_EDITION=ROS2', '-DHUMBLE_ROS=humble'], 'cmake_clean_cache': False, 'cmake_clean_first': False, 'cmake_force_configure': False, 'cmake_target': None, 'cmake_target_skip_unavailable': False, 'install_base': '/home/aurora/RM25/src/install/fast_lio', 'merge_install': False, 'path': '/home/aurora/RM25/src/rm_localization/FAST_LIO', 'symlink_install': False, 'test_result_base': None}
[0.287s] Level 5:colcon.colcon_core.verb:set package 'livox_ros_driver2' build argument 'cmake_args' from command line to '['-DROS_EDITION=ROS2', '-DHUMBLE_ROS=humble']'
[0.287s] Level 5:colcon.colcon_core.verb:set package 'livox_ros_driver2' build argument 'cmake_target' from command line to 'None'
[0.287s] Level 5:colcon.colcon_core.verb:set package 'livox_ros_driver2' build argument 'cmake_target_skip_unavailable' from command line to 'False'
[0.287s] Level 5:colcon.colcon_core.verb:set package 'livox_ros_driver2' build argument 'cmake_clean_cache' from command line to 'False'
[0.287s] Level 5:colcon.colcon_core.verb:set package 'livox_ros_driver2' build argument 'cmake_clean_first' from command line to 'False'
[0.287s] Level 5:colcon.colcon_core.verb:set package 'livox_ros_driver2' build argument 'cmake_force_configure' from command line to 'False'
[0.287s] Level 5:colcon.colcon_core.verb:set package 'livox_ros_driver2' build argument 'ament_cmake_args' from command line to 'None'
[0.287s] Level 5:colcon.colcon_core.verb:set package 'livox_ros_driver2' build argument 'catkin_cmake_args' from command line to 'None'
[0.287s] Level 5:colcon.colcon_core.verb:set package 'livox_ros_driver2' build argument 'catkin_skip_building_tests' from command line to 'False'
[0.287s] DEBUG:colcon.colcon_core.verb:Building package 'livox_ros_driver2' with the following arguments: {'ament_cmake_args': None, 'build_base': '/home/aurora/RM25/src/build/livox_ros_driver2', 'catkin_cmake_args': None, 'catkin_skip_building_tests': False, 'cmake_args': ['-DROS_EDITION=ROS2', '-DHUMBLE_ROS=humble'], 'cmake_clean_cache': False, 'cmake_clean_first': False, 'cmake_force_configure': False, 'cmake_target': None, 'cmake_target_skip_unavailable': False, 'install_base': '/home/aurora/RM25/src/install/livox_ros_driver2', 'merge_install': False, 'path': '/home/aurora/RM25/src/rm_driver/livox_ros_driver2', 'symlink_install': False, 'test_result_base': None}
[0.287s] Level 5:colcon.colcon_core.verb:set package 'livox_sdk2' build argument 'cmake_args' from command line to '['-DROS_EDITION=ROS2', '-DHUMBLE_ROS=humble']'
[0.287s] Level 5:colcon.colcon_core.verb:set package 'livox_sdk2' build argument 'cmake_target' from command line to 'None'
[0.287s] Level 5:colcon.colcon_core.verb:set package 'livox_sdk2' build argument 'cmake_target_skip_unavailable' from command line to 'False'
[0.287s] Level 5:colcon.colcon_core.verb:set package 'livox_sdk2' build argument 'cmake_clean_cache' from command line to 'False'
[0.287s] Level 5:colcon.colcon_core.verb:set package 'livox_sdk2' build argument 'cmake_clean_first' from command line to 'False'
[0.287s] Level 5:colcon.colcon_core.verb:set package 'livox_sdk2' build argument 'cmake_force_configure' from command line to 'False'
[0.287s] Level 5:colcon.colcon_core.verb:set package 'livox_sdk2' build argument 'ament_cmake_args' from command line to 'None'
[0.287s] Level 5:colcon.colcon_core.verb:set package 'livox_sdk2' build argument 'catkin_cmake_args' from command line to 'None'
[0.287s] Level 5:colcon.colcon_core.verb:set package 'livox_sdk2' build argument 'catkin_skip_building_tests' from command line to 'False'
[0.287s] DEBUG:colcon.colcon_core.verb:Building package 'livox_sdk2' with the following arguments: {'ament_cmake_args': None, 'build_base': '/home/aurora/RM25/src/build/livox_sdk2', 'catkin_cmake_args': None, 'catkin_skip_building_tests': False, 'cmake_args': ['-DROS_EDITION=ROS2', '-DHUMBLE_ROS=humble'], 'cmake_clean_cache': False, 'cmake_clean_first': False, 'cmake_force_configure': False, 'cmake_target': None, 'cmake_target_skip_unavailable': False, 'install_base': '/home/aurora/RM25/src/install/livox_sdk2', 'merge_install': False, 'path': '/home/aurora/RM25/src/rm_driver/Livox-SDK2', 'symlink_install': False, 'test_result_base': None}
[0.287s] Level 5:colcon.colcon_core.verb:set package 'rm_robot_description' build argument 'cmake_args' from command line to '['-DROS_EDITION=ROS2', '-DHUMBLE_ROS=humble']'
[0.287s] Level 5:colcon.colcon_core.verb:set package 'rm_robot_description' build argument 'cmake_target' from command line to 'None'
[0.287s] Level 5:colcon.colcon_core.verb:set package 'rm_robot_description' build argument 'cmake_target_skip_unavailable' from command line to 'False'
[0.287s] Level 5:colcon.colcon_core.verb:set package 'rm_robot_description' build argument 'cmake_clean_cache' from command line to 'False'
[0.287s] Level 5:colcon.colcon_core.verb:set package 'rm_robot_description' build argument 'cmake_clean_first' from command line to 'False'
[0.287s] Level 5:colcon.colcon_core.verb:set package 'rm_robot_description' build argument 'cmake_force_configure' from command line to 'False'
[0.287s] Level 5:colcon.colcon_core.verb:set package 'rm_robot_description' build argument 'ament_cmake_args' from command line to 'None'
[0.287s] Level 5:colcon.colcon_core.verb:set package 'rm_robot_description' build argument 'catkin_cmake_args' from command line to 'None'
[0.287s] Level 5:colcon.colcon_core.verb:set package 'rm_robot_description' build argument 'catkin_skip_building_tests' from command line to 'False'
[0.287s] DEBUG:colcon.colcon_core.verb:Building package 'rm_robot_description' with the following arguments: {'ament_cmake_args': None, 'build_base': '/home/aurora/RM25/src/build/rm_robot_description', 'catkin_cmake_args': None, 'catkin_skip_building_tests': False, 'cmake_args': ['-DROS_EDITION=ROS2', '-DHUMBLE_ROS=humble'], 'cmake_clean_cache': False, 'cmake_clean_first': False, 'cmake_force_configure': False, 'cmake_target': None, 'cmake_target_skip_unavailable': False, 'install_base': '/home/aurora/RM25/src/install/rm_robot_description', 'merge_install': False, 'path': '/home/aurora/RM25/src/rm_robot_description', 'symlink_install': False, 'test_result_base': None}
[0.288s] Level 5:colcon.colcon_core.verb:set package 'rm_simulation' build argument 'cmake_args' from command line to '['-DROS_EDITION=ROS2', '-DHUMBLE_ROS=humble']'
[0.288s] Level 5:colcon.colcon_core.verb:set package 'rm_simulation' build argument 'cmake_target' from command line to 'None'
[0.288s] Level 5:colcon.colcon_core.verb:set package 'rm_simulation' build argument 'cmake_target_skip_unavailable' from command line to 'False'
[0.288s] Level 5:colcon.colcon_core.verb:set package 'rm_simulation' build argument 'cmake_clean_cache' from command line to 'False'
[0.288s] Level 5:colcon.colcon_core.verb:set package 'rm_simulation' build argument 'cmake_clean_first' from command line to 'False'
[0.288s] Level 5:colcon.colcon_core.verb:set package 'rm_simulation' build argument 'cmake_force_configure' from command line to 'False'
[0.288s] Level 5:colcon.colcon_core.verb:set package 'rm_simulation' build argument 'ament_cmake_args' from command line to 'None'
[0.288s] Level 5:colcon.colcon_core.verb:set package 'rm_simulation' build argument 'catkin_cmake_args' from command line to 'None'
[0.288s] Level 5:colcon.colcon_core.verb:set package 'rm_simulation' build argument 'catkin_skip_building_tests' from command line to 'False'
[0.288s] DEBUG:colcon.colcon_core.verb:Building package 'rm_simulation' with the following arguments: {'ament_cmake_args': None, 'build_base': '/home/aurora/RM25/src/build/rm_simulation', 'catkin_cmake_args': None, 'catkin_skip_building_tests': False, 'cmake_args': ['-DROS_EDITION=ROS2', '-DHUMBLE_ROS=humble'], 'cmake_clean_cache': False, 'cmake_clean_first': False, 'cmake_force_configure': False, 'cmake_target': None, 'cmake_target_skip_unavailable': False, 'install_base': '/home/aurora/RM25/src/install/rm_simulation', 'merge_install': False, 'path': '/home/aurora/RM25/src/rm_simulation', 'symlink_install': False, 'test_result_base': None}
[0.288s] INFO:colcon.colcon_core.executor:Executing jobs using 'parallel' executor
[0.289s] DEBUG:colcon.colcon_parallel_executor.executor.parallel:run_until_complete
[0.289s] INFO:colcon.colcon_ros.task.ament_cmake.build:Building ROS package in '/home/aurora/RM25/src/rm_driver/livox_ros_driver2' with build type 'ament_cmake'
[0.289s] INFO:colcon.colcon_cmake.task.cmake.build:Building CMake package in '/home/aurora/RM25/src/rm_driver/livox_ros_driver2'
[0.290s] INFO:colcon.colcon_core.plugin_system:Skipping extension 'colcon_core.shell.bat': Not used on non-Windows systems
[0.291s] INFO:colcon.colcon_core.shell:Skip shell extension 'powershell' for command environment: Not usable outside of PowerShell
[0.291s] DEBUG:colcon.colcon_core.shell:Skip shell extension 'dsv' for command environment
[0.293s] INFO:colcon.colcon_ros.task.catkin.build:Building ROS package in '/home/aurora/RM25/src/rm_localization/FAST_LIO' with build type 'catkin'
[0.293s] INFO:colcon.colcon_cmake.task.cmake.build:Building CMake package in '/home/aurora/RM25/src/rm_localization/FAST_LIO'
[0.293s] INFO:colcon.colcon_core.shell:Skip shell extension 'powershell' for command environment: Not usable outside of PowerShell
[0.293s] DEBUG:colcon.colcon_core.shell:Skip shell extension 'dsv' for command environment
[0.296s] INFO:colcon.colcon_cmake.task.cmake.build:Building CMake package in '/home/aurora/RM25/src/rm_driver/Livox-SDK2'
[0.296s] INFO:colcon.colcon_core.shell:Skip shell extension 'powershell' for command environment: Not usable outside of PowerShell
[0.296s] DEBUG:colcon.colcon_core.shell:Skip shell extension 'dsv' for command environment
[0.299s] INFO:colcon.colcon_ros.task.ament_cmake.build:Building ROS package in '/home/aurora/RM25/src/rm_robot_description' with build type 'ament_cmake'
[0.299s] INFO:colcon.colcon_cmake.task.cmake.build:Building CMake package in '/home/aurora/RM25/src/rm_robot_description'
[0.299s] INFO:colcon.colcon_core.shell:Skip shell extension 'powershell' for command environment: Not usable outside of PowerShell
[0.300s] DEBUG:colcon.colcon_core.shell:Skip shell extension 'dsv' for command environment
[0.305s] DEBUG:colcon.colcon_core.event_handler.log_command:Invoking command in '/home/aurora/RM25/src/build/livox_ros_driver2': CMAKE_PREFIX_PATH=${CMAKE_PREFIX_PATH}:/home/aurora/ws_helloworld/install/pkg02_helloworld_py:/opt/ros/humble /usr/bin/cmake /home/aurora/RM25/src/rm_driver/livox_ros_driver2 -DROS_EDITION=ROS2 -DHUMBLE_ROS=humble -DCMAKE_INSTALL_PREFIX=/home/aurora/RM25/src/install/livox_ros_driver2
[0.309s] DEBUG:colcon.colcon_core.event_handler.log_command:Invoking command in '/home/aurora/RM25/src/build/fast_lio': /usr/bin/cmake /home/aurora/RM25/src/rm_localization/FAST_LIO -DROS_EDITION=ROS2 -DHUMBLE_ROS=humble -DCATKIN_INSTALL_INTO_PREFIX_ROOT=0 -DCMAKE_INSTALL_PREFIX=/home/aurora/RM25/src/install/fast_lio
[0.311s] DEBUG:colcon.colcon_core.event_handler.log_command:Invoking command in '/home/aurora/RM25/src/build/livox_sdk2': /usr/bin/cmake /home/aurora/RM25/src/rm_driver/Livox-SDK2 -DROS_EDITION=ROS2 -DHUMBLE_ROS=humble -DCMAKE_INSTALL_PREFIX=/home/aurora/RM25/src/install/livox_sdk2
[0.315s] DEBUG:colcon.colcon_core.event_handler.log_command:Invoking command in '/home/aurora/RM25/src/build/rm_robot_description': CMAKE_PREFIX_PATH=${CMAKE_PREFIX_PATH}:/home/aurora/ws_helloworld/install/pkg02_helloworld_py:/opt/ros/humble /usr/bin/cmake /home/aurora/RM25/src/rm_robot_description -DROS_EDITION=ROS2 -DHUMBLE_ROS=humble -DCMAKE_INSTALL_PREFIX=/home/aurora/RM25/src/install/rm_robot_description
[2.347s] DEBUG:colcon.colcon_core.event_handler.log_command:Invoked command in '/home/aurora/RM25/src/build/livox_sdk2' returned '0': /usr/bin/cmake /home/aurora/RM25/src/rm_driver/Livox-SDK2 -DROS_EDITION=ROS2 -DHUMBLE_ROS=humble -DCMAKE_INSTALL_PREFIX=/home/aurora/RM25/src/install/livox_sdk2
[2.348s] DEBUG:colcon.colcon_core.event_handler.log_command:Invoking command in '/home/aurora/RM25/src/build/livox_sdk2': /usr/bin/cmake --build /home/aurora/RM25/src/build/livox_sdk2 -- -j20 -l20
[5.475s] DEBUG:colcon.colcon_core.event_handler.log_command:Invoked command in '/home/aurora/RM25/src/build/rm_robot_description' returned '0': CMAKE_PREFIX_PATH=${CMAKE_PREFIX_PATH}:/home/aurora/ws_helloworld/install/pkg02_helloworld_py:/opt/ros/humble /usr/bin/cmake /home/aurora/RM25/src/rm_robot_description -DROS_EDITION=ROS2 -DHUMBLE_ROS=humble -DCMAKE_INSTALL_PREFIX=/home/aurora/RM25/src/install/rm_robot_description
[5.475s] DEBUG:colcon.colcon_core.event_handler.log_command:Invoking command in '/home/aurora/RM25/src/build/rm_robot_description': CMAKE_PREFIX_PATH=${CMAKE_PREFIX_PATH}:/home/aurora/ws_helloworld/install/pkg02_helloworld_py:/opt/ros/humble /usr/bin/cmake --build /home/aurora/RM25/src/build/rm_robot_description -- -j20 -l20
[5.597s] DEBUG:colcon.colcon_core.event_handler.log_command:Invoked command in '/home/aurora/RM25/src/build/rm_robot_description' returned '0': CMAKE_PREFIX_PATH=${CMAKE_PREFIX_PATH}:/home/aurora/ws_helloworld/install/pkg02_helloworld_py:/opt/ros/humble /usr/bin/cmake --build /home/aurora/RM25/src/build/rm_robot_description -- -j20 -l20
[5.753s] DEBUG:colcon.colcon_core.event_handler.log_command:Invoking command in '/home/aurora/RM25/src/build/rm_robot_description': CMAKE_PREFIX_PATH=${CMAKE_PREFIX_PATH}:/home/aurora/ws_helloworld/install/pkg02_helloworld_py:/opt/ros/humble /usr/bin/cmake --install /home/aurora/RM25/src/build/rm_robot_description
[5.972s] Level 1:colcon.colcon_core.environment:create_environment_scripts_only(rm_robot_description)
[5.977s] Level 1:colcon.colcon_core.environment:checking '/home/aurora/RM25/src/install/rm_robot_description' for CMake module files
[5.978s] Level 1:colcon.colcon_core.environment:checking '/home/aurora/RM25/src/install/rm_robot_description' for CMake config files
[5.978s] Level 1:colcon.colcon_core.shell:create_environment_hook('rm_robot_description', 'cmake_prefix_path')
[5.979s] INFO:colcon.colcon_core.shell:Creating environment hook '/home/aurora/RM25/src/install/rm_robot_description/share/rm_robot_description/hook/cmake_prefix_path.ps1'
[5.980s] INFO:colcon.colcon_core.shell:Creating environment descriptor '/home/aurora/RM25/src/install/rm_robot_description/share/rm_robot_description/hook/cmake_prefix_path.dsv'
[5.980s] INFO:colcon.colcon_core.shell:Creating environment hook '/home/aurora/RM25/src/install/rm_robot_description/share/rm_robot_description/hook/cmake_prefix_path.sh'
[5.982s] Level 1:colcon.colcon_core.environment:checking '/home/aurora/RM25/src/install/rm_robot_description/bin'
[5.982s] Level 1:colcon.colcon_core.environment:checking '/home/aurora/RM25/src/install/rm_robot_description/lib/pkgconfig/rm_robot_description.pc'
[5.982s] Level 1:colcon.colcon_core.environment:checking '/home/aurora/RM25/src/install/rm_robot_description/lib/python3.10/site-packages'
[5.982s] Level 1:colcon.colcon_core.environment:checking '/home/aurora/RM25/src/install/rm_robot_description/bin'
[5.983s] INFO:colcon.colcon_core.shell:Creating package script '/home/aurora/RM25/src/install/rm_robot_description/share/rm_robot_description/package.ps1'
[5.984s] INFO:colcon.colcon_core.shell:Creating package descriptor '/home/aurora/RM25/src/install/rm_robot_description/share/rm_robot_description/package.dsv'
[5.988s] DEBUG:colcon.colcon_core.event_handler.log_command:Invoked command in '/home/aurora/RM25/src/build/rm_robot_description' returned '0': CMAKE_PREFIX_PATH=${CMAKE_PREFIX_PATH}:/home/aurora/ws_helloworld/install/pkg02_helloworld_py:/opt/ros/humble /usr/bin/cmake --install /home/aurora/RM25/src/build/rm_robot_description
[5.989s] INFO:colcon.colcon_core.shell:Creating package script '/home/aurora/RM25/src/install/rm_robot_description/share/rm_robot_description/package.sh'
[5.991s] INFO:colcon.colcon_core.shell:Creating package script '/home/aurora/RM25/src/install/rm_robot_description/share/rm_robot_description/package.bash'
[5.992s] INFO:colcon.colcon_core.shell:Creating package script '/home/aurora/RM25/src/install/rm_robot_description/share/rm_robot_description/package.zsh'
[5.993s] Level 1:colcon.colcon_core.environment:create_file_with_runtime_dependencies(/home/aurora/RM25/src/install/rm_robot_description/share/colcon-core/packages/rm_robot_description)
[6.240s] Level 1:colcon.colcon_core.environment:create_environment_scripts_only(rm_robot_description)
[6.241s] Level 1:colcon.colcon_core.environment:checking '/home/aurora/RM25/src/install/rm_robot_description' for CMake module files
[6.241s] Level 1:colcon.colcon_core.environment:checking '/home/aurora/RM25/src/install/rm_robot_description' for CMake config files
[6.241s] Level 1:colcon.colcon_core.shell:create_environment_hook('rm_robot_description', 'cmake_prefix_path')
[6.242s] INFO:colcon.colcon_core.shell:Creating environment hook '/home/aurora/RM25/src/install/rm_robot_description/share/rm_robot_description/hook/cmake_prefix_path.ps1'
[6.242s] INFO:colcon.colcon_core.shell:Creating environment descriptor '/home/aurora/RM25/src/install/rm_robot_description/share/rm_robot_description/hook/cmake_prefix_path.dsv'
[6.243s] INFO:colcon.colcon_core.shell:Creating environment hook '/home/aurora/RM25/src/install/rm_robot_description/share/rm_robot_description/hook/cmake_prefix_path.sh'
[6.244s] Level 1:colcon.colcon_core.environment:checking '/home/aurora/RM25/src/install/rm_robot_description/bin'
[6.244s] Level 1:colcon.colcon_core.environment:checking '/home/aurora/RM25/src/install/rm_robot_description/lib/pkgconfig/rm_robot_description.pc'
[6.244s] Level 1:colcon.colcon_core.environment:checking '/home/aurora/RM25/src/install/rm_robot_description/lib/python3.10/site-packages'
[6.244s] Level 1:colcon.colcon_core.environment:checking '/home/aurora/RM25/src/install/rm_robot_description/bin'
[6.246s] INFO:colcon.colcon_core.shell:Creating package script '/home/aurora/RM25/src/install/rm_robot_description/share/rm_robot_description/package.ps1'
[6.246s] INFO:colcon.colcon_core.shell:Creating package descriptor '/home/aurora/RM25/src/install/rm_robot_description/share/rm_robot_description/package.dsv'
[6.247s] INFO:colcon.colcon_core.shell:Creating package script '/home/aurora/RM25/src/install/rm_robot_description/share/rm_robot_description/package.sh'
[6.248s] INFO:colcon.colcon_core.shell:Creating package script '/home/aurora/RM25/src/install/rm_robot_description/share/rm_robot_description/package.bash'
[6.248s] INFO:colcon.colcon_core.shell:Creating package script '/home/aurora/RM25/src/install/rm_robot_description/share/rm_robot_description/package.zsh'
[6.249s] Level 1:colcon.colcon_core.environment:create_file_with_runtime_dependencies(/home/aurora/RM25/src/install/rm_robot_description/share/colcon-core/packages/rm_robot_description)
[7.046s] DEBUG:colcon.colcon_core.event_handler.log_command:Invoked command in '/home/aurora/RM25/src/build/fast_lio' returned '1': /usr/bin/cmake /home/aurora/RM25/src/rm_localization/FAST_LIO -DROS_EDITION=ROS2 -DHUMBLE_ROS=humble -DCATKIN_INSTALL_INTO_PREFIX_ROOT=0 -DCMAKE_INSTALL_PREFIX=/home/aurora/RM25/src/install/fast_lio
[7.064s] Level 1:colcon.colcon_core.environment:create_environment_scripts_only(fast_lio)
[7.064s] Level 1:colcon.colcon_core.environment:checking '/home/aurora/RM25/src/install/fast_lio' for CMake module files
[7.065s] Level 1:colcon.colcon_core.environment:checking '/home/aurora/RM25/src/install/fast_lio' for CMake config files
[7.065s] Level 1:colcon.colcon_core.environment:checking '/home/aurora/RM25/src/install/fast_lio/bin'
[7.065s] Level 1:colcon.colcon_core.environment:checking '/home/aurora/RM25/src/install/fast_lio/lib/pkgconfig/fast_lio.pc'
[7.065s] Level 1:colcon.colcon_core.environment:checking '/home/aurora/RM25/src/install/fast_lio/lib/python3.10/site-packages'
[7.066s] Level 1:colcon.colcon_core.environment:checking '/home/aurora/RM25/src/install/fast_lio/bin'
[7.066s] INFO:colcon.colcon_core.shell:Creating package script '/home/aurora/RM25/src/install/fast_lio/share/fast_lio/package.ps1'
[7.067s] INFO:colcon.colcon_core.shell:Creating package descriptor '/home/aurora/RM25/src/install/fast_lio/share/fast_lio/package.dsv'
[7.067s] INFO:colcon.colcon_core.shell:Creating package script '/home/aurora/RM25/src/install/fast_lio/share/fast_lio/package.sh'
[7.068s] INFO:colcon.colcon_core.shell:Creating package script '/home/aurora/RM25/src/install/fast_lio/share/fast_lio/package.bash'
[7.068s] INFO:colcon.colcon_core.shell:Creating package script '/home/aurora/RM25/src/install/fast_lio/share/fast_lio/package.zsh'
[7.069s] Level 1:colcon.colcon_core.environment:create_file_with_runtime_dependencies(/home/aurora/RM25/src/install/fast_lio/share/colcon-core/packages/fast_lio)
[47.055s] DEBUG:colcon.colcon_parallel_executor.executor.parallel:closing loop
[47.056s] DEBUG:colcon.colcon_parallel_executor.executor.parallel:loop closed
[47.056s] DEBUG:colcon.colcon_parallel_executor.executor.parallel:run_until_complete finished with '1'
[47.056s] DEBUG:colcon.colcon_core.event_reactor:joining thread
[47.096s] INFO:colcon.colcon_core.plugin_system:Skipping extension 'colcon_notification.desktop_notification.notify_send': Could not find 'notify-send'
[47.096s] INFO:colcon.colcon_core.plugin_system:Skipping extension 'colcon_notification.desktop_notification.terminal_notifier': Not used on non-Darwin systems
[47.096s] INFO:colcon.colcon_core.plugin_system:Skipping extension 'colcon_notification.desktop_notification.win32': Not used on non-Windows systems
[47.096s] INFO:colcon.colcon_notification.desktop_notification:Sending desktop notification using 'notify2'
[47.097s] DEBUG:colcon.colcon_notification.desktop_notification.notify2:Failed to initialize notify2: org.freedesktop.DBus.Error.ServiceUnknown: The name org.freedesktop.Notifications was not provided by any .service files
[47.097s] DEBUG:colcon.colcon_core.event_reactor:joined thread
[47.098s] INFO:colcon.colcon_core.shell:Creating prefix script '/home/aurora/RM25/src/install/local_setup.ps1'
[47.098s] INFO:colcon.colcon_core.shell:Creating prefix util module '/home/aurora/RM25/src/install/_local_setup_util_ps1.py'
[47.099s] INFO:colcon.colcon_core.shell:Creating prefix chain script '/home/aurora/RM25/src/install/setup.ps1'
[47.100s] INFO:colcon.colcon_core.shell:Creating prefix script '/home/aurora/RM25/src/install/local_setup.sh'
[47.100s] INFO:colcon.colcon_core.shell:Creating prefix util module '/home/aurora/RM25/src/install/_local_setup_util_sh.py'
[47.101s] INFO:colcon.colcon_core.shell:Creating prefix chain script '/home/aurora/RM25/src/install/setup.sh'
[47.101s] INFO:colcon.colcon_core.shell:Creating prefix script '/home/aurora/RM25/src/install/local_setup.bash'
[47.102s] INFO:colcon.colcon_core.shell:Creating prefix chain script '/home/aurora/RM25/src/install/setup.bash'
[47.102s] INFO:colcon.colcon_core.shell:Creating prefix script '/home/aurora/RM25/src/install/local_setup.zsh'
[47.103s] INFO:colcon.colcon_core.shell:Creating prefix chain script '/home/aurora/RM25/src/install/setup.zsh'
