-- Eigen found (include: /usr/include/eigen3, version: 3.4.0)
-- FLANN found (include: /usr/include, lib: /usr/lib/x86_64-linux-gnu/libflann_cpp.so)
-- OpenNI found (version: 1.5.4.0, include: /usr/include/ni, lib: /usr/lib/libOpenNI.so;libusb::libusb)
-- OpenNI2 found (version: 2.2.0.33, include: /usr/include/openni2, lib: /usr/lib/x86_64-linux-gnu/libOpenNI2.so;libusb::libusb)
[0m** WARNING ** io features related to pcap will be disabled[0m
-- Eigen found (include: /usr/include/eigen3, version: 3.4.0)
-- OpenNI found (version: 1.5.4.0, include: /usr/include/ni, lib: /usr/lib/libOpenNI.so;libusb::libusb)
-- OpenNI2 found (version: 2.2.0.33, include: /usr/include/openni2, lib: /usr/lib/x86_64-linux-gnu/libOpenNI2.so;libusb::libusb)
-- Found Qhull version 8.0.2
-- OpenNI found (version: 1.5.4.0, include: /usr/include/ni, lib: /usr/lib/libOpenNI.so;libusb::libusb)
-- looking for PCL_COMMON
-- looking for PCL_KDTREE
-- looking for PCL_OCTREE
-- looking for PCL_SEARCH
-- looking for PCL_SAMPLE_CONSENSUS
-- looking for PCL_FILTERS
-- looking for PCL_2D
-- looking for PCL_GEOMETRY
-- looking for PCL_IO
-- looking for PCL_FEATURES
-- looking for PCL_ML
-- looking for PCL_SEGMENTATION
-- looking for PCL_VISUALIZATION
-- looking for PCL_SURFACE
-- looking for PCL_REGISTRATION
-- looking for PCL_KEYPOINTS
-- looking for PCL_TRACKING
-- looking for PCL_RECOGNITION
-- looking for PCL_STEREO
-- looking for PCL_APPS
-- looking for PCL_IN_HAND_SCANNER
-- looking for PCL_MODELER
-- looking for PCL_POINT_CLOUD_EDITOR
-- looking for PCL_OUTOFCORE
-- looking for PCL_PEOPLE
-- Found ament_cmake_auto: 1.3.11 (/opt/ros/humble/share/ament_cmake_auto/cmake)
-- Override CMake install command with custom implementation using symlinks instead of copying resources
-- Found rosidl_generator_c: 3.1.6 (/opt/ros/humble/share/rosidl_generator_c/cmake)
-- Found rosidl_adapter: 3.1.6 (/opt/ros/humble/share/rosidl_adapter/cmake)
-- Found rosidl_generator_cpp: 3.1.6 (/opt/ros/humble/share/rosidl_generator_cpp/cmake)
-- Using all available rosidl_typesupport_c: rosidl_typesupport_fastrtps_c;rosidl_typesupport_introspection_c
-- Using all available rosidl_typesupport_cpp: rosidl_typesupport_fastrtps_cpp;rosidl_typesupport_introspection_cpp
-- Found ament_lint_auto: 0.12.11 (/opt/ros/humble/share/ament_lint_auto/cmake)
-- Configuring done
-- Generating done
-- Build files have been written to: /home/aurora/RM25/build/rm_robot_description
-- Install configuration: ""
-- Execute custom install script
-- Up-to-date symlink: /home/aurora/RM25/install/rm_robot_description/share/rm_robot_description/urdf/four_omniwheel_robot.urdf
-- Up-to-date symlink: /home/aurora/RM25/install/rm_robot_description/share/rm_robot_description/urdf/mid360.xacro
-- Up-to-date symlink: /home/aurora/RM25/install/rm_robot_description/share/rm_robot_description/urdf/robot.urdf
-- Up-to-date symlink: /home/aurora/RM25/install/rm_robot_description/share/rm_robot_description/urdf/robot.urdf.xacro
-- Up-to-date symlink: /home/aurora/RM25/install/rm_robot_description/share/rm_robot_description/urdf/sim_robot.urdf
-- Up-to-date symlink: /home/aurora/RM25/install/rm_robot_description/share/rm_robot_description/urdf/simulation.urdf
-- Up-to-date symlink: /home/aurora/RM25/install/rm_robot_description/share/rm_robot_description/urdf/simulation_waking_robot.urdf
-- Up-to-date symlink: /home/aurora/RM25/install/rm_robot_description/share/rm_robot_description/urdf/simulation_waking_robot.xacro
-- Up-to-date symlink: /home/aurora/RM25/install/rm_robot_description/share/rm_robot_description/world/25UL/RMUL25.world
-- Up-to-date symlink: /home/aurora/RM25/install/rm_robot_description/share/rm_robot_description/world/25UL/model.config
-- Up-to-date symlink: /home/aurora/RM25/install/rm_robot_description/share/rm_robot_description/world/25UL/model.sdf
-- Up-to-date symlink: /home/aurora/RM25/install/rm_robot_description/share/rm_robot_description/world/RMUC24_world.world
-- Up-to-date symlink: /home/aurora/RM25/install/rm_robot_description/share/rm_robot_description/world/RMUL25.world
-- Up-to-date symlink: /home/aurora/RM25/install/rm_robot_description/share/rm_robot_description/world/my_world.world
-- Up-to-date symlink: /home/aurora/RM25/install/rm_robot_description/share/rm_robot_description/world/rmul/RMUL25.world
-- Up-to-date symlink: /home/aurora/RM25/install/rm_robot_description/share/rm_robot_description/world/rmul/model.config
-- Up-to-date symlink: /home/aurora/RM25/install/rm_robot_description/share/rm_robot_description/world/rmul/model.sdf
-- Up-to-date symlink: /home/aurora/RM25/install/rm_robot_description/share/rm_robot_description/rviz/fastlio.rviz
-- Up-to-date symlink: /home/aurora/RM25/install/rm_robot_description/share/rm_robot_description/rviz/rviz.launch.py
-- Up-to-date symlink: /home/aurora/RM25/install/rm_robot_description/share/rm_robot_description/rviz/rviz2.rviz
-- Up-to-date symlink: /home/aurora/RM25/install/rm_robot_description/share/rm_robot_description/rviz/urdf_config.rviz
[33mCMake Warning (dev) at ament_cmake_symlink_install/ament_cmake_symlink_install.cmake:62 (file):
  Policy CMP0009 is not set: FILE GLOB_RECURSE calls should not follow
  symlinks by default.  Run "cmake --help-policy CMP0009" for policy details.
  Use the cmake_policy command to set the policy and suppress this warning.
Call Stack (most recent call first):
  ament_cmake_symlink_install/ament_cmake_symlink_install.cmake:314 (ament_cmake_symlink_install_directory)
  cmake_install.cmake:46 (include)
This warning is for project developers.  Use -Wno-dev to suppress it.
[0m
-- Up-to-date symlink: /home/aurora/RM25/install/rm_robot_description/share/rm_robot_description/launch/build/.built_by
-- Up-to-date symlink: /home/aurora/RM25/install/rm_robot_description/share/rm_robot_description/launch/build/COLCON_IGNORE
-- Up-to-date symlink: /home/aurora/RM25/install/rm_robot_description/share/rm_robot_description/launch/gazebo_spawn.launch.py
-- Up-to-date symlink: /home/aurora/RM25/install/rm_robot_description/share/rm_robot_description/launch/install/.colcon_install_layout
-- Up-to-date symlink: /home/aurora/RM25/install/rm_robot_description/share/rm_robot_description/launch/install/COLCON_IGNORE
-- Up-to-date symlink: /home/aurora/RM25/install/rm_robot_description/share/rm_robot_description/launch/install/_local_setup_util_ps1.py
-- Up-to-date symlink: /home/aurora/RM25/install/rm_robot_description/share/rm_robot_description/launch/install/_local_setup_util_sh.py
-- Up-to-date symlink: /home/aurora/RM25/install/rm_robot_description/share/rm_robot_description/launch/install/local_setup.bash
-- Up-to-date symlink: /home/aurora/RM25/install/rm_robot_description/share/rm_robot_description/launch/install/local_setup.ps1
-- Up-to-date symlink: /home/aurora/RM25/install/rm_robot_description/share/rm_robot_description/launch/install/local_setup.sh
-- Up-to-date symlink: /home/aurora/RM25/install/rm_robot_description/share/rm_robot_description/launch/install/local_setup.zsh
-- Up-to-date symlink: /home/aurora/RM25/install/rm_robot_description/share/rm_robot_description/launch/install/setup.bash
-- Up-to-date symlink: /home/aurora/RM25/install/rm_robot_description/share/rm_robot_description/launch/install/setup.ps1
-- Up-to-date symlink: /home/aurora/RM25/install/rm_robot_description/share/rm_robot_description/launch/install/setup.sh
-- Up-to-date symlink: /home/aurora/RM25/install/rm_robot_description/share/rm_robot_description/launch/install/setup.zsh
-- Up-to-date symlink: /home/aurora/RM25/install/rm_robot_description/share/rm_robot_description/launch/joint_state_publisher.launch.py
-- Up-to-date symlink: /home/aurora/RM25/install/rm_robot_description/share/rm_robot_description/launch/log/COLCON_IGNORE
-- Up-to-date symlink: /home/aurora/RM25/install/rm_robot_description/share/rm_robot_description/launch/log/build_2024-11-12_20-59-25/events.log
-- Up-to-date symlink: /home/aurora/RM25/install/rm_robot_description/share/rm_robot_description/launch/log/build_2024-11-12_20-59-25/logger_all.log
-- Up-to-date symlink: /home/aurora/RM25/install/rm_robot_description/share/rm_robot_description/launch/log/build_2024-11-14_12-02-55/events.log
-- Up-to-date symlink: /home/aurora/RM25/install/rm_robot_description/share/rm_robot_description/launch/log/build_2024-11-14_12-02-55/logger_all.log
-- Up-to-date symlink: /home/aurora/RM25/install/rm_robot_description/share/rm_robot_description/launch/log/latest/events.log
-- Up-to-date symlink: /home/aurora/RM25/install/rm_robot_description/share/rm_robot_description/launch/log/latest/logger_all.log
-- Up-to-date symlink: /home/aurora/RM25/install/rm_robot_description/share/rm_robot_description/launch/log/latest_build/events.log
-- Up-to-date symlink: /home/aurora/RM25/install/rm_robot_description/share/rm_robot_description/launch/log/latest_build/logger_all.log
-- Up-to-date symlink: /home/aurora/RM25/install/rm_robot_description/share/rm_robot_description/launch/rm_simulation.launch.py
-- Up-to-date symlink: /home/aurora/RM25/install/rm_robot_description/share/rm_robot_description/launch/robot.launch.py
-- Up-to-date symlink: /home/aurora/RM25/install/rm_robot_description/share/rm_robot_description/launch/robot_state_publisher.launch.py
-- Up-to-date symlink: /home/aurora/RM25/install/rm_robot_description/share/rm_robot_description/launch/robotv2.launch.py
-- Up-to-date symlink: /home/aurora/RM25/install/rm_robot_description/share/rm_robot_description/launch/rviz.launch.py
-- Up-to-date symlink: /home/aurora/RM25/install/rm_robot_description/share/rm_robot_description/meshes/RMUC_2024.stl
-- Up-to-date symlink: /home/aurora/RM25/install/rm_robot_description/share/rm_robot_description/meshes/RMUL_2024.stl
-- Up-to-date symlink: /home/aurora/RM25/install/rm_robot_description/share/rm_robot_description/meshes/base_link.STL
-- Up-to-date symlink: /home/aurora/RM25/install/rm_robot_description/share/rm_robot_description/meshes/controller_link.STL
-- Up-to-date symlink: /home/aurora/RM25/install/rm_robot_description/share/rm_robot_description/meshes/display.launch
-- Up-to-date symlink: /home/aurora/RM25/install/rm_robot_description/share/rm_robot_description/meshes/display.launch.py
-- Up-to-date symlink: /home/aurora/RM25/install/rm_robot_description/share/rm_robot_description/meshes/gazebo.launch
-- Up-to-date symlink: /home/aurora/RM25/install/rm_robot_description/share/rm_robot_description/meshes/gazebo.launch.py
-- Up-to-date symlink: /home/aurora/RM25/install/rm_robot_description/share/rm_robot_description/meshes/mid360.stl
-- Up-to-date symlink: /home/aurora/RM25/install/rm_robot_description/share/rm_robot_description/meshes/mid360laser_link.STL
-- Up-to-date symlink: /home/aurora/RM25/install/rm_robot_description/share/rm_robot_description/meshes/obstacles/obstacle1/model.config
-- Up-to-date symlink: /home/aurora/RM25/install/rm_robot_description/share/rm_robot_description/meshes/obstacles/obstacle1/model.sdf
-- Up-to-date symlink: /home/aurora/RM25/install/rm_robot_description/share/rm_robot_description/meshes/obstacles/obstacle10/model.config
-- Up-to-date symlink: /home/aurora/RM25/install/rm_robot_description/share/rm_robot_description/meshes/obstacles/obstacle10/model.sdf
-- Up-to-date symlink: /home/aurora/RM25/install/rm_robot_description/share/rm_robot_description/meshes/obstacles/obstacle11/model.config
-- Up-to-date symlink: /home/aurora/RM25/install/rm_robot_description/share/rm_robot_description/meshes/obstacles/obstacle11/model.sdf
-- Up-to-date symlink: /home/aurora/RM25/install/rm_robot_description/share/rm_robot_description/meshes/obstacles/obstacle12/model.config
-- Up-to-date symlink: /home/aurora/RM25/install/rm_robot_description/share/rm_robot_description/meshes/obstacles/obstacle12/model.sdf
-- Up-to-date symlink: /home/aurora/RM25/install/rm_robot_description/share/rm_robot_description/meshes/obstacles/obstacle2/model.config
-- Up-to-date symlink: /home/aurora/RM25/install/rm_robot_description/share/rm_robot_description/meshes/obstacles/obstacle2/model.sdf
-- Up-to-date symlink: /home/aurora/RM25/install/rm_robot_description/share/rm_robot_description/meshes/obstacles/obstacle3/model.config
-- Up-to-date symlink: /home/aurora/RM25/install/rm_robot_description/share/rm_robot_description/meshes/obstacles/obstacle3/model.sdf
-- Up-to-date symlink: /home/aurora/RM25/install/rm_robot_description/share/rm_robot_description/meshes/obstacles/obstacle4/model.config
-- Up-to-date symlink: /home/aurora/RM25/install/rm_robot_description/share/rm_robot_description/meshes/obstacles/obstacle4/model.sdf
-- Up-to-date symlink: /home/aurora/RM25/install/rm_robot_description/share/rm_robot_description/meshes/obstacles/obstacle5/model.config
-- Up-to-date symlink: /home/aurora/RM25/install/rm_robot_description/share/rm_robot_description/meshes/obstacles/obstacle5/model.sdf
-- Up-to-date symlink: /home/aurora/RM25/install/rm_robot_description/share/rm_robot_description/meshes/obstacles/obstacle6/model.config
-- Up-to-date symlink: /home/aurora/RM25/install/rm_robot_description/share/rm_robot_description/meshes/obstacles/obstacle6/model.sdf
-- Up-to-date symlink: /home/aurora/RM25/install/rm_robot_description/share/rm_robot_description/meshes/obstacles/obstacle7/model.config
-- Up-to-date symlink: /home/aurora/RM25/install/rm_robot_description/share/rm_robot_description/meshes/obstacles/obstacle7/model.sdf
-- Up-to-date symlink: /home/aurora/RM25/install/rm_robot_description/share/rm_robot_description/meshes/obstacles/obstacle8/model.config
-- Up-to-date symlink: /home/aurora/RM25/install/rm_robot_description/share/rm_robot_description/meshes/obstacles/obstacle8/model.sdf
-- Up-to-date symlink: /home/aurora/RM25/install/rm_robot_description/share/rm_robot_description/meshes/obstacles/obstacle9/model.config
-- Up-to-date symlink: /home/aurora/RM25/install/rm_robot_description/share/rm_robot_description/meshes/obstacles/obstacle9/model.sdf
-- Up-to-date symlink: /home/aurora/RM25/install/rm_robot_description/share/rm_robot_description/meshes/obstacles/obstacle_plugin/CMakeLists.txt
-- Up-to-date symlink: /home/aurora/RM25/install/rm_robot_description/share/rm_robot_description/meshes/obstacles/obstacle_plugin/lib/libobstacle1.so
-- Up-to-date symlink: /home/aurora/RM25/install/rm_robot_description/share/rm_robot_description/meshes/obstacles/obstacle_plugin/lib/libobstacle10.so
-- Up-to-date symlink: /home/aurora/RM25/install/rm_robot_description/share/rm_robot_description/meshes/obstacles/obstacle_plugin/lib/libobstacle11.so
-- Up-to-date symlink: /home/aurora/RM25/install/rm_robot_description/share/rm_robot_description/meshes/obstacles/obstacle_plugin/lib/libobstacle12.so
-- Up-to-date symlink: /home/aurora/RM25/install/rm_robot_description/share/rm_robot_description/meshes/obstacles/obstacle_plugin/lib/libobstacle2.so
-- Up-to-date symlink: /home/aurora/RM25/install/rm_robot_description/share/rm_robot_description/meshes/obstacles/obstacle_plugin/lib/libobstacle3.so
-- Up-to-date symlink: /home/aurora/RM25/install/rm_robot_description/share/rm_robot_description/meshes/obstacles/obstacle_plugin/lib/libobstacle4.so
-- Up-to-date symlink: /home/aurora/RM25/install/rm_robot_description/share/rm_robot_description/meshes/obstacles/obstacle_plugin/lib/libobstacle5.so
-- Up-to-date symlink: /home/aurora/RM25/install/rm_robot_description/share/rm_robot_description/meshes/obstacles/obstacle_plugin/lib/libobstacle6.so
-- Up-to-date symlink: /home/aurora/RM25/install/rm_robot_description/share/rm_robot_description/meshes/obstacles/obstacle_plugin/lib/libobstacle7.so
-- Up-to-date symlink: /home/aurora/RM25/install/rm_robot_description/share/rm_robot_description/meshes/obstacles/obstacle_plugin/lib/libobstacle8.so
-- Up-to-date symlink: /home/aurora/RM25/install/rm_robot_description/share/rm_robot_description/meshes/obstacles/obstacle_plugin/lib/libobstacle9.so
-- Up-to-date symlink: /home/aurora/RM25/install/rm_robot_description/share/rm_robot_description/meshes/obstacles/obstacle_plugin/lib/libobstacles.so
-- Up-to-date symlink: /home/aurora/RM25/install/rm_robot_description/share/rm_robot_description/meshes/obstacles/obstacle_plugin/obstacle1.cc
-- Up-to-date symlink: /home/aurora/RM25/install/rm_robot_description/share/rm_robot_description/meshes/obstacles/obstacle_plugin/obstacle10.cc
-- Up-to-date symlink: /home/aurora/RM25/install/rm_robot_description/share/rm_robot_description/meshes/obstacles/obstacle_plugin/obstacle11.cc
-- Up-to-date symlink: /home/aurora/RM25/install/rm_robot_description/share/rm_robot_description/meshes/obstacles/obstacle_plugin/obstacle12.cc
-- Up-to-date symlink: /home/aurora/RM25/install/rm_robot_description/share/rm_robot_description/meshes/obstacles/obstacle_plugin/obstacle13.cc
-- Up-to-date symlink: /home/aurora/RM25/install/rm_robot_description/share/rm_robot_description/meshes/obstacles/obstacle_plugin/obstacle2.cc
-- Up-to-date symlink: /home/aurora/RM25/install/rm_robot_description/share/rm_robot_description/meshes/obstacles/obstacle_plugin/obstacle3.cc
-- Up-to-date symlink: /home/aurora/RM25/install/rm_robot_description/share/rm_robot_description/meshes/obstacles/obstacle_plugin/obstacle4.cc
-- Up-to-date symlink: /home/aurora/RM25/install/rm_robot_description/share/rm_robot_description/meshes/obstacles/obstacle_plugin/obstacle5.cc
-- Up-to-date symlink: /home/aurora/RM25/install/rm_robot_description/share/rm_robot_description/meshes/obstacles/obstacle_plugin/obstacle6.cc
-- Up-to-date symlink: /home/aurora/RM25/install/rm_robot_description/share/rm_robot_description/meshes/obstacles/obstacle_plugin/obstacle7.cc
-- Up-to-date symlink: /home/aurora/RM25/install/rm_robot_description/share/rm_robot_description/meshes/obstacles/obstacle_plugin/obstacle8.cc
-- Up-to-date symlink: /home/aurora/RM25/install/rm_robot_description/share/rm_robot_description/meshes/obstacles/obstacle_plugin/obstacle9.cc
-- Up-to-date symlink: /home/aurora/RM25/install/rm_robot_description/share/rm_robot_description/meshes/obstacles/obstacle_plugin/obstacles.cc
-- Up-to-date symlink: /home/aurora/RM25/install/rm_robot_description/share/rm_robot_description/meshes/omniwheel1_link.STL
-- Up-to-date symlink: /home/aurora/RM25/install/rm_robot_description/share/rm_robot_description/meshes/omniwheel2_link.STL
-- Up-to-date symlink: /home/aurora/RM25/install/rm_robot_description/share/rm_robot_description/meshes/omniwheel3_link.STL
-- Up-to-date symlink: /home/aurora/RM25/install/rm_robot_description/share/rm_robot_description/meshes/omniwheel4_link.STL
[33mCMake Warning (dev) at ament_cmake_symlink_install/ament_cmake_symlink_install.cmake:62 (file):
  Policy CMP0009 is not set: FILE GLOB_RECURSE calls should not follow
  symlinks by default.  Run "cmake --help-policy CMP0009" for policy details.
  Use the cmake_policy command to set the policy and suppress this warning.
Call Stack (most recent call first):
  ament_cmake_symlink_install/ament_cmake_symlink_install.cmake:323 (ament_cmake_symlink_install_directory)
  cmake_install.cmake:46 (include)
This warning is for project developers.  Use -Wno-dev to suppress it.
[0m
-- Up-to-date symlink: /home/aurora/RM25/install/rm_robot_description/share/rm_robot_description/launch/build/.built_by
-- Up-to-date symlink: /home/aurora/RM25/install/rm_robot_description/share/rm_robot_description/launch/build/COLCON_IGNORE
-- Up-to-date symlink: /home/aurora/RM25/install/rm_robot_description/share/rm_robot_description/launch/gazebo_spawn.launch.py
-- Up-to-date symlink: /home/aurora/RM25/install/rm_robot_description/share/rm_robot_description/launch/install/.colcon_install_layout
-- Up-to-date symlink: /home/aurora/RM25/install/rm_robot_description/share/rm_robot_description/launch/install/COLCON_IGNORE
-- Up-to-date symlink: /home/aurora/RM25/install/rm_robot_description/share/rm_robot_description/launch/install/_local_setup_util_ps1.py
-- Up-to-date symlink: /home/aurora/RM25/install/rm_robot_description/share/rm_robot_description/launch/install/_local_setup_util_sh.py
-- Up-to-date symlink: /home/aurora/RM25/install/rm_robot_description/share/rm_robot_description/launch/install/local_setup.bash
-- Up-to-date symlink: /home/aurora/RM25/install/rm_robot_description/share/rm_robot_description/launch/install/local_setup.ps1
-- Up-to-date symlink: /home/aurora/RM25/install/rm_robot_description/share/rm_robot_description/launch/install/local_setup.sh
-- Up-to-date symlink: /home/aurora/RM25/install/rm_robot_description/share/rm_robot_description/launch/install/local_setup.zsh
-- Up-to-date symlink: /home/aurora/RM25/install/rm_robot_description/share/rm_robot_description/launch/install/setup.bash
-- Up-to-date symlink: /home/aurora/RM25/install/rm_robot_description/share/rm_robot_description/launch/install/setup.ps1
-- Up-to-date symlink: /home/aurora/RM25/install/rm_robot_description/share/rm_robot_description/launch/install/setup.sh
-- Up-to-date symlink: /home/aurora/RM25/install/rm_robot_description/share/rm_robot_description/launch/install/setup.zsh
-- Up-to-date symlink: /home/aurora/RM25/install/rm_robot_description/share/rm_robot_description/launch/joint_state_publisher.launch.py
-- Up-to-date symlink: /home/aurora/RM25/install/rm_robot_description/share/rm_robot_description/launch/log/COLCON_IGNORE
-- Up-to-date symlink: /home/aurora/RM25/install/rm_robot_description/share/rm_robot_description/launch/log/build_2024-11-12_20-59-25/events.log
-- Up-to-date symlink: /home/aurora/RM25/install/rm_robot_description/share/rm_robot_description/launch/log/build_2024-11-12_20-59-25/logger_all.log
-- Up-to-date symlink: /home/aurora/RM25/install/rm_robot_description/share/rm_robot_description/launch/log/build_2024-11-14_12-02-55/events.log
-- Up-to-date symlink: /home/aurora/RM25/install/rm_robot_description/share/rm_robot_description/launch/log/build_2024-11-14_12-02-55/logger_all.log
-- Up-to-date symlink: /home/aurora/RM25/install/rm_robot_description/share/rm_robot_description/launch/log/latest/events.log
-- Up-to-date symlink: /home/aurora/RM25/install/rm_robot_description/share/rm_robot_description/launch/log/latest/logger_all.log
-- Up-to-date symlink: /home/aurora/RM25/install/rm_robot_description/share/rm_robot_description/launch/log/latest_build/events.log
-- Up-to-date symlink: /home/aurora/RM25/install/rm_robot_description/share/rm_robot_description/launch/log/latest_build/logger_all.log
-- Up-to-date symlink: /home/aurora/RM25/install/rm_robot_description/share/rm_robot_description/launch/rm_simulation.launch.py
-- Up-to-date symlink: /home/aurora/RM25/install/rm_robot_description/share/rm_robot_description/launch/robot.launch.py
-- Up-to-date symlink: /home/aurora/RM25/install/rm_robot_description/share/rm_robot_description/launch/robot_state_publisher.launch.py
-- Up-to-date symlink: /home/aurora/RM25/install/rm_robot_description/share/rm_robot_description/launch/robotv2.launch.py
-- Up-to-date symlink: /home/aurora/RM25/install/rm_robot_description/share/rm_robot_description/launch/rviz.launch.py
-- Up-to-date symlink: /home/aurora/RM25/install/rm_robot_description/share/rm_robot_description/urdf/four_omniwheel_robot.urdf
-- Up-to-date symlink: /home/aurora/RM25/install/rm_robot_description/share/rm_robot_description/urdf/mid360.xacro
-- Up-to-date symlink: /home/aurora/RM25/install/rm_robot_description/share/rm_robot_description/urdf/robot.urdf
-- Up-to-date symlink: /home/aurora/RM25/install/rm_robot_description/share/rm_robot_description/urdf/robot.urdf.xacro
-- Up-to-date symlink: /home/aurora/RM25/install/rm_robot_description/share/rm_robot_description/urdf/sim_robot.urdf
-- Up-to-date symlink: /home/aurora/RM25/install/rm_robot_description/share/rm_robot_description/urdf/simulation.urdf
-- Up-to-date symlink: /home/aurora/RM25/install/rm_robot_description/share/rm_robot_description/urdf/simulation_waking_robot.urdf
-- Up-to-date symlink: /home/aurora/RM25/install/rm_robot_description/share/rm_robot_description/urdf/simulation_waking_robot.xacro
-- Up-to-date symlink: /home/aurora/RM25/install/rm_robot_description/share/rm_robot_description/meshes/RMUC_2024.stl
-- Up-to-date symlink: /home/aurora/RM25/install/rm_robot_description/share/rm_robot_description/meshes/RMUL_2024.stl
-- Up-to-date symlink: /home/aurora/RM25/install/rm_robot_description/share/rm_robot_description/meshes/base_link.STL
-- Up-to-date symlink: /home/aurora/RM25/install/rm_robot_description/share/rm_robot_description/meshes/controller_link.STL
-- Up-to-date symlink: /home/aurora/RM25/install/rm_robot_description/share/rm_robot_description/meshes/display.launch
-- Up-to-date symlink: /home/aurora/RM25/install/rm_robot_description/share/rm_robot_description/meshes/display.launch.py
-- Up-to-date symlink: /home/aurora/RM25/install/rm_robot_description/share/rm_robot_description/meshes/gazebo.launch
-- Up-to-date symlink: /home/aurora/RM25/install/rm_robot_description/share/rm_robot_description/meshes/gazebo.launch.py
-- Up-to-date symlink: /home/aurora/RM25/install/rm_robot_description/share/rm_robot_description/meshes/mid360.stl
-- Up-to-date symlink: /home/aurora/RM25/install/rm_robot_description/share/rm_robot_description/meshes/mid360laser_link.STL
-- Up-to-date symlink: /home/aurora/RM25/install/rm_robot_description/share/rm_robot_description/meshes/obstacles/obstacle1/model.config
-- Up-to-date symlink: /home/aurora/RM25/install/rm_robot_description/share/rm_robot_description/meshes/obstacles/obstacle1/model.sdf
-- Up-to-date symlink: /home/aurora/RM25/install/rm_robot_description/share/rm_robot_description/meshes/obstacles/obstacle10/model.config
-- Up-to-date symlink: /home/aurora/RM25/install/rm_robot_description/share/rm_robot_description/meshes/obstacles/obstacle10/model.sdf
-- Up-to-date symlink: /home/aurora/RM25/install/rm_robot_description/share/rm_robot_description/meshes/obstacles/obstacle11/model.config
-- Up-to-date symlink: /home/aurora/RM25/install/rm_robot_description/share/rm_robot_description/meshes/obstacles/obstacle11/model.sdf
-- Up-to-date symlink: /home/aurora/RM25/install/rm_robot_description/share/rm_robot_description/meshes/obstacles/obstacle12/model.config
-- Up-to-date symlink: /home/aurora/RM25/install/rm_robot_description/share/rm_robot_description/meshes/obstacles/obstacle12/model.sdf
-- Up-to-date symlink: /home/aurora/RM25/install/rm_robot_description/share/rm_robot_description/meshes/obstacles/obstacle2/model.config
-- Up-to-date symlink: /home/aurora/RM25/install/rm_robot_description/share/rm_robot_description/meshes/obstacles/obstacle2/model.sdf
-- Up-to-date symlink: /home/aurora/RM25/install/rm_robot_description/share/rm_robot_description/meshes/obstacles/obstacle3/model.config
-- Up-to-date symlink: /home/aurora/RM25/install/rm_robot_description/share/rm_robot_description/meshes/obstacles/obstacle3/model.sdf
-- Up-to-date symlink: /home/aurora/RM25/install/rm_robot_description/share/rm_robot_description/meshes/obstacles/obstacle4/model.config
-- Up-to-date symlink: /home/aurora/RM25/install/rm_robot_description/share/rm_robot_description/meshes/obstacles/obstacle4/model.sdf
-- Up-to-date symlink: /home/aurora/RM25/install/rm_robot_description/share/rm_robot_description/meshes/obstacles/obstacle5/model.config
-- Up-to-date symlink: /home/aurora/RM25/install/rm_robot_description/share/rm_robot_description/meshes/obstacles/obstacle5/model.sdf
-- Up-to-date symlink: /home/aurora/RM25/install/rm_robot_description/share/rm_robot_description/meshes/obstacles/obstacle6/model.config
-- Up-to-date symlink: /home/aurora/RM25/install/rm_robot_description/share/rm_robot_description/meshes/obstacles/obstacle6/model.sdf
-- Up-to-date symlink: /home/aurora/RM25/install/rm_robot_description/share/rm_robot_description/meshes/obstacles/obstacle7/model.config
-- Up-to-date symlink: /home/aurora/RM25/install/rm_robot_description/share/rm_robot_description/meshes/obstacles/obstacle7/model.sdf
-- Up-to-date symlink: /home/aurora/RM25/install/rm_robot_description/share/rm_robot_description/meshes/obstacles/obstacle8/model.config
-- Up-to-date symlink: /home/aurora/RM25/install/rm_robot_description/share/rm_robot_description/meshes/obstacles/obstacle8/model.sdf
-- Up-to-date symlink: /home/aurora/RM25/install/rm_robot_description/share/rm_robot_description/meshes/obstacles/obstacle9/model.config
-- Up-to-date symlink: /home/aurora/RM25/install/rm_robot_description/share/rm_robot_description/meshes/obstacles/obstacle9/model.sdf
-- Up-to-date symlink: /home/aurora/RM25/install/rm_robot_description/share/rm_robot_description/meshes/obstacles/obstacle_plugin/CMakeLists.txt
-- Up-to-date symlink: /home/aurora/RM25/install/rm_robot_description/share/rm_robot_description/meshes/obstacles/obstacle_plugin/lib/libobstacle1.so
-- Up-to-date symlink: /home/aurora/RM25/install/rm_robot_description/share/rm_robot_description/meshes/obstacles/obstacle_plugin/lib/libobstacle10.so
-- Up-to-date symlink: /home/aurora/RM25/install/rm_robot_description/share/rm_robot_description/meshes/obstacles/obstacle_plugin/lib/libobstacle11.so
-- Up-to-date symlink: /home/aurora/RM25/install/rm_robot_description/share/rm_robot_description/meshes/obstacles/obstacle_plugin/lib/libobstacle12.so
-- Up-to-date symlink: /home/aurora/RM25/install/rm_robot_description/share/rm_robot_description/meshes/obstacles/obstacle_plugin/lib/libobstacle2.so
-- Up-to-date symlink: /home/aurora/RM25/install/rm_robot_description/share/rm_robot_description/meshes/obstacles/obstacle_plugin/lib/libobstacle3.so
-- Up-to-date symlink: /home/aurora/RM25/install/rm_robot_description/share/rm_robot_description/meshes/obstacles/obstacle_plugin/lib/libobstacle4.so
-- Up-to-date symlink: /home/aurora/RM25/install/rm_robot_description/share/rm_robot_description/meshes/obstacles/obstacle_plugin/lib/libobstacle5.so
-- Up-to-date symlink: /home/aurora/RM25/install/rm_robot_description/share/rm_robot_description/meshes/obstacles/obstacle_plugin/lib/libobstacle6.so
-- Up-to-date symlink: /home/aurora/RM25/install/rm_robot_description/share/rm_robot_description/meshes/obstacles/obstacle_plugin/lib/libobstacle7.so
-- Up-to-date symlink: /home/aurora/RM25/install/rm_robot_description/share/rm_robot_description/meshes/obstacles/obstacle_plugin/lib/libobstacle8.so
-- Up-to-date symlink: /home/aurora/RM25/install/rm_robot_description/share/rm_robot_description/meshes/obstacles/obstacle_plugin/lib/libobstacle9.so
-- Up-to-date symlink: /home/aurora/RM25/install/rm_robot_description/share/rm_robot_description/meshes/obstacles/obstacle_plugin/lib/libobstacles.so
-- Up-to-date symlink: /home/aurora/RM25/install/rm_robot_description/share/rm_robot_description/meshes/obstacles/obstacle_plugin/obstacle1.cc
-- Up-to-date symlink: /home/aurora/RM25/install/rm_robot_description/share/rm_robot_description/meshes/obstacles/obstacle_plugin/obstacle10.cc
-- Up-to-date symlink: /home/aurora/RM25/install/rm_robot_description/share/rm_robot_description/meshes/obstacles/obstacle_plugin/obstacle11.cc
-- Up-to-date symlink: /home/aurora/RM25/install/rm_robot_description/share/rm_robot_description/meshes/obstacles/obstacle_plugin/obstacle12.cc
-- Up-to-date symlink: /home/aurora/RM25/install/rm_robot_description/share/rm_robot_description/meshes/obstacles/obstacle_plugin/obstacle13.cc
-- Up-to-date symlink: /home/aurora/RM25/install/rm_robot_description/share/rm_robot_description/meshes/obstacles/obstacle_plugin/obstacle2.cc
-- Up-to-date symlink: /home/aurora/RM25/install/rm_robot_description/share/rm_robot_description/meshes/obstacles/obstacle_plugin/obstacle3.cc
-- Up-to-date symlink: /home/aurora/RM25/install/rm_robot_description/share/rm_robot_description/meshes/obstacles/obstacle_plugin/obstacle4.cc
-- Up-to-date symlink: /home/aurora/RM25/install/rm_robot_description/share/rm_robot_description/meshes/obstacles/obstacle_plugin/obstacle5.cc
-- Up-to-date symlink: /home/aurora/RM25/install/rm_robot_description/share/rm_robot_description/meshes/obstacles/obstacle_plugin/obstacle6.cc
-- Up-to-date symlink: /home/aurora/RM25/install/rm_robot_description/share/rm_robot_description/meshes/obstacles/obstacle_plugin/obstacle7.cc
-- Up-to-date symlink: /home/aurora/RM25/install/rm_robot_description/share/rm_robot_description/meshes/obstacles/obstacle_plugin/obstacle8.cc
-- Up-to-date symlink: /home/aurora/RM25/install/rm_robot_description/share/rm_robot_description/meshes/obstacles/obstacle_plugin/obstacle9.cc
-- Up-to-date symlink: /home/aurora/RM25/install/rm_robot_description/share/rm_robot_description/meshes/obstacles/obstacle_plugin/obstacles.cc
-- Up-to-date symlink: /home/aurora/RM25/install/rm_robot_description/share/rm_robot_description/meshes/omniwheel1_link.STL
-- Up-to-date symlink: /home/aurora/RM25/install/rm_robot_description/share/rm_robot_description/meshes/omniwheel2_link.STL
-- Up-to-date symlink: /home/aurora/RM25/install/rm_robot_description/share/rm_robot_description/meshes/omniwheel3_link.STL
-- Up-to-date symlink: /home/aurora/RM25/install/rm_robot_description/share/rm_robot_description/meshes/omniwheel4_link.STL
-- Up-to-date symlink: /home/aurora/RM25/install/rm_robot_description/share/rm_robot_description/world/25UL/RMUL25.world
-- Up-to-date symlink: /home/aurora/RM25/install/rm_robot_description/share/rm_robot_description/world/25UL/model.config
-- Up-to-date symlink: /home/aurora/RM25/install/rm_robot_description/share/rm_robot_description/world/25UL/model.sdf
-- Up-to-date symlink: /home/aurora/RM25/install/rm_robot_description/share/rm_robot_description/world/RMUC24_world.world
-- Up-to-date symlink: /home/aurora/RM25/install/rm_robot_description/share/rm_robot_description/world/RMUL25.world
-- Up-to-date symlink: /home/aurora/RM25/install/rm_robot_description/share/rm_robot_description/world/my_world.world
-- Up-to-date symlink: /home/aurora/RM25/install/rm_robot_description/share/rm_robot_description/world/rmul/RMUL25.world
-- Up-to-date symlink: /home/aurora/RM25/install/rm_robot_description/share/rm_robot_description/world/rmul/model.config
-- Up-to-date symlink: /home/aurora/RM25/install/rm_robot_description/share/rm_robot_description/world/rmul/model.sdf
-- Up-to-date symlink: /home/aurora/RM25/install/rm_robot_description/share/rm_robot_description/rviz/fastlio.rviz
-- Up-to-date symlink: /home/aurora/RM25/install/rm_robot_description/share/rm_robot_description/rviz/rviz.launch.py
-- Up-to-date symlink: /home/aurora/RM25/install/rm_robot_description/share/rm_robot_description/rviz/rviz2.rviz
-- Up-to-date symlink: /home/aurora/RM25/install/rm_robot_description/share/rm_robot_description/rviz/urdf_config.rviz
-- Up-to-date symlink: /home/aurora/RM25/install/rm_robot_description/share/ament_index/resource_index/package_run_dependencies/rm_robot_description
-- Up-to-date symlink: /home/aurora/RM25/install/rm_robot_description/share/ament_index/resource_index/parent_prefix_path/rm_robot_description
-- Up-to-date symlink: /home/aurora/RM25/install/rm_robot_description/share/rm_robot_description/environment/ament_prefix_path.sh
-- Up-to-date symlink: /home/aurora/RM25/install/rm_robot_description/share/rm_robot_description/environment/ament_prefix_path.dsv
-- Up-to-date symlink: /home/aurora/RM25/install/rm_robot_description/share/rm_robot_description/environment/path.sh
-- Up-to-date symlink: /home/aurora/RM25/install/rm_robot_description/share/rm_robot_description/environment/path.dsv
-- Up-to-date symlink: /home/aurora/RM25/install/rm_robot_description/share/rm_robot_description/local_setup.bash
-- Up-to-date symlink: /home/aurora/RM25/install/rm_robot_description/share/rm_robot_description/local_setup.sh
-- Up-to-date symlink: /home/aurora/RM25/install/rm_robot_description/share/rm_robot_description/local_setup.zsh
-- Up-to-date symlink: /home/aurora/RM25/install/rm_robot_description/share/rm_robot_description/local_setup.dsv
-- Symlinking: /home/aurora/RM25/install/rm_robot_description/share/rm_robot_description/package.dsv
-- Up-to-date symlink: /home/aurora/RM25/install/rm_robot_description/share/ament_index/resource_index/packages/rm_robot_description
-- Up-to-date symlink: /home/aurora/RM25/install/rm_robot_description/share/rm_robot_description/cmake/ament_cmake_export_dependencies-extras.cmake
-- Up-to-date symlink: /home/aurora/RM25/install/rm_robot_description/share/rm_robot_description/cmake/rm_robot_descriptionConfig.cmake
-- Up-to-date symlink: /home/aurora/RM25/install/rm_robot_description/share/rm_robot_description/cmake/rm_robot_descriptionConfig-version.cmake
-- Up-to-date symlink: /home/aurora/RM25/install/rm_robot_description/share/rm_robot_description/package.xml
