[0.166s] DEBUG:colcon:Command line arguments: ['/usr/bin/colcon', 'list']
[0.167s] DEBUG:colcon:Parsed command line arguments: Namespace(log_base=None, log_level=None, verb_name='list', build_base='build', ignore_user_meta=False, metas=['./colcon.meta'], base_paths=['.'], packages_ignore=None, packages_ignore_regex=None, paths=None, packages_up_to=None, packages_up_to_regex=None, packages_above=None, packages_above_and_dependencies=None, packages_above_depth=None, packages_select_by_dep=None, packages_skip_by_dep=None, packages_skip_up_to=None, packages_select_build_failed=False, packages_skip_build_finished=False, packages_select_test_failures=False, packages_skip_test_passed=False, packages_select=None, packages_skip=None, packages_select_regex=None, packages_skip_regex=None, packages_start=None, packages_end=None, allow_overriding=[], topological_order=False, names_only=False, paths_only=False, topological_graph=False, topological_graph_dot=False, topological_graph_density=False, topological_graph_legend=False, topological_graph_dot_cluster=False, topological_graph_dot_include_skipped=False, verb_parser=<colcon_defaults.argument_parser.defaults.DefaultArgumentsDecorator object at 0x7fd4a38657b0>, verb_extension=<colcon_package_information.verb.list.ListVerb object at 0x7fd4a39da440>, main=<bound method ListVerb.main of <colcon_package_information.verb.list.ListVerb object at 0x7fd4a39da440>>)
[0.262s] Level 1:colcon.colcon_core.package_discovery:discover_packages(colcon_meta) check parameters
[0.262s] Level 1:colcon.colcon_core.package_discovery:discover_packages(recursive) check parameters
[0.262s] Level 1:colcon.colcon_core.package_discovery:discover_packages(ignore) check parameters
[0.262s] Level 1:colcon.colcon_core.package_discovery:discover_packages(path) check parameters
[0.262s] Level 1:colcon.colcon_core.package_discovery:discover_packages(colcon_meta) discover
[0.262s] Level 1:colcon.colcon_core.package_discovery:discover_packages(recursive) discover
[0.262s] INFO:colcon.colcon_core.package_discovery:Crawling recursively for packages in '/home/aurora/RM25'
[0.262s] Level 1:colcon.colcon_core.package_identification:_identify(.) by extensions ['ignore', 'ignore_ament_install']
[0.262s] Level 1:colcon.colcon_core.package_identification:_identify(.) by extension 'ignore'
[0.262s] Level 1:colcon.colcon_core.package_identification:_identify(.) by extension 'ignore_ament_install'
[0.262s] Level 1:colcon.colcon_core.package_identification:_identify(.) by extensions ['colcon_pkg']
[0.262s] Level 1:colcon.colcon_core.package_identification:_identify(.) by extension 'colcon_pkg'
[0.262s] Level 1:colcon.colcon_core.package_identification:_identify(.) by extensions ['colcon_meta']
[0.262s] Level 1:colcon.colcon_core.package_identification:_identify(.) by extension 'colcon_meta'
[0.262s] Level 1:colcon.colcon_core.package_identification:_identify(.) by extensions ['ros']
[0.262s] Level 1:colcon.colcon_core.package_identification:_identify(.) by extension 'ros'
[0.269s] Level 1:colcon.colcon_core.package_identification:_identify(.) by extensions ['cmake', 'python']
[0.269s] Level 1:colcon.colcon_core.package_identification:_identify(.) by extension 'cmake'
[0.269s] Level 1:colcon.colcon_core.package_identification:_identify(.) by extension 'python'
[0.269s] Level 1:colcon.colcon_core.package_identification:_identify(.) by extensions ['python_setup_py']
[0.269s] Level 1:colcon.colcon_core.package_identification:_identify(.) by extension 'python_setup_py'
[0.269s] Level 1:colcon.colcon_core.package_identification:_identify(build) by extensions ['ignore', 'ignore_ament_install']
[0.269s] Level 1:colcon.colcon_core.package_identification:_identify(build) by extension 'ignore'
[0.269s] Level 1:colcon.colcon_core.package_identification:_identify(build) ignored
[0.269s] Level 1:colcon.colcon_core.package_identification:_identify(install) by extensions ['ignore', 'ignore_ament_install']
[0.269s] Level 1:colcon.colcon_core.package_identification:_identify(install) by extension 'ignore'
[0.269s] Level 1:colcon.colcon_core.package_identification:_identify(install) ignored
[0.269s] Level 1:colcon.colcon_core.package_identification:_identify(log) by extensions ['ignore', 'ignore_ament_install']
[0.270s] Level 1:colcon.colcon_core.package_identification:_identify(log) by extension 'ignore'
[0.270s] Level 1:colcon.colcon_core.package_identification:_identify(log) ignored
[0.270s] Level 1:colcon.colcon_core.package_identification:_identify(src) by extensions ['ignore', 'ignore_ament_install']
[0.270s] Level 1:colcon.colcon_core.package_identification:_identify(src) by extension 'ignore'
[0.270s] Level 1:colcon.colcon_core.package_identification:_identify(src) by extension 'ignore_ament_install'
[0.270s] Level 1:colcon.colcon_core.package_identification:_identify(src) by extensions ['colcon_pkg']
[0.270s] Level 1:colcon.colcon_core.package_identification:_identify(src) by extension 'colcon_pkg'
[0.270s] Level 1:colcon.colcon_core.package_identification:_identify(src) by extensions ['colcon_meta']
[0.270s] Level 1:colcon.colcon_core.package_identification:_identify(src) by extension 'colcon_meta'
[0.270s] Level 1:colcon.colcon_core.package_identification:_identify(src) by extensions ['ros']
[0.270s] Level 1:colcon.colcon_core.package_identification:_identify(src) by extension 'ros'
[0.270s] Level 1:colcon.colcon_core.package_identification:_identify(src) by extensions ['cmake', 'python']
[0.270s] Level 1:colcon.colcon_core.package_identification:_identify(src) by extension 'cmake'
[0.270s] Level 1:colcon.colcon_core.package_identification:_identify(src) by extension 'python'
[0.270s] Level 1:colcon.colcon_core.package_identification:_identify(src) by extensions ['python_setup_py']
[0.270s] Level 1:colcon.colcon_core.package_identification:_identify(src) by extension 'python_setup_py'
[0.270s] Level 1:colcon.colcon_core.package_identification:_identify(src/build) by extensions ['ignore', 'ignore_ament_install']
[0.270s] Level 1:colcon.colcon_core.package_identification:_identify(src/build) by extension 'ignore'
[0.270s] Level 1:colcon.colcon_core.package_identification:_identify(src/build) ignored
[0.270s] Level 1:colcon.colcon_core.package_identification:_identify(src/install) by extensions ['ignore', 'ignore_ament_install']
[0.270s] Level 1:colcon.colcon_core.package_identification:_identify(src/install) by extension 'ignore'
[0.270s] Level 1:colcon.colcon_core.package_identification:_identify(src/install) ignored
[0.270s] Level 1:colcon.colcon_core.package_identification:_identify(src/log) by extensions ['ignore', 'ignore_ament_install']
[0.270s] Level 1:colcon.colcon_core.package_identification:_identify(src/log) by extension 'ignore'
[0.270s] Level 1:colcon.colcon_core.package_identification:_identify(src/log) ignored
[0.270s] Level 1:colcon.colcon_core.package_identification:_identify(src/rm_navigation2) by extensions ['ignore', 'ignore_ament_install']
[0.270s] Level 1:colcon.colcon_core.package_identification:_identify(src/rm_navigation2) by extension 'ignore'
[0.270s] Level 1:colcon.colcon_core.package_identification:_identify(src/rm_navigation2) by extension 'ignore_ament_install'
[0.270s] Level 1:colcon.colcon_core.package_identification:_identify(src/rm_navigation2) by extensions ['colcon_pkg']
[0.270s] Level 1:colcon.colcon_core.package_identification:_identify(src/rm_navigation2) by extension 'colcon_pkg'
[0.270s] Level 1:colcon.colcon_core.package_identification:_identify(src/rm_navigation2) by extensions ['colcon_meta']
[0.270s] Level 1:colcon.colcon_core.package_identification:_identify(src/rm_navigation2) by extension 'colcon_meta'
[0.270s] Level 1:colcon.colcon_core.package_identification:_identify(src/rm_navigation2) by extensions ['ros']
[0.270s] Level 1:colcon.colcon_core.package_identification:_identify(src/rm_navigation2) by extension 'ros'
[0.270s] Level 1:colcon.colcon_core.package_identification:_identify(src/rm_navigation2) by extensions ['cmake', 'python']
[0.270s] Level 1:colcon.colcon_core.package_identification:_identify(src/rm_navigation2) by extension 'cmake'
[0.270s] Level 1:colcon.colcon_core.package_identification:_identify(src/rm_navigation2) by extension 'python'
[0.270s] Level 1:colcon.colcon_core.package_identification:_identify(src/rm_navigation2) by extensions ['python_setup_py']
[0.270s] Level 1:colcon.colcon_core.package_identification:_identify(src/rm_navigation2) by extension 'python_setup_py'
[0.271s] Level 1:colcon.colcon_core.package_identification:_identify(src/rm_navigation2/doc) by extensions ['ignore', 'ignore_ament_install']
[0.271s] Level 1:colcon.colcon_core.package_identification:_identify(src/rm_navigation2/doc) by extension 'ignore'
[0.271s] Level 1:colcon.colcon_core.package_identification:_identify(src/rm_navigation2/doc) by extension 'ignore_ament_install'
[0.271s] Level 1:colcon.colcon_core.package_identification:_identify(src/rm_navigation2/doc) by extensions ['colcon_pkg']
[0.271s] Level 1:colcon.colcon_core.package_identification:_identify(src/rm_navigation2/doc) by extension 'colcon_pkg'
[0.271s] Level 1:colcon.colcon_core.package_identification:_identify(src/rm_navigation2/doc) by extensions ['colcon_meta']
[0.271s] Level 1:colcon.colcon_core.package_identification:_identify(src/rm_navigation2/doc) by extension 'colcon_meta'
[0.271s] Level 1:colcon.colcon_core.package_identification:_identify(src/rm_navigation2/doc) by extensions ['ros']
[0.271s] Level 1:colcon.colcon_core.package_identification:_identify(src/rm_navigation2/doc) by extension 'ros'
[0.271s] Level 1:colcon.colcon_core.package_identification:_identify(src/rm_navigation2/doc) by extensions ['cmake', 'python']
[0.271s] Level 1:colcon.colcon_core.package_identification:_identify(src/rm_navigation2/doc) by extension 'cmake'
[0.271s] Level 1:colcon.colcon_core.package_identification:_identify(src/rm_navigation2/doc) by extension 'python'
[0.271s] Level 1:colcon.colcon_core.package_identification:_identify(src/rm_navigation2/doc) by extensions ['python_setup_py']
[0.271s] Level 1:colcon.colcon_core.package_identification:_identify(src/rm_navigation2/doc) by extension 'python_setup_py'
[0.271s] Level 1:colcon.colcon_core.package_identification:_identify(src/rm_navigation2/doc/architecture) by extensions ['ignore', 'ignore_ament_install']
[0.271s] Level 1:colcon.colcon_core.package_identification:_identify(src/rm_navigation2/doc/architecture) by extension 'ignore'
[0.271s] Level 1:colcon.colcon_core.package_identification:_identify(src/rm_navigation2/doc/architecture) by extension 'ignore_ament_install'
[0.271s] Level 1:colcon.colcon_core.package_identification:_identify(src/rm_navigation2/doc/architecture) by extensions ['colcon_pkg']
[0.271s] Level 1:colcon.colcon_core.package_identification:_identify(src/rm_navigation2/doc/architecture) by extension 'colcon_pkg'
[0.271s] Level 1:colcon.colcon_core.package_identification:_identify(src/rm_navigation2/doc/architecture) by extensions ['colcon_meta']
[0.271s] Level 1:colcon.colcon_core.package_identification:_identify(src/rm_navigation2/doc/architecture) by extension 'colcon_meta'
[0.271s] Level 1:colcon.colcon_core.package_identification:_identify(src/rm_navigation2/doc/architecture) by extensions ['ros']
[0.271s] Level 1:colcon.colcon_core.package_identification:_identify(src/rm_navigation2/doc/architecture) by extension 'ros'
[0.271s] Level 1:colcon.colcon_core.package_identification:_identify(src/rm_navigation2/doc/architecture) by extensions ['cmake', 'python']
[0.271s] Level 1:colcon.colcon_core.package_identification:_identify(src/rm_navigation2/doc/architecture) by extension 'cmake'
[0.271s] Level 1:colcon.colcon_core.package_identification:_identify(src/rm_navigation2/doc/architecture) by extension 'python'
[0.271s] Level 1:colcon.colcon_core.package_identification:_identify(src/rm_navigation2/doc/architecture) by extensions ['python_setup_py']
[0.271s] Level 1:colcon.colcon_core.package_identification:_identify(src/rm_navigation2/doc/architecture) by extension 'python_setup_py'
[0.271s] Level 1:colcon.colcon_core.package_identification:_identify(src/rm_navigation2/doc/design) by extensions ['ignore', 'ignore_ament_install']
[0.271s] Level 1:colcon.colcon_core.package_identification:_identify(src/rm_navigation2/doc/design) by extension 'ignore'
[0.271s] Level 1:colcon.colcon_core.package_identification:_identify(src/rm_navigation2/doc/design) by extension 'ignore_ament_install'
[0.271s] Level 1:colcon.colcon_core.package_identification:_identify(src/rm_navigation2/doc/design) by extensions ['colcon_pkg']
[0.271s] Level 1:colcon.colcon_core.package_identification:_identify(src/rm_navigation2/doc/design) by extension 'colcon_pkg'
[0.271s] Level 1:colcon.colcon_core.package_identification:_identify(src/rm_navigation2/doc/design) by extensions ['colcon_meta']
[0.272s] Level 1:colcon.colcon_core.package_identification:_identify(src/rm_navigation2/doc/design) by extension 'colcon_meta'
[0.272s] Level 1:colcon.colcon_core.package_identification:_identify(src/rm_navigation2/doc/design) by extensions ['ros']
[0.272s] Level 1:colcon.colcon_core.package_identification:_identify(src/rm_navigation2/doc/design) by extension 'ros'
[0.272s] Level 1:colcon.colcon_core.package_identification:_identify(src/rm_navigation2/doc/design) by extensions ['cmake', 'python']
[0.272s] Level 1:colcon.colcon_core.package_identification:_identify(src/rm_navigation2/doc/design) by extension 'cmake'
[0.272s] Level 1:colcon.colcon_core.package_identification:_identify(src/rm_navigation2/doc/design) by extension 'python'
[0.272s] Level 1:colcon.colcon_core.package_identification:_identify(src/rm_navigation2/doc/design) by extensions ['python_setup_py']
[0.272s] Level 1:colcon.colcon_core.package_identification:_identify(src/rm_navigation2/doc/design) by extension 'python_setup_py'
[0.272s] Level 1:colcon.colcon_core.package_identification:_identify(src/rm_navigation2/doc/development) by extensions ['ignore', 'ignore_ament_install']
[0.272s] Level 1:colcon.colcon_core.package_identification:_identify(src/rm_navigation2/doc/development) by extension 'ignore'
[0.272s] Level 1:colcon.colcon_core.package_identification:_identify(src/rm_navigation2/doc/development) by extension 'ignore_ament_install'
[0.272s] Level 1:colcon.colcon_core.package_identification:_identify(src/rm_navigation2/doc/development) by extensions ['colcon_pkg']
[0.272s] Level 1:colcon.colcon_core.package_identification:_identify(src/rm_navigation2/doc/development) by extension 'colcon_pkg'
[0.272s] Level 1:colcon.colcon_core.package_identification:_identify(src/rm_navigation2/doc/development) by extensions ['colcon_meta']
[0.272s] Level 1:colcon.colcon_core.package_identification:_identify(src/rm_navigation2/doc/development) by extension 'colcon_meta'
[0.272s] Level 1:colcon.colcon_core.package_identification:_identify(src/rm_navigation2/doc/development) by extensions ['ros']
[0.272s] Level 1:colcon.colcon_core.package_identification:_identify(src/rm_navigation2/doc/development) by extension 'ros'
[0.272s] Level 1:colcon.colcon_core.package_identification:_identify(src/rm_navigation2/doc/development) by extensions ['cmake', 'python']
[0.272s] Level 1:colcon.colcon_core.package_identification:_identify(src/rm_navigation2/doc/development) by extension 'cmake'
[0.272s] Level 1:colcon.colcon_core.package_identification:_identify(src/rm_navigation2/doc/development) by extension 'python'
[0.272s] Level 1:colcon.colcon_core.package_identification:_identify(src/rm_navigation2/doc/development) by extensions ['python_setup_py']
[0.272s] Level 1:colcon.colcon_core.package_identification:_identify(src/rm_navigation2/doc/development) by extension 'python_setup_py'
[0.272s] Level 1:colcon.colcon_core.package_identification:_identify(src/rm_navigation2/doc/process) by extensions ['ignore', 'ignore_ament_install']
[0.272s] Level 1:colcon.colcon_core.package_identification:_identify(src/rm_navigation2/doc/process) by extension 'ignore'
[0.272s] Level 1:colcon.colcon_core.package_identification:_identify(src/rm_navigation2/doc/process) by extension 'ignore_ament_install'
[0.272s] Level 1:colcon.colcon_core.package_identification:_identify(src/rm_navigation2/doc/process) by extensions ['colcon_pkg']
[0.272s] Level 1:colcon.colcon_core.package_identification:_identify(src/rm_navigation2/doc/process) by extension 'colcon_pkg'
[0.272s] Level 1:colcon.colcon_core.package_identification:_identify(src/rm_navigation2/doc/process) by extensions ['colcon_meta']
[0.272s] Level 1:colcon.colcon_core.package_identification:_identify(src/rm_navigation2/doc/process) by extension 'colcon_meta'
[0.272s] Level 1:colcon.colcon_core.package_identification:_identify(src/rm_navigation2/doc/process) by extensions ['ros']
[0.272s] Level 1:colcon.colcon_core.package_identification:_identify(src/rm_navigation2/doc/process) by extension 'ros'
[0.272s] Level 1:colcon.colcon_core.package_identification:_identify(src/rm_navigation2/doc/process) by extensions ['cmake', 'python']
[0.272s] Level 1:colcon.colcon_core.package_identification:_identify(src/rm_navigation2/doc/process) by extension 'cmake'
[0.272s] Level 1:colcon.colcon_core.package_identification:_identify(src/rm_navigation2/doc/process) by extension 'python'
[0.272s] Level 1:colcon.colcon_core.package_identification:_identify(src/rm_navigation2/doc/process) by extensions ['python_setup_py']
[0.272s] Level 1:colcon.colcon_core.package_identification:_identify(src/rm_navigation2/doc/process) by extension 'python_setup_py'
[0.272s] Level 1:colcon.colcon_core.package_identification:_identify(src/rm_navigation2/doc/requirements) by extensions ['ignore', 'ignore_ament_install']
[0.272s] Level 1:colcon.colcon_core.package_identification:_identify(src/rm_navigation2/doc/requirements) by extension 'ignore'
[0.272s] Level 1:colcon.colcon_core.package_identification:_identify(src/rm_navigation2/doc/requirements) by extension 'ignore_ament_install'
[0.272s] Level 1:colcon.colcon_core.package_identification:_identify(src/rm_navigation2/doc/requirements) by extensions ['colcon_pkg']
[0.272s] Level 1:colcon.colcon_core.package_identification:_identify(src/rm_navigation2/doc/requirements) by extension 'colcon_pkg'
[0.272s] Level 1:colcon.colcon_core.package_identification:_identify(src/rm_navigation2/doc/requirements) by extensions ['colcon_meta']
[0.273s] Level 1:colcon.colcon_core.package_identification:_identify(src/rm_navigation2/doc/requirements) by extension 'colcon_meta'
[0.273s] Level 1:colcon.colcon_core.package_identification:_identify(src/rm_navigation2/doc/requirements) by extensions ['ros']
[0.273s] Level 1:colcon.colcon_core.package_identification:_identify(src/rm_navigation2/doc/requirements) by extension 'ros'
[0.273s] Level 1:colcon.colcon_core.package_identification:_identify(src/rm_navigation2/doc/requirements) by extensions ['cmake', 'python']
[0.273s] Level 1:colcon.colcon_core.package_identification:_identify(src/rm_navigation2/doc/requirements) by extension 'cmake'
[0.273s] Level 1:colcon.colcon_core.package_identification:_identify(src/rm_navigation2/doc/requirements) by extension 'python'
[0.273s] Level 1:colcon.colcon_core.package_identification:_identify(src/rm_navigation2/doc/requirements) by extensions ['python_setup_py']
[0.273s] Level 1:colcon.colcon_core.package_identification:_identify(src/rm_navigation2/doc/requirements) by extension 'python_setup_py'
[0.273s] Level 1:colcon.colcon_core.package_identification:_identify(src/rm_navigation2/doc/requirements/images) by extensions ['ignore', 'ignore_ament_install']
[0.273s] Level 1:colcon.colcon_core.package_identification:_identify(src/rm_navigation2/doc/requirements/images) by extension 'ignore'
[0.273s] Level 1:colcon.colcon_core.package_identification:_identify(src/rm_navigation2/doc/requirements/images) by extension 'ignore_ament_install'
[0.273s] Level 1:colcon.colcon_core.package_identification:_identify(src/rm_navigation2/doc/requirements/images) by extensions ['colcon_pkg']
[0.273s] Level 1:colcon.colcon_core.package_identification:_identify(src/rm_navigation2/doc/requirements/images) by extension 'colcon_pkg'
[0.273s] Level 1:colcon.colcon_core.package_identification:_identify(src/rm_navigation2/doc/requirements/images) by extensions ['colcon_meta']
[0.273s] Level 1:colcon.colcon_core.package_identification:_identify(src/rm_navigation2/doc/requirements/images) by extension 'colcon_meta'
[0.273s] Level 1:colcon.colcon_core.package_identification:_identify(src/rm_navigation2/doc/requirements/images) by extensions ['ros']
[0.273s] Level 1:colcon.colcon_core.package_identification:_identify(src/rm_navigation2/doc/requirements/images) by extension 'ros'
[0.273s] Level 1:colcon.colcon_core.package_identification:_identify(src/rm_navigation2/doc/requirements/images) by extensions ['cmake', 'python']
[0.273s] Level 1:colcon.colcon_core.package_identification:_identify(src/rm_navigation2/doc/requirements/images) by extension 'cmake'
[0.273s] Level 1:colcon.colcon_core.package_identification:_identify(src/rm_navigation2/doc/requirements/images) by extension 'python'
[0.273s] Level 1:colcon.colcon_core.package_identification:_identify(src/rm_navigation2/doc/requirements/images) by extensions ['python_setup_py']
[0.273s] Level 1:colcon.colcon_core.package_identification:_identify(src/rm_navigation2/doc/requirements/images) by extension 'python_setup_py'
[0.273s] Level 1:colcon.colcon_core.package_identification:_identify(src/rm_navigation2/doc/use_cases) by extensions ['ignore', 'ignore_ament_install']
[0.273s] Level 1:colcon.colcon_core.package_identification:_identify(src/rm_navigation2/doc/use_cases) by extension 'ignore'
[0.273s] Level 1:colcon.colcon_core.package_identification:_identify(src/rm_navigation2/doc/use_cases) by extension 'ignore_ament_install'
[0.273s] Level 1:colcon.colcon_core.package_identification:_identify(src/rm_navigation2/doc/use_cases) by extensions ['colcon_pkg']
[0.273s] Level 1:colcon.colcon_core.package_identification:_identify(src/rm_navigation2/doc/use_cases) by extension 'colcon_pkg'
[0.273s] Level 1:colcon.colcon_core.package_identification:_identify(src/rm_navigation2/doc/use_cases) by extensions ['colcon_meta']
[0.273s] Level 1:colcon.colcon_core.package_identification:_identify(src/rm_navigation2/doc/use_cases) by extension 'colcon_meta'
[0.273s] Level 1:colcon.colcon_core.package_identification:_identify(src/rm_navigation2/doc/use_cases) by extensions ['ros']
[0.273s] Level 1:colcon.colcon_core.package_identification:_identify(src/rm_navigation2/doc/use_cases) by extension 'ros'
[0.273s] Level 1:colcon.colcon_core.package_identification:_identify(src/rm_navigation2/doc/use_cases) by extensions ['cmake', 'python']
[0.273s] Level 1:colcon.colcon_core.package_identification:_identify(src/rm_navigation2/doc/use_cases) by extension 'cmake'
[0.273s] Level 1:colcon.colcon_core.package_identification:_identify(src/rm_navigation2/doc/use_cases) by extension 'python'
[0.273s] Level 1:colcon.colcon_core.package_identification:_identify(src/rm_navigation2/doc/use_cases) by extensions ['python_setup_py']
[0.274s] Level 1:colcon.colcon_core.package_identification:_identify(src/rm_navigation2/doc/use_cases) by extension 'python_setup_py'
[0.274s] Level 1:colcon.colcon_core.package_identification:_identify(src/rm_navigation2/nav2_amcl) by extensions ['ignore', 'ignore_ament_install']
[0.274s] Level 1:colcon.colcon_core.package_identification:_identify(src/rm_navigation2/nav2_amcl) by extension 'ignore'
[0.274s] Level 1:colcon.colcon_core.package_identification:_identify(src/rm_navigation2/nav2_amcl) by extension 'ignore_ament_install'
[0.274s] Level 1:colcon.colcon_core.package_identification:_identify(src/rm_navigation2/nav2_amcl) by extensions ['colcon_pkg']
[0.274s] Level 1:colcon.colcon_core.package_identification:_identify(src/rm_navigation2/nav2_amcl) by extension 'colcon_pkg'
[0.274s] Level 1:colcon.colcon_core.package_identification:_identify(src/rm_navigation2/nav2_amcl) by extensions ['colcon_meta']
[0.274s] Level 1:colcon.colcon_core.package_identification:_identify(src/rm_navigation2/nav2_amcl) by extension 'colcon_meta'
[0.274s] Level 1:colcon.colcon_core.package_identification:_identify(src/rm_navigation2/nav2_amcl) by extensions ['ros']
[0.274s] Level 1:colcon.colcon_core.package_identification:_identify(src/rm_navigation2/nav2_amcl) by extension 'ros'
[0.276s] DEBUG:colcon.colcon_core.package_identification:Package 'src/rm_navigation2/nav2_amcl' with type 'ros.ament_cmake' and name 'nav2_amcl'
[0.276s] Level 1:colcon.colcon_core.package_identification:_identify(src/rm_navigation2/nav2_behavior_tree) by extensions ['ignore', 'ignore_ament_install']
[0.276s] Level 1:colcon.colcon_core.package_identification:_identify(src/rm_navigation2/nav2_behavior_tree) by extension 'ignore'
[0.276s] Level 1:colcon.colcon_core.package_identification:_identify(src/rm_navigation2/nav2_behavior_tree) by extension 'ignore_ament_install'
[0.276s] Level 1:colcon.colcon_core.package_identification:_identify(src/rm_navigation2/nav2_behavior_tree) by extensions ['colcon_pkg']
[0.276s] Level 1:colcon.colcon_core.package_identification:_identify(src/rm_navigation2/nav2_behavior_tree) by extension 'colcon_pkg'
[0.276s] Level 1:colcon.colcon_core.package_identification:_identify(src/rm_navigation2/nav2_behavior_tree) by extensions ['colcon_meta']
[0.276s] Level 1:colcon.colcon_core.package_identification:_identify(src/rm_navigation2/nav2_behavior_tree) by extension 'colcon_meta'
[0.276s] Level 1:colcon.colcon_core.package_identification:_identify(src/rm_navigation2/nav2_behavior_tree) by extensions ['ros']
[0.276s] Level 1:colcon.colcon_core.package_identification:_identify(src/rm_navigation2/nav2_behavior_tree) by extension 'ros'
[0.277s] DEBUG:colcon.colcon_core.package_identification:Package 'src/rm_navigation2/nav2_behavior_tree' with type 'ros.ament_cmake' and name 'nav2_behavior_tree'
[0.277s] Level 1:colcon.colcon_core.package_identification:_identify(src/rm_navigation2/nav2_behaviors) by extensions ['ignore', 'ignore_ament_install']
[0.277s] Level 1:colcon.colcon_core.package_identification:_identify(src/rm_navigation2/nav2_behaviors) by extension 'ignore'
[0.277s] Level 1:colcon.colcon_core.package_identification:_identify(src/rm_navigation2/nav2_behaviors) by extension 'ignore_ament_install'
[0.277s] Level 1:colcon.colcon_core.package_identification:_identify(src/rm_navigation2/nav2_behaviors) by extensions ['colcon_pkg']
[0.277s] Level 1:colcon.colcon_core.package_identification:_identify(src/rm_navigation2/nav2_behaviors) by extension 'colcon_pkg'
[0.277s] Level 1:colcon.colcon_core.package_identification:_identify(src/rm_navigation2/nav2_behaviors) by extensions ['colcon_meta']
[0.277s] Level 1:colcon.colcon_core.package_identification:_identify(src/rm_navigation2/nav2_behaviors) by extension 'colcon_meta'
[0.277s] Level 1:colcon.colcon_core.package_identification:_identify(src/rm_navigation2/nav2_behaviors) by extensions ['ros']
[0.277s] Level 1:colcon.colcon_core.package_identification:_identify(src/rm_navigation2/nav2_behaviors) by extension 'ros'
[0.278s] DEBUG:colcon.colcon_core.package_identification:Package 'src/rm_navigation2/nav2_behaviors' with type 'ros.ament_cmake' and name 'nav2_behaviors'
[0.278s] Level 1:colcon.colcon_core.package_identification:_identify(src/rm_navigation2/nav2_bringup) by extensions ['ignore', 'ignore_ament_install']
[0.278s] Level 1:colcon.colcon_core.package_identification:_identify(src/rm_navigation2/nav2_bringup) by extension 'ignore'
[0.278s] Level 1:colcon.colcon_core.package_identification:_identify(src/rm_navigation2/nav2_bringup) by extension 'ignore_ament_install'
[0.278s] Level 1:colcon.colcon_core.package_identification:_identify(src/rm_navigation2/nav2_bringup) by extensions ['colcon_pkg']
[0.278s] Level 1:colcon.colcon_core.package_identification:_identify(src/rm_navigation2/nav2_bringup) by extension 'colcon_pkg'
[0.278s] Level 1:colcon.colcon_core.package_identification:_identify(src/rm_navigation2/nav2_bringup) by extensions ['colcon_meta']
[0.278s] Level 1:colcon.colcon_core.package_identification:_identify(src/rm_navigation2/nav2_bringup) by extension 'colcon_meta'
[0.278s] Level 1:colcon.colcon_core.package_identification:_identify(src/rm_navigation2/nav2_bringup) by extensions ['ros']
[0.278s] Level 1:colcon.colcon_core.package_identification:_identify(src/rm_navigation2/nav2_bringup) by extension 'ros'
[0.278s] DEBUG:colcon.colcon_core.package_identification:Package 'src/rm_navigation2/nav2_bringup' with type 'ros.ament_cmake' and name 'nav2_bringup'
[0.278s] Level 1:colcon.colcon_core.package_identification:_identify(src/rm_navigation2/nav2_bt_navigator) by extensions ['ignore', 'ignore_ament_install']
[0.278s] Level 1:colcon.colcon_core.package_identification:_identify(src/rm_navigation2/nav2_bt_navigator) by extension 'ignore'
[0.278s] Level 1:colcon.colcon_core.package_identification:_identify(src/rm_navigation2/nav2_bt_navigator) by extension 'ignore_ament_install'
[0.278s] Level 1:colcon.colcon_core.package_identification:_identify(src/rm_navigation2/nav2_bt_navigator) by extensions ['colcon_pkg']
[0.278s] Level 1:colcon.colcon_core.package_identification:_identify(src/rm_navigation2/nav2_bt_navigator) by extension 'colcon_pkg'
[0.278s] Level 1:colcon.colcon_core.package_identification:_identify(src/rm_navigation2/nav2_bt_navigator) by extensions ['colcon_meta']
[0.278s] Level 1:colcon.colcon_core.package_identification:_identify(src/rm_navigation2/nav2_bt_navigator) by extension 'colcon_meta'
[0.278s] Level 1:colcon.colcon_core.package_identification:_identify(src/rm_navigation2/nav2_bt_navigator) by extensions ['ros']
[0.278s] Level 1:colcon.colcon_core.package_identification:_identify(src/rm_navigation2/nav2_bt_navigator) by extension 'ros'
[0.279s] DEBUG:colcon.colcon_core.package_identification:Package 'src/rm_navigation2/nav2_bt_navigator' with type 'ros.ament_cmake' and name 'nav2_bt_navigator'
[0.279s] Level 1:colcon.colcon_core.package_identification:_identify(src/rm_navigation2/nav2_collision_monitor) by extensions ['ignore', 'ignore_ament_install']
[0.279s] Level 1:colcon.colcon_core.package_identification:_identify(src/rm_navigation2/nav2_collision_monitor) by extension 'ignore'
[0.279s] Level 1:colcon.colcon_core.package_identification:_identify(src/rm_navigation2/nav2_collision_monitor) by extension 'ignore_ament_install'
[0.279s] Level 1:colcon.colcon_core.package_identification:_identify(src/rm_navigation2/nav2_collision_monitor) by extensions ['colcon_pkg']
[0.279s] Level 1:colcon.colcon_core.package_identification:_identify(src/rm_navigation2/nav2_collision_monitor) by extension 'colcon_pkg'
[0.279s] Level 1:colcon.colcon_core.package_identification:_identify(src/rm_navigation2/nav2_collision_monitor) by extensions ['colcon_meta']
[0.279s] Level 1:colcon.colcon_core.package_identification:_identify(src/rm_navigation2/nav2_collision_monitor) by extension 'colcon_meta'
[0.279s] Level 1:colcon.colcon_core.package_identification:_identify(src/rm_navigation2/nav2_collision_monitor) by extensions ['ros']
[0.279s] Level 1:colcon.colcon_core.package_identification:_identify(src/rm_navigation2/nav2_collision_monitor) by extension 'ros'
[0.280s] DEBUG:colcon.colcon_core.package_identification:Package 'src/rm_navigation2/nav2_collision_monitor' with type 'ros.ament_cmake' and name 'nav2_collision_monitor'
[0.280s] Level 1:colcon.colcon_core.package_identification:_identify(src/rm_navigation2/nav2_common) by extensions ['ignore', 'ignore_ament_install']
[0.280s] Level 1:colcon.colcon_core.package_identification:_identify(src/rm_navigation2/nav2_common) by extension 'ignore'
[0.280s] Level 1:colcon.colcon_core.package_identification:_identify(src/rm_navigation2/nav2_common) by extension 'ignore_ament_install'
[0.280s] Level 1:colcon.colcon_core.package_identification:_identify(src/rm_navigation2/nav2_common) by extensions ['colcon_pkg']
[0.280s] Level 1:colcon.colcon_core.package_identification:_identify(src/rm_navigation2/nav2_common) by extension 'colcon_pkg'
[0.280s] Level 1:colcon.colcon_core.package_identification:_identify(src/rm_navigation2/nav2_common) by extensions ['colcon_meta']
[0.280s] Level 1:colcon.colcon_core.package_identification:_identify(src/rm_navigation2/nav2_common) by extension 'colcon_meta'
[0.280s] Level 1:colcon.colcon_core.package_identification:_identify(src/rm_navigation2/nav2_common) by extensions ['ros']
[0.280s] Level 1:colcon.colcon_core.package_identification:_identify(src/rm_navigation2/nav2_common) by extension 'ros'
[0.280s] DEBUG:colcon.colcon_core.package_identification:Package 'src/rm_navigation2/nav2_common' with type 'ros.ament_cmake' and name 'nav2_common'
[0.280s] Level 1:colcon.colcon_core.package_identification:_identify(src/rm_navigation2/nav2_constrained_smoother) by extensions ['ignore', 'ignore_ament_install']
[0.280s] Level 1:colcon.colcon_core.package_identification:_identify(src/rm_navigation2/nav2_constrained_smoother) by extension 'ignore'
[0.280s] Level 1:colcon.colcon_core.package_identification:_identify(src/rm_navigation2/nav2_constrained_smoother) by extension 'ignore_ament_install'
[0.280s] Level 1:colcon.colcon_core.package_identification:_identify(src/rm_navigation2/nav2_constrained_smoother) by extensions ['colcon_pkg']
[0.280s] Level 1:colcon.colcon_core.package_identification:_identify(src/rm_navigation2/nav2_constrained_smoother) by extension 'colcon_pkg'
[0.280s] Level 1:colcon.colcon_core.package_identification:_identify(src/rm_navigation2/nav2_constrained_smoother) by extensions ['colcon_meta']
[0.280s] Level 1:colcon.colcon_core.package_identification:_identify(src/rm_navigation2/nav2_constrained_smoother) by extension 'colcon_meta'
[0.280s] Level 1:colcon.colcon_core.package_identification:_identify(src/rm_navigation2/nav2_constrained_smoother) by extensions ['ros']
[0.280s] Level 1:colcon.colcon_core.package_identification:_identify(src/rm_navigation2/nav2_constrained_smoother) by extension 'ros'
[0.281s] DEBUG:colcon.colcon_core.package_identification:Package 'src/rm_navigation2/nav2_constrained_smoother' with type 'ros.ament_cmake' and name 'nav2_constrained_smoother'
[0.281s] Level 1:colcon.colcon_core.package_identification:_identify(src/rm_navigation2/nav2_controller) by extensions ['ignore', 'ignore_ament_install']
[0.281s] Level 1:colcon.colcon_core.package_identification:_identify(src/rm_navigation2/nav2_controller) by extension 'ignore'
[0.281s] Level 1:colcon.colcon_core.package_identification:_identify(src/rm_navigation2/nav2_controller) by extension 'ignore_ament_install'
[0.281s] Level 1:colcon.colcon_core.package_identification:_identify(src/rm_navigation2/nav2_controller) by extensions ['colcon_pkg']
[0.281s] Level 1:colcon.colcon_core.package_identification:_identify(src/rm_navigation2/nav2_controller) by extension 'colcon_pkg'
[0.281s] Level 1:colcon.colcon_core.package_identification:_identify(src/rm_navigation2/nav2_controller) by extensions ['colcon_meta']
[0.281s] Level 1:colcon.colcon_core.package_identification:_identify(src/rm_navigation2/nav2_controller) by extension 'colcon_meta'
[0.281s] Level 1:colcon.colcon_core.package_identification:_identify(src/rm_navigation2/nav2_controller) by extensions ['ros']
[0.281s] Level 1:colcon.colcon_core.package_identification:_identify(src/rm_navigation2/nav2_controller) by extension 'ros'
[0.282s] DEBUG:colcon.colcon_core.package_identification:Package 'src/rm_navigation2/nav2_controller' with type 'ros.ament_cmake' and name 'nav2_controller'
[0.282s] Level 1:colcon.colcon_core.package_identification:_identify(src/rm_navigation2/nav2_core) by extensions ['ignore', 'ignore_ament_install']
[0.282s] Level 1:colcon.colcon_core.package_identification:_identify(src/rm_navigation2/nav2_core) by extension 'ignore'
[0.282s] Level 1:colcon.colcon_core.package_identification:_identify(src/rm_navigation2/nav2_core) by extension 'ignore_ament_install'
[0.282s] Level 1:colcon.colcon_core.package_identification:_identify(src/rm_navigation2/nav2_core) by extensions ['colcon_pkg']
[0.282s] Level 1:colcon.colcon_core.package_identification:_identify(src/rm_navigation2/nav2_core) by extension 'colcon_pkg'
[0.282s] Level 1:colcon.colcon_core.package_identification:_identify(src/rm_navigation2/nav2_core) by extensions ['colcon_meta']
[0.282s] Level 1:colcon.colcon_core.package_identification:_identify(src/rm_navigation2/nav2_core) by extension 'colcon_meta'
[0.282s] Level 1:colcon.colcon_core.package_identification:_identify(src/rm_navigation2/nav2_core) by extensions ['ros']
[0.282s] Level 1:colcon.colcon_core.package_identification:_identify(src/rm_navigation2/nav2_core) by extension 'ros'
[0.283s] DEBUG:colcon.colcon_core.package_identification:Package 'src/rm_navigation2/nav2_core' with type 'ros.ament_cmake' and name 'nav2_core'
[0.283s] Level 1:colcon.colcon_core.package_identification:_identify(src/rm_navigation2/nav2_costmap_2d) by extensions ['ignore', 'ignore_ament_install']
[0.283s] Level 1:colcon.colcon_core.package_identification:_identify(src/rm_navigation2/nav2_costmap_2d) by extension 'ignore'
[0.283s] Level 1:colcon.colcon_core.package_identification:_identify(src/rm_navigation2/nav2_costmap_2d) by extension 'ignore_ament_install'
[0.283s] Level 1:colcon.colcon_core.package_identification:_identify(src/rm_navigation2/nav2_costmap_2d) by extensions ['colcon_pkg']
[0.283s] Level 1:colcon.colcon_core.package_identification:_identify(src/rm_navigation2/nav2_costmap_2d) by extension 'colcon_pkg'
[0.283s] Level 1:colcon.colcon_core.package_identification:_identify(src/rm_navigation2/nav2_costmap_2d) by extensions ['colcon_meta']
[0.283s] Level 1:colcon.colcon_core.package_identification:_identify(src/rm_navigation2/nav2_costmap_2d) by extension 'colcon_meta'
[0.283s] Level 1:colcon.colcon_core.package_identification:_identify(src/rm_navigation2/nav2_costmap_2d) by extensions ['ros']
[0.283s] Level 1:colcon.colcon_core.package_identification:_identify(src/rm_navigation2/nav2_costmap_2d) by extension 'ros'
[0.284s] DEBUG:colcon.colcon_core.package_identification:Package 'src/rm_navigation2/nav2_costmap_2d' with type 'ros.ament_cmake' and name 'nav2_costmap_2d'
[0.284s] Level 1:colcon.colcon_core.package_identification:_identify(src/rm_navigation2/nav2_dwb_controller) by extensions ['ignore', 'ignore_ament_install']
[0.284s] Level 1:colcon.colcon_core.package_identification:_identify(src/rm_navigation2/nav2_dwb_controller) by extension 'ignore'
[0.284s] Level 1:colcon.colcon_core.package_identification:_identify(src/rm_navigation2/nav2_dwb_controller) by extension 'ignore_ament_install'
[0.284s] Level 1:colcon.colcon_core.package_identification:_identify(src/rm_navigation2/nav2_dwb_controller) by extensions ['colcon_pkg']
[0.284s] Level 1:colcon.colcon_core.package_identification:_identify(src/rm_navigation2/nav2_dwb_controller) by extension 'colcon_pkg'
[0.284s] Level 1:colcon.colcon_core.package_identification:_identify(src/rm_navigation2/nav2_dwb_controller) by extensions ['colcon_meta']
[0.284s] Level 1:colcon.colcon_core.package_identification:_identify(src/rm_navigation2/nav2_dwb_controller) by extension 'colcon_meta'
[0.284s] Level 1:colcon.colcon_core.package_identification:_identify(src/rm_navigation2/nav2_dwb_controller) by extensions ['ros']
[0.284s] Level 1:colcon.colcon_core.package_identification:_identify(src/rm_navigation2/nav2_dwb_controller) by extension 'ros'
[0.284s] Level 1:colcon.colcon_core.package_identification:_identify(src/rm_navigation2/nav2_dwb_controller) by extensions ['cmake', 'python']
[0.284s] Level 1:colcon.colcon_core.package_identification:_identify(src/rm_navigation2/nav2_dwb_controller) by extension 'cmake'
[0.284s] Level 1:colcon.colcon_core.package_identification:_identify(src/rm_navigation2/nav2_dwb_controller) by extension 'python'
[0.284s] Level 1:colcon.colcon_core.package_identification:_identify(src/rm_navigation2/nav2_dwb_controller) by extensions ['python_setup_py']
[0.284s] Level 1:colcon.colcon_core.package_identification:_identify(src/rm_navigation2/nav2_dwb_controller) by extension 'python_setup_py'
[0.284s] Level 1:colcon.colcon_core.package_identification:_identify(src/rm_navigation2/nav2_dwb_controller/costmap_queue) by extensions ['ignore', 'ignore_ament_install']
[0.284s] Level 1:colcon.colcon_core.package_identification:_identify(src/rm_navigation2/nav2_dwb_controller/costmap_queue) by extension 'ignore'
[0.284s] Level 1:colcon.colcon_core.package_identification:_identify(src/rm_navigation2/nav2_dwb_controller/costmap_queue) by extension 'ignore_ament_install'
[0.284s] Level 1:colcon.colcon_core.package_identification:_identify(src/rm_navigation2/nav2_dwb_controller/costmap_queue) by extensions ['colcon_pkg']
[0.284s] Level 1:colcon.colcon_core.package_identification:_identify(src/rm_navigation2/nav2_dwb_controller/costmap_queue) by extension 'colcon_pkg'
[0.284s] Level 1:colcon.colcon_core.package_identification:_identify(src/rm_navigation2/nav2_dwb_controller/costmap_queue) by extensions ['colcon_meta']
[0.284s] Level 1:colcon.colcon_core.package_identification:_identify(src/rm_navigation2/nav2_dwb_controller/costmap_queue) by extension 'colcon_meta'
[0.284s] Level 1:colcon.colcon_core.package_identification:_identify(src/rm_navigation2/nav2_dwb_controller/costmap_queue) by extensions ['ros']
[0.284s] Level 1:colcon.colcon_core.package_identification:_identify(src/rm_navigation2/nav2_dwb_controller/costmap_queue) by extension 'ros'
[0.285s] DEBUG:colcon.colcon_core.package_identification:Package 'src/rm_navigation2/nav2_dwb_controller/costmap_queue' with type 'ros.ament_cmake' and name 'costmap_queue'
[0.285s] Level 1:colcon.colcon_core.package_identification:_identify(src/rm_navigation2/nav2_dwb_controller/dwb_core) by extensions ['ignore', 'ignore_ament_install']
[0.285s] Level 1:colcon.colcon_core.package_identification:_identify(src/rm_navigation2/nav2_dwb_controller/dwb_core) by extension 'ignore'
[0.285s] Level 1:colcon.colcon_core.package_identification:_identify(src/rm_navigation2/nav2_dwb_controller/dwb_core) by extension 'ignore_ament_install'
[0.285s] Level 1:colcon.colcon_core.package_identification:_identify(src/rm_navigation2/nav2_dwb_controller/dwb_core) by extensions ['colcon_pkg']
[0.285s] Level 1:colcon.colcon_core.package_identification:_identify(src/rm_navigation2/nav2_dwb_controller/dwb_core) by extension 'colcon_pkg'
[0.285s] Level 1:colcon.colcon_core.package_identification:_identify(src/rm_navigation2/nav2_dwb_controller/dwb_core) by extensions ['colcon_meta']
[0.285s] Level 1:colcon.colcon_core.package_identification:_identify(src/rm_navigation2/nav2_dwb_controller/dwb_core) by extension 'colcon_meta'
[0.285s] Level 1:colcon.colcon_core.package_identification:_identify(src/rm_navigation2/nav2_dwb_controller/dwb_core) by extensions ['ros']
[0.285s] Level 1:colcon.colcon_core.package_identification:_identify(src/rm_navigation2/nav2_dwb_controller/dwb_core) by extension 'ros'
[0.285s] DEBUG:colcon.colcon_core.package_identification:Package 'src/rm_navigation2/nav2_dwb_controller/dwb_core' with type 'ros.ament_cmake' and name 'dwb_core'
[0.285s] Level 1:colcon.colcon_core.package_identification:_identify(src/rm_navigation2/nav2_dwb_controller/dwb_critics) by extensions ['ignore', 'ignore_ament_install']
[0.285s] Level 1:colcon.colcon_core.package_identification:_identify(src/rm_navigation2/nav2_dwb_controller/dwb_critics) by extension 'ignore'
[0.285s] Level 1:colcon.colcon_core.package_identification:_identify(src/rm_navigation2/nav2_dwb_controller/dwb_critics) by extension 'ignore_ament_install'
[0.285s] Level 1:colcon.colcon_core.package_identification:_identify(src/rm_navigation2/nav2_dwb_controller/dwb_critics) by extensions ['colcon_pkg']
[0.285s] Level 1:colcon.colcon_core.package_identification:_identify(src/rm_navigation2/nav2_dwb_controller/dwb_critics) by extension 'colcon_pkg'
[0.285s] Level 1:colcon.colcon_core.package_identification:_identify(src/rm_navigation2/nav2_dwb_controller/dwb_critics) by extensions ['colcon_meta']
[0.285s] Level 1:colcon.colcon_core.package_identification:_identify(src/rm_navigation2/nav2_dwb_controller/dwb_critics) by extension 'colcon_meta'
[0.285s] Level 1:colcon.colcon_core.package_identification:_identify(src/rm_navigation2/nav2_dwb_controller/dwb_critics) by extensions ['ros']
[0.285s] Level 1:colcon.colcon_core.package_identification:_identify(src/rm_navigation2/nav2_dwb_controller/dwb_critics) by extension 'ros'
[0.286s] DEBUG:colcon.colcon_core.package_identification:Package 'src/rm_navigation2/nav2_dwb_controller/dwb_critics' with type 'ros.ament_cmake' and name 'dwb_critics'
[0.286s] Level 1:colcon.colcon_core.package_identification:_identify(src/rm_navigation2/nav2_dwb_controller/dwb_msgs) by extensions ['ignore', 'ignore_ament_install']
[0.286s] Level 1:colcon.colcon_core.package_identification:_identify(src/rm_navigation2/nav2_dwb_controller/dwb_msgs) by extension 'ignore'
[0.286s] Level 1:colcon.colcon_core.package_identification:_identify(src/rm_navigation2/nav2_dwb_controller/dwb_msgs) by extension 'ignore_ament_install'
[0.286s] Level 1:colcon.colcon_core.package_identification:_identify(src/rm_navigation2/nav2_dwb_controller/dwb_msgs) by extensions ['colcon_pkg']
[0.286s] Level 1:colcon.colcon_core.package_identification:_identify(src/rm_navigation2/nav2_dwb_controller/dwb_msgs) by extension 'colcon_pkg'
[0.286s] Level 1:colcon.colcon_core.package_identification:_identify(src/rm_navigation2/nav2_dwb_controller/dwb_msgs) by extensions ['colcon_meta']
[0.286s] Level 1:colcon.colcon_core.package_identification:_identify(src/rm_navigation2/nav2_dwb_controller/dwb_msgs) by extension 'colcon_meta'
[0.286s] Level 1:colcon.colcon_core.package_identification:_identify(src/rm_navigation2/nav2_dwb_controller/dwb_msgs) by extensions ['ros']
[0.286s] Level 1:colcon.colcon_core.package_identification:_identify(src/rm_navigation2/nav2_dwb_controller/dwb_msgs) by extension 'ros'
[0.287s] DEBUG:colcon.colcon_core.package_identification:Package 'src/rm_navigation2/nav2_dwb_controller/dwb_msgs' with type 'ros.ament_cmake' and name 'dwb_msgs'
[0.287s] Level 1:colcon.colcon_core.package_identification:_identify(src/rm_navigation2/nav2_dwb_controller/dwb_plugins) by extensions ['ignore', 'ignore_ament_install']
[0.287s] Level 1:colcon.colcon_core.package_identification:_identify(src/rm_navigation2/nav2_dwb_controller/dwb_plugins) by extension 'ignore'
[0.287s] Level 1:colcon.colcon_core.package_identification:_identify(src/rm_navigation2/nav2_dwb_controller/dwb_plugins) by extension 'ignore_ament_install'
[0.287s] Level 1:colcon.colcon_core.package_identification:_identify(src/rm_navigation2/nav2_dwb_controller/dwb_plugins) by extensions ['colcon_pkg']
[0.287s] Level 1:colcon.colcon_core.package_identification:_identify(src/rm_navigation2/nav2_dwb_controller/dwb_plugins) by extension 'colcon_pkg'
[0.287s] Level 1:colcon.colcon_core.package_identification:_identify(src/rm_navigation2/nav2_dwb_controller/dwb_plugins) by extensions ['colcon_meta']
[0.287s] Level 1:colcon.colcon_core.package_identification:_identify(src/rm_navigation2/nav2_dwb_controller/dwb_plugins) by extension 'colcon_meta'
[0.287s] Level 1:colcon.colcon_core.package_identification:_identify(src/rm_navigation2/nav2_dwb_controller/dwb_plugins) by extensions ['ros']
[0.287s] Level 1:colcon.colcon_core.package_identification:_identify(src/rm_navigation2/nav2_dwb_controller/dwb_plugins) by extension 'ros'
[0.287s] DEBUG:colcon.colcon_core.package_identification:Package 'src/rm_navigation2/nav2_dwb_controller/dwb_plugins' with type 'ros.ament_cmake' and name 'dwb_plugins'
[0.287s] Level 1:colcon.colcon_core.package_identification:_identify(src/rm_navigation2/nav2_dwb_controller/images) by extensions ['ignore', 'ignore_ament_install']
[0.287s] Level 1:colcon.colcon_core.package_identification:_identify(src/rm_navigation2/nav2_dwb_controller/images) by extension 'ignore'
[0.287s] Level 1:colcon.colcon_core.package_identification:_identify(src/rm_navigation2/nav2_dwb_controller/images) by extension 'ignore_ament_install'
[0.287s] Level 1:colcon.colcon_core.package_identification:_identify(src/rm_navigation2/nav2_dwb_controller/images) by extensions ['colcon_pkg']
[0.287s] Level 1:colcon.colcon_core.package_identification:_identify(src/rm_navigation2/nav2_dwb_controller/images) by extension 'colcon_pkg'
[0.287s] Level 1:colcon.colcon_core.package_identification:_identify(src/rm_navigation2/nav2_dwb_controller/images) by extensions ['colcon_meta']
[0.287s] Level 1:colcon.colcon_core.package_identification:_identify(src/rm_navigation2/nav2_dwb_controller/images) by extension 'colcon_meta'
[0.287s] Level 1:colcon.colcon_core.package_identification:_identify(src/rm_navigation2/nav2_dwb_controller/images) by extensions ['ros']
[0.287s] Level 1:colcon.colcon_core.package_identification:_identify(src/rm_navigation2/nav2_dwb_controller/images) by extension 'ros'
[0.288s] Level 1:colcon.colcon_core.package_identification:_identify(src/rm_navigation2/nav2_dwb_controller/images) by extensions ['cmake', 'python']
[0.288s] Level 1:colcon.colcon_core.package_identification:_identify(src/rm_navigation2/nav2_dwb_controller/images) by extension 'cmake'
[0.288s] Level 1:colcon.colcon_core.package_identification:_identify(src/rm_navigation2/nav2_dwb_controller/images) by extension 'python'
[0.288s] Level 1:colcon.colcon_core.package_identification:_identify(src/rm_navigation2/nav2_dwb_controller/images) by extensions ['python_setup_py']
[0.288s] Level 1:colcon.colcon_core.package_identification:_identify(src/rm_navigation2/nav2_dwb_controller/images) by extension 'python_setup_py'
[0.288s] Level 1:colcon.colcon_core.package_identification:_identify(src/rm_navigation2/nav2_dwb_controller/nav2_dwb_controller) by extensions ['ignore', 'ignore_ament_install']
[0.288s] Level 1:colcon.colcon_core.package_identification:_identify(src/rm_navigation2/nav2_dwb_controller/nav2_dwb_controller) by extension 'ignore'
[0.288s] Level 1:colcon.colcon_core.package_identification:_identify(src/rm_navigation2/nav2_dwb_controller/nav2_dwb_controller) by extension 'ignore_ament_install'
[0.288s] Level 1:colcon.colcon_core.package_identification:_identify(src/rm_navigation2/nav2_dwb_controller/nav2_dwb_controller) by extensions ['colcon_pkg']
[0.288s] Level 1:colcon.colcon_core.package_identification:_identify(src/rm_navigation2/nav2_dwb_controller/nav2_dwb_controller) by extension 'colcon_pkg'
[0.288s] Level 1:colcon.colcon_core.package_identification:_identify(src/rm_navigation2/nav2_dwb_controller/nav2_dwb_controller) by extensions ['colcon_meta']
[0.288s] Level 1:colcon.colcon_core.package_identification:_identify(src/rm_navigation2/nav2_dwb_controller/nav2_dwb_controller) by extension 'colcon_meta'
[0.288s] Level 1:colcon.colcon_core.package_identification:_identify(src/rm_navigation2/nav2_dwb_controller/nav2_dwb_controller) by extensions ['ros']
[0.288s] Level 1:colcon.colcon_core.package_identification:_identify(src/rm_navigation2/nav2_dwb_controller/nav2_dwb_controller) by extension 'ros'
[0.288s] DEBUG:colcon.colcon_core.package_identification:Package 'src/rm_navigation2/nav2_dwb_controller/nav2_dwb_controller' with type 'ros.ament_cmake' and name 'nav2_dwb_controller'
[0.288s] Level 1:colcon.colcon_core.package_identification:_identify(src/rm_navigation2/nav2_dwb_controller/nav_2d_msgs) by extensions ['ignore', 'ignore_ament_install']
[0.288s] Level 1:colcon.colcon_core.package_identification:_identify(src/rm_navigation2/nav2_dwb_controller/nav_2d_msgs) by extension 'ignore'
[0.288s] Level 1:colcon.colcon_core.package_identification:_identify(src/rm_navigation2/nav2_dwb_controller/nav_2d_msgs) by extension 'ignore_ament_install'
[0.288s] Level 1:colcon.colcon_core.package_identification:_identify(src/rm_navigation2/nav2_dwb_controller/nav_2d_msgs) by extensions ['colcon_pkg']
[0.288s] Level 1:colcon.colcon_core.package_identification:_identify(src/rm_navigation2/nav2_dwb_controller/nav_2d_msgs) by extension 'colcon_pkg'
[0.288s] Level 1:colcon.colcon_core.package_identification:_identify(src/rm_navigation2/nav2_dwb_controller/nav_2d_msgs) by extensions ['colcon_meta']
[0.288s] Level 1:colcon.colcon_core.package_identification:_identify(src/rm_navigation2/nav2_dwb_controller/nav_2d_msgs) by extension 'colcon_meta'
[0.288s] Level 1:colcon.colcon_core.package_identification:_identify(src/rm_navigation2/nav2_dwb_controller/nav_2d_msgs) by extensions ['ros']
[0.288s] Level 1:colcon.colcon_core.package_identification:_identify(src/rm_navigation2/nav2_dwb_controller/nav_2d_msgs) by extension 'ros'
[0.289s] DEBUG:colcon.colcon_core.package_identification:Package 'src/rm_navigation2/nav2_dwb_controller/nav_2d_msgs' with type 'ros.ament_cmake' and name 'nav_2d_msgs'
[0.289s] Level 1:colcon.colcon_core.package_identification:_identify(src/rm_navigation2/nav2_dwb_controller/nav_2d_utils) by extensions ['ignore', 'ignore_ament_install']
[0.289s] Level 1:colcon.colcon_core.package_identification:_identify(src/rm_navigation2/nav2_dwb_controller/nav_2d_utils) by extension 'ignore'
[0.289s] Level 1:colcon.colcon_core.package_identification:_identify(src/rm_navigation2/nav2_dwb_controller/nav_2d_utils) by extension 'ignore_ament_install'
[0.289s] Level 1:colcon.colcon_core.package_identification:_identify(src/rm_navigation2/nav2_dwb_controller/nav_2d_utils) by extensions ['colcon_pkg']
[0.289s] Level 1:colcon.colcon_core.package_identification:_identify(src/rm_navigation2/nav2_dwb_controller/nav_2d_utils) by extension 'colcon_pkg'
[0.289s] Level 1:colcon.colcon_core.package_identification:_identify(src/rm_navigation2/nav2_dwb_controller/nav_2d_utils) by extensions ['colcon_meta']
[0.289s] Level 1:colcon.colcon_core.package_identification:_identify(src/rm_navigation2/nav2_dwb_controller/nav_2d_utils) by extension 'colcon_meta'
[0.289s] Level 1:colcon.colcon_core.package_identification:_identify(src/rm_navigation2/nav2_dwb_controller/nav_2d_utils) by extensions ['ros']
[0.289s] Level 1:colcon.colcon_core.package_identification:_identify(src/rm_navigation2/nav2_dwb_controller/nav_2d_utils) by extension 'ros'
[0.290s] DEBUG:colcon.colcon_core.package_identification:Package 'src/rm_navigation2/nav2_dwb_controller/nav_2d_utils' with type 'ros.ament_cmake' and name 'nav_2d_utils'
[0.290s] Level 1:colcon.colcon_core.package_identification:_identify(src/rm_navigation2/nav2_graceful_controller) by extensions ['ignore', 'ignore_ament_install']
[0.290s] Level 1:colcon.colcon_core.package_identification:_identify(src/rm_navigation2/nav2_graceful_controller) by extension 'ignore'
[0.290s] Level 1:colcon.colcon_core.package_identification:_identify(src/rm_navigation2/nav2_graceful_controller) by extension 'ignore_ament_install'
[0.290s] Level 1:colcon.colcon_core.package_identification:_identify(src/rm_navigation2/nav2_graceful_controller) by extensions ['colcon_pkg']
[0.290s] Level 1:colcon.colcon_core.package_identification:_identify(src/rm_navigation2/nav2_graceful_controller) by extension 'colcon_pkg'
[0.290s] Level 1:colcon.colcon_core.package_identification:_identify(src/rm_navigation2/nav2_graceful_controller) by extensions ['colcon_meta']
[0.290s] Level 1:colcon.colcon_core.package_identification:_identify(src/rm_navigation2/nav2_graceful_controller) by extension 'colcon_meta'
[0.290s] Level 1:colcon.colcon_core.package_identification:_identify(src/rm_navigation2/nav2_graceful_controller) by extensions ['ros']
[0.290s] Level 1:colcon.colcon_core.package_identification:_identify(src/rm_navigation2/nav2_graceful_controller) by extension 'ros'
[0.291s] DEBUG:colcon.colcon_core.package_identification:Package 'src/rm_navigation2/nav2_graceful_controller' with type 'ros.ament_cmake' and name 'nav2_graceful_controller'
[0.291s] Level 1:colcon.colcon_core.package_identification:_identify(src/rm_navigation2/nav2_lifecycle_manager) by extensions ['ignore', 'ignore_ament_install']
[0.291s] Level 1:colcon.colcon_core.package_identification:_identify(src/rm_navigation2/nav2_lifecycle_manager) by extension 'ignore'
[0.291s] Level 1:colcon.colcon_core.package_identification:_identify(src/rm_navigation2/nav2_lifecycle_manager) by extension 'ignore_ament_install'
[0.291s] Level 1:colcon.colcon_core.package_identification:_identify(src/rm_navigation2/nav2_lifecycle_manager) by extensions ['colcon_pkg']
[0.291s] Level 1:colcon.colcon_core.package_identification:_identify(src/rm_navigation2/nav2_lifecycle_manager) by extension 'colcon_pkg'
[0.291s] Level 1:colcon.colcon_core.package_identification:_identify(src/rm_navigation2/nav2_lifecycle_manager) by extensions ['colcon_meta']
[0.291s] Level 1:colcon.colcon_core.package_identification:_identify(src/rm_navigation2/nav2_lifecycle_manager) by extension 'colcon_meta'
[0.291s] Level 1:colcon.colcon_core.package_identification:_identify(src/rm_navigation2/nav2_lifecycle_manager) by extensions ['ros']
[0.291s] Level 1:colcon.colcon_core.package_identification:_identify(src/rm_navigation2/nav2_lifecycle_manager) by extension 'ros'
[0.291s] DEBUG:colcon.colcon_core.package_identification:Package 'src/rm_navigation2/nav2_lifecycle_manager' with type 'ros.ament_cmake' and name 'nav2_lifecycle_manager'
[0.292s] Level 1:colcon.colcon_core.package_identification:_identify(src/rm_navigation2/nav2_map_server) by extensions ['ignore', 'ignore_ament_install']
[0.292s] Level 1:colcon.colcon_core.package_identification:_identify(src/rm_navigation2/nav2_map_server) by extension 'ignore'
[0.292s] Level 1:colcon.colcon_core.package_identification:_identify(src/rm_navigation2/nav2_map_server) by extension 'ignore_ament_install'
[0.292s] Level 1:colcon.colcon_core.package_identification:_identify(src/rm_navigation2/nav2_map_server) by extensions ['colcon_pkg']
[0.292s] Level 1:colcon.colcon_core.package_identification:_identify(src/rm_navigation2/nav2_map_server) by extension 'colcon_pkg'
[0.292s] Level 1:colcon.colcon_core.package_identification:_identify(src/rm_navigation2/nav2_map_server) by extensions ['colcon_meta']
[0.292s] Level 1:colcon.colcon_core.package_identification:_identify(src/rm_navigation2/nav2_map_server) by extension 'colcon_meta'
[0.292s] Level 1:colcon.colcon_core.package_identification:_identify(src/rm_navigation2/nav2_map_server) by extensions ['ros']
[0.292s] Level 1:colcon.colcon_core.package_identification:_identify(src/rm_navigation2/nav2_map_server) by extension 'ros'
[0.293s] DEBUG:colcon.colcon_core.package_identification:Package 'src/rm_navigation2/nav2_map_server' with type 'ros.ament_cmake' and name 'nav2_map_server'
[0.293s] Level 1:colcon.colcon_core.package_identification:_identify(src/rm_navigation2/nav2_mppi_controller) by extensions ['ignore', 'ignore_ament_install']
[0.293s] Level 1:colcon.colcon_core.package_identification:_identify(src/rm_navigation2/nav2_mppi_controller) by extension 'ignore'
[0.293s] Level 1:colcon.colcon_core.package_identification:_identify(src/rm_navigation2/nav2_mppi_controller) by extension 'ignore_ament_install'
[0.293s] Level 1:colcon.colcon_core.package_identification:_identify(src/rm_navigation2/nav2_mppi_controller) by extensions ['colcon_pkg']
[0.293s] Level 1:colcon.colcon_core.package_identification:_identify(src/rm_navigation2/nav2_mppi_controller) by extension 'colcon_pkg'
[0.293s] Level 1:colcon.colcon_core.package_identification:_identify(src/rm_navigation2/nav2_mppi_controller) by extensions ['colcon_meta']
[0.293s] Level 1:colcon.colcon_core.package_identification:_identify(src/rm_navigation2/nav2_mppi_controller) by extension 'colcon_meta'
[0.293s] Level 1:colcon.colcon_core.package_identification:_identify(src/rm_navigation2/nav2_mppi_controller) by extensions ['ros']
[0.293s] Level 1:colcon.colcon_core.package_identification:_identify(src/rm_navigation2/nav2_mppi_controller) by extension 'ros'
[0.294s] DEBUG:colcon.colcon_core.package_identification:Package 'src/rm_navigation2/nav2_mppi_controller' with type 'ros.ament_cmake' and name 'nav2_mppi_controller'
[0.294s] Level 1:colcon.colcon_core.package_identification:_identify(src/rm_navigation2/nav2_msgs) by extensions ['ignore', 'ignore_ament_install']
[0.294s] Level 1:colcon.colcon_core.package_identification:_identify(src/rm_navigation2/nav2_msgs) by extension 'ignore'
[0.294s] Level 1:colcon.colcon_core.package_identification:_identify(src/rm_navigation2/nav2_msgs) by extension 'ignore_ament_install'
[0.294s] Level 1:colcon.colcon_core.package_identification:_identify(src/rm_navigation2/nav2_msgs) by extensions ['colcon_pkg']
[0.294s] Level 1:colcon.colcon_core.package_identification:_identify(src/rm_navigation2/nav2_msgs) by extension 'colcon_pkg'
[0.294s] Level 1:colcon.colcon_core.package_identification:_identify(src/rm_navigation2/nav2_msgs) by extensions ['colcon_meta']
[0.294s] Level 1:colcon.colcon_core.package_identification:_identify(src/rm_navigation2/nav2_msgs) by extension 'colcon_meta'
[0.294s] Level 1:colcon.colcon_core.package_identification:_identify(src/rm_navigation2/nav2_msgs) by extensions ['ros']
[0.294s] Level 1:colcon.colcon_core.package_identification:_identify(src/rm_navigation2/nav2_msgs) by extension 'ros'
[0.295s] DEBUG:colcon.colcon_core.package_identification:Package 'src/rm_navigation2/nav2_msgs' with type 'ros.ament_cmake' and name 'nav2_msgs'
[0.295s] Level 1:colcon.colcon_core.package_identification:_identify(src/rm_navigation2/nav2_navfn_planner) by extensions ['ignore', 'ignore_ament_install']
[0.295s] Level 1:colcon.colcon_core.package_identification:_identify(src/rm_navigation2/nav2_navfn_planner) by extension 'ignore'
[0.295s] Level 1:colcon.colcon_core.package_identification:_identify(src/rm_navigation2/nav2_navfn_planner) by extension 'ignore_ament_install'
[0.295s] Level 1:colcon.colcon_core.package_identification:_identify(src/rm_navigation2/nav2_navfn_planner) by extensions ['colcon_pkg']
[0.295s] Level 1:colcon.colcon_core.package_identification:_identify(src/rm_navigation2/nav2_navfn_planner) by extension 'colcon_pkg'
[0.295s] Level 1:colcon.colcon_core.package_identification:_identify(src/rm_navigation2/nav2_navfn_planner) by extensions ['colcon_meta']
[0.295s] Level 1:colcon.colcon_core.package_identification:_identify(src/rm_navigation2/nav2_navfn_planner) by extension 'colcon_meta'
[0.295s] Level 1:colcon.colcon_core.package_identification:_identify(src/rm_navigation2/nav2_navfn_planner) by extensions ['ros']
[0.295s] Level 1:colcon.colcon_core.package_identification:_identify(src/rm_navigation2/nav2_navfn_planner) by extension 'ros'
[0.296s] DEBUG:colcon.colcon_core.package_identification:Package 'src/rm_navigation2/nav2_navfn_planner' with type 'ros.ament_cmake' and name 'nav2_navfn_planner'
[0.296s] Level 1:colcon.colcon_core.package_identification:_identify(src/rm_navigation2/nav2_planner) by extensions ['ignore', 'ignore_ament_install']
[0.296s] Level 1:colcon.colcon_core.package_identification:_identify(src/rm_navigation2/nav2_planner) by extension 'ignore'
[0.296s] Level 1:colcon.colcon_core.package_identification:_identify(src/rm_navigation2/nav2_planner) by extension 'ignore_ament_install'
[0.296s] Level 1:colcon.colcon_core.package_identification:_identify(src/rm_navigation2/nav2_planner) by extensions ['colcon_pkg']
[0.296s] Level 1:colcon.colcon_core.package_identification:_identify(src/rm_navigation2/nav2_planner) by extension 'colcon_pkg'
[0.296s] Level 1:colcon.colcon_core.package_identification:_identify(src/rm_navigation2/nav2_planner) by extensions ['colcon_meta']
[0.296s] Level 1:colcon.colcon_core.package_identification:_identify(src/rm_navigation2/nav2_planner) by extension 'colcon_meta'
[0.296s] Level 1:colcon.colcon_core.package_identification:_identify(src/rm_navigation2/nav2_planner) by extensions ['ros']
[0.296s] Level 1:colcon.colcon_core.package_identification:_identify(src/rm_navigation2/nav2_planner) by extension 'ros'
[0.297s] DEBUG:colcon.colcon_core.package_identification:Package 'src/rm_navigation2/nav2_planner' with type 'ros.ament_cmake' and name 'nav2_planner'
[0.297s] Level 1:colcon.colcon_core.package_identification:_identify(src/rm_navigation2/nav2_regulated_pure_pursuit_controller) by extensions ['ignore', 'ignore_ament_install']
[0.297s] Level 1:colcon.colcon_core.package_identification:_identify(src/rm_navigation2/nav2_regulated_pure_pursuit_controller) by extension 'ignore'
[0.297s] Level 1:colcon.colcon_core.package_identification:_identify(src/rm_navigation2/nav2_regulated_pure_pursuit_controller) by extension 'ignore_ament_install'
[0.297s] Level 1:colcon.colcon_core.package_identification:_identify(src/rm_navigation2/nav2_regulated_pure_pursuit_controller) by extensions ['colcon_pkg']
[0.297s] Level 1:colcon.colcon_core.package_identification:_identify(src/rm_navigation2/nav2_regulated_pure_pursuit_controller) by extension 'colcon_pkg'
[0.297s] Level 1:colcon.colcon_core.package_identification:_identify(src/rm_navigation2/nav2_regulated_pure_pursuit_controller) by extensions ['colcon_meta']
[0.297s] Level 1:colcon.colcon_core.package_identification:_identify(src/rm_navigation2/nav2_regulated_pure_pursuit_controller) by extension 'colcon_meta'
[0.298s] Level 1:colcon.colcon_core.package_identification:_identify(src/rm_navigation2/nav2_regulated_pure_pursuit_controller) by extensions ['ros']
[0.298s] Level 1:colcon.colcon_core.package_identification:_identify(src/rm_navigation2/nav2_regulated_pure_pursuit_controller) by extension 'ros'
[0.298s] DEBUG:colcon.colcon_core.package_identification:Package 'src/rm_navigation2/nav2_regulated_pure_pursuit_controller' with type 'ros.ament_cmake' and name 'nav2_regulated_pure_pursuit_controller'
[0.298s] Level 1:colcon.colcon_core.package_identification:_identify(src/rm_navigation2/nav2_rotation_shim_controller) by extensions ['ignore', 'ignore_ament_install']
[0.298s] Level 1:colcon.colcon_core.package_identification:_identify(src/rm_navigation2/nav2_rotation_shim_controller) by extension 'ignore'
[0.298s] Level 1:colcon.colcon_core.package_identification:_identify(src/rm_navigation2/nav2_rotation_shim_controller) by extension 'ignore_ament_install'
[0.298s] Level 1:colcon.colcon_core.package_identification:_identify(src/rm_navigation2/nav2_rotation_shim_controller) by extensions ['colcon_pkg']
[0.298s] Level 1:colcon.colcon_core.package_identification:_identify(src/rm_navigation2/nav2_rotation_shim_controller) by extension 'colcon_pkg'
[0.298s] Level 1:colcon.colcon_core.package_identification:_identify(src/rm_navigation2/nav2_rotation_shim_controller) by extensions ['colcon_meta']
[0.298s] Level 1:colcon.colcon_core.package_identification:_identify(src/rm_navigation2/nav2_rotation_shim_controller) by extension 'colcon_meta'
[0.298s] Level 1:colcon.colcon_core.package_identification:_identify(src/rm_navigation2/nav2_rotation_shim_controller) by extensions ['ros']
[0.298s] Level 1:colcon.colcon_core.package_identification:_identify(src/rm_navigation2/nav2_rotation_shim_controller) by extension 'ros'
[0.299s] DEBUG:colcon.colcon_core.package_identification:Package 'src/rm_navigation2/nav2_rotation_shim_controller' with type 'ros.ament_cmake' and name 'nav2_rotation_shim_controller'
[0.299s] Level 1:colcon.colcon_core.package_identification:_identify(src/rm_navigation2/nav2_rviz_plugins) by extensions ['ignore', 'ignore_ament_install']
[0.299s] Level 1:colcon.colcon_core.package_identification:_identify(src/rm_navigation2/nav2_rviz_plugins) by extension 'ignore'
[0.299s] Level 1:colcon.colcon_core.package_identification:_identify(src/rm_navigation2/nav2_rviz_plugins) by extension 'ignore_ament_install'
[0.299s] Level 1:colcon.colcon_core.package_identification:_identify(src/rm_navigation2/nav2_rviz_plugins) by extensions ['colcon_pkg']
[0.299s] Level 1:colcon.colcon_core.package_identification:_identify(src/rm_navigation2/nav2_rviz_plugins) by extension 'colcon_pkg'
[0.299s] Level 1:colcon.colcon_core.package_identification:_identify(src/rm_navigation2/nav2_rviz_plugins) by extensions ['colcon_meta']
[0.299s] Level 1:colcon.colcon_core.package_identification:_identify(src/rm_navigation2/nav2_rviz_plugins) by extension 'colcon_meta'
[0.299s] Level 1:colcon.colcon_core.package_identification:_identify(src/rm_navigation2/nav2_rviz_plugins) by extensions ['ros']
[0.299s] Level 1:colcon.colcon_core.package_identification:_identify(src/rm_navigation2/nav2_rviz_plugins) by extension 'ros'
[0.300s] DEBUG:colcon.colcon_core.package_identification:Package 'src/rm_navigation2/nav2_rviz_plugins' with type 'ros.ament_cmake' and name 'nav2_rviz_plugins'
[0.300s] Level 1:colcon.colcon_core.package_identification:_identify(src/rm_navigation2/nav2_simple_commander) by extensions ['ignore', 'ignore_ament_install']
[0.300s] Level 1:colcon.colcon_core.package_identification:_identify(src/rm_navigation2/nav2_simple_commander) by extension 'ignore'
[0.300s] Level 1:colcon.colcon_core.package_identification:_identify(src/rm_navigation2/nav2_simple_commander) by extension 'ignore_ament_install'
[0.300s] Level 1:colcon.colcon_core.package_identification:_identify(src/rm_navigation2/nav2_simple_commander) by extensions ['colcon_pkg']
[0.300s] Level 1:colcon.colcon_core.package_identification:_identify(src/rm_navigation2/nav2_simple_commander) by extension 'colcon_pkg'
[0.300s] Level 1:colcon.colcon_core.package_identification:_identify(src/rm_navigation2/nav2_simple_commander) by extensions ['colcon_meta']
[0.300s] Level 1:colcon.colcon_core.package_identification:_identify(src/rm_navigation2/nav2_simple_commander) by extension 'colcon_meta'
[0.300s] Level 1:colcon.colcon_core.package_identification:_identify(src/rm_navigation2/nav2_simple_commander) by extensions ['ros']
[0.300s] Level 1:colcon.colcon_core.package_identification:_identify(src/rm_navigation2/nav2_simple_commander) by extension 'ros'
[0.300s] DEBUG:colcon.colcon_core.package_identification:Package 'src/rm_navigation2/nav2_simple_commander' with type 'ros.ament_python' and name 'nav2_simple_commander'
[0.300s] Level 1:colcon.colcon_core.package_identification:_identify(src/rm_navigation2/nav2_smac_planner) by extensions ['ignore', 'ignore_ament_install']
[0.301s] Level 1:colcon.colcon_core.package_identification:_identify(src/rm_navigation2/nav2_smac_planner) by extension 'ignore'
[0.301s] Level 1:colcon.colcon_core.package_identification:_identify(src/rm_navigation2/nav2_smac_planner) by extension 'ignore_ament_install'
[0.301s] Level 1:colcon.colcon_core.package_identification:_identify(src/rm_navigation2/nav2_smac_planner) by extensions ['colcon_pkg']
[0.301s] Level 1:colcon.colcon_core.package_identification:_identify(src/rm_navigation2/nav2_smac_planner) by extension 'colcon_pkg'
[0.301s] Level 1:colcon.colcon_core.package_identification:_identify(src/rm_navigation2/nav2_smac_planner) by extensions ['colcon_meta']
[0.301s] Level 1:colcon.colcon_core.package_identification:_identify(src/rm_navigation2/nav2_smac_planner) by extension 'colcon_meta'
[0.301s] Level 1:colcon.colcon_core.package_identification:_identify(src/rm_navigation2/nav2_smac_planner) by extensions ['ros']
[0.301s] Level 1:colcon.colcon_core.package_identification:_identify(src/rm_navigation2/nav2_smac_planner) by extension 'ros'
[0.302s] DEBUG:colcon.colcon_core.package_identification:Package 'src/rm_navigation2/nav2_smac_planner' with type 'ros.ament_cmake' and name 'nav2_smac_planner'
[0.302s] Level 1:colcon.colcon_core.package_identification:_identify(src/rm_navigation2/nav2_smoother) by extensions ['ignore', 'ignore_ament_install']
[0.302s] Level 1:colcon.colcon_core.package_identification:_identify(src/rm_navigation2/nav2_smoother) by extension 'ignore'
[0.302s] Level 1:colcon.colcon_core.package_identification:_identify(src/rm_navigation2/nav2_smoother) by extension 'ignore_ament_install'
[0.302s] Level 1:colcon.colcon_core.package_identification:_identify(src/rm_navigation2/nav2_smoother) by extensions ['colcon_pkg']
[0.302s] Level 1:colcon.colcon_core.package_identification:_identify(src/rm_navigation2/nav2_smoother) by extension 'colcon_pkg'
[0.302s] Level 1:colcon.colcon_core.package_identification:_identify(src/rm_navigation2/nav2_smoother) by extensions ['colcon_meta']
[0.302s] Level 1:colcon.colcon_core.package_identification:_identify(src/rm_navigation2/nav2_smoother) by extension 'colcon_meta'
[0.302s] Level 1:colcon.colcon_core.package_identification:_identify(src/rm_navigation2/nav2_smoother) by extensions ['ros']
[0.302s] Level 1:colcon.colcon_core.package_identification:_identify(src/rm_navigation2/nav2_smoother) by extension 'ros'
[0.303s] DEBUG:colcon.colcon_core.package_identification:Package 'src/rm_navigation2/nav2_smoother' with type 'ros.ament_cmake' and name 'nav2_smoother'
[0.303s] Level 1:colcon.colcon_core.package_identification:_identify(src/rm_navigation2/nav2_system_tests) by extensions ['ignore', 'ignore_ament_install']
[0.303s] Level 1:colcon.colcon_core.package_identification:_identify(src/rm_navigation2/nav2_system_tests) by extension 'ignore'
[0.303s] Level 1:colcon.colcon_core.package_identification:_identify(src/rm_navigation2/nav2_system_tests) by extension 'ignore_ament_install'
[0.303s] Level 1:colcon.colcon_core.package_identification:_identify(src/rm_navigation2/nav2_system_tests) by extensions ['colcon_pkg']
[0.303s] Level 1:colcon.colcon_core.package_identification:_identify(src/rm_navigation2/nav2_system_tests) by extension 'colcon_pkg'
[0.303s] Level 1:colcon.colcon_core.package_identification:_identify(src/rm_navigation2/nav2_system_tests) by extensions ['colcon_meta']
[0.303s] Level 1:colcon.colcon_core.package_identification:_identify(src/rm_navigation2/nav2_system_tests) by extension 'colcon_meta'
[0.303s] Level 1:colcon.colcon_core.package_identification:_identify(src/rm_navigation2/nav2_system_tests) by extensions ['ros']
[0.303s] Level 1:colcon.colcon_core.package_identification:_identify(src/rm_navigation2/nav2_system_tests) by extension 'ros'
[0.304s] DEBUG:colcon.colcon_core.package_identification:Package 'src/rm_navigation2/nav2_system_tests' with type 'ros.ament_cmake' and name 'nav2_system_tests'
[0.304s] Level 1:colcon.colcon_core.package_identification:_identify(src/rm_navigation2/nav2_theta_star_planner) by extensions ['ignore', 'ignore_ament_install']
[0.304s] Level 1:colcon.colcon_core.package_identification:_identify(src/rm_navigation2/nav2_theta_star_planner) by extension 'ignore'
[0.304s] Level 1:colcon.colcon_core.package_identification:_identify(src/rm_navigation2/nav2_theta_star_planner) by extension 'ignore_ament_install'
[0.304s] Level 1:colcon.colcon_core.package_identification:_identify(src/rm_navigation2/nav2_theta_star_planner) by extensions ['colcon_pkg']
[0.304s] Level 1:colcon.colcon_core.package_identification:_identify(src/rm_navigation2/nav2_theta_star_planner) by extension 'colcon_pkg'
[0.304s] Level 1:colcon.colcon_core.package_identification:_identify(src/rm_navigation2/nav2_theta_star_planner) by extensions ['colcon_meta']
[0.304s] Level 1:colcon.colcon_core.package_identification:_identify(src/rm_navigation2/nav2_theta_star_planner) by extension 'colcon_meta'
[0.304s] Level 1:colcon.colcon_core.package_identification:_identify(src/rm_navigation2/nav2_theta_star_planner) by extensions ['ros']
[0.304s] Level 1:colcon.colcon_core.package_identification:_identify(src/rm_navigation2/nav2_theta_star_planner) by extension 'ros'
[0.305s] DEBUG:colcon.colcon_core.package_identification:Package 'src/rm_navigation2/nav2_theta_star_planner' with type 'ros.ament_cmake' and name 'nav2_theta_star_planner'
[0.305s] Level 1:colcon.colcon_core.package_identification:_identify(src/rm_navigation2/nav2_util) by extensions ['ignore', 'ignore_ament_install']
[0.305s] Level 1:colcon.colcon_core.package_identification:_identify(src/rm_navigation2/nav2_util) by extension 'ignore'
[0.305s] Level 1:colcon.colcon_core.package_identification:_identify(src/rm_navigation2/nav2_util) by extension 'ignore_ament_install'
[0.305s] Level 1:colcon.colcon_core.package_identification:_identify(src/rm_navigation2/nav2_util) by extensions ['colcon_pkg']
[0.305s] Level 1:colcon.colcon_core.package_identification:_identify(src/rm_navigation2/nav2_util) by extension 'colcon_pkg'
[0.305s] Level 1:colcon.colcon_core.package_identification:_identify(src/rm_navigation2/nav2_util) by extensions ['colcon_meta']
[0.305s] Level 1:colcon.colcon_core.package_identification:_identify(src/rm_navigation2/nav2_util) by extension 'colcon_meta'
[0.305s] Level 1:colcon.colcon_core.package_identification:_identify(src/rm_navigation2/nav2_util) by extensions ['ros']
[0.305s] Level 1:colcon.colcon_core.package_identification:_identify(src/rm_navigation2/nav2_util) by extension 'ros'
[0.306s] DEBUG:colcon.colcon_core.package_identification:Package 'src/rm_navigation2/nav2_util' with type 'ros.ament_cmake' and name 'nav2_util'
[0.306s] Level 1:colcon.colcon_core.package_identification:_identify(src/rm_navigation2/nav2_velocity_smoother) by extensions ['ignore', 'ignore_ament_install']
[0.306s] Level 1:colcon.colcon_core.package_identification:_identify(src/rm_navigation2/nav2_velocity_smoother) by extension 'ignore'
[0.306s] Level 1:colcon.colcon_core.package_identification:_identify(src/rm_navigation2/nav2_velocity_smoother) by extension 'ignore_ament_install'
[0.306s] Level 1:colcon.colcon_core.package_identification:_identify(src/rm_navigation2/nav2_velocity_smoother) by extensions ['colcon_pkg']
[0.306s] Level 1:colcon.colcon_core.package_identification:_identify(src/rm_navigation2/nav2_velocity_smoother) by extension 'colcon_pkg'
[0.306s] Level 1:colcon.colcon_core.package_identification:_identify(src/rm_navigation2/nav2_velocity_smoother) by extensions ['colcon_meta']
[0.306s] Level 1:colcon.colcon_core.package_identification:_identify(src/rm_navigation2/nav2_velocity_smoother) by extension 'colcon_meta'
[0.306s] Level 1:colcon.colcon_core.package_identification:_identify(src/rm_navigation2/nav2_velocity_smoother) by extensions ['ros']
[0.306s] Level 1:colcon.colcon_core.package_identification:_identify(src/rm_navigation2/nav2_velocity_smoother) by extension 'ros'
[0.306s] DEBUG:colcon.colcon_core.package_identification:Package 'src/rm_navigation2/nav2_velocity_smoother' with type 'ros.ament_cmake' and name 'nav2_velocity_smoother'
[0.307s] Level 1:colcon.colcon_core.package_identification:_identify(src/rm_navigation2/nav2_voxel_grid) by extensions ['ignore', 'ignore_ament_install']
[0.307s] Level 1:colcon.colcon_core.package_identification:_identify(src/rm_navigation2/nav2_voxel_grid) by extension 'ignore'
[0.307s] Level 1:colcon.colcon_core.package_identification:_identify(src/rm_navigation2/nav2_voxel_grid) by extension 'ignore_ament_install'
[0.307s] Level 1:colcon.colcon_core.package_identification:_identify(src/rm_navigation2/nav2_voxel_grid) by extensions ['colcon_pkg']
[0.307s] Level 1:colcon.colcon_core.package_identification:_identify(src/rm_navigation2/nav2_voxel_grid) by extension 'colcon_pkg'
[0.307s] Level 1:colcon.colcon_core.package_identification:_identify(src/rm_navigation2/nav2_voxel_grid) by extensions ['colcon_meta']
[0.307s] Level 1:colcon.colcon_core.package_identification:_identify(src/rm_navigation2/nav2_voxel_grid) by extension 'colcon_meta'
[0.307s] Level 1:colcon.colcon_core.package_identification:_identify(src/rm_navigation2/nav2_voxel_grid) by extensions ['ros']
[0.307s] Level 1:colcon.colcon_core.package_identification:_identify(src/rm_navigation2/nav2_voxel_grid) by extension 'ros'
[0.313s] DEBUG:colcon.colcon_core.package_identification:Package 'src/rm_navigation2/nav2_voxel_grid' with type 'ros.ament_cmake' and name 'nav2_voxel_grid'
[0.313s] Level 1:colcon.colcon_core.package_identification:_identify(src/rm_navigation2/nav2_waypoint_follower) by extensions ['ignore', 'ignore_ament_install']
[0.313s] Level 1:colcon.colcon_core.package_identification:_identify(src/rm_navigation2/nav2_waypoint_follower) by extension 'ignore'
[0.313s] Level 1:colcon.colcon_core.package_identification:_identify(src/rm_navigation2/nav2_waypoint_follower) by extension 'ignore_ament_install'
[0.313s] Level 1:colcon.colcon_core.package_identification:_identify(src/rm_navigation2/nav2_waypoint_follower) by extensions ['colcon_pkg']
[0.313s] Level 1:colcon.colcon_core.package_identification:_identify(src/rm_navigation2/nav2_waypoint_follower) by extension 'colcon_pkg'
[0.313s] Level 1:colcon.colcon_core.package_identification:_identify(src/rm_navigation2/nav2_waypoint_follower) by extensions ['colcon_meta']
[0.313s] Level 1:colcon.colcon_core.package_identification:_identify(src/rm_navigation2/nav2_waypoint_follower) by extension 'colcon_meta'
[0.313s] Level 1:colcon.colcon_core.package_identification:_identify(src/rm_navigation2/nav2_waypoint_follower) by extensions ['ros']
[0.313s] Level 1:colcon.colcon_core.package_identification:_identify(src/rm_navigation2/nav2_waypoint_follower) by extension 'ros'
[0.314s] DEBUG:colcon.colcon_core.package_identification:Package 'src/rm_navigation2/nav2_waypoint_follower' with type 'ros.ament_cmake' and name 'nav2_waypoint_follower'
[0.314s] Level 1:colcon.colcon_core.package_identification:_identify(src/rm_navigation2/navigation2) by extensions ['ignore', 'ignore_ament_install']
[0.314s] Level 1:colcon.colcon_core.package_identification:_identify(src/rm_navigation2/navigation2) by extension 'ignore'
[0.315s] Level 1:colcon.colcon_core.package_identification:_identify(src/rm_navigation2/navigation2) by extension 'ignore_ament_install'
[0.315s] Level 1:colcon.colcon_core.package_identification:_identify(src/rm_navigation2/navigation2) by extensions ['colcon_pkg']
[0.315s] Level 1:colcon.colcon_core.package_identification:_identify(src/rm_navigation2/navigation2) by extension 'colcon_pkg'
[0.315s] Level 1:colcon.colcon_core.package_identification:_identify(src/rm_navigation2/navigation2) by extensions ['colcon_meta']
[0.315s] Level 1:colcon.colcon_core.package_identification:_identify(src/rm_navigation2/navigation2) by extension 'colcon_meta'
[0.315s] Level 1:colcon.colcon_core.package_identification:_identify(src/rm_navigation2/navigation2) by extensions ['ros']
[0.315s] Level 1:colcon.colcon_core.package_identification:_identify(src/rm_navigation2/navigation2) by extension 'ros'
[0.315s] DEBUG:colcon.colcon_core.package_identification:Package 'src/rm_navigation2/navigation2' with type 'ros.ament_cmake' and name 'navigation2'
[0.315s] Level 1:colcon.colcon_core.package_identification:_identify(src/rm_navigation2/tools) by extensions ['ignore', 'ignore_ament_install']
[0.315s] Level 1:colcon.colcon_core.package_identification:_identify(src/rm_navigation2/tools) by extension 'ignore'
[0.315s] Level 1:colcon.colcon_core.package_identification:_identify(src/rm_navigation2/tools) by extension 'ignore_ament_install'
[0.315s] Level 1:colcon.colcon_core.package_identification:_identify(src/rm_navigation2/tools) by extensions ['colcon_pkg']
[0.315s] Level 1:colcon.colcon_core.package_identification:_identify(src/rm_navigation2/tools) by extension 'colcon_pkg'
[0.315s] Level 1:colcon.colcon_core.package_identification:_identify(src/rm_navigation2/tools) by extensions ['colcon_meta']
[0.315s] Level 1:colcon.colcon_core.package_identification:_identify(src/rm_navigation2/tools) by extension 'colcon_meta'
[0.315s] Level 1:colcon.colcon_core.package_identification:_identify(src/rm_navigation2/tools) by extensions ['ros']
[0.315s] Level 1:colcon.colcon_core.package_identification:_identify(src/rm_navigation2/tools) by extension 'ros'
[0.315s] Level 1:colcon.colcon_core.package_identification:_identify(src/rm_navigation2/tools) by extensions ['cmake', 'python']
[0.315s] Level 1:colcon.colcon_core.package_identification:_identify(src/rm_navigation2/tools) by extension 'cmake'
[0.315s] Level 1:colcon.colcon_core.package_identification:_identify(src/rm_navigation2/tools) by extension 'python'
[0.315s] Level 1:colcon.colcon_core.package_identification:_identify(src/rm_navigation2/tools) by extensions ['python_setup_py']
[0.316s] Level 1:colcon.colcon_core.package_identification:_identify(src/rm_navigation2/tools) by extension 'python_setup_py'
[0.316s] Level 1:colcon.colcon_core.package_identification:_identify(src/rm_navigation2/tools/planner_benchmarking) by extensions ['ignore', 'ignore_ament_install']
[0.316s] Level 1:colcon.colcon_core.package_identification:_identify(src/rm_navigation2/tools/planner_benchmarking) by extension 'ignore'
[0.316s] Level 1:colcon.colcon_core.package_identification:_identify(src/rm_navigation2/tools/planner_benchmarking) by extension 'ignore_ament_install'
[0.316s] Level 1:colcon.colcon_core.package_identification:_identify(src/rm_navigation2/tools/planner_benchmarking) by extensions ['colcon_pkg']
[0.316s] Level 1:colcon.colcon_core.package_identification:_identify(src/rm_navigation2/tools/planner_benchmarking) by extension 'colcon_pkg'
[0.316s] Level 1:colcon.colcon_core.package_identification:_identify(src/rm_navigation2/tools/planner_benchmarking) by extensions ['colcon_meta']
[0.316s] Level 1:colcon.colcon_core.package_identification:_identify(src/rm_navigation2/tools/planner_benchmarking) by extension 'colcon_meta'
[0.316s] Level 1:colcon.colcon_core.package_identification:_identify(src/rm_navigation2/tools/planner_benchmarking) by extensions ['ros']
[0.316s] Level 1:colcon.colcon_core.package_identification:_identify(src/rm_navigation2/tools/planner_benchmarking) by extension 'ros'
[0.316s] Level 1:colcon.colcon_core.package_identification:_identify(src/rm_navigation2/tools/planner_benchmarking) by extensions ['cmake', 'python']
[0.316s] Level 1:colcon.colcon_core.package_identification:_identify(src/rm_navigation2/tools/planner_benchmarking) by extension 'cmake'
[0.316s] Level 1:colcon.colcon_core.package_identification:_identify(src/rm_navigation2/tools/planner_benchmarking) by extension 'python'
[0.316s] Level 1:colcon.colcon_core.package_identification:_identify(src/rm_navigation2/tools/planner_benchmarking) by extensions ['python_setup_py']
[0.316s] Level 1:colcon.colcon_core.package_identification:_identify(src/rm_navigation2/tools/planner_benchmarking) by extension 'python_setup_py'
[0.316s] Level 1:colcon.colcon_core.package_identification:_identify(src/rm_navigation2/tools/smoother_benchmarking) by extensions ['ignore', 'ignore_ament_install']
[0.316s] Level 1:colcon.colcon_core.package_identification:_identify(src/rm_navigation2/tools/smoother_benchmarking) by extension 'ignore'
[0.316s] Level 1:colcon.colcon_core.package_identification:_identify(src/rm_navigation2/tools/smoother_benchmarking) by extension 'ignore_ament_install'
[0.316s] Level 1:colcon.colcon_core.package_identification:_identify(src/rm_navigation2/tools/smoother_benchmarking) by extensions ['colcon_pkg']
[0.316s] Level 1:colcon.colcon_core.package_identification:_identify(src/rm_navigation2/tools/smoother_benchmarking) by extension 'colcon_pkg'
[0.316s] Level 1:colcon.colcon_core.package_identification:_identify(src/rm_navigation2/tools/smoother_benchmarking) by extensions ['colcon_meta']
[0.316s] Level 1:colcon.colcon_core.package_identification:_identify(src/rm_navigation2/tools/smoother_benchmarking) by extension 'colcon_meta'
[0.316s] Level 1:colcon.colcon_core.package_identification:_identify(src/rm_navigation2/tools/smoother_benchmarking) by extensions ['ros']
[0.316s] Level 1:colcon.colcon_core.package_identification:_identify(src/rm_navigation2/tools/smoother_benchmarking) by extension 'ros'
[0.316s] Level 1:colcon.colcon_core.package_identification:_identify(src/rm_navigation2/tools/smoother_benchmarking) by extensions ['cmake', 'python']
[0.316s] Level 1:colcon.colcon_core.package_identification:_identify(src/rm_navigation2/tools/smoother_benchmarking) by extension 'cmake'
[0.316s] Level 1:colcon.colcon_core.package_identification:_identify(src/rm_navigation2/tools/smoother_benchmarking) by extension 'python'
[0.316s] Level 1:colcon.colcon_core.package_identification:_identify(src/rm_navigation2/tools/smoother_benchmarking) by extensions ['python_setup_py']
[0.316s] Level 1:colcon.colcon_core.package_identification:_identify(src/rm_navigation2/tools/smoother_benchmarking) by extension 'python_setup_py'
[0.316s] Level 1:colcon.colcon_core.package_identification:_identify(src/rm_navigation2/tools/smoother_benchmarking/maps) by extensions ['ignore', 'ignore_ament_install']
[0.316s] Level 1:colcon.colcon_core.package_identification:_identify(src/rm_navigation2/tools/smoother_benchmarking/maps) by extension 'ignore'
[0.316s] Level 1:colcon.colcon_core.package_identification:_identify(src/rm_navigation2/tools/smoother_benchmarking/maps) by extension 'ignore_ament_install'
[0.316s] Level 1:colcon.colcon_core.package_identification:_identify(src/rm_navigation2/tools/smoother_benchmarking/maps) by extensions ['colcon_pkg']
[0.316s] Level 1:colcon.colcon_core.package_identification:_identify(src/rm_navigation2/tools/smoother_benchmarking/maps) by extension 'colcon_pkg'
[0.316s] Level 1:colcon.colcon_core.package_identification:_identify(src/rm_navigation2/tools/smoother_benchmarking/maps) by extensions ['colcon_meta']
[0.316s] Level 1:colcon.colcon_core.package_identification:_identify(src/rm_navigation2/tools/smoother_benchmarking/maps) by extension 'colcon_meta'
[0.316s] Level 1:colcon.colcon_core.package_identification:_identify(src/rm_navigation2/tools/smoother_benchmarking/maps) by extensions ['ros']
[0.316s] Level 1:colcon.colcon_core.package_identification:_identify(src/rm_navigation2/tools/smoother_benchmarking/maps) by extension 'ros'
[0.316s] Level 1:colcon.colcon_core.package_identification:_identify(src/rm_navigation2/tools/smoother_benchmarking/maps) by extensions ['cmake', 'python']
[0.316s] Level 1:colcon.colcon_core.package_identification:_identify(src/rm_navigation2/tools/smoother_benchmarking/maps) by extension 'cmake'
[0.316s] Level 1:colcon.colcon_core.package_identification:_identify(src/rm_navigation2/tools/smoother_benchmarking/maps) by extension 'python'
[0.316s] Level 1:colcon.colcon_core.package_identification:_identify(src/rm_navigation2/tools/smoother_benchmarking/maps) by extensions ['python_setup_py']
[0.316s] Level 1:colcon.colcon_core.package_identification:_identify(src/rm_navigation2/tools/smoother_benchmarking/maps) by extension 'python_setup_py'
[0.317s] Level 1:colcon.colcon_core.package_identification:_identify(src/rm_robot_description) by extensions ['ignore', 'ignore_ament_install']
[0.317s] Level 1:colcon.colcon_core.package_identification:_identify(src/rm_robot_description) by extension 'ignore'
[0.317s] Level 1:colcon.colcon_core.package_identification:_identify(src/rm_robot_description) by extension 'ignore_ament_install'
[0.317s] Level 1:colcon.colcon_core.package_identification:_identify(src/rm_robot_description) by extensions ['colcon_pkg']
[0.317s] Level 1:colcon.colcon_core.package_identification:_identify(src/rm_robot_description) by extension 'colcon_pkg'
[0.317s] Level 1:colcon.colcon_core.package_identification:_identify(src/rm_robot_description) by extensions ['colcon_meta']
[0.317s] Level 1:colcon.colcon_core.package_identification:_identify(src/rm_robot_description) by extension 'colcon_meta'
[0.317s] Level 1:colcon.colcon_core.package_identification:_identify(src/rm_robot_description) by extensions ['ros']
[0.317s] Level 1:colcon.colcon_core.package_identification:_identify(src/rm_robot_description) by extension 'ros'
[0.317s] DEBUG:colcon.colcon_core.package_identification:Package 'src/rm_robot_description' with type 'ros.ament_cmake' and name 'rm_robot_description'
[0.317s] Level 1:colcon.colcon_core.package_discovery:discover_packages(recursive) using defaults
[0.317s] Level 1:colcon.colcon_core.package_discovery:discover_packages(ignore) discover
[0.317s] Level 1:colcon.colcon_core.package_discovery:discover_packages(ignore) using defaults
[0.317s] Level 1:colcon.colcon_core.package_discovery:discover_packages(path) discover
[0.317s] Level 1:colcon.colcon_core.package_discovery:discover_packages(path) using defaults
