[1.738s] Invoking command in '/home/aurora/RM25/build/nav2_rotation_shim_controller': AMENT_PREFIX_PATH=/home/aurora/RM25/install/nav2_regulated_pure_pursuit_controller:/home/aurora/RM25/install/nav2_controller:${AMENT_PREFIX_PATH} CMAKE_PREFIX_PATH=/home/aurora/RM25/install/nav2_regulated_pure_pursuit_controller:/home/aurora/RM25/install/nav2_controller:/home/aurora/RM25/install/nav2_core:/home/aurora/RM25/install/nav2_costmap_2d:/home/aurora/RM25/install/nav_2d_utils:/home/aurora/RM25/install/nav2_map_server:/home/aurora/RM25/install/nav2_lifecycle_manager:/home/aurora/RM25/install/nav2_util:/home/aurora/RM25/install/nav2_voxel_grid:/home/aurora/RM25/install/nav2_msgs:/home/aurora/RM25/install/nav_2d_msgs:/home/aurora/RM25/install/nav2_common:/home/aurora/RM25/install/nav2_constrained_smoother:/home/aurora/RM25/install/rm_robot_description:/home/aurora/RM25/install/opennav_docking_core:/home/aurora/RM25/install/dwb_msgs:/home/aurora/RM25/install/costmap_queue:/home/aurora/RM25/install/nav2_velocity_smoother:/home/aurora/RM25/install/nav2_rviz_plugins:/home/aurora/RM25/install/nav2_behavior_tree:/home/aurora/RM25/install/nav2_amcl:/home/aurora/ws_helloworld/install/pkg01_helloworld_cpp:/home/aurora/ws_helloworld/install/learning_tf2_cpp:/home/aurora/RM25/install/nav2_simple_commander:/home/aurora/RM25/install/nav2_loopback_sim:/home/aurora/ws_helloworld/install/pkg02_helloworld_py:/opt/ros/humble LD_LIBRARY_PATH=/home/aurora/RM25/install/nav2_regulated_pure_pursuit_controller/lib:/home/aurora/RM25/install/nav2_controller/lib:/home/aurora/RM25/install/nav2_costmap_2d/lib:/home/aurora/RM25/install/nav_2d_utils/lib:/home/aurora/RM25/install/nav2_map_server/lib:/home/aurora/RM25/install/nav2_lifecycle_manager/lib:/home/aurora/RM25/install/nav2_util/lib:/home/aurora/RM25/install/nav2_voxel_grid/lib:/home/aurora/RM25/install/nav2_msgs/lib:/home/aurora/RM25/install/nav_2d_msgs/lib:/home/aurora/RM25/install/nav2_constrained_smoother/lib:/home/aurora/RM25/install/dwb_msgs/lib:/home/aurora/RM25/install/costmap_queue/lib:/home/aurora/RM25/install/nav2_velocity_smoother/lib:/home/aurora/RM25/install/nav2_rviz_plugins/lib:/home/aurora/RM25/install/nav2_behavior_tree/lib:/home/aurora/RM25/install/nav2_amcl/lib:/usr/lib/x86_64-linux-gnu/gazebo-11/plugins:/opt/ros/humble/opt/rviz_ogre_vendor/lib:/opt/ros/humble/lib/x86_64-linux-gnu:/opt/ros/humble/lib /usr/bin/cmake /home/aurora/RM25/src/rm_navigation2/nav2_rotation_shim_controller -DCMAKE_INSTALL_PREFIX=/home/aurora/RM25/install/nav2_rotation_shim_controller
[1.929s] -- The C compiler identification is GNU 11.4.0
[2.844s] -- The CXX compiler identification is GNU 11.4.0
[3.615s] -- Detecting C compiler ABI info
[3.786s] -- Detecting C compiler ABI info - done
[3.793s] -- Check for working C compiler: /usr/bin/cc - skipped
[3.794s] -- Detecting C compile features
[3.794s] -- Detecting C compile features - done
[3.797s] -- Detecting CXX compiler ABI info
[3.965s] -- Detecting CXX compiler ABI info - done
[3.969s] -- Check for working CXX compiler: /usr/bin/c++ - skipped
[3.969s] -- Detecting CXX compile features
[3.969s] -- Detecting CXX compile features - done
[3.973s] -- Found ament_cmake: 1.3.10 (/opt/ros/humble/share/ament_cmake/cmake)
[4.085s] -- Found Python3: /usr/bin/python3 (found version "3.10.12") found components: Interpreter 
[4.156s] -- Found nav2_common: 1.1.17 (/home/aurora/RM25/install/nav2_common/share/nav2_common/cmake)
[4.157s] -- Found nav2_core: 1.1.17 (/home/aurora/RM25/install/nav2_core/share/nav2_core/cmake)
[4.435s] -- Found rosidl_generator_c: 3.1.5 (/opt/ros/humble/share/rosidl_generator_c/cmake)
[4.440s] -- Found rosidl_adapter: 3.1.5 (/opt/ros/humble/share/rosidl_adapter/cmake)
[4.446s] -- Found rosidl_generator_cpp: 3.1.5 (/opt/ros/humble/share/rosidl_generator_cpp/cmake)
[4.455s] -- Using all available rosidl_typesupport_c: rosidl_typesupport_fastrtps_c;rosidl_typesupport_introspection_c
[4.467s] -- Using all available rosidl_typesupport_cpp: rosidl_typesupport_fastrtps_cpp;rosidl_typesupport_introspection_cpp
[4.502s] -- Found rmw_implementation_cmake: 6.1.2 (/opt/ros/humble/share/rmw_implementation_cmake/cmake)
[4.505s] -- Found rmw_fastrtps_cpp: 6.2.7 (/opt/ros/humble/share/rmw_fastrtps_cpp/cmake)
[6.859s] -- Found OpenSSL: /usr/lib/x86_64-linux-gnu/libcrypto.so (found version "3.0.2")  
[9.359s] -- Found FastRTPS: /opt/ros/humble/include  
[14.054s] -- Using RMW implementation 'rmw_fastrtps_cpp' as default
[14.066s] -- Looking for pthread.h
[14.223s] -- Looking for pthread.h - found
[14.223s] -- Performing Test CMAKE_HAVE_LIBC_PTHREAD
[14.391s] -- Performing Test CMAKE_HAVE_LIBC_PTHREAD - Success
[14.393s] -- Found Threads: TRUE  
[14.668s] -- Found Eigen3: TRUE (found version "3.4.0") 
[14.668s] -- Ensuring Eigen3 include directory is part of orocos-kdl CMake target
[17.120s] -- Setting build type to Release as none was specified.
[17.163s] -- Found ament_lint_auto: 0.12.11 (/opt/ros/humble/share/ament_lint_auto/cmake)
[17.284s] -- Found gtest sources under '/opt/ros/humble/src/gtest_vendor': C++ tests using 'Google Test' will be built
[17.491s] -- Added test 'cppcheck' to perform static code analysis on C / C++ code
[17.492s] -- Configured cppcheck include dirs: /home/aurora/RM25/src/rm_navigation2/nav2_rotation_shim_controller/include
[17.492s] -- Configured cppcheck exclude dirs and/or files: 
[17.493s] -- Added test 'cpplint' to check C / C++ code against the Google style
[17.493s] -- Configured cpplint exclude dirs and/or files: 
[17.493s] -- Added test 'lint_cmake' to check CMake code style
[17.494s] -- Added test 'uncrustify' to check C / C++ code style
[17.494s] -- Configured uncrustify additional arguments: 
[17.495s] -- Added test 'xmllint' to check XML markup files
[17.497s] -- Configuring done
[17.565s] -- Generating done
[17.566s] -- Build files have been written to: /home/aurora/RM25/build/nav2_rotation_shim_controller
[17.578s] Invoked command in '/home/aurora/RM25/build/nav2_rotation_shim_controller' returned '0': AMENT_PREFIX_PATH=/home/aurora/RM25/install/nav2_regulated_pure_pursuit_controller:/home/aurora/RM25/install/nav2_controller:${AMENT_PREFIX_PATH} CMAKE_PREFIX_PATH=/home/aurora/RM25/install/nav2_regulated_pure_pursuit_controller:/home/aurora/RM25/install/nav2_controller:/home/aurora/RM25/install/nav2_core:/home/aurora/RM25/install/nav2_costmap_2d:/home/aurora/RM25/install/nav_2d_utils:/home/aurora/RM25/install/nav2_map_server:/home/aurora/RM25/install/nav2_lifecycle_manager:/home/aurora/RM25/install/nav2_util:/home/aurora/RM25/install/nav2_voxel_grid:/home/aurora/RM25/install/nav2_msgs:/home/aurora/RM25/install/nav_2d_msgs:/home/aurora/RM25/install/nav2_common:/home/aurora/RM25/install/nav2_constrained_smoother:/home/aurora/RM25/install/rm_robot_description:/home/aurora/RM25/install/opennav_docking_core:/home/aurora/RM25/install/dwb_msgs:/home/aurora/RM25/install/costmap_queue:/home/aurora/RM25/install/nav2_velocity_smoother:/home/aurora/RM25/install/nav2_rviz_plugins:/home/aurora/RM25/install/nav2_behavior_tree:/home/aurora/RM25/install/nav2_amcl:/home/aurora/ws_helloworld/install/pkg01_helloworld_cpp:/home/aurora/ws_helloworld/install/learning_tf2_cpp:/home/aurora/RM25/install/nav2_simple_commander:/home/aurora/RM25/install/nav2_loopback_sim:/home/aurora/ws_helloworld/install/pkg02_helloworld_py:/opt/ros/humble LD_LIBRARY_PATH=/home/aurora/RM25/install/nav2_regulated_pure_pursuit_controller/lib:/home/aurora/RM25/install/nav2_controller/lib:/home/aurora/RM25/install/nav2_costmap_2d/lib:/home/aurora/RM25/install/nav_2d_utils/lib:/home/aurora/RM25/install/nav2_map_server/lib:/home/aurora/RM25/install/nav2_lifecycle_manager/lib:/home/aurora/RM25/install/nav2_util/lib:/home/aurora/RM25/install/nav2_voxel_grid/lib:/home/aurora/RM25/install/nav2_msgs/lib:/home/aurora/RM25/install/nav_2d_msgs/lib:/home/aurora/RM25/install/nav2_constrained_smoother/lib:/home/aurora/RM25/install/dwb_msgs/lib:/home/aurora/RM25/install/costmap_queue/lib:/home/aurora/RM25/install/nav2_velocity_smoother/lib:/home/aurora/RM25/install/nav2_rviz_plugins/lib:/home/aurora/RM25/install/nav2_behavior_tree/lib:/home/aurora/RM25/install/nav2_amcl/lib:/usr/lib/x86_64-linux-gnu/gazebo-11/plugins:/opt/ros/humble/opt/rviz_ogre_vendor/lib:/opt/ros/humble/lib/x86_64-linux-gnu:/opt/ros/humble/lib /usr/bin/cmake /home/aurora/RM25/src/rm_navigation2/nav2_rotation_shim_controller -DCMAKE_INSTALL_PREFIX=/home/aurora/RM25/install/nav2_rotation_shim_controller
[17.580s] Invoking command in '/home/aurora/RM25/build/nav2_rotation_shim_controller': AMENT_PREFIX_PATH=/home/aurora/RM25/install/nav2_regulated_pure_pursuit_controller:/home/aurora/RM25/install/nav2_controller:${AMENT_PREFIX_PATH} CMAKE_PREFIX_PATH=/home/aurora/RM25/install/nav2_regulated_pure_pursuit_controller:/home/aurora/RM25/install/nav2_controller:/home/aurora/RM25/install/nav2_core:/home/aurora/RM25/install/nav2_costmap_2d:/home/aurora/RM25/install/nav_2d_utils:/home/aurora/RM25/install/nav2_map_server:/home/aurora/RM25/install/nav2_lifecycle_manager:/home/aurora/RM25/install/nav2_util:/home/aurora/RM25/install/nav2_voxel_grid:/home/aurora/RM25/install/nav2_msgs:/home/aurora/RM25/install/nav_2d_msgs:/home/aurora/RM25/install/nav2_common:/home/aurora/RM25/install/nav2_constrained_smoother:/home/aurora/RM25/install/rm_robot_description:/home/aurora/RM25/install/opennav_docking_core:/home/aurora/RM25/install/dwb_msgs:/home/aurora/RM25/install/costmap_queue:/home/aurora/RM25/install/nav2_velocity_smoother:/home/aurora/RM25/install/nav2_rviz_plugins:/home/aurora/RM25/install/nav2_behavior_tree:/home/aurora/RM25/install/nav2_amcl:/home/aurora/ws_helloworld/install/pkg01_helloworld_cpp:/home/aurora/ws_helloworld/install/learning_tf2_cpp:/home/aurora/RM25/install/nav2_simple_commander:/home/aurora/RM25/install/nav2_loopback_sim:/home/aurora/ws_helloworld/install/pkg02_helloworld_py:/opt/ros/humble LD_LIBRARY_PATH=/home/aurora/RM25/install/nav2_regulated_pure_pursuit_controller/lib:/home/aurora/RM25/install/nav2_controller/lib:/home/aurora/RM25/install/nav2_costmap_2d/lib:/home/aurora/RM25/install/nav_2d_utils/lib:/home/aurora/RM25/install/nav2_map_server/lib:/home/aurora/RM25/install/nav2_lifecycle_manager/lib:/home/aurora/RM25/install/nav2_util/lib:/home/aurora/RM25/install/nav2_voxel_grid/lib:/home/aurora/RM25/install/nav2_msgs/lib:/home/aurora/RM25/install/nav_2d_msgs/lib:/home/aurora/RM25/install/nav2_constrained_smoother/lib:/home/aurora/RM25/install/dwb_msgs/lib:/home/aurora/RM25/install/costmap_queue/lib:/home/aurora/RM25/install/nav2_velocity_smoother/lib:/home/aurora/RM25/install/nav2_rviz_plugins/lib:/home/aurora/RM25/install/nav2_behavior_tree/lib:/home/aurora/RM25/install/nav2_amcl/lib:/usr/lib/x86_64-linux-gnu/gazebo-11/plugins:/opt/ros/humble/opt/rviz_ogre_vendor/lib:/opt/ros/humble/lib/x86_64-linux-gnu:/opt/ros/humble/lib /usr/bin/cmake --build /home/aurora/RM25/build/nav2_rotation_shim_controller -- -j20 -l20
[17.610s] [ 12%] [32mBuilding CXX object gtest/CMakeFiles/gtest.dir/src/gtest-all.cc.o[0m
[17.611s] [ 37%] [32mBuilding CXX object gtest/CMakeFiles/gtest_main.dir/src/gtest_main.cc.o[0m
[17.611s] [ 37%] [32mBuilding CXX object CMakeFiles/nav2_rotation_shim_controller.dir/src/nav2_rotation_shim_controller.cpp.o[0m
[18.154s] [ 50%] [32m[1mLinking CXX static library libgtest_main.a[0m
[18.176s] [ 50%] Built target gtest_main
[22.521s] [ 62%] [32m[1mLinking CXX static library libgtest.a[0m
[22.544s] [ 62%] Built target gtest
[24.090s] [ 75%] [32m[1mLinking CXX shared library libnav2_rotation_shim_controller.so[0m
[24.420s] [ 75%] Built target nav2_rotation_shim_controller
[24.433s] [ 87%] [32mBuilding CXX object test/CMakeFiles/test_shim_controller.dir/test_shim_controller.cpp.o[0m
[36.561s] [100%] [32m[1mLinking CXX executable test_shim_controller[0m
[37.048s] [100%] Built target test_shim_controller
[37.057s] Invoked command in '/home/aurora/RM25/build/nav2_rotation_shim_controller' returned '0': AMENT_PREFIX_PATH=/home/aurora/RM25/install/nav2_regulated_pure_pursuit_controller:/home/aurora/RM25/install/nav2_controller:${AMENT_PREFIX_PATH} CMAKE_PREFIX_PATH=/home/aurora/RM25/install/nav2_regulated_pure_pursuit_controller:/home/aurora/RM25/install/nav2_controller:/home/aurora/RM25/install/nav2_core:/home/aurora/RM25/install/nav2_costmap_2d:/home/aurora/RM25/install/nav_2d_utils:/home/aurora/RM25/install/nav2_map_server:/home/aurora/RM25/install/nav2_lifecycle_manager:/home/aurora/RM25/install/nav2_util:/home/aurora/RM25/install/nav2_voxel_grid:/home/aurora/RM25/install/nav2_msgs:/home/aurora/RM25/install/nav_2d_msgs:/home/aurora/RM25/install/nav2_common:/home/aurora/RM25/install/nav2_constrained_smoother:/home/aurora/RM25/install/rm_robot_description:/home/aurora/RM25/install/opennav_docking_core:/home/aurora/RM25/install/dwb_msgs:/home/aurora/RM25/install/costmap_queue:/home/aurora/RM25/install/nav2_velocity_smoother:/home/aurora/RM25/install/nav2_rviz_plugins:/home/aurora/RM25/install/nav2_behavior_tree:/home/aurora/RM25/install/nav2_amcl:/home/aurora/ws_helloworld/install/pkg01_helloworld_cpp:/home/aurora/ws_helloworld/install/learning_tf2_cpp:/home/aurora/RM25/install/nav2_simple_commander:/home/aurora/RM25/install/nav2_loopback_sim:/home/aurora/ws_helloworld/install/pkg02_helloworld_py:/opt/ros/humble LD_LIBRARY_PATH=/home/aurora/RM25/install/nav2_regulated_pure_pursuit_controller/lib:/home/aurora/RM25/install/nav2_controller/lib:/home/aurora/RM25/install/nav2_costmap_2d/lib:/home/aurora/RM25/install/nav_2d_utils/lib:/home/aurora/RM25/install/nav2_map_server/lib:/home/aurora/RM25/install/nav2_lifecycle_manager/lib:/home/aurora/RM25/install/nav2_util/lib:/home/aurora/RM25/install/nav2_voxel_grid/lib:/home/aurora/RM25/install/nav2_msgs/lib:/home/aurora/RM25/install/nav_2d_msgs/lib:/home/aurora/RM25/install/nav2_constrained_smoother/lib:/home/aurora/RM25/install/dwb_msgs/lib:/home/aurora/RM25/install/costmap_queue/lib:/home/aurora/RM25/install/nav2_velocity_smoother/lib:/home/aurora/RM25/install/nav2_rviz_plugins/lib:/home/aurora/RM25/install/nav2_behavior_tree/lib:/home/aurora/RM25/install/nav2_amcl/lib:/usr/lib/x86_64-linux-gnu/gazebo-11/plugins:/opt/ros/humble/opt/rviz_ogre_vendor/lib:/opt/ros/humble/lib/x86_64-linux-gnu:/opt/ros/humble/lib /usr/bin/cmake --build /home/aurora/RM25/build/nav2_rotation_shim_controller -- -j20 -l20
[37.081s] Invoking command in '/home/aurora/RM25/build/nav2_rotation_shim_controller': AMENT_PREFIX_PATH=/home/aurora/RM25/install/nav2_regulated_pure_pursuit_controller:/home/aurora/RM25/install/nav2_controller:${AMENT_PREFIX_PATH} CMAKE_PREFIX_PATH=/home/aurora/RM25/install/nav2_regulated_pure_pursuit_controller:/home/aurora/RM25/install/nav2_controller:/home/aurora/RM25/install/nav2_core:/home/aurora/RM25/install/nav2_costmap_2d:/home/aurora/RM25/install/nav_2d_utils:/home/aurora/RM25/install/nav2_map_server:/home/aurora/RM25/install/nav2_lifecycle_manager:/home/aurora/RM25/install/nav2_util:/home/aurora/RM25/install/nav2_voxel_grid:/home/aurora/RM25/install/nav2_msgs:/home/aurora/RM25/install/nav_2d_msgs:/home/aurora/RM25/install/nav2_common:/home/aurora/RM25/install/nav2_constrained_smoother:/home/aurora/RM25/install/rm_robot_description:/home/aurora/RM25/install/opennav_docking_core:/home/aurora/RM25/install/dwb_msgs:/home/aurora/RM25/install/costmap_queue:/home/aurora/RM25/install/nav2_velocity_smoother:/home/aurora/RM25/install/nav2_rviz_plugins:/home/aurora/RM25/install/nav2_behavior_tree:/home/aurora/RM25/install/nav2_amcl:/home/aurora/ws_helloworld/install/pkg01_helloworld_cpp:/home/aurora/ws_helloworld/install/learning_tf2_cpp:/home/aurora/RM25/install/nav2_simple_commander:/home/aurora/RM25/install/nav2_loopback_sim:/home/aurora/ws_helloworld/install/pkg02_helloworld_py:/opt/ros/humble LD_LIBRARY_PATH=/home/aurora/RM25/install/nav2_regulated_pure_pursuit_controller/lib:/home/aurora/RM25/install/nav2_controller/lib:/home/aurora/RM25/install/nav2_costmap_2d/lib:/home/aurora/RM25/install/nav_2d_utils/lib:/home/aurora/RM25/install/nav2_map_server/lib:/home/aurora/RM25/install/nav2_lifecycle_manager/lib:/home/aurora/RM25/install/nav2_util/lib:/home/aurora/RM25/install/nav2_voxel_grid/lib:/home/aurora/RM25/install/nav2_msgs/lib:/home/aurora/RM25/install/nav_2d_msgs/lib:/home/aurora/RM25/install/nav2_constrained_smoother/lib:/home/aurora/RM25/install/dwb_msgs/lib:/home/aurora/RM25/install/costmap_queue/lib:/home/aurora/RM25/install/nav2_velocity_smoother/lib:/home/aurora/RM25/install/nav2_rviz_plugins/lib:/home/aurora/RM25/install/nav2_behavior_tree/lib:/home/aurora/RM25/install/nav2_amcl/lib:/usr/lib/x86_64-linux-gnu/gazebo-11/plugins:/opt/ros/humble/opt/rviz_ogre_vendor/lib:/opt/ros/humble/lib/x86_64-linux-gnu:/opt/ros/humble/lib /usr/bin/cmake --install /home/aurora/RM25/build/nav2_rotation_shim_controller
[37.086s] -- Install configuration: "Release"
[37.086s] -- Installing: /home/aurora/RM25/install/nav2_rotation_shim_controller/lib/libnav2_rotation_shim_controller.so
[37.086s] -- Set runtime path of "/home/aurora/RM25/install/nav2_rotation_shim_controller/lib/libnav2_rotation_shim_controller.so" to ""
[37.087s] -- Installing: /home/aurora/RM25/install/nav2_rotation_shim_controller/include/
[37.087s] -- Installing: /home/aurora/RM25/install/nav2_rotation_shim_controller/include//nav2_rotation_shim_controller
[37.087s] -- Installing: /home/aurora/RM25/install/nav2_rotation_shim_controller/include//nav2_rotation_shim_controller/nav2_rotation_shim_controller.hpp
[37.087s] -- Installing: /home/aurora/RM25/install/nav2_rotation_shim_controller/include//nav2_rotation_shim_controller/tools
[37.087s] -- Installing: /home/aurora/RM25/install/nav2_rotation_shim_controller/include//nav2_rotation_shim_controller/tools/utils.hpp
[37.087s] -- Installing: /home/aurora/RM25/install/nav2_rotation_shim_controller/share/nav2_rotation_shim_controller/environment/library_path.sh
[37.088s] -- Installing: /home/aurora/RM25/install/nav2_rotation_shim_controller/share/nav2_rotation_shim_controller/environment/library_path.dsv
[37.088s] -- Installing: /home/aurora/RM25/install/nav2_rotation_shim_controller/share/nav2_rotation_shim_controller/nav2_rotation_shim_controller.xml
[37.088s] -- Installing: /home/aurora/RM25/install/nav2_rotation_shim_controller/share/ament_index/resource_index/package_run_dependencies/nav2_rotation_shim_controller
[37.088s] -- Installing: /home/aurora/RM25/install/nav2_rotation_shim_controller/share/ament_index/resource_index/parent_prefix_path/nav2_rotation_shim_controller
[37.088s] -- Installing: /home/aurora/RM25/install/nav2_rotation_shim_controller/share/nav2_rotation_shim_controller/environment/ament_prefix_path.sh
[37.089s] -- Installing: /home/aurora/RM25/install/nav2_rotation_shim_controller/share/nav2_rotation_shim_controller/environment/ament_prefix_path.dsv
[37.089s] -- Installing: /home/aurora/RM25/install/nav2_rotation_shim_controller/share/nav2_rotation_shim_controller/environment/path.sh
[37.089s] -- Installing: /home/aurora/RM25/install/nav2_rotation_shim_controller/share/nav2_rotation_shim_controller/environment/path.dsv
[37.089s] -- Installing: /home/aurora/RM25/install/nav2_rotation_shim_controller/share/nav2_rotation_shim_controller/local_setup.bash
[37.089s] -- Installing: /home/aurora/RM25/install/nav2_rotation_shim_controller/share/nav2_rotation_shim_controller/local_setup.sh
[37.089s] -- Installing: /home/aurora/RM25/install/nav2_rotation_shim_controller/share/nav2_rotation_shim_controller/local_setup.zsh
[37.089s] -- Installing: /home/aurora/RM25/install/nav2_rotation_shim_controller/share/nav2_rotation_shim_controller/local_setup.dsv
[37.089s] -- Installing: /home/aurora/RM25/install/nav2_rotation_shim_controller/share/nav2_rotation_shim_controller/package.dsv
[37.089s] -- Installing: /home/aurora/RM25/install/nav2_rotation_shim_controller/share/ament_index/resource_index/packages/nav2_rotation_shim_controller
[37.090s] -- Installing: /home/aurora/RM25/install/nav2_rotation_shim_controller/share/ament_index/resource_index/nav2_core__pluginlib__plugin/nav2_rotation_shim_controller
[37.090s] -- Installing: /home/aurora/RM25/install/nav2_rotation_shim_controller/share/nav2_rotation_shim_controller/cmake/ament_cmake_export_include_directories-extras.cmake
[37.090s] -- Installing: /home/aurora/RM25/install/nav2_rotation_shim_controller/share/nav2_rotation_shim_controller/cmake/ament_cmake_export_libraries-extras.cmake
[37.090s] -- Installing: /home/aurora/RM25/install/nav2_rotation_shim_controller/share/nav2_rotation_shim_controller/cmake/ament_cmake_export_dependencies-extras.cmake
[37.090s] -- Installing: /home/aurora/RM25/install/nav2_rotation_shim_controller/share/nav2_rotation_shim_controller/cmake/nav2_rotation_shim_controllerConfig.cmake
[37.090s] -- Installing: /home/aurora/RM25/install/nav2_rotation_shim_controller/share/nav2_rotation_shim_controller/cmake/nav2_rotation_shim_controllerConfig-version.cmake
[37.090s] -- Installing: /home/aurora/RM25/install/nav2_rotation_shim_controller/share/nav2_rotation_shim_controller/package.xml
[37.092s] Invoked command in '/home/aurora/RM25/build/nav2_rotation_shim_controller' returned '0': AMENT_PREFIX_PATH=/home/aurora/RM25/install/nav2_regulated_pure_pursuit_controller:/home/aurora/RM25/install/nav2_controller:${AMENT_PREFIX_PATH} CMAKE_PREFIX_PATH=/home/aurora/RM25/install/nav2_regulated_pure_pursuit_controller:/home/aurora/RM25/install/nav2_controller:/home/aurora/RM25/install/nav2_core:/home/aurora/RM25/install/nav2_costmap_2d:/home/aurora/RM25/install/nav_2d_utils:/home/aurora/RM25/install/nav2_map_server:/home/aurora/RM25/install/nav2_lifecycle_manager:/home/aurora/RM25/install/nav2_util:/home/aurora/RM25/install/nav2_voxel_grid:/home/aurora/RM25/install/nav2_msgs:/home/aurora/RM25/install/nav_2d_msgs:/home/aurora/RM25/install/nav2_common:/home/aurora/RM25/install/nav2_constrained_smoother:/home/aurora/RM25/install/rm_robot_description:/home/aurora/RM25/install/opennav_docking_core:/home/aurora/RM25/install/dwb_msgs:/home/aurora/RM25/install/costmap_queue:/home/aurora/RM25/install/nav2_velocity_smoother:/home/aurora/RM25/install/nav2_rviz_plugins:/home/aurora/RM25/install/nav2_behavior_tree:/home/aurora/RM25/install/nav2_amcl:/home/aurora/ws_helloworld/install/pkg01_helloworld_cpp:/home/aurora/ws_helloworld/install/learning_tf2_cpp:/home/aurora/RM25/install/nav2_simple_commander:/home/aurora/RM25/install/nav2_loopback_sim:/home/aurora/ws_helloworld/install/pkg02_helloworld_py:/opt/ros/humble LD_LIBRARY_PATH=/home/aurora/RM25/install/nav2_regulated_pure_pursuit_controller/lib:/home/aurora/RM25/install/nav2_controller/lib:/home/aurora/RM25/install/nav2_costmap_2d/lib:/home/aurora/RM25/install/nav_2d_utils/lib:/home/aurora/RM25/install/nav2_map_server/lib:/home/aurora/RM25/install/nav2_lifecycle_manager/lib:/home/aurora/RM25/install/nav2_util/lib:/home/aurora/RM25/install/nav2_voxel_grid/lib:/home/aurora/RM25/install/nav2_msgs/lib:/home/aurora/RM25/install/nav_2d_msgs/lib:/home/aurora/RM25/install/nav2_constrained_smoother/lib:/home/aurora/RM25/install/dwb_msgs/lib:/home/aurora/RM25/install/costmap_queue/lib:/home/aurora/RM25/install/nav2_velocity_smoother/lib:/home/aurora/RM25/install/nav2_rviz_plugins/lib:/home/aurora/RM25/install/nav2_behavior_tree/lib:/home/aurora/RM25/install/nav2_amcl/lib:/usr/lib/x86_64-linux-gnu/gazebo-11/plugins:/opt/ros/humble/opt/rviz_ogre_vendor/lib:/opt/ros/humble/lib/x86_64-linux-gnu:/opt/ros/humble/lib /usr/bin/cmake --install /home/aurora/RM25/build/nav2_rotation_shim_controller
