-- Found ament_cmake: 1.3.10 (/opt/ros/humble/share/ament_cmake/cmake)
-- Override CMake install command with custom implementation using symlinks instead of copying resources
-- Found nav2_common: 1.1.16 (/opt/ros/humble/share/nav2_common/cmake)
-- Found nav2_costmap_2d: 1.1.17 (/home/aurora/RM25/install/nav2_costmap_2d/share/nav2_costmap_2d/cmake)
-- Found rosidl_generator_c: 3.1.5 (/opt/ros/humble/share/rosidl_generator_c/cmake)
-- Found rosidl_adapter: 3.1.5 (/opt/ros/humble/share/rosidl_adapter/cmake)
-- Found rosidl_generator_cpp: 3.1.5 (/opt/ros/humble/share/rosidl_generator_cpp/cmake)
-- Using all available rosidl_typesupport_c: rosidl_typesupport_fastrtps_c;rosidl_typesupport_introspection_c
-- Using all available rosidl_typesupport_cpp: rosidl_typesupport_fastrtps_cpp;rosidl_typesupport_introspection_cpp
-- Found rmw_implementation_cmake: 6.1.2 (/opt/ros/humble/share/rmw_implementation_cmake/cmake)
-- Found rmw_fastrtps_cpp: 6.2.7 (/opt/ros/humble/share/rmw_fastrtps_cpp/cmake)
-- Using RMW implementation 'rmw_fastrtps_cpp' as default
-- Ensuring Eigen3 include directory is part of orocos-kdl CMake target
-- Found ament_lint_auto: 0.12.11 (/opt/ros/humble/share/ament_lint_auto/cmake)
-- Found gtest sources under '/opt/ros/humble/src/gtest_vendor': C++ tests using 'Google Test' will be built
-- Added test 'cppcheck' to perform static code analysis on C / C++ code
-- Configured cppcheck include dirs: /home/aurora/RM25/src/rm_navigation2/nav2_dwb_controller/costmap_queue/include
-- Configured cppcheck exclude dirs and/or files: 
-- Added test 'cpplint' to check C / C++ code against the Google style
-- Configured cpplint exclude dirs and/or files: 
-- Added test 'lint_cmake' to check CMake code style
-- Added test 'uncrustify' to check C / C++ code style
-- Configured uncrustify additional arguments: 
-- Added test 'xmllint' to check XML markup files
-- Configuring done
-- Generating done
-- Build files have been written to: /home/aurora/RM25/build/costmap_queue
[35m[1mConsolidate compiler generated dependencies of target gtest_main[0m
[35m[1mConsolidate compiler generated dependencies of target gtest[0m
[35m[1mConsolidate compiler generated dependencies of target costmap_queue[0m
[ 18%] [32mBuilding CXX object CMakeFiles/costmap_queue.dir/src/limited_costmap_queue.cpp.o[0m
[ 27%] Built target gtest_main
[ 45%] Built target gtest
[ 54%] [32mBuilding CXX object CMakeFiles/costmap_queue.dir/src/costmap_queue.cpp.o[0m
[35m[1mConsolidate compiler generated dependencies of target mbq_test[0m
[ 63%] [32mBuilding CXX object CMakeFiles/mbq_test.dir/test/mbq_test.cpp.o[0m
[ 72%] [32m[1mLinking CXX shared library libcostmap_queue.so[0m
[ 81%] [32m[1mLinking CXX executable mbq_test[0m
[ 81%] Built target costmap_queue
[35m[1mConsolidate compiler generated dependencies of target utest[0m
[ 90%] [32mBuilding CXX object CMakeFiles/utest.dir/test/utest.cpp.o[0m
[ 90%] Built target mbq_test
[100%] [32m[1mLinking CXX executable utest[0m
[100%] Built target utest
-- Install configuration: "Release"
-- Execute custom install script
-- Up-to-date symlink: /home/aurora/RM25/install/costmap_queue/lib/libcostmap_queue.so
-- Up-to-date symlink: /home/aurora/RM25/install/costmap_queue/include//costmap_queue/costmap_queue.hpp
-- Up-to-date symlink: /home/aurora/RM25/install/costmap_queue/include//costmap_queue/limited_costmap_queue.hpp
-- Up-to-date symlink: /home/aurora/RM25/install/costmap_queue/include//costmap_queue/map_based_queue.hpp
-- Up-to-date symlink: /home/aurora/RM25/install/costmap_queue/share/costmap_queue/environment/library_path.sh
-- Up-to-date symlink: /home/aurora/RM25/install/costmap_queue/share/costmap_queue/environment/library_path.dsv
-- Up-to-date symlink: /home/aurora/RM25/install/costmap_queue/share/ament_index/resource_index/package_run_dependencies/costmap_queue
-- Up-to-date symlink: /home/aurora/RM25/install/costmap_queue/share/ament_index/resource_index/parent_prefix_path/costmap_queue
-- Up-to-date symlink: /home/aurora/RM25/install/costmap_queue/share/costmap_queue/environment/ament_prefix_path.sh
-- Up-to-date symlink: /home/aurora/RM25/install/costmap_queue/share/costmap_queue/environment/ament_prefix_path.dsv
-- Up-to-date symlink: /home/aurora/RM25/install/costmap_queue/share/costmap_queue/environment/path.sh
-- Up-to-date symlink: /home/aurora/RM25/install/costmap_queue/share/costmap_queue/environment/path.dsv
-- Up-to-date symlink: /home/aurora/RM25/install/costmap_queue/share/costmap_queue/local_setup.bash
-- Up-to-date symlink: /home/aurora/RM25/install/costmap_queue/share/costmap_queue/local_setup.sh
-- Up-to-date symlink: /home/aurora/RM25/install/costmap_queue/share/costmap_queue/local_setup.zsh
-- Up-to-date symlink: /home/aurora/RM25/install/costmap_queue/share/costmap_queue/local_setup.dsv
-- Symlinking: /home/aurora/RM25/install/costmap_queue/share/costmap_queue/package.dsv
-- Up-to-date symlink: /home/aurora/RM25/install/costmap_queue/share/ament_index/resource_index/packages/costmap_queue
-- Up-to-date symlink: /home/aurora/RM25/install/costmap_queue/share/costmap_queue/cmake/ament_cmake_export_include_directories-extras.cmake
-- Up-to-date symlink: /home/aurora/RM25/install/costmap_queue/share/costmap_queue/cmake/ament_cmake_export_libraries-extras.cmake
-- Up-to-date symlink: /home/aurora/RM25/install/costmap_queue/share/costmap_queue/cmake/costmap_queueConfig.cmake
-- Up-to-date symlink: /home/aurora/RM25/install/costmap_queue/share/costmap_queue/cmake/costmap_queueConfig-version.cmake
-- Up-to-date symlink: /home/aurora/RM25/install/costmap_queue/share/costmap_queue/package.xml
