[0.020s] Invoking command in '/home/aurora/RM25/build/rm_localization': /usr/bin/cmake --build /home/aurora/RM25/build/rm_localization -- -j20 -l20
[0.064s] Invoked command in '/home/aurora/RM25/build/rm_localization' returned '0': /usr/bin/cmake --build /home/aurora/RM25/build/rm_localization -- -j20 -l20
[0.074s] Invoking command in '/home/aurora/RM25/build/rm_localization': /usr/bin/cmake --install /home/aurora/RM25/build/rm_localization
[0.080s] -- Install configuration: ""
[0.080s] -- Up-to-date: /home/aurora/RM25/install/rm_localization/share/ament_index/resource_index/package_run_dependencies/rm_localization
[0.080s] -- Up-to-date: /home/aurora/RM25/install/rm_localization/share/ament_index/resource_index/parent_prefix_path/rm_localization
[0.080s] -- Up-to-date: /home/aurora/RM25/install/rm_localization/share/rm_localization/environment/ament_prefix_path.sh
[0.080s] -- Up-to-date: /home/aurora/RM25/install/rm_localization/share/rm_localization/environment/ament_prefix_path.dsv
[0.080s] -- Up-to-date: /home/aurora/RM25/install/rm_localization/share/rm_localization/environment/path.sh
[0.080s] -- Up-to-date: /home/aurora/RM25/install/rm_localization/share/rm_localization/environment/path.dsv
[0.080s] -- Up-to-date: /home/aurora/RM25/install/rm_localization/share/rm_localization/local_setup.bash
[0.080s] -- Up-to-date: /home/aurora/RM25/install/rm_localization/share/rm_localization/local_setup.sh
[0.080s] -- Up-to-date: /home/aurora/RM25/install/rm_localization/share/rm_localization/local_setup.zsh
[0.080s] -- Up-to-date: /home/aurora/RM25/install/rm_localization/share/rm_localization/local_setup.dsv
[0.080s] -- Up-to-date: /home/aurora/RM25/install/rm_localization/share/rm_localization/package.dsv
[0.081s] -- Up-to-date: /home/aurora/RM25/install/rm_localization/share/ament_index/resource_index/packages/rm_localization
[0.081s] -- Up-to-date: /home/aurora/RM25/install/rm_localization/share/rm_localization/cmake/rm_localizationConfig.cmake
[0.081s] -- Up-to-date: /home/aurora/RM25/install/rm_localization/share/rm_localization/cmake/rm_localizationConfig-version.cmake
[0.081s] -- Up-to-date: /home/aurora/RM25/install/rm_localization/share/rm_localization/package.xml
[0.082s] Invoked command in '/home/aurora/RM25/build/rm_localization' returned '0': /usr/bin/cmake --install /home/aurora/RM25/build/rm_localization
