[0.013s] Invoking command in '/home/aurora/RM25/src/build/rm_robot_description': CMAKE_PREFIX_PATH=${CMAKE_PREFIX_PATH}:/home/aurora/ws_helloworld/install/pkg02_helloworld_py:/opt/ros/humble /usr/bin/cmake /home/aurora/RM25/src/rm_robot_description -DROS_EDITION=ROS2 -DHUMBLE_ROS=humble -DCMAKE_INSTALL_PREFIX=/home/aurora/RM25/src/install/rm_robot_description
[0.177s] -- The C compiler identification is GNU 11.4.0
[0.910s] -- The CXX compiler identification is GNU 11.4.0
[1.319s] -- Detecting C compiler ABI info
[1.521s] -- Detecting C compiler ABI info - done
[1.525s] -- Check for working C compiler: /usr/bin/cc - skipped
[1.525s] -- Detecting C compile features
[1.525s] -- Detecting C compile features - done
[1.526s] -- Detecting CXX compiler ABI info
[1.796s] -- Detecting CXX compiler ABI info - done
[1.803s] -- Check for working CXX compiler: /usr/bin/c++ - skipped
[1.804s] -- Detecting CXX compile features
[1.804s] -- Detecting CXX compile features - done
[1.808s] -- Found ament_cmake_auto: 1.3.10 (/opt/ros/humble/share/ament_cmake_auto/cmake)
[2.143s] -- Found Python3: /usr/bin/python3 (found version "3.10.12") found components: Interpreter 
[5.929s] -- Found ament_lint_auto: 0.12.11 (/opt/ros/humble/share/ament_lint_auto/cmake)
[5.934s] -- Configuring done
[5.939s] -- Generating done
[5.940s] [33mCMake Warning:
[5.940s]   Manually-specified variables were not used by the project:
[5.940s] 
[5.940s]     HUMBLE_ROS
[5.940s]     ROS_EDITION
[5.940s] 
[5.940s] [0m
[5.940s] -- Build files have been written to: /home/aurora/RM25/src/build/rm_robot_description
[5.997s] Invoked command in '/home/aurora/RM25/src/build/rm_robot_description' returned '0': CMAKE_PREFIX_PATH=${CMAKE_PREFIX_PATH}:/home/aurora/ws_helloworld/install/pkg02_helloworld_py:/opt/ros/humble /usr/bin/cmake /home/aurora/RM25/src/rm_robot_description -DROS_EDITION=ROS2 -DHUMBLE_ROS=humble -DCMAKE_INSTALL_PREFIX=/home/aurora/RM25/src/install/rm_robot_description
[5.997s] Invoking command in '/home/aurora/RM25/src/build/rm_robot_description': CMAKE_PREFIX_PATH=${CMAKE_PREFIX_PATH}:/home/aurora/ws_helloworld/install/pkg02_helloworld_py:/opt/ros/humble /usr/bin/cmake --build /home/aurora/RM25/src/build/rm_robot_description -- -j20 -l20
[6.113s] Invoked command in '/home/aurora/RM25/src/build/rm_robot_description' returned '0': CMAKE_PREFIX_PATH=${CMAKE_PREFIX_PATH}:/home/aurora/ws_helloworld/install/pkg02_helloworld_py:/opt/ros/humble /usr/bin/cmake --build /home/aurora/RM25/src/build/rm_robot_description -- -j20 -l20
[6.351s] Invoking command in '/home/aurora/RM25/src/build/rm_robot_description': CMAKE_PREFIX_PATH=${CMAKE_PREFIX_PATH}:/home/aurora/ws_helloworld/install/pkg02_helloworld_py:/opt/ros/humble /usr/bin/cmake --install /home/aurora/RM25/src/build/rm_robot_description
[6.359s] -- Install configuration: ""
[6.359s] -- Installing: /home/aurora/RM25/src/install/rm_robot_description/share/rm_robot_description/urdf
[6.360s] -- Installing: /home/aurora/RM25/src/install/rm_robot_description/share/rm_robot_description/urdf/sim_robot.urdf
[6.362s] -- Installing: /home/aurora/RM25/src/install/rm_robot_description/share/rm_robot_description/urdf/robot.urdf
[6.362s] -- Installing: /home/aurora/RM25/src/install/rm_robot_description/share/rm_robot_description/urdf/simulation.urdf
[6.362s] -- Installing: /home/aurora/RM25/src/install/rm_robot_description/share/rm_robot_description/urdf/robot.urdf.xacro
[6.362s] -- Installing: /home/aurora/RM25/src/install/rm_robot_description/share/rm_robot_description/urdf/simulation_waking_robot.xacro
[6.362s] -- Installing: /home/aurora/RM25/src/install/rm_robot_description/share/rm_robot_description/urdf/four_omniwheel_robot.urdf
[6.362s] -- Installing: /home/aurora/RM25/src/install/rm_robot_description/share/rm_robot_description/urdf/mid360.xacro
[6.362s] -- Installing: /home/aurora/RM25/src/install/rm_robot_description/share/rm_robot_description/world
[6.362s] -- Installing: /home/aurora/RM25/src/install/rm_robot_description/share/rm_robot_description/world/25UL
[6.363s] -- Installing: /home/aurora/RM25/src/install/rm_robot_description/share/rm_robot_description/world/25UL/model.config
[6.381s] -- Installing: /home/aurora/RM25/src/install/rm_robot_description/share/rm_robot_description/world/25UL/RMUL25.world
[6.381s] -- Installing: /home/aurora/RM25/src/install/rm_robot_description/share/rm_robot_description/world/25UL/model.sdf
[6.381s] -- Installing: /home/aurora/RM25/src/install/rm_robot_description/share/rm_robot_description/world/my_world.world
[6.381s] -- Installing: /home/aurora/RM25/src/install/rm_robot_description/share/rm_robot_description/world/RMUL25.world
[6.381s] -- Installing: /home/aurora/RM25/src/install/rm_robot_description/share/rm_robot_description/world/rmul
[6.383s] -- Installing: /home/aurora/RM25/src/install/rm_robot_description/share/rm_robot_description/world/rmul/model.config
[6.383s] -- Installing: /home/aurora/RM25/src/install/rm_robot_description/share/rm_robot_description/world/rmul/RMUL25.world
[6.383s] -- Installing: /home/aurora/RM25/src/install/rm_robot_description/share/rm_robot_description/world/rmul/model.sdf
[6.384s] -- Installing: /home/aurora/RM25/src/install/rm_robot_description/share/rm_robot_description/world/RMUC24_world.world
[6.384s] -- Installing: /home/aurora/RM25/src/install/rm_robot_description/share/rm_robot_description/rviz
[6.384s] -- Installing: /home/aurora/RM25/src/install/rm_robot_description/share/rm_robot_description/rviz/fastlio.rviz
[6.384s] -- Installing: /home/aurora/RM25/src/install/rm_robot_description/share/rm_robot_description/rviz/urdf_config.rviz
[6.384s] -- Installing: /home/aurora/RM25/src/install/rm_robot_description/share/rm_robot_description/rviz/rviz2.rviz
[6.384s] -- Installing: /home/aurora/RM25/src/install/rm_robot_description/share/rm_robot_description/launch
[6.384s] -- Installing: /home/aurora/RM25/src/install/rm_robot_description/share/rm_robot_description/launch/build
[6.385s] -- Installing: /home/aurora/RM25/src/install/rm_robot_description/share/rm_robot_description/launch/build/COLCON_IGNORE
[6.385s] -- Installing: /home/aurora/RM25/src/install/rm_robot_description/share/rm_robot_description/launch/build/.built_by
[6.385s] -- Installing: /home/aurora/RM25/src/install/rm_robot_description/share/rm_robot_description/launch/log
[6.385s] -- Installing: /home/aurora/RM25/src/install/rm_robot_description/share/rm_robot_description/launch/log/build_2024-11-12_20-59-25
[6.385s] -- Installing: /home/aurora/RM25/src/install/rm_robot_description/share/rm_robot_description/launch/log/build_2024-11-12_20-59-25/logger_all.log
[6.385s] -- Installing: /home/aurora/RM25/src/install/rm_robot_description/share/rm_robot_description/launch/log/build_2024-11-12_20-59-25/events.log
[6.385s] -- Installing: /home/aurora/RM25/src/install/rm_robot_description/share/rm_robot_description/launch/log/latest_build
[6.385s] -- Installing: /home/aurora/RM25/src/install/rm_robot_description/share/rm_robot_description/launch/log/latest
[6.385s] -- Installing: /home/aurora/RM25/src/install/rm_robot_description/share/rm_robot_description/launch/log/build_2024-11-14_12-02-55
[6.386s] -- Installing: /home/aurora/RM25/src/install/rm_robot_description/share/rm_robot_description/launch/log/build_2024-11-14_12-02-55/logger_all.log
[6.386s] -- Installing: /home/aurora/RM25/src/install/rm_robot_description/share/rm_robot_description/launch/log/build_2024-11-14_12-02-55/events.log
[6.386s] -- Installing: /home/aurora/RM25/src/install/rm_robot_description/share/rm_robot_description/launch/log/COLCON_IGNORE
[6.386s] -- Installing: /home/aurora/RM25/src/install/rm_robot_description/share/rm_robot_description/launch/install
[6.386s] -- Installing: /home/aurora/RM25/src/install/rm_robot_description/share/rm_robot_description/launch/install/setup.ps1
[6.386s] -- Installing: /home/aurora/RM25/src/install/rm_robot_description/share/rm_robot_description/launch/install/setup.sh
[6.386s] -- Installing: /home/aurora/RM25/src/install/rm_robot_description/share/rm_robot_description/launch/install/setup.zsh
[6.386s] -- Installing: /home/aurora/RM25/src/install/rm_robot_description/share/rm_robot_description/launch/install/local_setup.bash
[6.386s] -- Installing: /home/aurora/RM25/src/install/rm_robot_description/share/rm_robot_description/launch/install/COLCON_IGNORE
[6.386s] -- Installing: /home/aurora/RM25/src/install/rm_robot_description/share/rm_robot_description/launch/install/setup.bash
[6.386s] -- Installing: /home/aurora/RM25/src/install/rm_robot_description/share/rm_robot_description/launch/install/_local_setup_util_sh.py
[6.386s] -- Installing: /home/aurora/RM25/src/install/rm_robot_description/share/rm_robot_description/launch/install/local_setup.ps1
[6.386s] -- Installing: /home/aurora/RM25/src/install/rm_robot_description/share/rm_robot_description/launch/install/_local_setup_util_ps1.py
[6.386s] -- Installing: /home/aurora/RM25/src/install/rm_robot_description/share/rm_robot_description/launch/install/local_setup.zsh
[6.387s] -- Installing: /home/aurora/RM25/src/install/rm_robot_description/share/rm_robot_description/launch/install/.colcon_install_layout
[6.387s] -- Installing: /home/aurora/RM25/src/install/rm_robot_description/share/rm_robot_description/launch/install/local_setup.sh
[6.387s] -- Installing: /home/aurora/RM25/src/install/rm_robot_description/share/rm_robot_description/launch/robot.launch.py
[6.387s] -- Installing: /home/aurora/RM25/src/install/rm_robot_description/share/rm_robot_description/launch/robotv2.launch.py
[6.387s] -- Installing: /home/aurora/RM25/src/install/rm_robot_description/share/rm_robot_description/launch/rm_simulation.launch.py
[6.387s] -- Installing: /home/aurora/RM25/src/install/rm_robot_description/share/rm_robot_description/meshes
[6.387s] -- Installing: /home/aurora/RM25/src/install/rm_robot_description/share/rm_robot_description/meshes/gazebo.launch.py
[6.387s] -- Installing: /home/aurora/RM25/src/install/rm_robot_description/share/rm_robot_description/meshes/omniwheel1_link.STL
[6.393s] -- Installing: /home/aurora/RM25/src/install/rm_robot_description/share/rm_robot_description/meshes/obstacles
[6.394s] -- Installing: /home/aurora/RM25/src/install/rm_robot_description/share/rm_robot_description/meshes/obstacles/obstacle6
[6.394s] -- Installing: /home/aurora/RM25/src/install/rm_robot_description/share/rm_robot_description/meshes/obstacles/obstacle6/model.config
[6.394s] -- Installing: /home/aurora/RM25/src/install/rm_robot_description/share/rm_robot_description/meshes/obstacles/obstacle6/model.sdf
[6.395s] -- Installing: /home/aurora/RM25/src/install/rm_robot_description/share/rm_robot_description/meshes/obstacles/obstacle9
[6.395s] -- Installing: /home/aurora/RM25/src/install/rm_robot_description/share/rm_robot_description/meshes/obstacles/obstacle9/model.config
[6.395s] -- Installing: /home/aurora/RM25/src/install/rm_robot_description/share/rm_robot_description/meshes/obstacles/obstacle9/model.sdf
[6.396s] -- Installing: /home/aurora/RM25/src/install/rm_robot_description/share/rm_robot_description/meshes/obstacles/obstacle7
[6.397s] -- Installing: /home/aurora/RM25/src/install/rm_robot_description/share/rm_robot_description/meshes/obstacles/obstacle7/model.config
[6.398s] -- Installing: /home/aurora/RM25/src/install/rm_robot_description/share/rm_robot_description/meshes/obstacles/obstacle7/model.sdf
[6.398s] -- Installing: /home/aurora/RM25/src/install/rm_robot_description/share/rm_robot_description/meshes/obstacles/obstacle_plugin
[6.398s] -- Installing: /home/aurora/RM25/src/install/rm_robot_description/share/rm_robot_description/meshes/obstacles/obstacle_plugin/obstacle1.cc
[6.399s] -- Installing: /home/aurora/RM25/src/install/rm_robot_description/share/rm_robot_description/meshes/obstacles/obstacle_plugin/obstacle10.cc
[6.399s] -- Installing: /home/aurora/RM25/src/install/rm_robot_description/share/rm_robot_description/meshes/obstacles/obstacle_plugin/CMakeLists.txt
[6.399s] -- Installing: /home/aurora/RM25/src/install/rm_robot_description/share/rm_robot_description/meshes/obstacles/obstacle_plugin/obstacle12.cc
[6.399s] -- Installing: /home/aurora/RM25/src/install/rm_robot_description/share/rm_robot_description/meshes/obstacles/obstacle_plugin/obstacle8.cc
[6.399s] -- Installing: /home/aurora/RM25/src/install/rm_robot_description/share/rm_robot_description/meshes/obstacles/obstacle_plugin/lib
[6.399s] -- Installing: /home/aurora/RM25/src/install/rm_robot_description/share/rm_robot_description/meshes/obstacles/obstacle_plugin/lib/libobstacles.so
[6.400s] -- Installing: /home/aurora/RM25/src/install/rm_robot_description/share/rm_robot_description/meshes/obstacles/obstacle_plugin/lib/libobstacle3.so
[6.414s] -- Installing: /home/aurora/RM25/src/install/rm_robot_description/share/rm_robot_description/meshes/obstacles/obstacle_plugin/lib/libobstacle11.so
[6.415s] -- Installing: /home/aurora/RM25/src/install/rm_robot_description/share/rm_robot_description/meshes/obstacles/obstacle_plugin/lib/libobstacle9.so
[6.417s] -- Installing: /home/aurora/RM25/src/install/rm_robot_description/share/rm_robot_description/meshes/obstacles/obstacle_plugin/lib/libobstacle2.so
[6.419s] -- Installing: /home/aurora/RM25/src/install/rm_robot_description/share/rm_robot_description/meshes/obstacles/obstacle_plugin/lib/libobstacle5.so
[6.421s] -- Installing: /home/aurora/RM25/src/install/rm_robot_description/share/rm_robot_description/meshes/obstacles/obstacle_plugin/lib/libobstacle8.so
[6.422s] -- Installing: /home/aurora/RM25/src/install/rm_robot_description/share/rm_robot_description/meshes/obstacles/obstacle_plugin/lib/libobstacle12.so
[6.424s] -- Installing: /home/aurora/RM25/src/install/rm_robot_description/share/rm_robot_description/meshes/obstacles/obstacle_plugin/lib/libobstacle10.so
[6.425s] -- Installing: /home/aurora/RM25/src/install/rm_robot_description/share/rm_robot_description/meshes/obstacles/obstacle_plugin/lib/libobstacle6.so
[6.427s] -- Installing: /home/aurora/RM25/src/install/rm_robot_description/share/rm_robot_description/meshes/obstacles/obstacle_plugin/lib/libobstacle1.so
[6.428s] -- Installing: /home/aurora/RM25/src/install/rm_robot_description/share/rm_robot_description/meshes/obstacles/obstacle_plugin/lib/libobstacle4.so
[6.430s] -- Installing: /home/aurora/RM25/src/install/rm_robot_description/share/rm_robot_description/meshes/obstacles/obstacle_plugin/lib/libobstacle7.so
[6.452s] -- Installing: /home/aurora/RM25/src/install/rm_robot_description/share/rm_robot_description/meshes/obstacles/obstacle_plugin/obstacle7.cc
[6.452s] -- Installing: /home/aurora/RM25/src/install/rm_robot_description/share/rm_robot_description/meshes/obstacles/obstacle_plugin/obstacles.cc
[6.453s] -- Installing: /home/aurora/RM25/src/install/rm_robot_description/share/rm_robot_description/meshes/obstacles/obstacle_plugin/obstacle6.cc
[6.453s] -- Installing: /home/aurora/RM25/src/install/rm_robot_description/share/rm_robot_description/meshes/obstacles/obstacle_plugin/obstacle13.cc
[6.453s] -- Installing: /home/aurora/RM25/src/install/rm_robot_description/share/rm_robot_description/meshes/obstacles/obstacle_plugin/obstacle11.cc
[6.453s] -- Installing: /home/aurora/RM25/src/install/rm_robot_description/share/rm_robot_description/meshes/obstacles/obstacle_plugin/obstacle5.cc
[6.453s] -- Installing: /home/aurora/RM25/src/install/rm_robot_description/share/rm_robot_description/meshes/obstacles/obstacle_plugin/obstacle2.cc
[6.453s] -- Installing: /home/aurora/RM25/src/install/rm_robot_description/share/rm_robot_description/meshes/obstacles/obstacle_plugin/obstacle4.cc
[6.453s] -- Installing: /home/aurora/RM25/src/install/rm_robot_description/share/rm_robot_description/meshes/obstacles/obstacle_plugin/obstacle9.cc
[6.453s] -- Installing: /home/aurora/RM25/src/install/rm_robot_description/share/rm_robot_description/meshes/obstacles/obstacle_plugin/obstacle3.cc
[6.453s] -- Installing: /home/aurora/RM25/src/install/rm_robot_description/share/rm_robot_description/meshes/obstacles/obstacle12
[6.453s] -- Installing: /home/aurora/RM25/src/install/rm_robot_description/share/rm_robot_description/meshes/obstacles/obstacle12/model.config
[6.454s] -- Installing: /home/aurora/RM25/src/install/rm_robot_description/share/rm_robot_description/meshes/obstacles/obstacle12/model.sdf
[6.454s] -- Installing: /home/aurora/RM25/src/install/rm_robot_description/share/rm_robot_description/meshes/obstacles/obstacle11
[6.454s] -- Installing: /home/aurora/RM25/src/install/rm_robot_description/share/rm_robot_description/meshes/obstacles/obstacle11/model.config
[6.454s] -- Installing: /home/aurora/RM25/src/install/rm_robot_description/share/rm_robot_description/meshes/obstacles/obstacle11/model.sdf
[6.454s] -- Installing: /home/aurora/RM25/src/install/rm_robot_description/share/rm_robot_description/meshes/obstacles/obstacle1
[6.454s] -- Installing: /home/aurora/RM25/src/install/rm_robot_description/share/rm_robot_description/meshes/obstacles/obstacle1/model.config
[6.454s] -- Installing: /home/aurora/RM25/src/install/rm_robot_description/share/rm_robot_description/meshes/obstacles/obstacle1/model.sdf
[6.454s] -- Installing: /home/aurora/RM25/src/install/rm_robot_description/share/rm_robot_description/meshes/obstacles/obstacle5
[6.454s] -- Installing: /home/aurora/RM25/src/install/rm_robot_description/share/rm_robot_description/meshes/obstacles/obstacle5/model.config
[6.454s] -- Installing: /home/aurora/RM25/src/install/rm_robot_description/share/rm_robot_description/meshes/obstacles/obstacle5/model.sdf
[6.454s] -- Installing: /home/aurora/RM25/src/install/rm_robot_description/share/rm_robot_description/meshes/obstacles/obstacle10
[6.455s] -- Installing: /home/aurora/RM25/src/install/rm_robot_description/share/rm_robot_description/meshes/obstacles/obstacle10/model.config
[6.455s] -- Installing: /home/aurora/RM25/src/install/rm_robot_description/share/rm_robot_description/meshes/obstacles/obstacle10/model.sdf
[6.455s] -- Installing: /home/aurora/RM25/src/install/rm_robot_description/share/rm_robot_description/meshes/obstacles/obstacle2
[6.455s] -- Installing: /home/aurora/RM25/src/install/rm_robot_description/share/rm_robot_description/meshes/obstacles/obstacle2/model.config
[6.455s] -- Installing: /home/aurora/RM25/src/install/rm_robot_description/share/rm_robot_description/meshes/obstacles/obstacle2/model.sdf
[6.455s] -- Installing: /home/aurora/RM25/src/install/rm_robot_description/share/rm_robot_description/meshes/obstacles/obstacle3
[6.455s] -- Installing: /home/aurora/RM25/src/install/rm_robot_description/share/rm_robot_description/meshes/obstacles/obstacle3/model.config
[6.455s] -- Installing: /home/aurora/RM25/src/install/rm_robot_description/share/rm_robot_description/meshes/obstacles/obstacle3/model.sdf
[6.458s] -- Installing: /home/aurora/RM25/src/install/rm_robot_description/share/rm_robot_description/meshes/obstacles/obstacle8
[6.459s] -- Installing: /home/aurora/RM25/src/install/rm_robot_description/share/rm_robot_description/meshes/obstacles/obstacle8/model.config
[6.459s] -- Installing: /home/aurora/RM25/src/install/rm_robot_description/share/rm_robot_description/meshes/obstacles/obstacle8/model.sdf
[6.459s] -- Installing: /home/aurora/RM25/src/install/rm_robot_description/share/rm_robot_description/meshes/obstacles/obstacle4
[6.462s] -- Installing: /home/aurora/RM25/src/install/rm_robot_description/share/rm_robot_description/meshes/obstacles/obstacle4/model.config
[6.462s] -- Installing: /home/aurora/RM25/src/install/rm_robot_description/share/rm_robot_description/meshes/obstacles/obstacle4/model.sdf
[6.462s] -- Installing: /home/aurora/RM25/src/install/rm_robot_description/share/rm_robot_description/meshes/display.launch.py
[6.462s] -- Installing: /home/aurora/RM25/src/install/rm_robot_description/share/rm_robot_description/meshes/RMUL_2024.stl
[6.502s] -- Installing: /home/aurora/RM25/src/install/rm_robot_description/share/rm_robot_description/meshes/mid360.stl
[6.508s] -- Installing: /home/aurora/RM25/src/install/rm_robot_description/share/rm_robot_description/meshes/display.launch
[6.509s] -- Installing: /home/aurora/RM25/src/install/rm_robot_description/share/rm_robot_description/meshes/mid360laser_link.STL
[6.515s] -- Installing: /home/aurora/RM25/src/install/rm_robot_description/share/rm_robot_description/meshes/RMUC_2024.stl
[6.517s] -- Installing: /home/aurora/RM25/src/install/rm_robot_description/share/rm_robot_description/meshes/omniwheel3_link.STL
[6.527s] -- Installing: /home/aurora/RM25/src/install/rm_robot_description/share/rm_robot_description/meshes/omniwheel4_link.STL
[6.536s] -- Installing: /home/aurora/RM25/src/install/rm_robot_description/share/rm_robot_description/meshes/base_link.STL
[6.537s] -- Installing: /home/aurora/RM25/src/install/rm_robot_description/share/rm_robot_description/meshes/gazebo.launch
[6.537s] -- Installing: /home/aurora/RM25/src/install/rm_robot_description/share/rm_robot_description/meshes/omniwheel2_link.STL
[6.547s] -- Installing: /home/aurora/RM25/src/install/rm_robot_description/share/rm_robot_description/meshes/controller_link.STL
[6.547s] -- Up-to-date: /home/aurora/RM25/src/install/rm_robot_description/share/rm_robot_description/launch
[6.547s] -- Up-to-date: /home/aurora/RM25/src/install/rm_robot_description/share/rm_robot_description/launch/build
[6.547s] -- Up-to-date: /home/aurora/RM25/src/install/rm_robot_description/share/rm_robot_description/launch/build/COLCON_IGNORE
[6.547s] -- Up-to-date: /home/aurora/RM25/src/install/rm_robot_description/share/rm_robot_description/launch/build/.built_by
[6.547s] -- Up-to-date: /home/aurora/RM25/src/install/rm_robot_description/share/rm_robot_description/launch/log
[6.547s] -- Up-to-date: /home/aurora/RM25/src/install/rm_robot_description/share/rm_robot_description/launch/log/build_2024-11-12_20-59-25
[6.548s] -- Up-to-date: /home/aurora/RM25/src/install/rm_robot_description/share/rm_robot_description/launch/log/build_2024-11-12_20-59-25/logger_all.log
[6.548s] -- Up-to-date: /home/aurora/RM25/src/install/rm_robot_description/share/rm_robot_description/launch/log/build_2024-11-12_20-59-25/events.log
[6.548s] -- Up-to-date: /home/aurora/RM25/src/install/rm_robot_description/share/rm_robot_description/launch/log/latest_build
[6.548s] -- Up-to-date: /home/aurora/RM25/src/install/rm_robot_description/share/rm_robot_description/launch/log/latest
[6.548s] -- Up-to-date: /home/aurora/RM25/src/install/rm_robot_description/share/rm_robot_description/launch/log/build_2024-11-14_12-02-55
[6.548s] -- Up-to-date: /home/aurora/RM25/src/install/rm_robot_description/share/rm_robot_description/launch/log/build_2024-11-14_12-02-55/logger_all.log
[6.548s] -- Up-to-date: /home/aurora/RM25/src/install/rm_robot_description/share/rm_robot_description/launch/log/build_2024-11-14_12-02-55/events.log
[6.548s] -- Up-to-date: /home/aurora/RM25/src/install/rm_robot_description/share/rm_robot_description/launch/log/COLCON_IGNORE
[6.548s] -- Up-to-date: /home/aurora/RM25/src/install/rm_robot_description/share/rm_robot_description/launch/install
[6.548s] -- Up-to-date: /home/aurora/RM25/src/install/rm_robot_description/share/rm_robot_description/launch/install/setup.ps1
[6.548s] -- Up-to-date: /home/aurora/RM25/src/install/rm_robot_description/share/rm_robot_description/launch/install/setup.sh
[6.549s] -- Up-to-date: /home/aurora/RM25/src/install/rm_robot_description/share/rm_robot_description/launch/install/setup.zsh
[6.549s] -- Up-to-date: /home/aurora/RM25/src/install/rm_robot_description/share/rm_robot_description/launch/install/local_setup.bash
[6.549s] -- Up-to-date: /home/aurora/RM25/src/install/rm_robot_description/share/rm_robot_description/launch/install/COLCON_IGNORE
[6.549s] -- Up-to-date: /home/aurora/RM25/src/install/rm_robot_description/share/rm_robot_description/launch/install/setup.bash
[6.549s] -- Up-to-date: /home/aurora/RM25/src/install/rm_robot_description/share/rm_robot_description/launch/install/_local_setup_util_sh.py
[6.549s] -- Up-to-date: /home/aurora/RM25/src/install/rm_robot_description/share/rm_robot_description/launch/install/local_setup.ps1
[6.549s] -- Up-to-date: /home/aurora/RM25/src/install/rm_robot_description/share/rm_robot_description/launch/install/_local_setup_util_ps1.py
[6.550s] -- Up-to-date: /home/aurora/RM25/src/install/rm_robot_description/share/rm_robot_description/launch/install/local_setup.zsh
[6.550s] -- Up-to-date: /home/aurora/RM25/src/install/rm_robot_description/share/rm_robot_description/launch/install/.colcon_install_layout
[6.550s] -- Up-to-date: /home/aurora/RM25/src/install/rm_robot_description/share/rm_robot_description/launch/install/local_setup.sh
[6.550s] -- Up-to-date: /home/aurora/RM25/src/install/rm_robot_description/share/rm_robot_description/launch/robot.launch.py
[6.550s] -- Up-to-date: /home/aurora/RM25/src/install/rm_robot_description/share/rm_robot_description/launch/robotv2.launch.py
[6.550s] -- Up-to-date: /home/aurora/RM25/src/install/rm_robot_description/share/rm_robot_description/launch/rm_simulation.launch.py
[6.550s] -- Up-to-date: /home/aurora/RM25/src/install/rm_robot_description/share/rm_robot_description/urdf
[6.551s] -- Up-to-date: /home/aurora/RM25/src/install/rm_robot_description/share/rm_robot_description/urdf/sim_robot.urdf
[6.551s] -- Up-to-date: /home/aurora/RM25/src/install/rm_robot_description/share/rm_robot_description/urdf/robot.urdf
[6.551s] -- Up-to-date: /home/aurora/RM25/src/install/rm_robot_description/share/rm_robot_description/urdf/simulation.urdf
[6.551s] -- Up-to-date: /home/aurora/RM25/src/install/rm_robot_description/share/rm_robot_description/urdf/robot.urdf.xacro
[6.551s] -- Up-to-date: /home/aurora/RM25/src/install/rm_robot_description/share/rm_robot_description/urdf/simulation_waking_robot.xacro
[6.551s] -- Up-to-date: /home/aurora/RM25/src/install/rm_robot_description/share/rm_robot_description/urdf/four_omniwheel_robot.urdf
[6.551s] -- Up-to-date: /home/aurora/RM25/src/install/rm_robot_description/share/rm_robot_description/urdf/mid360.xacro
[6.551s] -- Up-to-date: /home/aurora/RM25/src/install/rm_robot_description/share/rm_robot_description/meshes
[6.551s] -- Up-to-date: /home/aurora/RM25/src/install/rm_robot_description/share/rm_robot_description/meshes/gazebo.launch.py
[6.552s] -- Up-to-date: /home/aurora/RM25/src/install/rm_robot_description/share/rm_robot_description/meshes/omniwheel1_link.STL
[6.552s] -- Up-to-date: /home/aurora/RM25/src/install/rm_robot_description/share/rm_robot_description/meshes/obstacles
[6.552s] -- Up-to-date: /home/aurora/RM25/src/install/rm_robot_description/share/rm_robot_description/meshes/obstacles/obstacle6
[6.552s] -- Up-to-date: /home/aurora/RM25/src/install/rm_robot_description/share/rm_robot_description/meshes/obstacles/obstacle6/model.config
[6.552s] -- Up-to-date: /home/aurora/RM25/src/install/rm_robot_description/share/rm_robot_description/meshes/obstacles/obstacle6/model.sdf
[6.552s] -- Up-to-date: /home/aurora/RM25/src/install/rm_robot_description/share/rm_robot_description/meshes/obstacles/obstacle9
[6.552s] -- Up-to-date: /home/aurora/RM25/src/install/rm_robot_description/share/rm_robot_description/meshes/obstacles/obstacle9/model.config
[6.552s] -- Up-to-date: /home/aurora/RM25/src/install/rm_robot_description/share/rm_robot_description/meshes/obstacles/obstacle9/model.sdf
[6.552s] -- Up-to-date: /home/aurora/RM25/src/install/rm_robot_description/share/rm_robot_description/meshes/obstacles/obstacle7
[6.553s] -- Up-to-date: /home/aurora/RM25/src/install/rm_robot_description/share/rm_robot_description/meshes/obstacles/obstacle7/model.config
[6.553s] -- Up-to-date: /home/aurora/RM25/src/install/rm_robot_description/share/rm_robot_description/meshes/obstacles/obstacle7/model.sdf
[6.553s] -- Up-to-date: /home/aurora/RM25/src/install/rm_robot_description/share/rm_robot_description/meshes/obstacles/obstacle_plugin
[6.553s] -- Up-to-date: /home/aurora/RM25/src/install/rm_robot_description/share/rm_robot_description/meshes/obstacles/obstacle_plugin/obstacle1.cc
[6.553s] -- Up-to-date: /home/aurora/RM25/src/install/rm_robot_description/share/rm_robot_description/meshes/obstacles/obstacle_plugin/obstacle10.cc
[6.553s] -- Up-to-date: /home/aurora/RM25/src/install/rm_robot_description/share/rm_robot_description/meshes/obstacles/obstacle_plugin/CMakeLists.txt
[6.553s] -- Up-to-date: /home/aurora/RM25/src/install/rm_robot_description/share/rm_robot_description/meshes/obstacles/obstacle_plugin/obstacle12.cc
[6.553s] -- Up-to-date: /home/aurora/RM25/src/install/rm_robot_description/share/rm_robot_description/meshes/obstacles/obstacle_plugin/obstacle8.cc
[6.553s] -- Up-to-date: /home/aurora/RM25/src/install/rm_robot_description/share/rm_robot_description/meshes/obstacles/obstacle_plugin/lib
[6.554s] -- Up-to-date: /home/aurora/RM25/src/install/rm_robot_description/share/rm_robot_description/meshes/obstacles/obstacle_plugin/lib/libobstacles.so
[6.554s] -- Up-to-date: /home/aurora/RM25/src/install/rm_robot_description/share/rm_robot_description/meshes/obstacles/obstacle_plugin/lib/libobstacle3.so
[6.554s] -- Up-to-date: /home/aurora/RM25/src/install/rm_robot_description/share/rm_robot_description/meshes/obstacles/obstacle_plugin/lib/libobstacle11.so
[6.554s] -- Up-to-date: /home/aurora/RM25/src/install/rm_robot_description/share/rm_robot_description/meshes/obstacles/obstacle_plugin/lib/libobstacle9.so
[6.554s] -- Up-to-date: /home/aurora/RM25/src/install/rm_robot_description/share/rm_robot_description/meshes/obstacles/obstacle_plugin/lib/libobstacle2.so
[6.554s] -- Up-to-date: /home/aurora/RM25/src/install/rm_robot_description/share/rm_robot_description/meshes/obstacles/obstacle_plugin/lib/libobstacle5.so
[6.554s] -- Up-to-date: /home/aurora/RM25/src/install/rm_robot_description/share/rm_robot_description/meshes/obstacles/obstacle_plugin/lib/libobstacle8.so
[6.554s] -- Up-to-date: /home/aurora/RM25/src/install/rm_robot_description/share/rm_robot_description/meshes/obstacles/obstacle_plugin/lib/libobstacle12.so
[6.554s] -- Up-to-date: /home/aurora/RM25/src/install/rm_robot_description/share/rm_robot_description/meshes/obstacles/obstacle_plugin/lib/libobstacle10.so
[6.554s] -- Up-to-date: /home/aurora/RM25/src/install/rm_robot_description/share/rm_robot_description/meshes/obstacles/obstacle_plugin/lib/libobstacle6.so
[6.554s] -- Up-to-date: /home/aurora/RM25/src/install/rm_robot_description/share/rm_robot_description/meshes/obstacles/obstacle_plugin/lib/libobstacle1.so
[6.554s] -- Up-to-date: /home/aurora/RM25/src/install/rm_robot_description/share/rm_robot_description/meshes/obstacles/obstacle_plugin/lib/libobstacle4.so
[6.554s] -- Up-to-date: /home/aurora/RM25/src/install/rm_robot_description/share/rm_robot_description/meshes/obstacles/obstacle_plugin/lib/libobstacle7.so
[6.554s] -- Up-to-date: /home/aurora/RM25/src/install/rm_robot_description/share/rm_robot_description/meshes/obstacles/obstacle_plugin/obstacle7.cc
[6.554s] -- Up-to-date: /home/aurora/RM25/src/install/rm_robot_description/share/rm_robot_description/meshes/obstacles/obstacle_plugin/obstacles.cc
[6.554s] -- Up-to-date: /home/aurora/RM25/src/install/rm_robot_description/share/rm_robot_description/meshes/obstacles/obstacle_plugin/obstacle6.cc
[6.555s] -- Up-to-date: /home/aurora/RM25/src/install/rm_robot_description/share/rm_robot_description/meshes/obstacles/obstacle_plugin/obstacle13.cc
[6.555s] -- Up-to-date: /home/aurora/RM25/src/install/rm_robot_description/share/rm_robot_description/meshes/obstacles/obstacle_plugin/obstacle11.cc
[6.555s] -- Up-to-date: /home/aurora/RM25/src/install/rm_robot_description/share/rm_robot_description/meshes/obstacles/obstacle_plugin/obstacle5.cc
[6.555s] -- Up-to-date: /home/aurora/RM25/src/install/rm_robot_description/share/rm_robot_description/meshes/obstacles/obstacle_plugin/obstacle2.cc
[6.555s] -- Up-to-date: /home/aurora/RM25/src/install/rm_robot_description/share/rm_robot_description/meshes/obstacles/obstacle_plugin/obstacle4.cc
[6.555s] -- Up-to-date: /home/aurora/RM25/src/install/rm_robot_description/share/rm_robot_description/meshes/obstacles/obstacle_plugin/obstacle9.cc
[6.555s] -- Up-to-date: /home/aurora/RM25/src/install/rm_robot_description/share/rm_robot_description/meshes/obstacles/obstacle_plugin/obstacle3.cc
[6.555s] -- Up-to-date: /home/aurora/RM25/src/install/rm_robot_description/share/rm_robot_description/meshes/obstacles/obstacle12
[6.555s] -- Up-to-date: /home/aurora/RM25/src/install/rm_robot_description/share/rm_robot_description/meshes/obstacles/obstacle12/model.config
[6.555s] -- Up-to-date: /home/aurora/RM25/src/install/rm_robot_description/share/rm_robot_description/meshes/obstacles/obstacle12/model.sdf
[6.555s] -- Up-to-date: /home/aurora/RM25/src/install/rm_robot_description/share/rm_robot_description/meshes/obstacles/obstacle11
[6.555s] -- Up-to-date: /home/aurora/RM25/src/install/rm_robot_description/share/rm_robot_description/meshes/obstacles/obstacle11/model.config
[6.555s] -- Up-to-date: /home/aurora/RM25/src/install/rm_robot_description/share/rm_robot_description/meshes/obstacles/obstacle11/model.sdf
[6.555s] -- Up-to-date: /home/aurora/RM25/src/install/rm_robot_description/share/rm_robot_description/meshes/obstacles/obstacle1
[6.555s] -- Up-to-date: /home/aurora/RM25/src/install/rm_robot_description/share/rm_robot_description/meshes/obstacles/obstacle1/model.config
[6.555s] -- Up-to-date: /home/aurora/RM25/src/install/rm_robot_description/share/rm_robot_description/meshes/obstacles/obstacle1/model.sdf
[6.556s] -- Up-to-date: /home/aurora/RM25/src/install/rm_robot_description/share/rm_robot_description/meshes/obstacles/obstacle5
[6.556s] -- Up-to-date: /home/aurora/RM25/src/install/rm_robot_description/share/rm_robot_description/meshes/obstacles/obstacle5/model.config
[6.556s] -- Up-to-date: /home/aurora/RM25/src/install/rm_robot_description/share/rm_robot_description/meshes/obstacles/obstacle5/model.sdf
[6.556s] -- Up-to-date: /home/aurora/RM25/src/install/rm_robot_description/share/rm_robot_description/meshes/obstacles/obstacle10
[6.556s] -- Up-to-date: /home/aurora/RM25/src/install/rm_robot_description/share/rm_robot_description/meshes/obstacles/obstacle10/model.config
[6.556s] -- Up-to-date: /home/aurora/RM25/src/install/rm_robot_description/share/rm_robot_description/meshes/obstacles/obstacle10/model.sdf
[6.556s] -- Up-to-date: /home/aurora/RM25/src/install/rm_robot_description/share/rm_robot_description/meshes/obstacles/obstacle2
[6.556s] -- Up-to-date: /home/aurora/RM25/src/install/rm_robot_description/share/rm_robot_description/meshes/obstacles/obstacle2/model.config
[6.556s] -- Up-to-date: /home/aurora/RM25/src/install/rm_robot_description/share/rm_robot_description/meshes/obstacles/obstacle2/model.sdf
[6.556s] -- Up-to-date: /home/aurora/RM25/src/install/rm_robot_description/share/rm_robot_description/meshes/obstacles/obstacle3
[6.556s] -- Up-to-date: /home/aurora/RM25/src/install/rm_robot_description/share/rm_robot_description/meshes/obstacles/obstacle3/model.config
[6.556s] -- Up-to-date: /home/aurora/RM25/src/install/rm_robot_description/share/rm_robot_description/meshes/obstacles/obstacle3/model.sdf
[6.556s] -- Up-to-date: /home/aurora/RM25/src/install/rm_robot_description/share/rm_robot_description/meshes/obstacles/obstacle8
[6.556s] -- Up-to-date: /home/aurora/RM25/src/install/rm_robot_description/share/rm_robot_description/meshes/obstacles/obstacle8/model.config
[6.556s] -- Up-to-date: /home/aurora/RM25/src/install/rm_robot_description/share/rm_robot_description/meshes/obstacles/obstacle8/model.sdf
[6.556s] -- Up-to-date: /home/aurora/RM25/src/install/rm_robot_description/share/rm_robot_description/meshes/obstacles/obstacle4
[6.556s] -- Up-to-date: /home/aurora/RM25/src/install/rm_robot_description/share/rm_robot_description/meshes/obstacles/obstacle4/model.config
[6.556s] -- Up-to-date: /home/aurora/RM25/src/install/rm_robot_description/share/rm_robot_description/meshes/obstacles/obstacle4/model.sdf
[6.557s] -- Up-to-date: /home/aurora/RM25/src/install/rm_robot_description/share/rm_robot_description/meshes/display.launch.py
[6.557s] -- Up-to-date: /home/aurora/RM25/src/install/rm_robot_description/share/rm_robot_description/meshes/RMUL_2024.stl
[6.557s] -- Up-to-date: /home/aurora/RM25/src/install/rm_robot_description/share/rm_robot_description/meshes/mid360.stl
[6.557s] -- Up-to-date: /home/aurora/RM25/src/install/rm_robot_description/share/rm_robot_description/meshes/display.launch
[6.557s] -- Up-to-date: /home/aurora/RM25/src/install/rm_robot_description/share/rm_robot_description/meshes/mid360laser_link.STL
[6.557s] -- Up-to-date: /home/aurora/RM25/src/install/rm_robot_description/share/rm_robot_description/meshes/RMUC_2024.stl
[6.581s] -- Up-to-date: /home/aurora/RM25/src/install/rm_robot_description/share/rm_robot_description/meshes/omniwheel3_link.STL
[6.581s] -- Up-to-date: /home/aurora/RM25/src/install/rm_robot_description/share/rm_robot_description/meshes/omniwheel4_link.STL
[6.581s] -- Up-to-date: /home/aurora/RM25/src/install/rm_robot_description/share/rm_robot_description/meshes/base_link.STL
[6.581s] -- Up-to-date: /home/aurora/RM25/src/install/rm_robot_description/share/rm_robot_description/meshes/gazebo.launch
[6.581s] -- Up-to-date: /home/aurora/RM25/src/install/rm_robot_description/share/rm_robot_description/meshes/omniwheel2_link.STL
[6.581s] -- Up-to-date: /home/aurora/RM25/src/install/rm_robot_description/share/rm_robot_description/meshes/controller_link.STL
[6.581s] -- Up-to-date: /home/aurora/RM25/src/install/rm_robot_description/share/rm_robot_description/world
[6.581s] -- Up-to-date: /home/aurora/RM25/src/install/rm_robot_description/share/rm_robot_description/world/25UL
[6.581s] -- Up-to-date: /home/aurora/RM25/src/install/rm_robot_description/share/rm_robot_description/world/25UL/model.config
[6.581s] -- Up-to-date: /home/aurora/RM25/src/install/rm_robot_description/share/rm_robot_description/world/25UL/RMUL25.world
[6.581s] -- Up-to-date: /home/aurora/RM25/src/install/rm_robot_description/share/rm_robot_description/world/25UL/model.sdf
[6.581s] -- Up-to-date: /home/aurora/RM25/src/install/rm_robot_description/share/rm_robot_description/world/my_world.world
[6.581s] -- Up-to-date: /home/aurora/RM25/src/install/rm_robot_description/share/rm_robot_description/world/RMUL25.world
[6.581s] -- Up-to-date: /home/aurora/RM25/src/install/rm_robot_description/share/rm_robot_description/world/rmul
[6.581s] -- Up-to-date: /home/aurora/RM25/src/install/rm_robot_description/share/rm_robot_description/world/rmul/model.config
[6.581s] -- Up-to-date: /home/aurora/RM25/src/install/rm_robot_description/share/rm_robot_description/world/rmul/RMUL25.world
[6.581s] -- Up-to-date: /home/aurora/RM25/src/install/rm_robot_description/share/rm_robot_description/world/rmul/model.sdf
[6.581s] -- Up-to-date: /home/aurora/RM25/src/install/rm_robot_description/share/rm_robot_description/world/RMUC24_world.world
[6.581s] -- Up-to-date: /home/aurora/RM25/src/install/rm_robot_description/share/rm_robot_description/rviz
[6.582s] -- Up-to-date: /home/aurora/RM25/src/install/rm_robot_description/share/rm_robot_description/rviz/fastlio.rviz
[6.582s] -- Up-to-date: /home/aurora/RM25/src/install/rm_robot_description/share/rm_robot_description/rviz/urdf_config.rviz
[6.582s] -- Up-to-date: /home/aurora/RM25/src/install/rm_robot_description/share/rm_robot_description/rviz/rviz2.rviz
[6.582s] -- Installing: /home/aurora/RM25/src/install/rm_robot_description/share/rm_robot_description/xacro
[6.582s] -- Installing: /home/aurora/RM25/src/install/rm_robot_description/share/rm_robot_description/xacro/four_omniwheel_robot.xacro
[6.582s] -- Installing: /home/aurora/RM25/src/install/rm_robot_description/share/rm_robot_description/xacro/livox_mid360.xacro
[6.582s] -- Installing: /home/aurora/RM25/src/install/rm_robot_description/share/ament_index/resource_index/package_run_dependencies/rm_robot_description
[6.582s] -- Installing: /home/aurora/RM25/src/install/rm_robot_description/share/ament_index/resource_index/parent_prefix_path/rm_robot_description
[6.582s] -- Installing: /home/aurora/RM25/src/install/rm_robot_description/share/rm_robot_description/environment/ament_prefix_path.sh
[6.582s] -- Installing: /home/aurora/RM25/src/install/rm_robot_description/share/rm_robot_description/environment/ament_prefix_path.dsv
[6.582s] -- Installing: /home/aurora/RM25/src/install/rm_robot_description/share/rm_robot_description/environment/path.sh
[6.582s] -- Installing: /home/aurora/RM25/src/install/rm_robot_description/share/rm_robot_description/environment/path.dsv
[6.582s] -- Installing: /home/aurora/RM25/src/install/rm_robot_description/share/rm_robot_description/local_setup.bash
[6.582s] -- Installing: /home/aurora/RM25/src/install/rm_robot_description/share/rm_robot_description/local_setup.sh
[6.582s] -- Installing: /home/aurora/RM25/src/install/rm_robot_description/share/rm_robot_description/local_setup.zsh
[6.582s] -- Installing: /home/aurora/RM25/src/install/rm_robot_description/share/rm_robot_description/local_setup.dsv
[6.582s] -- Installing: /home/aurora/RM25/src/install/rm_robot_description/share/rm_robot_description/package.dsv
[6.582s] -- Installing: /home/aurora/RM25/src/install/rm_robot_description/share/ament_index/resource_index/packages/rm_robot_description
[6.582s] -- Installing: /home/aurora/RM25/src/install/rm_robot_description/share/rm_robot_description/cmake/rm_robot_descriptionConfig.cmake
[6.582s] -- Installing: /home/aurora/RM25/src/install/rm_robot_description/share/rm_robot_description/cmake/rm_robot_descriptionConfig-version.cmake
[6.582s] -- Installing: /home/aurora/RM25/src/install/rm_robot_description/share/rm_robot_description/package.xml
[6.583s] Invoked command in '/home/aurora/RM25/src/build/rm_robot_description' returned '0': CMAKE_PREFIX_PATH=${CMAKE_PREFIX_PATH}:/home/aurora/ws_helloworld/install/pkg02_helloworld_py:/opt/ros/humble /usr/bin/cmake --install /home/aurora/RM25/src/build/rm_robot_description
