[0.014s] Invoking command in '/home/aurora/RM25/build/livox_ros_driver2': CMAKE_PREFIX_PATH=${CMAKE_PREFIX_PATH}:/home/aurora/ros_ws/install/sdformat_tools:/opt/ros/humble /usr/bin/cmake /home/aurora/RM25/src/rm_driver/livox_ros_driver2 -DAMENT_CMAKE_SYMLINK_INSTALL=1 -DCMAKE_INSTALL_PREFIX=/home/aurora/RM25/install/livox_ros_driver2
[0.053s] -- The C compiler identification is GNU 11.4.0
[0.089s] -- The CXX compiler identification is GNU 11.4.0
[0.094s] -- Detecting C compiler ABI info
[0.143s] -- Detecting C compiler ABI info - done
[0.146s] -- Check for working C compiler: /usr/bin/cc - skipped
[0.146s] -- Detecting C compile features
[0.147s] -- Detecting C compile features - done
[0.148s] -- Detecting CXX compiler ABI info
[0.212s] -- Detecting CXX compiler ABI info - done
[0.217s] -- Check for working CXX compiler: /usr/bin/c++ - skipped
[0.217s] -- Detecting CXX compile features
[0.217s] -- Detecting CXX compile features - done
[0.218s] -- livox_ros_driver2 version: 1.0.0
[0.219s] -- Found ament_cmake_auto: 1.3.10 (/opt/ros/humble/share/ament_cmake_auto/cmake)
[0.489s] -- Found Python3: /usr/bin/python3 (found version "3.10.12") found components: Interpreter 
[0.605s] -- Override CMake install command with custom implementation using symlinks instead of copying resources
[0.831s] -- Using all available rosidl_typesupport_c: rosidl_typesupport_fastrtps_c;rosidl_typesupport_introspection_c
[0.845s] -- Found rosidl_adapter: 3.1.5 (/opt/ros/humble/share/rosidl_adapter/cmake)
[0.915s] -- Using all available rosidl_typesupport_cpp: rosidl_typesupport_fastrtps_cpp;rosidl_typesupport_introspection_cpp
[1.056s] -- Found rmw_implementation_cmake: 6.1.2 (/opt/ros/humble/share/rmw_implementation_cmake/cmake)
[1.065s] -- Found rmw_fastrtps_cpp: 6.2.7 (/opt/ros/humble/share/rmw_fastrtps_cpp/cmake)
[1.255s] -- Found OpenSSL: /usr/lib/x86_64-linux-gnu/libcrypto.so (found version "3.0.2")  
[1.320s] -- Found FastRTPS: /opt/ros/humble/include  
[1.401s] -- Using RMW implementation 'rmw_fastrtps_cpp' as default
[1.415s] -- Looking for pthread.h
[1.581s] -- Looking for pthread.h - found
[1.581s] -- Performing Test CMAKE_HAVE_LIBC_PTHREAD
[1.741s] -- Performing Test CMAKE_HAVE_LIBC_PTHREAD - Success
[1.741s] -- Found Threads: TRUE  
[2.097s] -- Checking for module 'eigen3'
[2.131s] --   Found eigen3, version 3.4.0
[2.202s] -- Found Eigen: /usr/include/eigen3 (Required is at least version "3.1") 
[2.203s] -- Eigen found (include: /usr/include/eigen3, version: 3.4.0)
[2.295s] -- Checking for module 'flann'
[2.331s] --   Found flann, version 1.9.1
[2.433s] -- Found FLANN: /usr/lib/x86_64-linux-gnu/libflann_cpp.so  
[2.433s] -- FLANN found (include: /usr/include, lib: /usr/lib/x86_64-linux-gnu/libflann_cpp.so)
[4.516s] -- Checking for module 'libusb-1.0'
[4.551s] --   Found libusb-1.0, version 1.0.25
[4.652s] -- Found libusb: /usr/lib/x86_64-linux-gnu/libusb-1.0.so  
[4.653s] -- OpenNI found (version: 1.5.4.0, include: /usr/include/ni, lib: /usr/lib/libOpenNI.so;libusb::libusb)
[4.799s] -- OpenNI2 found (version: 2.2.0.33, include: /usr/include/openni2, lib: /usr/lib/x86_64-linux-gnu/libOpenNI2.so;libusb::libusb)
[5.078s] -- Eigen found (include: /usr/include/eigen3, version: 3.4.0)
[5.086s] -- OpenNI found (version: 1.5.4.0, include: /usr/include/ni, lib: /usr/lib/libOpenNI.so;libusb::libusb)
[5.094s] -- OpenNI2 found (version: 2.2.0.33, include: /usr/include/openni2, lib: /usr/lib/x86_64-linux-gnu/libOpenNI2.so;libusb::libusb)
[5.340s] -- Found Qhull version 8.0.2
[5.535s] -- OpenNI found (version: 1.5.4.0, include: /usr/include/ni, lib: /usr/lib/libOpenNI.so;libusb::libusb)
[5.709s] -- Found PCL_COMMON: /usr/lib/x86_64-linux-gnu/libpcl_common.so  
[5.710s] -- Found PCL_KDTREE: /usr/lib/x86_64-linux-gnu/libpcl_kdtree.so  
[5.712s] -- Found PCL_OCTREE: /usr/lib/x86_64-linux-gnu/libpcl_octree.so  
[5.713s] -- Found PCL_SEARCH: /usr/lib/x86_64-linux-gnu/libpcl_search.so  
[5.714s] -- Found PCL_SAMPLE_CONSENSUS: /usr/lib/x86_64-linux-gnu/libpcl_sample_consensus.so  
[5.716s] -- Found PCL_FILTERS: /usr/lib/x86_64-linux-gnu/libpcl_filters.so  
[5.716s] -- Found PCL_2D: /usr/include/pcl-1.12  
[5.717s] -- Found PCL_GEOMETRY: /usr/include/pcl-1.12  
[5.718s] -- Found PCL_IO: /usr/lib/x86_64-linux-gnu/libpcl_io.so  
[5.720s] -- Found PCL_FEATURES: /usr/lib/x86_64-linux-gnu/libpcl_features.so  
[5.721s] -- Found PCL_ML: /usr/lib/x86_64-linux-gnu/libpcl_ml.so  
[5.724s] -- Found PCL_SEGMENTATION: /usr/lib/x86_64-linux-gnu/libpcl_segmentation.so  
[5.724s] -- Found PCL_VISUALIZATION: /usr/lib/x86_64-linux-gnu/libpcl_visualization.so  
[5.726s] -- Found PCL_SURFACE: /usr/lib/x86_64-linux-gnu/libpcl_surface.so  
[5.728s] -- Found PCL_REGISTRATION: /usr/lib/x86_64-linux-gnu/libpcl_registration.so  
[5.729s] -- Found PCL_KEYPOINTS: /usr/lib/x86_64-linux-gnu/libpcl_keypoints.so  
[5.734s] -- Found PCL_TRACKING: /usr/lib/x86_64-linux-gnu/libpcl_tracking.so  
[5.734s] -- Found PCL_RECOGNITION: /usr/lib/x86_64-linux-gnu/libpcl_recognition.so  
[5.734s] -- Found PCL_STEREO: /usr/lib/x86_64-linux-gnu/libpcl_stereo.so  
[5.735s] -- Found PCL_APPS: /usr/lib/x86_64-linux-gnu/libpcl_apps.so  
[5.736s] -- Found PCL_IN_HAND_SCANNER: /usr/include/pcl-1.12  
[5.737s] -- Found PCL_MODELER: /usr/include/pcl-1.12  
[5.737s] -- Found PCL_POINT_CLOUD_EDITOR: /usr/include/pcl-1.12  
[5.739s] -- Found PCL_OUTOFCORE: /usr/lib/x86_64-linux-gnu/libpcl_outofcore.so  
[5.740s] -- Found PCL_PEOPLE: /usr/lib/x86_64-linux-gnu/libpcl_people.so  
[5.783s] -- Found eigen3_cmake_module: 0.1.1 (/opt/ros/humble/share/eigen3_cmake_module/cmake)
[5.784s] -- Found Eigen3: TRUE (found version "3.4.0") 
[5.784s] -- Ensuring Eigen3 include directory is part of orocos-kdl CMake target
[5.902s] -- Found PkgConfig: /usr/bin/pkg-config (found version "0.29.2") 
[5.903s] -- Checking for module 'apr-1'
[5.923s] --   Found apr-1, version 1.7.0
[5.969s] [0m/usr/include/apr-1.0[0m
[5.969s] [0mapr-1[0m
[6.228s] -- Found ament_cmake_ros: 0.10.0 (/opt/ros/humble/share/ament_cmake_ros/cmake)
[6.441s] -- Using all available rosidl_typesupport_c: rosidl_typesupport_fastrtps_c;rosidl_typesupport_introspection_c
[6.728s] -- Using all available rosidl_typesupport_cpp: rosidl_typesupport_fastrtps_cpp;rosidl_typesupport_introspection_cpp
[6.752s] -- Found PythonInterp: /usr/bin/python3 (found suitable version "3.10.12", minimum required is "3.6") 
[6.755s] -- Found python_cmake_module: 0.10.0 (/opt/ros/humble/share/python_cmake_module/cmake)
[6.787s] -- Found PythonLibs: /usr/lib/x86_64-linux-gnu/libpython3.10.so (found suitable version "3.10.12", minimum required is "3.5") 
[6.787s] -- Using PYTHON_EXECUTABLE: /usr/bin/python3
[6.787s] -- Using PYTHON_INCLUDE_DIRS: /usr/include/python3.10
[6.787s] -- Using PYTHON_LIBRARIES: /usr/lib/x86_64-linux-gnu/libpython3.10.so
[6.813s] -- Found PythonExtra: .so  
[6.912s] -- Found ament_lint_auto: 0.12.11 (/opt/ros/humble/share/ament_lint_auto/cmake)
[6.953s] -- Added test 'copyright' to check source files copyright and LICENSE
[6.959s] -- Added test 'cppcheck' to perform static code analysis on C / C++ code
[6.960s] -- Configured cppcheck include dirs: /home/aurora/RM25/src/rm_driver/livox_ros_driver2/livox_sdk/include;/home/aurora/RM25/src/rm_driver/livox_ros_driver2/3rdparty;/home/aurora/RM25/src/rm_driver/livox_ros_driver2/src
[6.960s] -- Configured cppcheck exclude dirs and/or files: 
[6.967s] -- Added test 'cpplint' to check C / C++ code against the Google style
[6.967s] -- Configured cpplint exclude dirs and/or files: 
[6.968s] -- Added test 'flake8' to check Python code syntax and style conventions
[6.970s] -- Added test 'lint_cmake' to check CMake code style
[6.972s] -- Added test 'pep257' to check Python code against some of the docstring style conventions in PEP 257
[6.978s] -- Added test 'uncrustify' to check C / C++ code style
[6.978s] -- Configured uncrustify additional arguments: 
[6.980s] -- Added test 'xmllint' to check XML markup files
[6.984s] -- Configuring done
[7.061s] -- Generating done
[7.083s] -- Build files have been written to: /home/aurora/RM25/build/livox_ros_driver2
[7.115s] Invoked command in '/home/aurora/RM25/build/livox_ros_driver2' returned '0': CMAKE_PREFIX_PATH=${CMAKE_PREFIX_PATH}:/home/aurora/ros_ws/install/sdformat_tools:/opt/ros/humble /usr/bin/cmake /home/aurora/RM25/src/rm_driver/livox_ros_driver2 -DAMENT_CMAKE_SYMLINK_INSTALL=1 -DCMAKE_INSTALL_PREFIX=/home/aurora/RM25/install/livox_ros_driver2
[7.117s] Invoking command in '/home/aurora/RM25/build/livox_ros_driver2': CMAKE_PREFIX_PATH=${CMAKE_PREFIX_PATH}:/home/aurora/ros_ws/install/sdformat_tools:/opt/ros/humble /usr/bin/cmake --build /home/aurora/RM25/build/livox_ros_driver2 -- -j20 -l20
[7.152s] [  1%] [34m[1mGenerating C code for ROS interfaces[0m
[7.162s] [  3%] [34m[1mGenerating C++ code for ROS interfaces[0m
[7.163s] [  5%] [32mBuilding CXX object CMakeFiles/livox_ros_driver2_node.dir/rclcpp_components/node_main_livox_ros_driver2_node.cpp.o[0m
[7.166s] [  5%] Built target ament_cmake_python_symlink_livox_ros_driver2
[7.338s] running egg_info
[7.338s] creating livox_ros_driver2.egg-info
[7.338s] writing livox_ros_driver2.egg-info/PKG-INFO
[7.338s] writing dependency_links to livox_ros_driver2.egg-info/dependency_links.txt
[7.338s] writing top-level names to livox_ros_driver2.egg-info/top_level.txt
[7.340s] writing manifest file 'livox_ros_driver2.egg-info/SOURCES.txt'
[7.341s] reading manifest file 'livox_ros_driver2.egg-info/SOURCES.txt'
[7.341s] writing manifest file 'livox_ros_driver2.egg-info/SOURCES.txt'
[7.363s] [  5%] Built target ament_cmake_python_build_livox_ros_driver2_egg
[7.434s] [  5%] Built target livox_interfaces2__cpp
[7.441s] [  7%] [34m[1mGenerating C++ type support dispatch for ROS interfaces[0m
[7.443s] [  8%] [34m[1mGenerating C++ introspection for ROS interfaces[0m
[7.444s] [ 10%] [34m[1mGenerating C++ type support for eProsima Fast-RTPS[0m
[7.594s] [ 12%] [32mBuilding C object CMakeFiles/livox_interfaces2__rosidl_generator_c.dir/rosidl_generator_c/livox_ros_driver2/msg/detail/custom_point__functions.c.o[0m
[7.596s] [ 14%] [32mBuilding C object CMakeFiles/livox_interfaces2__rosidl_generator_c.dir/rosidl_generator_c/livox_ros_driver2/msg/detail/custom_msg__functions.c.o[0m
[7.634s] [ 15%] [32m[1mLinking C shared library liblivox_ros_driver2__rosidl_generator_c.so[0m
[7.662s] [ 15%] Built target livox_interfaces2__rosidl_generator_c
[7.669s] [ 17%] [34m[1mGenerating C type support for eProsima Fast-RTPS[0m
[7.669s] [ 19%] [34m[1mGenerating C introspection for ROS interfaces[0m
[7.669s] [ 21%] [34m[1mGenerating C type support dispatch for ROS interfaces[0m
[7.714s] [ 22%] [32mBuilding CXX object CMakeFiles/livox_interfaces2__rosidl_typesupport_cpp.dir/rosidl_typesupport_cpp/livox_ros_driver2/msg/custom_msg__type_support.cpp.o[0m
[7.716s] [ 24%] [32mBuilding CXX object CMakeFiles/livox_interfaces2__rosidl_typesupport_cpp.dir/rosidl_typesupport_cpp/livox_ros_driver2/msg/custom_point__type_support.cpp.o[0m
[7.765s] [ 26%] [32mBuilding CXX object CMakeFiles/livox_interfaces2__rosidl_typesupport_introspection_cpp.dir/rosidl_typesupport_introspection_cpp/livox_ros_driver2/msg/detail/custom_point__type_support.cpp.o[0m
[7.765s] [ 28%] [32mBuilding CXX object CMakeFiles/livox_interfaces2__rosidl_typesupport_introspection_cpp.dir/rosidl_typesupport_introspection_cpp/livox_ros_driver2/msg/detail/custom_msg__type_support.cpp.o[0m
[7.880s] [ 29%] [32mBuilding CXX object CMakeFiles/livox_interfaces2__rosidl_typesupport_fastrtps_cpp.dir/rosidl_typesupport_fastrtps_cpp/livox_ros_driver2/msg/detail/dds_fastrtps/custom_msg__type_support.cpp.o[0m
[7.881s] [ 31%] [32mBuilding CXX object CMakeFiles/livox_interfaces2__rosidl_typesupport_fastrtps_cpp.dir/rosidl_typesupport_fastrtps_cpp/livox_ros_driver2/msg/detail/dds_fastrtps/custom_point__type_support.cpp.o[0m
[7.989s] [ 33%] [32m[1mLinking CXX shared library liblivox_ros_driver2__rosidl_typesupport_cpp.so[0m
[8.007s] [ 35%] [32mBuilding CXX object CMakeFiles/livox_interfaces2__rosidl_typesupport_fastrtps_c.dir/rosidl_typesupport_fastrtps_c/livox_ros_driver2/msg/detail/custom_msg__type_support_c.cpp.o[0m
[8.007s] [ 36%] [32mBuilding CXX object CMakeFiles/livox_interfaces2__rosidl_typesupport_fastrtps_c.dir/rosidl_typesupport_fastrtps_c/livox_ros_driver2/msg/detail/custom_point__type_support_c.cpp.o[0m
[8.032s] [ 36%] Built target livox_interfaces2__rosidl_typesupport_cpp
[8.060s] [ 38%] [32mBuilding CXX object CMakeFiles/livox_ros_driver2.dir/src/livox_ros_driver2.cpp.o[0m
[8.068s] [ 40%] [32mBuilding CXX object CMakeFiles/livox_ros_driver2.dir/src/lds.cpp.o[0m
[8.069s] [ 42%] [32mBuilding CXX object CMakeFiles/livox_ros_driver2.dir/src/driver_node.cpp.o[0m
[8.074s] [ 45%] [32mBuilding CXX object CMakeFiles/livox_ros_driver2.dir/src/comm/comm.cpp.o[0m
[8.075s] [ 47%] [32mBuilding CXX object CMakeFiles/livox_ros_driver2.dir/src/lds_lidar.cpp.o[0m
[8.076s] [ 47%] [32mBuilding CXX object CMakeFiles/livox_ros_driver2.dir/src/lddc.cpp.o[0m
[8.081s] [ 49%] [32mBuilding CXX object CMakeFiles/livox_ros_driver2.dir/src/comm/lidar_imu_data_queue.cpp.o[0m
[8.086s] [ 52%] [32mBuilding CXX object CMakeFiles/livox_ros_driver2.dir/src/comm/semaphore.cpp.o[0m
[8.086s] [ 52%] [32mBuilding CXX object CMakeFiles/livox_ros_driver2.dir/src/comm/ldq.cpp.o[0m
[8.093s] [ 54%] [32mBuilding CXX object CMakeFiles/livox_interfaces2__rosidl_typesupport_c.dir/rosidl_typesupport_c/livox_ros_driver2/msg/custom_point__type_support.cpp.o[0m
[8.094s] [ 56%] [32mBuilding CXX object CMakeFiles/livox_interfaces2__rosidl_typesupport_c.dir/rosidl_typesupport_c/livox_ros_driver2/msg/custom_msg__type_support.cpp.o[0m
[8.101s] [ 57%] [32mBuilding CXX object CMakeFiles/livox_ros_driver2.dir/src/comm/cache_index.cpp.o[0m
[8.125s] [ 59%] [32mBuilding C object CMakeFiles/livox_interfaces2__rosidl_typesupport_introspection_c.dir/rosidl_typesupport_introspection_c/livox_ros_driver2/msg/detail/custom_point__type_support.c.o[0m
[8.140s] [ 61%] [32mBuilding CXX object CMakeFiles/livox_ros_driver2.dir/src/comm/pub_handler.cpp.o[0m
[8.167s] [ 63%] [32m[1mLinking CXX shared library liblivox_ros_driver2__rosidl_typesupport_c.so[0m
[8.184s] [ 64%] [32mBuilding C object CMakeFiles/livox_interfaces2__rosidl_typesupport_introspection_c.dir/rosidl_typesupport_introspection_c/livox_ros_driver2/msg/detail/custom_msg__type_support.c.o[0m
[8.189s] [ 66%] [32mBuilding CXX object CMakeFiles/livox_ros_driver2.dir/src/parse_cfg_file/parse_cfg_file.cpp.o[0m
[8.230s] [ 68%] [32m[1mLinking CXX shared library liblivox_ros_driver2__rosidl_typesupport_introspection_cpp.so[0m
[8.256s] [ 68%] Built target livox_interfaces2__rosidl_typesupport_c
[8.272s] [ 70%] [32mBuilding CXX object CMakeFiles/livox_ros_driver2.dir/src/parse_cfg_file/parse_livox_lidar_cfg.cpp.o[0m
[8.274s] [ 71%] [32m[1mLinking C shared library liblivox_ros_driver2__rosidl_typesupport_introspection_c.so[0m
[8.345s] [ 71%] Built target livox_interfaces2__rosidl_typesupport_introspection_c
[8.362s] [ 73%] [32mBuilding CXX object CMakeFiles/livox_ros_driver2.dir/src/call_back/livox_lidar_callback.cpp.o[0m
[8.375s] [ 75%] [32mBuilding CXX object CMakeFiles/livox_ros_driver2.dir/src/call_back/lidar_common_callback.cpp.o[0m
[8.423s] [ 75%] Built target livox_interfaces2__rosidl_typesupport_introspection_cpp
[8.453s] [ 77%] [32m[1mLinking CXX shared library liblivox_ros_driver2__rosidl_typesupport_fastrtps_c.so[0m
[8.470s] [ 78%] [32m[1mLinking CXX shared library liblivox_ros_driver2__rosidl_typesupport_fastrtps_cpp.so[0m
[8.682s] [ 78%] Built target livox_interfaces2__rosidl_typesupport_fastrtps_cpp
[8.703s] [ 78%] Built target livox_interfaces2__rosidl_typesupport_fastrtps_c
[8.758s] [ 78%] Built target livox_interfaces2
[8.795s] [ 80%] [34m[1mGenerating Python code for ROS interfaces[0m
[9.351s] [ 80%] Built target livox_interfaces2__py
[9.370s] [ 82%] [32mBuilding C object CMakeFiles/livox_interfaces2__rosidl_generator_py.dir/rosidl_generator_py/livox_ros_driver2/msg/_custom_msg_s.c.o[0m
[9.372s] [ 84%] [32mBuilding C object CMakeFiles/livox_interfaces2__rosidl_generator_py.dir/rosidl_generator_py/livox_ros_driver2/msg/_custom_point_s.c.o[0m
[9.469s] [ 85%] [32m[1mLinking C shared library rosidl_generator_py/livox_ros_driver2/liblivox_interfaces2__rosidl_generator_py.so[0m
[9.500s] [ 85%] Built target livox_interfaces2__rosidl_generator_py
[9.516s] [ 87%] [32mBuilding C object CMakeFiles/livox_ros_driver2__rosidl_typesupport_fastrtps_c__pyext.dir/rosidl_generator_py/livox_ros_driver2/_livox_ros_driver2_s.ep.rosidl_typesupport_fastrtps_c.c.o[0m
[9.519s] [ 89%] [32mBuilding C object CMakeFiles/livox_ros_driver2__rosidl_typesupport_c__pyext.dir/rosidl_generator_py/livox_ros_driver2/_livox_ros_driver2_s.ep.rosidl_typesupport_c.c.o[0m
[9.521s] [ 91%] [32mBuilding C object CMakeFiles/livox_ros_driver2__rosidl_typesupport_introspection_c__pyext.dir/rosidl_generator_py/livox_ros_driver2/_livox_ros_driver2_s.ep.rosidl_typesupport_introspection_c.c.o[0m
[9.577s] [ 94%] [32m[1mLinking C shared library rosidl_generator_py/livox_ros_driver2/livox_ros_driver2_s__rosidl_typesupport_c.cpython-310-x86_64-linux-gnu.so[0m
[9.577s] [ 94%] [32m[1mLinking C shared library rosidl_generator_py/livox_ros_driver2/livox_ros_driver2_s__rosidl_typesupport_fastrtps_c.cpython-310-x86_64-linux-gnu.so[0m
[9.599s] [ 96%] [32m[1mLinking C shared library rosidl_generator_py/livox_ros_driver2/livox_ros_driver2_s__rosidl_typesupport_introspection_c.cpython-310-x86_64-linux-gnu.so[0m
[9.608s] [ 96%] Built target livox_ros_driver2__rosidl_typesupport_fastrtps_c__pyext
[9.612s] [ 96%] Built target livox_ros_driver2__rosidl_typesupport_c__pyext
[9.631s] [ 96%] Built target livox_ros_driver2__rosidl_typesupport_introspection_c__pyext
[9.981s] [ 98%] [32m[1mLinking CXX executable livox_ros_driver2_node[0m
[10.070s] [ 98%] Built target livox_ros_driver2_node
[13.244s] [100%] [32m[1mLinking CXX shared library liblivox_ros_driver2.so[0m
[14.000s] [100%] Built target livox_ros_driver2
[14.008s] Invoked command in '/home/aurora/RM25/build/livox_ros_driver2' returned '0': CMAKE_PREFIX_PATH=${CMAKE_PREFIX_PATH}:/home/aurora/ros_ws/install/sdformat_tools:/opt/ros/humble /usr/bin/cmake --build /home/aurora/RM25/build/livox_ros_driver2 -- -j20 -l20
[14.009s] Invoking command in '/home/aurora/RM25/build/livox_ros_driver2': CMAKE_PREFIX_PATH=${CMAKE_PREFIX_PATH}:/home/aurora/ros_ws/install/sdformat_tools:/opt/ros/humble /usr/bin/cmake --install /home/aurora/RM25/build/livox_ros_driver2
[14.016s] -- Install configuration: ""
[14.016s] -- Execute custom install script
[14.016s] -- Symlinking: /home/aurora/RM25/install/livox_ros_driver2/share/ament_index/resource_index/rosidl_interfaces/livox_ros_driver2
[14.021s] -- Symlinking: /home/aurora/RM25/install/livox_ros_driver2/include/livox_ros_driver2/livox_ros_driver2/msg/custom_msg.h
[14.027s] -- Symlinking: /home/aurora/RM25/install/livox_ros_driver2/include/livox_ros_driver2/livox_ros_driver2/msg/custom_point.h
[14.036s] -- Symlinking: /home/aurora/RM25/install/livox_ros_driver2/include/livox_ros_driver2/livox_ros_driver2/msg/detail/custom_msg__functions.h
[14.045s] -- Symlinking: /home/aurora/RM25/install/livox_ros_driver2/include/livox_ros_driver2/livox_ros_driver2/msg/detail/custom_msg__struct.h
[14.057s] -- Symlinking: /home/aurora/RM25/install/livox_ros_driver2/include/livox_ros_driver2/livox_ros_driver2/msg/detail/custom_msg__type_support.h
[14.066s] -- Symlinking: /home/aurora/RM25/install/livox_ros_driver2/include/livox_ros_driver2/livox_ros_driver2/msg/detail/custom_point__functions.h
[14.079s] -- Symlinking: /home/aurora/RM25/install/livox_ros_driver2/include/livox_ros_driver2/livox_ros_driver2/msg/detail/custom_point__struct.h
[14.101s] -- Symlinking: /home/aurora/RM25/install/livox_ros_driver2/include/livox_ros_driver2/livox_ros_driver2/msg/detail/custom_point__type_support.h
[14.115s] -- Symlinking: /home/aurora/RM25/install/livox_ros_driver2/include/livox_ros_driver2/livox_ros_driver2/msg/rosidl_generator_c__visibility_control.h
[14.127s] -- Symlinking: /home/aurora/RM25/install/livox_ros_driver2/share/livox_ros_driver2/environment/library_path.sh
[14.139s] -- Symlinking: /home/aurora/RM25/install/livox_ros_driver2/share/livox_ros_driver2/environment/library_path.dsv
[14.147s] -- Symlinking: /home/aurora/RM25/install/livox_ros_driver2/include/livox_ros_driver2/livox_ros_driver2/msg/detail/custom_msg__rosidl_typesupport_fastrtps_c.h
[14.155s] -- Symlinking: /home/aurora/RM25/install/livox_ros_driver2/include/livox_ros_driver2/livox_ros_driver2/msg/detail/custom_point__rosidl_typesupport_fastrtps_c.h
[14.161s] -- Symlinking: /home/aurora/RM25/install/livox_ros_driver2/include/livox_ros_driver2/livox_ros_driver2/msg/rosidl_typesupport_fastrtps_c__visibility_control.h
[14.168s] -- Symlinking: /home/aurora/RM25/install/livox_ros_driver2/include/livox_ros_driver2/livox_ros_driver2/msg/detail/custom_msg__rosidl_typesupport_introspection_c.h
[14.180s] -- Symlinking: /home/aurora/RM25/install/livox_ros_driver2/include/livox_ros_driver2/livox_ros_driver2/msg/detail/custom_point__rosidl_typesupport_introspection_c.h
[14.194s] -- Symlinking: /home/aurora/RM25/install/livox_ros_driver2/include/livox_ros_driver2/livox_ros_driver2/msg/rosidl_typesupport_introspection_c__visibility_control.h
[14.205s] -- Symlinking: /home/aurora/RM25/install/livox_ros_driver2/include/livox_ros_driver2/livox_ros_driver2/msg/custom_msg.hpp
[14.221s] -- Symlinking: /home/aurora/RM25/install/livox_ros_driver2/include/livox_ros_driver2/livox_ros_driver2/msg/custom_point.hpp
[14.236s] -- Symlinking: /home/aurora/RM25/install/livox_ros_driver2/include/livox_ros_driver2/livox_ros_driver2/msg/detail/custom_msg__builder.hpp
[14.247s] -- Symlinking: /home/aurora/RM25/install/livox_ros_driver2/include/livox_ros_driver2/livox_ros_driver2/msg/detail/custom_msg__struct.hpp
[14.257s] -- Symlinking: /home/aurora/RM25/install/livox_ros_driver2/include/livox_ros_driver2/livox_ros_driver2/msg/detail/custom_msg__traits.hpp
[14.264s] -- Symlinking: /home/aurora/RM25/install/livox_ros_driver2/include/livox_ros_driver2/livox_ros_driver2/msg/detail/custom_point__builder.hpp
[14.277s] -- Symlinking: /home/aurora/RM25/install/livox_ros_driver2/include/livox_ros_driver2/livox_ros_driver2/msg/detail/custom_point__struct.hpp
[14.285s] -- Symlinking: /home/aurora/RM25/install/livox_ros_driver2/include/livox_ros_driver2/livox_ros_driver2/msg/detail/custom_point__traits.hpp
[14.300s] -- Symlinking: /home/aurora/RM25/install/livox_ros_driver2/include/livox_ros_driver2/livox_ros_driver2/msg/detail/custom_msg__rosidl_typesupport_fastrtps_cpp.hpp
[14.317s] -- Symlinking: /home/aurora/RM25/install/livox_ros_driver2/include/livox_ros_driver2/livox_ros_driver2/msg/detail/custom_point__rosidl_typesupport_fastrtps_cpp.hpp
[14.330s] -- Symlinking: /home/aurora/RM25/install/livox_ros_driver2/include/livox_ros_driver2/livox_ros_driver2/msg/rosidl_typesupport_fastrtps_cpp__visibility_control.h
[14.343s] -- Symlinking: /home/aurora/RM25/install/livox_ros_driver2/include/livox_ros_driver2/livox_ros_driver2/msg/detail/custom_msg__rosidl_typesupport_introspection_cpp.hpp
[14.354s] -- Symlinking: /home/aurora/RM25/install/livox_ros_driver2/include/livox_ros_driver2/livox_ros_driver2/msg/detail/custom_point__rosidl_typesupport_introspection_cpp.hpp
[14.367s] -- Symlinking: /home/aurora/RM25/install/livox_ros_driver2/share/livox_ros_driver2/environment/pythonpath.sh
[14.381s] -- Symlinking: /home/aurora/RM25/install/livox_ros_driver2/share/livox_ros_driver2/environment/pythonpath.dsv
[14.394s] -- Symlinking: /home/aurora/RM25/install/livox_ros_driver2/local/lib/python3.10/dist-packages/livox_ros_driver2-1.0.0-py3.10.egg-info/PKG-INFO
[14.406s] -- Symlinking: /home/aurora/RM25/install/livox_ros_driver2/local/lib/python3.10/dist-packages/livox_ros_driver2-1.0.0-py3.10.egg-info/SOURCES.txt
[14.418s] -- Symlinking: /home/aurora/RM25/install/livox_ros_driver2/local/lib/python3.10/dist-packages/livox_ros_driver2-1.0.0-py3.10.egg-info/dependency_links.txt
[14.424s] -- Symlinking: /home/aurora/RM25/install/livox_ros_driver2/local/lib/python3.10/dist-packages/livox_ros_driver2-1.0.0-py3.10.egg-info/top_level.txt
[14.432s] -- Symlinking: /home/aurora/RM25/install/livox_ros_driver2/local/lib/python3.10/dist-packages/livox_ros_driver2/__init__.py
[14.437s] -- Symlinking: /home/aurora/RM25/install/livox_ros_driver2/local/lib/python3.10/dist-packages/livox_ros_driver2/_livox_ros_driver2_s.ep.rosidl_typesupport_c.c
[14.442s] -- Symlinking: /home/aurora/RM25/install/livox_ros_driver2/local/lib/python3.10/dist-packages/livox_ros_driver2/_livox_ros_driver2_s.ep.rosidl_typesupport_fastrtps_c.c
[14.447s] -- Symlinking: /home/aurora/RM25/install/livox_ros_driver2/local/lib/python3.10/dist-packages/livox_ros_driver2/_livox_ros_driver2_s.ep.rosidl_typesupport_introspection_c.c
[14.460s] -- Symlinking: /home/aurora/RM25/install/livox_ros_driver2/local/lib/python3.10/dist-packages/livox_ros_driver2/liblivox_interfaces2__rosidl_generator_py.so
[14.468s] -- Symlinking: /home/aurora/RM25/install/livox_ros_driver2/local/lib/python3.10/dist-packages/livox_ros_driver2/livox_ros_driver2_s__rosidl_typesupport_c.cpython-310-x86_64-linux-gnu.so
[14.475s] -- Symlinking: /home/aurora/RM25/install/livox_ros_driver2/local/lib/python3.10/dist-packages/livox_ros_driver2/livox_ros_driver2_s__rosidl_typesupport_fastrtps_c.cpython-310-x86_64-linux-gnu.so
[14.484s] -- Symlinking: /home/aurora/RM25/install/livox_ros_driver2/local/lib/python3.10/dist-packages/livox_ros_driver2/livox_ros_driver2_s__rosidl_typesupport_introspection_c.cpython-310-x86_64-linux-gnu.so
[14.491s] -- Symlinking: /home/aurora/RM25/install/livox_ros_driver2/local/lib/python3.10/dist-packages/livox_ros_driver2/msg/__init__.py
[14.504s] -- Symlinking: /home/aurora/RM25/install/livox_ros_driver2/local/lib/python3.10/dist-packages/livox_ros_driver2/msg/_custom_msg.py
[14.516s] -- Symlinking: /home/aurora/RM25/install/livox_ros_driver2/local/lib/python3.10/dist-packages/livox_ros_driver2/msg/_custom_msg_s.c
[14.525s] -- Symlinking: /home/aurora/RM25/install/livox_ros_driver2/local/lib/python3.10/dist-packages/livox_ros_driver2/msg/_custom_point.py
[14.537s] -- Symlinking: /home/aurora/RM25/install/livox_ros_driver2/local/lib/python3.10/dist-packages/livox_ros_driver2/msg/_custom_point_s.c
[14.545s] -- Up-to-date symlink: /home/aurora/RM25/install/livox_ros_driver2/local/lib/python3.10/dist-packages/livox_ros_driver2/livox_ros_driver2_s__rosidl_typesupport_fastrtps_c.cpython-310-x86_64-linux-gnu.so
[14.545s] -- Up-to-date symlink: /home/aurora/RM25/install/livox_ros_driver2/local/lib/python3.10/dist-packages/livox_ros_driver2/livox_ros_driver2_s__rosidl_typesupport_introspection_c.cpython-310-x86_64-linux-gnu.so
[14.545s] -- Up-to-date symlink: /home/aurora/RM25/install/livox_ros_driver2/local/lib/python3.10/dist-packages/livox_ros_driver2/livox_ros_driver2_s__rosidl_typesupport_c.cpython-310-x86_64-linux-gnu.so
[14.545s] -- Symlinking: /home/aurora/RM25/install/livox_ros_driver2/share/livox_ros_driver2/msg/CustomPoint.idl
[14.555s] -- Symlinking: /home/aurora/RM25/install/livox_ros_driver2/share/livox_ros_driver2/msg/CustomMsg.idl
[14.562s] -- Symlinking: /home/aurora/RM25/install/livox_ros_driver2/share/livox_ros_driver2/msg/CustomPoint.msg
[14.568s] -- Symlinking: /home/aurora/RM25/install/livox_ros_driver2/share/livox_ros_driver2/msg/CustomMsg.msg
[14.574s] -- Symlinking: /home/aurora/RM25/install/livox_ros_driver2/lib/livox_ros_driver2/livox_ros_driver2_node
[14.586s] -- Symlinking: /home/aurora/RM25/install/livox_ros_driver2/lib/liblivox_ros_driver2.so
[14.596s] -- Symlinking: /home/aurora/RM25/install/livox_ros_driver2/share/livox_ros_driver2/config/HAP_config.json
[14.602s] -- Symlinking: /home/aurora/RM25/install/livox_ros_driver2/share/livox_ros_driver2/config/MID360_config.json
[14.610s] -- Symlinking: /home/aurora/RM25/install/livox_ros_driver2/share/livox_ros_driver2/config/display_point_cloud_ROS1.rviz
[14.621s] -- Symlinking: /home/aurora/RM25/install/livox_ros_driver2/share/livox_ros_driver2/config/display_point_cloud_ROS2.rviz
[14.631s] -- Symlinking: /home/aurora/RM25/install/livox_ros_driver2/share/livox_ros_driver2/config/mixed_HAP_MID360_config.json
[14.644s] -- Symlinking: /home/aurora/RM25/install/livox_ros_driver2/share/livox_ros_driver2/launch_ROS2/msg_HAP_launch.py
[14.654s] -- Symlinking: /home/aurora/RM25/install/livox_ros_driver2/share/livox_ros_driver2/launch_ROS2/msg_MID360_launch.py
[14.670s] -- Symlinking: /home/aurora/RM25/install/livox_ros_driver2/share/livox_ros_driver2/launch_ROS2/rviz_HAP_launch.py
[14.689s] -- Symlinking: /home/aurora/RM25/install/livox_ros_driver2/share/livox_ros_driver2/launch_ROS2/rviz_MID360_launch.py
[14.702s] -- Symlinking: /home/aurora/RM25/install/livox_ros_driver2/share/livox_ros_driver2/launch_ROS2/rviz_mixed.py
[14.708s] -- Symlinking: /home/aurora/RM25/install/livox_ros_driver2/share/ament_index/resource_index/package_run_dependencies/livox_ros_driver2
[14.713s] -- Symlinking: /home/aurora/RM25/install/livox_ros_driver2/share/ament_index/resource_index/parent_prefix_path/livox_ros_driver2
[14.720s] -- Symlinking: /home/aurora/RM25/install/livox_ros_driver2/share/livox_ros_driver2/environment/ament_prefix_path.sh
[14.728s] -- Symlinking: /home/aurora/RM25/install/livox_ros_driver2/share/livox_ros_driver2/environment/ament_prefix_path.dsv
[14.734s] -- Symlinking: /home/aurora/RM25/install/livox_ros_driver2/share/livox_ros_driver2/environment/path.sh
[14.741s] -- Symlinking: /home/aurora/RM25/install/livox_ros_driver2/share/livox_ros_driver2/environment/path.dsv
[14.747s] -- Symlinking: /home/aurora/RM25/install/livox_ros_driver2/share/livox_ros_driver2/local_setup.bash
[14.754s] -- Symlinking: /home/aurora/RM25/install/livox_ros_driver2/share/livox_ros_driver2/local_setup.sh
[14.767s] -- Symlinking: /home/aurora/RM25/install/livox_ros_driver2/share/livox_ros_driver2/local_setup.zsh
[14.780s] -- Symlinking: /home/aurora/RM25/install/livox_ros_driver2/share/livox_ros_driver2/local_setup.dsv
[14.793s] -- Symlinking: /home/aurora/RM25/install/livox_ros_driver2/share/livox_ros_driver2/package.dsv
[14.807s] -- Symlinking: /home/aurora/RM25/install/livox_ros_driver2/share/ament_index/resource_index/packages/livox_ros_driver2
[14.820s] -- Symlinking: /home/aurora/RM25/install/livox_ros_driver2/share/ament_index/resource_index/rclcpp_components/livox_ros_driver2
[14.832s] -- Symlinking: /home/aurora/RM25/install/livox_ros_driver2/share/livox_ros_driver2/cmake/rosidl_cmake-extras.cmake
[14.845s] -- Symlinking: /home/aurora/RM25/install/livox_ros_driver2/share/livox_ros_driver2/cmake/ament_cmake_export_dependencies-extras.cmake
[14.858s] -- Symlinking: /home/aurora/RM25/install/livox_ros_driver2/share/livox_ros_driver2/cmake/ament_cmake_export_include_directories-extras.cmake
[14.875s] -- Symlinking: /home/aurora/RM25/install/livox_ros_driver2/share/livox_ros_driver2/cmake/ament_cmake_export_libraries-extras.cmake
[14.888s] -- Symlinking: /home/aurora/RM25/install/livox_ros_driver2/share/livox_ros_driver2/cmake/ament_cmake_export_targets-extras.cmake
[14.901s] -- Symlinking: /home/aurora/RM25/install/livox_ros_driver2/share/livox_ros_driver2/cmake/rosidl_cmake_export_typesupport_targets-extras.cmake
[14.915s] -- Symlinking: /home/aurora/RM25/install/livox_ros_driver2/share/livox_ros_driver2/cmake/rosidl_cmake_export_typesupport_libraries-extras.cmake
[14.927s] -- Symlinking: /home/aurora/RM25/install/livox_ros_driver2/share/livox_ros_driver2/cmake/livox_ros_driver2Config.cmake
[14.940s] -- Symlinking: /home/aurora/RM25/install/livox_ros_driver2/share/livox_ros_driver2/cmake/livox_ros_driver2Config-version.cmake
[14.952s] -- Symlinking: /home/aurora/RM25/install/livox_ros_driver2/share/livox_ros_driver2/package.xml
[14.966s] -- Installing: /home/aurora/RM25/install/livox_ros_driver2/lib/liblivox_ros_driver2__rosidl_generator_c.so
[14.966s] -- Set runtime path of "/home/aurora/RM25/install/livox_ros_driver2/lib/liblivox_ros_driver2__rosidl_generator_c.so" to ""
[14.967s] -- Installing: /home/aurora/RM25/install/livox_ros_driver2/lib/liblivox_ros_driver2__rosidl_typesupport_fastrtps_c.so
[14.967s] -- Set runtime path of "/home/aurora/RM25/install/livox_ros_driver2/lib/liblivox_ros_driver2__rosidl_typesupport_fastrtps_c.so" to ""
[14.967s] -- Installing: /home/aurora/RM25/install/livox_ros_driver2/lib/liblivox_ros_driver2__rosidl_typesupport_introspection_c.so
[14.967s] -- Set runtime path of "/home/aurora/RM25/install/livox_ros_driver2/lib/liblivox_ros_driver2__rosidl_typesupport_introspection_c.so" to ""
[14.967s] -- Installing: /home/aurora/RM25/install/livox_ros_driver2/lib/liblivox_ros_driver2__rosidl_typesupport_c.so
[14.967s] -- Set runtime path of "/home/aurora/RM25/install/livox_ros_driver2/lib/liblivox_ros_driver2__rosidl_typesupport_c.so" to ""
[14.968s] -- Installing: /home/aurora/RM25/install/livox_ros_driver2/lib/liblivox_ros_driver2__rosidl_typesupport_fastrtps_cpp.so
[14.968s] -- Set runtime path of "/home/aurora/RM25/install/livox_ros_driver2/lib/liblivox_ros_driver2__rosidl_typesupport_fastrtps_cpp.so" to ""
[14.968s] -- Installing: /home/aurora/RM25/install/livox_ros_driver2/lib/liblivox_ros_driver2__rosidl_typesupport_introspection_cpp.so
[14.968s] -- Set runtime path of "/home/aurora/RM25/install/livox_ros_driver2/lib/liblivox_ros_driver2__rosidl_typesupport_introspection_cpp.so" to ""
[14.968s] -- Installing: /home/aurora/RM25/install/livox_ros_driver2/lib/liblivox_ros_driver2__rosidl_typesupport_cpp.so
[14.969s] -- Set runtime path of "/home/aurora/RM25/install/livox_ros_driver2/lib/liblivox_ros_driver2__rosidl_typesupport_cpp.so" to ""
[14.999s] Listing '/home/aurora/RM25/install/livox_ros_driver2/local/lib/python3.10/dist-packages/livox_ros_driver2'...
[14.999s] Compiling '/home/aurora/RM25/install/livox_ros_driver2/local/lib/python3.10/dist-packages/livox_ros_driver2/__init__.py'...
[14.999s] Listing '/home/aurora/RM25/install/livox_ros_driver2/local/lib/python3.10/dist-packages/livox_ros_driver2/msg'...
[14.999s] Compiling '/home/aurora/RM25/install/livox_ros_driver2/local/lib/python3.10/dist-packages/livox_ros_driver2/msg/__init__.py'...
[14.999s] Compiling '/home/aurora/RM25/install/livox_ros_driver2/local/lib/python3.10/dist-packages/livox_ros_driver2/msg/_custom_msg.py'...
[14.999s] Compiling '/home/aurora/RM25/install/livox_ros_driver2/local/lib/python3.10/dist-packages/livox_ros_driver2/msg/_custom_point.py'...
[15.002s] -- Installing: /home/aurora/RM25/install/livox_ros_driver2/lib/liblivox_interfaces2__rosidl_generator_py.so
[15.003s] -- Set runtime path of "/home/aurora/RM25/install/livox_ros_driver2/lib/liblivox_interfaces2__rosidl_generator_py.so" to ""
[15.003s] -- Installing: /home/aurora/RM25/install/livox_ros_driver2/share/livox_ros_driver2/cmake/export_livox_interfaces2__rosidl_generator_cExport.cmake
[15.003s] -- Installing: /home/aurora/RM25/install/livox_ros_driver2/share/livox_ros_driver2/cmake/export_livox_interfaces2__rosidl_generator_cExport-noconfig.cmake
[15.003s] -- Installing: /home/aurora/RM25/install/livox_ros_driver2/share/livox_ros_driver2/cmake/export_livox_interfaces2__rosidl_typesupport_fastrtps_cExport.cmake
[15.003s] -- Installing: /home/aurora/RM25/install/livox_ros_driver2/share/livox_ros_driver2/cmake/export_livox_interfaces2__rosidl_typesupport_fastrtps_cExport-noconfig.cmake
[15.003s] -- Installing: /home/aurora/RM25/install/livox_ros_driver2/share/livox_ros_driver2/cmake/livox_interfaces2__rosidl_typesupport_introspection_cExport.cmake
[15.003s] -- Installing: /home/aurora/RM25/install/livox_ros_driver2/share/livox_ros_driver2/cmake/livox_interfaces2__rosidl_typesupport_introspection_cExport-noconfig.cmake
[15.003s] -- Installing: /home/aurora/RM25/install/livox_ros_driver2/share/livox_ros_driver2/cmake/livox_interfaces2__rosidl_typesupport_cExport.cmake
[15.003s] -- Installing: /home/aurora/RM25/install/livox_ros_driver2/share/livox_ros_driver2/cmake/livox_interfaces2__rosidl_typesupport_cExport-noconfig.cmake
[15.003s] -- Installing: /home/aurora/RM25/install/livox_ros_driver2/share/livox_ros_driver2/cmake/export_livox_interfaces2__rosidl_generator_cppExport.cmake
[15.003s] -- Installing: /home/aurora/RM25/install/livox_ros_driver2/share/livox_ros_driver2/cmake/export_livox_interfaces2__rosidl_typesupport_fastrtps_cppExport.cmake
[15.003s] -- Installing: /home/aurora/RM25/install/livox_ros_driver2/share/livox_ros_driver2/cmake/export_livox_interfaces2__rosidl_typesupport_fastrtps_cppExport-noconfig.cmake
[15.003s] -- Installing: /home/aurora/RM25/install/livox_ros_driver2/share/livox_ros_driver2/cmake/livox_interfaces2__rosidl_typesupport_introspection_cppExport.cmake
[15.003s] -- Installing: /home/aurora/RM25/install/livox_ros_driver2/share/livox_ros_driver2/cmake/livox_interfaces2__rosidl_typesupport_introspection_cppExport-noconfig.cmake
[15.003s] -- Installing: /home/aurora/RM25/install/livox_ros_driver2/share/livox_ros_driver2/cmake/livox_interfaces2__rosidl_typesupport_cppExport.cmake
[15.003s] -- Installing: /home/aurora/RM25/install/livox_ros_driver2/share/livox_ros_driver2/cmake/livox_interfaces2__rosidl_typesupport_cppExport-noconfig.cmake
[15.003s] -- Installing: /home/aurora/RM25/install/livox_ros_driver2/share/livox_ros_driver2/cmake/export_livox_interfaces2__rosidl_generator_pyExport.cmake
[15.003s] -- Installing: /home/aurora/RM25/install/livox_ros_driver2/share/livox_ros_driver2/cmake/export_livox_interfaces2__rosidl_generator_pyExport-noconfig.cmake
[15.005s] Invoked command in '/home/aurora/RM25/build/livox_ros_driver2' returned '0': CMAKE_PREFIX_PATH=${CMAKE_PREFIX_PATH}:/home/aurora/ros_ws/install/sdformat_tools:/opt/ros/humble /usr/bin/cmake --install /home/aurora/RM25/build/livox_ros_driver2
