[0.015s] Invoking command in '/home/aurora/RM25/src/build/livox_ros_driver2': CMAKE_PREFIX_PATH=${CMAKE_PREFIX_PATH}:/home/aurora/ws_helloworld/install/pkg02_helloworld_py:/opt/ros/humble /usr/bin/cmake /home/aurora/RM25/src/rm_driver/livox_ros_driver2 -DROS_EDITION=ROS2 -DHUMBLE_ROS=humble -DCMAKE_INSTALL_PREFIX=/home/aurora/RM25/src/install/livox_ros_driver2
[0.201s] -- The C compiler identification is GNU 11.4.0
[1.132s] -- The CXX compiler identification is GNU 11.4.0
[1.568s] -- Detecting C compiler ABI info
[1.704s] -- Detecting C compiler ABI info - done
[1.708s] -- Check for working C compiler: /usr/bin/cc - skipped
[1.709s] -- Detecting C compile features
[1.709s] -- Detecting C compile features - done
[1.713s] -- Detecting CXX compiler ABI info
[1.892s] -- Detecting CXX compiler ABI info - done
[1.897s] -- Check for working CXX compiler: /usr/bin/c++ - skipped
[1.898s] -- Detecting CXX compile features
[1.898s] -- Detecting CXX compile features - done
[1.898s] -- livox_ros_driver2 version: 1.2.4
[1.902s] -- Found ament_cmake_auto: 1.3.10 (/opt/ros/humble/share/ament_cmake_auto/cmake)
[2.003s] -- Found Python3: /usr/bin/python3 (found version "3.10.12") found components: Interpreter 
[2.313s] -- Using all available rosidl_typesupport_c: rosidl_typesupport_fastrtps_c;rosidl_typesupport_introspection_c
[2.331s] -- Found rosidl_adapter: 3.1.5 (/opt/ros/humble/share/rosidl_adapter/cmake)
[2.829s] -- Using all available rosidl_typesupport_cpp: rosidl_typesupport_fastrtps_cpp;rosidl_typesupport_introspection_cpp
[3.168s] -- Found rmw_implementation_cmake: 6.1.2 (/opt/ros/humble/share/rmw_implementation_cmake/cmake)
[3.186s] -- Found rmw_fastrtps_cpp: 6.2.7 (/opt/ros/humble/share/rmw_fastrtps_cpp/cmake)
[6.871s] -- Found OpenSSL: /usr/lib/x86_64-linux-gnu/libcrypto.so (found version "3.0.2")  
[9.802s] -- Found FastRTPS: /opt/ros/humble/include  
[14.211s] -- Using RMW implementation 'rmw_fastrtps_cpp' as default
[14.218s] -- Looking for pthread.h
[14.348s] -- Looking for pthread.h - found
[14.348s] -- Performing Test CMAKE_HAVE_LIBC_PTHREAD
[14.479s] -- Performing Test CMAKE_HAVE_LIBC_PTHREAD - Success
[14.480s] -- Found Threads: TRUE  
[16.092s] -- Checking for module 'flann'
[16.097s] --   Found flann, version 1.9.1
[16.541s] -- Found FLANN: /usr/lib/x86_64-linux-gnu/libflann_cpp.so  
[16.541s] -- FLANN found (include: /usr/include, lib: /usr/lib/x86_64-linux-gnu/libflann_cpp.so)
[16.974s] -- Found OpenMP_CXX: -fopenmp (found version "4.5") 
[16.974s] -- Found OpenMP: TRUE (found version "4.5") found components: CXX 
[16.999s] -- Checking for module 'libusb-1.0'
[17.004s] --   Found libusb-1.0, version 1.0.25
[17.109s] -- Found libusb: /usr/lib/x86_64-linux-gnu/libusb-1.0.so  
[17.109s] -- OpenNI found (version: 1.5.4.0, include: /usr/include/ni, lib: /usr/lib/libOpenNI.so;libusb::libusb)
[17.294s] -- OpenNI2 found (version: 2.2.0.33, include: /usr/include/openni2, lib: /usr/lib/x86_64-linux-gnu/libOpenNI2.so;libusb::libusb)
[17.402s] -- Could NOT find Pcap (missing: PCAP_LIBRARIES PCAP_INCLUDE_DIRS) 
[18.527s] -- Found ZLIB: /usr/lib/x86_64-linux-gnu/libz.so (found version "1.2.11") 
[20.127s] -- Found PNG: /usr/lib/x86_64-linux-gnu/libpng.so (found version "1.6.37") 
[26.130s] -- OpenNI found (version: 1.5.4.0, include: /usr/include/ni, lib: /usr/lib/libOpenNI.so;libusb::libusb)
[26.133s] -- OpenNI2 found (version: 2.2.0.33, include: /usr/include/openni2, lib: /usr/lib/x86_64-linux-gnu/libOpenNI2.so;libusb::libusb)
[31.219s] -- Found Qhull version 8.0.2
[38.042s] -- Found PCL_COMMON: /usr/local/lib/libpcl_common.so  
[38.042s] -- Found PCL_KDTREE: /usr/local/lib/libpcl_kdtree.so  
[38.042s] -- Found PCL_OCTREE: /usr/local/lib/libpcl_octree.so  
[38.042s] -- Found PCL_SEARCH: /usr/local/lib/libpcl_search.so  
[38.043s] -- Found PCL_SAMPLE_CONSENSUS: /usr/local/lib/libpcl_sample_consensus.so  
[38.043s] -- Found PCL_FILTERS: /usr/local/lib/libpcl_filters.so  
[38.043s] -- Found PCL_2D: /usr/local/include/pcl-1.14  
[38.043s] -- Found PCL_GEOMETRY: /usr/local/include/pcl-1.14  
[38.044s] -- Found PCL_IO: /usr/local/lib/libpcl_io.so  
[38.044s] -- Found PCL_FEATURES: /usr/local/lib/libpcl_features.so  
[38.045s] -- Found PCL_ML: /usr/local/lib/libpcl_ml.so  
[38.045s] -- Found PCL_SEGMENTATION: /usr/local/lib/libpcl_segmentation.so  
[38.045s] -- Found PCL_VISUALIZATION: /usr/local/lib/libpcl_visualization.so  
[38.045s] -- Found PCL_SURFACE: /usr/local/lib/libpcl_surface.so  
[38.046s] -- Found PCL_REGISTRATION: /usr/local/lib/libpcl_registration.so  
[38.046s] -- Found PCL_KEYPOINTS: /usr/local/lib/libpcl_keypoints.so  
[38.046s] -- Found PCL_TRACKING: /usr/local/lib/libpcl_tracking.so  
[38.047s] -- Found PCL_RECOGNITION: /usr/local/lib/libpcl_recognition.so  
[38.047s] -- Found PCL_STEREO: /usr/local/lib/libpcl_stereo.so  
[38.047s] -- Found PCL_OUTOFCORE: /usr/local/lib/libpcl_outofcore.so  
[38.048s] -- Found PCL_PEOPLE: /usr/local/lib/libpcl_people.so  
[44.919s] -- Found PkgConfig: /usr/bin/pkg-config (found version "0.29.2") 
[44.919s] -- Checking for module 'apr-1'
[44.921s] --   No package 'apr-1' found
[45.049s] -- Found ament_cmake_ros: 0.10.0 (/opt/ros/humble/share/ament_cmake_ros/cmake)
[45.176s] -- Using all available rosidl_typesupport_c: rosidl_typesupport_fastrtps_c;rosidl_typesupport_introspection_c
[45.331s] -- Using all available rosidl_typesupport_cpp: rosidl_typesupport_fastrtps_cpp;rosidl_typesupport_introspection_cpp
[45.621s] -- Found PythonInterp: /usr/bin/python3 (found suitable version "3.10.12", minimum required is "3.6") 
[45.622s] -- Found python_cmake_module: 0.10.0 (/opt/ros/humble/share/python_cmake_module/cmake)
[46.208s] -- Found PythonLibs: /usr/lib/x86_64-linux-gnu/libpython3.10.so (found suitable version "3.10.12", minimum required is "3.5") 
[46.209s] -- Using PYTHON_EXECUTABLE: /usr/bin/python3
[46.210s] -- Using PYTHON_INCLUDE_DIRS: /usr/include/python3.10
[46.210s] -- Using PYTHON_LIBRARIES: /usr/lib/x86_64-linux-gnu/libpython3.10.so
[46.221s] -- Found PythonExtra: .so  
[46.444s] -- Found ament_lint_auto: 0.12.11 (/opt/ros/humble/share/ament_lint_auto/cmake)
[46.464s] -- Added test 'copyright' to check source files copyright and LICENSE
[46.469s] -- Added test 'cppcheck' to perform static code analysis on C / C++ code
[46.470s] -- Configured cppcheck include dirs: /home/aurora/RM25/src/rm_driver/livox_ros_driver2/3rdparty;/home/aurora/RM25/src/rm_driver/livox_ros_driver2/src
[46.470s] -- Configured cppcheck exclude dirs and/or files: 
[46.472s] -- Added test 'cpplint' to check C / C++ code against the Google style
[46.472s] -- Configured cpplint exclude dirs and/or files: 
[46.473s] -- Added test 'flake8' to check Python code syntax and style conventions
[46.475s] -- Added test 'lint_cmake' to check CMake code style
[46.476s] -- Added test 'pep257' to check Python code against some of the docstring style conventions in PEP 257
[46.478s] -- Added test 'uncrustify' to check C / C++ code style
[46.478s] -- Configured uncrustify additional arguments: 
[46.479s] -- Added test 'xmllint' to check XML markup files
[46.480s] -- Configuring done
[46.544s] -- Generating done
[46.546s] -- Build files have been written to: /home/aurora/RM25/src/build/livox_ros_driver2
[46.560s] Invoked command in '/home/aurora/RM25/src/build/livox_ros_driver2' returned '0': CMAKE_PREFIX_PATH=${CMAKE_PREFIX_PATH}:/home/aurora/ws_helloworld/install/pkg02_helloworld_py:/opt/ros/humble /usr/bin/cmake /home/aurora/RM25/src/rm_driver/livox_ros_driver2 -DROS_EDITION=ROS2 -DHUMBLE_ROS=humble -DCMAKE_INSTALL_PREFIX=/home/aurora/RM25/src/install/livox_ros_driver2
[46.561s] Invoking command in '/home/aurora/RM25/src/build/livox_ros_driver2': CMAKE_PREFIX_PATH=${CMAKE_PREFIX_PATH}:/home/aurora/ws_helloworld/install/pkg02_helloworld_py:/opt/ros/humble /usr/bin/cmake --build /home/aurora/RM25/src/build/livox_ros_driver2 -- -j20 -l20
[46.584s] [  1%] [34m[1mGenerating C code for ROS interfaces[0m
[46.588s] [  5%] [32mBuilding CXX object CMakeFiles/livox_ros_driver2_node.dir/rclcpp_components/node_main_livox_ros_driver2_node.cpp.o[0m
[46.588s] [  5%] [34m[1mGenerating C++ code for ROS interfaces[0m
[46.592s] [  5%] Built target ament_cmake_python_copy_livox_ros_driver2
[46.721s] running egg_info
[46.722s] creating livox_ros_driver2.egg-info
[46.722s] writing livox_ros_driver2.egg-info/PKG-INFO
[46.722s] writing dependency_links to livox_ros_driver2.egg-info/dependency_links.txt
[46.723s] writing top-level names to livox_ros_driver2.egg-info/top_level.txt
[46.723s] writing manifest file 'livox_ros_driver2.egg-info/SOURCES.txt'
[46.725s] reading manifest file 'livox_ros_driver2.egg-info/SOURCES.txt'
[46.725s] writing manifest file 'livox_ros_driver2.egg-info/SOURCES.txt'
[46.764s] [  5%] Built target ament_cmake_python_build_livox_ros_driver2_egg
[46.866s] [  5%] Built target livox_interfaces2__cpp
[46.873s] [  7%] [34m[1mGenerating C++ type support dispatch for ROS interfaces[0m
[46.874s] [  8%] [34m[1mGenerating C++ introspection for ROS interfaces[0m
[46.879s] [ 10%] [34m[1mGenerating C++ type support for eProsima Fast-RTPS[0m
[46.885s] [ 12%] [32mBuilding C object CMakeFiles/livox_interfaces2__rosidl_generator_c.dir/rosidl_generator_c/livox_ros_driver2/msg/detail/custom_msg__functions.c.o[0m
[46.886s] [ 14%] [32mBuilding C object CMakeFiles/livox_interfaces2__rosidl_generator_c.dir/rosidl_generator_c/livox_ros_driver2/msg/detail/custom_point__functions.c.o[0m
[46.922s] [ 15%] [32m[1mLinking C shared library liblivox_ros_driver2__rosidl_generator_c.so[0m
[47.133s] [ 19%] [32mBuilding CXX object CMakeFiles/livox_interfaces2__rosidl_typesupport_cpp.dir/rosidl_typesupport_cpp/livox_ros_driver2/msg/custom_point__type_support.cpp.o[0m
[47.133s] [ 19%] [32mBuilding CXX object CMakeFiles/livox_interfaces2__rosidl_typesupport_cpp.dir/rosidl_typesupport_cpp/livox_ros_driver2/msg/custom_msg__type_support.cpp.o[0m
[47.133s] [ 19%] Built target livox_interfaces2__rosidl_generator_c
[47.139s] [ 21%] [34m[1mGenerating C type support for eProsima Fast-RTPS[0m
[47.139s] [ 22%] [34m[1mGenerating C introspection for ROS interfaces[0m
[47.140s] [ 24%] [34m[1mGenerating C type support dispatch for ROS interfaces[0m
[47.179s] [ 26%] [32mBuilding CXX object CMakeFiles/livox_interfaces2__rosidl_typesupport_fastrtps_cpp.dir/rosidl_typesupport_fastrtps_cpp/livox_ros_driver2/msg/detail/dds_fastrtps/custom_point__type_support.cpp.o[0m
[47.179s] [ 28%] [32mBuilding CXX object CMakeFiles/livox_interfaces2__rosidl_typesupport_fastrtps_cpp.dir/rosidl_typesupport_fastrtps_cpp/livox_ros_driver2/msg/detail/dds_fastrtps/custom_msg__type_support.cpp.o[0m
[47.194s] [ 31%] [32mBuilding CXX object CMakeFiles/livox_interfaces2__rosidl_typesupport_introspection_cpp.dir/rosidl_typesupport_introspection_cpp/livox_ros_driver2/msg/detail/custom_point__type_support.cpp.o[0m
[47.194s] [ 31%] [32mBuilding CXX object CMakeFiles/livox_interfaces2__rosidl_typesupport_introspection_cpp.dir/rosidl_typesupport_introspection_cpp/livox_ros_driver2/msg/detail/custom_msg__type_support.cpp.o[0m
[47.341s] [ 33%] [32m[1mLinking CXX shared library liblivox_ros_driver2__rosidl_typesupport_cpp.so[0m
[47.492s] [ 35%] [32mBuilding C object CMakeFiles/livox_interfaces2__rosidl_typesupport_introspection_c.dir/rosidl_typesupport_introspection_c/livox_ros_driver2/msg/detail/custom_point__type_support.c.o[0m
[47.493s] [ 36%] [32mBuilding C object CMakeFiles/livox_interfaces2__rosidl_typesupport_introspection_c.dir/rosidl_typesupport_introspection_c/livox_ros_driver2/msg/detail/custom_msg__type_support.c.o[0m
[47.506s] [ 38%] [32mBuilding CXX object CMakeFiles/livox_interfaces2__rosidl_typesupport_c.dir/rosidl_typesupport_c/livox_ros_driver2/msg/custom_msg__type_support.cpp.o[0m
[47.511s] [ 40%] [32mBuilding CXX object CMakeFiles/livox_interfaces2__rosidl_typesupport_c.dir/rosidl_typesupport_c/livox_ros_driver2/msg/custom_point__type_support.cpp.o[0m
[47.540s] [ 42%] [32mBuilding CXX object CMakeFiles/livox_interfaces2__rosidl_typesupport_fastrtps_c.dir/rosidl_typesupport_fastrtps_c/livox_ros_driver2/msg/detail/custom_point__type_support_c.cpp.o[0m
[47.552s] [ 43%] [32mBuilding CXX object CMakeFiles/livox_interfaces2__rosidl_typesupport_fastrtps_c.dir/rosidl_typesupport_fastrtps_c/livox_ros_driver2/msg/detail/custom_msg__type_support_c.cpp.o[0m
[47.554s] [ 45%] [32m[1mLinking C shared library liblivox_ros_driver2__rosidl_typesupport_introspection_c.so[0m
[47.589s] [ 47%] [32m[1mLinking CXX shared library liblivox_ros_driver2__rosidl_typesupport_fastrtps_cpp.so[0m
[47.604s] [ 49%] [32m[1mLinking CXX shared library liblivox_ros_driver2__rosidl_typesupport_c.so[0m
[47.605s] [ 49%] Built target livox_interfaces2__rosidl_typesupport_cpp
[47.647s] [ 50%] [32m[1mLinking CXX shared library liblivox_ros_driver2__rosidl_typesupport_introspection_cpp.so[0m
[47.686s] [ 52%] [32mBuilding CXX object CMakeFiles/livox_ros_driver2.dir/src/livox_ros_driver2.cpp.o[0m
[47.697s] [ 54%] [32mBuilding CXX object CMakeFiles/livox_ros_driver2.dir/src/lddc.cpp.o[0m
[47.727s] [ 56%] [32mBuilding CXX object CMakeFiles/livox_ros_driver2.dir/src/driver_node.cpp.o[0m
[47.755s] [ 57%] [32mBuilding CXX object CMakeFiles/livox_ros_driver2.dir/src/lds.cpp.o[0m
[47.779s] [ 57%] Built target livox_interfaces2__rosidl_typesupport_introspection_c
[47.809s] [ 59%] [32mBuilding CXX object CMakeFiles/livox_ros_driver2.dir/src/lds_lidar.cpp.o[0m
[47.827s] [ 59%] Built target livox_interfaces2__rosidl_typesupport_c
[47.858s] [ 61%] [32mBuilding CXX object CMakeFiles/livox_ros_driver2.dir/src/comm/comm.cpp.o[0m
[47.879s] [ 61%] Built target livox_interfaces2__rosidl_typesupport_fastrtps_cpp
[47.909s] [ 63%] [32mBuilding CXX object CMakeFiles/livox_ros_driver2.dir/src/comm/ldq.cpp.o[0m
[47.938s] [ 64%] [32mBuilding CXX object CMakeFiles/livox_ros_driver2.dir/src/comm/semaphore.cpp.o[0m
[47.958s] [ 66%] [32mBuilding CXX object CMakeFiles/livox_ros_driver2.dir/src/comm/lidar_imu_data_queue.cpp.o[0m
[48.057s] [ 68%] [32mBuilding CXX object CMakeFiles/livox_ros_driver2.dir/src/comm/cache_index.cpp.o[0m
[48.067s] [ 70%] [32mBuilding CXX object CMakeFiles/livox_ros_driver2.dir/src/comm/pub_handler.cpp.o[0m
[48.070s] [ 71%] [32mBuilding CXX object CMakeFiles/livox_ros_driver2.dir/src/parse_cfg_file/parse_cfg_file.cpp.o[0m
[48.080s] [ 73%] [32mBuilding CXX object CMakeFiles/livox_ros_driver2.dir/src/parse_cfg_file/parse_livox_lidar_cfg.cpp.o[0m
[48.108s] [ 73%] Built target livox_interfaces2__rosidl_typesupport_introspection_cpp
[48.147s] [ 75%] [32mBuilding CXX object CMakeFiles/livox_ros_driver2.dir/src/call_back/livox_lidar_callback.cpp.o[0m
[48.171s] [ 77%] [32mBuilding CXX object CMakeFiles/livox_ros_driver2.dir/src/call_back/lidar_common_callback.cpp.o[0m
[48.178s] [ 78%] [32m[1mLinking CXX shared library liblivox_ros_driver2__rosidl_typesupport_fastrtps_c.so[0m
[48.665s] [ 78%] Built target livox_interfaces2__rosidl_typesupport_fastrtps_c
[48.768s] [ 78%] Built target livox_interfaces2
[48.926s] [ 80%] [34m[1mGenerating Python code for ROS interfaces[0m
[50.614s] [ 80%] Built target livox_interfaces2__py
[50.741s] [ 82%] [32mBuilding C object CMakeFiles/livox_interfaces2__rosidl_generator_py.dir/rosidl_generator_py/livox_ros_driver2/msg/_custom_point_s.c.o[0m
[50.751s] [ 84%] [32mBuilding C object CMakeFiles/livox_interfaces2__rosidl_generator_py.dir/rosidl_generator_py/livox_ros_driver2/msg/_custom_msg_s.c.o[0m
[51.286s] [ 85%] [32m[1mLinking C shared library rosidl_generator_py/livox_ros_driver2/liblivox_interfaces2__rosidl_generator_py.so[0m
[51.835s] [ 85%] Built target livox_interfaces2__rosidl_generator_py
[51.917s] [ 87%] [32mBuilding C object CMakeFiles/livox_ros_driver2__rosidl_typesupport_c__pyext.dir/rosidl_generator_py/livox_ros_driver2/_livox_ros_driver2_s.ep.rosidl_typesupport_c.c.o[0m
[51.921s] [ 89%] [32mBuilding C object CMakeFiles/livox_ros_driver2__rosidl_typesupport_fastrtps_c__pyext.dir/rosidl_generator_py/livox_ros_driver2/_livox_ros_driver2_s.ep.rosidl_typesupport_fastrtps_c.c.o[0m
[51.922s] [ 91%] [32mBuilding C object CMakeFiles/livox_ros_driver2__rosidl_typesupport_introspection_c__pyext.dir/rosidl_generator_py/livox_ros_driver2/_livox_ros_driver2_s.ep.rosidl_typesupport_introspection_c.c.o[0m
[51.964s] [ 92%] [32m[1mLinking CXX executable livox_ros_driver2_node[0m
[54.487s] [ 96%] [32m[1mLinking C shared library rosidl_generator_py/livox_ros_driver2/livox_ros_driver2_s__rosidl_typesupport_introspection_c.cpython-310-x86_64-linux-gnu.so[0m
[54.487s] [ 96%] [32m[1mLinking C shared library rosidl_generator_py/livox_ros_driver2/livox_ros_driver2_s__rosidl_typesupport_fastrtps_c.cpython-310-x86_64-linux-gnu.so[0m
[54.487s] [ 96%] Built target livox_ros_driver2_node
[54.488s] [ 98%] [32m[1mLinking C shared library rosidl_generator_py/livox_ros_driver2/livox_ros_driver2_s__rosidl_typesupport_c.cpython-310-x86_64-linux-gnu.so[0m
[55.916s] [ 98%] Built target livox_ros_driver2__rosidl_typesupport_c__pyext
[55.917s] [ 98%] Built target livox_ros_driver2__rosidl_typesupport_introspection_c__pyext
[55.917s] [ 98%] Built target livox_ros_driver2__rosidl_typesupport_fastrtps_c__pyext
[79.186s] gmake[2]: *** [CMakeFiles/livox_ros_driver2.dir/build.make:76: CMakeFiles/livox_ros_driver2.dir/src/livox_ros_driver2.cpp.o] Interrupt
[79.196s] gmake[2]: *** [CMakeFiles/livox_ros_driver2.dir/build.make:90: CMakeFiles/livox_ros_driver2.dir/src/lddc.cpp.o] Interrupt
[79.196s] gmake[2]: *** [CMakeFiles/livox_ros_driver2.dir/build.make:104: CMakeFiles/livox_ros_driver2.dir/src/driver_node.cpp.o] Interrupt
[79.196s] gmake[1]: *** [CMakeFiles/Makefile2:595: CMakeFiles/livox_ros_driver2.dir/all] Interrupt
[79.196s] gmake: *** [Makefile:146: all] Interrupt
[79.504s] Invoked command in '/home/aurora/RM25/src/build/livox_ros_driver2' returned '-2': CMAKE_PREFIX_PATH=${CMAKE_PREFIX_PATH}:/home/aurora/ws_helloworld/install/pkg02_helloworld_py:/opt/ros/humble /usr/bin/cmake --build /home/aurora/RM25/src/build/livox_ros_driver2 -- -j20 -l20
