-- The C compiler identification is GNU 11.4.0
-- The CXX compiler identification is GNU 11.4.0
-- Detecting C compiler ABI info
-- Detecting C compiler ABI info - done
-- Check for working C compiler: /usr/bin/cc - skipped
-- Detecting C compile features
-- Detecting C compile features - done
-- Detecting CXX compiler ABI info
-- Detecting CXX compiler ABI info - done
-- Check for working CXX compiler: /usr/bin/c++ - skipped
-- Detecting CXX compile features
-- Detecting CXX compile features - done
-- livox_ros_driver2 version: 1.2.4
-- Found ament_cmake_auto: 1.3.10 (/opt/ros/humble/share/ament_cmake_auto/cmake)
-- Found Python3: /usr/bin/python3 (found version "3.10.12") found components: Interpreter 
-- Using all available rosidl_typesupport_c: rosidl_typesupport_fastrtps_c;rosidl_typesupport_introspection_c
-- Found rosidl_adapter: 3.1.5 (/opt/ros/humble/share/rosidl_adapter/cmake)
-- Using all available rosidl_typesupport_cpp: rosidl_typesupport_fastrtps_cpp;rosidl_typesupport_introspection_cpp
-- Found rmw_implementation_cmake: 6.1.2 (/opt/ros/humble/share/rmw_implementation_cmake/cmake)
-- Found rmw_fastrtps_cpp: 6.2.7 (/opt/ros/humble/share/rmw_fastrtps_cpp/cmake)
-- Found OpenSSL: /usr/lib/x86_64-linux-gnu/libcrypto.so (found version "3.0.2")  
-- Found FastRTPS: /opt/ros/humble/include  
-- Using RMW implementation 'rmw_fastrtps_cpp' as default
-- Looking for pthread.h
-- Looking for pthread.h - found
-- Performing Test CMAKE_HAVE_LIBC_PTHREAD
-- Performing Test CMAKE_HAVE_LIBC_PTHREAD - Success
-- Found Threads: TRUE  
-- Checking for module 'flann'
--   Found flann, version 1.9.1
-- Found FLANN: /usr/lib/x86_64-linux-gnu/libflann_cpp.so  
-- FLANN found (include: /usr/include, lib: /usr/lib/x86_64-linux-gnu/libflann_cpp.so)
-- Found OpenMP_CXX: -fopenmp (found version "4.5") 
-- Found OpenMP: TRUE (found version "4.5") found components: CXX 
-- Checking for module 'libusb-1.0'
--   Found libusb-1.0, version 1.0.25
-- Found libusb: /usr/lib/x86_64-linux-gnu/libusb-1.0.so  
-- OpenNI found (version: 1.5.4.0, include: /usr/include/ni, lib: /usr/lib/libOpenNI.so;libusb::libusb)
-- OpenNI2 found (version: 2.2.0.33, include: /usr/include/openni2, lib: /usr/lib/x86_64-linux-gnu/libOpenNI2.so;libusb::libusb)
-- Could NOT find Pcap (missing: PCAP_LIBRARIES PCAP_INCLUDE_DIRS) 
-- Found ZLIB: /usr/lib/x86_64-linux-gnu/libz.so (found version "1.2.11") 
-- Found PNG: /usr/lib/x86_64-linux-gnu/libpng.so (found version "1.6.37") 
-- OpenNI found (version: 1.5.4.0, include: /usr/include/ni, lib: /usr/lib/libOpenNI.so;libusb::libusb)
-- OpenNI2 found (version: 2.2.0.33, include: /usr/include/openni2, lib: /usr/lib/x86_64-linux-gnu/libOpenNI2.so;libusb::libusb)
-- Found Qhull version 8.0.2
-- Found PCL_COMMON: /usr/local/lib/libpcl_common.so  
-- Found PCL_KDTREE: /usr/local/lib/libpcl_kdtree.so  
-- Found PCL_OCTREE: /usr/local/lib/libpcl_octree.so  
-- Found PCL_SEARCH: /usr/local/lib/libpcl_search.so  
-- Found PCL_SAMPLE_CONSENSUS: /usr/local/lib/libpcl_sample_consensus.so  
-- Found PCL_FILTERS: /usr/local/lib/libpcl_filters.so  
-- Found PCL_2D: /usr/local/include/pcl-1.14  
-- Found PCL_GEOMETRY: /usr/local/include/pcl-1.14  
-- Found PCL_IO: /usr/local/lib/libpcl_io.so  
-- Found PCL_FEATURES: /usr/local/lib/libpcl_features.so  
-- Found PCL_ML: /usr/local/lib/libpcl_ml.so  
-- Found PCL_SEGMENTATION: /usr/local/lib/libpcl_segmentation.so  
-- Found PCL_VISUALIZATION: /usr/local/lib/libpcl_visualization.so  
-- Found PCL_SURFACE: /usr/local/lib/libpcl_surface.so  
-- Found PCL_REGISTRATION: /usr/local/lib/libpcl_registration.so  
-- Found PCL_KEYPOINTS: /usr/local/lib/libpcl_keypoints.so  
-- Found PCL_TRACKING: /usr/local/lib/libpcl_tracking.so  
-- Found PCL_RECOGNITION: /usr/local/lib/libpcl_recognition.so  
-- Found PCL_STEREO: /usr/local/lib/libpcl_stereo.so  
-- Found PCL_OUTOFCORE: /usr/local/lib/libpcl_outofcore.so  
-- Found PCL_PEOPLE: /usr/local/lib/libpcl_people.so  
-- Found PkgConfig: /usr/bin/pkg-config (found version "0.29.2") 
-- Checking for module 'apr-1'
--   Found apr-1, version 1.7.0
[0m/usr/include/apr-1.0[0m
[0mapr-1[0m
-- Found ament_cmake_ros: 0.10.0 (/opt/ros/humble/share/ament_cmake_ros/cmake)
-- Using all available rosidl_typesupport_c: rosidl_typesupport_fastrtps_c;rosidl_typesupport_introspection_c
-- Using all available rosidl_typesupport_cpp: rosidl_typesupport_fastrtps_cpp;rosidl_typesupport_introspection_cpp
-- Found PythonInterp: /usr/bin/python3 (found suitable version "3.10.12", minimum required is "3.6") 
-- Found python_cmake_module: 0.10.0 (/opt/ros/humble/share/python_cmake_module/cmake)
-- Found PythonLibs: /usr/lib/x86_64-linux-gnu/libpython3.10.so (found suitable version "3.10.12", minimum required is "3.5") 
-- Using PYTHON_EXECUTABLE: /usr/bin/python3
-- Using PYTHON_INCLUDE_DIRS: /usr/include/python3.10
-- Using PYTHON_LIBRARIES: /usr/lib/x86_64-linux-gnu/libpython3.10.so
-- Found PythonExtra: .so  
-- Found ament_lint_auto: 0.12.11 (/opt/ros/humble/share/ament_lint_auto/cmake)
-- Added test 'copyright' to check source files copyright and LICENSE
-- Added test 'cppcheck' to perform static code analysis on C / C++ code
-- Configured cppcheck include dirs: /home/aurora/RM25/src/rm_driver/livox_ros_driver2/3rdparty;/home/aurora/RM25/src/rm_driver/livox_ros_driver2/src
-- Configured cppcheck exclude dirs and/or files: 
-- Added test 'cpplint' to check C / C++ code against the Google style
-- Configured cpplint exclude dirs and/or files: 
-- Added test 'flake8' to check Python code syntax and style conventions
-- Added test 'lint_cmake' to check CMake code style
-- Added test 'pep257' to check Python code against some of the docstring style conventions in PEP 257
-- Added test 'uncrustify' to check C / C++ code style
-- Configured uncrustify additional arguments: 
-- Added test 'xmllint' to check XML markup files
-- Configuring done
-- Generating done
-- Build files have been written to: /home/aurora/RM25/build/livox_ros_driver2
[  1%] [34m[1mGenerating C code for ROS interfaces[0m
[  3%] [32mBuilding CXX object CMakeFiles/livox_ros_driver2_node.dir/rclcpp_components/node_main_livox_ros_driver2_node.cpp.o[0m
[  5%] [32mBuilding CXX object CMakeFiles/livox_drive_lib.dir/src/livox_ros_driver2.cpp.o[0m
[  7%] [32mBuilding CXX object CMakeFiles/livox_drive_lib.dir/src/lddc.cpp.o[0m
[  8%] [32mBuilding CXX object CMakeFiles/livox_drive_lib.dir/src/driver_node.cpp.o[0m
[ 10%] [34m[1mGenerating C++ code for ROS interfaces[0m
[ 12%] [32mBuilding CXX object CMakeFiles/livox_drive_lib.dir/src/lds.cpp.o[0m
[ 14%] [32mBuilding CXX object CMakeFiles/livox_drive_lib.dir/src/lds_lidar.cpp.o[0m
[ 15%] [32mBuilding CXX object CMakeFiles/livox_drive_lib.dir/src/comm/comm.cpp.o[0m
[ 19%] [32mBuilding CXX object CMakeFiles/livox_drive_lib.dir/src/comm/lidar_imu_data_queue.cpp.o[0m
[ 19%] [32mBuilding CXX object CMakeFiles/livox_drive_lib.dir/src/comm/cache_index.cpp.o[0m
[ 22%] [32mBuilding CXX object CMakeFiles/livox_drive_lib.dir/src/comm/ldq.cpp.o[0m
[ 22%] [32mBuilding CXX object CMakeFiles/livox_drive_lib.dir/src/comm/pub_handler.cpp.o[0m
[ 24%] [32mBuilding CXX object CMakeFiles/livox_drive_lib.dir/src/comm/semaphore.cpp.o[0m
[ 26%] [32mBuilding CXX object CMakeFiles/livox_drive_lib.dir/src/parse_cfg_file/parse_cfg_file.cpp.o[0m
[ 28%] [32mBuilding CXX object CMakeFiles/livox_drive_lib.dir/src/parse_cfg_file/parse_livox_lidar_cfg.cpp.o[0m
[ 29%] [32mBuilding CXX object CMakeFiles/livox_drive_lib.dir/src/call_back/lidar_common_callback.cpp.o[0m
[ 31%] [32mBuilding CXX object CMakeFiles/livox_drive_lib.dir/src/call_back/livox_lidar_callback.cpp.o[0m
[ 31%] Built target ament_cmake_python_copy_livox_ros_driver2
running egg_info
creating livox_ros_driver2.egg-info
writing livox_ros_driver2.egg-info/PKG-INFO
writing dependency_links to livox_ros_driver2.egg-info/dependency_links.txt
writing top-level names to livox_ros_driver2.egg-info/top_level.txt
writing manifest file 'livox_ros_driver2.egg-info/SOURCES.txt'
reading manifest file 'livox_ros_driver2.egg-info/SOURCES.txt'
writing manifest file 'livox_ros_driver2.egg-info/SOURCES.txt'
[ 31%] Built target ament_cmake_python_build_livox_ros_driver2_egg
[ 31%] Built target livox_ros_driver2__cpp
[ 33%] [34m[1mGenerating C++ type support dispatch for ROS interfaces[0m
[ 35%] [34m[1mGenerating C++ type support for eProsima Fast-RTPS[0m
[ 36%] [34m[1mGenerating C++ introspection for ROS interfaces[0m
[ 40%] [32mBuilding C object CMakeFiles/livox_ros_driver2__rosidl_generator_c.dir/rosidl_generator_c/livox_ros_driver2/msg/detail/custom_point__functions.c.o[0m
[ 40%] [32mBuilding C object CMakeFiles/livox_ros_driver2__rosidl_generator_c.dir/rosidl_generator_c/livox_ros_driver2/msg/detail/custom_msg__functions.c.o[0m
[ 42%] [32m[1mLinking C shared library liblivox_ros_driver2__rosidl_generator_c.so[0m
[ 42%] Built target livox_ros_driver2__rosidl_generator_c
[ 47%] [34m[1mGenerating C introspection for ROS interfaces[0m
[ 47%] [34m[1mGenerating C type support dispatch for ROS interfaces[0m
[ 47%] [34m[1mGenerating C type support for eProsima Fast-RTPS[0m
[ 50%] [32mBuilding CXX object CMakeFiles/livox_ros_driver2__rosidl_typesupport_cpp.dir/rosidl_typesupport_cpp/livox_ros_driver2/msg/custom_msg__type_support.cpp.o[0m
[ 50%] [32mBuilding CXX object CMakeFiles/livox_ros_driver2__rosidl_typesupport_cpp.dir/rosidl_typesupport_cpp/livox_ros_driver2/msg/custom_point__type_support.cpp.o[0m
[ 52%] [32mBuilding CXX object CMakeFiles/livox_ros_driver2__rosidl_typesupport_fastrtps_cpp.dir/rosidl_typesupport_fastrtps_cpp/livox_ros_driver2/msg/detail/dds_fastrtps/custom_msg__type_support.cpp.o[0m
[ 54%] [32mBuilding CXX object CMakeFiles/livox_ros_driver2__rosidl_typesupport_fastrtps_cpp.dir/rosidl_typesupport_fastrtps_cpp/livox_ros_driver2/msg/detail/dds_fastrtps/custom_point__type_support.cpp.o[0m
[ 56%] [32mBuilding CXX object CMakeFiles/livox_ros_driver2__rosidl_typesupport_introspection_cpp.dir/rosidl_typesupport_introspection_cpp/livox_ros_driver2/msg/detail/custom_point__type_support.cpp.o[0m
[ 57%] [32mBuilding CXX object CMakeFiles/livox_ros_driver2__rosidl_typesupport_introspection_cpp.dir/rosidl_typesupport_introspection_cpp/livox_ros_driver2/msg/detail/custom_msg__type_support.cpp.o[0m
[ 59%] [32m[1mLinking CXX shared library liblivox_ros_driver2__rosidl_typesupport_cpp.so[0m
[ 63%] [32mBuilding CXX object CMakeFiles/livox_ros_driver2__rosidl_typesupport_c.dir/rosidl_typesupport_c/livox_ros_driver2/msg/custom_point__type_support.cpp.o[0m
[ 63%] [32mBuilding CXX object CMakeFiles/livox_ros_driver2__rosidl_typesupport_c.dir/rosidl_typesupport_c/livox_ros_driver2/msg/custom_msg__type_support.cpp.o[0m
[ 64%] [32m[1mLinking CXX shared library liblivox_ros_driver2__rosidl_typesupport_c.so[0m
[ 66%] [32mBuilding C object CMakeFiles/livox_ros_driver2__rosidl_typesupport_introspection_c.dir/rosidl_typesupport_introspection_c/livox_ros_driver2/msg/detail/custom_msg__type_support.c.o[0m
[ 68%] [32mBuilding C object CMakeFiles/livox_ros_driver2__rosidl_typesupport_introspection_c.dir/rosidl_typesupport_introspection_c/livox_ros_driver2/msg/detail/custom_point__type_support.c.o[0m
[ 70%] [32mBuilding CXX object CMakeFiles/livox_ros_driver2__rosidl_typesupport_fastrtps_c.dir/rosidl_typesupport_fastrtps_c/livox_ros_driver2/msg/detail/custom_msg__type_support_c.cpp.o[0m
[ 71%] [32mBuilding CXX object CMakeFiles/livox_ros_driver2__rosidl_typesupport_fastrtps_c.dir/rosidl_typesupport_fastrtps_c/livox_ros_driver2/msg/detail/custom_point__type_support_c.cpp.o[0m
[ 73%] [32m[1mLinking C shared library liblivox_ros_driver2__rosidl_typesupport_introspection_c.so[0m
[ 75%] [32m[1mLinking CXX shared library liblivox_ros_driver2__rosidl_typesupport_fastrtps_cpp.so[0m
[ 75%] Built target livox_ros_driver2__rosidl_typesupport_cpp
[ 77%] [32m[1mLinking CXX shared library liblivox_ros_driver2__rosidl_typesupport_introspection_cpp.so[0m
[ 77%] Built target livox_ros_driver2__rosidl_typesupport_c
[ 77%] Built target livox_ros_driver2__rosidl_typesupport_introspection_c
[ 78%] [32m[1mLinking CXX shared library liblivox_ros_driver2__rosidl_typesupport_fastrtps_c.so[0m
In file included from [01m[K/home/aurora/RM25/src/rm_driver/livox_ros_driver2/src/include/ros_headers.h:31[m[K,
                 from [01m[K/home/aurora/RM25/src/rm_driver/livox_ros_driver2/src/driver_node.h:28[m[K,
                 from [01m[K/home/aurora/RM25/src/rm_driver/livox_ros_driver2/src/lddc.h:30[m[K,
                 from [01m[K/home/aurora/RM25/src/rm_driver/livox_ros_driver2/src/lddc.cpp:25[m[K:
[01m[K/home/aurora/RM25/src/rm_driver/livox_ros_driver2/src/include/ros2_headers.h:37:10:[m[K [01;31m[Kfatal error: [m[Klivox_ros_driver2/msg/custom_point.hpp: No such file or directory
   37 | #include [01;31m[K"livox_ros_driver2/msg/custom_point.hpp"[m[K
      |          [01;31m[K^~~~~~~~~~~~~~~~~~~~~~~~~~~~~~~~~~~~~~~~[m[K
compilation terminated.
gmake[2]: *** [CMakeFiles/livox_drive_lib.dir/build.make:90: CMakeFiles/livox_drive_lib.dir/src/lddc.cpp.o] Error 1
gmake[2]: *** Waiting for unfinished jobs....
In file included from [01m[K/home/aurora/RM25/src/rm_driver/livox_ros_driver2/src/include/ros_headers.h:31[m[K,
                 from [01m[K/home/aurora/RM25/src/rm_driver/livox_ros_driver2/src/driver_node.h:28[m[K,
                 from [01m[K/home/aurora/RM25/src/rm_driver/livox_ros_driver2/src/driver_node.cpp:25[m[K:
[01m[K/home/aurora/RM25/src/rm_driver/livox_ros_driver2/src/include/ros2_headers.h:37:10:[m[K [01;31m[Kfatal error: [m[Klivox_ros_driver2/msg/custom_point.hpp: No such file or directory
   37 | #include [01;31m[K"livox_ros_driver2/msg/custom_point.hpp"[m[K
      |          [01;31m[K^~~~~~~~~~~~~~~~~~~~~~~~~~~~~~~~~~~~~~~~[m[K
compilation terminated.
In file included from [01m[K/home/aurora/RM25/src/rm_driver/livox_ros_driver2/src/include/ros_headers.h:31[m[K,
                 from [01m[K/home/aurora/RM25/src/rm_driver/livox_ros_driver2/src/livox_ros_driver2.cpp:32[m[K:
[01m[K/home/aurora/RM25/src/rm_driver/livox_ros_driver2/src/include/ros2_headers.h:37:10:[m[K [01;31m[Kfatal error: [m[Klivox_ros_driver2/msg/custom_point.hpp: No such file or directory
   37 | #include [01;31m[K"livox_ros_driver2/msg/custom_point.hpp"[m[K
      |          [01;31m[K^~~~~~~~~~~~~~~~~~~~~~~~~~~~~~~~~~~~~~~~[m[K
compilation terminated.
gmake[2]: *** [CMakeFiles/livox_drive_lib.dir/build.make:104: CMakeFiles/livox_drive_lib.dir/src/driver_node.cpp.o] Error 1
gmake[2]: *** [CMakeFiles/livox_drive_lib.dir/build.make:76: CMakeFiles/livox_drive_lib.dir/src/livox_ros_driver2.cpp.o] Error 1
gmake[1]: *** [CMakeFiles/Makefile2:594: CMakeFiles/livox_drive_lib.dir/all] Error 2
gmake[1]: *** Waiting for unfinished jobs....
[ 78%] Built target livox_ros_driver2__rosidl_typesupport_fastrtps_cpp
[ 78%] Built target livox_ros_driver2__rosidl_typesupport_introspection_cpp
[ 78%] Built target livox_ros_driver2__rosidl_typesupport_fastrtps_c
[ 80%] [32m[1mLinking CXX executable livox_ros_driver2_node[0m
[ 80%] Built target livox_ros_driver2_node
gmake: *** [Makefile:146: all] Error 2
