[0.012s] Invoking command in '/home/aurora/RM25/build/livox_ros_driver2': CMAKE_PREFIX_PATH=${CMAKE_PREFIX_PATH}:/home/aurora/ws_helloworld/install/pkg02_helloworld_py:/opt/ros/humble /usr/bin/cmake /home/aurora/RM25/src/rm_driver/livox_ros_driver2 -DCMAKE_INSTALL_PREFIX=/home/aurora/RM25/install/livox_ros_driver2
[0.042s] -- livox_ros_driver2 version: 1.2.4
[0.043s] -- Found ament_cmake_auto: 1.3.10 (/opt/ros/humble/share/ament_cmake_auto/cmake)
[0.119s] -- Override CMake install command with custom implementation using symlinks instead of copying resources
[0.168s] -- Using all available rosidl_typesupport_c: rosidl_typesupport_fastrtps_c;rosidl_typesupport_introspection_c
[0.172s] -- Found rosidl_adapter: 3.1.5 (/opt/ros/humble/share/rosidl_adapter/cmake)
[0.349s] -- Using all available rosidl_typesupport_cpp: rosidl_typesupport_fastrtps_cpp;rosidl_typesupport_introspection_cpp
[0.406s] -- Found rmw_implementation_cmake: 6.1.2 (/opt/ros/humble/share/rmw_implementation_cmake/cmake)
[0.408s] -- Found rmw_fastrtps_cpp: 6.2.7 (/opt/ros/humble/share/rmw_fastrtps_cpp/cmake)
[6.163s] -- Using RMW implementation 'rmw_fastrtps_cpp' as default
[8.134s] -- FLANN found (include: /usr/include, lib: /usr/lib/x86_64-linux-gnu/libflann_cpp.so)
[8.152s] -- OpenNI found (version: 1.5.4.0, include: /usr/include/ni, lib: /usr/lib/libOpenNI.so;libusb::libusb)
[8.156s] -- OpenNI2 found (version: 2.2.0.33, include: /usr/include/openni2, lib: /usr/lib/x86_64-linux-gnu/libOpenNI2.so;libusb::libusb)
[8.288s] -- Could NOT find Pcap (missing: PCAP_LIBRARIES PCAP_INCLUDE_DIRS) 
[13.546s] -- OpenNI found (version: 1.5.4.0, include: /usr/include/ni, lib: /usr/lib/libOpenNI.so;libusb::libusb)
[13.549s] -- OpenNI2 found (version: 2.2.0.33, include: /usr/include/openni2, lib: /usr/lib/x86_64-linux-gnu/libOpenNI2.so;libusb::libusb)
[17.400s] -- Found Qhull version 8.0.2
[25.899s] -- Checking for module 'apr-1'
[25.900s] --   No package 'apr-1' found
[26.026s] -- Found ament_cmake_ros: 0.10.0 (/opt/ros/humble/share/ament_cmake_ros/cmake)
[26.147s] -- Using all available rosidl_typesupport_c: rosidl_typesupport_fastrtps_c;rosidl_typesupport_introspection_c
[26.300s] -- Using all available rosidl_typesupport_cpp: rosidl_typesupport_fastrtps_cpp;rosidl_typesupport_introspection_cpp
[26.315s] -- Found python_cmake_module: 0.10.0 (/opt/ros/humble/share/python_cmake_module/cmake)
[26.331s] -- Using PYTHON_EXECUTABLE: /usr/bin/python3
[26.331s] -- Using PYTHON_INCLUDE_DIRS: /usr/include/python3.10
[26.331s] -- Using PYTHON_LIBRARIES: /usr/lib/x86_64-linux-gnu/libpython3.10.so
[26.357s] -- Found ament_lint_auto: 0.12.11 (/opt/ros/humble/share/ament_lint_auto/cmake)
[26.372s] -- Added test 'copyright' to check source files copyright and LICENSE
[26.376s] -- Added test 'cppcheck' to perform static code analysis on C / C++ code
[26.377s] -- Configured cppcheck include dirs: /home/aurora/RM25/src/rm_driver/livox_ros_driver2/3rdparty;/home/aurora/RM25/src/rm_driver/livox_ros_driver2/src
[26.377s] -- Configured cppcheck exclude dirs and/or files: 
[26.379s] -- Added test 'cpplint' to check C / C++ code against the Google style
[26.379s] -- Configured cpplint exclude dirs and/or files: 
[26.379s] -- Added test 'flake8' to check Python code syntax and style conventions
[26.380s] -- Added test 'lint_cmake' to check CMake code style
[26.381s] -- Added test 'pep257' to check Python code against some of the docstring style conventions in PEP 257
[26.383s] -- Added test 'uncrustify' to check C / C++ code style
[26.383s] -- Configured uncrustify additional arguments: 
[26.383s] -- Added test 'xmllint' to check XML markup files
[26.386s] -- Configuring done
[26.389s] [0mCMake Error: The following variables are used in this project, but they are set to NOTFOUND.
[26.389s] Please set them or make sure they are set and tested correctly in the CMake files:
[26.389s] /home/aurora/RM25/src/rm_driver/livox_ros_driver2/LIVOX_INTERFACES_INCLUDE_DIRECTORIES
[26.389s]    used as include directory in directory /home/aurora/RM25/src/rm_driver/livox_ros_driver2
[26.389s] [0m
[26.467s] -- Generating done
[26.469s] [0mCMake Generate step failed.  Build files cannot be regenerated correctly.[0m
[26.480s] Invoked command in '/home/aurora/RM25/build/livox_ros_driver2' returned '1': CMAKE_PREFIX_PATH=${CMAKE_PREFIX_PATH}:/home/aurora/ws_helloworld/install/pkg02_helloworld_py:/opt/ros/humble /usr/bin/cmake /home/aurora/RM25/src/rm_driver/livox_ros_driver2 -DCMAKE_INSTALL_PREFIX=/home/aurora/RM25/install/livox_ros_driver2
