[0.077s] Invoking command in '/home/aurora/RM25/build/nav2_voxel_grid': CMAKE_PREFIX_PATH=/home/aurora/RM25/install/nav2_common:/home/aurora/RM25/install/nav2_constrained_smoother:/home/aurora/RM25/install/rm_robot_description:/home/aurora/RM25/install/opennav_docking_core:/home/aurora/RM25/install/nav_2d_utils:/home/aurora/RM25/install/dwb_msgs:/home/aurora/RM25/install/nav_2d_msgs:/home/aurora/RM25/install/nav2_core:/home/aurora/RM25/install/costmap_queue:/home/aurora/RM25/install/nav2_costmap_2d:/home/aurora/RM25/install/nav2_voxel_grid:/home/aurora/RM25/install/nav2_velocity_smoother:/home/aurora/RM25/install/nav2_rviz_plugins:/home/aurora/RM25/install/nav2_map_server:/home/aurora/RM25/install/nav2_lifecycle_manager:/home/aurora/RM25/install/nav2_behavior_tree:/home/aurora/RM25/install/nav2_amcl:/home/aurora/RM25/install/nav2_util:/home/aurora/RM25/install/nav2_msgs:/home/aurora/ws_helloworld/install/pkg01_helloworld_cpp:/home/aurora/ws_helloworld/install/learning_tf2_cpp:/home/aurora/RM25/install/nav2_simple_commander:/home/aurora/RM25/install/nav2_loopback_sim:/home/aurora/ws_helloworld/install/pkg02_helloworld_py:/opt/ros/humble /usr/bin/cmake /home/aurora/RM25/src/rm_navigation2/nav2_voxel_grid -DCMAKE_INSTALL_PREFIX=/home/aurora/RM25/install/nav2_voxel_grid
[0.086s] -- Found ament_cmake: 1.3.10 (/opt/ros/humble/share/ament_cmake/cmake)
[0.165s] -- Override CMake install command with custom implementation using symlinks instead of copying resources
[0.169s] -- Found nav2_common: 1.1.16 (/opt/ros/humble/share/nav2_common/cmake)
[0.169s] -- Found rclcpp: 16.0.10 (/opt/ros/humble/share/rclcpp/cmake)
[0.447s] -- Found rosidl_generator_c: 3.1.5 (/opt/ros/humble/share/rosidl_generator_c/cmake)
[0.448s] -- Found rosidl_adapter: 3.1.5 (/opt/ros/humble/share/rosidl_adapter/cmake)
[0.451s] -- Found rosidl_generator_cpp: 3.1.5 (/opt/ros/humble/share/rosidl_generator_cpp/cmake)
[0.457s] -- Using all available rosidl_typesupport_c: rosidl_typesupport_fastrtps_c;rosidl_typesupport_introspection_c
[0.465s] -- Using all available rosidl_typesupport_cpp: rosidl_typesupport_fastrtps_cpp;rosidl_typesupport_introspection_cpp
[0.486s] -- Found rmw_implementation_cmake: 6.1.2 (/opt/ros/humble/share/rmw_implementation_cmake/cmake)
[0.487s] -- Found rmw_fastrtps_cpp: 6.2.7 (/opt/ros/humble/share/rmw_fastrtps_cpp/cmake)
[9.394s] -- Using RMW implementation 'rmw_fastrtps_cpp' as default
[9.422s] -- Found ament_lint_auto: 0.12.11 (/opt/ros/humble/share/ament_lint_auto/cmake)
[9.466s] -- Found gtest sources under '/opt/ros/humble/src/gtest_vendor': C++ tests using 'Google Test' will be built
[9.473s] -- Added test 'cppcheck' to perform static code analysis on C / C++ code
[9.473s] -- Configured cppcheck include dirs: /home/aurora/RM25/src/rm_navigation2/nav2_voxel_grid/include
[9.473s] -- Configured cppcheck exclude dirs and/or files: 
[9.474s] -- Added test 'cpplint' to check C / C++ code against the Google style
[9.474s] -- Configured cpplint exclude dirs and/or files: 
[9.474s] -- Added test 'lint_cmake' to check CMake code style
[9.474s] -- Added test 'uncrustify' to check C / C++ code style
[9.474s] -- Configured uncrustify additional arguments: 
[9.475s] -- Added test 'xmllint' to check XML markup files
[9.476s] -- Configuring done
[9.492s] -- Generating done
[9.493s] -- Build files have been written to: /home/aurora/RM25/build/nav2_voxel_grid
[9.499s] Invoked command in '/home/aurora/RM25/build/nav2_voxel_grid' returned '0': CMAKE_PREFIX_PATH=/home/aurora/RM25/install/nav2_common:/home/aurora/RM25/install/nav2_constrained_smoother:/home/aurora/RM25/install/rm_robot_description:/home/aurora/RM25/install/opennav_docking_core:/home/aurora/RM25/install/nav_2d_utils:/home/aurora/RM25/install/dwb_msgs:/home/aurora/RM25/install/nav_2d_msgs:/home/aurora/RM25/install/nav2_core:/home/aurora/RM25/install/costmap_queue:/home/aurora/RM25/install/nav2_costmap_2d:/home/aurora/RM25/install/nav2_voxel_grid:/home/aurora/RM25/install/nav2_velocity_smoother:/home/aurora/RM25/install/nav2_rviz_plugins:/home/aurora/RM25/install/nav2_map_server:/home/aurora/RM25/install/nav2_lifecycle_manager:/home/aurora/RM25/install/nav2_behavior_tree:/home/aurora/RM25/install/nav2_amcl:/home/aurora/RM25/install/nav2_util:/home/aurora/RM25/install/nav2_msgs:/home/aurora/ws_helloworld/install/pkg01_helloworld_cpp:/home/aurora/ws_helloworld/install/learning_tf2_cpp:/home/aurora/RM25/install/nav2_simple_commander:/home/aurora/RM25/install/nav2_loopback_sim:/home/aurora/ws_helloworld/install/pkg02_helloworld_py:/opt/ros/humble /usr/bin/cmake /home/aurora/RM25/src/rm_navigation2/nav2_voxel_grid -DCMAKE_INSTALL_PREFIX=/home/aurora/RM25/install/nav2_voxel_grid
[9.500s] Invoking command in '/home/aurora/RM25/build/nav2_voxel_grid': CMAKE_PREFIX_PATH=/home/aurora/RM25/install/nav2_common:/home/aurora/RM25/install/nav2_constrained_smoother:/home/aurora/RM25/install/rm_robot_description:/home/aurora/RM25/install/opennav_docking_core:/home/aurora/RM25/install/nav_2d_utils:/home/aurora/RM25/install/dwb_msgs:/home/aurora/RM25/install/nav_2d_msgs:/home/aurora/RM25/install/nav2_core:/home/aurora/RM25/install/costmap_queue:/home/aurora/RM25/install/nav2_costmap_2d:/home/aurora/RM25/install/nav2_voxel_grid:/home/aurora/RM25/install/nav2_velocity_smoother:/home/aurora/RM25/install/nav2_rviz_plugins:/home/aurora/RM25/install/nav2_map_server:/home/aurora/RM25/install/nav2_lifecycle_manager:/home/aurora/RM25/install/nav2_behavior_tree:/home/aurora/RM25/install/nav2_amcl:/home/aurora/RM25/install/nav2_util:/home/aurora/RM25/install/nav2_msgs:/home/aurora/ws_helloworld/install/pkg01_helloworld_cpp:/home/aurora/ws_helloworld/install/learning_tf2_cpp:/home/aurora/RM25/install/nav2_simple_commander:/home/aurora/RM25/install/nav2_loopback_sim:/home/aurora/ws_helloworld/install/pkg02_helloworld_py:/opt/ros/humble /usr/bin/cmake --build /home/aurora/RM25/build/nav2_voxel_grid -- -j20 -l20
[9.523s] [35m[1mConsolidate compiler generated dependencies of target gtest_main[0m
[9.524s] [35m[1mConsolidate compiler generated dependencies of target gtest[0m
[9.524s] [35m[1mConsolidate compiler generated dependencies of target voxel_grid[0m
[9.531s] [ 20%] Built target gtest_main
[9.531s] [ 40%] Built target gtest
[9.533s] [ 60%] Built target voxel_grid
[9.540s] [35m[1mConsolidate compiler generated dependencies of target voxel_grid_tests[0m
[9.540s] [35m[1mConsolidate compiler generated dependencies of target voxel_grid_bresenham_3d[0m
[9.551s] [ 80%] Built target voxel_grid_bresenham_3d
[9.551s] [100%] Built target voxel_grid_tests
[9.561s] Invoked command in '/home/aurora/RM25/build/nav2_voxel_grid' returned '0': CMAKE_PREFIX_PATH=/home/aurora/RM25/install/nav2_common:/home/aurora/RM25/install/nav2_constrained_smoother:/home/aurora/RM25/install/rm_robot_description:/home/aurora/RM25/install/opennav_docking_core:/home/aurora/RM25/install/nav_2d_utils:/home/aurora/RM25/install/dwb_msgs:/home/aurora/RM25/install/nav_2d_msgs:/home/aurora/RM25/install/nav2_core:/home/aurora/RM25/install/costmap_queue:/home/aurora/RM25/install/nav2_costmap_2d:/home/aurora/RM25/install/nav2_voxel_grid:/home/aurora/RM25/install/nav2_velocity_smoother:/home/aurora/RM25/install/nav2_rviz_plugins:/home/aurora/RM25/install/nav2_map_server:/home/aurora/RM25/install/nav2_lifecycle_manager:/home/aurora/RM25/install/nav2_behavior_tree:/home/aurora/RM25/install/nav2_amcl:/home/aurora/RM25/install/nav2_util:/home/aurora/RM25/install/nav2_msgs:/home/aurora/ws_helloworld/install/pkg01_helloworld_cpp:/home/aurora/ws_helloworld/install/learning_tf2_cpp:/home/aurora/RM25/install/nav2_simple_commander:/home/aurora/RM25/install/nav2_loopback_sim:/home/aurora/ws_helloworld/install/pkg02_helloworld_py:/opt/ros/humble /usr/bin/cmake --build /home/aurora/RM25/build/nav2_voxel_grid -- -j20 -l20
[9.584s] Invoking command in '/home/aurora/RM25/build/nav2_voxel_grid': CMAKE_PREFIX_PATH=/home/aurora/RM25/install/nav2_common:/home/aurora/RM25/install/nav2_constrained_smoother:/home/aurora/RM25/install/rm_robot_description:/home/aurora/RM25/install/opennav_docking_core:/home/aurora/RM25/install/nav_2d_utils:/home/aurora/RM25/install/dwb_msgs:/home/aurora/RM25/install/nav_2d_msgs:/home/aurora/RM25/install/nav2_core:/home/aurora/RM25/install/costmap_queue:/home/aurora/RM25/install/nav2_costmap_2d:/home/aurora/RM25/install/nav2_voxel_grid:/home/aurora/RM25/install/nav2_velocity_smoother:/home/aurora/RM25/install/nav2_rviz_plugins:/home/aurora/RM25/install/nav2_map_server:/home/aurora/RM25/install/nav2_lifecycle_manager:/home/aurora/RM25/install/nav2_behavior_tree:/home/aurora/RM25/install/nav2_amcl:/home/aurora/RM25/install/nav2_util:/home/aurora/RM25/install/nav2_msgs:/home/aurora/ws_helloworld/install/pkg01_helloworld_cpp:/home/aurora/ws_helloworld/install/learning_tf2_cpp:/home/aurora/RM25/install/nav2_simple_commander:/home/aurora/RM25/install/nav2_loopback_sim:/home/aurora/ws_helloworld/install/pkg02_helloworld_py:/opt/ros/humble /usr/bin/cmake --install /home/aurora/RM25/build/nav2_voxel_grid
[9.589s] -- Install configuration: "Release"
[9.589s] -- Execute custom install script
[9.589s] -- Up-to-date symlink: /home/aurora/RM25/install/nav2_voxel_grid/lib/libvoxel_grid.so
[9.590s] -- Up-to-date symlink: /home/aurora/RM25/install/nav2_voxel_grid/include/nav2_voxel_grid/voxel_grid.hpp
[9.590s] -- Up-to-date symlink: /home/aurora/RM25/install/nav2_voxel_grid/share/nav2_voxel_grid/environment/library_path.sh
[9.590s] -- Up-to-date symlink: /home/aurora/RM25/install/nav2_voxel_grid/share/nav2_voxel_grid/environment/library_path.dsv
[9.590s] -- Up-to-date symlink: /home/aurora/RM25/install/nav2_voxel_grid/share/ament_index/resource_index/package_run_dependencies/nav2_voxel_grid
[9.591s] -- Up-to-date symlink: /home/aurora/RM25/install/nav2_voxel_grid/share/ament_index/resource_index/parent_prefix_path/nav2_voxel_grid
[9.591s] -- Up-to-date symlink: /home/aurora/RM25/install/nav2_voxel_grid/share/nav2_voxel_grid/environment/ament_prefix_path.sh
[9.591s] -- Up-to-date symlink: /home/aurora/RM25/install/nav2_voxel_grid/share/nav2_voxel_grid/environment/ament_prefix_path.dsv
[9.591s] -- Up-to-date symlink: /home/aurora/RM25/install/nav2_voxel_grid/share/nav2_voxel_grid/environment/path.sh
[9.591s] -- Up-to-date symlink: /home/aurora/RM25/install/nav2_voxel_grid/share/nav2_voxel_grid/environment/path.dsv
[9.592s] -- Up-to-date symlink: /home/aurora/RM25/install/nav2_voxel_grid/share/nav2_voxel_grid/local_setup.bash
[9.592s] -- Up-to-date symlink: /home/aurora/RM25/install/nav2_voxel_grid/share/nav2_voxel_grid/local_setup.sh
[9.592s] -- Up-to-date symlink: /home/aurora/RM25/install/nav2_voxel_grid/share/nav2_voxel_grid/local_setup.zsh
[9.593s] -- Up-to-date symlink: /home/aurora/RM25/install/nav2_voxel_grid/share/nav2_voxel_grid/local_setup.dsv
[9.593s] -- Symlinking: /home/aurora/RM25/install/nav2_voxel_grid/share/nav2_voxel_grid/package.dsv
[9.598s] -- Up-to-date symlink: /home/aurora/RM25/install/nav2_voxel_grid/share/ament_index/resource_index/packages/nav2_voxel_grid
[9.598s] -- Up-to-date symlink: /home/aurora/RM25/install/nav2_voxel_grid/share/nav2_voxel_grid/cmake/ament_cmake_export_dependencies-extras.cmake
[9.598s] -- Up-to-date symlink: /home/aurora/RM25/install/nav2_voxel_grid/share/nav2_voxel_grid/cmake/ament_cmake_export_include_directories-extras.cmake
[9.598s] -- Up-to-date symlink: /home/aurora/RM25/install/nav2_voxel_grid/share/nav2_voxel_grid/cmake/ament_cmake_export_libraries-extras.cmake
[9.598s] -- Up-to-date symlink: /home/aurora/RM25/install/nav2_voxel_grid/share/nav2_voxel_grid/cmake/nav2_voxel_gridConfig.cmake
[9.599s] -- Up-to-date symlink: /home/aurora/RM25/install/nav2_voxel_grid/share/nav2_voxel_grid/cmake/nav2_voxel_gridConfig-version.cmake
[9.599s] -- Up-to-date symlink: /home/aurora/RM25/install/nav2_voxel_grid/share/nav2_voxel_grid/package.xml
[9.600s] Invoked command in '/home/aurora/RM25/build/nav2_voxel_grid' returned '0': CMAKE_PREFIX_PATH=/home/aurora/RM25/install/nav2_common:/home/aurora/RM25/install/nav2_constrained_smoother:/home/aurora/RM25/install/rm_robot_description:/home/aurora/RM25/install/opennav_docking_core:/home/aurora/RM25/install/nav_2d_utils:/home/aurora/RM25/install/dwb_msgs:/home/aurora/RM25/install/nav_2d_msgs:/home/aurora/RM25/install/nav2_core:/home/aurora/RM25/install/costmap_queue:/home/aurora/RM25/install/nav2_costmap_2d:/home/aurora/RM25/install/nav2_voxel_grid:/home/aurora/RM25/install/nav2_velocity_smoother:/home/aurora/RM25/install/nav2_rviz_plugins:/home/aurora/RM25/install/nav2_map_server:/home/aurora/RM25/install/nav2_lifecycle_manager:/home/aurora/RM25/install/nav2_behavior_tree:/home/aurora/RM25/install/nav2_amcl:/home/aurora/RM25/install/nav2_util:/home/aurora/RM25/install/nav2_msgs:/home/aurora/ws_helloworld/install/pkg01_helloworld_cpp:/home/aurora/ws_helloworld/install/learning_tf2_cpp:/home/aurora/RM25/install/nav2_simple_commander:/home/aurora/RM25/install/nav2_loopback_sim:/home/aurora/ws_helloworld/install/pkg02_helloworld_py:/opt/ros/humble /usr/bin/cmake --install /home/aurora/RM25/build/nav2_voxel_grid
