[1.429s] Invoking command in '/home/aurora/RM25/build/dwb_core': CMAKE_PREFIX_PATH=/home/aurora/RM25/install/nav2_core:/home/aurora/RM25/install/nav2_costmap_2d:/home/aurora/RM25/install/nav_2d_utils:/home/aurora/RM25/install/nav2_map_server:/home/aurora/RM25/install/nav2_lifecycle_manager:/home/aurora/RM25/install/nav2_util:/home/aurora/RM25/install/nav2_voxel_grid:/home/aurora/RM25/install/nav2_msgs:/home/aurora/RM25/install/dwb_msgs:/home/aurora/RM25/install/nav_2d_msgs:/home/aurora/RM25/install/nav2_common:/home/aurora/RM25/install/nav2_constrained_smoother:/home/aurora/RM25/install/rm_robot_description:/home/aurora/RM25/install/opennav_docking_core:/home/aurora/RM25/install/costmap_queue:/home/aurora/RM25/install/nav2_velocity_smoother:/home/aurora/RM25/install/nav2_rviz_plugins:/home/aurora/RM25/install/nav2_behavior_tree:/home/aurora/RM25/install/nav2_amcl:/home/aurora/ws_helloworld/install/pkg01_helloworld_cpp:/home/aurora/ws_helloworld/install/learning_tf2_cpp:/home/aurora/RM25/install/nav2_simple_commander:/home/aurora/RM25/install/nav2_loopback_sim:/home/aurora/ws_helloworld/install/pkg02_helloworld_py:/opt/ros/humble LD_LIBRARY_PATH=/home/aurora/RM25/install/nav2_costmap_2d/lib:/home/aurora/RM25/install/nav_2d_utils/lib:/home/aurora/RM25/install/nav2_map_server/lib:/home/aurora/RM25/install/nav2_lifecycle_manager/lib:/home/aurora/RM25/install/nav2_util/lib:/home/aurora/RM25/install/nav2_voxel_grid/lib:/home/aurora/RM25/install/nav2_msgs/lib:/home/aurora/RM25/install/dwb_msgs/lib:/home/aurora/RM25/install/nav_2d_msgs/lib:/home/aurora/RM25/install/nav2_constrained_smoother/lib:/home/aurora/RM25/install/costmap_queue/lib:/home/aurora/RM25/install/nav2_velocity_smoother/lib:/home/aurora/RM25/install/nav2_rviz_plugins/lib:/home/aurora/RM25/install/nav2_behavior_tree/lib:/home/aurora/RM25/install/nav2_amcl/lib:/usr/lib/x86_64-linux-gnu/gazebo-11/plugins:/opt/ros/humble/opt/rviz_ogre_vendor/lib:/opt/ros/humble/lib/x86_64-linux-gnu:/opt/ros/humble/lib /usr/bin/cmake /home/aurora/RM25/src/rm_navigation2/nav2_dwb_controller/dwb_core -DCMAKE_INSTALL_PREFIX=/home/aurora/RM25/install/dwb_core
[1.435s] -- Found ament_cmake: 1.3.10 (/opt/ros/humble/share/ament_cmake/cmake)
[1.520s] -- Override CMake install command with custom implementation using symlinks instead of copying resources
[1.523s] -- Found nav2_common: 1.1.16 (/opt/ros/humble/share/nav2_common/cmake)
[1.523s] -- Found rclcpp: 16.0.10 (/opt/ros/humble/share/rclcpp/cmake)
[1.863s] -- Found rosidl_generator_c: 3.1.5 (/opt/ros/humble/share/rosidl_generator_c/cmake)
[1.864s] -- Found rosidl_adapter: 3.1.5 (/opt/ros/humble/share/rosidl_adapter/cmake)
[1.867s] -- Found rosidl_generator_cpp: 3.1.5 (/opt/ros/humble/share/rosidl_generator_cpp/cmake)
[1.875s] -- Using all available rosidl_typesupport_c: rosidl_typesupport_fastrtps_c;rosidl_typesupport_introspection_c
[1.883s] -- Using all available rosidl_typesupport_cpp: rosidl_typesupport_fastrtps_cpp;rosidl_typesupport_introspection_cpp
[1.901s] -- Found rmw_implementation_cmake: 6.1.2 (/opt/ros/humble/share/rmw_implementation_cmake/cmake)
[1.902s] -- Found rmw_fastrtps_cpp: 6.2.7 (/opt/ros/humble/share/rmw_fastrtps_cpp/cmake)
[13.253s] -- Using RMW implementation 'rmw_fastrtps_cpp' as default
[13.284s] -- Found geometry_msgs: 4.2.4 (/opt/ros/humble/share/geometry_msgs/cmake)
[13.292s] -- Found nav_2d_msgs: 1.1.17 (/home/aurora/RM25/install/nav_2d_msgs/share/nav_2d_msgs/cmake)
[13.301s] -- Found dwb_msgs: 1.1.17 (/home/aurora/RM25/install/dwb_msgs/share/dwb_msgs/cmake)
[13.324s] -- Found nav2_costmap_2d: 1.1.17 (/home/aurora/RM25/install/nav2_costmap_2d/share/nav2_costmap_2d/cmake)
[13.419s] -- Ensuring Eigen3 include directory is part of orocos-kdl CMake target
[16.455s] -- Found nav_2d_utils: 1.1.17 (/home/aurora/RM25/install/nav_2d_utils/share/nav_2d_utils/cmake)
[16.465s] -- Found nav2_core: 1.1.17 (/home/aurora/RM25/install/nav2_core/share/nav2_core/cmake)
[16.641s] -- Found ament_lint_auto: 0.12.11 (/opt/ros/humble/share/ament_lint_auto/cmake)
[16.719s] -- Found gtest sources under '/opt/ros/humble/src/gtest_vendor': C++ tests using 'Google Test' will be built
[16.731s] -- Added test 'cppcheck' to perform static code analysis on C / C++ code
[16.732s] -- Configured cppcheck include dirs: /home/aurora/RM25/src/rm_navigation2/nav2_dwb_controller/dwb_core/include
[16.732s] -- Configured cppcheck exclude dirs and/or files: 
[16.732s] -- Added test 'cpplint' to check C / C++ code against the Google style
[16.732s] -- Configured cpplint exclude dirs and/or files: 
[16.733s] -- Added test 'lint_cmake' to check CMake code style
[16.733s] -- Added test 'uncrustify' to check C / C++ code style
[16.734s] -- Configured uncrustify additional arguments: 
[16.734s] -- Added test 'xmllint' to check XML markup files
[16.740s] -- Configuring done
[16.836s] -- Generating done
[16.839s] -- Build files have been written to: /home/aurora/RM25/build/dwb_core
[16.859s] Invoked command in '/home/aurora/RM25/build/dwb_core' returned '0': CMAKE_PREFIX_PATH=/home/aurora/RM25/install/nav2_core:/home/aurora/RM25/install/nav2_costmap_2d:/home/aurora/RM25/install/nav_2d_utils:/home/aurora/RM25/install/nav2_map_server:/home/aurora/RM25/install/nav2_lifecycle_manager:/home/aurora/RM25/install/nav2_util:/home/aurora/RM25/install/nav2_voxel_grid:/home/aurora/RM25/install/nav2_msgs:/home/aurora/RM25/install/dwb_msgs:/home/aurora/RM25/install/nav_2d_msgs:/home/aurora/RM25/install/nav2_common:/home/aurora/RM25/install/nav2_constrained_smoother:/home/aurora/RM25/install/rm_robot_description:/home/aurora/RM25/install/opennav_docking_core:/home/aurora/RM25/install/costmap_queue:/home/aurora/RM25/install/nav2_velocity_smoother:/home/aurora/RM25/install/nav2_rviz_plugins:/home/aurora/RM25/install/nav2_behavior_tree:/home/aurora/RM25/install/nav2_amcl:/home/aurora/ws_helloworld/install/pkg01_helloworld_cpp:/home/aurora/ws_helloworld/install/learning_tf2_cpp:/home/aurora/RM25/install/nav2_simple_commander:/home/aurora/RM25/install/nav2_loopback_sim:/home/aurora/ws_helloworld/install/pkg02_helloworld_py:/opt/ros/humble LD_LIBRARY_PATH=/home/aurora/RM25/install/nav2_costmap_2d/lib:/home/aurora/RM25/install/nav_2d_utils/lib:/home/aurora/RM25/install/nav2_map_server/lib:/home/aurora/RM25/install/nav2_lifecycle_manager/lib:/home/aurora/RM25/install/nav2_util/lib:/home/aurora/RM25/install/nav2_voxel_grid/lib:/home/aurora/RM25/install/nav2_msgs/lib:/home/aurora/RM25/install/dwb_msgs/lib:/home/aurora/RM25/install/nav_2d_msgs/lib:/home/aurora/RM25/install/nav2_constrained_smoother/lib:/home/aurora/RM25/install/costmap_queue/lib:/home/aurora/RM25/install/nav2_velocity_smoother/lib:/home/aurora/RM25/install/nav2_rviz_plugins/lib:/home/aurora/RM25/install/nav2_behavior_tree/lib:/home/aurora/RM25/install/nav2_amcl/lib:/usr/lib/x86_64-linux-gnu/gazebo-11/plugins:/opt/ros/humble/opt/rviz_ogre_vendor/lib:/opt/ros/humble/lib/x86_64-linux-gnu:/opt/ros/humble/lib /usr/bin/cmake /home/aurora/RM25/src/rm_navigation2/nav2_dwb_controller/dwb_core -DCMAKE_INSTALL_PREFIX=/home/aurora/RM25/install/dwb_core
[16.863s] Invoking command in '/home/aurora/RM25/build/dwb_core': CMAKE_PREFIX_PATH=/home/aurora/RM25/install/nav2_core:/home/aurora/RM25/install/nav2_costmap_2d:/home/aurora/RM25/install/nav_2d_utils:/home/aurora/RM25/install/nav2_map_server:/home/aurora/RM25/install/nav2_lifecycle_manager:/home/aurora/RM25/install/nav2_util:/home/aurora/RM25/install/nav2_voxel_grid:/home/aurora/RM25/install/nav2_msgs:/home/aurora/RM25/install/dwb_msgs:/home/aurora/RM25/install/nav_2d_msgs:/home/aurora/RM25/install/nav2_common:/home/aurora/RM25/install/nav2_constrained_smoother:/home/aurora/RM25/install/rm_robot_description:/home/aurora/RM25/install/opennav_docking_core:/home/aurora/RM25/install/costmap_queue:/home/aurora/RM25/install/nav2_velocity_smoother:/home/aurora/RM25/install/nav2_rviz_plugins:/home/aurora/RM25/install/nav2_behavior_tree:/home/aurora/RM25/install/nav2_amcl:/home/aurora/ws_helloworld/install/pkg01_helloworld_cpp:/home/aurora/ws_helloworld/install/learning_tf2_cpp:/home/aurora/RM25/install/nav2_simple_commander:/home/aurora/RM25/install/nav2_loopback_sim:/home/aurora/ws_helloworld/install/pkg02_helloworld_py:/opt/ros/humble LD_LIBRARY_PATH=/home/aurora/RM25/install/nav2_costmap_2d/lib:/home/aurora/RM25/install/nav_2d_utils/lib:/home/aurora/RM25/install/nav2_map_server/lib:/home/aurora/RM25/install/nav2_lifecycle_manager/lib:/home/aurora/RM25/install/nav2_util/lib:/home/aurora/RM25/install/nav2_voxel_grid/lib:/home/aurora/RM25/install/nav2_msgs/lib:/home/aurora/RM25/install/dwb_msgs/lib:/home/aurora/RM25/install/nav_2d_msgs/lib:/home/aurora/RM25/install/nav2_constrained_smoother/lib:/home/aurora/RM25/install/costmap_queue/lib:/home/aurora/RM25/install/nav2_velocity_smoother/lib:/home/aurora/RM25/install/nav2_rviz_plugins/lib:/home/aurora/RM25/install/nav2_behavior_tree/lib:/home/aurora/RM25/install/nav2_amcl/lib:/usr/lib/x86_64-linux-gnu/gazebo-11/plugins:/opt/ros/humble/opt/rviz_ogre_vendor/lib:/opt/ros/humble/lib/x86_64-linux-gnu:/opt/ros/humble/lib /usr/bin/cmake --build /home/aurora/RM25/build/dwb_core -- -j20 -l20
[16.911s] [35m[1mConsolidate compiler generated dependencies of target gtest[0m
[16.913s] [35m[1mConsolidate compiler generated dependencies of target gtest_main[0m
[16.916s] [35m[1mConsolidate compiler generated dependencies of target dwb_core[0m
[16.928s] [ 36%] Built target gtest_main
[16.928s] [ 36%] Built target gtest
[16.943s] [ 45%] [32mBuilding CXX object CMakeFiles/dwb_core.dir/src/dwb_local_planner.cpp.o[0m
[16.943s] [ 54%] [32mBuilding CXX object CMakeFiles/dwb_core.dir/src/publisher.cpp.o[0m
[16.944s] [ 63%] [32mBuilding CXX object CMakeFiles/dwb_core.dir/src/illegal_trajectory_tracker.cpp.o[0m
[16.953s] [ 72%] [32mBuilding CXX object CMakeFiles/dwb_core.dir/src/trajectory_utils.cpp.o[0m
[27.728s] [ 81%] [32m[1mLinking CXX shared library libdwb_core.so[0m
[28.126s] [ 81%] Built target dwb_core
[28.133s] [35m[1mConsolidate compiler generated dependencies of target utils_test[0m
[28.146s] [ 90%] [32mBuilding CXX object test/CMakeFiles/utils_test.dir/utils_test.cpp.o[0m
[30.669s] [100%] [32m[1mLinking CXX executable utils_test[0m
[30.958s] [100%] Built target utils_test
[30.965s] Invoked command in '/home/aurora/RM25/build/dwb_core' returned '0': CMAKE_PREFIX_PATH=/home/aurora/RM25/install/nav2_core:/home/aurora/RM25/install/nav2_costmap_2d:/home/aurora/RM25/install/nav_2d_utils:/home/aurora/RM25/install/nav2_map_server:/home/aurora/RM25/install/nav2_lifecycle_manager:/home/aurora/RM25/install/nav2_util:/home/aurora/RM25/install/nav2_voxel_grid:/home/aurora/RM25/install/nav2_msgs:/home/aurora/RM25/install/dwb_msgs:/home/aurora/RM25/install/nav_2d_msgs:/home/aurora/RM25/install/nav2_common:/home/aurora/RM25/install/nav2_constrained_smoother:/home/aurora/RM25/install/rm_robot_description:/home/aurora/RM25/install/opennav_docking_core:/home/aurora/RM25/install/costmap_queue:/home/aurora/RM25/install/nav2_velocity_smoother:/home/aurora/RM25/install/nav2_rviz_plugins:/home/aurora/RM25/install/nav2_behavior_tree:/home/aurora/RM25/install/nav2_amcl:/home/aurora/ws_helloworld/install/pkg01_helloworld_cpp:/home/aurora/ws_helloworld/install/learning_tf2_cpp:/home/aurora/RM25/install/nav2_simple_commander:/home/aurora/RM25/install/nav2_loopback_sim:/home/aurora/ws_helloworld/install/pkg02_helloworld_py:/opt/ros/humble LD_LIBRARY_PATH=/home/aurora/RM25/install/nav2_costmap_2d/lib:/home/aurora/RM25/install/nav_2d_utils/lib:/home/aurora/RM25/install/nav2_map_server/lib:/home/aurora/RM25/install/nav2_lifecycle_manager/lib:/home/aurora/RM25/install/nav2_util/lib:/home/aurora/RM25/install/nav2_voxel_grid/lib:/home/aurora/RM25/install/nav2_msgs/lib:/home/aurora/RM25/install/dwb_msgs/lib:/home/aurora/RM25/install/nav_2d_msgs/lib:/home/aurora/RM25/install/nav2_constrained_smoother/lib:/home/aurora/RM25/install/costmap_queue/lib:/home/aurora/RM25/install/nav2_velocity_smoother/lib:/home/aurora/RM25/install/nav2_rviz_plugins/lib:/home/aurora/RM25/install/nav2_behavior_tree/lib:/home/aurora/RM25/install/nav2_amcl/lib:/usr/lib/x86_64-linux-gnu/gazebo-11/plugins:/opt/ros/humble/opt/rviz_ogre_vendor/lib:/opt/ros/humble/lib/x86_64-linux-gnu:/opt/ros/humble/lib /usr/bin/cmake --build /home/aurora/RM25/build/dwb_core -- -j20 -l20
[30.990s] Invoking command in '/home/aurora/RM25/build/dwb_core': CMAKE_PREFIX_PATH=/home/aurora/RM25/install/nav2_core:/home/aurora/RM25/install/nav2_costmap_2d:/home/aurora/RM25/install/nav_2d_utils:/home/aurora/RM25/install/nav2_map_server:/home/aurora/RM25/install/nav2_lifecycle_manager:/home/aurora/RM25/install/nav2_util:/home/aurora/RM25/install/nav2_voxel_grid:/home/aurora/RM25/install/nav2_msgs:/home/aurora/RM25/install/dwb_msgs:/home/aurora/RM25/install/nav_2d_msgs:/home/aurora/RM25/install/nav2_common:/home/aurora/RM25/install/nav2_constrained_smoother:/home/aurora/RM25/install/rm_robot_description:/home/aurora/RM25/install/opennav_docking_core:/home/aurora/RM25/install/costmap_queue:/home/aurora/RM25/install/nav2_velocity_smoother:/home/aurora/RM25/install/nav2_rviz_plugins:/home/aurora/RM25/install/nav2_behavior_tree:/home/aurora/RM25/install/nav2_amcl:/home/aurora/ws_helloworld/install/pkg01_helloworld_cpp:/home/aurora/ws_helloworld/install/learning_tf2_cpp:/home/aurora/RM25/install/nav2_simple_commander:/home/aurora/RM25/install/nav2_loopback_sim:/home/aurora/ws_helloworld/install/pkg02_helloworld_py:/opt/ros/humble LD_LIBRARY_PATH=/home/aurora/RM25/install/nav2_costmap_2d/lib:/home/aurora/RM25/install/nav_2d_utils/lib:/home/aurora/RM25/install/nav2_map_server/lib:/home/aurora/RM25/install/nav2_lifecycle_manager/lib:/home/aurora/RM25/install/nav2_util/lib:/home/aurora/RM25/install/nav2_voxel_grid/lib:/home/aurora/RM25/install/nav2_msgs/lib:/home/aurora/RM25/install/dwb_msgs/lib:/home/aurora/RM25/install/nav_2d_msgs/lib:/home/aurora/RM25/install/nav2_constrained_smoother/lib:/home/aurora/RM25/install/costmap_queue/lib:/home/aurora/RM25/install/nav2_velocity_smoother/lib:/home/aurora/RM25/install/nav2_rviz_plugins/lib:/home/aurora/RM25/install/nav2_behavior_tree/lib:/home/aurora/RM25/install/nav2_amcl/lib:/usr/lib/x86_64-linux-gnu/gazebo-11/plugins:/opt/ros/humble/opt/rviz_ogre_vendor/lib:/opt/ros/humble/lib/x86_64-linux-gnu:/opt/ros/humble/lib /usr/bin/cmake --install /home/aurora/RM25/build/dwb_core
[30.994s] -- Install configuration: "Release"
[30.995s] -- Execute custom install script
[30.995s] -- Symlinking: /home/aurora/RM25/install/dwb_core/lib/libdwb_core.so
[31.002s] -- Symlinking: /home/aurora/RM25/install/dwb_core/include//dwb_core/dwb_local_planner.hpp
[31.007s] -- Symlinking: /home/aurora/RM25/install/dwb_core/include//dwb_core/exceptions.hpp
[31.011s] -- Symlinking: /home/aurora/RM25/install/dwb_core/include//dwb_core/illegal_trajectory_tracker.hpp
[31.016s] -- Symlinking: /home/aurora/RM25/install/dwb_core/include//dwb_core/publisher.hpp
[31.021s] -- Symlinking: /home/aurora/RM25/install/dwb_core/include//dwb_core/trajectory_critic.hpp
[31.025s] -- Symlinking: /home/aurora/RM25/install/dwb_core/include//dwb_core/trajectory_generator.hpp
[31.029s] -- Symlinking: /home/aurora/RM25/install/dwb_core/include//dwb_core/trajectory_utils.hpp
[31.034s] -- Symlinking: /home/aurora/RM25/install/dwb_core/share/dwb_core/environment/library_path.sh
[31.038s] -- Symlinking: /home/aurora/RM25/install/dwb_core/share/dwb_core/environment/library_path.dsv
[31.043s] -- Symlinking: /home/aurora/RM25/install/dwb_core/share/dwb_core//local_planner_plugin.xml
[31.047s] -- Symlinking: /home/aurora/RM25/install/dwb_core/share/ament_index/resource_index/package_run_dependencies/dwb_core
[31.053s] -- Symlinking: /home/aurora/RM25/install/dwb_core/share/ament_index/resource_index/parent_prefix_path/dwb_core
[31.058s] -- Symlinking: /home/aurora/RM25/install/dwb_core/share/dwb_core/environment/ament_prefix_path.sh
[31.065s] -- Symlinking: /home/aurora/RM25/install/dwb_core/share/dwb_core/environment/ament_prefix_path.dsv
[31.069s] -- Symlinking: /home/aurora/RM25/install/dwb_core/share/dwb_core/environment/path.sh
[31.074s] -- Symlinking: /home/aurora/RM25/install/dwb_core/share/dwb_core/environment/path.dsv
[31.078s] -- Symlinking: /home/aurora/RM25/install/dwb_core/share/dwb_core/local_setup.bash
[31.082s] -- Symlinking: /home/aurora/RM25/install/dwb_core/share/dwb_core/local_setup.sh
[31.086s] -- Symlinking: /home/aurora/RM25/install/dwb_core/share/dwb_core/local_setup.zsh
[31.091s] -- Symlinking: /home/aurora/RM25/install/dwb_core/share/dwb_core/local_setup.dsv
[31.096s] -- Symlinking: /home/aurora/RM25/install/dwb_core/share/dwb_core/package.dsv
[31.100s] -- Symlinking: /home/aurora/RM25/install/dwb_core/share/ament_index/resource_index/packages/dwb_core
[31.105s] -- Symlinking: /home/aurora/RM25/install/dwb_core/share/ament_index/resource_index/nav2_core__pluginlib__plugin/dwb_core
[31.109s] -- Symlinking: /home/aurora/RM25/install/dwb_core/share/dwb_core/cmake/ament_cmake_export_include_directories-extras.cmake
[31.114s] -- Symlinking: /home/aurora/RM25/install/dwb_core/share/dwb_core/cmake/ament_cmake_export_libraries-extras.cmake
[31.118s] -- Symlinking: /home/aurora/RM25/install/dwb_core/share/dwb_core/cmake/ament_cmake_export_dependencies-extras.cmake
[31.122s] -- Symlinking: /home/aurora/RM25/install/dwb_core/share/dwb_core/cmake/dwb_coreConfig.cmake
[31.127s] -- Symlinking: /home/aurora/RM25/install/dwb_core/share/dwb_core/cmake/dwb_coreConfig-version.cmake
[31.132s] -- Symlinking: /home/aurora/RM25/install/dwb_core/share/dwb_core/package.xml
[31.141s] Invoked command in '/home/aurora/RM25/build/dwb_core' returned '0': CMAKE_PREFIX_PATH=/home/aurora/RM25/install/nav2_core:/home/aurora/RM25/install/nav2_costmap_2d:/home/aurora/RM25/install/nav_2d_utils:/home/aurora/RM25/install/nav2_map_server:/home/aurora/RM25/install/nav2_lifecycle_manager:/home/aurora/RM25/install/nav2_util:/home/aurora/RM25/install/nav2_voxel_grid:/home/aurora/RM25/install/nav2_msgs:/home/aurora/RM25/install/dwb_msgs:/home/aurora/RM25/install/nav_2d_msgs:/home/aurora/RM25/install/nav2_common:/home/aurora/RM25/install/nav2_constrained_smoother:/home/aurora/RM25/install/rm_robot_description:/home/aurora/RM25/install/opennav_docking_core:/home/aurora/RM25/install/costmap_queue:/home/aurora/RM25/install/nav2_velocity_smoother:/home/aurora/RM25/install/nav2_rviz_plugins:/home/aurora/RM25/install/nav2_behavior_tree:/home/aurora/RM25/install/nav2_amcl:/home/aurora/ws_helloworld/install/pkg01_helloworld_cpp:/home/aurora/ws_helloworld/install/learning_tf2_cpp:/home/aurora/RM25/install/nav2_simple_commander:/home/aurora/RM25/install/nav2_loopback_sim:/home/aurora/ws_helloworld/install/pkg02_helloworld_py:/opt/ros/humble LD_LIBRARY_PATH=/home/aurora/RM25/install/nav2_costmap_2d/lib:/home/aurora/RM25/install/nav_2d_utils/lib:/home/aurora/RM25/install/nav2_map_server/lib:/home/aurora/RM25/install/nav2_lifecycle_manager/lib:/home/aurora/RM25/install/nav2_util/lib:/home/aurora/RM25/install/nav2_voxel_grid/lib:/home/aurora/RM25/install/nav2_msgs/lib:/home/aurora/RM25/install/dwb_msgs/lib:/home/aurora/RM25/install/nav_2d_msgs/lib:/home/aurora/RM25/install/nav2_constrained_smoother/lib:/home/aurora/RM25/install/costmap_queue/lib:/home/aurora/RM25/install/nav2_velocity_smoother/lib:/home/aurora/RM25/install/nav2_rviz_plugins/lib:/home/aurora/RM25/install/nav2_behavior_tree/lib:/home/aurora/RM25/install/nav2_amcl/lib:/usr/lib/x86_64-linux-gnu/gazebo-11/plugins:/opt/ros/humble/opt/rviz_ogre_vendor/lib:/opt/ros/humble/lib/x86_64-linux-gnu:/opt/ros/humble/lib /usr/bin/cmake --install /home/aurora/RM25/build/dwb_core
