[0.207s] DEBUG:colcon:Command line arguments: ['/usr/bin/colcon', 'build', '--cmake-args', '-DROS_EDITION=ROS2', '-DHUMBLE_ROS=humble']
[0.207s] DEBUG:colcon:Parsed command line arguments: Namespace(log_base=None, log_level=None, verb_name='build', build_base='build', install_base='install', merge_install=False, symlink_install=False, test_result_base=None, continue_on_error=False, executor='parallel', parallel_workers=20, event_handlers=None, ignore_user_meta=False, metas=['./colcon.meta'], base_paths=['.'], packages_ignore=None, packages_ignore_regex=None, paths=None, packages_up_to=None, packages_up_to_regex=None, packages_above=None, packages_above_and_dependencies=None, packages_above_depth=None, packages_select_by_dep=None, packages_skip_by_dep=None, packages_skip_up_to=None, packages_select_build_failed=False, packages_skip_build_finished=False, packages_select_test_failures=False, packages_skip_test_passed=False, packages_select=None, packages_skip=None, packages_select_regex=None, packages_skip_regex=None, packages_start=None, packages_end=None, allow_overriding=[], cmake_args=['-DROS_EDITION=ROS2', '-DHUMBLE_ROS=humble'], cmake_target=None, cmake_target_skip_unavailable=False, cmake_clean_cache=False, cmake_clean_first=False, cmake_force_configure=False, ament_cmake_args=None, catkin_cmake_args=None, catkin_skip_building_tests=False, verb_parser=<colcon_defaults.argument_parser.defaults.DefaultArgumentsDecorator object at 0x7fe7b7bbc6d0>, verb_extension=<colcon_core.verb.build.BuildVerb object at 0x7fe7b7d29d20>, main=<bound method BuildVerb.main of <colcon_core.verb.build.BuildVerb object at 0x7fe7b7d29d20>>)
[0.392s] Level 1:colcon.colcon_core.package_discovery:discover_packages(colcon_meta) check parameters
[0.392s] Level 1:colcon.colcon_core.package_discovery:discover_packages(recursive) check parameters
[0.392s] Level 1:colcon.colcon_core.package_discovery:discover_packages(ignore) check parameters
[0.392s] Level 1:colcon.colcon_core.package_discovery:discover_packages(path) check parameters
[0.392s] Level 1:colcon.colcon_core.package_discovery:discover_packages(colcon_meta) discover
[0.392s] Level 1:colcon.colcon_core.package_discovery:discover_packages(recursive) discover
[0.392s] INFO:colcon.colcon_core.package_discovery:Crawling recursively for packages in '/home/aurora/RM25/src'
[0.392s] Level 1:colcon.colcon_core.package_identification:_identify(.) by extensions ['ignore', 'ignore_ament_install']
[0.392s] Level 1:colcon.colcon_core.package_identification:_identify(.) by extension 'ignore'
[0.392s] Level 1:colcon.colcon_core.package_identification:_identify(.) by extension 'ignore_ament_install'
[0.392s] Level 1:colcon.colcon_core.package_identification:_identify(.) by extensions ['colcon_pkg']
[0.392s] Level 1:colcon.colcon_core.package_identification:_identify(.) by extension 'colcon_pkg'
[0.392s] Level 1:colcon.colcon_core.package_identification:_identify(.) by extensions ['colcon_meta']
[0.392s] Level 1:colcon.colcon_core.package_identification:_identify(.) by extension 'colcon_meta'
[0.392s] Level 1:colcon.colcon_core.package_identification:_identify(.) by extensions ['ros']
[0.392s] Level 1:colcon.colcon_core.package_identification:_identify(.) by extension 'ros'
[0.399s] Level 1:colcon.colcon_core.package_identification:_identify(.) by extensions ['cmake', 'python']
[0.400s] Level 1:colcon.colcon_core.package_identification:_identify(.) by extension 'cmake'
[0.400s] Level 1:colcon.colcon_core.package_identification:_identify(.) by extension 'python'
[0.400s] Level 1:colcon.colcon_core.package_identification:_identify(.) by extensions ['python_setup_py']
[0.400s] Level 1:colcon.colcon_core.package_identification:_identify(.) by extension 'python_setup_py'
[0.400s] Level 1:colcon.colcon_core.package_identification:_identify(build) by extensions ['ignore', 'ignore_ament_install']
[0.400s] Level 1:colcon.colcon_core.package_identification:_identify(build) by extension 'ignore'
[0.400s] Level 1:colcon.colcon_core.package_identification:_identify(build) ignored
[0.400s] Level 1:colcon.colcon_core.package_identification:_identify(install) by extensions ['ignore', 'ignore_ament_install']
[0.400s] Level 1:colcon.colcon_core.package_identification:_identify(install) by extension 'ignore'
[0.400s] Level 1:colcon.colcon_core.package_identification:_identify(install) ignored
[0.400s] Level 1:colcon.colcon_core.package_identification:_identify(log) by extensions ['ignore', 'ignore_ament_install']
[0.400s] Level 1:colcon.colcon_core.package_identification:_identify(log) by extension 'ignore'
[0.400s] Level 1:colcon.colcon_core.package_identification:_identify(log) ignored
[0.400s] Level 1:colcon.colcon_core.package_identification:_identify(pcl) by extensions ['ignore', 'ignore_ament_install']
[0.400s] Level 1:colcon.colcon_core.package_identification:_identify(pcl) by extension 'ignore'
[0.400s] Level 1:colcon.colcon_core.package_identification:_identify(pcl) by extension 'ignore_ament_install'
[0.401s] Level 1:colcon.colcon_core.package_identification:_identify(pcl) by extensions ['colcon_pkg']
[0.401s] Level 1:colcon.colcon_core.package_identification:_identify(pcl) by extension 'colcon_pkg'
[0.401s] Level 1:colcon.colcon_core.package_identification:_identify(pcl) by extensions ['colcon_meta']
[0.401s] Level 1:colcon.colcon_core.package_identification:_identify(pcl) by extension 'colcon_meta'
[0.401s] Level 1:colcon.colcon_core.package_identification:_identify(pcl) by extensions ['ros']
[0.401s] Level 1:colcon.colcon_core.package_identification:_identify(pcl) by extension 'ros'
[0.401s] Level 1:colcon.colcon_core.package_identification:_identify(pcl) by extensions ['cmake', 'python']
[0.401s] Level 1:colcon.colcon_core.package_identification:_identify(pcl) by extension 'cmake'
[0.628s] Level 1:colcon.colcon_core.package_identification:_identify(pcl) by extension 'python'
[0.628s] DEBUG:colcon.colcon_core.package_identification:Package 'pcl' with type 'cmake' and name 'PCL'
[0.628s] Level 1:colcon.colcon_core.package_identification:_identify(rm_behavior) by extensions ['ignore', 'ignore_ament_install']
[0.628s] Level 1:colcon.colcon_core.package_identification:_identify(rm_behavior) by extension 'ignore'
[0.628s] Level 1:colcon.colcon_core.package_identification:_identify(rm_behavior) by extension 'ignore_ament_install'
[0.628s] Level 1:colcon.colcon_core.package_identification:_identify(rm_behavior) by extensions ['colcon_pkg']
[0.628s] Level 1:colcon.colcon_core.package_identification:_identify(rm_behavior) by extension 'colcon_pkg'
[0.628s] Level 1:colcon.colcon_core.package_identification:_identify(rm_behavior) by extensions ['colcon_meta']
[0.628s] Level 1:colcon.colcon_core.package_identification:_identify(rm_behavior) by extension 'colcon_meta'
[0.628s] Level 1:colcon.colcon_core.package_identification:_identify(rm_behavior) by extensions ['ros']
[0.628s] Level 1:colcon.colcon_core.package_identification:_identify(rm_behavior) by extension 'ros'
[0.629s] Level 1:colcon.colcon_core.package_identification:_identify(rm_behavior) by extensions ['cmake', 'python']
[0.629s] Level 1:colcon.colcon_core.package_identification:_identify(rm_behavior) by extension 'cmake'
[0.629s] Level 1:colcon.colcon_core.package_identification:_identify(rm_behavior) by extension 'python'
[0.629s] Level 1:colcon.colcon_core.package_identification:_identify(rm_behavior) by extensions ['python_setup_py']
[0.629s] Level 1:colcon.colcon_core.package_identification:_identify(rm_behavior) by extension 'python_setup_py'
[0.629s] Level 1:colcon.colcon_core.package_identification:_identify(rm_driver) by extensions ['ignore', 'ignore_ament_install']
[0.629s] Level 1:colcon.colcon_core.package_identification:_identify(rm_driver) by extension 'ignore'
[0.629s] Level 1:colcon.colcon_core.package_identification:_identify(rm_driver) by extension 'ignore_ament_install'
[0.629s] Level 1:colcon.colcon_core.package_identification:_identify(rm_driver) by extensions ['colcon_pkg']
[0.629s] Level 1:colcon.colcon_core.package_identification:_identify(rm_driver) by extension 'colcon_pkg'
[0.629s] Level 1:colcon.colcon_core.package_identification:_identify(rm_driver) by extensions ['colcon_meta']
[0.629s] Level 1:colcon.colcon_core.package_identification:_identify(rm_driver) by extension 'colcon_meta'
[0.629s] Level 1:colcon.colcon_core.package_identification:_identify(rm_driver) by extensions ['ros']
[0.629s] Level 1:colcon.colcon_core.package_identification:_identify(rm_driver) by extension 'ros'
[0.629s] Level 1:colcon.colcon_core.package_identification:_identify(rm_driver) by extensions ['cmake', 'python']
[0.629s] Level 1:colcon.colcon_core.package_identification:_identify(rm_driver) by extension 'cmake'
[0.629s] Level 1:colcon.colcon_core.package_identification:_identify(rm_driver) by extension 'python'
[0.629s] Level 1:colcon.colcon_core.package_identification:_identify(rm_driver) by extensions ['python_setup_py']
[0.629s] Level 1:colcon.colcon_core.package_identification:_identify(rm_driver) by extension 'python_setup_py'
[0.629s] Level 1:colcon.colcon_core.package_identification:_identify(rm_driver/Livox-SDK2) by extensions ['ignore', 'ignore_ament_install']
[0.629s] Level 1:colcon.colcon_core.package_identification:_identify(rm_driver/Livox-SDK2) by extension 'ignore'
[0.630s] Level 1:colcon.colcon_core.package_identification:_identify(rm_driver/Livox-SDK2) by extension 'ignore_ament_install'
[0.630s] Level 1:colcon.colcon_core.package_identification:_identify(rm_driver/Livox-SDK2) by extensions ['colcon_pkg']
[0.630s] Level 1:colcon.colcon_core.package_identification:_identify(rm_driver/Livox-SDK2) by extension 'colcon_pkg'
[0.630s] Level 1:colcon.colcon_core.package_identification:_identify(rm_driver/Livox-SDK2) by extensions ['colcon_meta']
[0.630s] Level 1:colcon.colcon_core.package_identification:_identify(rm_driver/Livox-SDK2) by extension 'colcon_meta'
[0.630s] Level 1:colcon.colcon_core.package_identification:_identify(rm_driver/Livox-SDK2) by extensions ['ros']
[0.630s] Level 1:colcon.colcon_core.package_identification:_identify(rm_driver/Livox-SDK2) by extension 'ros'
[0.630s] Level 1:colcon.colcon_core.package_identification:_identify(rm_driver/Livox-SDK2) by extensions ['cmake', 'python']
[0.630s] Level 1:colcon.colcon_core.package_identification:_identify(rm_driver/Livox-SDK2) by extension 'cmake'
[0.638s] Level 1:colcon.colcon_core.package_identification:_identify(rm_driver/Livox-SDK2) by extension 'python'
[0.638s] DEBUG:colcon.colcon_core.package_identification:Package 'rm_driver/Livox-SDK2' with type 'cmake' and name 'livox_sdk2'
[0.638s] Level 1:colcon.colcon_core.package_identification:_identify(rm_driver/include) by extensions ['ignore', 'ignore_ament_install']
[0.638s] Level 1:colcon.colcon_core.package_identification:_identify(rm_driver/include) by extension 'ignore'
[0.638s] Level 1:colcon.colcon_core.package_identification:_identify(rm_driver/include) by extension 'ignore_ament_install'
[0.638s] Level 1:colcon.colcon_core.package_identification:_identify(rm_driver/include) by extensions ['colcon_pkg']
[0.638s] Level 1:colcon.colcon_core.package_identification:_identify(rm_driver/include) by extension 'colcon_pkg'
[0.638s] Level 1:colcon.colcon_core.package_identification:_identify(rm_driver/include) by extensions ['colcon_meta']
[0.638s] Level 1:colcon.colcon_core.package_identification:_identify(rm_driver/include) by extension 'colcon_meta'
[0.638s] Level 1:colcon.colcon_core.package_identification:_identify(rm_driver/include) by extensions ['ros']
[0.638s] Level 1:colcon.colcon_core.package_identification:_identify(rm_driver/include) by extension 'ros'
[0.638s] Level 1:colcon.colcon_core.package_identification:_identify(rm_driver/include) by extensions ['cmake', 'python']
[0.638s] Level 1:colcon.colcon_core.package_identification:_identify(rm_driver/include) by extension 'cmake'
[0.638s] Level 1:colcon.colcon_core.package_identification:_identify(rm_driver/include) by extension 'python'
[0.638s] Level 1:colcon.colcon_core.package_identification:_identify(rm_driver/include) by extensions ['python_setup_py']
[0.638s] Level 1:colcon.colcon_core.package_identification:_identify(rm_driver/include) by extension 'python_setup_py'
[0.638s] Level 1:colcon.colcon_core.package_identification:_identify(rm_driver/livox_ros_driver2) by extensions ['ignore', 'ignore_ament_install']
[0.638s] Level 1:colcon.colcon_core.package_identification:_identify(rm_driver/livox_ros_driver2) by extension 'ignore'
[0.638s] Level 1:colcon.colcon_core.package_identification:_identify(rm_driver/livox_ros_driver2) by extension 'ignore_ament_install'
[0.639s] Level 1:colcon.colcon_core.package_identification:_identify(rm_driver/livox_ros_driver2) by extensions ['colcon_pkg']
[0.639s] Level 1:colcon.colcon_core.package_identification:_identify(rm_driver/livox_ros_driver2) by extension 'colcon_pkg'
[0.639s] Level 1:colcon.colcon_core.package_identification:_identify(rm_driver/livox_ros_driver2) by extensions ['colcon_meta']
[0.639s] Level 1:colcon.colcon_core.package_identification:_identify(rm_driver/livox_ros_driver2) by extension 'colcon_meta'
[0.639s] Level 1:colcon.colcon_core.package_identification:_identify(rm_driver/livox_ros_driver2) by extensions ['ros']
[0.639s] Level 1:colcon.colcon_core.package_identification:_identify(rm_driver/livox_ros_driver2) by extension 'ros'
[0.639s] Level 1:colcon.colcon_core.package_identification:_identify(rm_driver/livox_ros_driver2) by extensions ['cmake', 'python']
[0.639s] Level 1:colcon.colcon_core.package_identification:_identify(rm_driver/livox_ros_driver2) by extension 'cmake'
[0.642s] Level 1:colcon.colcon_core.package_identification:_identify(rm_driver/livox_ros_driver2) by extension 'python'
[0.642s] DEBUG:colcon.colcon_core.package_identification:Package 'rm_driver/livox_ros_driver2' with type 'cmake' and name 'livox_ros_driver2'
[0.642s] Level 1:colcon.colcon_core.package_identification:_identify(rm_localization) by extensions ['ignore', 'ignore_ament_install']
[0.642s] Level 1:colcon.colcon_core.package_identification:_identify(rm_localization) by extension 'ignore'
[0.642s] Level 1:colcon.colcon_core.package_identification:_identify(rm_localization) by extension 'ignore_ament_install'
[0.642s] Level 1:colcon.colcon_core.package_identification:_identify(rm_localization) by extensions ['colcon_pkg']
[0.642s] Level 1:colcon.colcon_core.package_identification:_identify(rm_localization) by extension 'colcon_pkg'
[0.642s] Level 1:colcon.colcon_core.package_identification:_identify(rm_localization) by extensions ['colcon_meta']
[0.642s] Level 1:colcon.colcon_core.package_identification:_identify(rm_localization) by extension 'colcon_meta'
[0.642s] Level 1:colcon.colcon_core.package_identification:_identify(rm_localization) by extensions ['ros']
[0.642s] Level 1:colcon.colcon_core.package_identification:_identify(rm_localization) by extension 'ros'
[0.642s] Level 1:colcon.colcon_core.package_identification:_identify(rm_localization) by extensions ['cmake', 'python']
[0.642s] Level 1:colcon.colcon_core.package_identification:_identify(rm_localization) by extension 'cmake'
[0.642s] Level 1:colcon.colcon_core.package_identification:_identify(rm_localization) by extension 'python'
[0.642s] Level 1:colcon.colcon_core.package_identification:_identify(rm_localization) by extensions ['python_setup_py']
[0.642s] Level 1:colcon.colcon_core.package_identification:_identify(rm_localization) by extension 'python_setup_py'
[0.642s] Level 1:colcon.colcon_core.package_identification:_identify(rm_mapping) by extensions ['ignore', 'ignore_ament_install']
[0.642s] Level 1:colcon.colcon_core.package_identification:_identify(rm_mapping) by extension 'ignore'
[0.642s] Level 1:colcon.colcon_core.package_identification:_identify(rm_mapping) by extension 'ignore_ament_install'
[0.642s] Level 1:colcon.colcon_core.package_identification:_identify(rm_mapping) by extensions ['colcon_pkg']
[0.642s] Level 1:colcon.colcon_core.package_identification:_identify(rm_mapping) by extension 'colcon_pkg'
[0.642s] Level 1:colcon.colcon_core.package_identification:_identify(rm_mapping) by extensions ['colcon_meta']
[0.642s] Level 1:colcon.colcon_core.package_identification:_identify(rm_mapping) by extension 'colcon_meta'
[0.642s] Level 1:colcon.colcon_core.package_identification:_identify(rm_mapping) by extensions ['ros']
[0.642s] Level 1:colcon.colcon_core.package_identification:_identify(rm_mapping) by extension 'ros'
[0.642s] Level 1:colcon.colcon_core.package_identification:_identify(rm_mapping) by extensions ['cmake', 'python']
[0.642s] Level 1:colcon.colcon_core.package_identification:_identify(rm_mapping) by extension 'cmake'
[0.642s] Level 1:colcon.colcon_core.package_identification:_identify(rm_mapping) by extension 'python'
[0.642s] Level 1:colcon.colcon_core.package_identification:_identify(rm_mapping) by extensions ['python_setup_py']
[0.642s] Level 1:colcon.colcon_core.package_identification:_identify(rm_mapping) by extension 'python_setup_py'
[0.642s] Level 1:colcon.colcon_core.package_identification:_identify(rm_navigation) by extensions ['ignore', 'ignore_ament_install']
[0.643s] Level 1:colcon.colcon_core.package_identification:_identify(rm_navigation) by extension 'ignore'
[0.643s] Level 1:colcon.colcon_core.package_identification:_identify(rm_navigation) by extension 'ignore_ament_install'
[0.643s] Level 1:colcon.colcon_core.package_identification:_identify(rm_navigation) by extensions ['colcon_pkg']
[0.643s] Level 1:colcon.colcon_core.package_identification:_identify(rm_navigation) by extension 'colcon_pkg'
[0.643s] Level 1:colcon.colcon_core.package_identification:_identify(rm_navigation) by extensions ['colcon_meta']
[0.643s] Level 1:colcon.colcon_core.package_identification:_identify(rm_navigation) by extension 'colcon_meta'
[0.643s] Level 1:colcon.colcon_core.package_identification:_identify(rm_navigation) by extensions ['ros']
[0.643s] Level 1:colcon.colcon_core.package_identification:_identify(rm_navigation) by extension 'ros'
[0.643s] Level 1:colcon.colcon_core.package_identification:_identify(rm_navigation) by extensions ['cmake', 'python']
[0.643s] Level 1:colcon.colcon_core.package_identification:_identify(rm_navigation) by extension 'cmake'
[0.643s] Level 1:colcon.colcon_core.package_identification:_identify(rm_navigation) by extension 'python'
[0.643s] Level 1:colcon.colcon_core.package_identification:_identify(rm_navigation) by extensions ['python_setup_py']
[0.643s] Level 1:colcon.colcon_core.package_identification:_identify(rm_navigation) by extension 'python_setup_py'
[0.643s] Level 1:colcon.colcon_core.package_identification:_identify(rm_robot_description) by extensions ['ignore', 'ignore_ament_install']
[0.643s] Level 1:colcon.colcon_core.package_identification:_identify(rm_robot_description) by extension 'ignore'
[0.643s] Level 1:colcon.colcon_core.package_identification:_identify(rm_robot_description) by extension 'ignore_ament_install'
[0.643s] Level 1:colcon.colcon_core.package_identification:_identify(rm_robot_description) by extensions ['colcon_pkg']
[0.643s] Level 1:colcon.colcon_core.package_identification:_identify(rm_robot_description) by extension 'colcon_pkg'
[0.643s] Level 1:colcon.colcon_core.package_identification:_identify(rm_robot_description) by extensions ['colcon_meta']
[0.643s] Level 1:colcon.colcon_core.package_identification:_identify(rm_robot_description) by extension 'colcon_meta'
[0.643s] Level 1:colcon.colcon_core.package_identification:_identify(rm_robot_description) by extensions ['ros']
[0.643s] Level 1:colcon.colcon_core.package_identification:_identify(rm_robot_description) by extension 'ros'
[0.645s] DEBUG:colcon.colcon_core.package_identification:Package 'rm_robot_description' with type 'ros.ament_cmake' and name 'rm_robot_description'
[0.645s] Level 1:colcon.colcon_core.package_discovery:discover_packages(recursive) using defaults
[0.645s] Level 1:colcon.colcon_core.package_discovery:discover_packages(ignore) discover
[0.645s] Level 1:colcon.colcon_core.package_discovery:discover_packages(ignore) using defaults
[0.645s] Level 1:colcon.colcon_core.package_discovery:discover_packages(path) discover
[0.645s] Level 1:colcon.colcon_core.package_discovery:discover_packages(path) using defaults
[0.664s] Level 1:colcon.colcon_core.package_discovery:discover_packages(prefix_path) check parameters
[0.664s] Level 1:colcon.colcon_core.package_discovery:discover_packages(prefix_path) discover
[0.666s] WARNING:colcon.colcon_ros.prefix_path.ament:The path '/home/aurora/RM25/install/rm_robot_description' in the environment variable AMENT_PREFIX_PATH doesn't exist
[0.666s] WARNING:colcon.colcon_ros.prefix_path.catkin:The path '/home/aurora/RM25/install/rm_robot_description' in the environment variable CMAKE_PREFIX_PATH doesn't exist
[0.667s] DEBUG:colcon.colcon_installed_package_information.package_discovery:Found 0 installed packages in /home/aurora/RM25/install
[0.667s] DEBUG:colcon.colcon_installed_package_information.package_discovery:Found 0 installed packages in /home/aurora/RM25/src/rm_robot_description/launch/install
[0.668s] DEBUG:colcon.colcon_installed_package_information.package_discovery:Found 3 installed packages in /home/aurora/ws_helloworld/install
[0.668s] DEBUG:colcon.colcon_installed_package_information.package_discovery:Found 327 installed packages in /opt/ros/humble
[0.675s] Level 1:colcon.colcon_core.package_discovery:discover_packages(prefix_path) using defaults
[0.697s] Level 5:colcon.colcon_core.verb:set package 'PCL' build argument 'cmake_args' from command line to '['-DROS_EDITION=ROS2', '-DHUMBLE_ROS=humble']'
[0.697s] Level 5:colcon.colcon_core.verb:set package 'PCL' build argument 'cmake_target' from command line to 'None'
[0.697s] Level 5:colcon.colcon_core.verb:set package 'PCL' build argument 'cmake_target_skip_unavailable' from command line to 'False'
[0.697s] Level 5:colcon.colcon_core.verb:set package 'PCL' build argument 'cmake_clean_cache' from command line to 'False'
[0.697s] Level 5:colcon.colcon_core.verb:set package 'PCL' build argument 'cmake_clean_first' from command line to 'False'
[0.697s] Level 5:colcon.colcon_core.verb:set package 'PCL' build argument 'cmake_force_configure' from command line to 'False'
[0.697s] Level 5:colcon.colcon_core.verb:set package 'PCL' build argument 'ament_cmake_args' from command line to 'None'
[0.697s] Level 5:colcon.colcon_core.verb:set package 'PCL' build argument 'catkin_cmake_args' from command line to 'None'
[0.697s] Level 5:colcon.colcon_core.verb:set package 'PCL' build argument 'catkin_skip_building_tests' from command line to 'False'
[0.697s] DEBUG:colcon.colcon_core.verb:Building package 'PCL' with the following arguments: {'ament_cmake_args': None, 'build_base': '/home/aurora/RM25/src/build/PCL', 'catkin_cmake_args': None, 'catkin_skip_building_tests': False, 'cmake_args': ['-DROS_EDITION=ROS2', '-DHUMBLE_ROS=humble'], 'cmake_clean_cache': False, 'cmake_clean_first': False, 'cmake_force_configure': False, 'cmake_target': None, 'cmake_target_skip_unavailable': False, 'install_base': '/home/aurora/RM25/src/install/PCL', 'merge_install': False, 'path': '/home/aurora/RM25/src/pcl', 'symlink_install': False, 'test_result_base': None}
[0.697s] Level 5:colcon.colcon_core.verb:set package 'livox_sdk2' build argument 'cmake_args' from command line to '['-DROS_EDITION=ROS2', '-DHUMBLE_ROS=humble']'
[0.697s] Level 5:colcon.colcon_core.verb:set package 'livox_sdk2' build argument 'cmake_target' from command line to 'None'
[0.697s] Level 5:colcon.colcon_core.verb:set package 'livox_sdk2' build argument 'cmake_target_skip_unavailable' from command line to 'False'
[0.697s] Level 5:colcon.colcon_core.verb:set package 'livox_sdk2' build argument 'cmake_clean_cache' from command line to 'False'
[0.697s] Level 5:colcon.colcon_core.verb:set package 'livox_sdk2' build argument 'cmake_clean_first' from command line to 'False'
[0.697s] Level 5:colcon.colcon_core.verb:set package 'livox_sdk2' build argument 'cmake_force_configure' from command line to 'False'
[0.697s] Level 5:colcon.colcon_core.verb:set package 'livox_sdk2' build argument 'ament_cmake_args' from command line to 'None'
[0.697s] Level 5:colcon.colcon_core.verb:set package 'livox_sdk2' build argument 'catkin_cmake_args' from command line to 'None'
[0.697s] Level 5:colcon.colcon_core.verb:set package 'livox_sdk2' build argument 'catkin_skip_building_tests' from command line to 'False'
[0.697s] DEBUG:colcon.colcon_core.verb:Building package 'livox_sdk2' with the following arguments: {'ament_cmake_args': None, 'build_base': '/home/aurora/RM25/src/build/livox_sdk2', 'catkin_cmake_args': None, 'catkin_skip_building_tests': False, 'cmake_args': ['-DROS_EDITION=ROS2', '-DHUMBLE_ROS=humble'], 'cmake_clean_cache': False, 'cmake_clean_first': False, 'cmake_force_configure': False, 'cmake_target': None, 'cmake_target_skip_unavailable': False, 'install_base': '/home/aurora/RM25/src/install/livox_sdk2', 'merge_install': False, 'path': '/home/aurora/RM25/src/rm_driver/Livox-SDK2', 'symlink_install': False, 'test_result_base': None}
[0.698s] Level 5:colcon.colcon_core.verb:set package 'rm_robot_description' build argument 'cmake_args' from command line to '['-DROS_EDITION=ROS2', '-DHUMBLE_ROS=humble']'
[0.698s] Level 5:colcon.colcon_core.verb:set package 'rm_robot_description' build argument 'cmake_target' from command line to 'None'
[0.698s] Level 5:colcon.colcon_core.verb:set package 'rm_robot_description' build argument 'cmake_target_skip_unavailable' from command line to 'False'
[0.698s] Level 5:colcon.colcon_core.verb:set package 'rm_robot_description' build argument 'cmake_clean_cache' from command line to 'False'
[0.698s] Level 5:colcon.colcon_core.verb:set package 'rm_robot_description' build argument 'cmake_clean_first' from command line to 'False'
[0.698s] Level 5:colcon.colcon_core.verb:set package 'rm_robot_description' build argument 'cmake_force_configure' from command line to 'False'
[0.698s] Level 5:colcon.colcon_core.verb:set package 'rm_robot_description' build argument 'ament_cmake_args' from command line to 'None'
[0.698s] Level 5:colcon.colcon_core.verb:set package 'rm_robot_description' build argument 'catkin_cmake_args' from command line to 'None'
[0.698s] Level 5:colcon.colcon_core.verb:set package 'rm_robot_description' build argument 'catkin_skip_building_tests' from command line to 'False'
[0.698s] DEBUG:colcon.colcon_core.verb:Building package 'rm_robot_description' with the following arguments: {'ament_cmake_args': None, 'build_base': '/home/aurora/RM25/src/build/rm_robot_description', 'catkin_cmake_args': None, 'catkin_skip_building_tests': False, 'cmake_args': ['-DROS_EDITION=ROS2', '-DHUMBLE_ROS=humble'], 'cmake_clean_cache': False, 'cmake_clean_first': False, 'cmake_force_configure': False, 'cmake_target': None, 'cmake_target_skip_unavailable': False, 'install_base': '/home/aurora/RM25/src/install/rm_robot_description', 'merge_install': False, 'path': '/home/aurora/RM25/src/rm_robot_description', 'symlink_install': False, 'test_result_base': None}
[0.698s] Level 5:colcon.colcon_core.verb:set package 'livox_ros_driver2' build argument 'cmake_args' from command line to '['-DROS_EDITION=ROS2', '-DHUMBLE_ROS=humble']'
[0.698s] Level 5:colcon.colcon_core.verb:set package 'livox_ros_driver2' build argument 'cmake_target' from command line to 'None'
[0.698s] Level 5:colcon.colcon_core.verb:set package 'livox_ros_driver2' build argument 'cmake_target_skip_unavailable' from command line to 'False'
[0.698s] Level 5:colcon.colcon_core.verb:set package 'livox_ros_driver2' build argument 'cmake_clean_cache' from command line to 'False'
[0.698s] Level 5:colcon.colcon_core.verb:set package 'livox_ros_driver2' build argument 'cmake_clean_first' from command line to 'False'
[0.698s] Level 5:colcon.colcon_core.verb:set package 'livox_ros_driver2' build argument 'cmake_force_configure' from command line to 'False'
[0.698s] Level 5:colcon.colcon_core.verb:set package 'livox_ros_driver2' build argument 'ament_cmake_args' from command line to 'None'
[0.698s] Level 5:colcon.colcon_core.verb:set package 'livox_ros_driver2' build argument 'catkin_cmake_args' from command line to 'None'
[0.698s] Level 5:colcon.colcon_core.verb:set package 'livox_ros_driver2' build argument 'catkin_skip_building_tests' from command line to 'False'
[0.698s] DEBUG:colcon.colcon_core.verb:Building package 'livox_ros_driver2' with the following arguments: {'ament_cmake_args': None, 'build_base': '/home/aurora/RM25/src/build/livox_ros_driver2', 'catkin_cmake_args': None, 'catkin_skip_building_tests': False, 'cmake_args': ['-DROS_EDITION=ROS2', '-DHUMBLE_ROS=humble'], 'cmake_clean_cache': False, 'cmake_clean_first': False, 'cmake_force_configure': False, 'cmake_target': None, 'cmake_target_skip_unavailable': False, 'install_base': '/home/aurora/RM25/src/install/livox_ros_driver2', 'merge_install': False, 'path': '/home/aurora/RM25/src/rm_driver/livox_ros_driver2', 'symlink_install': False, 'test_result_base': None}
[0.698s] INFO:colcon.colcon_core.executor:Executing jobs using 'parallel' executor
[0.699s] DEBUG:colcon.colcon_parallel_executor.executor.parallel:run_until_complete
[0.699s] INFO:colcon.colcon_cmake.task.cmake.build:Building CMake package in '/home/aurora/RM25/src/pcl'
[0.703s] INFO:colcon.colcon_core.plugin_system:Skipping extension 'colcon_core.shell.bat': Not used on non-Windows systems
[0.703s] INFO:colcon.colcon_core.shell:Skip shell extension 'powershell' for command environment: Not usable outside of PowerShell
[0.703s] DEBUG:colcon.colcon_core.shell:Skip shell extension 'dsv' for command environment
[0.705s] INFO:colcon.colcon_cmake.task.cmake.build:Building CMake package in '/home/aurora/RM25/src/rm_driver/Livox-SDK2'
[0.706s] INFO:colcon.colcon_core.shell:Skip shell extension 'powershell' for command environment: Not usable outside of PowerShell
[0.706s] DEBUG:colcon.colcon_core.shell:Skip shell extension 'dsv' for command environment
[0.707s] INFO:colcon.colcon_ros.task.ament_cmake.build:Building ROS package in '/home/aurora/RM25/src/rm_robot_description' with build type 'ament_cmake'
[0.707s] INFO:colcon.colcon_cmake.task.cmake.build:Building CMake package in '/home/aurora/RM25/src/rm_robot_description'
[0.708s] INFO:colcon.colcon_core.shell:Skip shell extension 'powershell' for command environment: Not usable outside of PowerShell
[0.708s] DEBUG:colcon.colcon_core.shell:Skip shell extension 'dsv' for command environment
[0.711s] DEBUG:colcon.colcon_core.event_handler.log_command:Invoking command in '/home/aurora/RM25/src/build/PCL': /usr/bin/cmake /home/aurora/RM25/src/pcl -DROS_EDITION=ROS2 -DHUMBLE_ROS=humble -DCMAKE_INSTALL_PREFIX=/home/aurora/RM25/src/install/PCL
[0.715s] DEBUG:colcon.colcon_core.event_handler.log_command:Invoking command in '/home/aurora/RM25/src/build/livox_sdk2': /usr/bin/cmake /home/aurora/RM25/src/rm_driver/Livox-SDK2 -DROS_EDITION=ROS2 -DHUMBLE_ROS=humble -DCMAKE_INSTALL_PREFIX=/home/aurora/RM25/src/install/livox_sdk2
[0.721s] DEBUG:colcon.colcon_core.event_handler.log_command:Invoking command in '/home/aurora/RM25/src/build/rm_robot_description': CMAKE_PREFIX_PATH=${CMAKE_PREFIX_PATH}:/home/aurora/ws_helloworld/install/pkg02_helloworld_py:/opt/ros/humble /usr/bin/cmake /home/aurora/RM25/src/rm_robot_description -DROS_EDITION=ROS2 -DHUMBLE_ROS=humble -DCMAKE_INSTALL_PREFIX=/home/aurora/RM25/src/install/rm_robot_description
[2.257s] DEBUG:colcon.colcon_core.event_handler.log_command:Invoked command in '/home/aurora/RM25/src/build/livox_sdk2' returned '0': /usr/bin/cmake /home/aurora/RM25/src/rm_driver/Livox-SDK2 -DROS_EDITION=ROS2 -DHUMBLE_ROS=humble -DCMAKE_INSTALL_PREFIX=/home/aurora/RM25/src/install/livox_sdk2
[2.259s] DEBUG:colcon.colcon_core.event_handler.log_command:Invoking command in '/home/aurora/RM25/src/build/livox_sdk2': /usr/bin/cmake --build /home/aurora/RM25/src/build/livox_sdk2 -- -j20 -l20
[2.999s] DEBUG:colcon.colcon_core.event_handler.log_command:Invoked command in '/home/aurora/RM25/src/build/rm_robot_description' returned '0': CMAKE_PREFIX_PATH=${CMAKE_PREFIX_PATH}:/home/aurora/ws_helloworld/install/pkg02_helloworld_py:/opt/ros/humble /usr/bin/cmake /home/aurora/RM25/src/rm_robot_description -DROS_EDITION=ROS2 -DHUMBLE_ROS=humble -DCMAKE_INSTALL_PREFIX=/home/aurora/RM25/src/install/rm_robot_description
[3.000s] DEBUG:colcon.colcon_core.event_handler.log_command:Invoking command in '/home/aurora/RM25/src/build/rm_robot_description': CMAKE_PREFIX_PATH=${CMAKE_PREFIX_PATH}:/home/aurora/ws_helloworld/install/pkg02_helloworld_py:/opt/ros/humble /usr/bin/cmake --build /home/aurora/RM25/src/build/rm_robot_description -- -j20 -l20
[3.056s] DEBUG:colcon.colcon_core.event_handler.log_command:Invoked command in '/home/aurora/RM25/src/build/rm_robot_description' returned '0': CMAKE_PREFIX_PATH=${CMAKE_PREFIX_PATH}:/home/aurora/ws_helloworld/install/pkg02_helloworld_py:/opt/ros/humble /usr/bin/cmake --build /home/aurora/RM25/src/build/rm_robot_description -- -j20 -l20
[3.147s] DEBUG:colcon.colcon_core.event_handler.log_command:Invoking command in '/home/aurora/RM25/src/build/rm_robot_description': CMAKE_PREFIX_PATH=${CMAKE_PREFIX_PATH}:/home/aurora/ws_helloworld/install/pkg02_helloworld_py:/opt/ros/humble /usr/bin/cmake --install /home/aurora/RM25/src/build/rm_robot_description
[3.495s] Level 1:colcon.colcon_core.environment:create_environment_scripts_only(rm_robot_description)
[3.501s] DEBUG:colcon.colcon_core.event_handler.log_command:Invoked command in '/home/aurora/RM25/src/build/rm_robot_description' returned '0': CMAKE_PREFIX_PATH=${CMAKE_PREFIX_PATH}:/home/aurora/ws_helloworld/install/pkg02_helloworld_py:/opt/ros/humble /usr/bin/cmake --install /home/aurora/RM25/src/build/rm_robot_description
[3.520s] Level 1:colcon.colcon_core.environment:checking '/home/aurora/RM25/src/install/rm_robot_description' for CMake module files
[3.521s] Level 1:colcon.colcon_core.environment:checking '/home/aurora/RM25/src/install/rm_robot_description' for CMake config files
[3.521s] Level 1:colcon.colcon_core.shell:create_environment_hook('rm_robot_description', 'cmake_prefix_path')
[3.521s] INFO:colcon.colcon_core.shell:Creating environment hook '/home/aurora/RM25/src/install/rm_robot_description/share/rm_robot_description/hook/cmake_prefix_path.ps1'
[3.528s] INFO:colcon.colcon_core.shell:Creating environment descriptor '/home/aurora/RM25/src/install/rm_robot_description/share/rm_robot_description/hook/cmake_prefix_path.dsv'
[3.530s] INFO:colcon.colcon_core.shell:Creating environment hook '/home/aurora/RM25/src/install/rm_robot_description/share/rm_robot_description/hook/cmake_prefix_path.sh'
[3.537s] Level 1:colcon.colcon_core.environment:checking '/home/aurora/RM25/src/install/rm_robot_description/bin'
[3.537s] Level 1:colcon.colcon_core.environment:checking '/home/aurora/RM25/src/install/rm_robot_description/lib/pkgconfig/rm_robot_description.pc'
[3.538s] Level 1:colcon.colcon_core.environment:checking '/home/aurora/RM25/src/install/rm_robot_description/lib/python3.10/site-packages'
[3.538s] Level 1:colcon.colcon_core.environment:checking '/home/aurora/RM25/src/install/rm_robot_description/bin'
[3.538s] INFO:colcon.colcon_core.shell:Creating package script '/home/aurora/RM25/src/install/rm_robot_description/share/rm_robot_description/package.ps1'
[3.540s] INFO:colcon.colcon_core.shell:Creating package descriptor '/home/aurora/RM25/src/install/rm_robot_description/share/rm_robot_description/package.dsv'
[3.541s] INFO:colcon.colcon_core.shell:Creating package script '/home/aurora/RM25/src/install/rm_robot_description/share/rm_robot_description/package.sh'
[3.544s] INFO:colcon.colcon_core.shell:Creating package script '/home/aurora/RM25/src/install/rm_robot_description/share/rm_robot_description/package.bash'
[3.551s] INFO:colcon.colcon_core.shell:Creating package script '/home/aurora/RM25/src/install/rm_robot_description/share/rm_robot_description/package.zsh'
[3.560s] Level 1:colcon.colcon_core.environment:create_file_with_runtime_dependencies(/home/aurora/RM25/src/install/rm_robot_description/share/colcon-core/packages/rm_robot_description)
[3.639s] Level 1:colcon.colcon_core.environment:create_environment_scripts_only(rm_robot_description)
[3.639s] Level 1:colcon.colcon_core.environment:checking '/home/aurora/RM25/src/install/rm_robot_description' for CMake module files
[3.640s] Level 1:colcon.colcon_core.environment:checking '/home/aurora/RM25/src/install/rm_robot_description' for CMake config files
[3.640s] Level 1:colcon.colcon_core.shell:create_environment_hook('rm_robot_description', 'cmake_prefix_path')
[3.640s] INFO:colcon.colcon_core.shell:Creating environment hook '/home/aurora/RM25/src/install/rm_robot_description/share/rm_robot_description/hook/cmake_prefix_path.ps1'
[3.641s] INFO:colcon.colcon_core.shell:Creating environment descriptor '/home/aurora/RM25/src/install/rm_robot_description/share/rm_robot_description/hook/cmake_prefix_path.dsv'
[3.641s] INFO:colcon.colcon_core.shell:Creating environment hook '/home/aurora/RM25/src/install/rm_robot_description/share/rm_robot_description/hook/cmake_prefix_path.sh'
[3.642s] Level 1:colcon.colcon_core.environment:checking '/home/aurora/RM25/src/install/rm_robot_description/bin'
[3.642s] Level 1:colcon.colcon_core.environment:checking '/home/aurora/RM25/src/install/rm_robot_description/lib/pkgconfig/rm_robot_description.pc'
[3.642s] Level 1:colcon.colcon_core.environment:checking '/home/aurora/RM25/src/install/rm_robot_description/lib/python3.10/site-packages'
[3.642s] Level 1:colcon.colcon_core.environment:checking '/home/aurora/RM25/src/install/rm_robot_description/bin'
[3.642s] INFO:colcon.colcon_core.shell:Creating package script '/home/aurora/RM25/src/install/rm_robot_description/share/rm_robot_description/package.ps1'
[3.643s] INFO:colcon.colcon_core.shell:Creating package descriptor '/home/aurora/RM25/src/install/rm_robot_description/share/rm_robot_description/package.dsv'
[3.644s] INFO:colcon.colcon_core.shell:Creating package script '/home/aurora/RM25/src/install/rm_robot_description/share/rm_robot_description/package.sh'
[3.644s] INFO:colcon.colcon_core.shell:Creating package script '/home/aurora/RM25/src/install/rm_robot_description/share/rm_robot_description/package.bash'
[3.645s] INFO:colcon.colcon_core.shell:Creating package script '/home/aurora/RM25/src/install/rm_robot_description/share/rm_robot_description/package.zsh'
[3.646s] Level 1:colcon.colcon_core.environment:create_file_with_runtime_dependencies(/home/aurora/RM25/src/install/rm_robot_description/share/colcon-core/packages/rm_robot_description)
[11.484s] DEBUG:colcon.colcon_core.event_handler.log_command:Invoked command in '/home/aurora/RM25/src/build/livox_sdk2' returned '0': /usr/bin/cmake --build /home/aurora/RM25/src/build/livox_sdk2 -- -j20 -l20
[11.495s] DEBUG:colcon.colcon_core.event_handler.log_command:Invoking command in '/home/aurora/RM25/src/build/livox_sdk2': /usr/bin/cmake --install /home/aurora/RM25/src/build/livox_sdk2
[11.514s] Level 1:colcon.colcon_core.environment:create_environment_scripts_only(livox_sdk2)
[11.515s] DEBUG:colcon.colcon_core.event_handler.log_command:Invoked command in '/home/aurora/RM25/src/build/livox_sdk2' returned '0': /usr/bin/cmake --install /home/aurora/RM25/src/build/livox_sdk2
[11.515s] Level 1:colcon.colcon_core.environment:checking '/home/aurora/RM25/src/install/livox_sdk2' for CMake module files
[11.515s] Level 1:colcon.colcon_core.environment:checking '/home/aurora/RM25/src/install/livox_sdk2' for CMake config files
[11.515s] Level 1:colcon.colcon_core.environment:checking '/home/aurora/RM25/src/install/livox_sdk2/lib'
[11.516s] Level 1:colcon.colcon_core.shell:create_environment_hook('livox_sdk2', 'ld_library_path_lib')
[11.516s] INFO:colcon.colcon_core.shell:Creating environment hook '/home/aurora/RM25/src/install/livox_sdk2/share/livox_sdk2/hook/ld_library_path_lib.ps1'
[11.517s] INFO:colcon.colcon_core.shell:Creating environment descriptor '/home/aurora/RM25/src/install/livox_sdk2/share/livox_sdk2/hook/ld_library_path_lib.dsv'
[11.517s] INFO:colcon.colcon_core.shell:Creating environment hook '/home/aurora/RM25/src/install/livox_sdk2/share/livox_sdk2/hook/ld_library_path_lib.sh'
[11.517s] Level 1:colcon.colcon_core.environment:checking '/home/aurora/RM25/src/install/livox_sdk2/bin'
[11.517s] Level 1:colcon.colcon_core.environment:checking '/home/aurora/RM25/src/install/livox_sdk2/lib/pkgconfig/livox_sdk2.pc'
[11.517s] Level 1:colcon.colcon_core.environment:checking '/home/aurora/RM25/src/install/livox_sdk2/lib/python3.10/site-packages'
[11.517s] Level 1:colcon.colcon_core.environment:checking '/home/aurora/RM25/src/install/livox_sdk2/bin'
[11.518s] INFO:colcon.colcon_core.shell:Creating package script '/home/aurora/RM25/src/install/livox_sdk2/share/livox_sdk2/package.ps1'
[11.518s] INFO:colcon.colcon_core.shell:Creating package descriptor '/home/aurora/RM25/src/install/livox_sdk2/share/livox_sdk2/package.dsv'
[11.518s] INFO:colcon.colcon_core.shell:Creating package script '/home/aurora/RM25/src/install/livox_sdk2/share/livox_sdk2/package.sh'
[11.518s] INFO:colcon.colcon_core.shell:Creating package script '/home/aurora/RM25/src/install/livox_sdk2/share/livox_sdk2/package.bash'
[11.518s] INFO:colcon.colcon_core.shell:Creating package script '/home/aurora/RM25/src/install/livox_sdk2/share/livox_sdk2/package.zsh'
[11.518s] Level 1:colcon.colcon_core.environment:create_file_with_runtime_dependencies(/home/aurora/RM25/src/install/livox_sdk2/share/colcon-core/packages/livox_sdk2)
[39.022s] DEBUG:colcon.colcon_core.event_handler.log_command:Invoked command in '/home/aurora/RM25/src/build/PCL' returned '0': /usr/bin/cmake /home/aurora/RM25/src/pcl -DROS_EDITION=ROS2 -DHUMBLE_ROS=humble -DCMAKE_INSTALL_PREFIX=/home/aurora/RM25/src/install/PCL
[39.024s] DEBUG:colcon.colcon_core.event_handler.log_command:Invoking command in '/home/aurora/RM25/src/build/PCL': /usr/bin/cmake --build /home/aurora/RM25/src/build/PCL -- -j20 -l20
[354.247s] DEBUG:colcon.colcon_core.event_handler.log_command:Invoked command in '/home/aurora/RM25/src/build/PCL' returned '2': /usr/bin/cmake --build /home/aurora/RM25/src/build/PCL -- -j20 -l20
[354.272s] DEBUG:colcon.colcon_parallel_executor.executor.parallel:closing loop
[354.284s] DEBUG:colcon.colcon_parallel_executor.executor.parallel:loop closed
[354.287s] DEBUG:colcon.colcon_parallel_executor.executor.parallel:run_until_complete finished with '2'
[354.290s] DEBUG:colcon.colcon_core.event_reactor:joining thread
[354.449s] INFO:colcon.colcon_core.plugin_system:Skipping extension 'colcon_notification.desktop_notification.notify_send': Could not find 'notify-send'
[354.449s] INFO:colcon.colcon_core.plugin_system:Skipping extension 'colcon_notification.desktop_notification.terminal_notifier': Not used on non-Darwin systems
[354.449s] INFO:colcon.colcon_core.plugin_system:Skipping extension 'colcon_notification.desktop_notification.win32': Not used on non-Windows systems
[354.449s] INFO:colcon.colcon_notification.desktop_notification:Sending desktop notification using 'notify2'
[354.464s] DEBUG:colcon.colcon_notification.desktop_notification.notify2:Failed to initialize notify2: org.freedesktop.DBus.Error.ServiceUnknown: The name org.freedesktop.Notifications was not provided by any .service files
[354.464s] DEBUG:colcon.colcon_core.event_reactor:joined thread
[354.469s] INFO:colcon.colcon_core.shell:Creating prefix script '/home/aurora/RM25/src/install/local_setup.ps1'
[354.480s] INFO:colcon.colcon_core.shell:Creating prefix util module '/home/aurora/RM25/src/install/_local_setup_util_ps1.py'
[354.485s] INFO:colcon.colcon_core.shell:Creating prefix chain script '/home/aurora/RM25/src/install/setup.ps1'
[354.488s] INFO:colcon.colcon_core.shell:Creating prefix script '/home/aurora/RM25/src/install/local_setup.sh'
[354.489s] INFO:colcon.colcon_core.shell:Creating prefix util module '/home/aurora/RM25/src/install/_local_setup_util_sh.py'
[354.491s] INFO:colcon.colcon_core.shell:Creating prefix chain script '/home/aurora/RM25/src/install/setup.sh'
[354.493s] INFO:colcon.colcon_core.shell:Creating prefix script '/home/aurora/RM25/src/install/local_setup.bash'
[354.494s] INFO:colcon.colcon_core.shell:Creating prefix chain script '/home/aurora/RM25/src/install/setup.bash'
[354.495s] INFO:colcon.colcon_core.shell:Creating prefix script '/home/aurora/RM25/src/install/local_setup.zsh'
[354.496s] INFO:colcon.colcon_core.shell:Creating prefix chain script '/home/aurora/RM25/src/install/setup.zsh'
