[0.010s] Invoking command in '/home/aurora/RM25/build/rm_robot_description_sim': CMAKE_PREFIX_PATH=${CMAKE_PREFIX_PATH}:/home/aurora/ros_ws/install/sdformat_tools:/opt/ros/humble /usr/bin/cmake --build /home/aurora/RM25/build/rm_robot_description_sim -- -j20 -l20
[0.068s] [100%] Built target rm_robot_description_sim
[0.079s] Invoked command in '/home/aurora/RM25/build/rm_robot_description_sim' returned '0': CMAKE_PREFIX_PATH=${CMAKE_PREFIX_PATH}:/home/aurora/ros_ws/install/sdformat_tools:/opt/ros/humble /usr/bin/cmake --build /home/aurora/RM25/build/rm_robot_description_sim -- -j20 -l20
[0.092s] Invoking command in '/home/aurora/RM25/build/rm_robot_description_sim': CMAKE_PREFIX_PATH=${CMAKE_PREFIX_PATH}:/home/aurora/ros_ws/install/sdformat_tools:/opt/ros/humble /usr/bin/cmake --install /home/aurora/RM25/build/rm_robot_description_sim
[0.101s] -- Install configuration: ""
[0.101s] -- Installing: /home/aurora/RM25/install/rm_robot_description_sim/lib/rm_robot_description_sim/rm_robot_description_sim
[0.102s] -- Set runtime path of "/home/aurora/RM25/install/rm_robot_description_sim/lib/rm_robot_description_sim/rm_robot_description_sim" to ""
[0.103s] -- Installing: /home/aurora/RM25/install/rm_robot_description_sim/share/rm_robot_description_sim/launch
[0.103s] -- Installing: /home/aurora/RM25/install/rm_robot_description_sim/share/rm_robot_description_sim/launch/rm_simulation.launch.py
[0.103s] -- Installing: /home/aurora/RM25/install/rm_robot_description_sim/share/rm_robot_description_sim/launch/build
[0.103s] -- Installing: /home/aurora/RM25/install/rm_robot_description_sim/share/rm_robot_description_sim/launch/build/COLCON_IGNORE
[0.103s] -- Installing: /home/aurora/RM25/install/rm_robot_description_sim/share/rm_robot_description_sim/launch/build/.built_by
[0.103s] -- Installing: /home/aurora/RM25/install/rm_robot_description_sim/share/rm_robot_description_sim/launch/robotv2.launch.py
[0.103s] -- Installing: /home/aurora/RM25/install/rm_robot_description_sim/share/rm_robot_description_sim/launch/robot,launch.py
[0.103s] -- Installing: /home/aurora/RM25/install/rm_robot_description_sim/share/rm_robot_description_sim/launch/log
[0.103s] -- Installing: /home/aurora/RM25/install/rm_robot_description_sim/share/rm_robot_description_sim/launch/log/latest_build
[0.103s] -- Installing: /home/aurora/RM25/install/rm_robot_description_sim/share/rm_robot_description_sim/launch/log/COLCON_IGNORE
[0.104s] -- Installing: /home/aurora/RM25/install/rm_robot_description_sim/share/rm_robot_description_sim/launch/log/build_2024-11-12_20-59-25
[0.104s] -- Installing: /home/aurora/RM25/install/rm_robot_description_sim/share/rm_robot_description_sim/launch/log/build_2024-11-12_20-59-25/logger_all.log
[0.104s] -- Installing: /home/aurora/RM25/install/rm_robot_description_sim/share/rm_robot_description_sim/launch/log/build_2024-11-12_20-59-25/events.log
[0.104s] -- Installing: /home/aurora/RM25/install/rm_robot_description_sim/share/rm_robot_description_sim/launch/log/latest
[0.104s] -- Installing: /home/aurora/RM25/install/rm_robot_description_sim/share/rm_robot_description_sim/launch/log/build_2024-11-14_12-02-55
[0.104s] -- Installing: /home/aurora/RM25/install/rm_robot_description_sim/share/rm_robot_description_sim/launch/log/build_2024-11-14_12-02-55/logger_all.log
[0.104s] -- Installing: /home/aurora/RM25/install/rm_robot_description_sim/share/rm_robot_description_sim/launch/log/build_2024-11-14_12-02-55/events.log
[0.104s] -- Installing: /home/aurora/RM25/install/rm_robot_description_sim/share/rm_robot_description_sim/launch/install
[0.104s] -- Installing: /home/aurora/RM25/install/rm_robot_description_sim/share/rm_robot_description_sim/launch/install/COLCON_IGNORE
[0.104s] -- Installing: /home/aurora/RM25/install/rm_robot_description_sim/share/rm_robot_description_sim/launch/install/setup.ps1
[0.104s] -- Installing: /home/aurora/RM25/install/rm_robot_description_sim/share/rm_robot_description_sim/launch/install/_local_setup_util_sh.py
[0.104s] -- Installing: /home/aurora/RM25/install/rm_robot_description_sim/share/rm_robot_description_sim/launch/install/local_setup.ps1
[0.105s] -- Installing: /home/aurora/RM25/install/rm_robot_description_sim/share/rm_robot_description_sim/launch/install/local_setup.bash
[0.105s] -- Installing: /home/aurora/RM25/install/rm_robot_description_sim/share/rm_robot_description_sim/launch/install/_local_setup_util_ps1.py
[0.105s] -- Installing: /home/aurora/RM25/install/rm_robot_description_sim/share/rm_robot_description_sim/launch/install/setup.zsh
[0.105s] -- Installing: /home/aurora/RM25/install/rm_robot_description_sim/share/rm_robot_description_sim/launch/install/.colcon_install_layout
[0.105s] -- Installing: /home/aurora/RM25/install/rm_robot_description_sim/share/rm_robot_description_sim/launch/install/local_setup.sh
[0.105s] -- Installing: /home/aurora/RM25/install/rm_robot_description_sim/share/rm_robot_description_sim/launch/install/local_setup.zsh
[0.105s] -- Installing: /home/aurora/RM25/install/rm_robot_description_sim/share/rm_robot_description_sim/launch/install/setup.sh
[0.105s] -- Installing: /home/aurora/RM25/install/rm_robot_description_sim/share/rm_robot_description_sim/launch/install/setup.bash
[0.105s] -- Installing: /home/aurora/RM25/install/rm_robot_description_sim/share/rm_robot_description_sim/launch/robot.launch.py
[0.105s] -- Installing: /home/aurora/RM25/install/rm_robot_description_sim/share/rm_robot_description_sim/launch/mid360.launch.py
[0.105s] -- Installing: /home/aurora/RM25/install/rm_robot_description_sim/share/rm_robot_description_sim/urdf
[0.105s] -- Installing: /home/aurora/RM25/install/rm_robot_description_sim/share/rm_robot_description_sim/urdf/robot.urdf.xacro
[0.106s] -- Installing: /home/aurora/RM25/install/rm_robot_description_sim/share/rm_robot_description_sim/urdf/mid360.urdf
[0.106s] -- Installing: /home/aurora/RM25/install/rm_robot_description_sim/share/rm_robot_description_sim/urdf/mid360.xacro
[0.106s] -- Installing: /home/aurora/RM25/install/rm_robot_description_sim/share/rm_robot_description_sim/urdf/omni.urdf
[0.106s] -- Installing: /home/aurora/RM25/install/rm_robot_description_sim/share/rm_robot_description_sim/urdf/four_omniwheel_robot.urdf
[0.106s] -- Installing: /home/aurora/RM25/install/rm_robot_description_sim/share/rm_robot_description_sim/urdf/sim_robot.urdf
[0.106s] -- Installing: /home/aurora/RM25/install/rm_robot_description_sim/share/rm_robot_description_sim/urdf/omni.sdf
[0.106s] -- Installing: /home/aurora/RM25/install/rm_robot_description_sim/share/rm_robot_description_sim/urdf/simulation_waking_robot.xacro
[0.106s] -- Installing: /home/aurora/RM25/install/rm_robot_description_sim/share/rm_robot_description_sim/meshes
[0.106s] -- Installing: /home/aurora/RM25/install/rm_robot_description_sim/share/rm_robot_description_sim/meshes/obstacles
[0.106s] -- Installing: /home/aurora/RM25/install/rm_robot_description_sim/share/rm_robot_description_sim/meshes/obstacles/obstacle2
[0.106s] -- Installing: /home/aurora/RM25/install/rm_robot_description_sim/share/rm_robot_description_sim/meshes/obstacles/obstacle2/model.sdf
[0.106s] -- Installing: /home/aurora/RM25/install/rm_robot_description_sim/share/rm_robot_description_sim/meshes/obstacles/obstacle2/model.config
[0.106s] -- Installing: /home/aurora/RM25/install/rm_robot_description_sim/share/rm_robot_description_sim/meshes/obstacles/obstacle5
[0.106s] -- Installing: /home/aurora/RM25/install/rm_robot_description_sim/share/rm_robot_description_sim/meshes/obstacles/obstacle5/model.sdf
[0.106s] -- Installing: /home/aurora/RM25/install/rm_robot_description_sim/share/rm_robot_description_sim/meshes/obstacles/obstacle5/model.config
[0.106s] -- Installing: /home/aurora/RM25/install/rm_robot_description_sim/share/rm_robot_description_sim/meshes/obstacles/obstacle4
[0.106s] -- Installing: /home/aurora/RM25/install/rm_robot_description_sim/share/rm_robot_description_sim/meshes/obstacles/obstacle4/model.sdf
[0.106s] -- Installing: /home/aurora/RM25/install/rm_robot_description_sim/share/rm_robot_description_sim/meshes/obstacles/obstacle4/model.config
[0.106s] -- Installing: /home/aurora/RM25/install/rm_robot_description_sim/share/rm_robot_description_sim/meshes/obstacles/obstacle11
[0.106s] -- Installing: /home/aurora/RM25/install/rm_robot_description_sim/share/rm_robot_description_sim/meshes/obstacles/obstacle11/model.sdf
[0.106s] -- Installing: /home/aurora/RM25/install/rm_robot_description_sim/share/rm_robot_description_sim/meshes/obstacles/obstacle11/model.config
[0.106s] -- Installing: /home/aurora/RM25/install/rm_robot_description_sim/share/rm_robot_description_sim/meshes/obstacles/obstacle10
[0.106s] -- Installing: /home/aurora/RM25/install/rm_robot_description_sim/share/rm_robot_description_sim/meshes/obstacles/obstacle10/model.sdf
[0.106s] -- Installing: /home/aurora/RM25/install/rm_robot_description_sim/share/rm_robot_description_sim/meshes/obstacles/obstacle10/model.config
[0.106s] -- Installing: /home/aurora/RM25/install/rm_robot_description_sim/share/rm_robot_description_sim/meshes/obstacles/obstacle3
[0.107s] -- Installing: /home/aurora/RM25/install/rm_robot_description_sim/share/rm_robot_description_sim/meshes/obstacles/obstacle3/model.sdf
[0.107s] -- Installing: /home/aurora/RM25/install/rm_robot_description_sim/share/rm_robot_description_sim/meshes/obstacles/obstacle3/model.config
[0.107s] -- Installing: /home/aurora/RM25/install/rm_robot_description_sim/share/rm_robot_description_sim/meshes/obstacles/obstacle_plugin
[0.107s] -- Installing: /home/aurora/RM25/install/rm_robot_description_sim/share/rm_robot_description_sim/meshes/obstacles/obstacle_plugin/obstacle1.cc
[0.107s] -- Installing: /home/aurora/RM25/install/rm_robot_description_sim/share/rm_robot_description_sim/meshes/obstacles/obstacle_plugin/obstacle3.cc
[0.107s] -- Installing: /home/aurora/RM25/install/rm_robot_description_sim/share/rm_robot_description_sim/meshes/obstacles/obstacle_plugin/obstacle4.cc
[0.107s] -- Installing: /home/aurora/RM25/install/rm_robot_description_sim/share/rm_robot_description_sim/meshes/obstacles/obstacle_plugin/obstacle8.cc
[0.107s] -- Installing: /home/aurora/RM25/install/rm_robot_description_sim/share/rm_robot_description_sim/meshes/obstacles/obstacle_plugin/lib
[0.107s] -- Installing: /home/aurora/RM25/install/rm_robot_description_sim/share/rm_robot_description_sim/meshes/obstacles/obstacle_plugin/lib/libobstacles.so
[0.107s] -- Installing: /home/aurora/RM25/install/rm_robot_description_sim/share/rm_robot_description_sim/meshes/obstacles/obstacle_plugin/lib/libobstacle4.so
[0.108s] -- Installing: /home/aurora/RM25/install/rm_robot_description_sim/share/rm_robot_description_sim/meshes/obstacles/obstacle_plugin/lib/libobstacle5.so
[0.109s] -- Installing: /home/aurora/RM25/install/rm_robot_description_sim/share/rm_robot_description_sim/meshes/obstacles/obstacle_plugin/lib/libobstacle12.so
[0.109s] -- Installing: /home/aurora/RM25/install/rm_robot_description_sim/share/rm_robot_description_sim/meshes/obstacles/obstacle_plugin/lib/libobstacle8.so
[0.110s] -- Installing: /home/aurora/RM25/install/rm_robot_description_sim/share/rm_robot_description_sim/meshes/obstacles/obstacle_plugin/lib/libobstacle7.so
[0.111s] -- Installing: /home/aurora/RM25/install/rm_robot_description_sim/share/rm_robot_description_sim/meshes/obstacles/obstacle_plugin/lib/libobstacle9.so
[0.112s] -- Installing: /home/aurora/RM25/install/rm_robot_description_sim/share/rm_robot_description_sim/meshes/obstacles/obstacle_plugin/lib/libobstacle6.so
[0.112s] -- Installing: /home/aurora/RM25/install/rm_robot_description_sim/share/rm_robot_description_sim/meshes/obstacles/obstacle_plugin/lib/libobstacle11.so
[0.113s] -- Installing: /home/aurora/RM25/install/rm_robot_description_sim/share/rm_robot_description_sim/meshes/obstacles/obstacle_plugin/lib/libobstacle3.so
[0.113s] -- Installing: /home/aurora/RM25/install/rm_robot_description_sim/share/rm_robot_description_sim/meshes/obstacles/obstacle_plugin/lib/libobstacle1.so
[0.114s] -- Installing: /home/aurora/RM25/install/rm_robot_description_sim/share/rm_robot_description_sim/meshes/obstacles/obstacle_plugin/lib/libobstacle2.so
[0.114s] -- Installing: /home/aurora/RM25/install/rm_robot_description_sim/share/rm_robot_description_sim/meshes/obstacles/obstacle_plugin/lib/libobstacle10.so
[0.115s] -- Installing: /home/aurora/RM25/install/rm_robot_description_sim/share/rm_robot_description_sim/meshes/obstacles/obstacle_plugin/obstacle10.cc
[0.115s] -- Installing: /home/aurora/RM25/install/rm_robot_description_sim/share/rm_robot_description_sim/meshes/obstacles/obstacle_plugin/obstacle6.cc
[0.115s] -- Installing: /home/aurora/RM25/install/rm_robot_description_sim/share/rm_robot_description_sim/meshes/obstacles/obstacle_plugin/obstacle5.cc
[0.116s] -- Installing: /home/aurora/RM25/install/rm_robot_description_sim/share/rm_robot_description_sim/meshes/obstacles/obstacle_plugin/obstacle11.cc
[0.116s] -- Installing: /home/aurora/RM25/install/rm_robot_description_sim/share/rm_robot_description_sim/meshes/obstacles/obstacle_plugin/CMakeLists.txt
[0.116s] -- Installing: /home/aurora/RM25/install/rm_robot_description_sim/share/rm_robot_description_sim/meshes/obstacles/obstacle_plugin/obstacle2.cc
[0.116s] -- Installing: /home/aurora/RM25/install/rm_robot_description_sim/share/rm_robot_description_sim/meshes/obstacles/obstacle_plugin/obstacle9.cc
[0.116s] -- Installing: /home/aurora/RM25/install/rm_robot_description_sim/share/rm_robot_description_sim/meshes/obstacles/obstacle_plugin/obstacles.cc
[0.116s] -- Installing: /home/aurora/RM25/install/rm_robot_description_sim/share/rm_robot_description_sim/meshes/obstacles/obstacle_plugin/obstacle7.cc
[0.116s] -- Installing: /home/aurora/RM25/install/rm_robot_description_sim/share/rm_robot_description_sim/meshes/obstacles/obstacle_plugin/obstacle12.cc
[0.116s] -- Installing: /home/aurora/RM25/install/rm_robot_description_sim/share/rm_robot_description_sim/meshes/obstacles/obstacle_plugin/obstacle13.cc
[0.116s] -- Installing: /home/aurora/RM25/install/rm_robot_description_sim/share/rm_robot_description_sim/meshes/obstacles/obstacle6
[0.116s] -- Installing: /home/aurora/RM25/install/rm_robot_description_sim/share/rm_robot_description_sim/meshes/obstacles/obstacle6/model.sdf
[0.116s] -- Installing: /home/aurora/RM25/install/rm_robot_description_sim/share/rm_robot_description_sim/meshes/obstacles/obstacle6/model.config
[0.116s] -- Installing: /home/aurora/RM25/install/rm_robot_description_sim/share/rm_robot_description_sim/meshes/obstacles/obstacle1
[0.116s] -- Installing: /home/aurora/RM25/install/rm_robot_description_sim/share/rm_robot_description_sim/meshes/obstacles/obstacle1/model.sdf
[0.116s] -- Installing: /home/aurora/RM25/install/rm_robot_description_sim/share/rm_robot_description_sim/meshes/obstacles/obstacle1/model.config
[0.116s] -- Installing: /home/aurora/RM25/install/rm_robot_description_sim/share/rm_robot_description_sim/meshes/obstacles/obstacle12
[0.117s] -- Installing: /home/aurora/RM25/install/rm_robot_description_sim/share/rm_robot_description_sim/meshes/obstacles/obstacle12/model.sdf
[0.117s] -- Installing: /home/aurora/RM25/install/rm_robot_description_sim/share/rm_robot_description_sim/meshes/obstacles/obstacle12/model.config
[0.117s] -- Installing: /home/aurora/RM25/install/rm_robot_description_sim/share/rm_robot_description_sim/meshes/obstacles/obstacle7
[0.117s] -- Installing: /home/aurora/RM25/install/rm_robot_description_sim/share/rm_robot_description_sim/meshes/obstacles/obstacle7/model.sdf
[0.117s] -- Installing: /home/aurora/RM25/install/rm_robot_description_sim/share/rm_robot_description_sim/meshes/obstacles/obstacle7/model.config
[0.117s] -- Installing: /home/aurora/RM25/install/rm_robot_description_sim/share/rm_robot_description_sim/meshes/obstacles/obstacle8
[0.117s] -- Installing: /home/aurora/RM25/install/rm_robot_description_sim/share/rm_robot_description_sim/meshes/obstacles/obstacle8/model.sdf
[0.117s] -- Installing: /home/aurora/RM25/install/rm_robot_description_sim/share/rm_robot_description_sim/meshes/obstacles/obstacle8/model.config
[0.117s] -- Installing: /home/aurora/RM25/install/rm_robot_description_sim/share/rm_robot_description_sim/meshes/obstacles/obstacle9
[0.117s] -- Installing: /home/aurora/RM25/install/rm_robot_description_sim/share/rm_robot_description_sim/meshes/obstacles/obstacle9/model.sdf
[0.117s] -- Installing: /home/aurora/RM25/install/rm_robot_description_sim/share/rm_robot_description_sim/meshes/obstacles/obstacle9/model.config
[0.117s] -- Installing: /home/aurora/RM25/install/rm_robot_description_sim/share/rm_robot_description_sim/meshes/display.launch
[0.117s] -- Installing: /home/aurora/RM25/install/rm_robot_description_sim/share/rm_robot_description_sim/meshes/gazebo.launch.py
[0.117s] -- Installing: /home/aurora/RM25/install/rm_robot_description_sim/share/rm_robot_description_sim/meshes/omniwheel3_link.STL
[0.119s] -- Installing: /home/aurora/RM25/install/rm_robot_description_sim/share/rm_robot_description_sim/meshes/RMUC_2024.stl
[0.120s] -- Installing: /home/aurora/RM25/install/rm_robot_description_sim/share/rm_robot_description_sim/meshes/mid360.stl
[0.124s] -- Installing: /home/aurora/RM25/install/rm_robot_description_sim/share/rm_robot_description_sim/meshes/RMUL_2024.stl
[0.140s] -- Installing: /home/aurora/RM25/install/rm_robot_description_sim/share/rm_robot_description_sim/meshes/controller_link.STL
[0.140s] -- Installing: /home/aurora/RM25/install/rm_robot_description_sim/share/rm_robot_description_sim/meshes/display.launch.py
[0.140s] -- Installing: /home/aurora/RM25/install/rm_robot_description_sim/share/rm_robot_description_sim/meshes/gazebo.launch
[0.140s] -- Installing: /home/aurora/RM25/install/rm_robot_description_sim/share/rm_robot_description_sim/meshes/omniwheel1_link.STL
[0.142s] -- Installing: /home/aurora/RM25/install/rm_robot_description_sim/share/rm_robot_description_sim/meshes/omniwheel4_link.STL
[0.146s] -- Installing: /home/aurora/RM25/install/rm_robot_description_sim/share/rm_robot_description_sim/meshes/base_link.STL
[0.146s] -- Installing: /home/aurora/RM25/install/rm_robot_description_sim/share/rm_robot_description_sim/meshes/mid360laser_link.STL
[0.148s] -- Installing: /home/aurora/RM25/install/rm_robot_description_sim/share/rm_robot_description_sim/meshes/omniwheel2_link.STL
[0.151s] -- Installing: /home/aurora/RM25/install/rm_robot_description_sim/share/rm_robot_description_sim/world
[0.151s] -- Installing: /home/aurora/RM25/install/rm_robot_description_sim/share/rm_robot_description_sim/world/rmul
[0.151s] -- Installing: /home/aurora/RM25/install/rm_robot_description_sim/share/rm_robot_description_sim/world/rmul/RMUL25.world
[0.151s] -- Installing: /home/aurora/RM25/install/rm_robot_description_sim/share/rm_robot_description_sim/world/rmul/model.sdf
[0.151s] -- Installing: /home/aurora/RM25/install/rm_robot_description_sim/share/rm_robot_description_sim/world/rmul/model.config
[0.151s] -- Installing: /home/aurora/RM25/install/rm_robot_description_sim/share/rm_robot_description_sim/world/RMUL25.world
[0.151s] -- Installing: /home/aurora/RM25/install/rm_robot_description_sim/share/rm_robot_description_sim/world/RMUC24_world.world
[0.151s] -- Installing: /home/aurora/RM25/install/rm_robot_description_sim/share/rm_robot_description_sim/world/my_world.world
[0.151s] -- Installing: /home/aurora/RM25/install/rm_robot_description_sim/share/rm_robot_description_sim/world/25UL
[0.151s] -- Installing: /home/aurora/RM25/install/rm_robot_description_sim/share/rm_robot_description_sim/world/25UL/RMUL25.world
[0.151s] -- Installing: /home/aurora/RM25/install/rm_robot_description_sim/share/rm_robot_description_sim/world/25UL/model.sdf
[0.151s] -- Installing: /home/aurora/RM25/install/rm_robot_description_sim/share/rm_robot_description_sim/world/25UL/model.config
[0.151s] -- Installing: /home/aurora/RM25/install/rm_robot_description_sim/share/rm_robot_description_sim/rviz
[0.151s] -- Installing: /home/aurora/RM25/install/rm_robot_description_sim/share/rm_robot_description_sim/rviz/fastlio.rviz
[0.151s] -- Installing: /home/aurora/RM25/install/rm_robot_description_sim/share/rm_robot_description_sim/rviz/rviz2.rviz
[0.151s] -- Installing: /home/aurora/RM25/install/rm_robot_description_sim/share/rm_robot_description_sim/rviz/urdf_config.rviz
[0.151s] -- Installing: /home/aurora/RM25/install/rm_robot_description_sim/share/ament_index/resource_index/package_run_dependencies/rm_robot_description_sim
[0.151s] -- Installing: /home/aurora/RM25/install/rm_robot_description_sim/share/ament_index/resource_index/parent_prefix_path/rm_robot_description_sim
[0.151s] -- Installing: /home/aurora/RM25/install/rm_robot_description_sim/share/rm_robot_description_sim/environment/ament_prefix_path.sh
[0.151s] -- Installing: /home/aurora/RM25/install/rm_robot_description_sim/share/rm_robot_description_sim/environment/ament_prefix_path.dsv
[0.151s] -- Installing: /home/aurora/RM25/install/rm_robot_description_sim/share/rm_robot_description_sim/environment/path.sh
[0.152s] -- Installing: /home/aurora/RM25/install/rm_robot_description_sim/share/rm_robot_description_sim/environment/path.dsv
[0.152s] -- Installing: /home/aurora/RM25/install/rm_robot_description_sim/share/rm_robot_description_sim/local_setup.bash
[0.152s] -- Installing: /home/aurora/RM25/install/rm_robot_description_sim/share/rm_robot_description_sim/local_setup.sh
[0.152s] -- Installing: /home/aurora/RM25/install/rm_robot_description_sim/share/rm_robot_description_sim/local_setup.zsh
[0.152s] -- Installing: /home/aurora/RM25/install/rm_robot_description_sim/share/rm_robot_description_sim/local_setup.dsv
[0.152s] -- Installing: /home/aurora/RM25/install/rm_robot_description_sim/share/rm_robot_description_sim/package.dsv
[0.152s] -- Installing: /home/aurora/RM25/install/rm_robot_description_sim/share/ament_index/resource_index/packages/rm_robot_description_sim
[0.152s] -- Installing: /home/aurora/RM25/install/rm_robot_description_sim/share/rm_robot_description_sim/cmake/rm_robot_description_simConfig.cmake
[0.152s] -- Installing: /home/aurora/RM25/install/rm_robot_description_sim/share/rm_robot_description_sim/cmake/rm_robot_description_simConfig-version.cmake
[0.152s] -- Installing: /home/aurora/RM25/install/rm_robot_description_sim/share/rm_robot_description_sim/package.xml
[0.155s] Invoked command in '/home/aurora/RM25/build/rm_robot_description_sim' returned '0': CMAKE_PREFIX_PATH=${CMAKE_PREFIX_PATH}:/home/aurora/ros_ws/install/sdformat_tools:/opt/ros/humble /usr/bin/cmake --install /home/aurora/RM25/build/rm_robot_description_sim
