[2.784s] Invoking command in '/home/aurora/RM25/build/dwb_core': AMENT_PREFIX_PATH=/home/aurora/RM25/install/nav2_core:/home/aurora/RM25/install/nav2_costmap_2d:/home/aurora/RM25/install/nav_2d_utils:/home/aurora/RM25/install/nav2_map_server:/home/aurora/RM25/install/nav2_lifecycle_manager:/home/aurora/RM25/install/nav2_util:/home/aurora/RM25/install/nav2_voxel_grid:/home/aurora/RM25/install/dwb_msgs:/home/aurora/RM25/install/nav_2d_msgs:/home/aurora/RM25/install/nav2_common:${AMENT_PREFIX_PATH} CMAKE_PREFIX_PATH=/home/aurora/RM25/install/nav2_core:/home/aurora/RM25/install/nav2_costmap_2d:/home/aurora/RM25/install/nav_2d_utils:/home/aurora/RM25/install/nav2_map_server:/home/aurora/RM25/install/nav2_lifecycle_manager:/home/aurora/RM25/install/nav2_util:/home/aurora/RM25/install/nav2_voxel_grid:/home/aurora/RM25/install/nav2_msgs:/home/aurora/RM25/install/dwb_msgs:/home/aurora/RM25/install/nav_2d_msgs:/home/aurora/RM25/install/nav2_common:/home/aurora/RM25/install/rm_robot_description:/home/aurora/RM25/install/nav2_bringup:/home/aurora/RM25/install/four_omniwheel_robot:/home/aurora/ws_helloworld/install/pkg01_helloworld_cpp:/home/aurora/ws_helloworld/install/learning_tf2_cpp:/home/aurora/ws_helloworld/install/pkg02_helloworld_py:/opt/ros/humble LD_LIBRARY_PATH=/home/aurora/RM25/install/nav2_costmap_2d/lib:/home/aurora/RM25/install/nav_2d_utils/lib:/home/aurora/RM25/install/nav2_map_server/lib:/home/aurora/RM25/install/nav2_lifecycle_manager/lib:/home/aurora/RM25/install/nav2_util/lib:/home/aurora/RM25/install/nav2_voxel_grid/lib:/home/aurora/RM25/install/nav2_msgs/lib:/home/aurora/RM25/install/dwb_msgs/lib:/home/aurora/RM25/install/nav_2d_msgs/lib:/usr/lib/x86_64-linux-gnu/gazebo-11/plugins:/opt/ros/humble/opt/rviz_ogre_vendor/lib:/opt/ros/humble/lib/x86_64-linux-gnu:/opt/ros/humble/lib PYTHONPATH=/home/aurora/RM25/install/dwb_msgs/local/lib/python3.10/dist-packages:/home/aurora/RM25/install/nav_2d_msgs/local/lib/python3.10/dist-packages:/home/aurora/RM25/install/nav2_common/local/lib/python3.10/dist-packages:${PYTHONPATH} /usr/bin/cmake /home/aurora/RM25/src/rm_navigation2/nav2_dwb_controller/dwb_core -DAMENT_CMAKE_SYMLINK_INSTALL=1 -DCMAKE_INSTALL_PREFIX=/home/aurora/RM25/install/dwb_core
[18.879s] -- The C compiler identification is GNU 11.4.0
[18.879s] -- The CXX compiler identification is GNU 11.4.0
[18.879s] -- Detecting C compiler ABI info
[18.879s] -- Detecting C compiler ABI info - done
[18.879s] -- Check for working C compiler: /usr/bin/cc - skipped
[18.879s] -- Detecting C compile features
[18.879s] -- Detecting C compile features - done
[18.879s] -- Detecting CXX compiler ABI info
[18.879s] -- Detecting CXX compiler ABI info - done
[18.879s] -- Check for working CXX compiler: /usr/bin/c++ - skipped
[18.879s] -- Detecting CXX compile features
[18.879s] -- Detecting CXX compile features - done
[18.879s] -- Found ament_cmake: 1.3.10 (/opt/ros/humble/share/ament_cmake/cmake)
[18.879s] -- Found Python3: /usr/bin/python3 (found version "3.10.12") found components: Interpreter 
[18.879s] -- Override CMake install command with custom implementation using symlinks instead of copying resources
[18.879s] -- Found nav2_common: 1.1.16 (/opt/ros/humble/share/nav2_common/cmake)
[18.879s] -- Found rclcpp: 16.0.10 (/opt/ros/humble/share/rclcpp/cmake)
[18.880s] -- Found rosidl_generator_c: 3.1.5 (/opt/ros/humble/share/rosidl_generator_c/cmake)
[18.880s] -- Found rosidl_adapter: 3.1.5 (/opt/ros/humble/share/rosidl_adapter/cmake)
[18.880s] -- Found rosidl_generator_cpp: 3.1.5 (/opt/ros/humble/share/rosidl_generator_cpp/cmake)
[18.880s] -- Using all available rosidl_typesupport_c: rosidl_typesupport_fastrtps_c;rosidl_typesupport_introspection_c
[18.880s] -- Using all available rosidl_typesupport_cpp: rosidl_typesupport_fastrtps_cpp;rosidl_typesupport_introspection_cpp
[18.880s] -- Found rmw_implementation_cmake: 6.1.2 (/opt/ros/humble/share/rmw_implementation_cmake/cmake)
[18.880s] -- Found rmw_fastrtps_cpp: 6.2.7 (/opt/ros/humble/share/rmw_fastrtps_cpp/cmake)
[18.880s] -- Found OpenSSL: /usr/lib/x86_64-linux-gnu/libcrypto.so (found version "3.0.2")  
[18.880s] -- Found FastRTPS: /opt/ros/humble/include  
[18.880s] -- Using RMW implementation 'rmw_fastrtps_cpp' as default
[18.880s] -- Looking for pthread.h
[18.880s] -- Looking for pthread.h - found
[18.880s] -- Performing Test CMAKE_HAVE_LIBC_PTHREAD
[18.880s] -- Performing Test CMAKE_HAVE_LIBC_PTHREAD - Success
[18.880s] -- Found Threads: TRUE  
[18.880s] -- Found geometry_msgs: 4.2.4 (/opt/ros/humble/share/geometry_msgs/cmake)
[18.880s] -- Found nav_2d_msgs: 1.1.17 (/home/aurora/RM25/install/nav_2d_msgs/share/nav_2d_msgs/cmake)
[18.880s] -- Found dwb_msgs: 1.1.17 (/home/aurora/RM25/install/dwb_msgs/share/dwb_msgs/cmake)
[18.925s] -- Found nav2_costmap_2d: 1.1.17 (/home/aurora/RM25/install/nav2_costmap_2d/share/nav2_costmap_2d/cmake)
[19.355s] -- Found Eigen3: TRUE (found version "3.4.0") 
[19.355s] -- Ensuring Eigen3 include directory is part of orocos-kdl CMake target
[24.215s] -- Found nav_2d_utils: 1.1.17 (/home/aurora/RM25/install/nav_2d_utils/share/nav_2d_utils/cmake)
[24.265s] -- Found nav2_core: 1.1.17 (/home/aurora/RM25/install/nav2_core/share/nav2_core/cmake)
[24.293s] -- Setting build type to Release as none was specified.
[25.041s] -- Found ament_lint_auto: 0.12.11 (/opt/ros/humble/share/ament_lint_auto/cmake)
[25.886s] -- Found gtest sources under '/opt/ros/humble/src/gtest_vendor': C++ tests using 'Google Test' will be built
[25.982s] -- Added test 'cppcheck' to perform static code analysis on C / C++ code
[25.984s] -- Configured cppcheck include dirs: /home/aurora/RM25/src/rm_navigation2/nav2_dwb_controller/dwb_core/include
[25.984s] -- Configured cppcheck exclude dirs and/or files: 
[25.993s] -- Added test 'cpplint' to check C / C++ code against the Google style
[25.994s] -- Configured cpplint exclude dirs and/or files: 
[26.000s] -- Added test 'lint_cmake' to check CMake code style
[26.014s] -- Added test 'uncrustify' to check C / C++ code style
[26.015s] -- Configured uncrustify additional arguments: 
[26.017s] -- Added test 'xmllint' to check XML markup files
[26.067s] -- Configuring done
[41.832s] -- Generating done
[41.839s] -- Build files have been written to: /home/aurora/RM25/build/dwb_core
