[0.017s] Invoking command in '/home/aurora/RM25/src/rm_driver/build/livox_ros_driver2': /usr/bin/cmake /home/aurora/RM25/src/rm_driver/livox_ros_driver2 -DCMAKE_INSTALL_PREFIX=/home/aurora/RM25/src/rm_driver/install/livox_ros_driver2
[0.194s] -- The C compiler identification is GNU 11.4.0
[0.630s] -- The CXX compiler identification is GNU 11.4.0
[0.978s] -- Detecting C compiler ABI info
[1.088s] -- Detecting C compiler ABI info - done
[1.092s] -- Check for working C compiler: /usr/bin/cc - skipped
[1.092s] -- Detecting C compile features
[1.092s] -- Detecting C compile features - done
[1.094s] -- Detecting CXX compiler ABI info
[1.193s] -- Detecting CXX compiler ABI info - done
[1.195s] -- Check for working CXX compiler: /usr/bin/c++ - skipped
[1.195s] -- Detecting CXX compile features
[1.195s] -- Detecting CXX compile features - done
[1.195s] -- livox_ros_driver2 version: 1.2.4
[1.196s] -- Found ament_cmake_auto: 1.3.10 (/opt/ros/humble/share/ament_cmake_auto/cmake)
[1.327s] -- Found Python3: /usr/bin/python3 (found version "3.10.12") found components: Interpreter 
[1.431s] [0mCMake Error: File /home/aurora/RM25/src/rm_driver/livox_ros_driver2/package.xml does not exist.[0m
[1.431s] [31mCMake Error at /opt/ros/humble/share/ament_cmake_core/cmake/core/stamp.cmake:24 (configure_file):
[1.432s]   configure_file Problem configuring file
[1.432s] Call Stack (most recent call first):
[1.432s]   /opt/ros/humble/share/ament_cmake_core/cmake/core/ament_package_xml.cmake:73 (stamp)
[1.432s]   /opt/ros/humble/share/ament_cmake_core/cmake/core/ament_package_xml.cmake:49 (_ament_package_xml)
[1.432s]   /opt/ros/humble/share/ament_cmake_auto/cmake/ament_auto_find_build_dependencies.cmake:42 (ament_package_xml)
[1.432s]   CMakeLists.txt:225 (ament_auto_find_build_dependencies)
[1.432s] 
[1.432s] [0m
[1.467s] -- Checking for module 'eigen3'
[1.536s] --   Found eigen3, version 3.4.0
[1.725s] -- Found Eigen: /usr/include/eigen3 (Required is at least version "3.1") 
[1.725s] -- Eigen found (include: /usr/include/eigen3, version: 3.4.0)
[1.731s] -- Found Boost: /usr/lib/x86_64-linux-gnu/cmake/Boost-1.74.0/BoostConfig.cmake (found suitable version "1.74.0", minimum required is "1.65.0") found components: system filesystem date_time iostreams serialization 
[4.339s] -- Checking for module 'flann'
[4.437s] --   Found flann, version 1.9.1
[5.504s] -- Found FLANN: /usr/lib/x86_64-linux-gnu/libflann_cpp.so  
[5.505s] -- FLANN found (include: /usr/include, lib: /usr/lib/x86_64-linux-gnu/libflann_cpp.so)
[5.554s] -- Looking for pthread.h
[6.008s] -- Looking for pthread.h - found
[6.008s] -- Performing Test CMAKE_HAVE_LIBC_PTHREAD
[6.408s] -- Performing Test CMAKE_HAVE_LIBC_PTHREAD - Success
[6.408s] -- Found Threads: TRUE  
[6.408s] -- Found GLEW: /usr/lib/x86_64-linux-gnu/libGLEW.so  
[6.525s] -- Found OpenGL: /usr/lib/x86_64-linux-gnu/libOpenGL.so  found components: OpenGL GLX 
[6.854s] -- Found MPI_C: /usr/lib/x86_64-linux-gnu/libmpi.so (found version "3.1") 
[6.855s] -- Found MPI: TRUE (found version "3.1") found components: C 
[6.855s] -- Found JsonCpp: /usr/lib/x86_64-linux-gnu/libjsoncpp.so (found suitable version "1.9.5", minimum required is "0.7.0") 
[7.638s] -- Found ZLIB: /usr/lib/x86_64-linux-gnu/libz.so (found version "1.2.11") 
[8.755s] -- Found PNG: /usr/lib/x86_64-linux-gnu/libpng.so (found version "1.6.37") 
[8.762s] -- Found Eigen3: /usr/include/eigen3 (found version "3.4.0") 
[11.483s] -- Found X11: /usr/include   
[11.483s] -- Looking for XOpenDisplay in /usr/lib/x86_64-linux-gnu/libX11.so;/usr/lib/x86_64-linux-gnu/libXext.so
[11.702s] -- Looking for XOpenDisplay in /usr/lib/x86_64-linux-gnu/libX11.so;/usr/lib/x86_64-linux-gnu/libXext.so - found
[11.702s] -- Looking for gethostbyname
[11.870s] -- Looking for gethostbyname - found
[11.870s] -- Looking for connect
[12.132s] -- Looking for connect - found
[12.132s] -- Looking for remove
[12.376s] -- Looking for remove - found
[12.376s] -- Looking for shmat
[12.570s] -- Looking for shmat - found
[12.570s] -- Looking for IceConnectionNumber in ICE
[12.734s] -- Looking for IceConnectionNumber in ICE - found
[15.266s] -- Found EXPAT: /usr/lib/x86_64-linux-gnu/libexpat.so (found version "2.4.7") 
[15.267s] -- Found double-conversion: /usr/lib/x86_64-linux-gnu/libdouble-conversion.so  
[15.268s] -- Found LZ4: /usr/lib/x86_64-linux-gnu/liblz4.so (found version "1.9.3") 
[15.270s] -- Found LZMA: /usr/lib/x86_64-linux-gnu/liblzma.so (found version "5.2.5") 
[15.781s] -- Found JPEG: /usr/lib/x86_64-linux-gnu/libjpeg.so (found version "80") 
[16.238s] -- Found TIFF: /usr/lib/x86_64-linux-gnu/libtiff.so (found version "4.3.0")  
[16.242s] -- Found Freetype: /usr/lib/x86_64-linux-gnu/libfreetype.so (found version "2.11.1") 
[16.246s] -- Found utf8cpp: /usr/include/utf8cpp  
[16.300s] -- Checking for module 'libusb-1.0'
[16.307s] --   Found libusb-1.0, version 1.0.25
[16.426s] -- Found libusb: /usr/lib/x86_64-linux-gnu/libusb-1.0.so  
[16.426s] -- Found OpenNI: /usr/lib/libOpenNI.so;libusb::libusb (found version "1.5.4.0") 
[16.426s] -- OpenNI found (version: 1.5.4.0, include: /usr/include/ni, lib: /usr/lib/libOpenNI.so;libusb::libusb)
[16.842s] -- Found OpenNI2: /usr/lib/x86_64-linux-gnu/libOpenNI2.so;libusb::libusb (found version "2.2.0.33") 
[16.842s] -- OpenNI2 found (version: 2.2.0.33, include: /usr/include/openni2, lib: /usr/lib/x86_64-linux-gnu/libOpenNI2.so;libusb::libusb)
[16.842s] [0m** WARNING ** io features related to pcap will be disabled[0m
[23.405s] -- Eigen found (include: /usr/include/eigen3, version: 3.4.0)
[23.408s] -- OpenNI found (version: 1.5.4.0, include: /usr/include/ni, lib: /usr/lib/libOpenNI.so;libusb::libusb)
[23.411s] -- OpenNI2 found (version: 2.2.0.33, include: /usr/include/openni2, lib: /usr/lib/x86_64-linux-gnu/libOpenNI2.so;libusb::libusb)
[27.202s] -- Found Qhull version 8.0.2
[30.187s] -- OpenNI found (version: 1.5.4.0, include: /usr/include/ni, lib: /usr/lib/libOpenNI.so;libusb::libusb)
[33.093s] -- looking for PCL_COMMON
[33.094s] -- Found PCL_COMMON: /usr/lib/x86_64-linux-gnu/libpcl_common.so  
[33.094s] -- looking for PCL_KDTREE
[33.094s] -- Found PCL_KDTREE: /usr/lib/x86_64-linux-gnu/libpcl_kdtree.so  
[33.095s] -- looking for PCL_OCTREE
[33.095s] -- Found PCL_OCTREE: /usr/lib/x86_64-linux-gnu/libpcl_octree.so  
[33.095s] -- looking for PCL_SEARCH
[33.095s] -- Found PCL_SEARCH: /usr/lib/x86_64-linux-gnu/libpcl_search.so  
[33.095s] -- looking for PCL_SAMPLE_CONSENSUS
[33.096s] -- Found PCL_SAMPLE_CONSENSUS: /usr/lib/x86_64-linux-gnu/libpcl_sample_consensus.so  
[33.096s] -- looking for PCL_FILTERS
[33.096s] -- Found PCL_FILTERS: /usr/lib/x86_64-linux-gnu/libpcl_filters.so  
[33.096s] -- looking for PCL_2D
[33.097s] -- Found PCL_2D: /usr/include/pcl-1.12  
[33.097s] -- looking for PCL_GEOMETRY
[33.097s] -- Found PCL_GEOMETRY: /usr/include/pcl-1.12  
[33.097s] -- looking for PCL_IO
[33.097s] -- Found PCL_IO: /usr/lib/x86_64-linux-gnu/libpcl_io.so  
[33.097s] -- looking for PCL_FEATURES
[33.098s] -- Found PCL_FEATURES: /usr/lib/x86_64-linux-gnu/libpcl_features.so  
[33.098s] -- looking for PCL_ML
[33.098s] -- Found PCL_ML: /usr/lib/x86_64-linux-gnu/libpcl_ml.so  
[33.098s] -- looking for PCL_SEGMENTATION
[33.099s] -- Found PCL_SEGMENTATION: /usr/lib/x86_64-linux-gnu/libpcl_segmentation.so  
[33.099s] -- looking for PCL_VISUALIZATION
[33.099s] -- Found PCL_VISUALIZATION: /usr/lib/x86_64-linux-gnu/libpcl_visualization.so  
[33.099s] -- looking for PCL_SURFACE
[33.100s] -- Found PCL_SURFACE: /usr/lib/x86_64-linux-gnu/libpcl_surface.so  
[33.100s] -- looking for PCL_REGISTRATION
[33.100s] -- Found PCL_REGISTRATION: /usr/lib/x86_64-linux-gnu/libpcl_registration.so  
[33.100s] -- looking for PCL_KEYPOINTS
[33.101s] -- Found PCL_KEYPOINTS: /usr/lib/x86_64-linux-gnu/libpcl_keypoints.so  
[33.101s] -- looking for PCL_TRACKING
[33.101s] -- Found PCL_TRACKING: /usr/lib/x86_64-linux-gnu/libpcl_tracking.so  
[33.101s] -- looking for PCL_RECOGNITION
[33.102s] -- Found PCL_RECOGNITION: /usr/lib/x86_64-linux-gnu/libpcl_recognition.so  
[33.102s] -- looking for PCL_STEREO
[33.102s] -- Found PCL_STEREO: /usr/lib/x86_64-linux-gnu/libpcl_stereo.so  
[33.102s] -- looking for PCL_APPS
[33.103s] -- Found PCL_APPS: /usr/lib/x86_64-linux-gnu/libpcl_apps.so  
[33.103s] -- looking for PCL_IN_HAND_SCANNER
[33.103s] -- Found PCL_IN_HAND_SCANNER: /usr/include/pcl-1.12  
[33.103s] -- looking for PCL_MODELER
[33.103s] -- Found PCL_MODELER: /usr/include/pcl-1.12  
[33.104s] -- looking for PCL_POINT_CLOUD_EDITOR
[33.104s] -- Found PCL_POINT_CLOUD_EDITOR: /usr/include/pcl-1.12  
[33.104s] -- looking for PCL_OUTOFCORE
[33.104s] -- Found PCL_OUTOFCORE: /usr/lib/x86_64-linux-gnu/libpcl_outofcore.so  
[33.104s] -- looking for PCL_PEOPLE
[33.105s] -- Found PCL_PEOPLE: /usr/lib/x86_64-linux-gnu/libpcl_people.so  
[33.105s] -- Found PCL: pcl_common;pcl_kdtree;pcl_octree;pcl_search;pcl_sample_consensus;pcl_filters;pcl_io;pcl_features;pcl_ml;pcl_segmentation;pcl_visualization;pcl_surface;pcl_registration;pcl_keypoints;pcl_tracking;pcl_recognition;pcl_stereo;pcl_apps;pcl_outofcore;pcl_people;Boost::system;Boost::filesystem;Boost::date_time;Boost::iostreams;Boost::serialization;/usr/lib/libOpenNI.so;libusb::libusb;/usr/lib/x86_64-linux-gnu/libOpenNI2.so;libusb::libusb;VTK::ChartsCore;VTK::CommonColor;VTK::CommonComputationalGeometry;VTK::CommonCore;VTK::CommonDataModel;VTK::CommonExecutionModel;VTK::CommonMath;VTK::CommonMisc;VTK::CommonTransforms;VTK::FiltersCore;VTK::FiltersExtraction;VTK::FiltersGeneral;VTK::FiltersGeometry;VTK::FiltersModeling;VTK::FiltersSources;VTK::ImagingCore;VTK::ImagingSources;VTK::InteractionImage;VTK::InteractionStyle;VTK::InteractionWidgets;VTK::IOCore;VTK::IOGeometry;VTK::IOImage;VTK::IOLegacy;VTK::IOPLY;VTK::RenderingAnnotation;VTK::RenderingCore;VTK::RenderingContext2D;VTK::RenderingLOD;VTK::RenderingFreeType;VTK::ViewsCore;VTK::ViewsContext2D;VTK::RenderingOpenGL2;VTK::GUISupportQt;FLANN::FLANN;QHULL::QHULL  
[33.107s] -- Found std_msgs: 4.2.4 (/opt/ros/humble/share/std_msgs/cmake)
[33.171s] -- Found rosidl_generator_c: 3.1.5 (/opt/ros/humble/share/rosidl_generator_c/cmake)
[33.173s] -- Found rosidl_adapter: 3.1.5 (/opt/ros/humble/share/rosidl_adapter/cmake)
[33.178s] -- Found rosidl_generator_cpp: 3.1.5 (/opt/ros/humble/share/rosidl_generator_cpp/cmake)
[33.185s] -- Using all available rosidl_typesupport_c: rosidl_typesupport_fastrtps_c;rosidl_typesupport_introspection_c
[33.194s] -- Using all available rosidl_typesupport_cpp: rosidl_typesupport_fastrtps_cpp;rosidl_typesupport_introspection_cpp
[33.210s] -- Found rosidl_default_generators: 1.2.0 (/opt/ros/humble/share/rosidl_default_generators/cmake)
[33.220s] -- Found PkgConfig: /usr/bin/pkg-config (found version "0.29.2") 
[33.221s] -- Checking for module 'apr-1'
[33.228s] --   Found apr-1, version 1.7.0
[33.242s] [0m/usr/include/apr-1.0[0m
[33.242s] [0mapr-1[0m
[33.316s] [0mCMake Error: File /home/aurora/RM25/src/rm_driver/livox_ros_driver2/package.xml does not exist.[0m
[33.316s] [31mCMake Error at /opt/ros/humble/share/ament_cmake_core/cmake/core/stamp.cmake:24 (configure_file):
[33.316s]   configure_file Problem configuring file
[33.316s] Call Stack (most recent call first):
[33.316s]   /opt/ros/humble/share/ament_cmake_core/cmake/core/ament_package_xml.cmake:73 (stamp)
[33.316s]   /opt/ros/humble/share/ament_cmake_core/cmake/core/ament_package_xml.cmake:49 (_ament_package_xml)
[33.316s]   /opt/ros/humble/share/rosidl_cmake/cmake/rosidl_generate_interfaces.cmake:226 (ament_package_xml)
[33.316s]   CMakeLists.txt:241 (rosidl_generate_interfaces)
[33.316s] 
[33.316s] [0m
[33.316s] [31mCMake Error at /opt/ros/humble/share/rosidl_cmake/cmake/rosidl_generate_interfaces.cmake:229 (message):
[33.316s]   Packages installing interfaces must include
[33.316s]   '<member_of_group>rosidl_interface_packages</member_of_group>' in their
[33.317s]   package.xml
[33.317s] Call Stack (most recent call first):
[33.317s]   CMakeLists.txt:241 (rosidl_generate_interfaces)
[33.317s] 
[33.317s] [0m
[33.317s] -- Configuring incomplete, errors occurred!
[33.317s] See also "/home/aurora/RM25/src/rm_driver/build/livox_ros_driver2/CMakeFiles/CMakeOutput.log".
[33.334s] Invoked command in '/home/aurora/RM25/src/rm_driver/build/livox_ros_driver2' returned '1': /usr/bin/cmake /home/aurora/RM25/src/rm_driver/livox_ros_driver2 -DCMAKE_INSTALL_PREFIX=/home/aurora/RM25/src/rm_driver/install/livox_ros_driver2
