[0.894s] Invoking command in '/home/aurora/RM25/build/nav2_core': CMAKE_PREFIX_PATH=/home/aurora/RM25/install/nav2_costmap_2d:/home/aurora/RM25/install/nav2_map_server:/home/aurora/RM25/install/nav2_lifecycle_manager:/home/aurora/RM25/install/nav2_util:/home/aurora/RM25/install/nav2_voxel_grid:/home/aurora/RM25/install/nav2_msgs:/home/aurora/RM25/install/nav2_common:/home/aurora/RM25/install/nav2_constrained_smoother:/home/aurora/RM25/install/rm_robot_description:/home/aurora/RM25/install/opennav_docking_core:/home/aurora/RM25/install/nav_2d_utils:/home/aurora/RM25/install/dwb_msgs:/home/aurora/RM25/install/nav_2d_msgs:/home/aurora/RM25/install/nav2_core:/home/aurora/RM25/install/costmap_queue:/home/aurora/RM25/install/nav2_velocity_smoother:/home/aurora/RM25/install/nav2_rviz_plugins:/home/aurora/RM25/install/nav2_behavior_tree:/home/aurora/RM25/install/nav2_amcl:/home/aurora/ws_helloworld/install/pkg01_helloworld_cpp:/home/aurora/ws_helloworld/install/learning_tf2_cpp:/home/aurora/RM25/install/nav2_simple_commander:/home/aurora/RM25/install/nav2_loopback_sim:/home/aurora/ws_helloworld/install/pkg02_helloworld_py:/opt/ros/humble LD_LIBRARY_PATH=/home/aurora/RM25/install/nav2_costmap_2d/lib:/home/aurora/RM25/install/nav2_map_server/lib:/home/aurora/RM25/install/nav2_lifecycle_manager/lib:/home/aurora/RM25/install/nav2_util/lib:/home/aurora/RM25/install/nav2_voxel_grid/lib:/home/aurora/RM25/install/nav2_msgs/lib:/home/aurora/RM25/install/nav2_constrained_smoother/lib:/home/aurora/RM25/install/nav_2d_utils/lib:/home/aurora/RM25/install/dwb_msgs/lib:/home/aurora/RM25/install/nav_2d_msgs/lib:/home/aurora/RM25/install/costmap_queue/lib:/home/aurora/RM25/install/nav2_velocity_smoother/lib:/home/aurora/RM25/install/nav2_rviz_plugins/lib:/home/aurora/RM25/install/nav2_behavior_tree/lib:/home/aurora/RM25/install/nav2_amcl/lib:/usr/lib/x86_64-linux-gnu/gazebo-11/plugins:/opt/ros/humble/opt/rviz_ogre_vendor/lib:/opt/ros/humble/lib/x86_64-linux-gnu:/opt/ros/humble/lib /usr/bin/cmake --build /home/aurora/RM25/build/nav2_core -- -j20 -l20
[0.917s] -- Found ament_cmake: 1.3.10 (/opt/ros/humble/share/ament_cmake/cmake)
[1.022s] -- Override CMake install command with custom implementation using symlinks instead of copying resources
[1.027s] -- Found nav2_common: 1.1.16 (/opt/ros/humble/share/nav2_common/cmake)
[1.027s] -- Found rclcpp: 16.0.10 (/opt/ros/humble/share/rclcpp/cmake)
[1.270s] -- Found rosidl_generator_c: 3.1.5 (/opt/ros/humble/share/rosidl_generator_c/cmake)
[1.271s] -- Found rosidl_adapter: 3.1.5 (/opt/ros/humble/share/rosidl_adapter/cmake)
[1.276s] -- Found rosidl_generator_cpp: 3.1.5 (/opt/ros/humble/share/rosidl_generator_cpp/cmake)
[1.282s] -- Using all available rosidl_typesupport_c: rosidl_typesupport_fastrtps_c;rosidl_typesupport_introspection_c
[1.290s] -- Using all available rosidl_typesupport_cpp: rosidl_typesupport_fastrtps_cpp;rosidl_typesupport_introspection_cpp
[1.312s] -- Found rmw_implementation_cmake: 6.1.2 (/opt/ros/humble/share/rmw_implementation_cmake/cmake)
[1.314s] -- Found rmw_fastrtps_cpp: 6.2.7 (/opt/ros/humble/share/rmw_fastrtps_cpp/cmake)
[12.417s] -- Using RMW implementation 'rmw_fastrtps_cpp' as default
[12.447s] -- Found rclcpp_lifecycle: 16.0.10 (/opt/ros/humble/share/rclcpp_lifecycle/cmake)
[12.456s] -- Found geometry_msgs: 4.2.4 (/opt/ros/humble/share/geometry_msgs/cmake)
[12.464s] -- Found nav2_costmap_2d: 1.1.17 (/home/aurora/RM25/install/nav2_costmap_2d/share/nav2_costmap_2d/cmake)
[12.576s] -- Ensuring Eigen3 include directory is part of orocos-kdl CMake target
[15.500s] -- Found ament_lint_auto: 0.12.11 (/opt/ros/humble/share/ament_lint_auto/cmake)
[20.307s] -- Added test 'cppcheck' to perform static code analysis on C / C++ code
[20.307s] -- Configured cppcheck include dirs: 
[20.307s] -- Configured cppcheck exclude dirs and/or files: 
[20.307s] -- Added test 'cpplint' to check C / C++ code against the Google style
[20.307s] -- Configured cpplint exclude dirs and/or files: 
[20.310s] -- Added test 'lint_cmake' to check CMake code style
[20.310s] -- Added test 'uncrustify' to check C / C++ code style
[20.310s] -- Configured uncrustify additional arguments: 
[20.310s] -- Added test 'xmllint' to check XML markup files
[20.310s] -- Configuring done
[20.314s] -- Generating done
[20.315s] -- Build files have been written to: /home/aurora/RM25/build/nav2_core
[20.333s] Invoked command in '/home/aurora/RM25/build/nav2_core' returned '0': CMAKE_PREFIX_PATH=/home/aurora/RM25/install/nav2_costmap_2d:/home/aurora/RM25/install/nav2_map_server:/home/aurora/RM25/install/nav2_lifecycle_manager:/home/aurora/RM25/install/nav2_util:/home/aurora/RM25/install/nav2_voxel_grid:/home/aurora/RM25/install/nav2_msgs:/home/aurora/RM25/install/nav2_common:/home/aurora/RM25/install/nav2_constrained_smoother:/home/aurora/RM25/install/rm_robot_description:/home/aurora/RM25/install/opennav_docking_core:/home/aurora/RM25/install/nav_2d_utils:/home/aurora/RM25/install/dwb_msgs:/home/aurora/RM25/install/nav_2d_msgs:/home/aurora/RM25/install/nav2_core:/home/aurora/RM25/install/costmap_queue:/home/aurora/RM25/install/nav2_velocity_smoother:/home/aurora/RM25/install/nav2_rviz_plugins:/home/aurora/RM25/install/nav2_behavior_tree:/home/aurora/RM25/install/nav2_amcl:/home/aurora/ws_helloworld/install/pkg01_helloworld_cpp:/home/aurora/ws_helloworld/install/learning_tf2_cpp:/home/aurora/RM25/install/nav2_simple_commander:/home/aurora/RM25/install/nav2_loopback_sim:/home/aurora/ws_helloworld/install/pkg02_helloworld_py:/opt/ros/humble LD_LIBRARY_PATH=/home/aurora/RM25/install/nav2_costmap_2d/lib:/home/aurora/RM25/install/nav2_map_server/lib:/home/aurora/RM25/install/nav2_lifecycle_manager/lib:/home/aurora/RM25/install/nav2_util/lib:/home/aurora/RM25/install/nav2_voxel_grid/lib:/home/aurora/RM25/install/nav2_msgs/lib:/home/aurora/RM25/install/nav2_constrained_smoother/lib:/home/aurora/RM25/install/nav_2d_utils/lib:/home/aurora/RM25/install/dwb_msgs/lib:/home/aurora/RM25/install/nav_2d_msgs/lib:/home/aurora/RM25/install/costmap_queue/lib:/home/aurora/RM25/install/nav2_velocity_smoother/lib:/home/aurora/RM25/install/nav2_rviz_plugins/lib:/home/aurora/RM25/install/nav2_behavior_tree/lib:/home/aurora/RM25/install/nav2_amcl/lib:/usr/lib/x86_64-linux-gnu/gazebo-11/plugins:/opt/ros/humble/opt/rviz_ogre_vendor/lib:/opt/ros/humble/lib/x86_64-linux-gnu:/opt/ros/humble/lib /usr/bin/cmake --build /home/aurora/RM25/build/nav2_core -- -j20 -l20
[20.347s] Invoking command in '/home/aurora/RM25/build/nav2_core': CMAKE_PREFIX_PATH=/home/aurora/RM25/install/nav2_costmap_2d:/home/aurora/RM25/install/nav2_map_server:/home/aurora/RM25/install/nav2_lifecycle_manager:/home/aurora/RM25/install/nav2_util:/home/aurora/RM25/install/nav2_voxel_grid:/home/aurora/RM25/install/nav2_msgs:/home/aurora/RM25/install/nav2_common:/home/aurora/RM25/install/nav2_constrained_smoother:/home/aurora/RM25/install/rm_robot_description:/home/aurora/RM25/install/opennav_docking_core:/home/aurora/RM25/install/nav_2d_utils:/home/aurora/RM25/install/dwb_msgs:/home/aurora/RM25/install/nav_2d_msgs:/home/aurora/RM25/install/nav2_core:/home/aurora/RM25/install/costmap_queue:/home/aurora/RM25/install/nav2_velocity_smoother:/home/aurora/RM25/install/nav2_rviz_plugins:/home/aurora/RM25/install/nav2_behavior_tree:/home/aurora/RM25/install/nav2_amcl:/home/aurora/ws_helloworld/install/pkg01_helloworld_cpp:/home/aurora/ws_helloworld/install/learning_tf2_cpp:/home/aurora/RM25/install/nav2_simple_commander:/home/aurora/RM25/install/nav2_loopback_sim:/home/aurora/ws_helloworld/install/pkg02_helloworld_py:/opt/ros/humble LD_LIBRARY_PATH=/home/aurora/RM25/install/nav2_costmap_2d/lib:/home/aurora/RM25/install/nav2_map_server/lib:/home/aurora/RM25/install/nav2_lifecycle_manager/lib:/home/aurora/RM25/install/nav2_util/lib:/home/aurora/RM25/install/nav2_voxel_grid/lib:/home/aurora/RM25/install/nav2_msgs/lib:/home/aurora/RM25/install/nav2_constrained_smoother/lib:/home/aurora/RM25/install/nav_2d_utils/lib:/home/aurora/RM25/install/dwb_msgs/lib:/home/aurora/RM25/install/nav_2d_msgs/lib:/home/aurora/RM25/install/costmap_queue/lib:/home/aurora/RM25/install/nav2_velocity_smoother/lib:/home/aurora/RM25/install/nav2_rviz_plugins/lib:/home/aurora/RM25/install/nav2_behavior_tree/lib:/home/aurora/RM25/install/nav2_amcl/lib:/usr/lib/x86_64-linux-gnu/gazebo-11/plugins:/opt/ros/humble/opt/rviz_ogre_vendor/lib:/opt/ros/humble/lib/x86_64-linux-gnu:/opt/ros/humble/lib /usr/bin/cmake --install /home/aurora/RM25/build/nav2_core
[20.353s] -- Install configuration: "Release"
[20.353s] -- Execute custom install script
[20.354s] -- Up-to-date symlink: /home/aurora/RM25/install/nav2_core/include//nav2_core/behavior.hpp
[20.354s] -- Up-to-date symlink: /home/aurora/RM25/install/nav2_core/include//nav2_core/controller.hpp
[20.354s] -- Up-to-date symlink: /home/aurora/RM25/install/nav2_core/include//nav2_core/exceptions.hpp
[20.354s] -- Up-to-date symlink: /home/aurora/RM25/install/nav2_core/include//nav2_core/global_planner.hpp
[20.354s] -- Up-to-date symlink: /home/aurora/RM25/install/nav2_core/include//nav2_core/goal_checker.hpp
[20.354s] -- Up-to-date symlink: /home/aurora/RM25/install/nav2_core/include//nav2_core/progress_checker.hpp
[20.355s] -- Up-to-date symlink: /home/aurora/RM25/install/nav2_core/include//nav2_core/smoother.hpp
[20.355s] -- Up-to-date symlink: /home/aurora/RM25/install/nav2_core/include//nav2_core/waypoint_task_executor.hpp
[20.355s] -- Up-to-date symlink: /home/aurora/RM25/install/nav2_core/share/ament_index/resource_index/package_run_dependencies/nav2_core
[20.355s] -- Up-to-date symlink: /home/aurora/RM25/install/nav2_core/share/ament_index/resource_index/parent_prefix_path/nav2_core
[20.355s] -- Up-to-date symlink: /home/aurora/RM25/install/nav2_core/share/nav2_core/environment/ament_prefix_path.sh
[20.356s] -- Up-to-date symlink: /home/aurora/RM25/install/nav2_core/share/nav2_core/environment/ament_prefix_path.dsv
[20.356s] -- Up-to-date symlink: /home/aurora/RM25/install/nav2_core/share/nav2_core/environment/path.sh
[20.356s] -- Up-to-date symlink: /home/aurora/RM25/install/nav2_core/share/nav2_core/environment/path.dsv
[20.357s] -- Up-to-date symlink: /home/aurora/RM25/install/nav2_core/share/nav2_core/local_setup.bash
[20.357s] -- Up-to-date symlink: /home/aurora/RM25/install/nav2_core/share/nav2_core/local_setup.sh
[20.357s] -- Up-to-date symlink: /home/aurora/RM25/install/nav2_core/share/nav2_core/local_setup.zsh
[20.357s] -- Up-to-date symlink: /home/aurora/RM25/install/nav2_core/share/nav2_core/local_setup.dsv
[20.357s] -- Symlinking: /home/aurora/RM25/install/nav2_core/share/nav2_core/package.dsv
[20.363s] -- Up-to-date symlink: /home/aurora/RM25/install/nav2_core/share/ament_index/resource_index/packages/nav2_core
[20.363s] -- Up-to-date symlink: /home/aurora/RM25/install/nav2_core/share/nav2_core/cmake/ament_cmake_export_include_directories-extras.cmake
[20.364s] -- Up-to-date symlink: /home/aurora/RM25/install/nav2_core/share/nav2_core/cmake/ament_cmake_export_dependencies-extras.cmake
[20.364s] -- Up-to-date symlink: /home/aurora/RM25/install/nav2_core/share/nav2_core/cmake/nav2_coreConfig.cmake
[20.364s] -- Up-to-date symlink: /home/aurora/RM25/install/nav2_core/share/nav2_core/cmake/nav2_coreConfig-version.cmake
[20.364s] -- Up-to-date symlink: /home/aurora/RM25/install/nav2_core/share/nav2_core/package.xml
[20.366s] Invoked command in '/home/aurora/RM25/build/nav2_core' returned '0': CMAKE_PREFIX_PATH=/home/aurora/RM25/install/nav2_costmap_2d:/home/aurora/RM25/install/nav2_map_server:/home/aurora/RM25/install/nav2_lifecycle_manager:/home/aurora/RM25/install/nav2_util:/home/aurora/RM25/install/nav2_voxel_grid:/home/aurora/RM25/install/nav2_msgs:/home/aurora/RM25/install/nav2_common:/home/aurora/RM25/install/nav2_constrained_smoother:/home/aurora/RM25/install/rm_robot_description:/home/aurora/RM25/install/opennav_docking_core:/home/aurora/RM25/install/nav_2d_utils:/home/aurora/RM25/install/dwb_msgs:/home/aurora/RM25/install/nav_2d_msgs:/home/aurora/RM25/install/nav2_core:/home/aurora/RM25/install/costmap_queue:/home/aurora/RM25/install/nav2_velocity_smoother:/home/aurora/RM25/install/nav2_rviz_plugins:/home/aurora/RM25/install/nav2_behavior_tree:/home/aurora/RM25/install/nav2_amcl:/home/aurora/ws_helloworld/install/pkg01_helloworld_cpp:/home/aurora/ws_helloworld/install/learning_tf2_cpp:/home/aurora/RM25/install/nav2_simple_commander:/home/aurora/RM25/install/nav2_loopback_sim:/home/aurora/ws_helloworld/install/pkg02_helloworld_py:/opt/ros/humble LD_LIBRARY_PATH=/home/aurora/RM25/install/nav2_costmap_2d/lib:/home/aurora/RM25/install/nav2_map_server/lib:/home/aurora/RM25/install/nav2_lifecycle_manager/lib:/home/aurora/RM25/install/nav2_util/lib:/home/aurora/RM25/install/nav2_voxel_grid/lib:/home/aurora/RM25/install/nav2_msgs/lib:/home/aurora/RM25/install/nav2_constrained_smoother/lib:/home/aurora/RM25/install/nav_2d_utils/lib:/home/aurora/RM25/install/dwb_msgs/lib:/home/aurora/RM25/install/nav_2d_msgs/lib:/home/aurora/RM25/install/costmap_queue/lib:/home/aurora/RM25/install/nav2_velocity_smoother/lib:/home/aurora/RM25/install/nav2_rviz_plugins/lib:/home/aurora/RM25/install/nav2_behavior_tree/lib:/home/aurora/RM25/install/nav2_amcl/lib:/usr/lib/x86_64-linux-gnu/gazebo-11/plugins:/opt/ros/humble/opt/rviz_ogre_vendor/lib:/opt/ros/humble/lib/x86_64-linux-gnu:/opt/ros/humble/lib /usr/bin/cmake --install /home/aurora/RM25/build/nav2_core
