[1.451s] Invoking command in '/home/aurora/RM25/build/nav2_controller': CMAKE_PREFIX_PATH=/home/aurora/RM25/install/nav2_core:/home/aurora/RM25/install/nav2_costmap_2d:/home/aurora/RM25/install/nav_2d_utils:/home/aurora/RM25/install/nav2_map_server:/home/aurora/RM25/install/nav2_lifecycle_manager:/home/aurora/RM25/install/nav2_util:/home/aurora/RM25/install/nav2_voxel_grid:/home/aurora/RM25/install/nav2_msgs:/home/aurora/RM25/install/nav_2d_msgs:/home/aurora/RM25/install/nav2_common:/home/aurora/RM25/install/rm_robot_description:/home/aurora/RM25/install/opennav_docking_core:/home/aurora/RM25/install/dwb_msgs:/home/aurora/RM25/install/costmap_queue:/home/aurora/RM25/install/nav2_velocity_smoother:/home/aurora/RM25/install/nav2_rviz_plugins:/home/aurora/RM25/install/nav2_behavior_tree:/home/aurora/RM25/install/nav2_amcl:/home/aurora/ws_helloworld/install/pkg01_helloworld_cpp:/home/aurora/ws_helloworld/install/learning_tf2_cpp:/home/aurora/RM25/install/nav2_simple_commander:/home/aurora/RM25/install/nav2_loopback_sim:/home/aurora/ws_helloworld/install/pkg02_helloworld_py:/opt/ros/humble LD_LIBRARY_PATH=/home/aurora/RM25/install/nav2_costmap_2d/lib:/home/aurora/RM25/install/nav_2d_utils/lib:/home/aurora/RM25/install/nav2_map_server/lib:/home/aurora/RM25/install/nav2_lifecycle_manager/lib:/home/aurora/RM25/install/nav2_util/lib:/home/aurora/RM25/install/nav2_voxel_grid/lib:/home/aurora/RM25/install/nav2_msgs/lib:/home/aurora/RM25/install/nav_2d_msgs/lib:/home/aurora/RM25/install/dwb_msgs/lib:/home/aurora/RM25/install/costmap_queue/lib:/home/aurora/RM25/install/nav2_velocity_smoother/lib:/home/aurora/RM25/install/nav2_rviz_plugins/lib:/home/aurora/RM25/install/nav2_behavior_tree/lib:/home/aurora/RM25/install/nav2_amcl/lib:/usr/lib/x86_64-linux-gnu/gazebo-11/plugins:/opt/ros/humble/opt/rviz_ogre_vendor/lib:/opt/ros/humble/lib/x86_64-linux-gnu:/opt/ros/humble/lib /usr/bin/cmake --build /home/aurora/RM25/build/nav2_controller -- -j20 -l20
[1.758s] [  4%] [32mBuilding CXX object CMakeFiles/controller_server_core.dir/src/controller_server.cpp.o[0m
[1.805s] [ 13%] Built target simple_goal_checker
[1.860s] [ 22%] Built target simple_progress_checker
[1.879s] [ 31%] Built target gtest
[1.881s] [ 40%] Built target gtest_main
[1.964s] [35m[1mConsolidate compiler generated dependencies of target pose_progress_checker[0m
[1.984s] [ 45%] [32mBuilding CXX object CMakeFiles/stopped_goal_checker.dir/plugins/stopped_goal_checker.cpp.o[0m
[2.056s] [ 54%] Built target pose_progress_checker
[2.179s] [ 59%] [32mBuilding CXX object plugins/test/CMakeFiles/pctest.dir/progress_checker.cpp.o[0m
[239.526s] [ 63%] [32m[1mLinking CXX executable pctest[0m
[240.683s] [ 63%] Built target pctest
[402.521s] [ 68%] [32m[1mLinking CXX shared library libstopped_goal_checker.so[0m
[403.516s] [ 68%] Built target stopped_goal_checker
[466.767s] [ 72%] [32m[1mLinking CXX shared library libcontroller_server_core.so[0m
[467.237s] [ 72%] Built target controller_server_core
[467.256s] [ 77%] [32mBuilding CXX object plugins/test/CMakeFiles/gctest.dir/goal_checker.cpp.o[0m
[471.773s] [ 81%] [32m[1mLinking CXX executable gctest[0m
[472.159s] [ 81%] Built target gctest
[472.175s] [ 86%] [32mBuilding CXX object test/CMakeFiles/test_dynamic_parameters.dir/test_dynamic_parameters.cpp.o[0m
[472.176s] [ 90%] [32mBuilding CXX object CMakeFiles/controller_server.dir/src/main.cpp.o[0m
[477.091s] [ 95%] [32m[1mLinking CXX executable controller_server[0m
[477.421s] [ 95%] Built target controller_server
[478.237s] [100%] [32m[1mLinking CXX executable test_dynamic_parameters[0m
[478.660s] [100%] Built target test_dynamic_parameters
