[0.340s] Invoking command in '/home/aurora/RM25/build/nav2_behavior_tree': AMENT_PREFIX_PATH=/home/aurora/RM25/install/nav2_util:/home/aurora/RM25/install/nav2_common:${AMENT_PREFIX_PATH} CMAKE_PREFIX_PATH=/home/aurora/RM25/install/nav2_util:/home/aurora/RM25/install/nav2_msgs:/home/aurora/RM25/install/nav2_common:/home/aurora/RM25/install/rm_robot_description:/home/aurora/RM25/install/nav2_bringup:/home/aurora/RM25/install/four_omniwheel_robot:/home/aurora/ws_helloworld/install/pkg01_helloworld_cpp:/home/aurora/ws_helloworld/install/learning_tf2_cpp:/home/aurora/ws_helloworld/install/pkg02_helloworld_py:/opt/ros/humble LD_LIBRARY_PATH=/home/aurora/RM25/install/nav2_util/lib:${LD_LIBRARY_PATH} PYTHONPATH=/home/aurora/RM25/install/nav2_common/local/lib/python3.10/dist-packages:${PYTHONPATH} /usr/bin/cmake --build /home/aurora/RM25/build/nav2_behavior_tree -- -j20 -l20
[0.391s] [35m[1mConsolidate compiler generated dependencies of target nav2_back_up_action_bt_node[0m
[0.413s] [  2%] Built target nav2_behavior_tree
[0.413s] [  2%] Built target nav2_controller_cancel_bt_node
[0.415s] [  3%] Built target nav2_compute_path_to_pose_action_bt_node
[0.416s] [  4%] Built target nav2_compute_path_through_poses_action_bt_node
[0.421s] [  5%] Built target nav2_back_up_cancel_bt_node
[0.422s] [  6%] Built target nav2_spin_cancel_bt_node
[0.422s] [  7%] Built target nav2_assisted_teleop_cancel_bt_node
[0.423s] [  8%] Built target nav2_wait_cancel_bt_node
[0.424s] [  9%] Built target nav2_back_up_action_bt_node
[0.424s] [ 10%] Built target nav2_drive_on_heading_cancel_bt_node
[0.425s] [ 11%] Built target nav2_follow_path_action_bt_node
[0.428s] [ 12%] Built target nav2_smooth_path_action_bt_node
[0.428s] [ 12%] Built target nav2_drive_on_heading_bt_node
[0.428s] [ 13%] Built target nav2_spin_action_bt_node
[0.433s] [ 14%] Built target nav2_clear_costmap_service_bt_node
[0.433s] [ 15%] Built target nav2_assisted_teleop_action_bt_node
[0.433s] [ 17%] Built target nav2_wait_action_bt_node
[0.433s] [ 17%] Built target nav2_is_stuck_condition_bt_node
[0.433s] [ 18%] Built target nav2_transform_available_condition_bt_node
[0.433s] [ 19%] Built target nav2_goal_reached_condition_bt_node
[0.446s] [35m[1mConsolidate compiler generated dependencies of target nav2_initial_pose_received_condition_bt_node[0m
[0.451s] [35m[1mConsolidate compiler generated dependencies of target nav2_rate_controller_bt_node[0m
[0.457s] [35m[1mConsolidate compiler generated dependencies of target nav2_navigate_to_pose_action_bt_node[0m
[0.457s] [35m[1mConsolidate compiler generated dependencies of target nav2_speed_controller_bt_node[0m
[0.457s] [35m[1mConsolidate compiler generated dependencies of target nav2_path_longer_on_approach_bt_node[0m
[0.457s] [35m[1mConsolidate compiler generated dependencies of target nav2_recovery_node_bt_node[0m
[0.457s] [35m[1mConsolidate compiler generated dependencies of target nav2_is_battery_charging_condition_bt_node[0m
[0.458s] [35m[1mConsolidate compiler generated dependencies of target nav2_truncate_path_action_bt_node[0m
[0.458s] [35m[1mConsolidate compiler generated dependencies of target nav2_is_battery_low_condition_bt_node[0m
[0.458s] [ 19%] Built target nav2_goal_updated_condition_bt_node
[0.458s] [ 20%] Built target nav2_is_path_valid_condition_bt_node
[0.460s] [35m[1mConsolidate compiler generated dependencies of target nav2_distance_traveled_condition_bt_node[0m
[0.460s] [35m[1mConsolidate compiler generated dependencies of target nav2_distance_controller_bt_node[0m
[0.460s] [ 21%] Built target nav2_globally_updated_goal_condition_bt_node
[0.461s] [35m[1mConsolidate compiler generated dependencies of target nav2_goal_updater_node_bt_node[0m
[0.461s] [ 22%] Built target nav2_initial_pose_received_condition_bt_node
[0.463s] [35m[1mConsolidate compiler generated dependencies of target nav2_truncate_path_local_action_bt_node[0m
[0.463s] [ 23%] Built target nav2_rate_controller_bt_node
[0.465s] [35m[1mConsolidate compiler generated dependencies of target nav2_navigate_through_poses_action_bt_node[0m
[0.468s] [35m[1mConsolidate compiler generated dependencies of target nav2_reinitialize_global_localization_service_bt_node[0m
[0.473s] [ 24%] Built target nav2_path_expiring_timer_condition
[0.474s] [ 26%] Built target nav2_truncate_path_action_bt_node
[0.474s] [ 26%] Built target nav2_is_battery_charging_condition_bt_node
[0.474s] [ 27%] Built target nav2_recovery_node_bt_node
[0.474s] [ 28%] Built target nav2_speed_controller_bt_node
[0.476s] [35m[1mConsolidate compiler generated dependencies of target nav2_remove_passed_goals_action_bt_node[0m
[0.476s] [ 29%] Built target nav2_path_longer_on_approach_bt_node
[0.477s] [ 30%] Built target nav2_is_battery_low_condition_bt_node
[0.482s] [ 31%] Built target nav2_goal_updater_node_bt_node
[0.482s] [ 32%] Built target nav2_distance_traveled_condition_bt_node
[0.482s] [ 33%] Built target nav2_navigate_to_pose_action_bt_node
[0.483s] [ 34%] Built target nav2_distance_controller_bt_node
[0.483s] [ 35%] Built target nav2_truncate_path_local_action_bt_node
[0.483s] [ 36%] Built target nav2_time_expired_condition_bt_node
[0.485s] [ 37%] Built target nav2_navigate_through_poses_action_bt_node
[0.486s] [35m[1mConsolidate compiler generated dependencies of target nav2_get_pose_from_path_action_bt_node[0m
[0.497s] [ 38%] Built target nav2_reinitialize_global_localization_service_bt_node
[0.498s] [35m[1mConsolidate compiler generated dependencies of target nav2_single_trigger_bt_node[0m
[0.498s] [ 39%] Built target nav2_remove_passed_goals_action_bt_node
[0.503s] [35m[1mConsolidate compiler generated dependencies of target nav2_round_robin_node_bt_node[0m
[0.503s] [35m[1mConsolidate compiler generated dependencies of target nav2_smoother_selector_bt_node[0m
[0.503s] [35m[1mConsolidate compiler generated dependencies of target nav2_goal_checker_selector_bt_node[0m
[0.504s] [35m[1mConsolidate compiler generated dependencies of target nav2_progress_checker_selector_bt_node[0m
[0.504s] [35m[1mConsolidate compiler generated dependencies of target nav2_planner_selector_bt_node[0m
[0.504s] [35m[1mConsolidate compiler generated dependencies of target nav2_controller_selector_bt_node[0m
[0.505s] [35m[1mConsolidate compiler generated dependencies of target gtest[0m
[0.505s] [35m[1mConsolidate compiler generated dependencies of target nav2_pipeline_sequence_bt_node[0m
[0.505s] [35m[1mConsolidate compiler generated dependencies of target gtest_main[0m
[0.507s] [ 40%] Built target nav2_get_pose_from_path_action_bt_node
[0.507s] [35m[1mConsolidate compiler generated dependencies of target nav2_goal_updated_controller_bt_node[0m
[0.509s] [ 41%] Built target nav2_single_trigger_bt_node
[0.510s] [ 42%] Built target nav2_round_robin_node_bt_node
[0.514s] [ 43%] Built target gtest
[0.514s] [ 43%] Built target nav2_pipeline_sequence_bt_node
[0.515s] [ 44%] Built target gtest_main
[0.516s] [ 45%] Built target nav2_goal_checker_selector_bt_node
[0.517s] [ 46%] Built target nav2_controller_selector_bt_node
[0.517s] [ 47%] Built target nav2_smoother_selector_bt_node
[0.517s] [ 49%] Built target nav2_progress_checker_selector_bt_node
[0.517s] [ 48%] Built target nav2_planner_selector_bt_node
[0.525s] [ 50%] Built target nav2_goal_updated_controller_bt_node
[0.529s] [35m[1mConsolidate compiler generated dependencies of target test_condition_goal_updated[0m
[0.530s] [35m[1mConsolidate compiler generated dependencies of target test_condition_path_expiring_timer[0m
[0.530s] [35m[1mConsolidate compiler generated dependencies of target test_condition_distance_traveled[0m
[0.535s] [35m[1mConsolidate compiler generated dependencies of target test_bt_conversions[0m
[0.535s] [35m[1mConsolidate compiler generated dependencies of target test_condition_time_expired[0m
[0.535s] [35m[1mConsolidate compiler generated dependencies of target test_condition_is_battery_low[0m
[0.538s] [35m[1mConsolidate compiler generated dependencies of target test_condition_is_battery_charging[0m
[0.540s] [35m[1mConsolidate compiler generated dependencies of target test_condition_goal_reached[0m
[0.540s] [35m[1mConsolidate compiler generated dependencies of target test_decorator_distance_controller[0m
[0.542s] [35m[1mConsolidate compiler generated dependencies of target test_condition_globally_updated_goal[0m
[0.542s] [35m[1mConsolidate compiler generated dependencies of target test_decorator_speed_controller[0m
[0.542s] [35m[1mConsolidate compiler generated dependencies of target test_condition_initial_pose_received[0m
[0.542s] [35m[1mConsolidate compiler generated dependencies of target test_decorator_rate_controller[0m
[0.543s] [35m[1mConsolidate compiler generated dependencies of target test_single_trigger_node[0m
[0.544s] [35m[1mConsolidate compiler generated dependencies of target test_decorator_path_longer_on_approach[0m
[0.546s] [35m[1mConsolidate compiler generated dependencies of target test_goal_updater_node[0m
[0.552s] [35m[1mConsolidate compiler generated dependencies of target test_control_recovery_node[0m
[0.554s] [35m[1mConsolidate compiler generated dependencies of target test_condition_transform_available[0m
[0.554s] [35m[1mConsolidate compiler generated dependencies of target test_condition_is_stuck[0m
[0.556s] [35m[1mConsolidate compiler generated dependencies of target test_condition_is_path_valid[0m
[0.564s] [ 52%] Built target test_bt_conversions
[0.564s] [ 52%] Built target test_condition_distance_traveled
[0.564s] [ 52%] Built target test_condition_time_expired
[0.574s] [ 53%] Built target test_condition_path_expiring_timer
[0.574s] [ 54%] Built target test_condition_goal_updated
[0.574s] [ 55%] Built target test_condition_initial_pose_received
[0.574s] [ 56%] Built target test_condition_goal_reached
[0.574s] [ 57%] Built target test_condition_is_battery_charging
[0.574s] [ 58%] Built target test_condition_transform_available
[0.574s] [ 59%] Built target test_condition_globally_updated_goal
[0.575s] [ 60%] Built target test_condition_is_battery_low
[0.576s] [ 61%] Built target test_decorator_speed_controller
[0.576s] [ 62%] Built target test_decorator_distance_controller
[0.576s] [ 63%] Built target test_goal_updater_node
[0.576s] [ 64%] Built target test_decorator_rate_controller
[0.577s] [ 66%] Built target test_decorator_path_longer_on_approach
[0.582s] [ 66%] Built target test_condition_is_stuck
[0.583s] [ 67%] Built target test_control_recovery_node
[0.583s] [ 68%] Built target test_single_trigger_node
[0.583s] [ 69%] Built target test_condition_is_path_valid
[0.584s] [35m[1mConsolidate compiler generated dependencies of target test_action_back_up_action[0m
[0.584s] [35m[1mConsolidate compiler generated dependencies of target test_bt_action_node[0m
[0.584s] [35m[1mConsolidate compiler generated dependencies of target test_control_round_robin_node[0m
[0.584s] [35m[1mConsolidate compiler generated dependencies of target test_action_drive_on_heading[0m
[0.589s] [35m[1mConsolidate compiler generated dependencies of target test_action_wait_action[0m
[0.590s] [35m[1mConsolidate compiler generated dependencies of target test_action_spin_cancel_action[0m
[0.590s] [35m[1mConsolidate compiler generated dependencies of target test_action_assisted_teleop_cancel_action[0m
[0.590s] [35m[1mConsolidate compiler generated dependencies of target test_action_wait_cancel_action[0m
[0.590s] [35m[1mConsolidate compiler generated dependencies of target test_action_clear_costmap_service[0m
[0.591s] [35m[1mConsolidate compiler generated dependencies of target test_action_assisted_teleop_action[0m
[0.592s] [35m[1mConsolidate compiler generated dependencies of target test_action_spin_action[0m
[0.593s] [35m[1mConsolidate compiler generated dependencies of target test_action_controller_cancel_action[0m
[0.593s] [35m[1mConsolidate compiler generated dependencies of target test_control_pipeline_sequence[0m
[0.597s] [35m[1mConsolidate compiler generated dependencies of target test_action_smooth_path_action[0m
[0.597s] [35m[1mConsolidate compiler generated dependencies of target test_action_drive_on_heading_cancel_action[0m
[0.608s] [35m[1mConsolidate compiler generated dependencies of target test_action_compute_path_to_pose_action[0m
[0.608s] [35m[1mConsolidate compiler generated dependencies of target test_action_compute_path_through_poses_action[0m
[0.608s] [35m[1mConsolidate compiler generated dependencies of target test_action_back_up_cancel_action[0m
[0.609s] [35m[1mConsolidate compiler generated dependencies of target test_action_follow_path_action[0m
[0.609s] [35m[1mConsolidate compiler generated dependencies of target test_action_reinitialize_global_localization_service[0m
[0.611s] [ 70%] Built target test_control_round_robin_node
[0.616s] [ 71%] Built target test_bt_action_node
[0.619s] [ 72%] Built target test_action_wait_action
[0.621s] [ 73%] Built target test_action_back_up_action
[0.622s] [ 74%] Built target test_action_drive_on_heading
[0.622s] [ 75%] Built target test_action_assisted_teleop_action
[0.623s] [ 76%] Built target test_control_pipeline_sequence
[0.623s] [ 77%] Built target test_action_spin_action
[0.624s] [ 78%] Built target test_action_wait_cancel_action
[0.624s] [ 79%] Built target test_action_assisted_teleop_cancel_action
[0.625s] [ 80%] Built target test_action_controller_cancel_action
[0.625s] [ 82%] Built target test_action_drive_on_heading_cancel_action
[0.625s] [ 83%] Built target test_action_clear_costmap_service
[0.626s] [ 83%] Built target test_action_spin_cancel_action
[0.626s] [ 84%] Built target test_action_compute_path_to_pose_action
[0.632s] [ 86%] Built target test_action_compute_path_through_poses_action
[0.632s] [ 86%] Built target test_action_back_up_cancel_action
[0.632s] [ 86%] Built target test_action_follow_path_action
[0.632s] [ 87%] Built target test_action_reinitialize_global_localization_service
[0.634s] [ 88%] Built target test_action_smooth_path_action
[0.641s] [35m[1mConsolidate compiler generated dependencies of target test_remove_passed_goals_action[0m
[0.641s] [35m[1mConsolidate compiler generated dependencies of target test_truncate_path_action[0m
[0.641s] [35m[1mConsolidate compiler generated dependencies of target test_get_pose_from_path_action[0m
[0.642s] [35m[1mConsolidate compiler generated dependencies of target test_action_navigate_to_pose_action[0m
[0.642s] [35m[1mConsolidate compiler generated dependencies of target test_progress_checker_selector_node[0m
[0.642s] [35m[1mConsolidate compiler generated dependencies of target test_goal_checker_selector_node[0m
[0.642s] [35m[1mConsolidate compiler generated dependencies of target test_planner_selector_node[0m
[0.642s] [35m[1mConsolidate compiler generated dependencies of target test_smoother_selector_node[0m
[0.643s] [35m[1mConsolidate compiler generated dependencies of target test_controller_selector_node[0m
[0.645s] [35m[1mConsolidate compiler generated dependencies of target test_action_navigate_through_poses_action[0m
[0.646s] [35m[1mConsolidate compiler generated dependencies of target test_goal_updated_controller[0m
[0.649s] [35m[1mConsolidate compiler generated dependencies of target test_truncate_path_local_action[0m
[0.659s] [ 89%] Built target test_remove_passed_goals_action
[0.659s] [ 90%] Built target test_truncate_path_action
[0.661s] [ 91%] Built target test_smoother_selector_node
[0.661s] [ 92%] Built target test_planner_selector_node
[0.662s] [ 93%] Built target test_action_navigate_to_pose_action
[0.663s] [ 94%] Built target test_goal_checker_selector_node
[0.663s] [ 95%] Built target test_get_pose_from_path_action
[0.665s] [ 96%] Built target test_controller_selector_node
[0.665s] [ 97%] Built target test_action_navigate_through_poses_action
[0.666s] [ 98%] Built target test_progress_checker_selector_node
[0.666s] [ 99%] Built target test_goal_updated_controller
[0.667s] [100%] Built target test_truncate_path_local_action
[0.688s] Invoked command in '/home/aurora/RM25/build/nav2_behavior_tree' returned '0': AMENT_PREFIX_PATH=/home/aurora/RM25/install/nav2_util:/home/aurora/RM25/install/nav2_common:${AMENT_PREFIX_PATH} CMAKE_PREFIX_PATH=/home/aurora/RM25/install/nav2_util:/home/aurora/RM25/install/nav2_msgs:/home/aurora/RM25/install/nav2_common:/home/aurora/RM25/install/rm_robot_description:/home/aurora/RM25/install/nav2_bringup:/home/aurora/RM25/install/four_omniwheel_robot:/home/aurora/ws_helloworld/install/pkg01_helloworld_cpp:/home/aurora/ws_helloworld/install/learning_tf2_cpp:/home/aurora/ws_helloworld/install/pkg02_helloworld_py:/opt/ros/humble LD_LIBRARY_PATH=/home/aurora/RM25/install/nav2_util/lib:${LD_LIBRARY_PATH} PYTHONPATH=/home/aurora/RM25/install/nav2_common/local/lib/python3.10/dist-packages:${PYTHONPATH} /usr/bin/cmake --build /home/aurora/RM25/build/nav2_behavior_tree -- -j20 -l20
[0.835s] Invoking command in '/home/aurora/RM25/build/nav2_behavior_tree': AMENT_PREFIX_PATH=/home/aurora/RM25/install/nav2_util:/home/aurora/RM25/install/nav2_common:${AMENT_PREFIX_PATH} CMAKE_PREFIX_PATH=/home/aurora/RM25/install/nav2_util:/home/aurora/RM25/install/nav2_msgs:/home/aurora/RM25/install/nav2_common:/home/aurora/RM25/install/rm_robot_description:/home/aurora/RM25/install/nav2_bringup:/home/aurora/RM25/install/four_omniwheel_robot:/home/aurora/ws_helloworld/install/pkg01_helloworld_cpp:/home/aurora/ws_helloworld/install/learning_tf2_cpp:/home/aurora/ws_helloworld/install/pkg02_helloworld_py:/opt/ros/humble LD_LIBRARY_PATH=/home/aurora/RM25/install/nav2_util/lib:${LD_LIBRARY_PATH} PYTHONPATH=/home/aurora/RM25/install/nav2_common/local/lib/python3.10/dist-packages:${PYTHONPATH} /usr/bin/cmake --install /home/aurora/RM25/build/nav2_behavior_tree
[0.839s] -- Install configuration: "Release"
[0.840s] -- Execute custom install script
[0.841s] -- Up-to-date symlink: /home/aurora/RM25/install/nav2_behavior_tree/lib/libnav2_behavior_tree.so
[0.841s] -- Up-to-date symlink: /home/aurora/RM25/install/nav2_behavior_tree/lib/libnav2_compute_path_to_pose_action_bt_node.so
[0.841s] -- Up-to-date symlink: /home/aurora/RM25/install/nav2_behavior_tree/lib/libnav2_compute_path_through_poses_action_bt_node.so
[0.841s] -- Up-to-date symlink: /home/aurora/RM25/install/nav2_behavior_tree/lib/libnav2_controller_cancel_bt_node.so
[0.842s] -- Up-to-date symlink: /home/aurora/RM25/install/nav2_behavior_tree/lib/libnav2_wait_cancel_bt_node.so
[0.842s] -- Up-to-date symlink: /home/aurora/RM25/install/nav2_behavior_tree/lib/libnav2_spin_cancel_bt_node.so
[0.842s] -- Up-to-date symlink: /home/aurora/RM25/install/nav2_behavior_tree/lib/libnav2_back_up_cancel_bt_node.so
[0.842s] -- Up-to-date symlink: /home/aurora/RM25/install/nav2_behavior_tree/lib/libnav2_assisted_teleop_cancel_bt_node.so
[0.842s] -- Up-to-date symlink: /home/aurora/RM25/install/nav2_behavior_tree/lib/libnav2_drive_on_heading_cancel_bt_node.so
[0.842s] -- Up-to-date symlink: /home/aurora/RM25/install/nav2_behavior_tree/lib/libnav2_smooth_path_action_bt_node.so
[0.842s] -- Up-to-date symlink: /home/aurora/RM25/install/nav2_behavior_tree/lib/libnav2_follow_path_action_bt_node.so
[0.842s] -- Up-to-date symlink: /home/aurora/RM25/install/nav2_behavior_tree/lib/libnav2_back_up_action_bt_node.so
[0.842s] -- Up-to-date symlink: /home/aurora/RM25/install/nav2_behavior_tree/lib/libnav2_drive_on_heading_bt_node.so
[0.842s] -- Up-to-date symlink: /home/aurora/RM25/install/nav2_behavior_tree/lib/libnav2_spin_action_bt_node.so
[0.843s] -- Up-to-date symlink: /home/aurora/RM25/install/nav2_behavior_tree/lib/libnav2_wait_action_bt_node.so
[0.843s] -- Up-to-date symlink: /home/aurora/RM25/install/nav2_behavior_tree/lib/libnav2_assisted_teleop_action_bt_node.so
[0.843s] -- Up-to-date symlink: /home/aurora/RM25/install/nav2_behavior_tree/lib/libnav2_clear_costmap_service_bt_node.so
[0.843s] -- Up-to-date symlink: /home/aurora/RM25/install/nav2_behavior_tree/lib/libnav2_is_stuck_condition_bt_node.so
[0.843s] -- Up-to-date symlink: /home/aurora/RM25/install/nav2_behavior_tree/lib/libnav2_transform_available_condition_bt_node.so
[0.843s] -- Up-to-date symlink: /home/aurora/RM25/install/nav2_behavior_tree/lib/libnav2_goal_reached_condition_bt_node.so
[0.843s] -- Up-to-date symlink: /home/aurora/RM25/install/nav2_behavior_tree/lib/libnav2_globally_updated_goal_condition_bt_node.so
[0.843s] -- Up-to-date symlink: /home/aurora/RM25/install/nav2_behavior_tree/lib/libnav2_goal_updated_condition_bt_node.so
[0.843s] -- Up-to-date symlink: /home/aurora/RM25/install/nav2_behavior_tree/lib/libnav2_is_path_valid_condition_bt_node.so
[0.843s] -- Up-to-date symlink: /home/aurora/RM25/install/nav2_behavior_tree/lib/libnav2_time_expired_condition_bt_node.so
[0.844s] -- Up-to-date symlink: /home/aurora/RM25/install/nav2_behavior_tree/lib/libnav2_path_expiring_timer_condition.so
[0.844s] -- Up-to-date symlink: /home/aurora/RM25/install/nav2_behavior_tree/lib/libnav2_distance_traveled_condition_bt_node.so
[0.844s] -- Up-to-date symlink: /home/aurora/RM25/install/nav2_behavior_tree/lib/libnav2_initial_pose_received_condition_bt_node.so
[0.844s] -- Up-to-date symlink: /home/aurora/RM25/install/nav2_behavior_tree/lib/libnav2_is_battery_charging_condition_bt_node.so
[0.844s] -- Up-to-date symlink: /home/aurora/RM25/install/nav2_behavior_tree/lib/libnav2_is_battery_low_condition_bt_node.so
[0.844s] -- Up-to-date symlink: /home/aurora/RM25/install/nav2_behavior_tree/lib/libnav2_reinitialize_global_localization_service_bt_node.so
[0.844s] -- Up-to-date symlink: /home/aurora/RM25/install/nav2_behavior_tree/lib/libnav2_rate_controller_bt_node.so
[0.844s] -- Up-to-date symlink: /home/aurora/RM25/install/nav2_behavior_tree/lib/libnav2_distance_controller_bt_node.so
[0.844s] -- Up-to-date symlink: /home/aurora/RM25/install/nav2_behavior_tree/lib/libnav2_speed_controller_bt_node.so
[0.845s] -- Up-to-date symlink: /home/aurora/RM25/install/nav2_behavior_tree/lib/libnav2_truncate_path_action_bt_node.so
[0.845s] -- Up-to-date symlink: /home/aurora/RM25/install/nav2_behavior_tree/lib/libnav2_truncate_path_local_action_bt_node.so
[0.845s] -- Up-to-date symlink: /home/aurora/RM25/install/nav2_behavior_tree/lib/libnav2_goal_updater_node_bt_node.so
[0.845s] -- Up-to-date symlink: /home/aurora/RM25/install/nav2_behavior_tree/lib/libnav2_path_longer_on_approach_bt_node.so
[0.845s] -- Up-to-date symlink: /home/aurora/RM25/install/nav2_behavior_tree/lib/libnav2_recovery_node_bt_node.so
[0.845s] -- Up-to-date symlink: /home/aurora/RM25/install/nav2_behavior_tree/lib/libnav2_navigate_to_pose_action_bt_node.so
[0.845s] -- Up-to-date symlink: /home/aurora/RM25/install/nav2_behavior_tree/lib/libnav2_navigate_through_poses_action_bt_node.so
[0.845s] -- Up-to-date symlink: /home/aurora/RM25/install/nav2_behavior_tree/lib/libnav2_remove_passed_goals_action_bt_node.so
[0.845s] -- Up-to-date symlink: /home/aurora/RM25/install/nav2_behavior_tree/lib/libnav2_get_pose_from_path_action_bt_node.so
[0.845s] -- Up-to-date symlink: /home/aurora/RM25/install/nav2_behavior_tree/lib/libnav2_pipeline_sequence_bt_node.so
[0.845s] -- Up-to-date symlink: /home/aurora/RM25/install/nav2_behavior_tree/lib/libnav2_round_robin_node_bt_node.so
[0.845s] -- Up-to-date symlink: /home/aurora/RM25/install/nav2_behavior_tree/lib/libnav2_single_trigger_bt_node.so
[0.845s] -- Up-to-date symlink: /home/aurora/RM25/install/nav2_behavior_tree/lib/libnav2_planner_selector_bt_node.so
[0.845s] -- Up-to-date symlink: /home/aurora/RM25/install/nav2_behavior_tree/lib/libnav2_controller_selector_bt_node.so
[0.845s] -- Up-to-date symlink: /home/aurora/RM25/install/nav2_behavior_tree/lib/libnav2_smoother_selector_bt_node.so
[0.845s] -- Up-to-date symlink: /home/aurora/RM25/install/nav2_behavior_tree/lib/libnav2_goal_checker_selector_bt_node.so
[0.845s] -- Up-to-date symlink: /home/aurora/RM25/install/nav2_behavior_tree/lib/libnav2_progress_checker_selector_bt_node.so
[0.845s] -- Up-to-date symlink: /home/aurora/RM25/install/nav2_behavior_tree/lib/libnav2_goal_updated_controller_bt_node.so
[0.846s] -- Up-to-date symlink: /home/aurora/RM25/install/nav2_behavior_tree/include//nav2_behavior_tree/behavior_tree_engine.hpp
[0.846s] -- Up-to-date symlink: /home/aurora/RM25/install/nav2_behavior_tree/include//nav2_behavior_tree/bt_action_node.hpp
[0.846s] -- Up-to-date symlink: /home/aurora/RM25/install/nav2_behavior_tree/include//nav2_behavior_tree/bt_action_server.hpp
[0.846s] -- Up-to-date symlink: /home/aurora/RM25/install/nav2_behavior_tree/include//nav2_behavior_tree/bt_action_server_impl.hpp
[0.846s] -- Up-to-date symlink: /home/aurora/RM25/install/nav2_behavior_tree/include//nav2_behavior_tree/bt_cancel_action_node.hpp
[0.846s] -- Up-to-date symlink: /home/aurora/RM25/install/nav2_behavior_tree/include//nav2_behavior_tree/bt_conversions.hpp
[0.847s] -- Up-to-date symlink: /home/aurora/RM25/install/nav2_behavior_tree/include//nav2_behavior_tree/bt_service_node.hpp
[0.847s] -- Up-to-date symlink: /home/aurora/RM25/install/nav2_behavior_tree/include//nav2_behavior_tree/plugins/action/assisted_teleop_action.hpp
[0.847s] -- Up-to-date symlink: /home/aurora/RM25/install/nav2_behavior_tree/include//nav2_behavior_tree/plugins/action/assisted_teleop_cancel_node.hpp
[0.848s] -- Up-to-date symlink: /home/aurora/RM25/install/nav2_behavior_tree/include//nav2_behavior_tree/plugins/action/back_up_action.hpp
[0.848s] -- Up-to-date symlink: /home/aurora/RM25/install/nav2_behavior_tree/include//nav2_behavior_tree/plugins/action/back_up_cancel_node.hpp
[0.848s] -- Up-to-date symlink: /home/aurora/RM25/install/nav2_behavior_tree/include//nav2_behavior_tree/plugins/action/clear_costmap_service.hpp
[0.848s] -- Up-to-date symlink: /home/aurora/RM25/install/nav2_behavior_tree/include//nav2_behavior_tree/plugins/action/compute_path_through_poses_action.hpp
[0.848s] -- Up-to-date symlink: /home/aurora/RM25/install/nav2_behavior_tree/include//nav2_behavior_tree/plugins/action/compute_path_to_pose_action.hpp
[0.849s] -- Up-to-date symlink: /home/aurora/RM25/install/nav2_behavior_tree/include//nav2_behavior_tree/plugins/action/controller_cancel_node.hpp
[0.849s] -- Up-to-date symlink: /home/aurora/RM25/install/nav2_behavior_tree/include//nav2_behavior_tree/plugins/action/controller_selector_node.hpp
[0.849s] -- Up-to-date symlink: /home/aurora/RM25/install/nav2_behavior_tree/include//nav2_behavior_tree/plugins/action/drive_on_heading_action.hpp
[0.849s] -- Up-to-date symlink: /home/aurora/RM25/install/nav2_behavior_tree/include//nav2_behavior_tree/plugins/action/drive_on_heading_cancel_node.hpp
[0.849s] -- Up-to-date symlink: /home/aurora/RM25/install/nav2_behavior_tree/include//nav2_behavior_tree/plugins/action/follow_path_action.hpp
[0.850s] -- Up-to-date symlink: /home/aurora/RM25/install/nav2_behavior_tree/include//nav2_behavior_tree/plugins/action/get_pose_from_path_action.hpp
[0.850s] -- Up-to-date symlink: /home/aurora/RM25/install/nav2_behavior_tree/include//nav2_behavior_tree/plugins/action/goal_checker_selector_node.hpp
[0.850s] -- Up-to-date symlink: /home/aurora/RM25/install/nav2_behavior_tree/include//nav2_behavior_tree/plugins/action/navigate_through_poses_action.hpp
[0.850s] -- Up-to-date symlink: /home/aurora/RM25/install/nav2_behavior_tree/include//nav2_behavior_tree/plugins/action/navigate_to_pose_action.hpp
[0.850s] -- Up-to-date symlink: /home/aurora/RM25/install/nav2_behavior_tree/include//nav2_behavior_tree/plugins/action/planner_selector_node.hpp
[0.850s] -- Up-to-date symlink: /home/aurora/RM25/install/nav2_behavior_tree/include//nav2_behavior_tree/plugins/action/progress_checker_selector_node.hpp
[0.851s] -- Up-to-date symlink: /home/aurora/RM25/install/nav2_behavior_tree/include//nav2_behavior_tree/plugins/action/reinitialize_global_localization_service.hpp
[0.851s] -- Up-to-date symlink: /home/aurora/RM25/install/nav2_behavior_tree/include//nav2_behavior_tree/plugins/action/remove_passed_goals_action.hpp
[0.851s] -- Up-to-date symlink: /home/aurora/RM25/install/nav2_behavior_tree/include//nav2_behavior_tree/plugins/action/smooth_path_action.hpp
[0.851s] -- Up-to-date symlink: /home/aurora/RM25/install/nav2_behavior_tree/include//nav2_behavior_tree/plugins/action/smoother_selector_node.hpp
[0.851s] -- Up-to-date symlink: /home/aurora/RM25/install/nav2_behavior_tree/include//nav2_behavior_tree/plugins/action/spin_action.hpp
[0.851s] -- Up-to-date symlink: /home/aurora/RM25/install/nav2_behavior_tree/include//nav2_behavior_tree/plugins/action/spin_cancel_node.hpp
[0.851s] -- Up-to-date symlink: /home/aurora/RM25/install/nav2_behavior_tree/include//nav2_behavior_tree/plugins/action/truncate_path_action.hpp
[0.851s] -- Up-to-date symlink: /home/aurora/RM25/install/nav2_behavior_tree/include//nav2_behavior_tree/plugins/action/truncate_path_local_action.hpp
[0.851s] -- Up-to-date symlink: /home/aurora/RM25/install/nav2_behavior_tree/include//nav2_behavior_tree/plugins/action/wait_action.hpp
[0.851s] -- Up-to-date symlink: /home/aurora/RM25/install/nav2_behavior_tree/include//nav2_behavior_tree/plugins/action/wait_cancel_node.hpp
[0.851s] -- Up-to-date symlink: /home/aurora/RM25/install/nav2_behavior_tree/include//nav2_behavior_tree/plugins/condition/distance_traveled_condition.hpp
[0.851s] -- Up-to-date symlink: /home/aurora/RM25/install/nav2_behavior_tree/include//nav2_behavior_tree/plugins/condition/globally_updated_goal_condition.hpp
[0.851s] -- Up-to-date symlink: /home/aurora/RM25/install/nav2_behavior_tree/include//nav2_behavior_tree/plugins/condition/goal_reached_condition.hpp
[0.851s] -- Up-to-date symlink: /home/aurora/RM25/install/nav2_behavior_tree/include//nav2_behavior_tree/plugins/condition/goal_updated_condition.hpp
[0.851s] -- Up-to-date symlink: /home/aurora/RM25/install/nav2_behavior_tree/include//nav2_behavior_tree/plugins/condition/initial_pose_received_condition.hpp
[0.851s] -- Up-to-date symlink: /home/aurora/RM25/install/nav2_behavior_tree/include//nav2_behavior_tree/plugins/condition/is_battery_charging_condition.hpp
[0.851s] -- Up-to-date symlink: /home/aurora/RM25/install/nav2_behavior_tree/include//nav2_behavior_tree/plugins/condition/is_battery_low_condition.hpp
[0.851s] -- Up-to-date symlink: /home/aurora/RM25/install/nav2_behavior_tree/include//nav2_behavior_tree/plugins/condition/is_path_valid_condition.hpp
[0.851s] -- Up-to-date symlink: /home/aurora/RM25/install/nav2_behavior_tree/include//nav2_behavior_tree/plugins/condition/is_stuck_condition.hpp
[0.851s] -- Up-to-date symlink: /home/aurora/RM25/install/nav2_behavior_tree/include//nav2_behavior_tree/plugins/condition/path_expiring_timer_condition.hpp
[0.851s] -- Up-to-date symlink: /home/aurora/RM25/install/nav2_behavior_tree/include//nav2_behavior_tree/plugins/condition/time_expired_condition.hpp
[0.851s] -- Up-to-date symlink: /home/aurora/RM25/install/nav2_behavior_tree/include//nav2_behavior_tree/plugins/condition/transform_available_condition.hpp
[0.852s] -- Up-to-date symlink: /home/aurora/RM25/install/nav2_behavior_tree/include//nav2_behavior_tree/plugins/control/pipeline_sequence.hpp
[0.852s] -- Up-to-date symlink: /home/aurora/RM25/install/nav2_behavior_tree/include//nav2_behavior_tree/plugins/control/recovery_node.hpp
[0.852s] -- Up-to-date symlink: /home/aurora/RM25/install/nav2_behavior_tree/include//nav2_behavior_tree/plugins/control/round_robin_node.hpp
[0.852s] -- Up-to-date symlink: /home/aurora/RM25/install/nav2_behavior_tree/include//nav2_behavior_tree/plugins/decorator/distance_controller.hpp
[0.852s] -- Up-to-date symlink: /home/aurora/RM25/install/nav2_behavior_tree/include//nav2_behavior_tree/plugins/decorator/goal_updated_controller.hpp
[0.852s] -- Up-to-date symlink: /home/aurora/RM25/install/nav2_behavior_tree/include//nav2_behavior_tree/plugins/decorator/goal_updater_node.hpp
[0.852s] -- Up-to-date symlink: /home/aurora/RM25/install/nav2_behavior_tree/include//nav2_behavior_tree/plugins/decorator/path_longer_on_approach.hpp
[0.852s] -- Up-to-date symlink: /home/aurora/RM25/install/nav2_behavior_tree/include//nav2_behavior_tree/plugins/decorator/rate_controller.hpp
[0.852s] -- Up-to-date symlink: /home/aurora/RM25/install/nav2_behavior_tree/include//nav2_behavior_tree/plugins/decorator/single_trigger_node.hpp
[0.852s] -- Up-to-date symlink: /home/aurora/RM25/install/nav2_behavior_tree/include//nav2_behavior_tree/plugins/decorator/speed_controller.hpp
[0.852s] -- Up-to-date symlink: /home/aurora/RM25/install/nav2_behavior_tree/include//nav2_behavior_tree/ros_topic_logger.hpp
[0.852s] -- Up-to-date symlink: /home/aurora/RM25/install/nav2_behavior_tree/share/nav2_behavior_tree/nav2_tree_nodes.xml
[0.852s] -- Up-to-date symlink: /home/aurora/RM25/install/nav2_behavior_tree/share/nav2_behavior_tree/environment/library_path.sh
[0.852s] -- Up-to-date symlink: /home/aurora/RM25/install/nav2_behavior_tree/share/nav2_behavior_tree/environment/library_path.dsv
[0.852s] -- Up-to-date symlink: /home/aurora/RM25/install/nav2_behavior_tree/share/ament_index/resource_index/package_run_dependencies/nav2_behavior_tree
[0.852s] -- Up-to-date symlink: /home/aurora/RM25/install/nav2_behavior_tree/share/ament_index/resource_index/parent_prefix_path/nav2_behavior_tree
[0.852s] -- Up-to-date symlink: /home/aurora/RM25/install/nav2_behavior_tree/share/nav2_behavior_tree/environment/ament_prefix_path.sh
[0.852s] -- Up-to-date symlink: /home/aurora/RM25/install/nav2_behavior_tree/share/nav2_behavior_tree/environment/ament_prefix_path.dsv
[0.852s] -- Up-to-date symlink: /home/aurora/RM25/install/nav2_behavior_tree/share/nav2_behavior_tree/environment/path.sh
[0.852s] -- Up-to-date symlink: /home/aurora/RM25/install/nav2_behavior_tree/share/nav2_behavior_tree/environment/path.dsv
[0.852s] -- Up-to-date symlink: /home/aurora/RM25/install/nav2_behavior_tree/share/nav2_behavior_tree/local_setup.bash
[0.852s] -- Up-to-date symlink: /home/aurora/RM25/install/nav2_behavior_tree/share/nav2_behavior_tree/local_setup.sh
[0.852s] -- Up-to-date symlink: /home/aurora/RM25/install/nav2_behavior_tree/share/nav2_behavior_tree/local_setup.zsh
[0.852s] -- Up-to-date symlink: /home/aurora/RM25/install/nav2_behavior_tree/share/nav2_behavior_tree/local_setup.dsv
[0.852s] -- Symlinking: /home/aurora/RM25/install/nav2_behavior_tree/share/nav2_behavior_tree/package.dsv
[0.857s] -- Up-to-date symlink: /home/aurora/RM25/install/nav2_behavior_tree/share/ament_index/resource_index/packages/nav2_behavior_tree
[0.857s] -- Up-to-date symlink: /home/aurora/RM25/install/nav2_behavior_tree/share/nav2_behavior_tree/cmake/ament_cmake_export_include_directories-extras.cmake
[0.857s] -- Up-to-date symlink: /home/aurora/RM25/install/nav2_behavior_tree/share/nav2_behavior_tree/cmake/ament_cmake_export_libraries-extras.cmake
[0.857s] -- Up-to-date symlink: /home/aurora/RM25/install/nav2_behavior_tree/share/nav2_behavior_tree/cmake/ament_cmake_export_dependencies-extras.cmake
[0.857s] -- Up-to-date symlink: /home/aurora/RM25/install/nav2_behavior_tree/share/nav2_behavior_tree/cmake/nav2_behavior_treeConfig.cmake
[0.857s] -- Up-to-date symlink: /home/aurora/RM25/install/nav2_behavior_tree/share/nav2_behavior_tree/cmake/nav2_behavior_treeConfig-version.cmake
[0.857s] -- Up-to-date symlink: /home/aurora/RM25/install/nav2_behavior_tree/share/nav2_behavior_tree/package.xml
[0.860s] Invoked command in '/home/aurora/RM25/build/nav2_behavior_tree' returned '0': AMENT_PREFIX_PATH=/home/aurora/RM25/install/nav2_util:/home/aurora/RM25/install/nav2_common:${AMENT_PREFIX_PATH} CMAKE_PREFIX_PATH=/home/aurora/RM25/install/nav2_util:/home/aurora/RM25/install/nav2_msgs:/home/aurora/RM25/install/nav2_common:/home/aurora/RM25/install/rm_robot_description:/home/aurora/RM25/install/nav2_bringup:/home/aurora/RM25/install/four_omniwheel_robot:/home/aurora/ws_helloworld/install/pkg01_helloworld_cpp:/home/aurora/ws_helloworld/install/learning_tf2_cpp:/home/aurora/ws_helloworld/install/pkg02_helloworld_py:/opt/ros/humble LD_LIBRARY_PATH=/home/aurora/RM25/install/nav2_util/lib:${LD_LIBRARY_PATH} PYTHONPATH=/home/aurora/RM25/install/nav2_common/local/lib/python3.10/dist-packages:${PYTHONPATH} /usr/bin/cmake --install /home/aurora/RM25/build/nav2_behavior_tree
