[0.027s] Invoking command in '/home/aurora/RM25/src/build/livox_ros_driver2': /usr/bin/cmake /home/aurora/RM25/src/rm_driver/livox_ros_driver2 -DROS_EDITION=ROS2 -DHUMBLE_ROS=humble -DCMAKE_INSTALL_PREFIX=/home/aurora/RM25/src/install/livox_ros_driver2
[0.144s] -- The C compiler identification is GNU 11.4.0
[0.846s] -- The CXX compiler identification is GNU 11.4.0
[1.471s] -- Detecting C compiler ABI info
[1.597s] -- Detecting C compiler ABI info - done
[1.601s] -- Check for working C compiler: /usr/bin/cc - skipped
[1.602s] -- Detecting C compile features
[1.602s] -- Detecting C compile features - done
[1.603s] -- Detecting CXX compiler ABI info
[1.760s] -- Detecting CXX compiler ABI info - done
[1.765s] -- Check for working CXX compiler: /usr/bin/c++ - skipped
[1.765s] -- Detecting CXX compile features
[1.765s] -- Detecting CXX compile features - done
[1.765s] -- livox_ros_driver2 version: 1.2.4
[1.766s] -- Found ament_cmake_auto: 1.3.10 (/opt/ros/humble/share/ament_cmake_auto/cmake)
[2.039s] -- Found Python3: /usr/bin/python3 (found version "3.10.12") found components: Interpreter 
[2.261s] [0mCMake Error: File /home/aurora/RM25/src/rm_driver/livox_ros_driver2/package.xml does not exist.[0m
[2.261s] [31mCMake Error at /opt/ros/humble/share/ament_cmake_core/cmake/core/stamp.cmake:24 (configure_file):
[2.262s]   configure_file Problem configuring file
[2.262s] Call Stack (most recent call first):
[2.262s]   /opt/ros/humble/share/ament_cmake_core/cmake/core/ament_package_xml.cmake:73 (stamp)
[2.262s]   /opt/ros/humble/share/ament_cmake_core/cmake/core/ament_package_xml.cmake:49 (_ament_package_xml)
[2.262s]   /opt/ros/humble/share/ament_cmake_auto/cmake/ament_auto_find_build_dependencies.cmake:42 (ament_package_xml)
[2.262s]   CMakeLists.txt:225 (ament_auto_find_build_dependencies)
[2.262s] 
[2.262s] [0m
[2.283s] -- Checking for module 'eigen3'
[2.370s] --   Found eigen3, version 3.4.0
[2.452s] -- Found Eigen: /usr/include/eigen3 (Required is at least version "3.1") 
[2.452s] -- Eigen found (include: /usr/include/eigen3, version: 3.4.0)
[2.471s] -- Found Boost: /usr/lib/x86_64-linux-gnu/cmake/Boost-1.74.0/BoostConfig.cmake (found suitable version "1.74.0", minimum required is "1.65.0") found components: system filesystem date_time iostreams serialization 
[4.373s] -- Checking for module 'flann'
[4.488s] --   Found flann, version 1.9.1
[5.549s] -- Found FLANN: /usr/lib/x86_64-linux-gnu/libflann_cpp.so  
[5.550s] -- FLANN found (include: /usr/include, lib: /usr/lib/x86_64-linux-gnu/libflann_cpp.so)
[5.629s] -- Looking for pthread.h
[5.979s] -- Looking for pthread.h - found
[5.979s] -- Performing Test CMAKE_HAVE_LIBC_PTHREAD
[6.364s] -- Performing Test CMAKE_HAVE_LIBC_PTHREAD - Success
[6.364s] -- Found Threads: TRUE  
[6.364s] -- Found GLEW: /usr/lib/x86_64-linux-gnu/libGLEW.so  
[6.501s] -- Found OpenGL: /usr/lib/x86_64-linux-gnu/libOpenGL.so  found components: OpenGL GLX 
[7.035s] -- Found MPI_C: /usr/lib/x86_64-linux-gnu/libmpi.so (found version "3.1") 
[7.035s] -- Found MPI: TRUE (found version "3.1") found components: C 
[7.035s] -- Found JsonCpp: /usr/lib/x86_64-linux-gnu/libjsoncpp.so (found suitable version "1.9.5", minimum required is "0.7.0") 
[7.630s] -- Found ZLIB: /usr/lib/x86_64-linux-gnu/libz.so (found version "1.2.11") 
[8.616s] -- Found PNG: /usr/lib/x86_64-linux-gnu/libpng.so (found version "1.6.37") 
[8.629s] -- Found Eigen3: /usr/include/eigen3 (found version "3.4.0") 
[11.263s] -- Found X11: /usr/include   
[11.263s] -- Looking for XOpenDisplay in /usr/lib/x86_64-linux-gnu/libX11.so;/usr/lib/x86_64-linux-gnu/libXext.so
[11.488s] -- Looking for XOpenDisplay in /usr/lib/x86_64-linux-gnu/libX11.so;/usr/lib/x86_64-linux-gnu/libXext.so - found
[11.488s] -- Looking for gethostbyname
[11.751s] -- Looking for gethostbyname - found
[11.751s] -- Looking for connect
[12.009s] -- Looking for connect - found
[12.009s] -- Looking for remove
[12.227s] -- Looking for remove - found
[12.227s] -- Looking for shmat
[12.375s] -- Looking for shmat - found
[12.376s] -- Looking for IceConnectionNumber in ICE
[12.562s] -- Looking for IceConnectionNumber in ICE - found
[14.808s] -- Found EXPAT: /usr/lib/x86_64-linux-gnu/libexpat.so (found version "2.4.7") 
[14.810s] -- Found double-conversion: /usr/lib/x86_64-linux-gnu/libdouble-conversion.so  
[14.811s] -- Found LZ4: /usr/lib/x86_64-linux-gnu/liblz4.so (found version "1.9.3") 
[14.812s] -- Found LZMA: /usr/lib/x86_64-linux-gnu/liblzma.so (found version "5.2.5") 
[15.167s] -- Found JPEG: /usr/lib/x86_64-linux-gnu/libjpeg.so (found version "80") 
[15.539s] -- Found TIFF: /usr/lib/x86_64-linux-gnu/libtiff.so (found version "4.3.0")  
[15.544s] -- Found Freetype: /usr/lib/x86_64-linux-gnu/libfreetype.so (found version "2.11.1") 
[15.548s] -- Found utf8cpp: /usr/include/utf8cpp  
[15.593s] -- Checking for module 'libusb-1.0'
[15.600s] --   Found libusb-1.0, version 1.0.25
[15.803s] -- Found libusb: /usr/lib/x86_64-linux-gnu/libusb-1.0.so  
[15.804s] -- Found OpenNI: /usr/lib/libOpenNI.so;libusb::libusb (found version "1.5.4.0") 
[15.804s] -- OpenNI found (version: 1.5.4.0, include: /usr/include/ni, lib: /usr/lib/libOpenNI.so;libusb::libusb)
[16.032s] -- Found OpenNI2: /usr/lib/x86_64-linux-gnu/libOpenNI2.so;libusb::libusb (found version "2.2.0.33") 
[16.032s] -- OpenNI2 found (version: 2.2.0.33, include: /usr/include/openni2, lib: /usr/lib/x86_64-linux-gnu/libOpenNI2.so;libusb::libusb)
[16.032s] [0m** WARNING ** io features related to pcap will be disabled[0m
[19.069s] -- Eigen found (include: /usr/include/eigen3, version: 3.4.0)
[19.073s] -- OpenNI found (version: 1.5.4.0, include: /usr/include/ni, lib: /usr/lib/libOpenNI.so;libusb::libusb)
[19.077s] -- OpenNI2 found (version: 2.2.0.33, include: /usr/include/openni2, lib: /usr/lib/x86_64-linux-gnu/libOpenNI2.so;libusb::libusb)
[24.120s] -- Found Qhull version 8.0.2
[29.228s] -- OpenNI found (version: 1.5.4.0, include: /usr/include/ni, lib: /usr/lib/libOpenNI.so;libusb::libusb)
[32.107s] -- looking for PCL_COMMON
[32.108s] -- Found PCL_COMMON: /usr/lib/x86_64-linux-gnu/libpcl_common.so  
[32.108s] -- looking for PCL_KDTREE
[32.109s] -- Found PCL_KDTREE: /usr/lib/x86_64-linux-gnu/libpcl_kdtree.so  
[32.109s] -- looking for PCL_OCTREE
[32.109s] -- Found PCL_OCTREE: /usr/lib/x86_64-linux-gnu/libpcl_octree.so  
[32.109s] -- looking for PCL_SEARCH
[32.110s] -- Found PCL_SEARCH: /usr/lib/x86_64-linux-gnu/libpcl_search.so  
[32.110s] -- looking for PCL_SAMPLE_CONSENSUS
[32.110s] -- Found PCL_SAMPLE_CONSENSUS: /usr/lib/x86_64-linux-gnu/libpcl_sample_consensus.so  
[32.111s] -- looking for PCL_FILTERS
[32.111s] -- Found PCL_FILTERS: /usr/lib/x86_64-linux-gnu/libpcl_filters.so  
[32.111s] -- looking for PCL_2D
[32.112s] -- Found PCL_2D: /usr/include/pcl-1.12  
[32.112s] -- looking for PCL_GEOMETRY
[32.112s] -- Found PCL_GEOMETRY: /usr/include/pcl-1.12  
[32.112s] -- looking for PCL_IO
[32.112s] -- Found PCL_IO: /usr/lib/x86_64-linux-gnu/libpcl_io.so  
[32.112s] -- looking for PCL_FEATURES
[32.113s] -- Found PCL_FEATURES: /usr/lib/x86_64-linux-gnu/libpcl_features.so  
[32.113s] -- looking for PCL_ML
[32.113s] -- Found PCL_ML: /usr/lib/x86_64-linux-gnu/libpcl_ml.so  
[32.113s] -- looking for PCL_SEGMENTATION
[32.114s] -- Found PCL_SEGMENTATION: /usr/lib/x86_64-linux-gnu/libpcl_segmentation.so  
[32.114s] -- looking for PCL_VISUALIZATION
[32.114s] -- Found PCL_VISUALIZATION: /usr/lib/x86_64-linux-gnu/libpcl_visualization.so  
[32.114s] -- looking for PCL_SURFACE
[32.116s] -- Found PCL_SURFACE: /usr/lib/x86_64-linux-gnu/libpcl_surface.so  
[32.116s] -- looking for PCL_REGISTRATION
[32.116s] -- Found PCL_REGISTRATION: /usr/lib/x86_64-linux-gnu/libpcl_registration.so  
[32.116s] -- looking for PCL_KEYPOINTS
[32.116s] -- Found PCL_KEYPOINTS: /usr/lib/x86_64-linux-gnu/libpcl_keypoints.so  
[32.116s] -- looking for PCL_TRACKING
[32.117s] -- Found PCL_TRACKING: /usr/lib/x86_64-linux-gnu/libpcl_tracking.so  
[32.117s] -- looking for PCL_RECOGNITION
[32.117s] -- Found PCL_RECOGNITION: /usr/lib/x86_64-linux-gnu/libpcl_recognition.so  
[32.117s] -- looking for PCL_STEREO
[32.117s] -- Found PCL_STEREO: /usr/lib/x86_64-linux-gnu/libpcl_stereo.so  
[32.118s] -- looking for PCL_APPS
[32.118s] -- Found PCL_APPS: /usr/lib/x86_64-linux-gnu/libpcl_apps.so  
[32.118s] -- looking for PCL_IN_HAND_SCANNER
[32.118s] -- Found PCL_IN_HAND_SCANNER: /usr/include/pcl-1.12  
[32.118s] -- looking for PCL_MODELER
[32.119s] -- Found PCL_MODELER: /usr/include/pcl-1.12  
[32.119s] -- looking for PCL_POINT_CLOUD_EDITOR
[32.119s] -- Found PCL_POINT_CLOUD_EDITOR: /usr/include/pcl-1.12  
[32.119s] -- looking for PCL_OUTOFCORE
[32.119s] -- Found PCL_OUTOFCORE: /usr/lib/x86_64-linux-gnu/libpcl_outofcore.so  
[32.119s] -- looking for PCL_PEOPLE
[32.120s] -- Found PCL_PEOPLE: /usr/lib/x86_64-linux-gnu/libpcl_people.so  
[32.120s] -- Found PCL: pcl_common;pcl_kdtree;pcl_octree;pcl_search;pcl_sample_consensus;pcl_filters;pcl_io;pcl_features;pcl_ml;pcl_segmentation;pcl_visualization;pcl_surface;pcl_registration;pcl_keypoints;pcl_tracking;pcl_recognition;pcl_stereo;pcl_apps;pcl_outofcore;pcl_people;Boost::system;Boost::filesystem;Boost::date_time;Boost::iostreams;Boost::serialization;/usr/lib/libOpenNI.so;libusb::libusb;/usr/lib/x86_64-linux-gnu/libOpenNI2.so;libusb::libusb;VTK::ChartsCore;VTK::CommonColor;VTK::CommonComputationalGeometry;VTK::CommonCore;VTK::CommonDataModel;VTK::CommonExecutionModel;VTK::CommonMath;VTK::CommonMisc;VTK::CommonTransforms;VTK::FiltersCore;VTK::FiltersExtraction;VTK::FiltersGeneral;VTK::FiltersGeometry;VTK::FiltersModeling;VTK::FiltersSources;VTK::ImagingCore;VTK::ImagingSources;VTK::InteractionImage;VTK::InteractionStyle;VTK::InteractionWidgets;VTK::IOCore;VTK::IOGeometry;VTK::IOImage;VTK::IOLegacy;VTK::IOPLY;VTK::RenderingAnnotation;VTK::RenderingCore;VTK::RenderingContext2D;VTK::RenderingLOD;VTK::RenderingFreeType;VTK::ViewsCore;VTK::ViewsContext2D;VTK::RenderingOpenGL2;VTK::GUISupportQt;FLANN::FLANN;QHULL::QHULL  
[32.122s] -- Found std_msgs: 4.2.4 (/opt/ros/humble/share/std_msgs/cmake)
[32.179s] -- Found rosidl_generator_c: 3.1.5 (/opt/ros/humble/share/rosidl_generator_c/cmake)
[32.182s] -- Found rosidl_adapter: 3.1.5 (/opt/ros/humble/share/rosidl_adapter/cmake)
[32.196s] -- Found rosidl_generator_cpp: 3.1.5 (/opt/ros/humble/share/rosidl_generator_cpp/cmake)
[32.203s] -- Using all available rosidl_typesupport_c: rosidl_typesupport_fastrtps_c;rosidl_typesupport_introspection_c
[32.213s] -- Using all available rosidl_typesupport_cpp: rosidl_typesupport_fastrtps_cpp;rosidl_typesupport_introspection_cpp
[32.228s] -- Found rosidl_default_generators: 1.2.0 (/opt/ros/humble/share/rosidl_default_generators/cmake)
[32.236s] -- Found PkgConfig: /usr/bin/pkg-config (found version "0.29.2") 
[32.237s] -- Checking for module 'apr-1'
[32.243s] --   Found apr-1, version 1.7.0
[32.259s] [0m/usr/include/apr-1.0[0m
[32.259s] [0mapr-1[0m
[32.340s] [0mCMake Error: File /home/aurora/RM25/src/rm_driver/livox_ros_driver2/package.xml does not exist.[0m
[32.340s] [31mCMake Error at /opt/ros/humble/share/ament_cmake_core/cmake/core/stamp.cmake:24 (configure_file):
[32.340s]   configure_file Problem configuring file
[32.340s] Call Stack (most recent call first):
[32.340s]   /opt/ros/humble/share/ament_cmake_core/cmake/core/ament_package_xml.cmake:73 (stamp)
[32.340s]   /opt/ros/humble/share/ament_cmake_core/cmake/core/ament_package_xml.cmake:49 (_ament_package_xml)
[32.340s]   /opt/ros/humble/share/rosidl_cmake/cmake/rosidl_generate_interfaces.cmake:226 (ament_package_xml)
[32.340s]   CMakeLists.txt:241 (rosidl_generate_interfaces)
[32.340s] 
[32.341s] [0m
[32.341s] [31mCMake Error at /opt/ros/humble/share/rosidl_cmake/cmake/rosidl_generate_interfaces.cmake:229 (message):
[32.341s]   Packages installing interfaces must include
[32.341s]   '<member_of_group>rosidl_interface_packages</member_of_group>' in their
[32.341s]   package.xml
[32.341s] Call Stack (most recent call first):
[32.341s]   CMakeLists.txt:241 (rosidl_generate_interfaces)
[32.341s] 
[32.341s] [0m
[32.341s] -- Configuring incomplete, errors occurred!
[32.341s] See also "/home/aurora/RM25/src/build/livox_ros_driver2/CMakeFiles/CMakeOutput.log".
