[0.017s] Invoking command in '/home/aurora/RM25/build/livox_interfaces': CMAKE_PREFIX_PATH=${CMAKE_PREFIX_PATH}:/home/aurora/ros_ws/install/sdformat_tools:/opt/ros/humble /usr/bin/cmake /home/aurora/RM25/src/livox_interfaces -DAMENT_CMAKE_SYMLINK_INSTALL=1 -DCMAKE_INSTALL_PREFIX=/home/aurora/RM25/install/livox_interfaces
[0.057s] -- The C compiler identification is GNU 11.4.0
[0.094s] -- The CXX compiler identification is GNU 11.4.0
[0.099s] -- Detecting C compiler ABI info
[0.153s] -- Detecting C compiler ABI info - done
[0.158s] -- Check for working C compiler: /usr/bin/cc - skipped
[0.158s] -- Detecting C compile features
[0.159s] -- Detecting C compile features - done
[0.160s] -- Detecting CXX compiler ABI info
[0.216s] -- Detecting CXX compiler ABI info - done
[0.220s] -- Check for working CXX compiler: /usr/bin/c++ - skipped
[0.221s] -- Detecting CXX compile features
[0.221s] -- Detecting CXX compile features - done
[0.223s] -- Found ament_cmake: 1.3.10 (/opt/ros/humble/share/ament_cmake/cmake)
[0.430s] -- Found Python3: /usr/bin/python3 (found version "3.10.12") found components: Interpreter 
[0.503s] -- Override CMake install command with custom implementation using symlinks instead of copying resources
[0.565s] -- Found std_msgs: 4.2.4 (/opt/ros/humble/share/std_msgs/cmake)
[0.642s] -- Found rosidl_generator_c: 3.1.5 (/opt/ros/humble/share/rosidl_generator_c/cmake)
[0.646s] -- Found rosidl_adapter: 3.1.5 (/opt/ros/humble/share/rosidl_adapter/cmake)
[0.662s] -- Found rosidl_generator_cpp: 3.1.5 (/opt/ros/humble/share/rosidl_generator_cpp/cmake)
[0.676s] -- Using all available rosidl_typesupport_c: rosidl_typesupport_fastrtps_c;rosidl_typesupport_introspection_c
[0.699s] -- Using all available rosidl_typesupport_cpp: rosidl_typesupport_fastrtps_cpp;rosidl_typesupport_introspection_cpp
[0.734s] -- Found rosidl_default_generators: 1.2.0 (/opt/ros/humble/share/rosidl_default_generators/cmake)
[1.344s] -- Found ament_cmake_ros: 0.10.0 (/opt/ros/humble/share/ament_cmake_ros/cmake)
[2.184s] -- Using all available rosidl_typesupport_c: rosidl_typesupport_fastrtps_c;rosidl_typesupport_introspection_c
[2.523s] -- Using all available rosidl_typesupport_cpp: rosidl_typesupport_fastrtps_cpp;rosidl_typesupport_introspection_cpp
[2.577s] -- Found PythonInterp: /usr/bin/python3 (found suitable version "3.10.12", minimum required is "3.6") 
[2.584s] -- Found python_cmake_module: 0.10.0 (/opt/ros/humble/share/python_cmake_module/cmake)
[2.634s] -- Found PythonLibs: /usr/lib/x86_64-linux-gnu/libpython3.10.so (found suitable version "3.10.12", minimum required is "3.5") 
[2.637s] -- Using PYTHON_EXECUTABLE: /usr/bin/python3
[2.637s] -- Using PYTHON_INCLUDE_DIRS: /usr/include/python3.10
[2.637s] -- Using PYTHON_LIBRARIES: /usr/lib/x86_64-linux-gnu/libpython3.10.so
[2.667s] -- Found PythonExtra: .so  
[2.756s] -- Found ament_lint_auto: 0.12.11 (/opt/ros/humble/share/ament_lint_auto/cmake)
[2.796s] -- Added test 'copyright' to check source files copyright and LICENSE
[2.800s] -- Added test 'lint_cmake' to check CMake code style
[2.800s] -- Added test 'xmllint' to check XML markup files
[2.804s] -- Configuring done
[2.837s] -- Generating done
[2.851s] -- Build files have been written to: /home/aurora/RM25/build/livox_interfaces
[2.863s] Invoked command in '/home/aurora/RM25/build/livox_interfaces' returned '0': CMAKE_PREFIX_PATH=${CMAKE_PREFIX_PATH}:/home/aurora/ros_ws/install/sdformat_tools:/opt/ros/humble /usr/bin/cmake /home/aurora/RM25/src/livox_interfaces -DAMENT_CMAKE_SYMLINK_INSTALL=1 -DCMAKE_INSTALL_PREFIX=/home/aurora/RM25/install/livox_interfaces
[2.864s] Invoking command in '/home/aurora/RM25/build/livox_interfaces': CMAKE_PREFIX_PATH=${CMAKE_PREFIX_PATH}:/home/aurora/ros_ws/install/sdformat_tools:/opt/ros/humble /usr/bin/cmake --build /home/aurora/RM25/build/livox_interfaces -- -j20 -l20
[2.963s] [  2%] [34m[1mGenerating C code for ROS interfaces[0m
[2.982s] [  5%] [34m[1mGenerating C++ code for ROS interfaces[0m
[3.015s] [  5%] Built target ament_cmake_python_symlink_livox_interfaces
[3.497s] running egg_info
[3.497s] creating livox_interfaces.egg-info
[3.497s] writing livox_interfaces.egg-info/PKG-INFO
[3.498s] writing dependency_links to livox_interfaces.egg-info/dependency_links.txt
[3.498s] writing top-level names to livox_interfaces.egg-info/top_level.txt
[3.499s] writing manifest file 'livox_interfaces.egg-info/SOURCES.txt'
[3.501s] reading manifest file 'livox_interfaces.egg-info/SOURCES.txt'
[3.502s] writing manifest file 'livox_interfaces.egg-info/SOURCES.txt'
[3.546s] [  5%] Built target ament_cmake_python_build_livox_interfaces_egg
[3.594s] [  5%] Built target livox_interfaces__cpp
[3.607s] [  7%] [34m[1mGenerating C++ type support dispatch for ROS interfaces[0m
[3.620s] [ 10%] [34m[1mGenerating C++ type support for eProsima Fast-RTPS[0m
[3.623s] [ 12%] [34m[1mGenerating C++ introspection for ROS interfaces[0m
[3.725s] [ 15%] [32mBuilding C object CMakeFiles/livox_interfaces__rosidl_generator_c.dir/rosidl_generator_c/livox_interfaces/msg/detail/custom_point__functions.c.o[0m
[3.737s] [ 17%] [32mBuilding C object CMakeFiles/livox_interfaces__rosidl_generator_c.dir/rosidl_generator_c/livox_interfaces/msg/detail/custom_msg__functions.c.o[0m
[3.833s] [ 20%] [32m[1mLinking C shared library liblivox_interfaces__rosidl_generator_c.so[0m
[3.916s] [ 20%] Built target livox_interfaces__rosidl_generator_c
[3.945s] [ 23%] [34m[1mGenerating C type support for eProsima Fast-RTPS[0m
[3.945s] [ 25%] [34m[1mGenerating C introspection for ROS interfaces[0m
[3.947s] [ 28%] [34m[1mGenerating C type support dispatch for ROS interfaces[0m
[4.258s] [ 30%] [32mBuilding CXX object CMakeFiles/livox_interfaces__rosidl_typesupport_fastrtps_cpp.dir/rosidl_typesupport_fastrtps_cpp/livox_interfaces/msg/detail/dds_fastrtps/custom_point__type_support.cpp.o[0m
[4.263s] [ 33%] [32mBuilding CXX object CMakeFiles/livox_interfaces__rosidl_typesupport_fastrtps_cpp.dir/rosidl_typesupport_fastrtps_cpp/livox_interfaces/msg/detail/dds_fastrtps/custom_msg__type_support.cpp.o[0m
[4.318s] [ 35%] [32mBuilding CXX object CMakeFiles/livox_interfaces__rosidl_typesupport_introspection_cpp.dir/rosidl_typesupport_introspection_cpp/livox_interfaces/msg/detail/custom_msg__type_support.cpp.o[0m
[4.319s] [ 38%] [32mBuilding CXX object CMakeFiles/livox_interfaces__rosidl_typesupport_introspection_cpp.dir/rosidl_typesupport_introspection_cpp/livox_interfaces/msg/detail/custom_point__type_support.cpp.o[0m
[4.435s] [ 41%] [32mBuilding CXX object CMakeFiles/livox_interfaces__rosidl_typesupport_cpp.dir/rosidl_typesupport_cpp/livox_interfaces/msg/custom_point__type_support.cpp.o[0m
[4.436s] [ 43%] [32mBuilding CXX object CMakeFiles/livox_interfaces__rosidl_typesupport_cpp.dir/rosidl_typesupport_cpp/livox_interfaces/msg/custom_msg__type_support.cpp.o[0m
[4.630s] [ 46%] [32mBuilding CXX object CMakeFiles/livox_interfaces__rosidl_typesupport_fastrtps_c.dir/rosidl_typesupport_fastrtps_c/livox_interfaces/msg/detail/custom_point__type_support_c.cpp.o[0m
[4.631s] [ 48%] [32mBuilding CXX object CMakeFiles/livox_interfaces__rosidl_typesupport_fastrtps_c.dir/rosidl_typesupport_fastrtps_c/livox_interfaces/msg/detail/custom_msg__type_support_c.cpp.o[0m
[4.659s] [ 51%] [32mBuilding CXX object CMakeFiles/livox_interfaces__rosidl_typesupport_c.dir/rosidl_typesupport_c/livox_interfaces/msg/custom_point__type_support.cpp.o[0m
[4.678s] [ 53%] [32mBuilding CXX object CMakeFiles/livox_interfaces__rosidl_typesupport_c.dir/rosidl_typesupport_c/livox_interfaces/msg/custom_msg__type_support.cpp.o[0m
[4.750s] [ 56%] [32m[1mLinking CXX shared library liblivox_interfaces__rosidl_typesupport_c.so[0m
[4.842s] [ 56%] Built target livox_interfaces__rosidl_typesupport_c
[4.945s] [ 58%] [32mBuilding C object CMakeFiles/livox_interfaces__rosidl_typesupport_introspection_c.dir/rosidl_typesupport_introspection_c/livox_interfaces/msg/detail/custom_point__type_support.c.o[0m
[4.946s] [ 61%] [32mBuilding C object CMakeFiles/livox_interfaces__rosidl_typesupport_introspection_c.dir/rosidl_typesupport_introspection_c/livox_interfaces/msg/detail/custom_msg__type_support.c.o[0m
[4.985s] [ 64%] [32m[1mLinking CXX shared library liblivox_interfaces__rosidl_typesupport_cpp.so[0m
[5.057s] [ 66%] [32m[1mLinking C shared library liblivox_interfaces__rosidl_typesupport_introspection_c.so[0m
[5.077s] [ 66%] Built target livox_interfaces__rosidl_typesupport_cpp
[5.118s] [ 66%] Built target livox_interfaces__rosidl_typesupport_introspection_c
[5.139s] [ 69%] [32m[1mLinking CXX shared library liblivox_interfaces__rosidl_typesupport_introspection_cpp.so[0m
[5.185s] [ 71%] [32m[1mLinking CXX shared library liblivox_interfaces__rosidl_typesupport_fastrtps_cpp.so[0m
[5.220s] [ 74%] [32m[1mLinking CXX shared library liblivox_interfaces__rosidl_typesupport_fastrtps_c.so[0m
[5.269s] [ 74%] Built target livox_interfaces__rosidl_typesupport_introspection_cpp
[5.323s] [ 74%] Built target livox_interfaces__rosidl_typesupport_fastrtps_cpp
[5.331s] [ 74%] Built target livox_interfaces__rosidl_typesupport_fastrtps_c
[5.386s] [ 74%] Built target livox_interfaces
[5.440s] [ 76%] [34m[1mGenerating Python code for ROS interfaces[0m
[6.146s] [ 76%] Built target livox_interfaces__py
[6.169s] [ 82%] [32mBuilding C object CMakeFiles/livox_interfaces__rosidl_generator_py.dir/rosidl_generator_py/livox_interfaces/msg/_custom_point_s.c.o[0m
[6.170s] [ 82%] [32mBuilding C object CMakeFiles/livox_interfaces__rosidl_generator_py.dir/rosidl_generator_py/livox_interfaces/msg/_custom_msg_s.c.o[0m
[6.287s] [ 84%] [32m[1mLinking C shared library rosidl_generator_py/livox_interfaces/liblivox_interfaces__rosidl_generator_py.so[0m
[6.320s] [ 84%] Built target livox_interfaces__rosidl_generator_py
[6.341s] [ 87%] [32mBuilding C object CMakeFiles/livox_interfaces__rosidl_typesupport_c__pyext.dir/rosidl_generator_py/livox_interfaces/_livox_interfaces_s.ep.rosidl_typesupport_c.c.o[0m
[6.341s] [ 89%] [32mBuilding C object CMakeFiles/livox_interfaces__rosidl_typesupport_introspection_c__pyext.dir/rosidl_generator_py/livox_interfaces/_livox_interfaces_s.ep.rosidl_typesupport_introspection_c.c.o[0m
[6.341s] [ 92%] [32mBuilding C object CMakeFiles/livox_interfaces__rosidl_typesupport_fastrtps_c__pyext.dir/rosidl_generator_py/livox_interfaces/_livox_interfaces_s.ep.rosidl_typesupport_fastrtps_c.c.o[0m
[6.422s] [ 94%] [32m[1mLinking C shared library rosidl_generator_py/livox_interfaces/livox_interfaces_s__rosidl_typesupport_c.cpython-310-x86_64-linux-gnu.so[0m
[6.442s] [100%] [32m[1mLinking C shared library rosidl_generator_py/livox_interfaces/livox_interfaces_s__rosidl_typesupport_introspection_c.cpython-310-x86_64-linux-gnu.so[0m
[6.442s] [100%] [32m[1mLinking C shared library rosidl_generator_py/livox_interfaces/livox_interfaces_s__rosidl_typesupport_fastrtps_c.cpython-310-x86_64-linux-gnu.so[0m
[6.463s] [100%] Built target livox_interfaces__rosidl_typesupport_c__pyext
[6.481s] [100%] Built target livox_interfaces__rosidl_typesupport_introspection_c__pyext
[6.486s] [100%] Built target livox_interfaces__rosidl_typesupport_fastrtps_c__pyext
[6.495s] Invoked command in '/home/aurora/RM25/build/livox_interfaces' returned '0': CMAKE_PREFIX_PATH=${CMAKE_PREFIX_PATH}:/home/aurora/ros_ws/install/sdformat_tools:/opt/ros/humble /usr/bin/cmake --build /home/aurora/RM25/build/livox_interfaces -- -j20 -l20
[6.498s] Invoking command in '/home/aurora/RM25/build/livox_interfaces': CMAKE_PREFIX_PATH=${CMAKE_PREFIX_PATH}:/home/aurora/ros_ws/install/sdformat_tools:/opt/ros/humble /usr/bin/cmake --install /home/aurora/RM25/build/livox_interfaces
[6.505s] -- Install configuration: ""
[6.506s] -- Execute custom install script
[6.506s] -- Symlinking: /home/aurora/RM25/install/livox_interfaces/share/ament_index/resource_index/rosidl_interfaces/livox_interfaces
[6.515s] -- Symlinking: /home/aurora/RM25/install/livox_interfaces/include/livox_interfaces/livox_interfaces/msg/custom_msg.h
[6.521s] -- Symlinking: /home/aurora/RM25/install/livox_interfaces/include/livox_interfaces/livox_interfaces/msg/custom_point.h
[6.528s] -- Symlinking: /home/aurora/RM25/install/livox_interfaces/include/livox_interfaces/livox_interfaces/msg/detail/custom_msg__functions.h
[6.535s] -- Symlinking: /home/aurora/RM25/install/livox_interfaces/include/livox_interfaces/livox_interfaces/msg/detail/custom_msg__struct.h
[6.543s] -- Symlinking: /home/aurora/RM25/install/livox_interfaces/include/livox_interfaces/livox_interfaces/msg/detail/custom_msg__type_support.h
[6.553s] -- Symlinking: /home/aurora/RM25/install/livox_interfaces/include/livox_interfaces/livox_interfaces/msg/detail/custom_point__functions.h
[6.564s] -- Symlinking: /home/aurora/RM25/install/livox_interfaces/include/livox_interfaces/livox_interfaces/msg/detail/custom_point__struct.h
[6.571s] -- Symlinking: /home/aurora/RM25/install/livox_interfaces/include/livox_interfaces/livox_interfaces/msg/detail/custom_point__type_support.h
[6.581s] -- Symlinking: /home/aurora/RM25/install/livox_interfaces/include/livox_interfaces/livox_interfaces/msg/rosidl_generator_c__visibility_control.h
[6.590s] -- Symlinking: /home/aurora/RM25/install/livox_interfaces/share/livox_interfaces/environment/library_path.sh
[6.597s] -- Symlinking: /home/aurora/RM25/install/livox_interfaces/share/livox_interfaces/environment/library_path.dsv
[6.604s] -- Symlinking: /home/aurora/RM25/install/livox_interfaces/include/livox_interfaces/livox_interfaces/msg/detail/custom_msg__rosidl_typesupport_fastrtps_c.h
[6.611s] -- Symlinking: /home/aurora/RM25/install/livox_interfaces/include/livox_interfaces/livox_interfaces/msg/detail/custom_point__rosidl_typesupport_fastrtps_c.h
[6.620s] -- Symlinking: /home/aurora/RM25/install/livox_interfaces/include/livox_interfaces/livox_interfaces/msg/rosidl_typesupport_fastrtps_c__visibility_control.h
[6.626s] -- Symlinking: /home/aurora/RM25/install/livox_interfaces/include/livox_interfaces/livox_interfaces/msg/custom_msg.hpp
[6.632s] -- Symlinking: /home/aurora/RM25/install/livox_interfaces/include/livox_interfaces/livox_interfaces/msg/custom_point.hpp
[6.639s] -- Symlinking: /home/aurora/RM25/install/livox_interfaces/include/livox_interfaces/livox_interfaces/msg/detail/custom_msg__builder.hpp
[6.645s] -- Symlinking: /home/aurora/RM25/install/livox_interfaces/include/livox_interfaces/livox_interfaces/msg/detail/custom_msg__struct.hpp
[6.652s] -- Symlinking: /home/aurora/RM25/install/livox_interfaces/include/livox_interfaces/livox_interfaces/msg/detail/custom_msg__traits.hpp
[6.658s] -- Symlinking: /home/aurora/RM25/install/livox_interfaces/include/livox_interfaces/livox_interfaces/msg/detail/custom_point__builder.hpp
[6.665s] -- Symlinking: /home/aurora/RM25/install/livox_interfaces/include/livox_interfaces/livox_interfaces/msg/detail/custom_point__struct.hpp
[6.671s] -- Symlinking: /home/aurora/RM25/install/livox_interfaces/include/livox_interfaces/livox_interfaces/msg/detail/custom_point__traits.hpp
[6.678s] -- Symlinking: /home/aurora/RM25/install/livox_interfaces/include/livox_interfaces/livox_interfaces/msg/detail/custom_msg__rosidl_typesupport_fastrtps_cpp.hpp
[6.684s] -- Symlinking: /home/aurora/RM25/install/livox_interfaces/include/livox_interfaces/livox_interfaces/msg/detail/custom_point__rosidl_typesupport_fastrtps_cpp.hpp
[6.693s] -- Symlinking: /home/aurora/RM25/install/livox_interfaces/include/livox_interfaces/livox_interfaces/msg/rosidl_typesupport_fastrtps_cpp__visibility_control.h
[6.703s] -- Symlinking: /home/aurora/RM25/install/livox_interfaces/include/livox_interfaces/livox_interfaces/msg/detail/custom_msg__rosidl_typesupport_introspection_c.h
[6.713s] -- Symlinking: /home/aurora/RM25/install/livox_interfaces/include/livox_interfaces/livox_interfaces/msg/detail/custom_point__rosidl_typesupport_introspection_c.h
[6.723s] -- Symlinking: /home/aurora/RM25/install/livox_interfaces/include/livox_interfaces/livox_interfaces/msg/rosidl_typesupport_introspection_c__visibility_control.h
[6.732s] -- Symlinking: /home/aurora/RM25/install/livox_interfaces/include/livox_interfaces/livox_interfaces/msg/detail/custom_msg__rosidl_typesupport_introspection_cpp.hpp
[6.741s] -- Symlinking: /home/aurora/RM25/install/livox_interfaces/include/livox_interfaces/livox_interfaces/msg/detail/custom_point__rosidl_typesupport_introspection_cpp.hpp
[6.751s] -- Symlinking: /home/aurora/RM25/install/livox_interfaces/share/livox_interfaces/environment/pythonpath.sh
[6.759s] -- Symlinking: /home/aurora/RM25/install/livox_interfaces/share/livox_interfaces/environment/pythonpath.dsv
[6.766s] -- Symlinking: /home/aurora/RM25/install/livox_interfaces/local/lib/python3.10/dist-packages/livox_interfaces-0.0.1-py3.10.egg-info/PKG-INFO
[6.774s] -- Symlinking: /home/aurora/RM25/install/livox_interfaces/local/lib/python3.10/dist-packages/livox_interfaces-0.0.1-py3.10.egg-info/SOURCES.txt
[6.782s] -- Symlinking: /home/aurora/RM25/install/livox_interfaces/local/lib/python3.10/dist-packages/livox_interfaces-0.0.1-py3.10.egg-info/dependency_links.txt
[6.791s] -- Symlinking: /home/aurora/RM25/install/livox_interfaces/local/lib/python3.10/dist-packages/livox_interfaces-0.0.1-py3.10.egg-info/top_level.txt
[6.798s] -- Symlinking: /home/aurora/RM25/install/livox_interfaces/local/lib/python3.10/dist-packages/livox_interfaces/__init__.py
[6.807s] -- Symlinking: /home/aurora/RM25/install/livox_interfaces/local/lib/python3.10/dist-packages/livox_interfaces/_livox_interfaces_s.ep.rosidl_typesupport_c.c
[6.812s] -- Symlinking: /home/aurora/RM25/install/livox_interfaces/local/lib/python3.10/dist-packages/livox_interfaces/_livox_interfaces_s.ep.rosidl_typesupport_fastrtps_c.c
[6.820s] -- Symlinking: /home/aurora/RM25/install/livox_interfaces/local/lib/python3.10/dist-packages/livox_interfaces/_livox_interfaces_s.ep.rosidl_typesupport_introspection_c.c
[6.827s] -- Symlinking: /home/aurora/RM25/install/livox_interfaces/local/lib/python3.10/dist-packages/livox_interfaces/liblivox_interfaces__rosidl_generator_py.so
[6.835s] -- Symlinking: /home/aurora/RM25/install/livox_interfaces/local/lib/python3.10/dist-packages/livox_interfaces/livox_interfaces_s__rosidl_typesupport_c.cpython-310-x86_64-linux-gnu.so
[6.841s] -- Symlinking: /home/aurora/RM25/install/livox_interfaces/local/lib/python3.10/dist-packages/livox_interfaces/livox_interfaces_s__rosidl_typesupport_fastrtps_c.cpython-310-x86_64-linux-gnu.so
[6.849s] -- Symlinking: /home/aurora/RM25/install/livox_interfaces/local/lib/python3.10/dist-packages/livox_interfaces/livox_interfaces_s__rosidl_typesupport_introspection_c.cpython-310-x86_64-linux-gnu.so
[6.859s] -- Symlinking: /home/aurora/RM25/install/livox_interfaces/local/lib/python3.10/dist-packages/livox_interfaces/msg/__init__.py
[6.868s] -- Symlinking: /home/aurora/RM25/install/livox_interfaces/local/lib/python3.10/dist-packages/livox_interfaces/msg/_custom_msg.py
[6.878s] -- Symlinking: /home/aurora/RM25/install/livox_interfaces/local/lib/python3.10/dist-packages/livox_interfaces/msg/_custom_msg_s.c
[6.883s] -- Symlinking: /home/aurora/RM25/install/livox_interfaces/local/lib/python3.10/dist-packages/livox_interfaces/msg/_custom_point.py
[6.889s] -- Symlinking: /home/aurora/RM25/install/livox_interfaces/local/lib/python3.10/dist-packages/livox_interfaces/msg/_custom_point_s.c
[6.895s] -- Up-to-date symlink: /home/aurora/RM25/install/livox_interfaces/local/lib/python3.10/dist-packages/livox_interfaces/livox_interfaces_s__rosidl_typesupport_fastrtps_c.cpython-310-x86_64-linux-gnu.so
[6.895s] -- Up-to-date symlink: /home/aurora/RM25/install/livox_interfaces/local/lib/python3.10/dist-packages/livox_interfaces/livox_interfaces_s__rosidl_typesupport_introspection_c.cpython-310-x86_64-linux-gnu.so
[6.895s] -- Up-to-date symlink: /home/aurora/RM25/install/livox_interfaces/local/lib/python3.10/dist-packages/livox_interfaces/livox_interfaces_s__rosidl_typesupport_c.cpython-310-x86_64-linux-gnu.so
[6.895s] -- Symlinking: /home/aurora/RM25/install/livox_interfaces/share/livox_interfaces/msg/CustomPoint.idl
[6.902s] -- Symlinking: /home/aurora/RM25/install/livox_interfaces/share/livox_interfaces/msg/CustomMsg.idl
[6.908s] -- Symlinking: /home/aurora/RM25/install/livox_interfaces/share/livox_interfaces/msg/CustomPoint.msg
[6.914s] -- Symlinking: /home/aurora/RM25/install/livox_interfaces/share/livox_interfaces/msg/CustomMsg.msg
[6.920s] -- Symlinking: /home/aurora/RM25/install/livox_interfaces/share/ament_index/resource_index/package_run_dependencies/livox_interfaces
[6.926s] -- Symlinking: /home/aurora/RM25/install/livox_interfaces/share/ament_index/resource_index/parent_prefix_path/livox_interfaces
[6.932s] -- Symlinking: /home/aurora/RM25/install/livox_interfaces/share/livox_interfaces/environment/ament_prefix_path.sh
[6.938s] -- Symlinking: /home/aurora/RM25/install/livox_interfaces/share/livox_interfaces/environment/ament_prefix_path.dsv
[6.944s] -- Symlinking: /home/aurora/RM25/install/livox_interfaces/share/livox_interfaces/environment/path.sh
[6.950s] -- Symlinking: /home/aurora/RM25/install/livox_interfaces/share/livox_interfaces/environment/path.dsv
[6.957s] -- Symlinking: /home/aurora/RM25/install/livox_interfaces/share/livox_interfaces/local_setup.bash
[6.964s] -- Symlinking: /home/aurora/RM25/install/livox_interfaces/share/livox_interfaces/local_setup.sh
[6.969s] -- Symlinking: /home/aurora/RM25/install/livox_interfaces/share/livox_interfaces/local_setup.zsh
[6.975s] -- Symlinking: /home/aurora/RM25/install/livox_interfaces/share/livox_interfaces/local_setup.dsv
[6.981s] -- Symlinking: /home/aurora/RM25/install/livox_interfaces/share/livox_interfaces/package.dsv
[6.987s] -- Symlinking: /home/aurora/RM25/install/livox_interfaces/share/ament_index/resource_index/packages/livox_interfaces
[6.995s] -- Symlinking: /home/aurora/RM25/install/livox_interfaces/share/livox_interfaces/cmake/rosidl_cmake-extras.cmake
[7.001s] -- Symlinking: /home/aurora/RM25/install/livox_interfaces/share/livox_interfaces/cmake/ament_cmake_export_dependencies-extras.cmake
[7.007s] -- Symlinking: /home/aurora/RM25/install/livox_interfaces/share/livox_interfaces/cmake/ament_cmake_export_include_directories-extras.cmake
[7.013s] -- Symlinking: /home/aurora/RM25/install/livox_interfaces/share/livox_interfaces/cmake/ament_cmake_export_libraries-extras.cmake
[7.019s] -- Symlinking: /home/aurora/RM25/install/livox_interfaces/share/livox_interfaces/cmake/ament_cmake_export_targets-extras.cmake
[7.025s] -- Symlinking: /home/aurora/RM25/install/livox_interfaces/share/livox_interfaces/cmake/rosidl_cmake_export_typesupport_targets-extras.cmake
[7.031s] -- Symlinking: /home/aurora/RM25/install/livox_interfaces/share/livox_interfaces/cmake/rosidl_cmake_export_typesupport_libraries-extras.cmake
[7.038s] -- Symlinking: /home/aurora/RM25/install/livox_interfaces/share/livox_interfaces/cmake/livox_interfacesConfig.cmake
[7.044s] -- Symlinking: /home/aurora/RM25/install/livox_interfaces/share/livox_interfaces/cmake/livox_interfacesConfig-version.cmake
[7.051s] -- Symlinking: /home/aurora/RM25/install/livox_interfaces/share/livox_interfaces/package.xml
[7.058s] -- Installing: /home/aurora/RM25/install/livox_interfaces/lib/liblivox_interfaces__rosidl_generator_c.so
[7.058s] -- Set runtime path of "/home/aurora/RM25/install/livox_interfaces/lib/liblivox_interfaces__rosidl_generator_c.so" to ""
[7.058s] -- Installing: /home/aurora/RM25/install/livox_interfaces/lib/liblivox_interfaces__rosidl_typesupport_fastrtps_c.so
[7.058s] -- Set runtime path of "/home/aurora/RM25/install/livox_interfaces/lib/liblivox_interfaces__rosidl_typesupport_fastrtps_c.so" to ""
[7.058s] -- Installing: /home/aurora/RM25/install/livox_interfaces/lib/liblivox_interfaces__rosidl_typesupport_fastrtps_cpp.so
[7.058s] -- Set runtime path of "/home/aurora/RM25/install/livox_interfaces/lib/liblivox_interfaces__rosidl_typesupport_fastrtps_cpp.so" to ""
[7.058s] -- Installing: /home/aurora/RM25/install/livox_interfaces/lib/liblivox_interfaces__rosidl_typesupport_introspection_c.so
[7.058s] -- Set runtime path of "/home/aurora/RM25/install/livox_interfaces/lib/liblivox_interfaces__rosidl_typesupport_introspection_c.so" to ""
[7.058s] -- Installing: /home/aurora/RM25/install/livox_interfaces/lib/liblivox_interfaces__rosidl_typesupport_c.so
[7.058s] -- Set runtime path of "/home/aurora/RM25/install/livox_interfaces/lib/liblivox_interfaces__rosidl_typesupport_c.so" to ""
[7.059s] -- Installing: /home/aurora/RM25/install/livox_interfaces/lib/liblivox_interfaces__rosidl_typesupport_introspection_cpp.so
[7.059s] -- Set runtime path of "/home/aurora/RM25/install/livox_interfaces/lib/liblivox_interfaces__rosidl_typesupport_introspection_cpp.so" to ""
[7.059s] -- Installing: /home/aurora/RM25/install/livox_interfaces/lib/liblivox_interfaces__rosidl_typesupport_cpp.so
[7.059s] -- Set runtime path of "/home/aurora/RM25/install/livox_interfaces/lib/liblivox_interfaces__rosidl_typesupport_cpp.so" to ""
[7.089s] Listing '/home/aurora/RM25/install/livox_interfaces/local/lib/python3.10/dist-packages/livox_interfaces'...
[7.089s] Compiling '/home/aurora/RM25/install/livox_interfaces/local/lib/python3.10/dist-packages/livox_interfaces/__init__.py'...
[7.089s] Listing '/home/aurora/RM25/install/livox_interfaces/local/lib/python3.10/dist-packages/livox_interfaces/msg'...
[7.089s] Compiling '/home/aurora/RM25/install/livox_interfaces/local/lib/python3.10/dist-packages/livox_interfaces/msg/__init__.py'...
[7.089s] Compiling '/home/aurora/RM25/install/livox_interfaces/local/lib/python3.10/dist-packages/livox_interfaces/msg/_custom_msg.py'...
[7.090s] Compiling '/home/aurora/RM25/install/livox_interfaces/local/lib/python3.10/dist-packages/livox_interfaces/msg/_custom_point.py'...
[7.092s] -- Installing: /home/aurora/RM25/install/livox_interfaces/lib/liblivox_interfaces__rosidl_generator_py.so
[7.093s] -- Set runtime path of "/home/aurora/RM25/install/livox_interfaces/lib/liblivox_interfaces__rosidl_generator_py.so" to ""
[7.093s] -- Installing: /home/aurora/RM25/install/livox_interfaces/share/livox_interfaces/cmake/export_livox_interfaces__rosidl_generator_cExport.cmake
[7.093s] -- Installing: /home/aurora/RM25/install/livox_interfaces/share/livox_interfaces/cmake/export_livox_interfaces__rosidl_generator_cExport-noconfig.cmake
[7.093s] -- Installing: /home/aurora/RM25/install/livox_interfaces/share/livox_interfaces/cmake/export_livox_interfaces__rosidl_typesupport_fastrtps_cExport.cmake
[7.093s] -- Installing: /home/aurora/RM25/install/livox_interfaces/share/livox_interfaces/cmake/export_livox_interfaces__rosidl_typesupport_fastrtps_cExport-noconfig.cmake
[7.093s] -- Installing: /home/aurora/RM25/install/livox_interfaces/share/livox_interfaces/cmake/export_livox_interfaces__rosidl_generator_cppExport.cmake
[7.093s] -- Installing: /home/aurora/RM25/install/livox_interfaces/share/livox_interfaces/cmake/export_livox_interfaces__rosidl_typesupport_fastrtps_cppExport.cmake
[7.094s] -- Installing: /home/aurora/RM25/install/livox_interfaces/share/livox_interfaces/cmake/export_livox_interfaces__rosidl_typesupport_fastrtps_cppExport-noconfig.cmake
[7.094s] -- Installing: /home/aurora/RM25/install/livox_interfaces/share/livox_interfaces/cmake/livox_interfaces__rosidl_typesupport_introspection_cExport.cmake
[7.094s] -- Installing: /home/aurora/RM25/install/livox_interfaces/share/livox_interfaces/cmake/livox_interfaces__rosidl_typesupport_introspection_cExport-noconfig.cmake
[7.094s] -- Installing: /home/aurora/RM25/install/livox_interfaces/share/livox_interfaces/cmake/livox_interfaces__rosidl_typesupport_cExport.cmake
[7.094s] -- Installing: /home/aurora/RM25/install/livox_interfaces/share/livox_interfaces/cmake/livox_interfaces__rosidl_typesupport_cExport-noconfig.cmake
[7.094s] -- Installing: /home/aurora/RM25/install/livox_interfaces/share/livox_interfaces/cmake/livox_interfaces__rosidl_typesupport_introspection_cppExport.cmake
[7.094s] -- Installing: /home/aurora/RM25/install/livox_interfaces/share/livox_interfaces/cmake/livox_interfaces__rosidl_typesupport_introspection_cppExport-noconfig.cmake
[7.094s] -- Installing: /home/aurora/RM25/install/livox_interfaces/share/livox_interfaces/cmake/livox_interfaces__rosidl_typesupport_cppExport.cmake
[7.095s] -- Installing: /home/aurora/RM25/install/livox_interfaces/share/livox_interfaces/cmake/livox_interfaces__rosidl_typesupport_cppExport-noconfig.cmake
[7.095s] -- Installing: /home/aurora/RM25/install/livox_interfaces/share/livox_interfaces/cmake/export_livox_interfaces__rosidl_generator_pyExport.cmake
[7.095s] -- Installing: /home/aurora/RM25/install/livox_interfaces/share/livox_interfaces/cmake/export_livox_interfaces__rosidl_generator_pyExport-noconfig.cmake
[7.098s] Invoked command in '/home/aurora/RM25/build/livox_interfaces' returned '0': CMAKE_PREFIX_PATH=${CMAKE_PREFIX_PATH}:/home/aurora/ros_ws/install/sdformat_tools:/opt/ros/humble /usr/bin/cmake --install /home/aurora/RM25/build/livox_interfaces
