[0.087s] Invoking command in '/home/aurora/RM25/build/nav2_voxel_grid': AMENT_PREFIX_PATH=/home/aurora/RM25/install/nav2_common:${AMENT_PREFIX_PATH} CMAKE_PREFIX_PATH=/home/aurora/RM25/install/nav2_common:/home/aurora/RM25/install/rm_robot_description:/home/aurora/RM25/install/nav2_msgs:/home/aurora/RM25/install/nav2_bringup:/home/aurora/RM25/install/four_omniwheel_robot:/home/aurora/ws_helloworld/install/pkg01_helloworld_cpp:/home/aurora/ws_helloworld/install/learning_tf2_cpp:/home/aurora/ws_helloworld/install/pkg02_helloworld_py:/opt/ros/humble PYTHONPATH=/home/aurora/RM25/install/nav2_common/local/lib/python3.10/dist-packages:${PYTHONPATH} /usr/bin/cmake /home/aurora/RM25/src/rm_navigation2/nav2_voxel_grid -DAMENT_CMAKE_SYMLINK_INSTALL=1 -DCMAKE_INSTALL_PREFIX=/home/aurora/RM25/install/nav2_voxel_grid
[0.271s] -- The C compiler identification is GNU 11.4.0
[1.502s] -- The CXX compiler identification is GNU 11.4.0
[2.586s] -- Detecting C compiler ABI info
[2.806s] -- Detecting C compiler ABI info - done
[2.810s] -- Check for working C compiler: /usr/bin/cc - skipped
[2.811s] -- Detecting C compile features
[2.811s] -- Detecting C compile features - done
[2.813s] -- Detecting CXX compiler ABI info
[3.037s] -- Detecting CXX compiler ABI info - done
[3.042s] -- Check for working CXX compiler: /usr/bin/c++ - skipped
[3.042s] -- Detecting CXX compile features
[3.042s] -- Detecting CXX compile features - done
[3.043s] -- Found ament_cmake: 1.3.10 (/opt/ros/humble/share/ament_cmake/cmake)
[3.129s] -- Found Python3: /usr/bin/python3 (found version "3.10.12") found components: Interpreter 
[3.169s] -- Override CMake install command with custom implementation using symlinks instead of copying resources
[3.184s] -- Found nav2_common: 1.1.16 (/opt/ros/humble/share/nav2_common/cmake)
[3.187s] -- Found rclcpp: 16.0.10 (/opt/ros/humble/share/rclcpp/cmake)
[3.375s] -- Found rosidl_generator_c: 3.1.5 (/opt/ros/humble/share/rosidl_generator_c/cmake)
[3.380s] -- Found rosidl_adapter: 3.1.5 (/opt/ros/humble/share/rosidl_adapter/cmake)
[3.385s] -- Found rosidl_generator_cpp: 3.1.5 (/opt/ros/humble/share/rosidl_generator_cpp/cmake)
[3.393s] -- Using all available rosidl_typesupport_c: rosidl_typesupport_fastrtps_c;rosidl_typesupport_introspection_c
[3.405s] -- Using all available rosidl_typesupport_cpp: rosidl_typesupport_fastrtps_cpp;rosidl_typesupport_introspection_cpp
[3.454s] -- Found rmw_implementation_cmake: 6.1.2 (/opt/ros/humble/share/rmw_implementation_cmake/cmake)
[3.458s] -- Found rmw_fastrtps_cpp: 6.2.7 (/opt/ros/humble/share/rmw_fastrtps_cpp/cmake)
[6.210s] -- Found OpenSSL: /usr/lib/x86_64-linux-gnu/libcrypto.so (found version "3.0.2")  
[8.551s] -- Found FastRTPS: /opt/ros/humble/include  
[10.500s] -- Using RMW implementation 'rmw_fastrtps_cpp' as default
[10.516s] -- Looking for pthread.h
[10.846s] -- Looking for pthread.h - found
[10.846s] -- Performing Test CMAKE_HAVE_LIBC_PTHREAD
[11.061s] -- Performing Test CMAKE_HAVE_LIBC_PTHREAD - Success
[11.062s] -- Found Threads: TRUE  
[11.102s] -- Setting build type to Release as none was specified.
[11.104s] -- Found ament_lint_auto: 0.12.11 (/opt/ros/humble/share/ament_lint_auto/cmake)
[11.171s] -- Found gtest sources under '/opt/ros/humble/src/gtest_vendor': C++ tests using 'Google Test' will be built
[11.179s] -- Added test 'cppcheck' to perform static code analysis on C / C++ code
[11.179s] -- Configured cppcheck include dirs: $<BUILD_INTERFACE:/home/aurora/RM25/src/rm_navigation2/nav2_voxel_grid/include>
[11.179s] -- Configured cppcheck exclude dirs and/or files: 
[11.180s] -- Added test 'cpplint' to check C / C++ code against the Google style
[11.180s] -- Configured cpplint exclude dirs and/or files: 
[11.180s] -- Added test 'lint_cmake' to check CMake code style
[11.182s] -- Added test 'uncrustify' to check C / C++ code style
[11.182s] -- Configured uncrustify additional arguments: 
[11.182s] -- Added test 'xmllint' to check XML markup files
[11.186s] -- Configuring done
[11.198s] -- Generating done
[11.201s] -- Build files have been written to: /home/aurora/RM25/build/nav2_voxel_grid
[11.209s] Invoked command in '/home/aurora/RM25/build/nav2_voxel_grid' returned '0': AMENT_PREFIX_PATH=/home/aurora/RM25/install/nav2_common:${AMENT_PREFIX_PATH} CMAKE_PREFIX_PATH=/home/aurora/RM25/install/nav2_common:/home/aurora/RM25/install/rm_robot_description:/home/aurora/RM25/install/nav2_msgs:/home/aurora/RM25/install/nav2_bringup:/home/aurora/RM25/install/four_omniwheel_robot:/home/aurora/ws_helloworld/install/pkg01_helloworld_cpp:/home/aurora/ws_helloworld/install/learning_tf2_cpp:/home/aurora/ws_helloworld/install/pkg02_helloworld_py:/opt/ros/humble PYTHONPATH=/home/aurora/RM25/install/nav2_common/local/lib/python3.10/dist-packages:${PYTHONPATH} /usr/bin/cmake /home/aurora/RM25/src/rm_navigation2/nav2_voxel_grid -DAMENT_CMAKE_SYMLINK_INSTALL=1 -DCMAKE_INSTALL_PREFIX=/home/aurora/RM25/install/nav2_voxel_grid
[11.211s] Invoking command in '/home/aurora/RM25/build/nav2_voxel_grid': AMENT_PREFIX_PATH=/home/aurora/RM25/install/nav2_common:${AMENT_PREFIX_PATH} CMAKE_PREFIX_PATH=/home/aurora/RM25/install/nav2_common:/home/aurora/RM25/install/rm_robot_description:/home/aurora/RM25/install/nav2_msgs:/home/aurora/RM25/install/nav2_bringup:/home/aurora/RM25/install/four_omniwheel_robot:/home/aurora/ws_helloworld/install/pkg01_helloworld_cpp:/home/aurora/ws_helloworld/install/learning_tf2_cpp:/home/aurora/ws_helloworld/install/pkg02_helloworld_py:/opt/ros/humble PYTHONPATH=/home/aurora/RM25/install/nav2_common/local/lib/python3.10/dist-packages:${PYTHONPATH} /usr/bin/cmake --build /home/aurora/RM25/build/nav2_voxel_grid -- -j20 -l20
[11.243s] [ 10%] [32mBuilding CXX object CMakeFiles/voxel_grid.dir/src/voxel_grid.cpp.o[0m
[11.246s] [ 20%] [32mBuilding CXX object gtest/CMakeFiles/gtest_main.dir/src/gtest_main.cc.o[0m
[11.247s] [ 30%] [32mBuilding CXX object gtest/CMakeFiles/gtest.dir/src/gtest-all.cc.o[0m
[12.062s] [ 40%] [32m[1mLinking CXX static library libgtest_main.a[0m
[12.091s] [ 40%] Built target gtest_main
[12.141s] [ 50%] [32m[1mLinking CXX shared library libvoxel_grid.so[0m
[12.402s] [ 50%] Built target voxel_grid
[21.164s] [ 60%] [32m[1mLinking CXX static library libgtest.a[0m
[21.186s] [ 60%] Built target gtest
[21.197s] [ 70%] [32mBuilding CXX object test/CMakeFiles/voxel_grid_bresenham_3d.dir/voxel_grid_bresenham_3d.cpp.o[0m
[21.198s] [ 80%] [32mBuilding CXX object test/CMakeFiles/voxel_grid_tests.dir/voxel_grid_tests.cpp.o[0m
[22.189s] [ 90%] [32m[1mLinking CXX executable voxel_grid_bresenham_3d[0m
[22.243s] [100%] [32m[1mLinking CXX executable voxel_grid_tests[0m
[22.350s] [100%] Built target voxel_grid_bresenham_3d
[22.421s] [100%] Built target voxel_grid_tests
[22.429s] Invoked command in '/home/aurora/RM25/build/nav2_voxel_grid' returned '0': AMENT_PREFIX_PATH=/home/aurora/RM25/install/nav2_common:${AMENT_PREFIX_PATH} CMAKE_PREFIX_PATH=/home/aurora/RM25/install/nav2_common:/home/aurora/RM25/install/rm_robot_description:/home/aurora/RM25/install/nav2_msgs:/home/aurora/RM25/install/nav2_bringup:/home/aurora/RM25/install/four_omniwheel_robot:/home/aurora/ws_helloworld/install/pkg01_helloworld_cpp:/home/aurora/ws_helloworld/install/learning_tf2_cpp:/home/aurora/ws_helloworld/install/pkg02_helloworld_py:/opt/ros/humble PYTHONPATH=/home/aurora/RM25/install/nav2_common/local/lib/python3.10/dist-packages:${PYTHONPATH} /usr/bin/cmake --build /home/aurora/RM25/build/nav2_voxel_grid -- -j20 -l20
[22.445s] Invoking command in '/home/aurora/RM25/build/nav2_voxel_grid': AMENT_PREFIX_PATH=/home/aurora/RM25/install/nav2_common:${AMENT_PREFIX_PATH} CMAKE_PREFIX_PATH=/home/aurora/RM25/install/nav2_common:/home/aurora/RM25/install/rm_robot_description:/home/aurora/RM25/install/nav2_msgs:/home/aurora/RM25/install/nav2_bringup:/home/aurora/RM25/install/four_omniwheel_robot:/home/aurora/ws_helloworld/install/pkg01_helloworld_cpp:/home/aurora/ws_helloworld/install/learning_tf2_cpp:/home/aurora/ws_helloworld/install/pkg02_helloworld_py:/opt/ros/humble PYTHONPATH=/home/aurora/RM25/install/nav2_common/local/lib/python3.10/dist-packages:${PYTHONPATH} /usr/bin/cmake --install /home/aurora/RM25/build/nav2_voxel_grid
[22.447s] -- Install configuration: "Release"
[22.448s] -- Execute custom install script
[22.449s] -- Symlinking: /home/aurora/RM25/install/nav2_voxel_grid/include/nav2_voxel_grid/nav2_voxel_grid/voxel_grid.hpp
[22.454s] -- Symlinking: /home/aurora/RM25/install/nav2_voxel_grid/share/nav2_voxel_grid/environment/library_path.sh
[22.458s] -- Symlinking: /home/aurora/RM25/install/nav2_voxel_grid/share/nav2_voxel_grid/environment/library_path.dsv
[22.462s] -- Symlinking: /home/aurora/RM25/install/nav2_voxel_grid/share/ament_index/resource_index/package_run_dependencies/nav2_voxel_grid
[22.467s] -- Symlinking: /home/aurora/RM25/install/nav2_voxel_grid/share/ament_index/resource_index/parent_prefix_path/nav2_voxel_grid
[22.471s] -- Symlinking: /home/aurora/RM25/install/nav2_voxel_grid/share/nav2_voxel_grid/environment/ament_prefix_path.sh
[22.475s] -- Symlinking: /home/aurora/RM25/install/nav2_voxel_grid/share/nav2_voxel_grid/environment/ament_prefix_path.dsv
[22.481s] -- Symlinking: /home/aurora/RM25/install/nav2_voxel_grid/share/nav2_voxel_grid/environment/path.sh
[22.487s] -- Symlinking: /home/aurora/RM25/install/nav2_voxel_grid/share/nav2_voxel_grid/environment/path.dsv
[22.492s] -- Symlinking: /home/aurora/RM25/install/nav2_voxel_grid/share/nav2_voxel_grid/local_setup.bash
[22.497s] -- Symlinking: /home/aurora/RM25/install/nav2_voxel_grid/share/nav2_voxel_grid/local_setup.sh
[22.503s] -- Symlinking: /home/aurora/RM25/install/nav2_voxel_grid/share/nav2_voxel_grid/local_setup.zsh
[22.508s] -- Symlinking: /home/aurora/RM25/install/nav2_voxel_grid/share/nav2_voxel_grid/local_setup.dsv
[22.515s] -- Symlinking: /home/aurora/RM25/install/nav2_voxel_grid/share/nav2_voxel_grid/package.dsv
[22.528s] -- Symlinking: /home/aurora/RM25/install/nav2_voxel_grid/share/ament_index/resource_index/packages/nav2_voxel_grid
[22.535s] -- Symlinking: /home/aurora/RM25/install/nav2_voxel_grid/share/nav2_voxel_grid/cmake/ament_cmake_export_dependencies-extras.cmake
[22.544s] -- Symlinking: /home/aurora/RM25/install/nav2_voxel_grid/share/nav2_voxel_grid/cmake/ament_cmake_export_include_directories-extras.cmake
[22.551s] -- Symlinking: /home/aurora/RM25/install/nav2_voxel_grid/share/nav2_voxel_grid/cmake/ament_cmake_export_libraries-extras.cmake
[22.555s] -- Symlinking: /home/aurora/RM25/install/nav2_voxel_grid/share/nav2_voxel_grid/cmake/ament_cmake_export_targets-extras.cmake
[22.561s] -- Symlinking: /home/aurora/RM25/install/nav2_voxel_grid/share/nav2_voxel_grid/cmake/nav2_voxel_gridConfig.cmake
[22.567s] -- Symlinking: /home/aurora/RM25/install/nav2_voxel_grid/share/nav2_voxel_grid/cmake/nav2_voxel_gridConfig-version.cmake
[22.571s] -- Symlinking: /home/aurora/RM25/install/nav2_voxel_grid/share/nav2_voxel_grid/package.xml
[22.578s] -- Installing: /home/aurora/RM25/install/nav2_voxel_grid/lib/libvoxel_grid.so
[22.578s] -- Set runtime path of "/home/aurora/RM25/install/nav2_voxel_grid/lib/libvoxel_grid.so" to ""
[22.578s] -- Installing: /home/aurora/RM25/install/nav2_voxel_grid/share/nav2_voxel_grid/cmake/voxel_gridExport.cmake
[22.578s] -- Installing: /home/aurora/RM25/install/nav2_voxel_grid/share/nav2_voxel_grid/cmake/voxel_gridExport-release.cmake
[22.580s] Invoked command in '/home/aurora/RM25/build/nav2_voxel_grid' returned '0': AMENT_PREFIX_PATH=/home/aurora/RM25/install/nav2_common:${AMENT_PREFIX_PATH} CMAKE_PREFIX_PATH=/home/aurora/RM25/install/nav2_common:/home/aurora/RM25/install/rm_robot_description:/home/aurora/RM25/install/nav2_msgs:/home/aurora/RM25/install/nav2_bringup:/home/aurora/RM25/install/four_omniwheel_robot:/home/aurora/ws_helloworld/install/pkg01_helloworld_cpp:/home/aurora/ws_helloworld/install/learning_tf2_cpp:/home/aurora/ws_helloworld/install/pkg02_helloworld_py:/opt/ros/humble PYTHONPATH=/home/aurora/RM25/install/nav2_common/local/lib/python3.10/dist-packages:${PYTHONPATH} /usr/bin/cmake --install /home/aurora/RM25/build/nav2_voxel_grid
