[0.012s] Invoking command in '/home/aurora/RM25/build/rm_robot_description_sim': CMAKE_PREFIX_PATH=${CMAKE_PREFIX_PATH}:/home/aurora/ros_ws/install/sdformat_tools:/opt/ros/humble /usr/bin/cmake --build /home/aurora/RM25/build/rm_robot_description_sim -- -j20 -l20
[0.055s] [35m[1mConsolidate compiler generated dependencies of target rm_robot_description_sim[0m
[0.071s] [ 50%] [32mBuilding CXX object CMakeFiles/rm_robot_description_sim.dir/src/control_robot_keyboard.cpp.o[0m
[6.409s] [100%] [32m[1mLinking CXX executable rm_robot_description_sim[0m
[6.747s] [100%] Built target rm_robot_description_sim
[6.758s] Invoked command in '/home/aurora/RM25/build/rm_robot_description_sim' returned '0': CMAKE_PREFIX_PATH=${CMAKE_PREFIX_PATH}:/home/aurora/ros_ws/install/sdformat_tools:/opt/ros/humble /usr/bin/cmake --build /home/aurora/RM25/build/rm_robot_description_sim -- -j20 -l20
[6.766s] Invoking command in '/home/aurora/RM25/build/rm_robot_description_sim': CMAKE_PREFIX_PATH=${CMAKE_PREFIX_PATH}:/home/aurora/ros_ws/install/sdformat_tools:/opt/ros/humble /usr/bin/cmake --install /home/aurora/RM25/build/rm_robot_description_sim
[6.775s] -- Install configuration: ""
[6.775s] -- Installing: /home/aurora/RM25/install/rm_robot_description_sim/lib/rm_robot_description_sim/rm_robot_description_sim
[6.779s] -- Set runtime path of "/home/aurora/RM25/install/rm_robot_description_sim/lib/rm_robot_description_sim/rm_robot_description_sim" to ""
[6.779s] -- Installing: /home/aurora/RM25/install/rm_robot_description_sim/share/rm_robot_description_sim/launch
[6.779s] -- Installing: /home/aurora/RM25/install/rm_robot_description_sim/share/rm_robot_description_sim/launch/rm_simulation.launch.py
[6.779s] -- Installing: /home/aurora/RM25/install/rm_robot_description_sim/share/rm_robot_description_sim/launch/build
[6.779s] -- Installing: /home/aurora/RM25/install/rm_robot_description_sim/share/rm_robot_description_sim/launch/build/COLCON_IGNORE
[6.784s] -- Installing: /home/aurora/RM25/install/rm_robot_description_sim/share/rm_robot_description_sim/launch/build/.built_by
[6.785s] -- Installing: /home/aurora/RM25/install/rm_robot_description_sim/share/rm_robot_description_sim/launch/robotv2.launch.py
[6.785s] -- Installing: /home/aurora/RM25/install/rm_robot_description_sim/share/rm_robot_description_sim/launch/robot,launch.py
[6.789s] -- Installing: /home/aurora/RM25/install/rm_robot_description_sim/share/rm_robot_description_sim/launch/log
[6.789s] -- Installing: /home/aurora/RM25/install/rm_robot_description_sim/share/rm_robot_description_sim/launch/log/latest_build
[6.789s] -- Installing: /home/aurora/RM25/install/rm_robot_description_sim/share/rm_robot_description_sim/launch/log/COLCON_IGNORE
[6.789s] -- Installing: /home/aurora/RM25/install/rm_robot_description_sim/share/rm_robot_description_sim/launch/log/build_2024-11-12_20-59-25
[6.789s] -- Installing: /home/aurora/RM25/install/rm_robot_description_sim/share/rm_robot_description_sim/launch/log/build_2024-11-12_20-59-25/logger_all.log
[6.789s] -- Installing: /home/aurora/RM25/install/rm_robot_description_sim/share/rm_robot_description_sim/launch/log/build_2024-11-12_20-59-25/events.log
[6.789s] -- Installing: /home/aurora/RM25/install/rm_robot_description_sim/share/rm_robot_description_sim/launch/log/latest
[6.789s] -- Installing: /home/aurora/RM25/install/rm_robot_description_sim/share/rm_robot_description_sim/launch/log/build_2024-11-14_12-02-55
[6.789s] -- Installing: /home/aurora/RM25/install/rm_robot_description_sim/share/rm_robot_description_sim/launch/log/build_2024-11-14_12-02-55/logger_all.log
[6.789s] -- Installing: /home/aurora/RM25/install/rm_robot_description_sim/share/rm_robot_description_sim/launch/log/build_2024-11-14_12-02-55/events.log
[6.789s] -- Installing: /home/aurora/RM25/install/rm_robot_description_sim/share/rm_robot_description_sim/launch/install
[6.789s] -- Installing: /home/aurora/RM25/install/rm_robot_description_sim/share/rm_robot_description_sim/launch/install/COLCON_IGNORE
[6.789s] -- Installing: /home/aurora/RM25/install/rm_robot_description_sim/share/rm_robot_description_sim/launch/install/setup.ps1
[6.790s] -- Installing: /home/aurora/RM25/install/rm_robot_description_sim/share/rm_robot_description_sim/launch/install/_local_setup_util_sh.py
[6.790s] -- Installing: /home/aurora/RM25/install/rm_robot_description_sim/share/rm_robot_description_sim/launch/install/local_setup.ps1
[6.790s] -- Installing: /home/aurora/RM25/install/rm_robot_description_sim/share/rm_robot_description_sim/launch/install/local_setup.bash
[6.790s] -- Installing: /home/aurora/RM25/install/rm_robot_description_sim/share/rm_robot_description_sim/launch/install/_local_setup_util_ps1.py
[6.790s] -- Installing: /home/aurora/RM25/install/rm_robot_description_sim/share/rm_robot_description_sim/launch/install/setup.zsh
[6.790s] -- Installing: /home/aurora/RM25/install/rm_robot_description_sim/share/rm_robot_description_sim/launch/install/.colcon_install_layout
[6.790s] -- Installing: /home/aurora/RM25/install/rm_robot_description_sim/share/rm_robot_description_sim/launch/install/local_setup.sh
[6.790s] -- Installing: /home/aurora/RM25/install/rm_robot_description_sim/share/rm_robot_description_sim/launch/install/local_setup.zsh
[6.790s] -- Installing: /home/aurora/RM25/install/rm_robot_description_sim/share/rm_robot_description_sim/launch/install/setup.sh
[6.790s] -- Installing: /home/aurora/RM25/install/rm_robot_description_sim/share/rm_robot_description_sim/launch/install/setup.bash
[6.790s] -- Installing: /home/aurora/RM25/install/rm_robot_description_sim/share/rm_robot_description_sim/launch/robot.launch.py
[6.790s] -- Installing: /home/aurora/RM25/install/rm_robot_description_sim/share/rm_robot_description_sim/launch/mid360.launch.py
[6.790s] -- Installing: /home/aurora/RM25/install/rm_robot_description_sim/share/rm_robot_description_sim/urdf
[6.790s] -- Installing: /home/aurora/RM25/install/rm_robot_description_sim/share/rm_robot_description_sim/urdf/robot.urdf.xacro
[6.790s] -- Installing: /home/aurora/RM25/install/rm_robot_description_sim/share/rm_robot_description_sim/urdf/mid360.urdf
[6.790s] -- Installing: /home/aurora/RM25/install/rm_robot_description_sim/share/rm_robot_description_sim/urdf/mid360.xacro
[6.790s] -- Installing: /home/aurora/RM25/install/rm_robot_description_sim/share/rm_robot_description_sim/urdf/omni.urdf
[6.790s] -- Installing: /home/aurora/RM25/install/rm_robot_description_sim/share/rm_robot_description_sim/urdf/four_omniwheel_robot.urdf
[6.790s] -- Installing: /home/aurora/RM25/install/rm_robot_description_sim/share/rm_robot_description_sim/urdf/sim_robot.urdf
[6.790s] -- Installing: /home/aurora/RM25/install/rm_robot_description_sim/share/rm_robot_description_sim/urdf/omni.sdf
[6.790s] -- Installing: /home/aurora/RM25/install/rm_robot_description_sim/share/rm_robot_description_sim/urdf/simulation_waking_robot.xacro
[6.790s] -- Installing: /home/aurora/RM25/install/rm_robot_description_sim/share/rm_robot_description_sim/meshes
[6.790s] -- Installing: /home/aurora/RM25/install/rm_robot_description_sim/share/rm_robot_description_sim/meshes/obstacles
[6.791s] -- Installing: /home/aurora/RM25/install/rm_robot_description_sim/share/rm_robot_description_sim/meshes/obstacles/obstacle2
[6.791s] -- Installing: /home/aurora/RM25/install/rm_robot_description_sim/share/rm_robot_description_sim/meshes/obstacles/obstacle2/model.sdf
[6.791s] -- Installing: /home/aurora/RM25/install/rm_robot_description_sim/share/rm_robot_description_sim/meshes/obstacles/obstacle2/model.config
[6.791s] -- Installing: /home/aurora/RM25/install/rm_robot_description_sim/share/rm_robot_description_sim/meshes/obstacles/obstacle5
[6.791s] -- Installing: /home/aurora/RM25/install/rm_robot_description_sim/share/rm_robot_description_sim/meshes/obstacles/obstacle5/model.sdf
[6.791s] -- Installing: /home/aurora/RM25/install/rm_robot_description_sim/share/rm_robot_description_sim/meshes/obstacles/obstacle5/model.config
[6.791s] -- Installing: /home/aurora/RM25/install/rm_robot_description_sim/share/rm_robot_description_sim/meshes/obstacles/obstacle4
[6.791s] -- Installing: /home/aurora/RM25/install/rm_robot_description_sim/share/rm_robot_description_sim/meshes/obstacles/obstacle4/model.sdf
[6.791s] -- Installing: /home/aurora/RM25/install/rm_robot_description_sim/share/rm_robot_description_sim/meshes/obstacles/obstacle4/model.config
[6.791s] -- Installing: /home/aurora/RM25/install/rm_robot_description_sim/share/rm_robot_description_sim/meshes/obstacles/obstacle11
[6.791s] -- Installing: /home/aurora/RM25/install/rm_robot_description_sim/share/rm_robot_description_sim/meshes/obstacles/obstacle11/model.sdf
[6.791s] -- Installing: /home/aurora/RM25/install/rm_robot_description_sim/share/rm_robot_description_sim/meshes/obstacles/obstacle11/model.config
[6.791s] -- Installing: /home/aurora/RM25/install/rm_robot_description_sim/share/rm_robot_description_sim/meshes/obstacles/obstacle10
[6.791s] -- Installing: /home/aurora/RM25/install/rm_robot_description_sim/share/rm_robot_description_sim/meshes/obstacles/obstacle10/model.sdf
[6.791s] -- Installing: /home/aurora/RM25/install/rm_robot_description_sim/share/rm_robot_description_sim/meshes/obstacles/obstacle10/model.config
[6.791s] -- Installing: /home/aurora/RM25/install/rm_robot_description_sim/share/rm_robot_description_sim/meshes/obstacles/obstacle3
[6.791s] -- Installing: /home/aurora/RM25/install/rm_robot_description_sim/share/rm_robot_description_sim/meshes/obstacles/obstacle3/model.sdf
[6.791s] -- Installing: /home/aurora/RM25/install/rm_robot_description_sim/share/rm_robot_description_sim/meshes/obstacles/obstacle3/model.config
[6.791s] -- Installing: /home/aurora/RM25/install/rm_robot_description_sim/share/rm_robot_description_sim/meshes/obstacles/obstacle_plugin
[6.791s] -- Installing: /home/aurora/RM25/install/rm_robot_description_sim/share/rm_robot_description_sim/meshes/obstacles/obstacle_plugin/obstacle1.cc
[6.791s] -- Installing: /home/aurora/RM25/install/rm_robot_description_sim/share/rm_robot_description_sim/meshes/obstacles/obstacle_plugin/obstacle3.cc
[6.791s] -- Installing: /home/aurora/RM25/install/rm_robot_description_sim/share/rm_robot_description_sim/meshes/obstacles/obstacle_plugin/obstacle4.cc
[6.792s] -- Installing: /home/aurora/RM25/install/rm_robot_description_sim/share/rm_robot_description_sim/meshes/obstacles/obstacle_plugin/obstacle8.cc
[6.792s] -- Installing: /home/aurora/RM25/install/rm_robot_description_sim/share/rm_robot_description_sim/meshes/obstacles/obstacle_plugin/lib
[6.792s] -- Installing: /home/aurora/RM25/install/rm_robot_description_sim/share/rm_robot_description_sim/meshes/obstacles/obstacle_plugin/lib/libobstacles.so
[6.792s] -- Installing: /home/aurora/RM25/install/rm_robot_description_sim/share/rm_robot_description_sim/meshes/obstacles/obstacle_plugin/lib/libobstacle4.so
[6.793s] -- Installing: /home/aurora/RM25/install/rm_robot_description_sim/share/rm_robot_description_sim/meshes/obstacles/obstacle_plugin/lib/libobstacle5.so
[6.793s] -- Installing: /home/aurora/RM25/install/rm_robot_description_sim/share/rm_robot_description_sim/meshes/obstacles/obstacle_plugin/lib/libobstacle12.so
[6.793s] -- Installing: /home/aurora/RM25/install/rm_robot_description_sim/share/rm_robot_description_sim/meshes/obstacles/obstacle_plugin/lib/libobstacle8.so
[6.794s] -- Installing: /home/aurora/RM25/install/rm_robot_description_sim/share/rm_robot_description_sim/meshes/obstacles/obstacle_plugin/lib/libobstacle7.so
[6.794s] -- Installing: /home/aurora/RM25/install/rm_robot_description_sim/share/rm_robot_description_sim/meshes/obstacles/obstacle_plugin/lib/libobstacle9.so
[6.794s] -- Installing: /home/aurora/RM25/install/rm_robot_description_sim/share/rm_robot_description_sim/meshes/obstacles/obstacle_plugin/lib/libobstacle6.so
[6.794s] -- Installing: /home/aurora/RM25/install/rm_robot_description_sim/share/rm_robot_description_sim/meshes/obstacles/obstacle_plugin/lib/libobstacle11.so
[6.795s] -- Installing: /home/aurora/RM25/install/rm_robot_description_sim/share/rm_robot_description_sim/meshes/obstacles/obstacle_plugin/lib/libobstacle3.so
[6.796s] -- Installing: /home/aurora/RM25/install/rm_robot_description_sim/share/rm_robot_description_sim/meshes/obstacles/obstacle_plugin/lib/libobstacle1.so
[6.797s] -- Installing: /home/aurora/RM25/install/rm_robot_description_sim/share/rm_robot_description_sim/meshes/obstacles/obstacle_plugin/lib/libobstacle2.so
[6.798s] -- Installing: /home/aurora/RM25/install/rm_robot_description_sim/share/rm_robot_description_sim/meshes/obstacles/obstacle_plugin/lib/libobstacle10.so
[6.799s] -- Installing: /home/aurora/RM25/install/rm_robot_description_sim/share/rm_robot_description_sim/meshes/obstacles/obstacle_plugin/obstacle10.cc
[6.800s] -- Installing: /home/aurora/RM25/install/rm_robot_description_sim/share/rm_robot_description_sim/meshes/obstacles/obstacle_plugin/obstacle6.cc
[6.800s] -- Installing: /home/aurora/RM25/install/rm_robot_description_sim/share/rm_robot_description_sim/meshes/obstacles/obstacle_plugin/obstacle5.cc
[6.800s] -- Installing: /home/aurora/RM25/install/rm_robot_description_sim/share/rm_robot_description_sim/meshes/obstacles/obstacle_plugin/obstacle11.cc
[6.800s] -- Installing: /home/aurora/RM25/install/rm_robot_description_sim/share/rm_robot_description_sim/meshes/obstacles/obstacle_plugin/CMakeLists.txt
[6.800s] -- Installing: /home/aurora/RM25/install/rm_robot_description_sim/share/rm_robot_description_sim/meshes/obstacles/obstacle_plugin/obstacle2.cc
[6.800s] -- Installing: /home/aurora/RM25/install/rm_robot_description_sim/share/rm_robot_description_sim/meshes/obstacles/obstacle_plugin/obstacle9.cc
[6.800s] -- Installing: /home/aurora/RM25/install/rm_robot_description_sim/share/rm_robot_description_sim/meshes/obstacles/obstacle_plugin/obstacles.cc
[6.800s] -- Installing: /home/aurora/RM25/install/rm_robot_description_sim/share/rm_robot_description_sim/meshes/obstacles/obstacle_plugin/obstacle7.cc
[6.800s] -- Installing: /home/aurora/RM25/install/rm_robot_description_sim/share/rm_robot_description_sim/meshes/obstacles/obstacle_plugin/obstacle12.cc
[6.800s] -- Installing: /home/aurora/RM25/install/rm_robot_description_sim/share/rm_robot_description_sim/meshes/obstacles/obstacle_plugin/obstacle13.cc
[6.800s] -- Installing: /home/aurora/RM25/install/rm_robot_description_sim/share/rm_robot_description_sim/meshes/obstacles/obstacle6
[6.800s] -- Installing: /home/aurora/RM25/install/rm_robot_description_sim/share/rm_robot_description_sim/meshes/obstacles/obstacle6/model.sdf
[6.800s] -- Installing: /home/aurora/RM25/install/rm_robot_description_sim/share/rm_robot_description_sim/meshes/obstacles/obstacle6/model.config
[6.801s] -- Installing: /home/aurora/RM25/install/rm_robot_description_sim/share/rm_robot_description_sim/meshes/obstacles/obstacle1
[6.801s] -- Installing: /home/aurora/RM25/install/rm_robot_description_sim/share/rm_robot_description_sim/meshes/obstacles/obstacle1/model.sdf
[6.801s] -- Installing: /home/aurora/RM25/install/rm_robot_description_sim/share/rm_robot_description_sim/meshes/obstacles/obstacle1/model.config
[6.801s] -- Installing: /home/aurora/RM25/install/rm_robot_description_sim/share/rm_robot_description_sim/meshes/obstacles/obstacle12
[6.801s] -- Installing: /home/aurora/RM25/install/rm_robot_description_sim/share/rm_robot_description_sim/meshes/obstacles/obstacle12/model.sdf
[6.801s] -- Installing: /home/aurora/RM25/install/rm_robot_description_sim/share/rm_robot_description_sim/meshes/obstacles/obstacle12/model.config
[6.801s] -- Installing: /home/aurora/RM25/install/rm_robot_description_sim/share/rm_robot_description_sim/meshes/obstacles/obstacle7
[6.801s] -- Installing: /home/aurora/RM25/install/rm_robot_description_sim/share/rm_robot_description_sim/meshes/obstacles/obstacle7/model.sdf
[6.801s] -- Installing: /home/aurora/RM25/install/rm_robot_description_sim/share/rm_robot_description_sim/meshes/obstacles/obstacle7/model.config
[6.801s] -- Installing: /home/aurora/RM25/install/rm_robot_description_sim/share/rm_robot_description_sim/meshes/obstacles/obstacle8
[6.801s] -- Installing: /home/aurora/RM25/install/rm_robot_description_sim/share/rm_robot_description_sim/meshes/obstacles/obstacle8/model.sdf
[6.801s] -- Installing: /home/aurora/RM25/install/rm_robot_description_sim/share/rm_robot_description_sim/meshes/obstacles/obstacle8/model.config
[6.801s] -- Installing: /home/aurora/RM25/install/rm_robot_description_sim/share/rm_robot_description_sim/meshes/obstacles/obstacle9
[6.801s] -- Installing: /home/aurora/RM25/install/rm_robot_description_sim/share/rm_robot_description_sim/meshes/obstacles/obstacle9/model.sdf
[6.801s] -- Installing: /home/aurora/RM25/install/rm_robot_description_sim/share/rm_robot_description_sim/meshes/obstacles/obstacle9/model.config
[6.802s] -- Installing: /home/aurora/RM25/install/rm_robot_description_sim/share/rm_robot_description_sim/meshes/display.launch
[6.802s] -- Installing: /home/aurora/RM25/install/rm_robot_description_sim/share/rm_robot_description_sim/meshes/gazebo.launch.py
[6.802s] -- Installing: /home/aurora/RM25/install/rm_robot_description_sim/share/rm_robot_description_sim/meshes/omniwheel3_link.STL
[6.806s] -- Installing: /home/aurora/RM25/install/rm_robot_description_sim/share/rm_robot_description_sim/meshes/RMUC_2024.stl
[6.807s] -- Installing: /home/aurora/RM25/install/rm_robot_description_sim/share/rm_robot_description_sim/meshes/mid360.stl
[6.811s] -- Installing: /home/aurora/RM25/install/rm_robot_description_sim/share/rm_robot_description_sim/meshes/RMUL_2024.stl
[6.827s] -- Installing: /home/aurora/RM25/install/rm_robot_description_sim/share/rm_robot_description_sim/meshes/controller_link.STL
[6.828s] -- Installing: /home/aurora/RM25/install/rm_robot_description_sim/share/rm_robot_description_sim/meshes/display.launch.py
[6.828s] -- Installing: /home/aurora/RM25/install/rm_robot_description_sim/share/rm_robot_description_sim/meshes/gazebo.launch
[6.828s] -- Installing: /home/aurora/RM25/install/rm_robot_description_sim/share/rm_robot_description_sim/meshes/omniwheel1_link.STL
[6.832s] -- Installing: /home/aurora/RM25/install/rm_robot_description_sim/share/rm_robot_description_sim/meshes/omniwheel4_link.STL
[6.836s] -- Installing: /home/aurora/RM25/install/rm_robot_description_sim/share/rm_robot_description_sim/meshes/base_link.STL
[6.836s] -- Installing: /home/aurora/RM25/install/rm_robot_description_sim/share/rm_robot_description_sim/meshes/mid360laser_link.STL
[6.843s] -- Installing: /home/aurora/RM25/install/rm_robot_description_sim/share/rm_robot_description_sim/meshes/omniwheel2_link.STL
[6.844s] -- Installing: /home/aurora/RM25/install/rm_robot_description_sim/share/rm_robot_description_sim/world
[6.845s] -- Installing: /home/aurora/RM25/install/rm_robot_description_sim/share/rm_robot_description_sim/world/rmul
[6.845s] -- Installing: /home/aurora/RM25/install/rm_robot_description_sim/share/rm_robot_description_sim/world/rmul/RMUL25.world
[6.846s] -- Installing: /home/aurora/RM25/install/rm_robot_description_sim/share/rm_robot_description_sim/world/rmul/model.sdf
[6.846s] -- Installing: /home/aurora/RM25/install/rm_robot_description_sim/share/rm_robot_description_sim/world/rmul/model.config
[6.846s] -- Installing: /home/aurora/RM25/install/rm_robot_description_sim/share/rm_robot_description_sim/world/RMUL25.world
[6.846s] -- Installing: /home/aurora/RM25/install/rm_robot_description_sim/share/rm_robot_description_sim/world/RMUC24_world.world
[6.846s] -- Installing: /home/aurora/RM25/install/rm_robot_description_sim/share/rm_robot_description_sim/world/my_world.world
[6.846s] -- Installing: /home/aurora/RM25/install/rm_robot_description_sim/share/rm_robot_description_sim/world/25UL
[6.846s] -- Installing: /home/aurora/RM25/install/rm_robot_description_sim/share/rm_robot_description_sim/world/25UL/RMUL25.world
[6.846s] -- Installing: /home/aurora/RM25/install/rm_robot_description_sim/share/rm_robot_description_sim/world/25UL/model.sdf
[6.846s] -- Installing: /home/aurora/RM25/install/rm_robot_description_sim/share/rm_robot_description_sim/world/25UL/model.config
[6.846s] -- Installing: /home/aurora/RM25/install/rm_robot_description_sim/share/rm_robot_description_sim/rviz
[6.846s] -- Installing: /home/aurora/RM25/install/rm_robot_description_sim/share/rm_robot_description_sim/rviz/fastlio.rviz
[6.846s] -- Installing: /home/aurora/RM25/install/rm_robot_description_sim/share/rm_robot_description_sim/rviz/rviz2.rviz
[6.846s] -- Installing: /home/aurora/RM25/install/rm_robot_description_sim/share/rm_robot_description_sim/rviz/urdf_config.rviz
[6.846s] -- Installing: /home/aurora/RM25/install/rm_robot_description_sim/share/ament_index/resource_index/package_run_dependencies/rm_robot_description_sim
[6.846s] -- Installing: /home/aurora/RM25/install/rm_robot_description_sim/share/ament_index/resource_index/parent_prefix_path/rm_robot_description_sim
[6.846s] -- Installing: /home/aurora/RM25/install/rm_robot_description_sim/share/rm_robot_description_sim/environment/ament_prefix_path.sh
[6.846s] -- Installing: /home/aurora/RM25/install/rm_robot_description_sim/share/rm_robot_description_sim/environment/ament_prefix_path.dsv
[6.846s] -- Installing: /home/aurora/RM25/install/rm_robot_description_sim/share/rm_robot_description_sim/environment/path.sh
[6.846s] -- Installing: /home/aurora/RM25/install/rm_robot_description_sim/share/rm_robot_description_sim/environment/path.dsv
[6.846s] -- Installing: /home/aurora/RM25/install/rm_robot_description_sim/share/rm_robot_description_sim/local_setup.bash
[6.846s] -- Installing: /home/aurora/RM25/install/rm_robot_description_sim/share/rm_robot_description_sim/local_setup.sh
[6.846s] -- Installing: /home/aurora/RM25/install/rm_robot_description_sim/share/rm_robot_description_sim/local_setup.zsh
[6.847s] -- Installing: /home/aurora/RM25/install/rm_robot_description_sim/share/rm_robot_description_sim/local_setup.dsv
[6.847s] -- Installing: /home/aurora/RM25/install/rm_robot_description_sim/share/rm_robot_description_sim/package.dsv
[6.847s] -- Installing: /home/aurora/RM25/install/rm_robot_description_sim/share/ament_index/resource_index/packages/rm_robot_description_sim
[6.847s] -- Installing: /home/aurora/RM25/install/rm_robot_description_sim/share/rm_robot_description_sim/cmake/rm_robot_description_simConfig.cmake
[6.847s] -- Installing: /home/aurora/RM25/install/rm_robot_description_sim/share/rm_robot_description_sim/cmake/rm_robot_description_simConfig-version.cmake
[6.847s] -- Installing: /home/aurora/RM25/install/rm_robot_description_sim/share/rm_robot_description_sim/package.xml
[6.848s] Invoked command in '/home/aurora/RM25/build/rm_robot_description_sim' returned '0': CMAKE_PREFIX_PATH=${CMAKE_PREFIX_PATH}:/home/aurora/ros_ws/install/sdformat_tools:/opt/ros/humble /usr/bin/cmake --install /home/aurora/RM25/build/rm_robot_description_sim
