[0.016s] Invoking command in '/home/aurora/RM25/src/build/rm_robot_description': CMAKE_PREFIX_PATH=${CMAKE_PREFIX_PATH}:/home/aurora/ws_helloworld/install/pkg02_helloworld_py:/opt/ros/humble /usr/bin/cmake /home/aurora/RM25/src/rm_robot_description -DROS_EDITION=ROS2 -DHUMBLE_ROS=humble -DCMAKE_INSTALL_PREFIX=/home/aurora/RM25/src/install/rm_robot_description
[0.214s] -- The C compiler identification is GNU 11.4.0
[1.191s] -- The CXX compiler identification is GNU 11.4.0
[1.738s] -- Detecting C compiler ABI info
[1.908s] -- Detecting C compiler ABI info - done
[1.914s] -- Check for working C compiler: /usr/bin/cc - skipped
[1.915s] -- Detecting C compile features
[1.915s] -- Detecting C compile features - done
[1.917s] -- Detecting CXX compiler ABI info
[2.069s] -- Detecting CXX compiler ABI info - done
[2.072s] -- Check for working CXX compiler: /usr/bin/c++ - skipped
[2.073s] -- Detecting CXX compile features
[2.074s] -- Detecting CXX compile features - done
[2.076s] -- Found ament_cmake_auto: 1.3.10 (/opt/ros/humble/share/ament_cmake_auto/cmake)
[2.306s] -- Found Python3: /usr/bin/python3 (found version "3.10.12") found components: Interpreter 
[5.149s] -- Found ament_lint_auto: 0.12.11 (/opt/ros/humble/share/ament_lint_auto/cmake)
[5.155s] -- Configuring done
[5.162s] -- Generating done
[5.167s] [33mCMake Warning:
[5.167s]   Manually-specified variables were not used by the project:
[5.167s] 
[5.167s]     HUMBLE_ROS
[5.167s]     ROS_EDITION
[5.167s] 
[5.168s] [0m
[5.168s] -- Build files have been written to: /home/aurora/RM25/src/build/rm_robot_description
[5.176s] Invoked command in '/home/aurora/RM25/src/build/rm_robot_description' returned '0': CMAKE_PREFIX_PATH=${CMAKE_PREFIX_PATH}:/home/aurora/ws_helloworld/install/pkg02_helloworld_py:/opt/ros/humble /usr/bin/cmake /home/aurora/RM25/src/rm_robot_description -DROS_EDITION=ROS2 -DHUMBLE_ROS=humble -DCMAKE_INSTALL_PREFIX=/home/aurora/RM25/src/install/rm_robot_description
[5.176s] Invoking command in '/home/aurora/RM25/src/build/rm_robot_description': CMAKE_PREFIX_PATH=${CMAKE_PREFIX_PATH}:/home/aurora/ws_helloworld/install/pkg02_helloworld_py:/opt/ros/humble /usr/bin/cmake --build /home/aurora/RM25/src/build/rm_robot_description -- -j20 -l20
[5.298s] Invoked command in '/home/aurora/RM25/src/build/rm_robot_description' returned '0': CMAKE_PREFIX_PATH=${CMAKE_PREFIX_PATH}:/home/aurora/ws_helloworld/install/pkg02_helloworld_py:/opt/ros/humble /usr/bin/cmake --build /home/aurora/RM25/src/build/rm_robot_description -- -j20 -l20
[5.454s] Invoking command in '/home/aurora/RM25/src/build/rm_robot_description': CMAKE_PREFIX_PATH=${CMAKE_PREFIX_PATH}:/home/aurora/ws_helloworld/install/pkg02_helloworld_py:/opt/ros/humble /usr/bin/cmake --install /home/aurora/RM25/src/build/rm_robot_description
[5.470s] -- Install configuration: ""
[5.470s] -- Installing: /home/aurora/RM25/src/install/rm_robot_description/share/rm_robot_description/urdf
[5.470s] -- Installing: /home/aurora/RM25/src/install/rm_robot_description/share/rm_robot_description/urdf/sim_robot.urdf
[5.470s] -- Installing: /home/aurora/RM25/src/install/rm_robot_description/share/rm_robot_description/urdf/robot.urdf
[5.470s] -- Installing: /home/aurora/RM25/src/install/rm_robot_description/share/rm_robot_description/urdf/simulation.urdf
[5.470s] -- Installing: /home/aurora/RM25/src/install/rm_robot_description/share/rm_robot_description/urdf/robot.urdf.xacro
[5.470s] -- Installing: /home/aurora/RM25/src/install/rm_robot_description/share/rm_robot_description/urdf/simulation_waking_robot.xacro
[5.470s] -- Installing: /home/aurora/RM25/src/install/rm_robot_description/share/rm_robot_description/urdf/four_omniwheel_robot.urdf
[5.470s] -- Installing: /home/aurora/RM25/src/install/rm_robot_description/share/rm_robot_description/urdf/mid360.xacro
[5.470s] -- Installing: /home/aurora/RM25/src/install/rm_robot_description/share/rm_robot_description/world
[5.470s] -- Installing: /home/aurora/RM25/src/install/rm_robot_description/share/rm_robot_description/world/25UL
[5.470s] -- Installing: /home/aurora/RM25/src/install/rm_robot_description/share/rm_robot_description/world/25UL/model.config
[5.470s] -- Installing: /home/aurora/RM25/src/install/rm_robot_description/share/rm_robot_description/world/25UL/RMUL25.world
[5.471s] -- Installing: /home/aurora/RM25/src/install/rm_robot_description/share/rm_robot_description/world/25UL/model.sdf
[5.471s] -- Installing: /home/aurora/RM25/src/install/rm_robot_description/share/rm_robot_description/world/my_world.world
[5.471s] -- Installing: /home/aurora/RM25/src/install/rm_robot_description/share/rm_robot_description/world/RMUL25.world
[5.471s] -- Installing: /home/aurora/RM25/src/install/rm_robot_description/share/rm_robot_description/world/rmul
[5.471s] -- Installing: /home/aurora/RM25/src/install/rm_robot_description/share/rm_robot_description/world/rmul/model.config
[5.475s] -- Installing: /home/aurora/RM25/src/install/rm_robot_description/share/rm_robot_description/world/rmul/RMUL25.world
[5.475s] -- Installing: /home/aurora/RM25/src/install/rm_robot_description/share/rm_robot_description/world/rmul/model.sdf
[5.475s] -- Installing: /home/aurora/RM25/src/install/rm_robot_description/share/rm_robot_description/world/RMUC24_world.world
[5.475s] -- Installing: /home/aurora/RM25/src/install/rm_robot_description/share/rm_robot_description/rviz
[5.475s] -- Installing: /home/aurora/RM25/src/install/rm_robot_description/share/rm_robot_description/rviz/fastlio.rviz
[5.475s] -- Installing: /home/aurora/RM25/src/install/rm_robot_description/share/rm_robot_description/rviz/urdf_config.rviz
[5.475s] -- Installing: /home/aurora/RM25/src/install/rm_robot_description/share/rm_robot_description/rviz/rviz2.rviz
[5.476s] -- Installing: /home/aurora/RM25/src/install/rm_robot_description/share/rm_robot_description/launch
[5.476s] -- Installing: /home/aurora/RM25/src/install/rm_robot_description/share/rm_robot_description/launch/build
[5.476s] -- Installing: /home/aurora/RM25/src/install/rm_robot_description/share/rm_robot_description/launch/build/COLCON_IGNORE
[5.476s] -- Installing: /home/aurora/RM25/src/install/rm_robot_description/share/rm_robot_description/launch/build/.built_by
[5.476s] -- Installing: /home/aurora/RM25/src/install/rm_robot_description/share/rm_robot_description/launch/log
[5.477s] -- Installing: /home/aurora/RM25/src/install/rm_robot_description/share/rm_robot_description/launch/log/build_2024-11-12_20-59-25
[5.477s] -- Installing: /home/aurora/RM25/src/install/rm_robot_description/share/rm_robot_description/launch/log/build_2024-11-12_20-59-25/logger_all.log
[5.477s] -- Installing: /home/aurora/RM25/src/install/rm_robot_description/share/rm_robot_description/launch/log/build_2024-11-12_20-59-25/events.log
[5.477s] -- Installing: /home/aurora/RM25/src/install/rm_robot_description/share/rm_robot_description/launch/log/latest_build
[5.478s] -- Installing: /home/aurora/RM25/src/install/rm_robot_description/share/rm_robot_description/launch/log/latest
[5.478s] -- Installing: /home/aurora/RM25/src/install/rm_robot_description/share/rm_robot_description/launch/log/build_2024-11-14_12-02-55
[5.478s] -- Installing: /home/aurora/RM25/src/install/rm_robot_description/share/rm_robot_description/launch/log/build_2024-11-14_12-02-55/logger_all.log
[5.478s] -- Installing: /home/aurora/RM25/src/install/rm_robot_description/share/rm_robot_description/launch/log/build_2024-11-14_12-02-55/events.log
[5.478s] -- Installing: /home/aurora/RM25/src/install/rm_robot_description/share/rm_robot_description/launch/log/COLCON_IGNORE
[5.478s] -- Installing: /home/aurora/RM25/src/install/rm_robot_description/share/rm_robot_description/launch/install
[5.478s] -- Installing: /home/aurora/RM25/src/install/rm_robot_description/share/rm_robot_description/launch/install/setup.ps1
[5.478s] -- Installing: /home/aurora/RM25/src/install/rm_robot_description/share/rm_robot_description/launch/install/setup.sh
[5.479s] -- Installing: /home/aurora/RM25/src/install/rm_robot_description/share/rm_robot_description/launch/install/setup.zsh
[5.479s] -- Installing: /home/aurora/RM25/src/install/rm_robot_description/share/rm_robot_description/launch/install/local_setup.bash
[5.479s] -- Installing: /home/aurora/RM25/src/install/rm_robot_description/share/rm_robot_description/launch/install/COLCON_IGNORE
[5.479s] -- Installing: /home/aurora/RM25/src/install/rm_robot_description/share/rm_robot_description/launch/install/setup.bash
[5.479s] -- Installing: /home/aurora/RM25/src/install/rm_robot_description/share/rm_robot_description/launch/install/_local_setup_util_sh.py
[5.479s] -- Installing: /home/aurora/RM25/src/install/rm_robot_description/share/rm_robot_description/launch/install/local_setup.ps1
[5.479s] -- Installing: /home/aurora/RM25/src/install/rm_robot_description/share/rm_robot_description/launch/install/_local_setup_util_ps1.py
[5.479s] -- Installing: /home/aurora/RM25/src/install/rm_robot_description/share/rm_robot_description/launch/install/local_setup.zsh
[5.480s] -- Installing: /home/aurora/RM25/src/install/rm_robot_description/share/rm_robot_description/launch/install/.colcon_install_layout
[5.480s] -- Installing: /home/aurora/RM25/src/install/rm_robot_description/share/rm_robot_description/launch/install/local_setup.sh
[5.480s] -- Installing: /home/aurora/RM25/src/install/rm_robot_description/share/rm_robot_description/launch/robot.launch.py
[5.480s] -- Installing: /home/aurora/RM25/src/install/rm_robot_description/share/rm_robot_description/launch/robotv2.launch.py
[5.480s] -- Installing: /home/aurora/RM25/src/install/rm_robot_description/share/rm_robot_description/launch/__pycache__
[5.483s] -- Installing: /home/aurora/RM25/src/install/rm_robot_description/share/rm_robot_description/launch/__pycache__/display.launch.cpython-310.pyc
[5.484s] -- Installing: /home/aurora/RM25/src/install/rm_robot_description/share/rm_robot_description/launch/__pycache__/robot.launch.cpython-310.pyc
[5.484s] -- Installing: /home/aurora/RM25/src/install/rm_robot_description/share/rm_robot_description/launch/__pycache__/robotv2.launch.cpython-310.pyc
[5.484s] -- Installing: /home/aurora/RM25/src/install/rm_robot_description/share/rm_robot_description/launch/__pycache__/rm_simulation.launch.cpython-310.pyc
[5.484s] -- Installing: /home/aurora/RM25/src/install/rm_robot_description/share/rm_robot_description/launch/rm_simulation.launch.py
[5.484s] -- Installing: /home/aurora/RM25/src/install/rm_robot_description/share/rm_robot_description/meshes
[5.484s] -- Installing: /home/aurora/RM25/src/install/rm_robot_description/share/rm_robot_description/meshes/gazebo.launch.py
[5.484s] -- Installing: /home/aurora/RM25/src/install/rm_robot_description/share/rm_robot_description/meshes/omniwheel1_link.STL
[5.492s] -- Installing: /home/aurora/RM25/src/install/rm_robot_description/share/rm_robot_description/meshes/obstacles
[5.492s] -- Installing: /home/aurora/RM25/src/install/rm_robot_description/share/rm_robot_description/meshes/obstacles/obstacle6
[5.492s] -- Installing: /home/aurora/RM25/src/install/rm_robot_description/share/rm_robot_description/meshes/obstacles/obstacle6/model.config
[5.492s] -- Installing: /home/aurora/RM25/src/install/rm_robot_description/share/rm_robot_description/meshes/obstacles/obstacle6/model.sdf
[5.492s] -- Installing: /home/aurora/RM25/src/install/rm_robot_description/share/rm_robot_description/meshes/obstacles/obstacle9
[5.493s] -- Installing: /home/aurora/RM25/src/install/rm_robot_description/share/rm_robot_description/meshes/obstacles/obstacle9/model.config
[5.493s] -- Installing: /home/aurora/RM25/src/install/rm_robot_description/share/rm_robot_description/meshes/obstacles/obstacle9/model.sdf
[5.493s] -- Installing: /home/aurora/RM25/src/install/rm_robot_description/share/rm_robot_description/meshes/obstacles/obstacle7
[5.493s] -- Installing: /home/aurora/RM25/src/install/rm_robot_description/share/rm_robot_description/meshes/obstacles/obstacle7/model.config
[5.493s] -- Installing: /home/aurora/RM25/src/install/rm_robot_description/share/rm_robot_description/meshes/obstacles/obstacle7/model.sdf
[5.493s] -- Installing: /home/aurora/RM25/src/install/rm_robot_description/share/rm_robot_description/meshes/obstacles/obstacle_plugin
[5.493s] -- Installing: /home/aurora/RM25/src/install/rm_robot_description/share/rm_robot_description/meshes/obstacles/obstacle_plugin/obstacle1.cc
[5.493s] -- Installing: /home/aurora/RM25/src/install/rm_robot_description/share/rm_robot_description/meshes/obstacles/obstacle_plugin/obstacle10.cc
[5.493s] -- Installing: /home/aurora/RM25/src/install/rm_robot_description/share/rm_robot_description/meshes/obstacles/obstacle_plugin/CMakeLists.txt
[5.494s] -- Installing: /home/aurora/RM25/src/install/rm_robot_description/share/rm_robot_description/meshes/obstacles/obstacle_plugin/obstacle12.cc
[5.494s] -- Installing: /home/aurora/RM25/src/install/rm_robot_description/share/rm_robot_description/meshes/obstacles/obstacle_plugin/obstacle8.cc
[5.494s] -- Installing: /home/aurora/RM25/src/install/rm_robot_description/share/rm_robot_description/meshes/obstacles/obstacle_plugin/lib
[5.494s] -- Installing: /home/aurora/RM25/src/install/rm_robot_description/share/rm_robot_description/meshes/obstacles/obstacle_plugin/lib/libobstacles.so
[5.498s] -- Installing: /home/aurora/RM25/src/install/rm_robot_description/share/rm_robot_description/meshes/obstacles/obstacle_plugin/lib/libobstacle3.so
[5.500s] -- Installing: /home/aurora/RM25/src/install/rm_robot_description/share/rm_robot_description/meshes/obstacles/obstacle_plugin/lib/libobstacle11.so
[5.502s] -- Installing: /home/aurora/RM25/src/install/rm_robot_description/share/rm_robot_description/meshes/obstacles/obstacle_plugin/lib/libobstacle9.so
[5.505s] -- Installing: /home/aurora/RM25/src/install/rm_robot_description/share/rm_robot_description/meshes/obstacles/obstacle_plugin/lib/libobstacle2.so
[5.508s] -- Installing: /home/aurora/RM25/src/install/rm_robot_description/share/rm_robot_description/meshes/obstacles/obstacle_plugin/lib/libobstacle5.so
[5.511s] -- Installing: /home/aurora/RM25/src/install/rm_robot_description/share/rm_robot_description/meshes/obstacles/obstacle_plugin/lib/libobstacle8.so
[5.514s] -- Installing: /home/aurora/RM25/src/install/rm_robot_description/share/rm_robot_description/meshes/obstacles/obstacle_plugin/lib/libobstacle12.so
[5.516s] -- Installing: /home/aurora/RM25/src/install/rm_robot_description/share/rm_robot_description/meshes/obstacles/obstacle_plugin/lib/libobstacle10.so
[5.520s] -- Installing: /home/aurora/RM25/src/install/rm_robot_description/share/rm_robot_description/meshes/obstacles/obstacle_plugin/lib/libobstacle6.so
[5.528s] -- Installing: /home/aurora/RM25/src/install/rm_robot_description/share/rm_robot_description/meshes/obstacles/obstacle_plugin/lib/libobstacle1.so
[5.528s] -- Installing: /home/aurora/RM25/src/install/rm_robot_description/share/rm_robot_description/meshes/obstacles/obstacle_plugin/lib/libobstacle4.so
[5.528s] -- Installing: /home/aurora/RM25/src/install/rm_robot_description/share/rm_robot_description/meshes/obstacles/obstacle_plugin/lib/libobstacle7.so
[5.531s] -- Installing: /home/aurora/RM25/src/install/rm_robot_description/share/rm_robot_description/meshes/obstacles/obstacle_plugin/obstacle7.cc
[5.531s] -- Installing: /home/aurora/RM25/src/install/rm_robot_description/share/rm_robot_description/meshes/obstacles/obstacle_plugin/obstacles.cc
[5.531s] -- Installing: /home/aurora/RM25/src/install/rm_robot_description/share/rm_robot_description/meshes/obstacles/obstacle_plugin/obstacle6.cc
[5.531s] -- Installing: /home/aurora/RM25/src/install/rm_robot_description/share/rm_robot_description/meshes/obstacles/obstacle_plugin/obstacle13.cc
[5.531s] -- Installing: /home/aurora/RM25/src/install/rm_robot_description/share/rm_robot_description/meshes/obstacles/obstacle_plugin/obstacle11.cc
[5.531s] -- Installing: /home/aurora/RM25/src/install/rm_robot_description/share/rm_robot_description/meshes/obstacles/obstacle_plugin/obstacle5.cc
[5.531s] -- Installing: /home/aurora/RM25/src/install/rm_robot_description/share/rm_robot_description/meshes/obstacles/obstacle_plugin/obstacle2.cc
[5.532s] -- Installing: /home/aurora/RM25/src/install/rm_robot_description/share/rm_robot_description/meshes/obstacles/obstacle_plugin/obstacle4.cc
[5.535s] -- Installing: /home/aurora/RM25/src/install/rm_robot_description/share/rm_robot_description/meshes/obstacles/obstacle_plugin/obstacle9.cc
[5.535s] -- Installing: /home/aurora/RM25/src/install/rm_robot_description/share/rm_robot_description/meshes/obstacles/obstacle_plugin/obstacle3.cc
[5.535s] -- Installing: /home/aurora/RM25/src/install/rm_robot_description/share/rm_robot_description/meshes/obstacles/obstacle12
[5.535s] -- Installing: /home/aurora/RM25/src/install/rm_robot_description/share/rm_robot_description/meshes/obstacles/obstacle12/model.config
[5.535s] -- Installing: /home/aurora/RM25/src/install/rm_robot_description/share/rm_robot_description/meshes/obstacles/obstacle12/model.sdf
[5.535s] -- Installing: /home/aurora/RM25/src/install/rm_robot_description/share/rm_robot_description/meshes/obstacles/obstacle11
[5.535s] -- Installing: /home/aurora/RM25/src/install/rm_robot_description/share/rm_robot_description/meshes/obstacles/obstacle11/model.config
[5.535s] -- Installing: /home/aurora/RM25/src/install/rm_robot_description/share/rm_robot_description/meshes/obstacles/obstacle11/model.sdf
[5.536s] -- Installing: /home/aurora/RM25/src/install/rm_robot_description/share/rm_robot_description/meshes/obstacles/obstacle1
[5.536s] -- Installing: /home/aurora/RM25/src/install/rm_robot_description/share/rm_robot_description/meshes/obstacles/obstacle1/model.config
[5.536s] -- Installing: /home/aurora/RM25/src/install/rm_robot_description/share/rm_robot_description/meshes/obstacles/obstacle1/model.sdf
[5.536s] -- Installing: /home/aurora/RM25/src/install/rm_robot_description/share/rm_robot_description/meshes/obstacles/obstacle5
[5.536s] -- Installing: /home/aurora/RM25/src/install/rm_robot_description/share/rm_robot_description/meshes/obstacles/obstacle5/model.config
[5.536s] -- Installing: /home/aurora/RM25/src/install/rm_robot_description/share/rm_robot_description/meshes/obstacles/obstacle5/model.sdf
[5.536s] -- Installing: /home/aurora/RM25/src/install/rm_robot_description/share/rm_robot_description/meshes/obstacles/obstacle10
[5.536s] -- Installing: /home/aurora/RM25/src/install/rm_robot_description/share/rm_robot_description/meshes/obstacles/obstacle10/model.config
[5.536s] -- Installing: /home/aurora/RM25/src/install/rm_robot_description/share/rm_robot_description/meshes/obstacles/obstacle10/model.sdf
[5.536s] -- Installing: /home/aurora/RM25/src/install/rm_robot_description/share/rm_robot_description/meshes/obstacles/obstacle2
[5.536s] -- Installing: /home/aurora/RM25/src/install/rm_robot_description/share/rm_robot_description/meshes/obstacles/obstacle2/model.config
[5.536s] -- Installing: /home/aurora/RM25/src/install/rm_robot_description/share/rm_robot_description/meshes/obstacles/obstacle2/model.sdf
[5.536s] -- Installing: /home/aurora/RM25/src/install/rm_robot_description/share/rm_robot_description/meshes/obstacles/obstacle3
[5.536s] -- Installing: /home/aurora/RM25/src/install/rm_robot_description/share/rm_robot_description/meshes/obstacles/obstacle3/model.config
[5.536s] -- Installing: /home/aurora/RM25/src/install/rm_robot_description/share/rm_robot_description/meshes/obstacles/obstacle3/model.sdf
[5.536s] -- Installing: /home/aurora/RM25/src/install/rm_robot_description/share/rm_robot_description/meshes/obstacles/obstacle8
[5.536s] -- Installing: /home/aurora/RM25/src/install/rm_robot_description/share/rm_robot_description/meshes/obstacles/obstacle8/model.config
[5.536s] -- Installing: /home/aurora/RM25/src/install/rm_robot_description/share/rm_robot_description/meshes/obstacles/obstacle8/model.sdf
[5.536s] -- Installing: /home/aurora/RM25/src/install/rm_robot_description/share/rm_robot_description/meshes/obstacles/obstacle4
[5.536s] -- Installing: /home/aurora/RM25/src/install/rm_robot_description/share/rm_robot_description/meshes/obstacles/obstacle4/model.config
[5.536s] -- Installing: /home/aurora/RM25/src/install/rm_robot_description/share/rm_robot_description/meshes/obstacles/obstacle4/model.sdf
[5.536s] -- Installing: /home/aurora/RM25/src/install/rm_robot_description/share/rm_robot_description/meshes/display.launch.py
[5.536s] -- Installing: /home/aurora/RM25/src/install/rm_robot_description/share/rm_robot_description/meshes/RMUL_2024.stl
[5.597s] -- Installing: /home/aurora/RM25/src/install/rm_robot_description/share/rm_robot_description/meshes/mid360.stl
[5.609s] -- Installing: /home/aurora/RM25/src/install/rm_robot_description/share/rm_robot_description/meshes/display.launch
[5.610s] -- Installing: /home/aurora/RM25/src/install/rm_robot_description/share/rm_robot_description/meshes/mid360laser_link.STL
[5.624s] -- Installing: /home/aurora/RM25/src/install/rm_robot_description/share/rm_robot_description/meshes/RMUC_2024.stl
[5.624s] -- Installing: /home/aurora/RM25/src/install/rm_robot_description/share/rm_robot_description/meshes/omniwheel3_link.STL
[5.637s] -- Installing: /home/aurora/RM25/src/install/rm_robot_description/share/rm_robot_description/meshes/omniwheel4_link.STL
[5.647s] -- Installing: /home/aurora/RM25/src/install/rm_robot_description/share/rm_robot_description/meshes/base_link.STL
[5.647s] -- Installing: /home/aurora/RM25/src/install/rm_robot_description/share/rm_robot_description/meshes/gazebo.launch
[5.647s] -- Installing: /home/aurora/RM25/src/install/rm_robot_description/share/rm_robot_description/meshes/omniwheel2_link.STL
[5.662s] -- Installing: /home/aurora/RM25/src/install/rm_robot_description/share/rm_robot_description/meshes/controller_link.STL
[5.662s] -- Up-to-date: /home/aurora/RM25/src/install/rm_robot_description/share/rm_robot_description/launch
[5.662s] -- Up-to-date: /home/aurora/RM25/src/install/rm_robot_description/share/rm_robot_description/launch/build
[5.662s] -- Up-to-date: /home/aurora/RM25/src/install/rm_robot_description/share/rm_robot_description/launch/build/COLCON_IGNORE
[5.662s] -- Up-to-date: /home/aurora/RM25/src/install/rm_robot_description/share/rm_robot_description/launch/build/.built_by
[5.662s] -- Up-to-date: /home/aurora/RM25/src/install/rm_robot_description/share/rm_robot_description/launch/log
[5.662s] -- Up-to-date: /home/aurora/RM25/src/install/rm_robot_description/share/rm_robot_description/launch/log/build_2024-11-12_20-59-25
[5.662s] -- Up-to-date: /home/aurora/RM25/src/install/rm_robot_description/share/rm_robot_description/launch/log/build_2024-11-12_20-59-25/logger_all.log
[5.662s] -- Up-to-date: /home/aurora/RM25/src/install/rm_robot_description/share/rm_robot_description/launch/log/build_2024-11-12_20-59-25/events.log
[5.663s] -- Up-to-date: /home/aurora/RM25/src/install/rm_robot_description/share/rm_robot_description/launch/log/latest_build
[5.663s] -- Up-to-date: /home/aurora/RM25/src/install/rm_robot_description/share/rm_robot_description/launch/log/latest
[5.663s] -- Up-to-date: /home/aurora/RM25/src/install/rm_robot_description/share/rm_robot_description/launch/log/build_2024-11-14_12-02-55
[5.663s] -- Up-to-date: /home/aurora/RM25/src/install/rm_robot_description/share/rm_robot_description/launch/log/build_2024-11-14_12-02-55/logger_all.log
[5.663s] -- Up-to-date: /home/aurora/RM25/src/install/rm_robot_description/share/rm_robot_description/launch/log/build_2024-11-14_12-02-55/events.log
[5.663s] -- Up-to-date: /home/aurora/RM25/src/install/rm_robot_description/share/rm_robot_description/launch/log/COLCON_IGNORE
[5.663s] -- Up-to-date: /home/aurora/RM25/src/install/rm_robot_description/share/rm_robot_description/launch/install
[5.663s] -- Up-to-date: /home/aurora/RM25/src/install/rm_robot_description/share/rm_robot_description/launch/install/setup.ps1
[5.663s] -- Up-to-date: /home/aurora/RM25/src/install/rm_robot_description/share/rm_robot_description/launch/install/setup.sh
[5.663s] -- Up-to-date: /home/aurora/RM25/src/install/rm_robot_description/share/rm_robot_description/launch/install/setup.zsh
[5.663s] -- Up-to-date: /home/aurora/RM25/src/install/rm_robot_description/share/rm_robot_description/launch/install/local_setup.bash
[5.663s] -- Up-to-date: /home/aurora/RM25/src/install/rm_robot_description/share/rm_robot_description/launch/install/COLCON_IGNORE
[5.663s] -- Up-to-date: /home/aurora/RM25/src/install/rm_robot_description/share/rm_robot_description/launch/install/setup.bash
[5.663s] -- Up-to-date: /home/aurora/RM25/src/install/rm_robot_description/share/rm_robot_description/launch/install/_local_setup_util_sh.py
[5.663s] -- Up-to-date: /home/aurora/RM25/src/install/rm_robot_description/share/rm_robot_description/launch/install/local_setup.ps1
[5.663s] -- Up-to-date: /home/aurora/RM25/src/install/rm_robot_description/share/rm_robot_description/launch/install/_local_setup_util_ps1.py
[5.663s] -- Up-to-date: /home/aurora/RM25/src/install/rm_robot_description/share/rm_robot_description/launch/install/local_setup.zsh
[5.663s] -- Up-to-date: /home/aurora/RM25/src/install/rm_robot_description/share/rm_robot_description/launch/install/.colcon_install_layout
[5.664s] -- Up-to-date: /home/aurora/RM25/src/install/rm_robot_description/share/rm_robot_description/launch/install/local_setup.sh
[5.664s] -- Up-to-date: /home/aurora/RM25/src/install/rm_robot_description/share/rm_robot_description/launch/robot.launch.py
[5.664s] -- Up-to-date: /home/aurora/RM25/src/install/rm_robot_description/share/rm_robot_description/launch/robotv2.launch.py
[5.664s] -- Up-to-date: /home/aurora/RM25/src/install/rm_robot_description/share/rm_robot_description/launch/__pycache__
[5.664s] -- Up-to-date: /home/aurora/RM25/src/install/rm_robot_description/share/rm_robot_description/launch/__pycache__/display.launch.cpython-310.pyc
[5.664s] -- Up-to-date: /home/aurora/RM25/src/install/rm_robot_description/share/rm_robot_description/launch/__pycache__/robot.launch.cpython-310.pyc
[5.664s] -- Up-to-date: /home/aurora/RM25/src/install/rm_robot_description/share/rm_robot_description/launch/__pycache__/robotv2.launch.cpython-310.pyc
[5.664s] -- Up-to-date: /home/aurora/RM25/src/install/rm_robot_description/share/rm_robot_description/launch/__pycache__/rm_simulation.launch.cpython-310.pyc
[5.664s] -- Up-to-date: /home/aurora/RM25/src/install/rm_robot_description/share/rm_robot_description/launch/rm_simulation.launch.py
[5.664s] -- Up-to-date: /home/aurora/RM25/src/install/rm_robot_description/share/rm_robot_description/urdf
[5.664s] -- Up-to-date: /home/aurora/RM25/src/install/rm_robot_description/share/rm_robot_description/urdf/sim_robot.urdf
[5.664s] -- Up-to-date: /home/aurora/RM25/src/install/rm_robot_description/share/rm_robot_description/urdf/robot.urdf
[5.664s] -- Up-to-date: /home/aurora/RM25/src/install/rm_robot_description/share/rm_robot_description/urdf/simulation.urdf
[5.664s] -- Up-to-date: /home/aurora/RM25/src/install/rm_robot_description/share/rm_robot_description/urdf/robot.urdf.xacro
[5.664s] -- Up-to-date: /home/aurora/RM25/src/install/rm_robot_description/share/rm_robot_description/urdf/simulation_waking_robot.xacro
[5.664s] -- Up-to-date: /home/aurora/RM25/src/install/rm_robot_description/share/rm_robot_description/urdf/four_omniwheel_robot.urdf
[5.664s] -- Up-to-date: /home/aurora/RM25/src/install/rm_robot_description/share/rm_robot_description/urdf/mid360.xacro
[5.664s] -- Up-to-date: /home/aurora/RM25/src/install/rm_robot_description/share/rm_robot_description/meshes
[5.664s] -- Up-to-date: /home/aurora/RM25/src/install/rm_robot_description/share/rm_robot_description/meshes/gazebo.launch.py
[5.664s] -- Up-to-date: /home/aurora/RM25/src/install/rm_robot_description/share/rm_robot_description/meshes/omniwheel1_link.STL
[5.664s] -- Up-to-date: /home/aurora/RM25/src/install/rm_robot_description/share/rm_robot_description/meshes/obstacles
[5.664s] -- Up-to-date: /home/aurora/RM25/src/install/rm_robot_description/share/rm_robot_description/meshes/obstacles/obstacle6
[5.664s] -- Up-to-date: /home/aurora/RM25/src/install/rm_robot_description/share/rm_robot_description/meshes/obstacles/obstacle6/model.config
[5.665s] -- Up-to-date: /home/aurora/RM25/src/install/rm_robot_description/share/rm_robot_description/meshes/obstacles/obstacle6/model.sdf
[5.665s] -- Up-to-date: /home/aurora/RM25/src/install/rm_robot_description/share/rm_robot_description/meshes/obstacles/obstacle9
[5.665s] -- Up-to-date: /home/aurora/RM25/src/install/rm_robot_description/share/rm_robot_description/meshes/obstacles/obstacle9/model.config
[5.665s] -- Up-to-date: /home/aurora/RM25/src/install/rm_robot_description/share/rm_robot_description/meshes/obstacles/obstacle9/model.sdf
[5.665s] -- Up-to-date: /home/aurora/RM25/src/install/rm_robot_description/share/rm_robot_description/meshes/obstacles/obstacle7
[5.665s] -- Up-to-date: /home/aurora/RM25/src/install/rm_robot_description/share/rm_robot_description/meshes/obstacles/obstacle7/model.config
[5.665s] -- Up-to-date: /home/aurora/RM25/src/install/rm_robot_description/share/rm_robot_description/meshes/obstacles/obstacle7/model.sdf
[5.665s] -- Up-to-date: /home/aurora/RM25/src/install/rm_robot_description/share/rm_robot_description/meshes/obstacles/obstacle_plugin
[5.665s] -- Up-to-date: /home/aurora/RM25/src/install/rm_robot_description/share/rm_robot_description/meshes/obstacles/obstacle_plugin/obstacle1.cc
[5.665s] -- Up-to-date: /home/aurora/RM25/src/install/rm_robot_description/share/rm_robot_description/meshes/obstacles/obstacle_plugin/obstacle10.cc
[5.665s] -- Up-to-date: /home/aurora/RM25/src/install/rm_robot_description/share/rm_robot_description/meshes/obstacles/obstacle_plugin/CMakeLists.txt
[5.665s] -- Up-to-date: /home/aurora/RM25/src/install/rm_robot_description/share/rm_robot_description/meshes/obstacles/obstacle_plugin/obstacle12.cc
[5.665s] -- Up-to-date: /home/aurora/RM25/src/install/rm_robot_description/share/rm_robot_description/meshes/obstacles/obstacle_plugin/obstacle8.cc
[5.665s] -- Up-to-date: /home/aurora/RM25/src/install/rm_robot_description/share/rm_robot_description/meshes/obstacles/obstacle_plugin/lib
[5.665s] -- Up-to-date: /home/aurora/RM25/src/install/rm_robot_description/share/rm_robot_description/meshes/obstacles/obstacle_plugin/lib/libobstacles.so
[5.665s] -- Up-to-date: /home/aurora/RM25/src/install/rm_robot_description/share/rm_robot_description/meshes/obstacles/obstacle_plugin/lib/libobstacle3.so
[5.665s] -- Up-to-date: /home/aurora/RM25/src/install/rm_robot_description/share/rm_robot_description/meshes/obstacles/obstacle_plugin/lib/libobstacle11.so
[5.665s] -- Up-to-date: /home/aurora/RM25/src/install/rm_robot_description/share/rm_robot_description/meshes/obstacles/obstacle_plugin/lib/libobstacle9.so
[5.665s] -- Up-to-date: /home/aurora/RM25/src/install/rm_robot_description/share/rm_robot_description/meshes/obstacles/obstacle_plugin/lib/libobstacle2.so
[5.665s] -- Up-to-date: /home/aurora/RM25/src/install/rm_robot_description/share/rm_robot_description/meshes/obstacles/obstacle_plugin/lib/libobstacle5.so
[5.665s] -- Up-to-date: /home/aurora/RM25/src/install/rm_robot_description/share/rm_robot_description/meshes/obstacles/obstacle_plugin/lib/libobstacle8.so
[5.665s] -- Up-to-date: /home/aurora/RM25/src/install/rm_robot_description/share/rm_robot_description/meshes/obstacles/obstacle_plugin/lib/libobstacle12.so
[5.666s] -- Up-to-date: /home/aurora/RM25/src/install/rm_robot_description/share/rm_robot_description/meshes/obstacles/obstacle_plugin/lib/libobstacle10.so
[5.666s] -- Up-to-date: /home/aurora/RM25/src/install/rm_robot_description/share/rm_robot_description/meshes/obstacles/obstacle_plugin/lib/libobstacle6.so
[5.666s] -- Up-to-date: /home/aurora/RM25/src/install/rm_robot_description/share/rm_robot_description/meshes/obstacles/obstacle_plugin/lib/libobstacle1.so
[5.666s] -- Up-to-date: /home/aurora/RM25/src/install/rm_robot_description/share/rm_robot_description/meshes/obstacles/obstacle_plugin/lib/libobstacle4.so
[5.666s] -- Up-to-date: /home/aurora/RM25/src/install/rm_robot_description/share/rm_robot_description/meshes/obstacles/obstacle_plugin/lib/libobstacle7.so
[5.666s] -- Up-to-date: /home/aurora/RM25/src/install/rm_robot_description/share/rm_robot_description/meshes/obstacles/obstacle_plugin/obstacle7.cc
[5.666s] -- Up-to-date: /home/aurora/RM25/src/install/rm_robot_description/share/rm_robot_description/meshes/obstacles/obstacle_plugin/obstacles.cc
[5.666s] -- Up-to-date: /home/aurora/RM25/src/install/rm_robot_description/share/rm_robot_description/meshes/obstacles/obstacle_plugin/obstacle6.cc
[5.666s] -- Up-to-date: /home/aurora/RM25/src/install/rm_robot_description/share/rm_robot_description/meshes/obstacles/obstacle_plugin/obstacle13.cc
[5.666s] -- Up-to-date: /home/aurora/RM25/src/install/rm_robot_description/share/rm_robot_description/meshes/obstacles/obstacle_plugin/obstacle11.cc
[5.666s] -- Up-to-date: /home/aurora/RM25/src/install/rm_robot_description/share/rm_robot_description/meshes/obstacles/obstacle_plugin/obstacle5.cc
[5.666s] -- Up-to-date: /home/aurora/RM25/src/install/rm_robot_description/share/rm_robot_description/meshes/obstacles/obstacle_plugin/obstacle2.cc
[5.666s] -- Up-to-date: /home/aurora/RM25/src/install/rm_robot_description/share/rm_robot_description/meshes/obstacles/obstacle_plugin/obstacle4.cc
[5.666s] -- Up-to-date: /home/aurora/RM25/src/install/rm_robot_description/share/rm_robot_description/meshes/obstacles/obstacle_plugin/obstacle9.cc
[5.667s] -- Up-to-date: /home/aurora/RM25/src/install/rm_robot_description/share/rm_robot_description/meshes/obstacles/obstacle_plugin/obstacle3.cc
[5.667s] -- Up-to-date: /home/aurora/RM25/src/install/rm_robot_description/share/rm_robot_description/meshes/obstacles/obstacle12
[5.667s] -- Up-to-date: /home/aurora/RM25/src/install/rm_robot_description/share/rm_robot_description/meshes/obstacles/obstacle12/model.config
[5.667s] -- Up-to-date: /home/aurora/RM25/src/install/rm_robot_description/share/rm_robot_description/meshes/obstacles/obstacle12/model.sdf
[5.667s] -- Up-to-date: /home/aurora/RM25/src/install/rm_robot_description/share/rm_robot_description/meshes/obstacles/obstacle11
[5.667s] -- Up-to-date: /home/aurora/RM25/src/install/rm_robot_description/share/rm_robot_description/meshes/obstacles/obstacle11/model.config
[5.667s] -- Up-to-date: /home/aurora/RM25/src/install/rm_robot_description/share/rm_robot_description/meshes/obstacles/obstacle11/model.sdf
[5.667s] -- Up-to-date: /home/aurora/RM25/src/install/rm_robot_description/share/rm_robot_description/meshes/obstacles/obstacle1
[5.667s] -- Up-to-date: /home/aurora/RM25/src/install/rm_robot_description/share/rm_robot_description/meshes/obstacles/obstacle1/model.config
[5.667s] -- Up-to-date: /home/aurora/RM25/src/install/rm_robot_description/share/rm_robot_description/meshes/obstacles/obstacle1/model.sdf
[5.667s] -- Up-to-date: /home/aurora/RM25/src/install/rm_robot_description/share/rm_robot_description/meshes/obstacles/obstacle5
[5.667s] -- Up-to-date: /home/aurora/RM25/src/install/rm_robot_description/share/rm_robot_description/meshes/obstacles/obstacle5/model.config
[5.668s] -- Up-to-date: /home/aurora/RM25/src/install/rm_robot_description/share/rm_robot_description/meshes/obstacles/obstacle5/model.sdf
[5.668s] -- Up-to-date: /home/aurora/RM25/src/install/rm_robot_description/share/rm_robot_description/meshes/obstacles/obstacle10
[5.668s] -- Up-to-date: /home/aurora/RM25/src/install/rm_robot_description/share/rm_robot_description/meshes/obstacles/obstacle10/model.config
[5.668s] -- Up-to-date: /home/aurora/RM25/src/install/rm_robot_description/share/rm_robot_description/meshes/obstacles/obstacle10/model.sdf
[5.668s] -- Up-to-date: /home/aurora/RM25/src/install/rm_robot_description/share/rm_robot_description/meshes/obstacles/obstacle2
[5.668s] -- Up-to-date: /home/aurora/RM25/src/install/rm_robot_description/share/rm_robot_description/meshes/obstacles/obstacle2/model.config
[5.668s] -- Up-to-date: /home/aurora/RM25/src/install/rm_robot_description/share/rm_robot_description/meshes/obstacles/obstacle2/model.sdf
[5.668s] -- Up-to-date: /home/aurora/RM25/src/install/rm_robot_description/share/rm_robot_description/meshes/obstacles/obstacle3
[5.668s] -- Up-to-date: /home/aurora/RM25/src/install/rm_robot_description/share/rm_robot_description/meshes/obstacles/obstacle3/model.config
[5.668s] -- Up-to-date: /home/aurora/RM25/src/install/rm_robot_description/share/rm_robot_description/meshes/obstacles/obstacle3/model.sdf
[5.668s] -- Up-to-date: /home/aurora/RM25/src/install/rm_robot_description/share/rm_robot_description/meshes/obstacles/obstacle8
[5.668s] -- Up-to-date: /home/aurora/RM25/src/install/rm_robot_description/share/rm_robot_description/meshes/obstacles/obstacle8/model.config
[5.668s] -- Up-to-date: /home/aurora/RM25/src/install/rm_robot_description/share/rm_robot_description/meshes/obstacles/obstacle8/model.sdf
[5.668s] -- Up-to-date: /home/aurora/RM25/src/install/rm_robot_description/share/rm_robot_description/meshes/obstacles/obstacle4
[5.669s] -- Up-to-date: /home/aurora/RM25/src/install/rm_robot_description/share/rm_robot_description/meshes/obstacles/obstacle4/model.config
[5.669s] -- Up-to-date: /home/aurora/RM25/src/install/rm_robot_description/share/rm_robot_description/meshes/obstacles/obstacle4/model.sdf
[5.669s] -- Up-to-date: /home/aurora/RM25/src/install/rm_robot_description/share/rm_robot_description/meshes/display.launch.py
[5.669s] -- Up-to-date: /home/aurora/RM25/src/install/rm_robot_description/share/rm_robot_description/meshes/RMUL_2024.stl
[5.669s] -- Up-to-date: /home/aurora/RM25/src/install/rm_robot_description/share/rm_robot_description/meshes/mid360.stl
[5.669s] -- Up-to-date: /home/aurora/RM25/src/install/rm_robot_description/share/rm_robot_description/meshes/display.launch
[5.669s] -- Up-to-date: /home/aurora/RM25/src/install/rm_robot_description/share/rm_robot_description/meshes/mid360laser_link.STL
[5.669s] -- Up-to-date: /home/aurora/RM25/src/install/rm_robot_description/share/rm_robot_description/meshes/RMUC_2024.stl
[5.669s] -- Up-to-date: /home/aurora/RM25/src/install/rm_robot_description/share/rm_robot_description/meshes/omniwheel3_link.STL
[5.669s] -- Up-to-date: /home/aurora/RM25/src/install/rm_robot_description/share/rm_robot_description/meshes/omniwheel4_link.STL
[5.669s] -- Up-to-date: /home/aurora/RM25/src/install/rm_robot_description/share/rm_robot_description/meshes/base_link.STL
[5.669s] -- Up-to-date: /home/aurora/RM25/src/install/rm_robot_description/share/rm_robot_description/meshes/gazebo.launch
[5.669s] -- Up-to-date: /home/aurora/RM25/src/install/rm_robot_description/share/rm_robot_description/meshes/omniwheel2_link.STL
[5.669s] -- Up-to-date: /home/aurora/RM25/src/install/rm_robot_description/share/rm_robot_description/meshes/controller_link.STL
[5.669s] -- Up-to-date: /home/aurora/RM25/src/install/rm_robot_description/share/rm_robot_description/world
[5.670s] -- Up-to-date: /home/aurora/RM25/src/install/rm_robot_description/share/rm_robot_description/world/25UL
[5.670s] -- Up-to-date: /home/aurora/RM25/src/install/rm_robot_description/share/rm_robot_description/world/25UL/model.config
[5.670s] -- Up-to-date: /home/aurora/RM25/src/install/rm_robot_description/share/rm_robot_description/world/25UL/RMUL25.world
[5.670s] -- Up-to-date: /home/aurora/RM25/src/install/rm_robot_description/share/rm_robot_description/world/25UL/model.sdf
[5.670s] -- Up-to-date: /home/aurora/RM25/src/install/rm_robot_description/share/rm_robot_description/world/my_world.world
[5.670s] -- Up-to-date: /home/aurora/RM25/src/install/rm_robot_description/share/rm_robot_description/world/RMUL25.world
[5.670s] -- Up-to-date: /home/aurora/RM25/src/install/rm_robot_description/share/rm_robot_description/world/rmul
[5.670s] -- Up-to-date: /home/aurora/RM25/src/install/rm_robot_description/share/rm_robot_description/world/rmul/model.config
[5.670s] -- Up-to-date: /home/aurora/RM25/src/install/rm_robot_description/share/rm_robot_description/world/rmul/RMUL25.world
[5.670s] -- Up-to-date: /home/aurora/RM25/src/install/rm_robot_description/share/rm_robot_description/world/rmul/model.sdf
[5.670s] -- Up-to-date: /home/aurora/RM25/src/install/rm_robot_description/share/rm_robot_description/world/RMUC24_world.world
[5.670s] -- Up-to-date: /home/aurora/RM25/src/install/rm_robot_description/share/rm_robot_description/rviz
[5.670s] -- Up-to-date: /home/aurora/RM25/src/install/rm_robot_description/share/rm_robot_description/rviz/fastlio.rviz
[5.670s] -- Up-to-date: /home/aurora/RM25/src/install/rm_robot_description/share/rm_robot_description/rviz/urdf_config.rviz
[5.670s] -- Up-to-date: /home/aurora/RM25/src/install/rm_robot_description/share/rm_robot_description/rviz/rviz2.rviz
[5.670s] -- Installing: /home/aurora/RM25/src/install/rm_robot_description/share/rm_robot_description/xacro
[5.670s] -- Installing: /home/aurora/RM25/src/install/rm_robot_description/share/rm_robot_description/xacro/four_omniwheel_robot.xacro
[5.671s] -- Installing: /home/aurora/RM25/src/install/rm_robot_description/share/rm_robot_description/xacro/livox_mid360.xacro
[5.671s] -- Installing: /home/aurora/RM25/src/install/rm_robot_description/share/ament_index/resource_index/package_run_dependencies/rm_robot_description
[5.671s] -- Installing: /home/aurora/RM25/src/install/rm_robot_description/share/ament_index/resource_index/parent_prefix_path/rm_robot_description
[5.687s] -- Installing: /home/aurora/RM25/src/install/rm_robot_description/share/rm_robot_description/environment/ament_prefix_path.sh
[5.688s] -- Installing: /home/aurora/RM25/src/install/rm_robot_description/share/rm_robot_description/environment/ament_prefix_path.dsv
[5.688s] -- Installing: /home/aurora/RM25/src/install/rm_robot_description/share/rm_robot_description/environment/path.sh
[5.688s] -- Installing: /home/aurora/RM25/src/install/rm_robot_description/share/rm_robot_description/environment/path.dsv
[5.688s] -- Installing: /home/aurora/RM25/src/install/rm_robot_description/share/rm_robot_description/local_setup.bash
[5.688s] -- Installing: /home/aurora/RM25/src/install/rm_robot_description/share/rm_robot_description/local_setup.sh
[5.688s] -- Installing: /home/aurora/RM25/src/install/rm_robot_description/share/rm_robot_description/local_setup.zsh
[5.688s] -- Installing: /home/aurora/RM25/src/install/rm_robot_description/share/rm_robot_description/local_setup.dsv
[5.688s] -- Installing: /home/aurora/RM25/src/install/rm_robot_description/share/rm_robot_description/package.dsv
[5.688s] -- Installing: /home/aurora/RM25/src/install/rm_robot_description/share/ament_index/resource_index/packages/rm_robot_description
[5.688s] -- Installing: /home/aurora/RM25/src/install/rm_robot_description/share/rm_robot_description/cmake/rm_robot_descriptionConfig.cmake
[5.688s] -- Installing: /home/aurora/RM25/src/install/rm_robot_description/share/rm_robot_description/cmake/rm_robot_descriptionConfig-version.cmake
[5.688s] -- Installing: /home/aurora/RM25/src/install/rm_robot_description/share/rm_robot_description/package.xml
[5.689s] Invoked command in '/home/aurora/RM25/src/build/rm_robot_description' returned '0': CMAKE_PREFIX_PATH=${CMAKE_PREFIX_PATH}:/home/aurora/ws_helloworld/install/pkg02_helloworld_py:/opt/ros/humble /usr/bin/cmake --install /home/aurora/RM25/src/build/rm_robot_description
