[0.018s] Invoking command in '/home/aurora/RM25/build/nav2_common': CMAKE_PREFIX_PATH=${CMAKE_PREFIX_PATH}:/home/aurora/RM25/install/nav2_simple_commander:/home/aurora/RM25/install/nav2_loopback_sim:/home/aurora/ws_helloworld/install/pkg02_helloworld_py:/opt/ros/humble /usr/bin/cmake --build /home/aurora/RM25/build/nav2_common -- -j20 -l20
[0.065s] Built target ament_cmake_python_symlink_nav2_common
[0.214s] running egg_info
[0.215s] writing nav2_common.egg-info/PKG-INFO
[0.216s] writing dependency_links to nav2_common.egg-info/dependency_links.txt
[0.216s] writing top-level names to nav2_common.egg-info/top_level.txt
[0.218s] reading manifest file 'nav2_common.egg-info/SOURCES.txt'
[0.218s] writing manifest file 'nav2_common.egg-info/SOURCES.txt'
[0.234s] Built target ament_cmake_python_build_nav2_common_egg
[0.239s] Invoked command in '/home/aurora/RM25/build/nav2_common' returned '0': CMAKE_PREFIX_PATH=${CMAKE_PREFIX_PATH}:/home/aurora/RM25/install/nav2_simple_commander:/home/aurora/RM25/install/nav2_loopback_sim:/home/aurora/ws_helloworld/install/pkg02_helloworld_py:/opt/ros/humble /usr/bin/cmake --build /home/aurora/RM25/build/nav2_common -- -j20 -l20
[0.252s] Invoking command in '/home/aurora/RM25/build/nav2_common': CMAKE_PREFIX_PATH=${CMAKE_PREFIX_PATH}:/home/aurora/RM25/install/nav2_simple_commander:/home/aurora/RM25/install/nav2_loopback_sim:/home/aurora/ws_helloworld/install/pkg02_helloworld_py:/opt/ros/humble /usr/bin/cmake --install /home/aurora/RM25/build/nav2_common
[0.255s] -- Install configuration: ""
[0.256s] -- Execute custom install script
[0.256s] -- Up-to-date symlink: /home/aurora/RM25/install/nav2_common/share/nav2_common/environment/pythonpath.sh
[0.256s] -- Up-to-date symlink: /home/aurora/RM25/install/nav2_common/share/nav2_common/environment/pythonpath.dsv
[0.257s] -- Up-to-date symlink: /home/aurora/RM25/install/nav2_common/local/lib/python3.10/dist-packages/nav2_common-1.1.17-py3.10.egg-info/PKG-INFO
[0.257s] -- Up-to-date symlink: /home/aurora/RM25/install/nav2_common/local/lib/python3.10/dist-packages/nav2_common-1.1.17-py3.10.egg-info/SOURCES.txt
[0.257s] -- Up-to-date symlink: /home/aurora/RM25/install/nav2_common/local/lib/python3.10/dist-packages/nav2_common-1.1.17-py3.10.egg-info/dependency_links.txt
[0.257s] -- Up-to-date symlink: /home/aurora/RM25/install/nav2_common/local/lib/python3.10/dist-packages/nav2_common-1.1.17-py3.10.egg-info/top_level.txt
[0.258s] -- Up-to-date symlink: /home/aurora/RM25/install/nav2_common/local/lib/python3.10/dist-packages/nav2_common/__init__.py
[0.258s] -- Up-to-date symlink: /home/aurora/RM25/install/nav2_common/local/lib/python3.10/dist-packages/nav2_common/launch/__init__.py
[0.258s] -- Up-to-date symlink: /home/aurora/RM25/install/nav2_common/local/lib/python3.10/dist-packages/nav2_common/launch/has_node_params.py
[0.259s] -- Up-to-date symlink: /home/aurora/RM25/install/nav2_common/local/lib/python3.10/dist-packages/nav2_common/launch/parse_multirobot_pose.py
[0.259s] -- Up-to-date symlink: /home/aurora/RM25/install/nav2_common/local/lib/python3.10/dist-packages/nav2_common/launch/replace_string.py
[0.259s] -- Up-to-date symlink: /home/aurora/RM25/install/nav2_common/local/lib/python3.10/dist-packages/nav2_common/launch/rewritten_yaml.py
[0.259s] -- Up-to-date symlink: /home/aurora/RM25/install/nav2_common/share/ament_index/resource_index/package_run_dependencies/nav2_common
[0.260s] -- Up-to-date symlink: /home/aurora/RM25/install/nav2_common/share/ament_index/resource_index/parent_prefix_path/nav2_common
[0.260s] -- Up-to-date symlink: /home/aurora/RM25/install/nav2_common/share/nav2_common/environment/ament_prefix_path.sh
[0.260s] -- Up-to-date symlink: /home/aurora/RM25/install/nav2_common/share/nav2_common/environment/ament_prefix_path.dsv
[0.260s] -- Up-to-date symlink: /home/aurora/RM25/install/nav2_common/share/nav2_common/environment/path.sh
[0.260s] -- Up-to-date symlink: /home/aurora/RM25/install/nav2_common/share/nav2_common/environment/path.dsv
[0.260s] -- Up-to-date symlink: /home/aurora/RM25/install/nav2_common/share/nav2_common/local_setup.bash
[0.261s] -- Up-to-date symlink: /home/aurora/RM25/install/nav2_common/share/nav2_common/local_setup.sh
[0.261s] -- Up-to-date symlink: /home/aurora/RM25/install/nav2_common/share/nav2_common/local_setup.zsh
[0.261s] -- Up-to-date symlink: /home/aurora/RM25/install/nav2_common/share/nav2_common/local_setup.dsv
[0.261s] -- Symlinking: /home/aurora/RM25/install/nav2_common/share/nav2_common/package.dsv
[0.266s] -- Up-to-date symlink: /home/aurora/RM25/install/nav2_common/share/ament_index/resource_index/packages/nav2_common
[0.266s] -- Up-to-date symlink: /home/aurora/RM25/install/nav2_common/share/nav2_common/cmake/nav2_common-extras.cmake
[0.266s] -- Up-to-date symlink: /home/aurora/RM25/install/nav2_common/share/nav2_common/cmake/nav2_commonConfig.cmake
[0.266s] -- Up-to-date symlink: /home/aurora/RM25/install/nav2_common/share/nav2_common/cmake/nav2_commonConfig-version.cmake
[0.267s] -- Up-to-date symlink: /home/aurora/RM25/install/nav2_common/share/nav2_common/package.xml
[0.267s] -- Up-to-date symlink: /home/aurora/RM25/install/nav2_common/share/nav2_common/cmake/nav2_package.cmake
[0.287s] Listing '/home/aurora/RM25/install/nav2_common/local/lib/python3.10/dist-packages/nav2_common'...
[0.287s] Listing '/home/aurora/RM25/install/nav2_common/local/lib/python3.10/dist-packages/nav2_common/launch'...
[0.292s] Invoked command in '/home/aurora/RM25/build/nav2_common' returned '0': CMAKE_PREFIX_PATH=${CMAKE_PREFIX_PATH}:/home/aurora/RM25/install/nav2_simple_commander:/home/aurora/RM25/install/nav2_loopback_sim:/home/aurora/ws_helloworld/install/pkg02_helloworld_py:/opt/ros/humble /usr/bin/cmake --install /home/aurora/RM25/build/nav2_common
