[0.797s] Invoking command in '/home/aurora/RM25/build/nav2_costmap_2d': AMENT_PREFIX_PATH=/home/aurora/RM25/install/nav2_map_server:/home/aurora/RM25/install/nav2_lifecycle_manager:/home/aurora/RM25/install/nav2_util:/home/aurora/RM25/install/nav2_voxel_grid:/home/aurora/RM25/install/nav2_common:${AMENT_PREFIX_PATH} CMAKE_PREFIX_PATH=/home/aurora/RM25/install/nav2_map_server:/home/aurora/RM25/install/nav2_lifecycle_manager:/home/aurora/RM25/install/nav2_util:/home/aurora/RM25/install/nav2_voxel_grid:/home/aurora/RM25/install/nav2_msgs:/home/aurora/RM25/install/nav2_common:/home/aurora/RM25/install/rm_robot_description:/home/aurora/RM25/install/nav2_bringup:/home/aurora/RM25/install/four_omniwheel_robot:/home/aurora/ws_helloworld/install/pkg01_helloworld_cpp:/home/aurora/ws_helloworld/install/learning_tf2_cpp:/home/aurora/ws_helloworld/install/pkg02_helloworld_py:/opt/ros/humble LD_LIBRARY_PATH=/home/aurora/RM25/install/nav2_map_server/lib:/home/aurora/RM25/install/nav2_lifecycle_manager/lib:/home/aurora/RM25/install/nav2_util/lib:/home/aurora/RM25/install/nav2_voxel_grid/lib:${LD_LIBRARY_PATH} PYTHONPATH=/home/aurora/RM25/install/nav2_common/local/lib/python3.10/dist-packages:${PYTHONPATH} /usr/bin/cmake --build /home/aurora/RM25/build/nav2_costmap_2d -- -j20 -l20
[0.825s] [35m[1mConsolidate compiler generated dependencies of target gtest_main[0m
[0.825s] [35m[1mConsolidate compiler generated dependencies of target gtest[0m
[0.832s] [  2%] Built target gtest_main
[0.833s] [  4%] Built target gtest
[0.835s] [35m[1mConsolidate compiler generated dependencies of target nav2_costmap_2d_core[0m
[0.862s] [ 21%] Built target nav2_costmap_2d_core
[0.874s] [35m[1mConsolidate compiler generated dependencies of target array_parser_test[0m
[0.875s] [35m[1mConsolidate compiler generated dependencies of target nav2_costmap_2d_cloud[0m
[0.875s] [35m[1mConsolidate compiler generated dependencies of target costmap_convesion_test[0m
[0.876s] [35m[1mConsolidate compiler generated dependencies of target declare_parameter_test[0m
[0.876s] [35m[1mConsolidate compiler generated dependencies of target nav2_costmap_2d_markers[0m
[0.877s] [35m[1mConsolidate compiler generated dependencies of target collision_footprint_test[0m
[0.877s] [35m[1mConsolidate compiler generated dependencies of target copy_window_test[0m
[0.877s] [35m[1mConsolidate compiler generated dependencies of target dyn_params_tests[0m
[0.878s] [35m[1mConsolidate compiler generated dependencies of target filters[0m
[0.879s] [35m[1mConsolidate compiler generated dependencies of target costmap_filter_service_test[0m
[0.879s] [35m[1mConsolidate compiler generated dependencies of target nav2_costmap_2d_client[0m
[0.880s] [35m[1mConsolidate compiler generated dependencies of target plugin_api_order[0m
[0.880s] [35m[1mConsolidate compiler generated dependencies of target costmap_filter_test[0m
[0.881s] [35m[1mConsolidate compiler generated dependencies of target order_layer[0m
[0.882s] [35m[1mConsolidate compiler generated dependencies of target costmap_bresenham_2d[0m
[0.884s] [35m[1mConsolidate compiler generated dependencies of target layers[0m
[0.899s] [ 26%] Built target costmap_bresenham_2d
[0.900s] [ 26%] Built target costmap_filter_test
[0.900s] [ 29%] Built target array_parser_test
[0.900s] [ 34%] Built target nav2_costmap_2d_markers
[0.900s] [ 32%] Built target costmap_convesion_test
[0.900s] [ 36%] Built target collision_footprint_test
[0.900s] [ 39%] Built target nav2_costmap_2d_cloud
[0.904s] [ 41%] Built target costmap_filter_service_test
[0.904s] [ 43%] Built target dyn_params_tests
[0.904s] [ 46%] Built target declare_parameter_test
[0.905s] [ 48%] Built target copy_window_test
[0.905s] [ 58%] Built target filters
[0.905s] [ 58%] Built target nav2_costmap_2d_client
[0.905s] [ 60%] Built target order_layer
[0.906s] [ 63%] Built target plugin_api_order
[0.913s] [ 73%] Built target layers
[0.914s] [35m[1mConsolidate compiler generated dependencies of target binary_filter_test[0m
[0.914s] [35m[1mConsolidate compiler generated dependencies of target keepout_filter_test[0m
[0.914s] [35m[1mConsolidate compiler generated dependencies of target speed_filter_test[0m
[0.925s] [35m[1mConsolidate compiler generated dependencies of target denoise_layer_test[0m
[0.925s] [35m[1mConsolidate compiler generated dependencies of target footprint_tests_exec[0m
[0.925s] [35m[1mConsolidate compiler generated dependencies of target nav2_costmap_2d[0m
[0.925s] [35m[1mConsolidate compiler generated dependencies of target inflation_tests_exec[0m
[0.925s] [35m[1mConsolidate compiler generated dependencies of target test_collision_checker_exec[0m
[0.925s] [35m[1mConsolidate compiler generated dependencies of target obstacle_tests_exec[0m
[0.926s] [ 75%] Built target keepout_filter_test
[0.927s] [ 78%] Built target binary_filter_test
[0.927s] [ 80%] Built target speed_filter_test
[0.928s] [35m[1mConsolidate compiler generated dependencies of target range_tests_exec[0m
[0.938s] [ 82%] Built target nav2_costmap_2d
[0.939s] [ 85%] Built target footprint_tests_exec
[0.942s] [ 92%] Built target obstacle_tests_exec
[0.942s] [ 92%] Built target test_collision_checker_exec
[0.942s] [ 95%] Built target denoise_layer_test
[0.942s] [ 97%] Built target inflation_tests_exec
[0.943s] [100%] Built target range_tests_exec
[0.950s] Invoked command in '/home/aurora/RM25/build/nav2_costmap_2d' returned '0': AMENT_PREFIX_PATH=/home/aurora/RM25/install/nav2_map_server:/home/aurora/RM25/install/nav2_lifecycle_manager:/home/aurora/RM25/install/nav2_util:/home/aurora/RM25/install/nav2_voxel_grid:/home/aurora/RM25/install/nav2_common:${AMENT_PREFIX_PATH} CMAKE_PREFIX_PATH=/home/aurora/RM25/install/nav2_map_server:/home/aurora/RM25/install/nav2_lifecycle_manager:/home/aurora/RM25/install/nav2_util:/home/aurora/RM25/install/nav2_voxel_grid:/home/aurora/RM25/install/nav2_msgs:/home/aurora/RM25/install/nav2_common:/home/aurora/RM25/install/rm_robot_description:/home/aurora/RM25/install/nav2_bringup:/home/aurora/RM25/install/four_omniwheel_robot:/home/aurora/ws_helloworld/install/pkg01_helloworld_cpp:/home/aurora/ws_helloworld/install/learning_tf2_cpp:/home/aurora/ws_helloworld/install/pkg02_helloworld_py:/opt/ros/humble LD_LIBRARY_PATH=/home/aurora/RM25/install/nav2_map_server/lib:/home/aurora/RM25/install/nav2_lifecycle_manager/lib:/home/aurora/RM25/install/nav2_util/lib:/home/aurora/RM25/install/nav2_voxel_grid/lib:${LD_LIBRARY_PATH} PYTHONPATH=/home/aurora/RM25/install/nav2_common/local/lib/python3.10/dist-packages:${PYTHONPATH} /usr/bin/cmake --build /home/aurora/RM25/build/nav2_costmap_2d -- -j20 -l20
[1.010s] Invoking command in '/home/aurora/RM25/build/nav2_costmap_2d': AMENT_PREFIX_PATH=/home/aurora/RM25/install/nav2_map_server:/home/aurora/RM25/install/nav2_lifecycle_manager:/home/aurora/RM25/install/nav2_util:/home/aurora/RM25/install/nav2_voxel_grid:/home/aurora/RM25/install/nav2_common:${AMENT_PREFIX_PATH} CMAKE_PREFIX_PATH=/home/aurora/RM25/install/nav2_map_server:/home/aurora/RM25/install/nav2_lifecycle_manager:/home/aurora/RM25/install/nav2_util:/home/aurora/RM25/install/nav2_voxel_grid:/home/aurora/RM25/install/nav2_msgs:/home/aurora/RM25/install/nav2_common:/home/aurora/RM25/install/rm_robot_description:/home/aurora/RM25/install/nav2_bringup:/home/aurora/RM25/install/four_omniwheel_robot:/home/aurora/ws_helloworld/install/pkg01_helloworld_cpp:/home/aurora/ws_helloworld/install/learning_tf2_cpp:/home/aurora/ws_helloworld/install/pkg02_helloworld_py:/opt/ros/humble LD_LIBRARY_PATH=/home/aurora/RM25/install/nav2_map_server/lib:/home/aurora/RM25/install/nav2_lifecycle_manager/lib:/home/aurora/RM25/install/nav2_util/lib:/home/aurora/RM25/install/nav2_voxel_grid/lib:${LD_LIBRARY_PATH} PYTHONPATH=/home/aurora/RM25/install/nav2_common/local/lib/python3.10/dist-packages:${PYTHONPATH} /usr/bin/cmake --install /home/aurora/RM25/build/nav2_costmap_2d
[1.014s] -- Install configuration: "Release"
[1.014s] -- Execute custom install script
[1.014s] -- Up-to-date symlink: /home/aurora/RM25/install/nav2_costmap_2d/lib/nav2_costmap_2d/nav2_costmap_2d_markers
[1.015s] -- Up-to-date symlink: /home/aurora/RM25/install/nav2_costmap_2d/lib/nav2_costmap_2d/nav2_costmap_2d_cloud
[1.015s] -- Up-to-date symlink: /home/aurora/RM25/install/nav2_costmap_2d/lib/nav2_costmap_2d/nav2_costmap_2d
[1.015s] -- Up-to-date symlink: /home/aurora/RM25/install/nav2_costmap_2d/share/nav2_costmap_2d/costmap_plugins.xml
[1.015s] -- Up-to-date symlink: /home/aurora/RM25/install/nav2_costmap_2d/include/nav2_costmap_2d/nav2_costmap_2d/array_parser.hpp
[1.015s] -- Up-to-date symlink: /home/aurora/RM25/install/nav2_costmap_2d/include/nav2_costmap_2d/nav2_costmap_2d/clear_costmap_service.hpp
[1.015s] -- Up-to-date symlink: /home/aurora/RM25/install/nav2_costmap_2d/include/nav2_costmap_2d/nav2_costmap_2d/cost_values.hpp
[1.015s] -- Up-to-date symlink: /home/aurora/RM25/install/nav2_costmap_2d/include/nav2_costmap_2d/nav2_costmap_2d/costmap_2d.hpp
[1.015s] -- Up-to-date symlink: /home/aurora/RM25/install/nav2_costmap_2d/include/nav2_costmap_2d/nav2_costmap_2d/costmap_2d_publisher.hpp
[1.016s] -- Up-to-date symlink: /home/aurora/RM25/install/nav2_costmap_2d/include/nav2_costmap_2d/nav2_costmap_2d/costmap_2d_ros.hpp
[1.016s] -- Up-to-date symlink: /home/aurora/RM25/install/nav2_costmap_2d/include/nav2_costmap_2d/nav2_costmap_2d/costmap_filters/binary_filter.hpp
[1.016s] -- Up-to-date symlink: /home/aurora/RM25/install/nav2_costmap_2d/include/nav2_costmap_2d/nav2_costmap_2d/costmap_filters/costmap_filter.hpp
[1.016s] -- Up-to-date symlink: /home/aurora/RM25/install/nav2_costmap_2d/include/nav2_costmap_2d/nav2_costmap_2d/costmap_filters/filter_values.hpp
[1.017s] -- Up-to-date symlink: /home/aurora/RM25/install/nav2_costmap_2d/include/nav2_costmap_2d/nav2_costmap_2d/costmap_filters/keepout_filter.hpp
[1.017s] -- Up-to-date symlink: /home/aurora/RM25/install/nav2_costmap_2d/include/nav2_costmap_2d/nav2_costmap_2d/costmap_filters/speed_filter.hpp
[1.018s] -- Up-to-date symlink: /home/aurora/RM25/install/nav2_costmap_2d/include/nav2_costmap_2d/nav2_costmap_2d/costmap_layer.hpp
[1.018s] -- Up-to-date symlink: /home/aurora/RM25/install/nav2_costmap_2d/include/nav2_costmap_2d/nav2_costmap_2d/costmap_math.hpp
[1.018s] -- Up-to-date symlink: /home/aurora/RM25/install/nav2_costmap_2d/include/nav2_costmap_2d/nav2_costmap_2d/costmap_subscriber.hpp
[1.018s] -- Up-to-date symlink: /home/aurora/RM25/install/nav2_costmap_2d/include/nav2_costmap_2d/nav2_costmap_2d/costmap_topic_collision_checker.hpp
[1.018s] -- Up-to-date symlink: /home/aurora/RM25/install/nav2_costmap_2d/include/nav2_costmap_2d/nav2_costmap_2d/denoise/image.hpp
[1.018s] -- Up-to-date symlink: /home/aurora/RM25/install/nav2_costmap_2d/include/nav2_costmap_2d/nav2_costmap_2d/denoise/image_processing.hpp
[1.019s] -- Up-to-date symlink: /home/aurora/RM25/install/nav2_costmap_2d/include/nav2_costmap_2d/nav2_costmap_2d/denoise_layer.hpp
[1.019s] -- Up-to-date symlink: /home/aurora/RM25/install/nav2_costmap_2d/include/nav2_costmap_2d/nav2_costmap_2d/exceptions.hpp
[1.019s] -- Up-to-date symlink: /home/aurora/RM25/install/nav2_costmap_2d/include/nav2_costmap_2d/nav2_costmap_2d/footprint.hpp
[1.019s] -- Up-to-date symlink: /home/aurora/RM25/install/nav2_costmap_2d/include/nav2_costmap_2d/nav2_costmap_2d/footprint_collision_checker.hpp
[1.019s] -- Up-to-date symlink: /home/aurora/RM25/install/nav2_costmap_2d/include/nav2_costmap_2d/nav2_costmap_2d/footprint_subscriber.hpp
[1.019s] -- Up-to-date symlink: /home/aurora/RM25/install/nav2_costmap_2d/include/nav2_costmap_2d/nav2_costmap_2d/inflation_layer.hpp
[1.019s] -- Up-to-date symlink: /home/aurora/RM25/install/nav2_costmap_2d/include/nav2_costmap_2d/nav2_costmap_2d/layer.hpp
[1.019s] -- Up-to-date symlink: /home/aurora/RM25/install/nav2_costmap_2d/include/nav2_costmap_2d/nav2_costmap_2d/layered_costmap.hpp
[1.019s] -- Up-to-date symlink: /home/aurora/RM25/install/nav2_costmap_2d/include/nav2_costmap_2d/nav2_costmap_2d/observation.hpp
[1.019s] -- Up-to-date symlink: /home/aurora/RM25/install/nav2_costmap_2d/include/nav2_costmap_2d/nav2_costmap_2d/observation_buffer.hpp
[1.020s] -- Up-to-date symlink: /home/aurora/RM25/install/nav2_costmap_2d/include/nav2_costmap_2d/nav2_costmap_2d/obstacle_layer.hpp
[1.020s] -- Up-to-date symlink: /home/aurora/RM25/install/nav2_costmap_2d/include/nav2_costmap_2d/nav2_costmap_2d/range_sensor_layer.hpp
[1.020s] -- Up-to-date symlink: /home/aurora/RM25/install/nav2_costmap_2d/include/nav2_costmap_2d/nav2_costmap_2d/static_layer.hpp
[1.020s] -- Up-to-date symlink: /home/aurora/RM25/install/nav2_costmap_2d/include/nav2_costmap_2d/nav2_costmap_2d/voxel_layer.hpp
[1.020s] -- Up-to-date symlink: /home/aurora/RM25/install/nav2_costmap_2d/lib/liborder_layer.so
[1.020s] -- Up-to-date symlink: /home/aurora/RM25/install/nav2_costmap_2d/share/nav2_costmap_2d/test/regression/order_layer.xml
[1.020s] -- Up-to-date symlink: /home/aurora/RM25/install/nav2_costmap_2d/share/nav2_costmap_2d/environment/library_path.sh
[1.021s] -- Up-to-date symlink: /home/aurora/RM25/install/nav2_costmap_2d/share/nav2_costmap_2d/environment/library_path.dsv
[1.021s] -- Up-to-date symlink: /home/aurora/RM25/install/nav2_costmap_2d/share/nav2_costmap_2d//costmap_plugins.xml
[1.021s] -- Up-to-date symlink: /home/aurora/RM25/install/nav2_costmap_2d/share/ament_index/resource_index/package_run_dependencies/nav2_costmap_2d
[1.021s] -- Up-to-date symlink: /home/aurora/RM25/install/nav2_costmap_2d/share/ament_index/resource_index/parent_prefix_path/nav2_costmap_2d
[1.021s] -- Up-to-date symlink: /home/aurora/RM25/install/nav2_costmap_2d/share/nav2_costmap_2d/environment/ament_prefix_path.sh
[1.021s] -- Up-to-date symlink: /home/aurora/RM25/install/nav2_costmap_2d/share/nav2_costmap_2d/environment/ament_prefix_path.dsv
[1.021s] -- Up-to-date symlink: /home/aurora/RM25/install/nav2_costmap_2d/share/nav2_costmap_2d/environment/path.sh
[1.021s] -- Up-to-date symlink: /home/aurora/RM25/install/nav2_costmap_2d/share/nav2_costmap_2d/environment/path.dsv
[1.021s] -- Up-to-date symlink: /home/aurora/RM25/install/nav2_costmap_2d/share/nav2_costmap_2d/local_setup.bash
[1.021s] -- Up-to-date symlink: /home/aurora/RM25/install/nav2_costmap_2d/share/nav2_costmap_2d/local_setup.sh
[1.021s] -- Up-to-date symlink: /home/aurora/RM25/install/nav2_costmap_2d/share/nav2_costmap_2d/local_setup.zsh
[1.021s] -- Up-to-date symlink: /home/aurora/RM25/install/nav2_costmap_2d/share/nav2_costmap_2d/local_setup.dsv
[1.021s] -- Symlinking: /home/aurora/RM25/install/nav2_costmap_2d/share/nav2_costmap_2d/package.dsv
[1.027s] -- Up-to-date symlink: /home/aurora/RM25/install/nav2_costmap_2d/share/ament_index/resource_index/packages/nav2_costmap_2d
[1.027s] -- Up-to-date symlink: /home/aurora/RM25/install/nav2_costmap_2d/share/ament_index/resource_index/nav2_costmap_2d__pluginlib__plugin/nav2_costmap_2d
[1.027s] -- Up-to-date symlink: /home/aurora/RM25/install/nav2_costmap_2d/share/nav2_costmap_2d/cmake/ament_cmake_export_targets-extras.cmake
[1.027s] -- Up-to-date symlink: /home/aurora/RM25/install/nav2_costmap_2d/share/nav2_costmap_2d/cmake/ament_cmake_export_dependencies-extras.cmake
[1.027s] -- Up-to-date symlink: /home/aurora/RM25/install/nav2_costmap_2d/share/nav2_costmap_2d/cmake/nav2_costmap_2dConfig.cmake
[1.027s] -- Up-to-date symlink: /home/aurora/RM25/install/nav2_costmap_2d/share/nav2_costmap_2d/cmake/nav2_costmap_2dConfig-version.cmake
[1.027s] -- Up-to-date symlink: /home/aurora/RM25/install/nav2_costmap_2d/share/nav2_costmap_2d/package.xml
[1.028s] -- Up-to-date: /home/aurora/RM25/install/nav2_costmap_2d/lib/liblayers.so
[1.028s] -- Up-to-date: /home/aurora/RM25/install/nav2_costmap_2d/lib/libfilters.so
[1.028s] -- Up-to-date: /home/aurora/RM25/install/nav2_costmap_2d/lib/libnav2_costmap_2d_core.so
[1.029s] -- Up-to-date: /home/aurora/RM25/install/nav2_costmap_2d/lib/libnav2_costmap_2d_client.so
[1.029s] -- Up-to-date: /home/aurora/RM25/install/nav2_costmap_2d/share/nav2_costmap_2d/cmake/export_nav2_costmap_2dExport.cmake
[1.030s] -- Up-to-date: /home/aurora/RM25/install/nav2_costmap_2d/share/nav2_costmap_2d/cmake/export_nav2_costmap_2dExport-release.cmake
[1.032s] Invoked command in '/home/aurora/RM25/build/nav2_costmap_2d' returned '0': AMENT_PREFIX_PATH=/home/aurora/RM25/install/nav2_map_server:/home/aurora/RM25/install/nav2_lifecycle_manager:/home/aurora/RM25/install/nav2_util:/home/aurora/RM25/install/nav2_voxel_grid:/home/aurora/RM25/install/nav2_common:${AMENT_PREFIX_PATH} CMAKE_PREFIX_PATH=/home/aurora/RM25/install/nav2_map_server:/home/aurora/RM25/install/nav2_lifecycle_manager:/home/aurora/RM25/install/nav2_util:/home/aurora/RM25/install/nav2_voxel_grid:/home/aurora/RM25/install/nav2_msgs:/home/aurora/RM25/install/nav2_common:/home/aurora/RM25/install/rm_robot_description:/home/aurora/RM25/install/nav2_bringup:/home/aurora/RM25/install/four_omniwheel_robot:/home/aurora/ws_helloworld/install/pkg01_helloworld_cpp:/home/aurora/ws_helloworld/install/learning_tf2_cpp:/home/aurora/ws_helloworld/install/pkg02_helloworld_py:/opt/ros/humble LD_LIBRARY_PATH=/home/aurora/RM25/install/nav2_map_server/lib:/home/aurora/RM25/install/nav2_lifecycle_manager/lib:/home/aurora/RM25/install/nav2_util/lib:/home/aurora/RM25/install/nav2_voxel_grid/lib:${LD_LIBRARY_PATH} PYTHONPATH=/home/aurora/RM25/install/nav2_common/local/lib/python3.10/dist-packages:${PYTHONPATH} /usr/bin/cmake --install /home/aurora/RM25/build/nav2_costmap_2d
