[0.012s] Invoking command in '/home/aurora/RM25/build/ros2_livox_simulation': CMAKE_PREFIX_PATH=/home/aurora/RM25/install/livox_ros_driver2:/home/aurora/turtlebot3_ws/install/turtlebot3_simulations:/home/aurora/turtlebot3_ws/install/turtlebot3_gazebo:/home/aurora/turtlebot3_ws/install/turtlebot3_fake_node:/home/aurora/ros_ws/install/rmul24_gazebo_simulator:/home/aurora/ros_ws/install/rmoss_gz_cam:/home/aurora/ros_ws/install/rmoss_core:/home/aurora/ros_ws/install/rmoss_cam:/home/aurora/ros_ws/install/rmoss_util:/home/aurora/ros_ws/install/rmoss_projectile_motion:/home/aurora/ros_ws/install/rmoss_gz_bridge:/home/aurora/ros_ws/install/rmoss_gz_base:/home/aurora/ros_ws/install/rmoss_base:/home/aurora/ros_ws/install/rmoss_interfaces:/home/aurora/ros_ws/install/rmoss_gz_resources:/home/aurora/ros_ws/install/rmoss_gz_plugins:/home/aurora/RM25_aim/install/rm_vision_bringup:/home/aurora/RM25_aim/install/rm_serial_driver:/home/aurora/RM25_aim/install/rm_gimbal_description:/home/aurora/RM25_aim/install/hik_camera:/home/aurora/RM25_aim/install/armor_tracker:/home/aurora/RM25_aim/install/armor_detector:/home/aurora/RM25_aim/install/auto_aim_interfaces:/home/aurora/RM25/install/ros2_livox_simulation:/home/aurora/RM25/install/rm_robot_description_sim:/home/aurora/RM25/install/rm_robot_description:/home/aurora/ros_ws/install/sdformat_tools:/opt/ros/humble:/home/aurora/RM25/install/rm_localization:/home/aurora/RM25/install/livox_interfaces:/home/aurora/RM25/src/install/ros2_livox_simulation:/home/aurora/RM25/src/install/rm_robot_description_sim:/home/aurora/RM25/src/install/rm_robot_description:/home/aurora/RM25/src/install/livox_ros_driver2 LD_LIBRARY_PATH=/home/aurora/RM25/install/livox_ros_driver2/lib:/home/aurora/ros_ws/install/rmoss_gz_cam/lib:/home/aurora/ros_ws/install/rmoss_cam/lib:/home/aurora/ros_ws/install/rmoss_util/lib:/home/aurora/ros_ws/install/rmoss_projectile_motion/lib:/home/aurora/ros_ws/install/rmoss_gz_base/lib:/home/aurora/ros_ws/install/rmoss_base/lib:/home/aurora/ros_ws/install/rmoss_interfaces/lib:/home/aurora/RM25_aim/install/rm_serial_driver/lib:/home/aurora/RM25_aim/install/hik_camera/lib:/home/aurora/RM25_aim/install/armor_tracker/lib:/home/aurora/RM25_aim/install/armor_detector/lib:/home/aurora/RM25_aim/install/auto_aim_interfaces/lib:/home/aurora/RM25/install/ros2_livox_simulation/lib:/home/aurora/RM25/install/livox_sdk2/lib:/home/aurora/RM25/install/livox_interfaces/lib:/home/aurora/RM25/src/install/ros2_livox_simulation/lib:/home/aurora/RM25/src/install/livox_sdk2/lib:/home/aurora/RM25/src/install/livox_ros_driver2/lib:/usr/lib/x86_64-linux-gnu/gazebo-11/plugins:/opt/ros/humble/opt/rviz_ogre_vendor/lib:/opt/ros/humble/lib/x86_64-linux-gnu:/opt/ros/humble/lib /usr/bin/cmake /home/aurora/RM25/src/rm_simulation/ros2_livox_simulation -DCMAKE_INSTALL_PREFIX=/home/aurora/RM25/install/ros2_livox_simulation
[0.028s] -- Found ament_cmake_auto: 1.3.11 (/opt/ros/humble/share/ament_cmake_auto/cmake)
[0.116s] -- Override CMake install command with custom implementation using symlinks instead of copying resources
[0.128s] -- Found rclcpp: 16.0.11 (/opt/ros/humble/share/rclcpp/cmake)
[0.154s] -- Found rosidl_generator_c: 3.1.6 (/opt/ros/humble/share/rosidl_generator_c/cmake)
[0.156s] -- Found rosidl_adapter: 3.1.6 (/opt/ros/humble/share/rosidl_adapter/cmake)
[0.160s] -- Found rosidl_generator_cpp: 3.1.6 (/opt/ros/humble/share/rosidl_generator_cpp/cmake)
[0.168s] -- Using all available rosidl_typesupport_c: rosidl_typesupport_fastrtps_c;rosidl_typesupport_introspection_c
[0.177s] -- Using all available rosidl_typesupport_cpp: rosidl_typesupport_fastrtps_cpp;rosidl_typesupport_introspection_cpp
[0.201s] -- Found rmw_implementation_cmake: 6.1.2 (/opt/ros/humble/share/rmw_implementation_cmake/cmake)
[0.203s] -- Found rmw_fastrtps_cpp: 6.2.7 (/opt/ros/humble/share/rmw_fastrtps_cpp/cmake)
[0.286s] -- Using RMW implementation 'rmw_fastrtps_cpp' as default
[0.322s] -- Found gazebo_dev: 3.7.0 (/opt/ros/humble/share/gazebo_dev/cmake)
[0.356s] -- Found DART: /usr/include (Required is at least version "6.6") found components: dart 
[0.375s] -- Found Boost: /usr/lib/x86_64-linux-gnu/cmake/Boost-1.74.0/BoostConfig.cmake (found suitable version "1.74.0", minimum required is "1.40.0") found components: thread system filesystem program_options regex iostreams date_time 
[0.383s] -- Found Protobuf: /usr/lib/x86_64-linux-gnu/libprotobuf.so (found version "3.12.4") 
[0.385s] -- Looking for ignition-math6 -- found version 6.15.1
[0.389s] -- Searching for dependencies of ignition-math6
[0.391s] -- Looking for OGRE...
[0.395s] -- Found Ogre Ghadamon (1.9.0)
[0.395s] -- Found OGRE: optimized;/usr/lib/x86_64-linux-gnu/libOgreMain.so;debug;/usr/lib/x86_64-linux-gnu/libOgreMain.so
[0.401s] -- Looking for OGRE_Paging...
[0.401s] -- Found OGRE_Paging: optimized;/usr/lib/x86_64-linux-gnu/libOgrePaging.so;debug;/usr/lib/x86_64-linux-gnu/libOgrePaging.so
[0.401s] -- Looking for OGRE_Terrain...
[0.401s] -- Found OGRE_Terrain: optimized;/usr/lib/x86_64-linux-gnu/libOgreTerrain.so;debug;/usr/lib/x86_64-linux-gnu/libOgreTerrain.so
[0.401s] -- Looking for OGRE_Property...
[0.401s] -- Found OGRE_Property: optimized;/usr/lib/x86_64-linux-gnu/libOgreProperty.so;debug;/usr/lib/x86_64-linux-gnu/libOgreProperty.so
[0.401s] -- Looking for OGRE_RTShaderSystem...
[0.401s] -- Found OGRE_RTShaderSystem: optimized;/usr/lib/x86_64-linux-gnu/libOgreRTShaderSystem.so;debug;/usr/lib/x86_64-linux-gnu/libOgreRTShaderSystem.so
[0.401s] -- Looking for OGRE_Volume...
[0.401s] -- Found OGRE_Volume: optimized;/usr/lib/x86_64-linux-gnu/libOgreVolume.so;debug;/usr/lib/x86_64-linux-gnu/libOgreVolume.so
[0.401s] -- Looking for OGRE_Overlay...
[0.401s] -- Found OGRE_Overlay: optimized;/usr/lib/x86_64-linux-gnu/libOgreOverlay.so;debug;/usr/lib/x86_64-linux-gnu/libOgreOverlay.so
[0.511s] -- Looking for ignition-math6 -- found version 6.15.1
[0.512s] -- Looking for ignition-transport8 -- found version 8.2.1
[0.512s] -- Searching for dependencies of ignition-transport8
[0.529s] -- Found Protobuf: /usr/lib/x86_64-linux-gnu/libprotobuf.so (found suitable version "3.12.4", minimum required is "3") 
[0.538s] -- Config-file not installed for ZeroMQ -- checking for pkg-config
[0.545s] -- Checking for module 'libzmq >= 4'
[0.564s] --   Found libzmq , version 4.3.4
[0.623s] -- Checking for module 'uuid'
[0.651s] --   Found uuid, version 2.37.2
[0.712s] -- Looking for ignition-msgs5 -- found version 5.8.1
[0.712s] -- Searching for dependencies of ignition-msgs5
[0.732s] -- Looking for ignition-math6 -- found version 6.15.1
[0.737s] -- Checking for module 'tinyxml2'
[0.764s] --   Found tinyxml2, version 9.0.0
[0.825s] -- Looking for ignition-msgs5 -- found version 5.8.1
[0.826s] -- Looking for ignition-common3 -- found version 3.14.0
[0.827s] -- Searching for dependencies of ignition-common3
[0.828s] -- Looking for dlfcn.h - found
[0.828s] -- Looking for libdl - found
[0.850s] -- Searching for <ignition-common3> component [graphics]
[0.851s] -- Looking for ignition-common3-graphics -- found version 3.14.0
[0.851s] -- Searching for dependencies of ignition-common3-graphics
[0.852s] -- Looking for ignition-math6 -- found version 6.15.1
[0.853s] -- Looking for ignition-fuel_tools4 -- found version 4.4.0
[0.853s] -- Searching for dependencies of ignition-fuel_tools4
[0.907s] -- Checking for module 'jsoncpp'
[0.933s] --   Found jsoncpp, version 1.9.5
[1.006s] -- Checking for module 'libzip'
[1.031s] --   Found libzip, version 1.7.3
[1.097s] -- Looking for ignition-common3 -- found version 3.14.0
[1.097s] -- Looking for ignition-math6 -- found version 6.15.1
[1.098s] -- Looking for ignition-msgs5 -- found version 5.8.1
[1.101s] -- Gazebo version: 11.14
[1.102s] -- Found gazebo_ros: 3.7.0 (/opt/ros/humble/share/gazebo_ros/cmake)
[1.107s] -- Found sensor_msgs: 4.2.4 (/opt/ros/humble/share/sensor_msgs/cmake)
[1.131s] -- Found tf2_ros: 0.25.9 (/opt/ros/humble/share/tf2_ros/cmake)
[1.191s] -- Found livox_ros_driver2: 1.0.0 (/home/aurora/RM25/install/livox_ros_driver2/share/livox_ros_driver2/cmake)
[1.220s] -- Eigen found (include: /usr/include/eigen3, version: 3.4.0)
[1.250s] -- FLANN found (include: /usr/include, lib: /usr/lib/x86_64-linux-gnu/libflann_cpp.so)
[1.536s] -- OpenNI found (version: 1.5.4.0, include: /usr/include/ni, lib: /usr/lib/libOpenNI.so;libusb::libusb)
[1.546s] -- OpenNI2 found (version: 2.2.0.33, include: /usr/include/openni2, lib: /usr/lib/x86_64-linux-gnu/libOpenNI2.so;libusb::libusb)
[1.668s] -- Eigen found (include: /usr/include/eigen3, version: 3.4.0)
[1.672s] -- OpenNI found (version: 1.5.4.0, include: /usr/include/ni, lib: /usr/lib/libOpenNI.so;libusb::libusb)
[1.676s] -- OpenNI2 found (version: 2.2.0.33, include: /usr/include/openni2, lib: /usr/lib/x86_64-linux-gnu/libOpenNI2.so;libusb::libusb)
[1.786s] -- Found Qhull version 8.0.2
[1.897s] -- OpenNI found (version: 1.5.4.0, include: /usr/include/ni, lib: /usr/lib/libOpenNI.so;libusb::libusb)
[2.007s] -- Found eigen3_cmake_module: 0.1.1 (/opt/ros/humble/share/eigen3_cmake_module/cmake)
[2.008s] -- Ensuring Eigen3 include directory is part of orocos-kdl CMake target
[2.017s] -- Found Boost: /usr/lib/x86_64-linux-gnu/cmake/Boost-1.74.0/BoostConfig.cmake (found version "1.74.0") found components: chrono 
[2.075s] -- Configuring done
[2.099s] -- Generating done
[2.102s] -- Build files have been written to: /home/aurora/RM25/build/ros2_livox_simulation
[2.115s] Invoked command in '/home/aurora/RM25/build/ros2_livox_simulation' returned '0': CMAKE_PREFIX_PATH=/home/aurora/RM25/install/livox_ros_driver2:/home/aurora/turtlebot3_ws/install/turtlebot3_simulations:/home/aurora/turtlebot3_ws/install/turtlebot3_gazebo:/home/aurora/turtlebot3_ws/install/turtlebot3_fake_node:/home/aurora/ros_ws/install/rmul24_gazebo_simulator:/home/aurora/ros_ws/install/rmoss_gz_cam:/home/aurora/ros_ws/install/rmoss_core:/home/aurora/ros_ws/install/rmoss_cam:/home/aurora/ros_ws/install/rmoss_util:/home/aurora/ros_ws/install/rmoss_projectile_motion:/home/aurora/ros_ws/install/rmoss_gz_bridge:/home/aurora/ros_ws/install/rmoss_gz_base:/home/aurora/ros_ws/install/rmoss_base:/home/aurora/ros_ws/install/rmoss_interfaces:/home/aurora/ros_ws/install/rmoss_gz_resources:/home/aurora/ros_ws/install/rmoss_gz_plugins:/home/aurora/RM25_aim/install/rm_vision_bringup:/home/aurora/RM25_aim/install/rm_serial_driver:/home/aurora/RM25_aim/install/rm_gimbal_description:/home/aurora/RM25_aim/install/hik_camera:/home/aurora/RM25_aim/install/armor_tracker:/home/aurora/RM25_aim/install/armor_detector:/home/aurora/RM25_aim/install/auto_aim_interfaces:/home/aurora/RM25/install/ros2_livox_simulation:/home/aurora/RM25/install/rm_robot_description_sim:/home/aurora/RM25/install/rm_robot_description:/home/aurora/ros_ws/install/sdformat_tools:/opt/ros/humble:/home/aurora/RM25/install/rm_localization:/home/aurora/RM25/install/livox_interfaces:/home/aurora/RM25/src/install/ros2_livox_simulation:/home/aurora/RM25/src/install/rm_robot_description_sim:/home/aurora/RM25/src/install/rm_robot_description:/home/aurora/RM25/src/install/livox_ros_driver2 LD_LIBRARY_PATH=/home/aurora/RM25/install/livox_ros_driver2/lib:/home/aurora/ros_ws/install/rmoss_gz_cam/lib:/home/aurora/ros_ws/install/rmoss_cam/lib:/home/aurora/ros_ws/install/rmoss_util/lib:/home/aurora/ros_ws/install/rmoss_projectile_motion/lib:/home/aurora/ros_ws/install/rmoss_gz_base/lib:/home/aurora/ros_ws/install/rmoss_base/lib:/home/aurora/ros_ws/install/rmoss_interfaces/lib:/home/aurora/RM25_aim/install/rm_serial_driver/lib:/home/aurora/RM25_aim/install/hik_camera/lib:/home/aurora/RM25_aim/install/armor_tracker/lib:/home/aurora/RM25_aim/install/armor_detector/lib:/home/aurora/RM25_aim/install/auto_aim_interfaces/lib:/home/aurora/RM25/install/ros2_livox_simulation/lib:/home/aurora/RM25/install/livox_sdk2/lib:/home/aurora/RM25/install/livox_interfaces/lib:/home/aurora/RM25/src/install/ros2_livox_simulation/lib:/home/aurora/RM25/src/install/livox_sdk2/lib:/home/aurora/RM25/src/install/livox_ros_driver2/lib:/usr/lib/x86_64-linux-gnu/gazebo-11/plugins:/opt/ros/humble/opt/rviz_ogre_vendor/lib:/opt/ros/humble/lib/x86_64-linux-gnu:/opt/ros/humble/lib /usr/bin/cmake /home/aurora/RM25/src/rm_simulation/ros2_livox_simulation -DCMAKE_INSTALL_PREFIX=/home/aurora/RM25/install/ros2_livox_simulation
[2.115s] Invoking command in '/home/aurora/RM25/build/ros2_livox_simulation': CMAKE_PREFIX_PATH=/home/aurora/RM25/install/livox_ros_driver2:/home/aurora/turtlebot3_ws/install/turtlebot3_simulations:/home/aurora/turtlebot3_ws/install/turtlebot3_gazebo:/home/aurora/turtlebot3_ws/install/turtlebot3_fake_node:/home/aurora/ros_ws/install/rmul24_gazebo_simulator:/home/aurora/ros_ws/install/rmoss_gz_cam:/home/aurora/ros_ws/install/rmoss_core:/home/aurora/ros_ws/install/rmoss_cam:/home/aurora/ros_ws/install/rmoss_util:/home/aurora/ros_ws/install/rmoss_projectile_motion:/home/aurora/ros_ws/install/rmoss_gz_bridge:/home/aurora/ros_ws/install/rmoss_gz_base:/home/aurora/ros_ws/install/rmoss_base:/home/aurora/ros_ws/install/rmoss_interfaces:/home/aurora/ros_ws/install/rmoss_gz_resources:/home/aurora/ros_ws/install/rmoss_gz_plugins:/home/aurora/RM25_aim/install/rm_vision_bringup:/home/aurora/RM25_aim/install/rm_serial_driver:/home/aurora/RM25_aim/install/rm_gimbal_description:/home/aurora/RM25_aim/install/hik_camera:/home/aurora/RM25_aim/install/armor_tracker:/home/aurora/RM25_aim/install/armor_detector:/home/aurora/RM25_aim/install/auto_aim_interfaces:/home/aurora/RM25/install/ros2_livox_simulation:/home/aurora/RM25/install/rm_robot_description_sim:/home/aurora/RM25/install/rm_robot_description:/home/aurora/ros_ws/install/sdformat_tools:/opt/ros/humble:/home/aurora/RM25/install/rm_localization:/home/aurora/RM25/install/livox_interfaces:/home/aurora/RM25/src/install/ros2_livox_simulation:/home/aurora/RM25/src/install/rm_robot_description_sim:/home/aurora/RM25/src/install/rm_robot_description:/home/aurora/RM25/src/install/livox_ros_driver2 LD_LIBRARY_PATH=/home/aurora/RM25/install/livox_ros_driver2/lib:/home/aurora/ros_ws/install/rmoss_gz_cam/lib:/home/aurora/ros_ws/install/rmoss_cam/lib:/home/aurora/ros_ws/install/rmoss_util/lib:/home/aurora/ros_ws/install/rmoss_projectile_motion/lib:/home/aurora/ros_ws/install/rmoss_gz_base/lib:/home/aurora/ros_ws/install/rmoss_base/lib:/home/aurora/ros_ws/install/rmoss_interfaces/lib:/home/aurora/RM25_aim/install/rm_serial_driver/lib:/home/aurora/RM25_aim/install/hik_camera/lib:/home/aurora/RM25_aim/install/armor_tracker/lib:/home/aurora/RM25_aim/install/armor_detector/lib:/home/aurora/RM25_aim/install/auto_aim_interfaces/lib:/home/aurora/RM25/install/ros2_livox_simulation/lib:/home/aurora/RM25/install/livox_sdk2/lib:/home/aurora/RM25/install/livox_interfaces/lib:/home/aurora/RM25/src/install/ros2_livox_simulation/lib:/home/aurora/RM25/src/install/livox_sdk2/lib:/home/aurora/RM25/src/install/livox_ros_driver2/lib:/usr/lib/x86_64-linux-gnu/gazebo-11/plugins:/opt/ros/humble/opt/rviz_ogre_vendor/lib:/opt/ros/humble/lib/x86_64-linux-gnu:/opt/ros/humble/lib /usr/bin/cmake --build /home/aurora/RM25/build/ros2_livox_simulation -- -j20 -l20
[2.168s] [35m[1mConsolidate compiler generated dependencies of target ros2_livox[0m
[2.193s] [ 33%] [32mBuilding CXX object CMakeFiles/ros2_livox.dir/src/livox_ode_multiray_shape.cpp.o[0m
[2.194s] [ 66%] [32mBuilding CXX object CMakeFiles/ros2_livox.dir/src/livox_points_plugin.cpp.o[0m
[10.812s] [100%] [32m[1mLinking CXX shared library libros2_livox.so[0m
[11.327s] [100%] Built target ros2_livox
[11.339s] Invoked command in '/home/aurora/RM25/build/ros2_livox_simulation' returned '0': CMAKE_PREFIX_PATH=/home/aurora/RM25/install/livox_ros_driver2:/home/aurora/turtlebot3_ws/install/turtlebot3_simulations:/home/aurora/turtlebot3_ws/install/turtlebot3_gazebo:/home/aurora/turtlebot3_ws/install/turtlebot3_fake_node:/home/aurora/ros_ws/install/rmul24_gazebo_simulator:/home/aurora/ros_ws/install/rmoss_gz_cam:/home/aurora/ros_ws/install/rmoss_core:/home/aurora/ros_ws/install/rmoss_cam:/home/aurora/ros_ws/install/rmoss_util:/home/aurora/ros_ws/install/rmoss_projectile_motion:/home/aurora/ros_ws/install/rmoss_gz_bridge:/home/aurora/ros_ws/install/rmoss_gz_base:/home/aurora/ros_ws/install/rmoss_base:/home/aurora/ros_ws/install/rmoss_interfaces:/home/aurora/ros_ws/install/rmoss_gz_resources:/home/aurora/ros_ws/install/rmoss_gz_plugins:/home/aurora/RM25_aim/install/rm_vision_bringup:/home/aurora/RM25_aim/install/rm_serial_driver:/home/aurora/RM25_aim/install/rm_gimbal_description:/home/aurora/RM25_aim/install/hik_camera:/home/aurora/RM25_aim/install/armor_tracker:/home/aurora/RM25_aim/install/armor_detector:/home/aurora/RM25_aim/install/auto_aim_interfaces:/home/aurora/RM25/install/ros2_livox_simulation:/home/aurora/RM25/install/rm_robot_description_sim:/home/aurora/RM25/install/rm_robot_description:/home/aurora/ros_ws/install/sdformat_tools:/opt/ros/humble:/home/aurora/RM25/install/rm_localization:/home/aurora/RM25/install/livox_interfaces:/home/aurora/RM25/src/install/ros2_livox_simulation:/home/aurora/RM25/src/install/rm_robot_description_sim:/home/aurora/RM25/src/install/rm_robot_description:/home/aurora/RM25/src/install/livox_ros_driver2 LD_LIBRARY_PATH=/home/aurora/RM25/install/livox_ros_driver2/lib:/home/aurora/ros_ws/install/rmoss_gz_cam/lib:/home/aurora/ros_ws/install/rmoss_cam/lib:/home/aurora/ros_ws/install/rmoss_util/lib:/home/aurora/ros_ws/install/rmoss_projectile_motion/lib:/home/aurora/ros_ws/install/rmoss_gz_base/lib:/home/aurora/ros_ws/install/rmoss_base/lib:/home/aurora/ros_ws/install/rmoss_interfaces/lib:/home/aurora/RM25_aim/install/rm_serial_driver/lib:/home/aurora/RM25_aim/install/hik_camera/lib:/home/aurora/RM25_aim/install/armor_tracker/lib:/home/aurora/RM25_aim/install/armor_detector/lib:/home/aurora/RM25_aim/install/auto_aim_interfaces/lib:/home/aurora/RM25/install/ros2_livox_simulation/lib:/home/aurora/RM25/install/livox_sdk2/lib:/home/aurora/RM25/install/livox_interfaces/lib:/home/aurora/RM25/src/install/ros2_livox_simulation/lib:/home/aurora/RM25/src/install/livox_sdk2/lib:/home/aurora/RM25/src/install/livox_ros_driver2/lib:/usr/lib/x86_64-linux-gnu/gazebo-11/plugins:/opt/ros/humble/opt/rviz_ogre_vendor/lib:/opt/ros/humble/lib/x86_64-linux-gnu:/opt/ros/humble/lib /usr/bin/cmake --build /home/aurora/RM25/build/ros2_livox_simulation -- -j20 -l20
[11.349s] Invoking command in '/home/aurora/RM25/build/ros2_livox_simulation': CMAKE_PREFIX_PATH=/home/aurora/RM25/install/livox_ros_driver2:/home/aurora/turtlebot3_ws/install/turtlebot3_simulations:/home/aurora/turtlebot3_ws/install/turtlebot3_gazebo:/home/aurora/turtlebot3_ws/install/turtlebot3_fake_node:/home/aurora/ros_ws/install/rmul24_gazebo_simulator:/home/aurora/ros_ws/install/rmoss_gz_cam:/home/aurora/ros_ws/install/rmoss_core:/home/aurora/ros_ws/install/rmoss_cam:/home/aurora/ros_ws/install/rmoss_util:/home/aurora/ros_ws/install/rmoss_projectile_motion:/home/aurora/ros_ws/install/rmoss_gz_bridge:/home/aurora/ros_ws/install/rmoss_gz_base:/home/aurora/ros_ws/install/rmoss_base:/home/aurora/ros_ws/install/rmoss_interfaces:/home/aurora/ros_ws/install/rmoss_gz_resources:/home/aurora/ros_ws/install/rmoss_gz_plugins:/home/aurora/RM25_aim/install/rm_vision_bringup:/home/aurora/RM25_aim/install/rm_serial_driver:/home/aurora/RM25_aim/install/rm_gimbal_description:/home/aurora/RM25_aim/install/hik_camera:/home/aurora/RM25_aim/install/armor_tracker:/home/aurora/RM25_aim/install/armor_detector:/home/aurora/RM25_aim/install/auto_aim_interfaces:/home/aurora/RM25/install/ros2_livox_simulation:/home/aurora/RM25/install/rm_robot_description_sim:/home/aurora/RM25/install/rm_robot_description:/home/aurora/ros_ws/install/sdformat_tools:/opt/ros/humble:/home/aurora/RM25/install/rm_localization:/home/aurora/RM25/install/livox_interfaces:/home/aurora/RM25/src/install/ros2_livox_simulation:/home/aurora/RM25/src/install/rm_robot_description_sim:/home/aurora/RM25/src/install/rm_robot_description:/home/aurora/RM25/src/install/livox_ros_driver2 LD_LIBRARY_PATH=/home/aurora/RM25/install/livox_ros_driver2/lib:/home/aurora/ros_ws/install/rmoss_gz_cam/lib:/home/aurora/ros_ws/install/rmoss_cam/lib:/home/aurora/ros_ws/install/rmoss_util/lib:/home/aurora/ros_ws/install/rmoss_projectile_motion/lib:/home/aurora/ros_ws/install/rmoss_gz_base/lib:/home/aurora/ros_ws/install/rmoss_base/lib:/home/aurora/ros_ws/install/rmoss_interfaces/lib:/home/aurora/RM25_aim/install/rm_serial_driver/lib:/home/aurora/RM25_aim/install/hik_camera/lib:/home/aurora/RM25_aim/install/armor_tracker/lib:/home/aurora/RM25_aim/install/armor_detector/lib:/home/aurora/RM25_aim/install/auto_aim_interfaces/lib:/home/aurora/RM25/install/ros2_livox_simulation/lib:/home/aurora/RM25/install/livox_sdk2/lib:/home/aurora/RM25/install/livox_interfaces/lib:/home/aurora/RM25/src/install/ros2_livox_simulation/lib:/home/aurora/RM25/src/install/livox_sdk2/lib:/home/aurora/RM25/src/install/livox_ros_driver2/lib:/usr/lib/x86_64-linux-gnu/gazebo-11/plugins:/opt/ros/humble/opt/rviz_ogre_vendor/lib:/opt/ros/humble/lib/x86_64-linux-gnu:/opt/ros/humble/lib /usr/bin/cmake --install /home/aurora/RM25/build/ros2_livox_simulation
[11.363s] -- Install configuration: ""
[11.364s] -- Execute custom install script
[11.365s] -- Up-to-date symlink: /home/aurora/RM25/install/ros2_livox_simulation/include/ros2_livox/csv_reader.hpp
[11.365s] -- Up-to-date symlink: /home/aurora/RM25/install/ros2_livox_simulation/include/ros2_livox/livox_ode_multiray_shape.h
[11.365s] -- Up-to-date symlink: /home/aurora/RM25/install/ros2_livox_simulation/include/ros2_livox/livox_points_plugin.h
[11.366s] -- Up-to-date symlink: /home/aurora/RM25/install/ros2_livox_simulation/share/ros2_livox_simulation/environment/library_path.sh
[11.366s] -- Up-to-date symlink: /home/aurora/RM25/install/ros2_livox_simulation/share/ros2_livox_simulation/environment/library_path.dsv
[11.366s] -- Up-to-date symlink: /home/aurora/RM25/install/ros2_livox_simulation/lib/libros2_livox.so
[11.366s] -- Up-to-date symlink: /home/aurora/RM25/install/ros2_livox_simulation/share/ros2_livox_simulation/scan_mode/mid360.csv
[11.367s] -- Up-to-date symlink: /home/aurora/RM25/install/ros2_livox_simulation/share/ros2_livox_simulation/urdf/mid360.xacro
[11.367s] -- Up-to-date symlink: /home/aurora/RM25/install/ros2_livox_simulation/share/ament_index/resource_index/package_run_dependencies/ros2_livox_simulation
[11.367s] -- Up-to-date symlink: /home/aurora/RM25/install/ros2_livox_simulation/share/ament_index/resource_index/parent_prefix_path/ros2_livox_simulation
[11.368s] -- Up-to-date symlink: /home/aurora/RM25/install/ros2_livox_simulation/share/ros2_livox_simulation/environment/ament_prefix_path.sh
[11.368s] -- Up-to-date symlink: /home/aurora/RM25/install/ros2_livox_simulation/share/ros2_livox_simulation/environment/ament_prefix_path.dsv
[11.368s] -- Up-to-date symlink: /home/aurora/RM25/install/ros2_livox_simulation/share/ros2_livox_simulation/environment/path.sh
[11.368s] -- Up-to-date symlink: /home/aurora/RM25/install/ros2_livox_simulation/share/ros2_livox_simulation/environment/path.dsv
[11.368s] -- Up-to-date symlink: /home/aurora/RM25/install/ros2_livox_simulation/share/ros2_livox_simulation/local_setup.bash
[11.368s] -- Up-to-date symlink: /home/aurora/RM25/install/ros2_livox_simulation/share/ros2_livox_simulation/local_setup.sh
[11.370s] -- Up-to-date symlink: /home/aurora/RM25/install/ros2_livox_simulation/share/ros2_livox_simulation/local_setup.zsh
[11.370s] -- Up-to-date symlink: /home/aurora/RM25/install/ros2_livox_simulation/share/ros2_livox_simulation/local_setup.dsv
[11.370s] -- Symlinking: /home/aurora/RM25/install/ros2_livox_simulation/share/ros2_livox_simulation/package.dsv
[11.378s] -- Up-to-date symlink: /home/aurora/RM25/install/ros2_livox_simulation/share/ament_index/resource_index/packages/ros2_livox_simulation
[11.379s] -- Up-to-date symlink: /home/aurora/RM25/install/ros2_livox_simulation/share/ros2_livox_simulation/cmake/ament_cmake_export_dependencies-extras.cmake
[11.379s] -- Up-to-date symlink: /home/aurora/RM25/install/ros2_livox_simulation/share/ros2_livox_simulation/cmake/ament_cmake_export_include_directories-extras.cmake
[11.379s] -- Up-to-date symlink: /home/aurora/RM25/install/ros2_livox_simulation/share/ros2_livox_simulation/cmake/ament_cmake_export_libraries-extras.cmake
[11.379s] -- Up-to-date symlink: /home/aurora/RM25/install/ros2_livox_simulation/share/ros2_livox_simulation/cmake/ros2_livox_simulationConfig.cmake
[11.379s] -- Up-to-date symlink: /home/aurora/RM25/install/ros2_livox_simulation/share/ros2_livox_simulation/cmake/ros2_livox_simulationConfig-version.cmake
[11.379s] -- Up-to-date symlink: /home/aurora/RM25/install/ros2_livox_simulation/share/ros2_livox_simulation/package.xml
[11.380s] Invoked command in '/home/aurora/RM25/build/ros2_livox_simulation' returned '0': CMAKE_PREFIX_PATH=/home/aurora/RM25/install/livox_ros_driver2:/home/aurora/turtlebot3_ws/install/turtlebot3_simulations:/home/aurora/turtlebot3_ws/install/turtlebot3_gazebo:/home/aurora/turtlebot3_ws/install/turtlebot3_fake_node:/home/aurora/ros_ws/install/rmul24_gazebo_simulator:/home/aurora/ros_ws/install/rmoss_gz_cam:/home/aurora/ros_ws/install/rmoss_core:/home/aurora/ros_ws/install/rmoss_cam:/home/aurora/ros_ws/install/rmoss_util:/home/aurora/ros_ws/install/rmoss_projectile_motion:/home/aurora/ros_ws/install/rmoss_gz_bridge:/home/aurora/ros_ws/install/rmoss_gz_base:/home/aurora/ros_ws/install/rmoss_base:/home/aurora/ros_ws/install/rmoss_interfaces:/home/aurora/ros_ws/install/rmoss_gz_resources:/home/aurora/ros_ws/install/rmoss_gz_plugins:/home/aurora/RM25_aim/install/rm_vision_bringup:/home/aurora/RM25_aim/install/rm_serial_driver:/home/aurora/RM25_aim/install/rm_gimbal_description:/home/aurora/RM25_aim/install/hik_camera:/home/aurora/RM25_aim/install/armor_tracker:/home/aurora/RM25_aim/install/armor_detector:/home/aurora/RM25_aim/install/auto_aim_interfaces:/home/aurora/RM25/install/ros2_livox_simulation:/home/aurora/RM25/install/rm_robot_description_sim:/home/aurora/RM25/install/rm_robot_description:/home/aurora/ros_ws/install/sdformat_tools:/opt/ros/humble:/home/aurora/RM25/install/rm_localization:/home/aurora/RM25/install/livox_interfaces:/home/aurora/RM25/src/install/ros2_livox_simulation:/home/aurora/RM25/src/install/rm_robot_description_sim:/home/aurora/RM25/src/install/rm_robot_description:/home/aurora/RM25/src/install/livox_ros_driver2 LD_LIBRARY_PATH=/home/aurora/RM25/install/livox_ros_driver2/lib:/home/aurora/ros_ws/install/rmoss_gz_cam/lib:/home/aurora/ros_ws/install/rmoss_cam/lib:/home/aurora/ros_ws/install/rmoss_util/lib:/home/aurora/ros_ws/install/rmoss_projectile_motion/lib:/home/aurora/ros_ws/install/rmoss_gz_base/lib:/home/aurora/ros_ws/install/rmoss_base/lib:/home/aurora/ros_ws/install/rmoss_interfaces/lib:/home/aurora/RM25_aim/install/rm_serial_driver/lib:/home/aurora/RM25_aim/install/hik_camera/lib:/home/aurora/RM25_aim/install/armor_tracker/lib:/home/aurora/RM25_aim/install/armor_detector/lib:/home/aurora/RM25_aim/install/auto_aim_interfaces/lib:/home/aurora/RM25/install/ros2_livox_simulation/lib:/home/aurora/RM25/install/livox_sdk2/lib:/home/aurora/RM25/install/livox_interfaces/lib:/home/aurora/RM25/src/install/ros2_livox_simulation/lib:/home/aurora/RM25/src/install/livox_sdk2/lib:/home/aurora/RM25/src/install/livox_ros_driver2/lib:/usr/lib/x86_64-linux-gnu/gazebo-11/plugins:/opt/ros/humble/opt/rviz_ogre_vendor/lib:/opt/ros/humble/lib/x86_64-linux-gnu:/opt/ros/humble/lib /usr/bin/cmake --install /home/aurora/RM25/build/ros2_livox_simulation
