[0.151s] DEBUG:colcon:Command line arguments: ['/usr/bin/colcon', 'build', '--cmake-args', '-DROS_EDITION=ROS2', '-DHUMBLE_ROS=humble']
[0.151s] DEBUG:colcon:Parsed command line arguments: Namespace(log_base=None, log_level=None, verb_name='build', build_base='build', install_base='install', merge_install=False, symlink_install=False, test_result_base=None, continue_on_error=False, executor='parallel', parallel_workers=20, event_handlers=None, ignore_user_meta=False, metas=['./colcon.meta'], base_paths=['.'], packages_ignore=None, packages_ignore_regex=None, paths=None, packages_up_to=None, packages_up_to_regex=None, packages_above=None, packages_above_and_dependencies=None, packages_above_depth=None, packages_select_by_dep=None, packages_skip_by_dep=None, packages_skip_up_to=None, packages_select_build_failed=False, packages_skip_build_finished=False, packages_select_test_failures=False, packages_skip_test_passed=False, packages_select=None, packages_skip=None, packages_select_regex=None, packages_skip_regex=None, packages_start=None, packages_end=None, allow_overriding=[], cmake_args=['-DROS_EDITION=ROS2', '-DHUMBLE_ROS=humble'], cmake_target=None, cmake_target_skip_unavailable=False, cmake_clean_cache=False, cmake_clean_first=False, cmake_force_configure=False, ament_cmake_args=None, catkin_cmake_args=None, catkin_skip_building_tests=False, verb_parser=<colcon_defaults.argument_parser.defaults.DefaultArgumentsDecorator object at 0x7f52495acac0>, verb_extension=<colcon_core.verb.build.BuildVerb object at 0x7f524971a0e0>, main=<bound method BuildVerb.main of <colcon_core.verb.build.BuildVerb object at 0x7f524971a0e0>>)
[0.237s] Level 1:colcon.colcon_core.package_discovery:discover_packages(colcon_meta) check parameters
[0.237s] Level 1:colcon.colcon_core.package_discovery:discover_packages(recursive) check parameters
[0.237s] Level 1:colcon.colcon_core.package_discovery:discover_packages(ignore) check parameters
[0.237s] Level 1:colcon.colcon_core.package_discovery:discover_packages(path) check parameters
[0.237s] Level 1:colcon.colcon_core.package_discovery:discover_packages(colcon_meta) discover
[0.237s] Level 1:colcon.colcon_core.package_discovery:discover_packages(recursive) discover
[0.237s] INFO:colcon.colcon_core.package_discovery:Crawling recursively for packages in '/home/aurora/RM25/src'
[0.237s] Level 1:colcon.colcon_core.package_identification:_identify(.) by extensions ['ignore', 'ignore_ament_install']
[0.238s] Level 1:colcon.colcon_core.package_identification:_identify(.) by extension 'ignore'
[0.238s] Level 1:colcon.colcon_core.package_identification:_identify(.) by extension 'ignore_ament_install'
[0.238s] Level 1:colcon.colcon_core.package_identification:_identify(.) by extensions ['colcon_pkg']
[0.238s] Level 1:colcon.colcon_core.package_identification:_identify(.) by extension 'colcon_pkg'
[0.238s] Level 1:colcon.colcon_core.package_identification:_identify(.) by extensions ['colcon_meta']
[0.238s] Level 1:colcon.colcon_core.package_identification:_identify(.) by extension 'colcon_meta'
[0.238s] Level 1:colcon.colcon_core.package_identification:_identify(.) by extensions ['ros']
[0.238s] Level 1:colcon.colcon_core.package_identification:_identify(.) by extension 'ros'
[0.244s] Level 1:colcon.colcon_core.package_identification:_identify(.) by extensions ['cmake', 'python']
[0.245s] Level 1:colcon.colcon_core.package_identification:_identify(.) by extension 'cmake'
[0.245s] Level 1:colcon.colcon_core.package_identification:_identify(.) by extension 'python'
[0.245s] Level 1:colcon.colcon_core.package_identification:_identify(.) by extensions ['python_setup_py']
[0.245s] Level 1:colcon.colcon_core.package_identification:_identify(.) by extension 'python_setup_py'
[0.245s] Level 1:colcon.colcon_core.package_identification:_identify(build) by extensions ['ignore', 'ignore_ament_install']
[0.245s] Level 1:colcon.colcon_core.package_identification:_identify(build) by extension 'ignore'
[0.245s] Level 1:colcon.colcon_core.package_identification:_identify(build) ignored
[0.245s] Level 1:colcon.colcon_core.package_identification:_identify(config) by extensions ['ignore', 'ignore_ament_install']
[0.245s] Level 1:colcon.colcon_core.package_identification:_identify(config) by extension 'ignore'
[0.245s] Level 1:colcon.colcon_core.package_identification:_identify(config) by extension 'ignore_ament_install'
[0.245s] Level 1:colcon.colcon_core.package_identification:_identify(config) by extensions ['colcon_pkg']
[0.245s] Level 1:colcon.colcon_core.package_identification:_identify(config) by extension 'colcon_pkg'
[0.245s] Level 1:colcon.colcon_core.package_identification:_identify(config) by extensions ['colcon_meta']
[0.245s] Level 1:colcon.colcon_core.package_identification:_identify(config) by extension 'colcon_meta'
[0.245s] Level 1:colcon.colcon_core.package_identification:_identify(config) by extensions ['ros']
[0.245s] Level 1:colcon.colcon_core.package_identification:_identify(config) by extension 'ros'
[0.245s] Level 1:colcon.colcon_core.package_identification:_identify(config) by extensions ['cmake', 'python']
[0.245s] Level 1:colcon.colcon_core.package_identification:_identify(config) by extension 'cmake'
[0.245s] Level 1:colcon.colcon_core.package_identification:_identify(config) by extension 'python'
[0.245s] Level 1:colcon.colcon_core.package_identification:_identify(config) by extensions ['python_setup_py']
[0.245s] Level 1:colcon.colcon_core.package_identification:_identify(config) by extension 'python_setup_py'
[0.245s] Level 1:colcon.colcon_core.package_identification:_identify(config/real) by extensions ['ignore', 'ignore_ament_install']
[0.245s] Level 1:colcon.colcon_core.package_identification:_identify(config/real) by extension 'ignore'
[0.245s] Level 1:colcon.colcon_core.package_identification:_identify(config/real) by extension 'ignore_ament_install'
[0.245s] Level 1:colcon.colcon_core.package_identification:_identify(config/real) by extensions ['colcon_pkg']
[0.245s] Level 1:colcon.colcon_core.package_identification:_identify(config/real) by extension 'colcon_pkg'
[0.245s] Level 1:colcon.colcon_core.package_identification:_identify(config/real) by extensions ['colcon_meta']
[0.245s] Level 1:colcon.colcon_core.package_identification:_identify(config/real) by extension 'colcon_meta'
[0.245s] Level 1:colcon.colcon_core.package_identification:_identify(config/real) by extensions ['ros']
[0.245s] Level 1:colcon.colcon_core.package_identification:_identify(config/real) by extension 'ros'
[0.245s] Level 1:colcon.colcon_core.package_identification:_identify(config/real) by extensions ['cmake', 'python']
[0.245s] Level 1:colcon.colcon_core.package_identification:_identify(config/real) by extension 'cmake'
[0.245s] Level 1:colcon.colcon_core.package_identification:_identify(config/real) by extension 'python'
[0.245s] Level 1:colcon.colcon_core.package_identification:_identify(config/real) by extensions ['python_setup_py']
[0.246s] Level 1:colcon.colcon_core.package_identification:_identify(config/real) by extension 'python_setup_py'
[0.246s] Level 1:colcon.colcon_core.package_identification:_identify(config/sim) by extensions ['ignore', 'ignore_ament_install']
[0.246s] Level 1:colcon.colcon_core.package_identification:_identify(config/sim) by extension 'ignore'
[0.246s] Level 1:colcon.colcon_core.package_identification:_identify(config/sim) by extension 'ignore_ament_install'
[0.246s] Level 1:colcon.colcon_core.package_identification:_identify(config/sim) by extensions ['colcon_pkg']
[0.246s] Level 1:colcon.colcon_core.package_identification:_identify(config/sim) by extension 'colcon_pkg'
[0.246s] Level 1:colcon.colcon_core.package_identification:_identify(config/sim) by extensions ['colcon_meta']
[0.246s] Level 1:colcon.colcon_core.package_identification:_identify(config/sim) by extension 'colcon_meta'
[0.246s] Level 1:colcon.colcon_core.package_identification:_identify(config/sim) by extensions ['ros']
[0.246s] Level 1:colcon.colcon_core.package_identification:_identify(config/sim) by extension 'ros'
[0.246s] Level 1:colcon.colcon_core.package_identification:_identify(config/sim) by extensions ['cmake', 'python']
[0.246s] Level 1:colcon.colcon_core.package_identification:_identify(config/sim) by extension 'cmake'
[0.246s] Level 1:colcon.colcon_core.package_identification:_identify(config/sim) by extension 'python'
[0.246s] Level 1:colcon.colcon_core.package_identification:_identify(config/sim) by extensions ['python_setup_py']
[0.246s] Level 1:colcon.colcon_core.package_identification:_identify(config/sim) by extension 'python_setup_py'
[0.246s] Level 1:colcon.colcon_core.package_identification:_identify(install) by extensions ['ignore', 'ignore_ament_install']
[0.246s] Level 1:colcon.colcon_core.package_identification:_identify(install) by extension 'ignore'
[0.246s] Level 1:colcon.colcon_core.package_identification:_identify(install) ignored
[0.246s] Level 1:colcon.colcon_core.package_identification:_identify(log) by extensions ['ignore', 'ignore_ament_install']
[0.246s] Level 1:colcon.colcon_core.package_identification:_identify(log) by extension 'ignore'
[0.246s] Level 1:colcon.colcon_core.package_identification:_identify(log) ignored
[0.246s] Level 1:colcon.colcon_core.package_identification:_identify(rm_behavior) by extensions ['ignore', 'ignore_ament_install']
[0.246s] Level 1:colcon.colcon_core.package_identification:_identify(rm_behavior) by extension 'ignore'
[0.246s] Level 1:colcon.colcon_core.package_identification:_identify(rm_behavior) by extension 'ignore_ament_install'
[0.246s] Level 1:colcon.colcon_core.package_identification:_identify(rm_behavior) by extensions ['colcon_pkg']
[0.246s] Level 1:colcon.colcon_core.package_identification:_identify(rm_behavior) by extension 'colcon_pkg'
[0.246s] Level 1:colcon.colcon_core.package_identification:_identify(rm_behavior) by extensions ['colcon_meta']
[0.246s] Level 1:colcon.colcon_core.package_identification:_identify(rm_behavior) by extension 'colcon_meta'
[0.246s] Level 1:colcon.colcon_core.package_identification:_identify(rm_behavior) by extensions ['ros']
[0.246s] Level 1:colcon.colcon_core.package_identification:_identify(rm_behavior) by extension 'ros'
[0.246s] Level 1:colcon.colcon_core.package_identification:_identify(rm_behavior) by extensions ['cmake', 'python']
[0.246s] Level 1:colcon.colcon_core.package_identification:_identify(rm_behavior) by extension 'cmake'
[0.246s] Level 1:colcon.colcon_core.package_identification:_identify(rm_behavior) by extension 'python'
[0.246s] Level 1:colcon.colcon_core.package_identification:_identify(rm_behavior) by extensions ['python_setup_py']
[0.246s] Level 1:colcon.colcon_core.package_identification:_identify(rm_behavior) by extension 'python_setup_py'
[0.246s] Level 1:colcon.colcon_core.package_identification:_identify(rm_driver) by extensions ['ignore', 'ignore_ament_install']
[0.246s] Level 1:colcon.colcon_core.package_identification:_identify(rm_driver) by extension 'ignore'
[0.247s] Level 1:colcon.colcon_core.package_identification:_identify(rm_driver) by extension 'ignore_ament_install'
[0.247s] Level 1:colcon.colcon_core.package_identification:_identify(rm_driver) by extensions ['colcon_pkg']
[0.247s] Level 1:colcon.colcon_core.package_identification:_identify(rm_driver) by extension 'colcon_pkg'
[0.247s] Level 1:colcon.colcon_core.package_identification:_identify(rm_driver) by extensions ['colcon_meta']
[0.247s] Level 1:colcon.colcon_core.package_identification:_identify(rm_driver) by extension 'colcon_meta'
[0.247s] Level 1:colcon.colcon_core.package_identification:_identify(rm_driver) by extensions ['ros']
[0.247s] Level 1:colcon.colcon_core.package_identification:_identify(rm_driver) by extension 'ros'
[0.247s] Level 1:colcon.colcon_core.package_identification:_identify(rm_driver) by extensions ['cmake', 'python']
[0.247s] Level 1:colcon.colcon_core.package_identification:_identify(rm_driver) by extension 'cmake'
[0.247s] Level 1:colcon.colcon_core.package_identification:_identify(rm_driver) by extension 'python'
[0.247s] Level 1:colcon.colcon_core.package_identification:_identify(rm_driver) by extensions ['python_setup_py']
[0.247s] Level 1:colcon.colcon_core.package_identification:_identify(rm_driver) by extension 'python_setup_py'
[0.247s] Level 1:colcon.colcon_core.package_identification:_identify(rm_driver/Livox-SDK2) by extensions ['ignore', 'ignore_ament_install']
[0.247s] Level 1:colcon.colcon_core.package_identification:_identify(rm_driver/Livox-SDK2) by extension 'ignore'
[0.247s] Level 1:colcon.colcon_core.package_identification:_identify(rm_driver/Livox-SDK2) by extension 'ignore_ament_install'
[0.247s] Level 1:colcon.colcon_core.package_identification:_identify(rm_driver/Livox-SDK2) by extensions ['colcon_pkg']
[0.247s] Level 1:colcon.colcon_core.package_identification:_identify(rm_driver/Livox-SDK2) by extension 'colcon_pkg'
[0.247s] Level 1:colcon.colcon_core.package_identification:_identify(rm_driver/Livox-SDK2) by extensions ['colcon_meta']
[0.247s] Level 1:colcon.colcon_core.package_identification:_identify(rm_driver/Livox-SDK2) by extension 'colcon_meta'
[0.247s] Level 1:colcon.colcon_core.package_identification:_identify(rm_driver/Livox-SDK2) by extensions ['ros']
[0.247s] Level 1:colcon.colcon_core.package_identification:_identify(rm_driver/Livox-SDK2) by extension 'ros'
[0.247s] Level 1:colcon.colcon_core.package_identification:_identify(rm_driver/Livox-SDK2) by extensions ['cmake', 'python']
[0.247s] Level 1:colcon.colcon_core.package_identification:_identify(rm_driver/Livox-SDK2) by extension 'cmake'
[0.253s] Level 1:colcon.colcon_core.package_identification:_identify(rm_driver/Livox-SDK2) by extension 'python'
[0.253s] DEBUG:colcon.colcon_core.package_identification:Package 'rm_driver/Livox-SDK2' with type 'cmake' and name 'livox_sdk2'
[0.253s] Level 1:colcon.colcon_core.package_identification:_identify(rm_driver/livox_ros_driver2) by extensions ['ignore', 'ignore_ament_install']
[0.253s] Level 1:colcon.colcon_core.package_identification:_identify(rm_driver/livox_ros_driver2) by extension 'ignore'
[0.253s] Level 1:colcon.colcon_core.package_identification:_identify(rm_driver/livox_ros_driver2) by extension 'ignore_ament_install'
[0.253s] Level 1:colcon.colcon_core.package_identification:_identify(rm_driver/livox_ros_driver2) by extensions ['colcon_pkg']
[0.253s] Level 1:colcon.colcon_core.package_identification:_identify(rm_driver/livox_ros_driver2) by extension 'colcon_pkg'
[0.253s] Level 1:colcon.colcon_core.package_identification:_identify(rm_driver/livox_ros_driver2) by extensions ['colcon_meta']
[0.253s] Level 1:colcon.colcon_core.package_identification:_identify(rm_driver/livox_ros_driver2) by extension 'colcon_meta'
[0.253s] Level 1:colcon.colcon_core.package_identification:_identify(rm_driver/livox_ros_driver2) by extensions ['ros']
[0.253s] Level 1:colcon.colcon_core.package_identification:_identify(rm_driver/livox_ros_driver2) by extension 'ros'
[0.253s] Level 1:colcon.colcon_core.package_identification:_identify(rm_driver/livox_ros_driver2) by extensions ['cmake', 'python']
[0.253s] Level 1:colcon.colcon_core.package_identification:_identify(rm_driver/livox_ros_driver2) by extension 'cmake'
[0.254s] Level 1:colcon.colcon_core.package_identification:_identify(rm_driver/livox_ros_driver2) by extension 'python'
[0.254s] DEBUG:colcon.colcon_core.package_identification:Package 'rm_driver/livox_ros_driver2' with type 'cmake' and name 'livox_ros_driver2'
[0.254s] Level 1:colcon.colcon_core.package_identification:_identify(rm_localization) by extensions ['ignore', 'ignore_ament_install']
[0.254s] Level 1:colcon.colcon_core.package_identification:_identify(rm_localization) by extension 'ignore'
[0.254s] Level 1:colcon.colcon_core.package_identification:_identify(rm_localization) by extension 'ignore_ament_install'
[0.254s] Level 1:colcon.colcon_core.package_identification:_identify(rm_localization) by extensions ['colcon_pkg']
[0.254s] Level 1:colcon.colcon_core.package_identification:_identify(rm_localization) by extension 'colcon_pkg'
[0.254s] Level 1:colcon.colcon_core.package_identification:_identify(rm_localization) by extensions ['colcon_meta']
[0.254s] Level 1:colcon.colcon_core.package_identification:_identify(rm_localization) by extension 'colcon_meta'
[0.254s] Level 1:colcon.colcon_core.package_identification:_identify(rm_localization) by extensions ['ros']
[0.254s] Level 1:colcon.colcon_core.package_identification:_identify(rm_localization) by extension 'ros'
[0.254s] Level 1:colcon.colcon_core.package_identification:_identify(rm_localization) by extensions ['cmake', 'python']
[0.254s] Level 1:colcon.colcon_core.package_identification:_identify(rm_localization) by extension 'cmake'
[0.255s] Level 1:colcon.colcon_core.package_identification:_identify(rm_localization) by extension 'python'
[0.255s] Level 1:colcon.colcon_core.package_identification:_identify(rm_localization) by extensions ['python_setup_py']
[0.255s] Level 1:colcon.colcon_core.package_identification:_identify(rm_localization) by extension 'python_setup_py'
[0.255s] Level 1:colcon.colcon_core.package_identification:_identify(rm_mapping) by extensions ['ignore', 'ignore_ament_install']
[0.255s] Level 1:colcon.colcon_core.package_identification:_identify(rm_mapping) by extension 'ignore'
[0.255s] Level 1:colcon.colcon_core.package_identification:_identify(rm_mapping) by extension 'ignore_ament_install'
[0.255s] Level 1:colcon.colcon_core.package_identification:_identify(rm_mapping) by extensions ['colcon_pkg']
[0.255s] Level 1:colcon.colcon_core.package_identification:_identify(rm_mapping) by extension 'colcon_pkg'
[0.255s] Level 1:colcon.colcon_core.package_identification:_identify(rm_mapping) by extensions ['colcon_meta']
[0.255s] Level 1:colcon.colcon_core.package_identification:_identify(rm_mapping) by extension 'colcon_meta'
[0.255s] Level 1:colcon.colcon_core.package_identification:_identify(rm_mapping) by extensions ['ros']
[0.255s] Level 1:colcon.colcon_core.package_identification:_identify(rm_mapping) by extension 'ros'
[0.255s] Level 1:colcon.colcon_core.package_identification:_identify(rm_mapping) by extensions ['cmake', 'python']
[0.255s] Level 1:colcon.colcon_core.package_identification:_identify(rm_mapping) by extension 'cmake'
[0.255s] Level 1:colcon.colcon_core.package_identification:_identify(rm_mapping) by extension 'python'
[0.255s] Level 1:colcon.colcon_core.package_identification:_identify(rm_mapping) by extensions ['python_setup_py']
[0.255s] Level 1:colcon.colcon_core.package_identification:_identify(rm_mapping) by extension 'python_setup_py'
[0.255s] Level 1:colcon.colcon_core.package_identification:_identify(rm_nav2_bringup) by extensions ['ignore', 'ignore_ament_install']
[0.255s] Level 1:colcon.colcon_core.package_identification:_identify(rm_nav2_bringup) by extension 'ignore'
[0.255s] Level 1:colcon.colcon_core.package_identification:_identify(rm_nav2_bringup) by extension 'ignore_ament_install'
[0.255s] Level 1:colcon.colcon_core.package_identification:_identify(rm_nav2_bringup) by extensions ['colcon_pkg']
[0.255s] Level 1:colcon.colcon_core.package_identification:_identify(rm_nav2_bringup) by extension 'colcon_pkg'
[0.255s] Level 1:colcon.colcon_core.package_identification:_identify(rm_nav2_bringup) by extensions ['colcon_meta']
[0.255s] Level 1:colcon.colcon_core.package_identification:_identify(rm_nav2_bringup) by extension 'colcon_meta'
[0.255s] Level 1:colcon.colcon_core.package_identification:_identify(rm_nav2_bringup) by extensions ['ros']
[0.255s] Level 1:colcon.colcon_core.package_identification:_identify(rm_nav2_bringup) by extension 'ros'
[0.255s] Level 1:colcon.colcon_core.package_identification:_identify(rm_nav2_bringup) by extensions ['cmake', 'python']
[0.255s] Level 1:colcon.colcon_core.package_identification:_identify(rm_nav2_bringup) by extension 'cmake'
[0.255s] Level 1:colcon.colcon_core.package_identification:_identify(rm_nav2_bringup) by extension 'python'
[0.255s] Level 1:colcon.colcon_core.package_identification:_identify(rm_nav2_bringup) by extensions ['python_setup_py']
[0.255s] Level 1:colcon.colcon_core.package_identification:_identify(rm_nav2_bringup) by extension 'python_setup_py'
[0.255s] Level 1:colcon.colcon_core.package_identification:_identify(rm_nav2_bringup/__pycache__) by extensions ['ignore', 'ignore_ament_install']
[0.256s] Level 1:colcon.colcon_core.package_identification:_identify(rm_nav2_bringup/__pycache__) by extension 'ignore'
[0.256s] Level 1:colcon.colcon_core.package_identification:_identify(rm_nav2_bringup/__pycache__) by extension 'ignore_ament_install'
[0.256s] Level 1:colcon.colcon_core.package_identification:_identify(rm_nav2_bringup/__pycache__) by extensions ['colcon_pkg']
[0.256s] Level 1:colcon.colcon_core.package_identification:_identify(rm_nav2_bringup/__pycache__) by extension 'colcon_pkg'
[0.256s] Level 1:colcon.colcon_core.package_identification:_identify(rm_nav2_bringup/__pycache__) by extensions ['colcon_meta']
[0.256s] Level 1:colcon.colcon_core.package_identification:_identify(rm_nav2_bringup/__pycache__) by extension 'colcon_meta'
[0.256s] Level 1:colcon.colcon_core.package_identification:_identify(rm_nav2_bringup/__pycache__) by extensions ['ros']
[0.256s] Level 1:colcon.colcon_core.package_identification:_identify(rm_nav2_bringup/__pycache__) by extension 'ros'
[0.256s] Level 1:colcon.colcon_core.package_identification:_identify(rm_nav2_bringup/__pycache__) by extensions ['cmake', 'python']
[0.256s] Level 1:colcon.colcon_core.package_identification:_identify(rm_nav2_bringup/__pycache__) by extension 'cmake'
[0.256s] Level 1:colcon.colcon_core.package_identification:_identify(rm_nav2_bringup/__pycache__) by extension 'python'
[0.256s] Level 1:colcon.colcon_core.package_identification:_identify(rm_nav2_bringup/__pycache__) by extensions ['python_setup_py']
[0.256s] Level 1:colcon.colcon_core.package_identification:_identify(rm_nav2_bringup/__pycache__) by extension 'python_setup_py'
[0.256s] Level 1:colcon.colcon_core.package_identification:_identify(rm_navigation) by extensions ['ignore', 'ignore_ament_install']
[0.256s] Level 1:colcon.colcon_core.package_identification:_identify(rm_navigation) by extension 'ignore'
[0.256s] Level 1:colcon.colcon_core.package_identification:_identify(rm_navigation) by extension 'ignore_ament_install'
[0.256s] Level 1:colcon.colcon_core.package_identification:_identify(rm_navigation) by extensions ['colcon_pkg']
[0.256s] Level 1:colcon.colcon_core.package_identification:_identify(rm_navigation) by extension 'colcon_pkg'
[0.256s] Level 1:colcon.colcon_core.package_identification:_identify(rm_navigation) by extensions ['colcon_meta']
[0.256s] Level 1:colcon.colcon_core.package_identification:_identify(rm_navigation) by extension 'colcon_meta'
[0.256s] Level 1:colcon.colcon_core.package_identification:_identify(rm_navigation) by extensions ['ros']
[0.256s] Level 1:colcon.colcon_core.package_identification:_identify(rm_navigation) by extension 'ros'
[0.256s] Level 1:colcon.colcon_core.package_identification:_identify(rm_navigation) by extensions ['cmake', 'python']
[0.256s] Level 1:colcon.colcon_core.package_identification:_identify(rm_navigation) by extension 'cmake'
[0.256s] Level 1:colcon.colcon_core.package_identification:_identify(rm_navigation) by extension 'python'
[0.256s] Level 1:colcon.colcon_core.package_identification:_identify(rm_navigation) by extensions ['python_setup_py']
[0.256s] Level 1:colcon.colcon_core.package_identification:_identify(rm_navigation) by extension 'python_setup_py'
[0.256s] Level 1:colcon.colcon_core.package_identification:_identify(rm_robot_description) by extensions ['ignore', 'ignore_ament_install']
[0.256s] Level 1:colcon.colcon_core.package_identification:_identify(rm_robot_description) by extension 'ignore'
[0.256s] Level 1:colcon.colcon_core.package_identification:_identify(rm_robot_description) by extension 'ignore_ament_install'
[0.256s] Level 1:colcon.colcon_core.package_identification:_identify(rm_robot_description) by extensions ['colcon_pkg']
[0.256s] Level 1:colcon.colcon_core.package_identification:_identify(rm_robot_description) by extension 'colcon_pkg'
[0.256s] Level 1:colcon.colcon_core.package_identification:_identify(rm_robot_description) by extensions ['colcon_meta']
[0.256s] Level 1:colcon.colcon_core.package_identification:_identify(rm_robot_description) by extension 'colcon_meta'
[0.256s] Level 1:colcon.colcon_core.package_identification:_identify(rm_robot_description) by extensions ['ros']
[0.256s] Level 1:colcon.colcon_core.package_identification:_identify(rm_robot_description) by extension 'ros'
[0.258s] DEBUG:colcon.colcon_core.package_identification:Package 'rm_robot_description' with type 'ros.ament_cmake' and name 'rm_robot_description'
[0.258s] Level 1:colcon.colcon_core.package_identification:_identify(rm_simulation) by extensions ['ignore', 'ignore_ament_install']
[0.258s] Level 1:colcon.colcon_core.package_identification:_identify(rm_simulation) by extension 'ignore'
[0.258s] Level 1:colcon.colcon_core.package_identification:_identify(rm_simulation) by extension 'ignore_ament_install'
[0.258s] Level 1:colcon.colcon_core.package_identification:_identify(rm_simulation) by extensions ['colcon_pkg']
[0.258s] Level 1:colcon.colcon_core.package_identification:_identify(rm_simulation) by extension 'colcon_pkg'
[0.259s] Level 1:colcon.colcon_core.package_identification:_identify(rm_simulation) by extensions ['colcon_meta']
[0.259s] Level 1:colcon.colcon_core.package_identification:_identify(rm_simulation) by extension 'colcon_meta'
[0.259s] Level 1:colcon.colcon_core.package_identification:_identify(rm_simulation) by extensions ['ros']
[0.259s] Level 1:colcon.colcon_core.package_identification:_identify(rm_simulation) by extension 'ros'
[0.259s] Level 1:colcon.colcon_core.package_identification:_identify(rm_simulation) by extensions ['cmake', 'python']
[0.259s] Level 1:colcon.colcon_core.package_identification:_identify(rm_simulation) by extension 'cmake'
[0.259s] Level 1:colcon.colcon_core.package_identification:_identify(rm_simulation) by extension 'python'
[0.259s] Level 1:colcon.colcon_core.package_identification:_identify(rm_simulation) by extensions ['python_setup_py']
[0.259s] Level 1:colcon.colcon_core.package_identification:_identify(rm_simulation) by extension 'python_setup_py'
[0.259s] Level 1:colcon.colcon_core.package_discovery:discover_packages(recursive) using defaults
[0.259s] Level 1:colcon.colcon_core.package_discovery:discover_packages(ignore) discover
[0.259s] Level 1:colcon.colcon_core.package_discovery:discover_packages(ignore) using defaults
[0.259s] Level 1:colcon.colcon_core.package_discovery:discover_packages(path) discover
[0.259s] Level 1:colcon.colcon_core.package_discovery:discover_packages(path) using defaults
[0.270s] Level 1:colcon.colcon_core.package_discovery:discover_packages(prefix_path) check parameters
[0.270s] Level 1:colcon.colcon_core.package_discovery:discover_packages(prefix_path) discover
[0.271s] WARNING:colcon.colcon_ros.prefix_path.ament:The path '/home/aurora/RM25/install/ros2_livox_simulation' in the environment variable AMENT_PREFIX_PATH doesn't exist
[0.271s] WARNING:colcon.colcon_ros.prefix_path.ament:The path '/home/aurora/RM25/src/install/rm_robot_description' in the environment variable AMENT_PREFIX_PATH doesn't exist
[0.271s] WARNING:colcon.colcon_ros.prefix_path.ament:The path '/home/aurora/RM25/src/install/livox_ros_driver2' in the environment variable AMENT_PREFIX_PATH doesn't exist
[0.271s] WARNING:colcon.colcon_ros.prefix_path.catkin:The path '/home/aurora/RM25/install/ros2_livox_simulation' in the environment variable CMAKE_PREFIX_PATH doesn't exist
[0.271s] WARNING:colcon.colcon_ros.prefix_path.catkin:The path '/home/aurora/RM25/src/install/rm_robot_description' in the environment variable CMAKE_PREFIX_PATH doesn't exist
[0.271s] WARNING:colcon.colcon_ros.prefix_path.catkin:The path '/home/aurora/RM25/src/install/livox_ros_driver2' in the environment variable CMAKE_PREFIX_PATH doesn't exist
[0.272s] DEBUG:colcon.colcon_installed_package_information.package_discovery:Found 10 installed packages in /home/aurora/pb_rm_simulation/install
[0.272s] DEBUG:colcon.colcon_installed_package_information.package_discovery:Found 3 installed packages in /home/aurora/RM25/install
[0.272s] DEBUG:colcon.colcon_installed_package_information.package_discovery:Found 0 installed packages in /home/aurora/RM25/src/install
[0.273s] DEBUG:colcon.colcon_installed_package_information.package_discovery:Found 0 installed packages in /home/aurora/RM25/src/rm_robot_description/launch/install
[0.273s] DEBUG:colcon.colcon_installed_package_information.package_discovery:Found 3 installed packages in /home/aurora/ws_helloworld/install
[0.273s] DEBUG:colcon.colcon_installed_package_information.package_discovery:Found 327 installed packages in /opt/ros/humble
[0.285s] Level 1:colcon.colcon_core.package_discovery:discover_packages(prefix_path) using defaults
[0.310s] WARNING:colcon.colcon_core.package_selection:Some selected packages are already built in one or more underlay workspaces:
	'livox_ros_driver2' is in: /home/aurora/RM25/install/livox_ros_driver2
If a package in a merged underlay workspace is overridden and it installs headers, then all packages in the overlay must sort their include directories by workspace order. Failure to do so may result in build failures or undefined behavior at run time.
If the overridden package is used by another package in any underlay, then the overriding package in the overlay must be API and ABI compatible or undefined behavior at run time may occur.

If you understand the risks and want to override a package anyways, add the following to the command line:
	--allow-overriding livox_ros_driver2

This may be promoted to an error in a future release of colcon-override-check.
[0.311s] Level 5:colcon.colcon_core.verb:set package 'livox_ros_driver2' build argument 'cmake_args' from command line to '['-DROS_EDITION=ROS2', '-DHUMBLE_ROS=humble']'
[0.311s] Level 5:colcon.colcon_core.verb:set package 'livox_ros_driver2' build argument 'cmake_target' from command line to 'None'
[0.311s] Level 5:colcon.colcon_core.verb:set package 'livox_ros_driver2' build argument 'cmake_target_skip_unavailable' from command line to 'False'
[0.311s] Level 5:colcon.colcon_core.verb:set package 'livox_ros_driver2' build argument 'cmake_clean_cache' from command line to 'False'
[0.311s] Level 5:colcon.colcon_core.verb:set package 'livox_ros_driver2' build argument 'cmake_clean_first' from command line to 'False'
[0.311s] Level 5:colcon.colcon_core.verb:set package 'livox_ros_driver2' build argument 'cmake_force_configure' from command line to 'False'
[0.311s] Level 5:colcon.colcon_core.verb:set package 'livox_ros_driver2' build argument 'ament_cmake_args' from command line to 'None'
[0.311s] Level 5:colcon.colcon_core.verb:set package 'livox_ros_driver2' build argument 'catkin_cmake_args' from command line to 'None'
[0.311s] Level 5:colcon.colcon_core.verb:set package 'livox_ros_driver2' build argument 'catkin_skip_building_tests' from command line to 'False'
[0.311s] DEBUG:colcon.colcon_core.verb:Building package 'livox_ros_driver2' with the following arguments: {'ament_cmake_args': None, 'build_base': '/home/aurora/RM25/src/build/livox_ros_driver2', 'catkin_cmake_args': None, 'catkin_skip_building_tests': False, 'cmake_args': ['-DROS_EDITION=ROS2', '-DHUMBLE_ROS=humble'], 'cmake_clean_cache': False, 'cmake_clean_first': False, 'cmake_force_configure': False, 'cmake_target': None, 'cmake_target_skip_unavailable': False, 'install_base': '/home/aurora/RM25/src/install/livox_ros_driver2', 'merge_install': False, 'path': '/home/aurora/RM25/src/rm_driver/livox_ros_driver2', 'symlink_install': False, 'test_result_base': None}
[0.311s] Level 5:colcon.colcon_core.verb:set package 'livox_sdk2' build argument 'cmake_args' from command line to '['-DROS_EDITION=ROS2', '-DHUMBLE_ROS=humble']'
[0.311s] Level 5:colcon.colcon_core.verb:set package 'livox_sdk2' build argument 'cmake_target' from command line to 'None'
[0.311s] Level 5:colcon.colcon_core.verb:set package 'livox_sdk2' build argument 'cmake_target_skip_unavailable' from command line to 'False'
[0.311s] Level 5:colcon.colcon_core.verb:set package 'livox_sdk2' build argument 'cmake_clean_cache' from command line to 'False'
[0.311s] Level 5:colcon.colcon_core.verb:set package 'livox_sdk2' build argument 'cmake_clean_first' from command line to 'False'
[0.311s] Level 5:colcon.colcon_core.verb:set package 'livox_sdk2' build argument 'cmake_force_configure' from command line to 'False'
[0.311s] Level 5:colcon.colcon_core.verb:set package 'livox_sdk2' build argument 'ament_cmake_args' from command line to 'None'
[0.311s] Level 5:colcon.colcon_core.verb:set package 'livox_sdk2' build argument 'catkin_cmake_args' from command line to 'None'
[0.311s] Level 5:colcon.colcon_core.verb:set package 'livox_sdk2' build argument 'catkin_skip_building_tests' from command line to 'False'
[0.312s] DEBUG:colcon.colcon_core.verb:Building package 'livox_sdk2' with the following arguments: {'ament_cmake_args': None, 'build_base': '/home/aurora/RM25/src/build/livox_sdk2', 'catkin_cmake_args': None, 'catkin_skip_building_tests': False, 'cmake_args': ['-DROS_EDITION=ROS2', '-DHUMBLE_ROS=humble'], 'cmake_clean_cache': False, 'cmake_clean_first': False, 'cmake_force_configure': False, 'cmake_target': None, 'cmake_target_skip_unavailable': False, 'install_base': '/home/aurora/RM25/src/install/livox_sdk2', 'merge_install': False, 'path': '/home/aurora/RM25/src/rm_driver/Livox-SDK2', 'symlink_install': False, 'test_result_base': None}
[0.312s] Level 5:colcon.colcon_core.verb:set package 'rm_robot_description' build argument 'cmake_args' from command line to '['-DROS_EDITION=ROS2', '-DHUMBLE_ROS=humble']'
[0.312s] Level 5:colcon.colcon_core.verb:set package 'rm_robot_description' build argument 'cmake_target' from command line to 'None'
[0.312s] Level 5:colcon.colcon_core.verb:set package 'rm_robot_description' build argument 'cmake_target_skip_unavailable' from command line to 'False'
[0.312s] Level 5:colcon.colcon_core.verb:set package 'rm_robot_description' build argument 'cmake_clean_cache' from command line to 'False'
[0.312s] Level 5:colcon.colcon_core.verb:set package 'rm_robot_description' build argument 'cmake_clean_first' from command line to 'False'
[0.312s] Level 5:colcon.colcon_core.verb:set package 'rm_robot_description' build argument 'cmake_force_configure' from command line to 'False'
[0.312s] Level 5:colcon.colcon_core.verb:set package 'rm_robot_description' build argument 'ament_cmake_args' from command line to 'None'
[0.312s] Level 5:colcon.colcon_core.verb:set package 'rm_robot_description' build argument 'catkin_cmake_args' from command line to 'None'
[0.312s] Level 5:colcon.colcon_core.verb:set package 'rm_robot_description' build argument 'catkin_skip_building_tests' from command line to 'False'
[0.312s] DEBUG:colcon.colcon_core.verb:Building package 'rm_robot_description' with the following arguments: {'ament_cmake_args': None, 'build_base': '/home/aurora/RM25/src/build/rm_robot_description', 'catkin_cmake_args': None, 'catkin_skip_building_tests': False, 'cmake_args': ['-DROS_EDITION=ROS2', '-DHUMBLE_ROS=humble'], 'cmake_clean_cache': False, 'cmake_clean_first': False, 'cmake_force_configure': False, 'cmake_target': None, 'cmake_target_skip_unavailable': False, 'install_base': '/home/aurora/RM25/src/install/rm_robot_description', 'merge_install': False, 'path': '/home/aurora/RM25/src/rm_robot_description', 'symlink_install': False, 'test_result_base': None}
[0.312s] INFO:colcon.colcon_core.executor:Executing jobs using 'parallel' executor
[0.313s] DEBUG:colcon.colcon_parallel_executor.executor.parallel:run_until_complete
[0.313s] INFO:colcon.colcon_cmake.task.cmake.build:Building CMake package in '/home/aurora/RM25/src/rm_driver/livox_ros_driver2'
[0.315s] INFO:colcon.colcon_core.plugin_system:Skipping extension 'colcon_core.shell.bat': Not used on non-Windows systems
[0.316s] INFO:colcon.colcon_core.shell:Skip shell extension 'powershell' for command environment: Not usable outside of PowerShell
[0.316s] DEBUG:colcon.colcon_core.shell:Skip shell extension 'dsv' for command environment
[0.319s] INFO:colcon.colcon_cmake.task.cmake.build:Building CMake package in '/home/aurora/RM25/src/rm_driver/Livox-SDK2'
[0.319s] INFO:colcon.colcon_core.shell:Skip shell extension 'powershell' for command environment: Not usable outside of PowerShell
[0.319s] DEBUG:colcon.colcon_core.shell:Skip shell extension 'dsv' for command environment
[0.322s] INFO:colcon.colcon_ros.task.ament_cmake.build:Building ROS package in '/home/aurora/RM25/src/rm_robot_description' with build type 'ament_cmake'
[0.322s] INFO:colcon.colcon_cmake.task.cmake.build:Building CMake package in '/home/aurora/RM25/src/rm_robot_description'
[0.322s] INFO:colcon.colcon_core.shell:Skip shell extension 'powershell' for command environment: Not usable outside of PowerShell
[0.322s] DEBUG:colcon.colcon_core.shell:Skip shell extension 'dsv' for command environment
[0.328s] DEBUG:colcon.colcon_core.event_handler.log_command:Invoking command in '/home/aurora/RM25/src/build/livox_ros_driver2': /usr/bin/cmake /home/aurora/RM25/src/rm_driver/livox_ros_driver2 -DROS_EDITION=ROS2 -DHUMBLE_ROS=humble -DCMAKE_INSTALL_PREFIX=/home/aurora/RM25/src/install/livox_ros_driver2
[0.330s] DEBUG:colcon.colcon_core.event_handler.log_command:Invoking command in '/home/aurora/RM25/src/build/livox_sdk2': /usr/bin/cmake /home/aurora/RM25/src/rm_driver/Livox-SDK2 -DROS_EDITION=ROS2 -DHUMBLE_ROS=humble -DCMAKE_INSTALL_PREFIX=/home/aurora/RM25/src/install/livox_sdk2
[0.334s] DEBUG:colcon.colcon_core.event_handler.log_command:Invoking command in '/home/aurora/RM25/src/build/rm_robot_description': CMAKE_PREFIX_PATH=${CMAKE_PREFIX_PATH}:/home/aurora/ws_helloworld/install/pkg02_helloworld_py:/opt/ros/humble /usr/bin/cmake /home/aurora/RM25/src/rm_robot_description -DROS_EDITION=ROS2 -DHUMBLE_ROS=humble -DCMAKE_INSTALL_PREFIX=/home/aurora/RM25/src/install/rm_robot_description
[1.787s] DEBUG:colcon.colcon_core.event_handler.log_command:Invoked command in '/home/aurora/RM25/src/build/livox_sdk2' returned '0': /usr/bin/cmake /home/aurora/RM25/src/rm_driver/Livox-SDK2 -DROS_EDITION=ROS2 -DHUMBLE_ROS=humble -DCMAKE_INSTALL_PREFIX=/home/aurora/RM25/src/install/livox_sdk2
[1.787s] DEBUG:colcon.colcon_core.event_handler.log_command:Invoking command in '/home/aurora/RM25/src/build/livox_sdk2': /usr/bin/cmake --build /home/aurora/RM25/src/build/livox_sdk2 -- -j20 -l20
[2.623s] DEBUG:colcon.colcon_core.event_handler.log_command:Invoked command in '/home/aurora/RM25/src/build/rm_robot_description' returned '0': CMAKE_PREFIX_PATH=${CMAKE_PREFIX_PATH}:/home/aurora/ws_helloworld/install/pkg02_helloworld_py:/opt/ros/humble /usr/bin/cmake /home/aurora/RM25/src/rm_robot_description -DROS_EDITION=ROS2 -DHUMBLE_ROS=humble -DCMAKE_INSTALL_PREFIX=/home/aurora/RM25/src/install/rm_robot_description
[2.625s] DEBUG:colcon.colcon_core.event_handler.log_command:Invoking command in '/home/aurora/RM25/src/build/rm_robot_description': CMAKE_PREFIX_PATH=${CMAKE_PREFIX_PATH}:/home/aurora/ws_helloworld/install/pkg02_helloworld_py:/opt/ros/humble /usr/bin/cmake --build /home/aurora/RM25/src/build/rm_robot_description -- -j20 -l20
[2.670s] DEBUG:colcon.colcon_core.event_handler.log_command:Invoked command in '/home/aurora/RM25/src/build/rm_robot_description' returned '0': CMAKE_PREFIX_PATH=${CMAKE_PREFIX_PATH}:/home/aurora/ws_helloworld/install/pkg02_helloworld_py:/opt/ros/humble /usr/bin/cmake --build /home/aurora/RM25/src/build/rm_robot_description -- -j20 -l20
[2.778s] DEBUG:colcon.colcon_core.event_handler.log_command:Invoking command in '/home/aurora/RM25/src/build/rm_robot_description': CMAKE_PREFIX_PATH=${CMAKE_PREFIX_PATH}:/home/aurora/ws_helloworld/install/pkg02_helloworld_py:/opt/ros/humble /usr/bin/cmake --install /home/aurora/RM25/src/build/rm_robot_description
[2.902s] Level 1:colcon.colcon_core.environment:create_environment_scripts_only(rm_robot_description)
[2.904s] Level 1:colcon.colcon_core.environment:checking '/home/aurora/RM25/src/install/rm_robot_description' for CMake module files
[2.904s] Level 1:colcon.colcon_core.environment:checking '/home/aurora/RM25/src/install/rm_robot_description' for CMake config files
[2.904s] Level 1:colcon.colcon_core.shell:create_environment_hook('rm_robot_description', 'cmake_prefix_path')
[2.905s] INFO:colcon.colcon_core.shell:Creating environment hook '/home/aurora/RM25/src/install/rm_robot_description/share/rm_robot_description/hook/cmake_prefix_path.ps1'
[2.906s] INFO:colcon.colcon_core.shell:Creating environment descriptor '/home/aurora/RM25/src/install/rm_robot_description/share/rm_robot_description/hook/cmake_prefix_path.dsv'
[2.906s] INFO:colcon.colcon_core.shell:Creating environment hook '/home/aurora/RM25/src/install/rm_robot_description/share/rm_robot_description/hook/cmake_prefix_path.sh'
[2.907s] Level 1:colcon.colcon_core.environment:checking '/home/aurora/RM25/src/install/rm_robot_description/bin'
[2.907s] Level 1:colcon.colcon_core.environment:checking '/home/aurora/RM25/src/install/rm_robot_description/lib/pkgconfig/rm_robot_description.pc'
[2.907s] Level 1:colcon.colcon_core.environment:checking '/home/aurora/RM25/src/install/rm_robot_description/lib/python3.10/site-packages'
[2.908s] Level 1:colcon.colcon_core.environment:checking '/home/aurora/RM25/src/install/rm_robot_description/bin'
[2.908s] INFO:colcon.colcon_core.shell:Creating package script '/home/aurora/RM25/src/install/rm_robot_description/share/rm_robot_description/package.ps1'
[2.909s] INFO:colcon.colcon_core.shell:Creating package descriptor '/home/aurora/RM25/src/install/rm_robot_description/share/rm_robot_description/package.dsv'
[2.909s] INFO:colcon.colcon_core.shell:Creating package script '/home/aurora/RM25/src/install/rm_robot_description/share/rm_robot_description/package.sh'
[2.910s] INFO:colcon.colcon_core.shell:Creating package script '/home/aurora/RM25/src/install/rm_robot_description/share/rm_robot_description/package.bash'
[2.911s] INFO:colcon.colcon_core.shell:Creating package script '/home/aurora/RM25/src/install/rm_robot_description/share/rm_robot_description/package.zsh'
[2.912s] Level 1:colcon.colcon_core.environment:create_file_with_runtime_dependencies(/home/aurora/RM25/src/install/rm_robot_description/share/colcon-core/packages/rm_robot_description)
[2.918s] DEBUG:colcon.colcon_core.event_handler.log_command:Invoked command in '/home/aurora/RM25/src/build/rm_robot_description' returned '0': CMAKE_PREFIX_PATH=${CMAKE_PREFIX_PATH}:/home/aurora/ws_helloworld/install/pkg02_helloworld_py:/opt/ros/humble /usr/bin/cmake --install /home/aurora/RM25/src/build/rm_robot_description
[3.046s] Level 1:colcon.colcon_core.environment:create_environment_scripts_only(rm_robot_description)
[3.047s] Level 1:colcon.colcon_core.environment:checking '/home/aurora/RM25/src/install/rm_robot_description' for CMake module files
[3.047s] Level 1:colcon.colcon_core.environment:checking '/home/aurora/RM25/src/install/rm_robot_description' for CMake config files
[3.048s] Level 1:colcon.colcon_core.shell:create_environment_hook('rm_robot_description', 'cmake_prefix_path')
[3.048s] INFO:colcon.colcon_core.shell:Creating environment hook '/home/aurora/RM25/src/install/rm_robot_description/share/rm_robot_description/hook/cmake_prefix_path.ps1'
[3.049s] INFO:colcon.colcon_core.shell:Creating environment descriptor '/home/aurora/RM25/src/install/rm_robot_description/share/rm_robot_description/hook/cmake_prefix_path.dsv'
[3.049s] INFO:colcon.colcon_core.shell:Creating environment hook '/home/aurora/RM25/src/install/rm_robot_description/share/rm_robot_description/hook/cmake_prefix_path.sh'
[3.050s] Level 1:colcon.colcon_core.environment:checking '/home/aurora/RM25/src/install/rm_robot_description/bin'
[3.050s] Level 1:colcon.colcon_core.environment:checking '/home/aurora/RM25/src/install/rm_robot_description/lib/pkgconfig/rm_robot_description.pc'
[3.051s] Level 1:colcon.colcon_core.environment:checking '/home/aurora/RM25/src/install/rm_robot_description/lib/python3.10/site-packages'
[3.051s] Level 1:colcon.colcon_core.environment:checking '/home/aurora/RM25/src/install/rm_robot_description/bin'
[3.051s] INFO:colcon.colcon_core.shell:Creating package script '/home/aurora/RM25/src/install/rm_robot_description/share/rm_robot_description/package.ps1'
[3.052s] INFO:colcon.colcon_core.shell:Creating package descriptor '/home/aurora/RM25/src/install/rm_robot_description/share/rm_robot_description/package.dsv'
[3.053s] INFO:colcon.colcon_core.shell:Creating package script '/home/aurora/RM25/src/install/rm_robot_description/share/rm_robot_description/package.sh'
[3.054s] INFO:colcon.colcon_core.shell:Creating package script '/home/aurora/RM25/src/install/rm_robot_description/share/rm_robot_description/package.bash'
[3.054s] INFO:colcon.colcon_core.shell:Creating package script '/home/aurora/RM25/src/install/rm_robot_description/share/rm_robot_description/package.zsh'
[3.055s] Level 1:colcon.colcon_core.environment:create_file_with_runtime_dependencies(/home/aurora/RM25/src/install/rm_robot_description/share/colcon-core/packages/rm_robot_description)
[11.183s] DEBUG:colcon.colcon_core.event_handler.log_command:Invoked command in '/home/aurora/RM25/src/build/livox_sdk2' returned '0': /usr/bin/cmake --build /home/aurora/RM25/src/build/livox_sdk2 -- -j20 -l20
[11.198s] DEBUG:colcon.colcon_core.event_handler.log_command:Invoking command in '/home/aurora/RM25/src/build/livox_sdk2': /usr/bin/cmake --install /home/aurora/RM25/src/build/livox_sdk2
[11.220s] Level 1:colcon.colcon_core.environment:create_environment_scripts_only(livox_sdk2)
[11.220s] Level 1:colcon.colcon_core.environment:checking '/home/aurora/RM25/src/install/livox_sdk2' for CMake module files
[11.221s] DEBUG:colcon.colcon_core.event_handler.log_command:Invoked command in '/home/aurora/RM25/src/build/livox_sdk2' returned '0': /usr/bin/cmake --install /home/aurora/RM25/src/build/livox_sdk2
[11.221s] Level 1:colcon.colcon_core.environment:checking '/home/aurora/RM25/src/install/livox_sdk2' for CMake config files
[11.221s] Level 1:colcon.colcon_core.environment:checking '/home/aurora/RM25/src/install/livox_sdk2/lib'
[11.221s] Level 1:colcon.colcon_core.shell:create_environment_hook('livox_sdk2', 'ld_library_path_lib')
[11.221s] INFO:colcon.colcon_core.shell:Creating environment hook '/home/aurora/RM25/src/install/livox_sdk2/share/livox_sdk2/hook/ld_library_path_lib.ps1'
[11.222s] INFO:colcon.colcon_core.shell:Creating environment descriptor '/home/aurora/RM25/src/install/livox_sdk2/share/livox_sdk2/hook/ld_library_path_lib.dsv'
[11.222s] INFO:colcon.colcon_core.shell:Creating environment hook '/home/aurora/RM25/src/install/livox_sdk2/share/livox_sdk2/hook/ld_library_path_lib.sh'
[11.222s] Level 1:colcon.colcon_core.environment:checking '/home/aurora/RM25/src/install/livox_sdk2/bin'
[11.222s] Level 1:colcon.colcon_core.environment:checking '/home/aurora/RM25/src/install/livox_sdk2/lib/pkgconfig/livox_sdk2.pc'
[11.223s] Level 1:colcon.colcon_core.environment:checking '/home/aurora/RM25/src/install/livox_sdk2/lib/python3.10/site-packages'
[11.223s] Level 1:colcon.colcon_core.environment:checking '/home/aurora/RM25/src/install/livox_sdk2/bin'
[11.223s] INFO:colcon.colcon_core.shell:Creating package script '/home/aurora/RM25/src/install/livox_sdk2/share/livox_sdk2/package.ps1'
[11.223s] INFO:colcon.colcon_core.shell:Creating package descriptor '/home/aurora/RM25/src/install/livox_sdk2/share/livox_sdk2/package.dsv'
[11.223s] INFO:colcon.colcon_core.shell:Creating package script '/home/aurora/RM25/src/install/livox_sdk2/share/livox_sdk2/package.sh'
[11.224s] INFO:colcon.colcon_core.shell:Creating package script '/home/aurora/RM25/src/install/livox_sdk2/share/livox_sdk2/package.bash'
[11.224s] INFO:colcon.colcon_core.shell:Creating package script '/home/aurora/RM25/src/install/livox_sdk2/share/livox_sdk2/package.zsh'
[11.224s] Level 1:colcon.colcon_core.environment:create_file_with_runtime_dependencies(/home/aurora/RM25/src/install/livox_sdk2/share/colcon-core/packages/livox_sdk2)
[32.604s] DEBUG:colcon.colcon_core.event_handler.log_command:Invoked command in '/home/aurora/RM25/src/build/livox_ros_driver2' returned '1': /usr/bin/cmake /home/aurora/RM25/src/rm_driver/livox_ros_driver2 -DROS_EDITION=ROS2 -DHUMBLE_ROS=humble -DCMAKE_INSTALL_PREFIX=/home/aurora/RM25/src/install/livox_ros_driver2
[32.614s] DEBUG:colcon.colcon_parallel_executor.executor.parallel:closing loop
[32.614s] DEBUG:colcon.colcon_parallel_executor.executor.parallel:loop closed
[32.615s] DEBUG:colcon.colcon_parallel_executor.executor.parallel:run_until_complete finished with '1'
[32.615s] DEBUG:colcon.colcon_core.event_reactor:joining thread
[32.674s] INFO:colcon.colcon_core.plugin_system:Skipping extension 'colcon_notification.desktop_notification.notify_send': Could not find 'notify-send'
[32.674s] INFO:colcon.colcon_core.plugin_system:Skipping extension 'colcon_notification.desktop_notification.terminal_notifier': Not used on non-Darwin systems
[32.674s] INFO:colcon.colcon_core.plugin_system:Skipping extension 'colcon_notification.desktop_notification.win32': Not used on non-Windows systems
[32.674s] INFO:colcon.colcon_notification.desktop_notification:Sending desktop notification using 'notify2'
[32.675s] DEBUG:colcon.colcon_notification.desktop_notification.notify2:Failed to initialize notify2: org.freedesktop.DBus.Error.ServiceUnknown: The name org.freedesktop.Notifications was not provided by any .service files
[32.675s] DEBUG:colcon.colcon_core.event_reactor:joined thread
[32.675s] INFO:colcon.colcon_core.shell:Creating prefix script '/home/aurora/RM25/src/install/local_setup.ps1'
[32.676s] INFO:colcon.colcon_core.shell:Creating prefix util module '/home/aurora/RM25/src/install/_local_setup_util_ps1.py'
[32.676s] INFO:colcon.colcon_core.shell:Creating prefix chain script '/home/aurora/RM25/src/install/setup.ps1'
[32.677s] INFO:colcon.colcon_core.shell:Creating prefix script '/home/aurora/RM25/src/install/local_setup.sh'
[32.677s] INFO:colcon.colcon_core.shell:Creating prefix util module '/home/aurora/RM25/src/install/_local_setup_util_sh.py'
[32.678s] INFO:colcon.colcon_core.shell:Creating prefix chain script '/home/aurora/RM25/src/install/setup.sh'
[32.678s] INFO:colcon.colcon_core.shell:Creating prefix script '/home/aurora/RM25/src/install/local_setup.bash'
[32.679s] INFO:colcon.colcon_core.shell:Creating prefix chain script '/home/aurora/RM25/src/install/setup.bash'
[32.680s] INFO:colcon.colcon_core.shell:Creating prefix script '/home/aurora/RM25/src/install/local_setup.zsh'
[32.680s] INFO:colcon.colcon_core.shell:Creating prefix chain script '/home/aurora/RM25/src/install/setup.zsh'
