[35m[1mConsolidate compiler generated dependencies of target livox_interfaces__rosidl_generator_c[0m
[ 12%] Built target livox_interfaces__rosidl_generator_c
[ 12%] Built target livox_interfaces__cpp
[ 12%] Built target ament_cmake_python_copy_livox_interfaces
[35m[1mConsolidate compiler generated dependencies of target livox_interfaces__rosidl_typesupport_fastrtps_c[0m
[35m[1mConsolidate compiler generated dependencies of target livox_interfaces__rosidl_typesupport_c[0m
[35m[1mConsolidate compiler generated dependencies of target livox_interfaces__rosidl_typesupport_introspection_c[0m
[35m[1mConsolidate compiler generated dependencies of target livox_interfaces__rosidl_typesupport_introspection_cpp[0m
[35m[1mConsolidate compiler generated dependencies of target livox_interfaces__rosidl_typesupport_fastrtps_cpp[0m
[35m[1mConsolidate compiler generated dependencies of target livox_interfaces__rosidl_typesupport_cpp[0m
[ 23%] Built target livox_interfaces__rosidl_typesupport_c
[ 33%] Built target livox_interfaces__rosidl_typesupport_fastrtps_c
[ 43%] Built target livox_interfaces__rosidl_typesupport_introspection_c
[ 53%] Built target livox_interfaces__rosidl_typesupport_introspection_cpp
[ 64%] Built target livox_interfaces__rosidl_typesupport_fastrtps_cpp
[ 74%] Built target livox_interfaces__rosidl_typesupport_cpp
[ 74%] Built target livox_interfaces
[ 76%] Built target livox_interfaces__py
[35m[1mConsolidate compiler generated dependencies of target livox_interfaces__rosidl_generator_py[0m
[ 84%] Built target livox_interfaces__rosidl_generator_py
[35m[1mConsolidate compiler generated dependencies of target livox_interfaces__rosidl_typesupport_introspection_c__pyext[0m
[35m[1mConsolidate compiler generated dependencies of target livox_interfaces__rosidl_typesupport_c__pyext[0m
[35m[1mConsolidate compiler generated dependencies of target livox_interfaces__rosidl_typesupport_fastrtps_c__pyext[0m
[ 89%] Built target livox_interfaces__rosidl_typesupport_c__pyext
[ 94%] Built target livox_interfaces__rosidl_typesupport_introspection_c__pyext
[100%] Built target livox_interfaces__rosidl_typesupport_fastrtps_c__pyext
running egg_info
writing livox_interfaces.egg-info/PKG-INFO
writing dependency_links to livox_interfaces.egg-info/dependency_links.txt
writing top-level names to livox_interfaces.egg-info/top_level.txt
reading manifest file 'livox_interfaces.egg-info/SOURCES.txt'
writing manifest file 'livox_interfaces.egg-info/SOURCES.txt'
[100%] Built target ament_cmake_python_build_livox_interfaces_egg
-- Install configuration: ""
-- Installing: /home/aurora/RM25/install/livox_interfaces/share/ament_index/resource_index/rosidl_interfaces/livox_interfaces
-- Installing: /home/aurora/RM25/install/livox_interfaces/include/livox_interfaces/livox_interfaces
-- Installing: /home/aurora/RM25/install/livox_interfaces/include/livox_interfaces/livox_interfaces/msg
-- Installing: /home/aurora/RM25/install/livox_interfaces/include/livox_interfaces/livox_interfaces/msg/custom_point.h
-- Installing: /home/aurora/RM25/install/livox_interfaces/include/livox_interfaces/livox_interfaces/msg/rosidl_generator_c__visibility_control.h
-- Installing: /home/aurora/RM25/install/livox_interfaces/include/livox_interfaces/livox_interfaces/msg/detail
-- Installing: /home/aurora/RM25/install/livox_interfaces/include/livox_interfaces/livox_interfaces/msg/detail/custom_msg__type_support.h
-- Installing: /home/aurora/RM25/install/livox_interfaces/include/livox_interfaces/livox_interfaces/msg/detail/custom_msg__functions.h
-- Installing: /home/aurora/RM25/install/livox_interfaces/include/livox_interfaces/livox_interfaces/msg/detail/custom_point__functions.h
-- Installing: /home/aurora/RM25/install/livox_interfaces/include/livox_interfaces/livox_interfaces/msg/detail/custom_msg__struct.h
-- Installing: /home/aurora/RM25/install/livox_interfaces/include/livox_interfaces/livox_interfaces/msg/detail/custom_point__type_support.h
-- Installing: /home/aurora/RM25/install/livox_interfaces/include/livox_interfaces/livox_interfaces/msg/detail/custom_point__struct.h
-- Installing: /home/aurora/RM25/install/livox_interfaces/include/livox_interfaces/livox_interfaces/msg/detail/custom_point__functions.c
-- Installing: /home/aurora/RM25/install/livox_interfaces/include/livox_interfaces/livox_interfaces/msg/detail/custom_msg__functions.c
-- Installing: /home/aurora/RM25/install/livox_interfaces/include/livox_interfaces/livox_interfaces/msg/custom_msg.h
-- Installing: /home/aurora/RM25/install/livox_interfaces/share/livox_interfaces/environment/library_path.sh
-- Installing: /home/aurora/RM25/install/livox_interfaces/share/livox_interfaces/environment/library_path.dsv
-- Installing: /home/aurora/RM25/install/livox_interfaces/lib/liblivox_interfaces__rosidl_generator_c.so
-- Set runtime path of "/home/aurora/RM25/install/livox_interfaces/lib/liblivox_interfaces__rosidl_generator_c.so" to ""
-- Up-to-date: /home/aurora/RM25/install/livox_interfaces/include/livox_interfaces/livox_interfaces
-- Up-to-date: /home/aurora/RM25/install/livox_interfaces/include/livox_interfaces/livox_interfaces/msg
-- Installing: /home/aurora/RM25/install/livox_interfaces/include/livox_interfaces/livox_interfaces/msg/rosidl_typesupport_fastrtps_c__visibility_control.h
-- Up-to-date: /home/aurora/RM25/install/livox_interfaces/include/livox_interfaces/livox_interfaces/msg/detail
-- Installing: /home/aurora/RM25/install/livox_interfaces/include/livox_interfaces/livox_interfaces/msg/detail/custom_msg__rosidl_typesupport_fastrtps_c.h
-- Installing: /home/aurora/RM25/install/livox_interfaces/include/livox_interfaces/livox_interfaces/msg/detail/custom_point__rosidl_typesupport_fastrtps_c.h
-- Installing: /home/aurora/RM25/install/livox_interfaces/lib/liblivox_interfaces__rosidl_typesupport_fastrtps_c.so
-- Set runtime path of "/home/aurora/RM25/install/livox_interfaces/lib/liblivox_interfaces__rosidl_typesupport_fastrtps_c.so" to ""
-- Up-to-date: /home/aurora/RM25/install/livox_interfaces/include/livox_interfaces/livox_interfaces
-- Up-to-date: /home/aurora/RM25/install/livox_interfaces/include/livox_interfaces/livox_interfaces/msg
-- Installing: /home/aurora/RM25/install/livox_interfaces/include/livox_interfaces/livox_interfaces/msg/custom_point.hpp
-- Installing: /home/aurora/RM25/install/livox_interfaces/include/livox_interfaces/livox_interfaces/msg/custom_msg.hpp
-- Installing: /home/aurora/RM25/install/livox_interfaces/include/livox_interfaces/livox_interfaces/msg/rosidl_generator_cpp__visibility_control.hpp
-- Up-to-date: /home/aurora/RM25/install/livox_interfaces/include/livox_interfaces/livox_interfaces/msg/detail
-- Installing: /home/aurora/RM25/install/livox_interfaces/include/livox_interfaces/livox_interfaces/msg/detail/custom_msg__struct.hpp
-- Installing: /home/aurora/RM25/install/livox_interfaces/include/livox_interfaces/livox_interfaces/msg/detail/custom_msg__traits.hpp
-- Installing: /home/aurora/RM25/install/livox_interfaces/include/livox_interfaces/livox_interfaces/msg/detail/custom_point__builder.hpp
-- Installing: /home/aurora/RM25/install/livox_interfaces/include/livox_interfaces/livox_interfaces/msg/detail/custom_msg__type_support.hpp
-- Installing: /home/aurora/RM25/install/livox_interfaces/include/livox_interfaces/livox_interfaces/msg/detail/custom_point__struct.hpp
-- Installing: /home/aurora/RM25/install/livox_interfaces/include/livox_interfaces/livox_interfaces/msg/detail/custom_msg__builder.hpp
-- Installing: /home/aurora/RM25/install/livox_interfaces/include/livox_interfaces/livox_interfaces/msg/detail/custom_point__traits.hpp
-- Installing: /home/aurora/RM25/install/livox_interfaces/include/livox_interfaces/livox_interfaces/msg/detail/custom_point__type_support.hpp
-- Up-to-date: /home/aurora/RM25/install/livox_interfaces/include/livox_interfaces/livox_interfaces
-- Up-to-date: /home/aurora/RM25/install/livox_interfaces/include/livox_interfaces/livox_interfaces/msg
-- Installing: /home/aurora/RM25/install/livox_interfaces/include/livox_interfaces/livox_interfaces/msg/rosidl_typesupport_fastrtps_cpp__visibility_control.h
-- Up-to-date: /home/aurora/RM25/install/livox_interfaces/include/livox_interfaces/livox_interfaces/msg/detail
-- Installing: /home/aurora/RM25/install/livox_interfaces/include/livox_interfaces/livox_interfaces/msg/detail/custom_point__rosidl_typesupport_fastrtps_cpp.hpp
-- Installing: /home/aurora/RM25/install/livox_interfaces/include/livox_interfaces/livox_interfaces/msg/detail/custom_msg__rosidl_typesupport_fastrtps_cpp.hpp
-- Installing: /home/aurora/RM25/install/livox_interfaces/include/livox_interfaces/livox_interfaces/msg/detail/dds_fastrtps
-- Installing: /home/aurora/RM25/install/livox_interfaces/lib/liblivox_interfaces__rosidl_typesupport_fastrtps_cpp.so
-- Set runtime path of "/home/aurora/RM25/install/livox_interfaces/lib/liblivox_interfaces__rosidl_typesupport_fastrtps_cpp.so" to ""
-- Up-to-date: /home/aurora/RM25/install/livox_interfaces/include/livox_interfaces/livox_interfaces
-- Up-to-date: /home/aurora/RM25/install/livox_interfaces/include/livox_interfaces/livox_interfaces/msg
-- Installing: /home/aurora/RM25/install/livox_interfaces/include/livox_interfaces/livox_interfaces/msg/rosidl_typesupport_introspection_c__visibility_control.h
-- Up-to-date: /home/aurora/RM25/install/livox_interfaces/include/livox_interfaces/livox_interfaces/msg/detail
-- Installing: /home/aurora/RM25/install/livox_interfaces/include/livox_interfaces/livox_interfaces/msg/detail/custom_msg__rosidl_typesupport_introspection_c.h
-- Installing: /home/aurora/RM25/install/livox_interfaces/include/livox_interfaces/livox_interfaces/msg/detail/custom_point__type_support.c
-- Installing: /home/aurora/RM25/install/livox_interfaces/include/livox_interfaces/livox_interfaces/msg/detail/custom_point__rosidl_typesupport_introspection_c.h
-- Installing: /home/aurora/RM25/install/livox_interfaces/include/livox_interfaces/livox_interfaces/msg/detail/custom_msg__type_support.c
-- Installing: /home/aurora/RM25/install/livox_interfaces/lib/liblivox_interfaces__rosidl_typesupport_introspection_c.so
-- Set runtime path of "/home/aurora/RM25/install/livox_interfaces/lib/liblivox_interfaces__rosidl_typesupport_introspection_c.so" to ""
-- Installing: /home/aurora/RM25/install/livox_interfaces/lib/liblivox_interfaces__rosidl_typesupport_c.so
-- Set runtime path of "/home/aurora/RM25/install/livox_interfaces/lib/liblivox_interfaces__rosidl_typesupport_c.so" to ""
-- Up-to-date: /home/aurora/RM25/install/livox_interfaces/include/livox_interfaces/livox_interfaces
-- Up-to-date: /home/aurora/RM25/install/livox_interfaces/include/livox_interfaces/livox_interfaces/msg
-- Up-to-date: /home/aurora/RM25/install/livox_interfaces/include/livox_interfaces/livox_interfaces/msg/detail
-- Installing: /home/aurora/RM25/install/livox_interfaces/include/livox_interfaces/livox_interfaces/msg/detail/custom_point__rosidl_typesupport_introspection_cpp.hpp
-- Installing: /home/aurora/RM25/install/livox_interfaces/include/livox_interfaces/livox_interfaces/msg/detail/custom_point__type_support.cpp
-- Installing: /home/aurora/RM25/install/livox_interfaces/include/livox_interfaces/livox_interfaces/msg/detail/custom_msg__type_support.cpp
-- Installing: /home/aurora/RM25/install/livox_interfaces/include/livox_interfaces/livox_interfaces/msg/detail/custom_msg__rosidl_typesupport_introspection_cpp.hpp
-- Installing: /home/aurora/RM25/install/livox_interfaces/lib/liblivox_interfaces__rosidl_typesupport_introspection_cpp.so
-- Set runtime path of "/home/aurora/RM25/install/livox_interfaces/lib/liblivox_interfaces__rosidl_typesupport_introspection_cpp.so" to ""
-- Installing: /home/aurora/RM25/install/livox_interfaces/lib/liblivox_interfaces__rosidl_typesupport_cpp.so
-- Set runtime path of "/home/aurora/RM25/install/livox_interfaces/lib/liblivox_interfaces__rosidl_typesupport_cpp.so" to ""
-- Installing: /home/aurora/RM25/install/livox_interfaces/share/livox_interfaces/environment/pythonpath.sh
-- Installing: /home/aurora/RM25/install/livox_interfaces/share/livox_interfaces/environment/pythonpath.dsv
-- Installing: /home/aurora/RM25/install/livox_interfaces/local/lib/python3.10/dist-packages/livox_interfaces-0.0.1-py3.10.egg-info
-- Installing: /home/aurora/RM25/install/livox_interfaces/local/lib/python3.10/dist-packages/livox_interfaces-0.0.1-py3.10.egg-info/PKG-INFO
-- Installing: /home/aurora/RM25/install/livox_interfaces/local/lib/python3.10/dist-packages/livox_interfaces-0.0.1-py3.10.egg-info/dependency_links.txt
-- Installing: /home/aurora/RM25/install/livox_interfaces/local/lib/python3.10/dist-packages/livox_interfaces-0.0.1-py3.10.egg-info/top_level.txt
-- Installing: /home/aurora/RM25/install/livox_interfaces/local/lib/python3.10/dist-packages/livox_interfaces-0.0.1-py3.10.egg-info/SOURCES.txt
-- Installing: /home/aurora/RM25/install/livox_interfaces/local/lib/python3.10/dist-packages/livox_interfaces
-- Installing: /home/aurora/RM25/install/livox_interfaces/local/lib/python3.10/dist-packages/livox_interfaces/livox_interfaces_s__rosidl_typesupport_c.cpython-310-x86_64-linux-gnu.so
-- Installing: /home/aurora/RM25/install/livox_interfaces/local/lib/python3.10/dist-packages/livox_interfaces/_livox_interfaces_s.ep.rosidl_typesupport_introspection_c.c
-- Installing: /home/aurora/RM25/install/livox_interfaces/local/lib/python3.10/dist-packages/livox_interfaces/_livox_interfaces_s.ep.rosidl_typesupport_fastrtps_c.c
-- Installing: /home/aurora/RM25/install/livox_interfaces/local/lib/python3.10/dist-packages/livox_interfaces/msg
-- Installing: /home/aurora/RM25/install/livox_interfaces/local/lib/python3.10/dist-packages/livox_interfaces/msg/_custom_msg.py
-- Installing: /home/aurora/RM25/install/livox_interfaces/local/lib/python3.10/dist-packages/livox_interfaces/msg/_custom_point_s.c
-- Installing: /home/aurora/RM25/install/livox_interfaces/local/lib/python3.10/dist-packages/livox_interfaces/msg/_custom_point.py
-- Installing: /home/aurora/RM25/install/livox_interfaces/local/lib/python3.10/dist-packages/livox_interfaces/msg/__init__.py
-- Installing: /home/aurora/RM25/install/livox_interfaces/local/lib/python3.10/dist-packages/livox_interfaces/msg/_custom_msg_s.c
-- Installing: /home/aurora/RM25/install/livox_interfaces/local/lib/python3.10/dist-packages/livox_interfaces/liblivox_interfaces__rosidl_generator_py.so
-- Installing: /home/aurora/RM25/install/livox_interfaces/local/lib/python3.10/dist-packages/livox_interfaces/__init__.py
-- Installing: /home/aurora/RM25/install/livox_interfaces/local/lib/python3.10/dist-packages/livox_interfaces/livox_interfaces_s__rosidl_typesupport_fastrtps_c.cpython-310-x86_64-linux-gnu.so
-- Installing: /home/aurora/RM25/install/livox_interfaces/local/lib/python3.10/dist-packages/livox_interfaces/_livox_interfaces_s.ep.rosidl_typesupport_c.c
-- Installing: /home/aurora/RM25/install/livox_interfaces/local/lib/python3.10/dist-packages/livox_interfaces/livox_interfaces_s__rosidl_typesupport_introspection_c.cpython-310-x86_64-linux-gnu.so
Listing '/home/aurora/RM25/install/livox_interfaces/local/lib/python3.10/dist-packages/livox_interfaces'...
Compiling '/home/aurora/RM25/install/livox_interfaces/local/lib/python3.10/dist-packages/livox_interfaces/__init__.py'...
Listing '/home/aurora/RM25/install/livox_interfaces/local/lib/python3.10/dist-packages/livox_interfaces/msg'...
Compiling '/home/aurora/RM25/install/livox_interfaces/local/lib/python3.10/dist-packages/livox_interfaces/msg/__init__.py'...
Compiling '/home/aurora/RM25/install/livox_interfaces/local/lib/python3.10/dist-packages/livox_interfaces/msg/_custom_msg.py'...
Compiling '/home/aurora/RM25/install/livox_interfaces/local/lib/python3.10/dist-packages/livox_interfaces/msg/_custom_point.py'...
-- Installing: /home/aurora/RM25/install/livox_interfaces/local/lib/python3.10/dist-packages/livox_interfaces/livox_interfaces_s__rosidl_typesupport_fastrtps_c.cpython-310-x86_64-linux-gnu.so
-- Set runtime path of "/home/aurora/RM25/install/livox_interfaces/local/lib/python3.10/dist-packages/livox_interfaces/livox_interfaces_s__rosidl_typesupport_fastrtps_c.cpython-310-x86_64-linux-gnu.so" to ""
-- Installing: /home/aurora/RM25/install/livox_interfaces/local/lib/python3.10/dist-packages/livox_interfaces/livox_interfaces_s__rosidl_typesupport_introspection_c.cpython-310-x86_64-linux-gnu.so
-- Set runtime path of "/home/aurora/RM25/install/livox_interfaces/local/lib/python3.10/dist-packages/livox_interfaces/livox_interfaces_s__rosidl_typesupport_introspection_c.cpython-310-x86_64-linux-gnu.so" to ""
-- Installing: /home/aurora/RM25/install/livox_interfaces/local/lib/python3.10/dist-packages/livox_interfaces/livox_interfaces_s__rosidl_typesupport_c.cpython-310-x86_64-linux-gnu.so
-- Set runtime path of "/home/aurora/RM25/install/livox_interfaces/local/lib/python3.10/dist-packages/livox_interfaces/livox_interfaces_s__rosidl_typesupport_c.cpython-310-x86_64-linux-gnu.so" to ""
-- Installing: /home/aurora/RM25/install/livox_interfaces/lib/liblivox_interfaces__rosidl_generator_py.so
-- Set runtime path of "/home/aurora/RM25/install/livox_interfaces/lib/liblivox_interfaces__rosidl_generator_py.so" to ""
-- Installing: /home/aurora/RM25/install/livox_interfaces/share/livox_interfaces/msg/CustomPoint.idl
-- Installing: /home/aurora/RM25/install/livox_interfaces/share/livox_interfaces/msg/CustomMsg.idl
-- Installing: /home/aurora/RM25/install/livox_interfaces/share/livox_interfaces/msg/CustomPoint.msg
-- Installing: /home/aurora/RM25/install/livox_interfaces/share/livox_interfaces/msg/CustomMsg.msg
-- Installing: /home/aurora/RM25/install/livox_interfaces/share/ament_index/resource_index/package_run_dependencies/livox_interfaces
-- Installing: /home/aurora/RM25/install/livox_interfaces/share/ament_index/resource_index/parent_prefix_path/livox_interfaces
-- Installing: /home/aurora/RM25/install/livox_interfaces/share/livox_interfaces/environment/ament_prefix_path.sh
-- Installing: /home/aurora/RM25/install/livox_interfaces/share/livox_interfaces/environment/ament_prefix_path.dsv
-- Installing: /home/aurora/RM25/install/livox_interfaces/share/livox_interfaces/environment/path.sh
-- Installing: /home/aurora/RM25/install/livox_interfaces/share/livox_interfaces/environment/path.dsv
-- Installing: /home/aurora/RM25/install/livox_interfaces/share/livox_interfaces/local_setup.bash
-- Installing: /home/aurora/RM25/install/livox_interfaces/share/livox_interfaces/local_setup.sh
-- Installing: /home/aurora/RM25/install/livox_interfaces/share/livox_interfaces/local_setup.zsh
-- Installing: /home/aurora/RM25/install/livox_interfaces/share/livox_interfaces/local_setup.dsv
-- Installing: /home/aurora/RM25/install/livox_interfaces/share/livox_interfaces/package.dsv
-- Installing: /home/aurora/RM25/install/livox_interfaces/share/ament_index/resource_index/packages/livox_interfaces
-- Installing: /home/aurora/RM25/install/livox_interfaces/share/livox_interfaces/cmake/export_livox_interfaces__rosidl_generator_cExport.cmake
-- Installing: /home/aurora/RM25/install/livox_interfaces/share/livox_interfaces/cmake/export_livox_interfaces__rosidl_generator_cExport-noconfig.cmake
-- Installing: /home/aurora/RM25/install/livox_interfaces/share/livox_interfaces/cmake/export_livox_interfaces__rosidl_typesupport_fastrtps_cExport.cmake
-- Installing: /home/aurora/RM25/install/livox_interfaces/share/livox_interfaces/cmake/export_livox_interfaces__rosidl_typesupport_fastrtps_cExport-noconfig.cmake
-- Installing: /home/aurora/RM25/install/livox_interfaces/share/livox_interfaces/cmake/export_livox_interfaces__rosidl_generator_cppExport.cmake
-- Installing: /home/aurora/RM25/install/livox_interfaces/share/livox_interfaces/cmake/export_livox_interfaces__rosidl_typesupport_fastrtps_cppExport.cmake
-- Installing: /home/aurora/RM25/install/livox_interfaces/share/livox_interfaces/cmake/export_livox_interfaces__rosidl_typesupport_fastrtps_cppExport-noconfig.cmake
-- Installing: /home/aurora/RM25/install/livox_interfaces/share/livox_interfaces/cmake/livox_interfaces__rosidl_typesupport_introspection_cExport.cmake
-- Installing: /home/aurora/RM25/install/livox_interfaces/share/livox_interfaces/cmake/livox_interfaces__rosidl_typesupport_introspection_cExport-noconfig.cmake
-- Installing: /home/aurora/RM25/install/livox_interfaces/share/livox_interfaces/cmake/livox_interfaces__rosidl_typesupport_cExport.cmake
-- Installing: /home/aurora/RM25/install/livox_interfaces/share/livox_interfaces/cmake/livox_interfaces__rosidl_typesupport_cExport-noconfig.cmake
-- Installing: /home/aurora/RM25/install/livox_interfaces/share/livox_interfaces/cmake/livox_interfaces__rosidl_typesupport_introspection_cppExport.cmake
-- Installing: /home/aurora/RM25/install/livox_interfaces/share/livox_interfaces/cmake/livox_interfaces__rosidl_typesupport_introspection_cppExport-noconfig.cmake
-- Installing: /home/aurora/RM25/install/livox_interfaces/share/livox_interfaces/cmake/livox_interfaces__rosidl_typesupport_cppExport.cmake
-- Installing: /home/aurora/RM25/install/livox_interfaces/share/livox_interfaces/cmake/livox_interfaces__rosidl_typesupport_cppExport-noconfig.cmake
-- Installing: /home/aurora/RM25/install/livox_interfaces/share/livox_interfaces/cmake/export_livox_interfaces__rosidl_generator_pyExport.cmake
-- Installing: /home/aurora/RM25/install/livox_interfaces/share/livox_interfaces/cmake/export_livox_interfaces__rosidl_generator_pyExport-noconfig.cmake
-- Installing: /home/aurora/RM25/install/livox_interfaces/share/livox_interfaces/cmake/rosidl_cmake-extras.cmake
-- Installing: /home/aurora/RM25/install/livox_interfaces/share/livox_interfaces/cmake/ament_cmake_export_dependencies-extras.cmake
-- Installing: /home/aurora/RM25/install/livox_interfaces/share/livox_interfaces/cmake/ament_cmake_export_include_directories-extras.cmake
-- Installing: /home/aurora/RM25/install/livox_interfaces/share/livox_interfaces/cmake/ament_cmake_export_libraries-extras.cmake
-- Installing: /home/aurora/RM25/install/livox_interfaces/share/livox_interfaces/cmake/ament_cmake_export_targets-extras.cmake
-- Installing: /home/aurora/RM25/install/livox_interfaces/share/livox_interfaces/cmake/rosidl_cmake_export_typesupport_targets-extras.cmake
-- Installing: /home/aurora/RM25/install/livox_interfaces/share/livox_interfaces/cmake/rosidl_cmake_export_typesupport_libraries-extras.cmake
-- Installing: /home/aurora/RM25/install/livox_interfaces/share/livox_interfaces/cmake/livox_interfacesConfig.cmake
-- Installing: /home/aurora/RM25/install/livox_interfaces/share/livox_interfaces/cmake/livox_interfacesConfig-version.cmake
-- Installing: /home/aurora/RM25/install/livox_interfaces/share/livox_interfaces/package.xml
