[0.012s] Invoking command in '/home/aurora/RM25/build/livox_interfaces': CMAKE_PREFIX_PATH=/home/aurora/turtlebot3_ws/install/turtlebot3_simulations:/home/aurora/turtlebot3_ws/install/turtlebot3_gazebo:/home/aurora/turtlebot3_ws/install/turtlebot3_fake_node:/home/aurora/ros_ws/install/rmul24_gazebo_simulator:/home/aurora/ros_ws/install/rmoss_gz_cam:/home/aurora/ros_ws/install/rmoss_core:/home/aurora/ros_ws/install/rmoss_cam:/home/aurora/ros_ws/install/rmoss_util:/home/aurora/ros_ws/install/rmoss_projectile_motion:/home/aurora/ros_ws/install/rmoss_gz_bridge:/home/aurora/ros_ws/install/rmoss_gz_base:/home/aurora/ros_ws/install/rmoss_base:/home/aurora/ros_ws/install/rmoss_interfaces:/home/aurora/ros_ws/install/rmoss_gz_resources:/home/aurora/ros_ws/install/rmoss_gz_plugins:/home/aurora/RM25_aim/install/rm_vision_bringup:/home/aurora/RM25_aim/install/rm_serial_driver:/home/aurora/RM25_aim/install/rm_gimbal_description:/home/aurora/RM25_aim/install/hik_camera:/home/aurora/RM25_aim/install/armor_tracker:/home/aurora/RM25_aim/install/armor_detector:/home/aurora/RM25_aim/install/auto_aim_interfaces:/home/aurora/RM25/install/ros2_livox_simulation:/home/aurora/RM25/install/rm_robot_description_sim:/home/aurora/RM25/install/rm_robot_description:/home/aurora/ros_ws/install/sdformat_tools:/opt/ros/humble:/home/aurora/RM25/install/rm_localization:/home/aurora/RM25/install/livox_ros_driver2:/home/aurora/RM25/install/livox_interfaces:/home/aurora/RM25/src/install/ros2_livox_simulation:/home/aurora/RM25/src/install/rm_robot_description_sim:/home/aurora/RM25/src/install/rm_robot_description:/home/aurora/RM25/src/install/livox_ros_driver2 /usr/bin/cmake --build /home/aurora/RM25/build/livox_interfaces -- -j20 -l20
[0.055s] [35m[1mConsolidate compiler generated dependencies of target livox_interfaces__rosidl_generator_c[0m
[0.067s] [ 12%] Built target livox_interfaces__rosidl_generator_c
[0.067s] [ 12%] Built target livox_interfaces__cpp
[0.073s] [ 12%] Built target ament_cmake_python_copy_livox_interfaces
[0.074s] [35m[1mConsolidate compiler generated dependencies of target livox_interfaces__rosidl_typesupport_fastrtps_c[0m
[0.077s] [35m[1mConsolidate compiler generated dependencies of target livox_interfaces__rosidl_typesupport_c[0m
[0.078s] [35m[1mConsolidate compiler generated dependencies of target livox_interfaces__rosidl_typesupport_introspection_c[0m
[0.078s] [35m[1mConsolidate compiler generated dependencies of target livox_interfaces__rosidl_typesupport_introspection_cpp[0m
[0.081s] [35m[1mConsolidate compiler generated dependencies of target livox_interfaces__rosidl_typesupport_fastrtps_cpp[0m
[0.086s] [35m[1mConsolidate compiler generated dependencies of target livox_interfaces__rosidl_typesupport_cpp[0m
[0.086s] [ 23%] Built target livox_interfaces__rosidl_typesupport_c
[0.092s] [ 33%] Built target livox_interfaces__rosidl_typesupport_fastrtps_c
[0.096s] [ 43%] Built target livox_interfaces__rosidl_typesupport_introspection_c
[0.096s] [ 53%] Built target livox_interfaces__rosidl_typesupport_introspection_cpp
[0.097s] [ 64%] Built target livox_interfaces__rosidl_typesupport_fastrtps_cpp
[0.102s] [ 74%] Built target livox_interfaces__rosidl_typesupport_cpp
[0.121s] [ 74%] Built target livox_interfaces
[0.142s] [ 76%] Built target livox_interfaces__py
[0.156s] [35m[1mConsolidate compiler generated dependencies of target livox_interfaces__rosidl_generator_py[0m
[0.167s] [ 84%] Built target livox_interfaces__rosidl_generator_py
[0.176s] [35m[1mConsolidate compiler generated dependencies of target livox_interfaces__rosidl_typesupport_introspection_c__pyext[0m
[0.177s] [35m[1mConsolidate compiler generated dependencies of target livox_interfaces__rosidl_typesupport_c__pyext[0m
[0.177s] [35m[1mConsolidate compiler generated dependencies of target livox_interfaces__rosidl_typesupport_fastrtps_c__pyext[0m
[0.186s] [ 89%] Built target livox_interfaces__rosidl_typesupport_c__pyext
[0.186s] [ 94%] Built target livox_interfaces__rosidl_typesupport_introspection_c__pyext
[0.188s] [100%] Built target livox_interfaces__rosidl_typesupport_fastrtps_c__pyext
[0.229s] running egg_info
[0.229s] writing livox_interfaces.egg-info/PKG-INFO
[0.229s] writing dependency_links to livox_interfaces.egg-info/dependency_links.txt
[0.229s] writing top-level names to livox_interfaces.egg-info/top_level.txt
[0.231s] reading manifest file 'livox_interfaces.egg-info/SOURCES.txt'
[0.231s] writing manifest file 'livox_interfaces.egg-info/SOURCES.txt'
[0.254s] [100%] Built target ament_cmake_python_build_livox_interfaces_egg
[0.262s] Invoked command in '/home/aurora/RM25/build/livox_interfaces' returned '0': CMAKE_PREFIX_PATH=/home/aurora/turtlebot3_ws/install/turtlebot3_simulations:/home/aurora/turtlebot3_ws/install/turtlebot3_gazebo:/home/aurora/turtlebot3_ws/install/turtlebot3_fake_node:/home/aurora/ros_ws/install/rmul24_gazebo_simulator:/home/aurora/ros_ws/install/rmoss_gz_cam:/home/aurora/ros_ws/install/rmoss_core:/home/aurora/ros_ws/install/rmoss_cam:/home/aurora/ros_ws/install/rmoss_util:/home/aurora/ros_ws/install/rmoss_projectile_motion:/home/aurora/ros_ws/install/rmoss_gz_bridge:/home/aurora/ros_ws/install/rmoss_gz_base:/home/aurora/ros_ws/install/rmoss_base:/home/aurora/ros_ws/install/rmoss_interfaces:/home/aurora/ros_ws/install/rmoss_gz_resources:/home/aurora/ros_ws/install/rmoss_gz_plugins:/home/aurora/RM25_aim/install/rm_vision_bringup:/home/aurora/RM25_aim/install/rm_serial_driver:/home/aurora/RM25_aim/install/rm_gimbal_description:/home/aurora/RM25_aim/install/hik_camera:/home/aurora/RM25_aim/install/armor_tracker:/home/aurora/RM25_aim/install/armor_detector:/home/aurora/RM25_aim/install/auto_aim_interfaces:/home/aurora/RM25/install/ros2_livox_simulation:/home/aurora/RM25/install/rm_robot_description_sim:/home/aurora/RM25/install/rm_robot_description:/home/aurora/ros_ws/install/sdformat_tools:/opt/ros/humble:/home/aurora/RM25/install/rm_localization:/home/aurora/RM25/install/livox_ros_driver2:/home/aurora/RM25/install/livox_interfaces:/home/aurora/RM25/src/install/ros2_livox_simulation:/home/aurora/RM25/src/install/rm_robot_description_sim:/home/aurora/RM25/src/install/rm_robot_description:/home/aurora/RM25/src/install/livox_ros_driver2 /usr/bin/cmake --build /home/aurora/RM25/build/livox_interfaces -- -j20 -l20
[0.271s] Invoking command in '/home/aurora/RM25/build/livox_interfaces': CMAKE_PREFIX_PATH=/home/aurora/turtlebot3_ws/install/turtlebot3_simulations:/home/aurora/turtlebot3_ws/install/turtlebot3_gazebo:/home/aurora/turtlebot3_ws/install/turtlebot3_fake_node:/home/aurora/ros_ws/install/rmul24_gazebo_simulator:/home/aurora/ros_ws/install/rmoss_gz_cam:/home/aurora/ros_ws/install/rmoss_core:/home/aurora/ros_ws/install/rmoss_cam:/home/aurora/ros_ws/install/rmoss_util:/home/aurora/ros_ws/install/rmoss_projectile_motion:/home/aurora/ros_ws/install/rmoss_gz_bridge:/home/aurora/ros_ws/install/rmoss_gz_base:/home/aurora/ros_ws/install/rmoss_base:/home/aurora/ros_ws/install/rmoss_interfaces:/home/aurora/ros_ws/install/rmoss_gz_resources:/home/aurora/ros_ws/install/rmoss_gz_plugins:/home/aurora/RM25_aim/install/rm_vision_bringup:/home/aurora/RM25_aim/install/rm_serial_driver:/home/aurora/RM25_aim/install/rm_gimbal_description:/home/aurora/RM25_aim/install/hik_camera:/home/aurora/RM25_aim/install/armor_tracker:/home/aurora/RM25_aim/install/armor_detector:/home/aurora/RM25_aim/install/auto_aim_interfaces:/home/aurora/RM25/install/ros2_livox_simulation:/home/aurora/RM25/install/rm_robot_description_sim:/home/aurora/RM25/install/rm_robot_description:/home/aurora/ros_ws/install/sdformat_tools:/opt/ros/humble:/home/aurora/RM25/install/rm_localization:/home/aurora/RM25/install/livox_ros_driver2:/home/aurora/RM25/install/livox_interfaces:/home/aurora/RM25/src/install/ros2_livox_simulation:/home/aurora/RM25/src/install/rm_robot_description_sim:/home/aurora/RM25/src/install/rm_robot_description:/home/aurora/RM25/src/install/livox_ros_driver2 /usr/bin/cmake --install /home/aurora/RM25/build/livox_interfaces
[0.278s] -- Install configuration: ""
[0.278s] -- Installing: /home/aurora/RM25/install/livox_interfaces/share/ament_index/resource_index/rosidl_interfaces/livox_interfaces
[0.279s] -- Installing: /home/aurora/RM25/install/livox_interfaces/include/livox_interfaces/livox_interfaces
[0.279s] -- Installing: /home/aurora/RM25/install/livox_interfaces/include/livox_interfaces/livox_interfaces/msg
[0.279s] -- Installing: /home/aurora/RM25/install/livox_interfaces/include/livox_interfaces/livox_interfaces/msg/custom_point.h
[0.279s] -- Installing: /home/aurora/RM25/install/livox_interfaces/include/livox_interfaces/livox_interfaces/msg/rosidl_generator_c__visibility_control.h
[0.279s] -- Installing: /home/aurora/RM25/install/livox_interfaces/include/livox_interfaces/livox_interfaces/msg/detail
[0.279s] -- Installing: /home/aurora/RM25/install/livox_interfaces/include/livox_interfaces/livox_interfaces/msg/detail/custom_msg__type_support.h
[0.279s] -- Installing: /home/aurora/RM25/install/livox_interfaces/include/livox_interfaces/livox_interfaces/msg/detail/custom_msg__functions.h
[0.279s] -- Installing: /home/aurora/RM25/install/livox_interfaces/include/livox_interfaces/livox_interfaces/msg/detail/custom_point__functions.h
[0.279s] -- Installing: /home/aurora/RM25/install/livox_interfaces/include/livox_interfaces/livox_interfaces/msg/detail/custom_msg__struct.h
[0.279s] -- Installing: /home/aurora/RM25/install/livox_interfaces/include/livox_interfaces/livox_interfaces/msg/detail/custom_point__type_support.h
[0.279s] -- Installing: /home/aurora/RM25/install/livox_interfaces/include/livox_interfaces/livox_interfaces/msg/detail/custom_point__struct.h
[0.280s] -- Installing: /home/aurora/RM25/install/livox_interfaces/include/livox_interfaces/livox_interfaces/msg/detail/custom_point__functions.c
[0.280s] -- Installing: /home/aurora/RM25/install/livox_interfaces/include/livox_interfaces/livox_interfaces/msg/detail/custom_msg__functions.c
[0.280s] -- Installing: /home/aurora/RM25/install/livox_interfaces/include/livox_interfaces/livox_interfaces/msg/custom_msg.h
[0.280s] -- Installing: /home/aurora/RM25/install/livox_interfaces/share/livox_interfaces/environment/library_path.sh
[0.280s] -- Installing: /home/aurora/RM25/install/livox_interfaces/share/livox_interfaces/environment/library_path.dsv
[0.280s] -- Installing: /home/aurora/RM25/install/livox_interfaces/lib/liblivox_interfaces__rosidl_generator_c.so
[0.280s] -- Set runtime path of "/home/aurora/RM25/install/livox_interfaces/lib/liblivox_interfaces__rosidl_generator_c.so" to ""
[0.280s] -- Up-to-date: /home/aurora/RM25/install/livox_interfaces/include/livox_interfaces/livox_interfaces
[0.280s] -- Up-to-date: /home/aurora/RM25/install/livox_interfaces/include/livox_interfaces/livox_interfaces/msg
[0.280s] -- Installing: /home/aurora/RM25/install/livox_interfaces/include/livox_interfaces/livox_interfaces/msg/rosidl_typesupport_fastrtps_c__visibility_control.h
[0.280s] -- Up-to-date: /home/aurora/RM25/install/livox_interfaces/include/livox_interfaces/livox_interfaces/msg/detail
[0.280s] -- Installing: /home/aurora/RM25/install/livox_interfaces/include/livox_interfaces/livox_interfaces/msg/detail/custom_msg__rosidl_typesupport_fastrtps_c.h
[0.280s] -- Installing: /home/aurora/RM25/install/livox_interfaces/include/livox_interfaces/livox_interfaces/msg/detail/custom_point__rosidl_typesupport_fastrtps_c.h
[0.280s] -- Installing: /home/aurora/RM25/install/livox_interfaces/lib/liblivox_interfaces__rosidl_typesupport_fastrtps_c.so
[0.280s] -- Set runtime path of "/home/aurora/RM25/install/livox_interfaces/lib/liblivox_interfaces__rosidl_typesupport_fastrtps_c.so" to ""
[0.280s] -- Up-to-date: /home/aurora/RM25/install/livox_interfaces/include/livox_interfaces/livox_interfaces
[0.280s] -- Up-to-date: /home/aurora/RM25/install/livox_interfaces/include/livox_interfaces/livox_interfaces/msg
[0.280s] -- Installing: /home/aurora/RM25/install/livox_interfaces/include/livox_interfaces/livox_interfaces/msg/custom_point.hpp
[0.281s] -- Installing: /home/aurora/RM25/install/livox_interfaces/include/livox_interfaces/livox_interfaces/msg/custom_msg.hpp
[0.281s] -- Installing: /home/aurora/RM25/install/livox_interfaces/include/livox_interfaces/livox_interfaces/msg/rosidl_generator_cpp__visibility_control.hpp
[0.281s] -- Up-to-date: /home/aurora/RM25/install/livox_interfaces/include/livox_interfaces/livox_interfaces/msg/detail
[0.281s] -- Installing: /home/aurora/RM25/install/livox_interfaces/include/livox_interfaces/livox_interfaces/msg/detail/custom_msg__struct.hpp
[0.281s] -- Installing: /home/aurora/RM25/install/livox_interfaces/include/livox_interfaces/livox_interfaces/msg/detail/custom_msg__traits.hpp
[0.281s] -- Installing: /home/aurora/RM25/install/livox_interfaces/include/livox_interfaces/livox_interfaces/msg/detail/custom_point__builder.hpp
[0.281s] -- Installing: /home/aurora/RM25/install/livox_interfaces/include/livox_interfaces/livox_interfaces/msg/detail/custom_msg__type_support.hpp
[0.281s] -- Installing: /home/aurora/RM25/install/livox_interfaces/include/livox_interfaces/livox_interfaces/msg/detail/custom_point__struct.hpp
[0.281s] -- Installing: /home/aurora/RM25/install/livox_interfaces/include/livox_interfaces/livox_interfaces/msg/detail/custom_msg__builder.hpp
[0.281s] -- Installing: /home/aurora/RM25/install/livox_interfaces/include/livox_interfaces/livox_interfaces/msg/detail/custom_point__traits.hpp
[0.281s] -- Installing: /home/aurora/RM25/install/livox_interfaces/include/livox_interfaces/livox_interfaces/msg/detail/custom_point__type_support.hpp
[0.281s] -- Up-to-date: /home/aurora/RM25/install/livox_interfaces/include/livox_interfaces/livox_interfaces
[0.281s] -- Up-to-date: /home/aurora/RM25/install/livox_interfaces/include/livox_interfaces/livox_interfaces/msg
[0.281s] -- Installing: /home/aurora/RM25/install/livox_interfaces/include/livox_interfaces/livox_interfaces/msg/rosidl_typesupport_fastrtps_cpp__visibility_control.h
[0.281s] -- Up-to-date: /home/aurora/RM25/install/livox_interfaces/include/livox_interfaces/livox_interfaces/msg/detail
[0.281s] -- Installing: /home/aurora/RM25/install/livox_interfaces/include/livox_interfaces/livox_interfaces/msg/detail/custom_point__rosidl_typesupport_fastrtps_cpp.hpp
[0.281s] -- Installing: /home/aurora/RM25/install/livox_interfaces/include/livox_interfaces/livox_interfaces/msg/detail/custom_msg__rosidl_typesupport_fastrtps_cpp.hpp
[0.281s] -- Installing: /home/aurora/RM25/install/livox_interfaces/include/livox_interfaces/livox_interfaces/msg/detail/dds_fastrtps
[0.281s] -- Installing: /home/aurora/RM25/install/livox_interfaces/lib/liblivox_interfaces__rosidl_typesupport_fastrtps_cpp.so
[0.282s] -- Set runtime path of "/home/aurora/RM25/install/livox_interfaces/lib/liblivox_interfaces__rosidl_typesupport_fastrtps_cpp.so" to ""
[0.282s] -- Up-to-date: /home/aurora/RM25/install/livox_interfaces/include/livox_interfaces/livox_interfaces
[0.282s] -- Up-to-date: /home/aurora/RM25/install/livox_interfaces/include/livox_interfaces/livox_interfaces/msg
[0.282s] -- Installing: /home/aurora/RM25/install/livox_interfaces/include/livox_interfaces/livox_interfaces/msg/rosidl_typesupport_introspection_c__visibility_control.h
[0.282s] -- Up-to-date: /home/aurora/RM25/install/livox_interfaces/include/livox_interfaces/livox_interfaces/msg/detail
[0.282s] -- Installing: /home/aurora/RM25/install/livox_interfaces/include/livox_interfaces/livox_interfaces/msg/detail/custom_msg__rosidl_typesupport_introspection_c.h
[0.282s] -- Installing: /home/aurora/RM25/install/livox_interfaces/include/livox_interfaces/livox_interfaces/msg/detail/custom_point__type_support.c
[0.282s] -- Installing: /home/aurora/RM25/install/livox_interfaces/include/livox_interfaces/livox_interfaces/msg/detail/custom_point__rosidl_typesupport_introspection_c.h
[0.282s] -- Installing: /home/aurora/RM25/install/livox_interfaces/include/livox_interfaces/livox_interfaces/msg/detail/custom_msg__type_support.c
[0.282s] -- Installing: /home/aurora/RM25/install/livox_interfaces/lib/liblivox_interfaces__rosidl_typesupport_introspection_c.so
[0.282s] -- Set runtime path of "/home/aurora/RM25/install/livox_interfaces/lib/liblivox_interfaces__rosidl_typesupport_introspection_c.so" to ""
[0.282s] -- Installing: /home/aurora/RM25/install/livox_interfaces/lib/liblivox_interfaces__rosidl_typesupport_c.so
[0.282s] -- Set runtime path of "/home/aurora/RM25/install/livox_interfaces/lib/liblivox_interfaces__rosidl_typesupport_c.so" to ""
[0.282s] -- Up-to-date: /home/aurora/RM25/install/livox_interfaces/include/livox_interfaces/livox_interfaces
[0.282s] -- Up-to-date: /home/aurora/RM25/install/livox_interfaces/include/livox_interfaces/livox_interfaces/msg
[0.282s] -- Up-to-date: /home/aurora/RM25/install/livox_interfaces/include/livox_interfaces/livox_interfaces/msg/detail
[0.282s] -- Installing: /home/aurora/RM25/install/livox_interfaces/include/livox_interfaces/livox_interfaces/msg/detail/custom_point__rosidl_typesupport_introspection_cpp.hpp
[0.282s] -- Installing: /home/aurora/RM25/install/livox_interfaces/include/livox_interfaces/livox_interfaces/msg/detail/custom_point__type_support.cpp
[0.283s] -- Installing: /home/aurora/RM25/install/livox_interfaces/include/livox_interfaces/livox_interfaces/msg/detail/custom_msg__type_support.cpp
[0.283s] -- Installing: /home/aurora/RM25/install/livox_interfaces/include/livox_interfaces/livox_interfaces/msg/detail/custom_msg__rosidl_typesupport_introspection_cpp.hpp
[0.283s] -- Installing: /home/aurora/RM25/install/livox_interfaces/lib/liblivox_interfaces__rosidl_typesupport_introspection_cpp.so
[0.283s] -- Set runtime path of "/home/aurora/RM25/install/livox_interfaces/lib/liblivox_interfaces__rosidl_typesupport_introspection_cpp.so" to ""
[0.283s] -- Installing: /home/aurora/RM25/install/livox_interfaces/lib/liblivox_interfaces__rosidl_typesupport_cpp.so
[0.283s] -- Set runtime path of "/home/aurora/RM25/install/livox_interfaces/lib/liblivox_interfaces__rosidl_typesupport_cpp.so" to ""
[0.283s] -- Installing: /home/aurora/RM25/install/livox_interfaces/share/livox_interfaces/environment/pythonpath.sh
[0.283s] -- Installing: /home/aurora/RM25/install/livox_interfaces/share/livox_interfaces/environment/pythonpath.dsv
[0.283s] -- Installing: /home/aurora/RM25/install/livox_interfaces/local/lib/python3.10/dist-packages/livox_interfaces-0.0.1-py3.10.egg-info
[0.283s] -- Installing: /home/aurora/RM25/install/livox_interfaces/local/lib/python3.10/dist-packages/livox_interfaces-0.0.1-py3.10.egg-info/PKG-INFO
[0.283s] -- Installing: /home/aurora/RM25/install/livox_interfaces/local/lib/python3.10/dist-packages/livox_interfaces-0.0.1-py3.10.egg-info/dependency_links.txt
[0.283s] -- Installing: /home/aurora/RM25/install/livox_interfaces/local/lib/python3.10/dist-packages/livox_interfaces-0.0.1-py3.10.egg-info/top_level.txt
[0.283s] -- Installing: /home/aurora/RM25/install/livox_interfaces/local/lib/python3.10/dist-packages/livox_interfaces-0.0.1-py3.10.egg-info/SOURCES.txt
[0.283s] -- Installing: /home/aurora/RM25/install/livox_interfaces/local/lib/python3.10/dist-packages/livox_interfaces
[0.283s] -- Installing: /home/aurora/RM25/install/livox_interfaces/local/lib/python3.10/dist-packages/livox_interfaces/livox_interfaces_s__rosidl_typesupport_c.cpython-310-x86_64-linux-gnu.so
[0.283s] -- Installing: /home/aurora/RM25/install/livox_interfaces/local/lib/python3.10/dist-packages/livox_interfaces/_livox_interfaces_s.ep.rosidl_typesupport_introspection_c.c
[0.283s] -- Installing: /home/aurora/RM25/install/livox_interfaces/local/lib/python3.10/dist-packages/livox_interfaces/_livox_interfaces_s.ep.rosidl_typesupport_fastrtps_c.c
[0.284s] -- Installing: /home/aurora/RM25/install/livox_interfaces/local/lib/python3.10/dist-packages/livox_interfaces/msg
[0.284s] -- Installing: /home/aurora/RM25/install/livox_interfaces/local/lib/python3.10/dist-packages/livox_interfaces/msg/_custom_msg.py
[0.284s] -- Installing: /home/aurora/RM25/install/livox_interfaces/local/lib/python3.10/dist-packages/livox_interfaces/msg/_custom_point_s.c
[0.284s] -- Installing: /home/aurora/RM25/install/livox_interfaces/local/lib/python3.10/dist-packages/livox_interfaces/msg/_custom_point.py
[0.284s] -- Installing: /home/aurora/RM25/install/livox_interfaces/local/lib/python3.10/dist-packages/livox_interfaces/msg/__init__.py
[0.284s] -- Installing: /home/aurora/RM25/install/livox_interfaces/local/lib/python3.10/dist-packages/livox_interfaces/msg/_custom_msg_s.c
[0.284s] -- Installing: /home/aurora/RM25/install/livox_interfaces/local/lib/python3.10/dist-packages/livox_interfaces/liblivox_interfaces__rosidl_generator_py.so
[0.284s] -- Installing: /home/aurora/RM25/install/livox_interfaces/local/lib/python3.10/dist-packages/livox_interfaces/__init__.py
[0.284s] -- Installing: /home/aurora/RM25/install/livox_interfaces/local/lib/python3.10/dist-packages/livox_interfaces/livox_interfaces_s__rosidl_typesupport_fastrtps_c.cpython-310-x86_64-linux-gnu.so
[0.284s] -- Installing: /home/aurora/RM25/install/livox_interfaces/local/lib/python3.10/dist-packages/livox_interfaces/_livox_interfaces_s.ep.rosidl_typesupport_c.c
[0.284s] -- Installing: /home/aurora/RM25/install/livox_interfaces/local/lib/python3.10/dist-packages/livox_interfaces/livox_interfaces_s__rosidl_typesupport_introspection_c.cpython-310-x86_64-linux-gnu.so
[0.306s] Listing '/home/aurora/RM25/install/livox_interfaces/local/lib/python3.10/dist-packages/livox_interfaces'...
[0.306s] Compiling '/home/aurora/RM25/install/livox_interfaces/local/lib/python3.10/dist-packages/livox_interfaces/__init__.py'...
[0.306s] Listing '/home/aurora/RM25/install/livox_interfaces/local/lib/python3.10/dist-packages/livox_interfaces/msg'...
[0.306s] Compiling '/home/aurora/RM25/install/livox_interfaces/local/lib/python3.10/dist-packages/livox_interfaces/msg/__init__.py'...
[0.306s] Compiling '/home/aurora/RM25/install/livox_interfaces/local/lib/python3.10/dist-packages/livox_interfaces/msg/_custom_msg.py'...
[0.306s] Compiling '/home/aurora/RM25/install/livox_interfaces/local/lib/python3.10/dist-packages/livox_interfaces/msg/_custom_point.py'...
[0.310s] -- Installing: /home/aurora/RM25/install/livox_interfaces/local/lib/python3.10/dist-packages/livox_interfaces/livox_interfaces_s__rosidl_typesupport_fastrtps_c.cpython-310-x86_64-linux-gnu.so
[0.310s] -- Set runtime path of "/home/aurora/RM25/install/livox_interfaces/local/lib/python3.10/dist-packages/livox_interfaces/livox_interfaces_s__rosidl_typesupport_fastrtps_c.cpython-310-x86_64-linux-gnu.so" to ""
[0.310s] -- Installing: /home/aurora/RM25/install/livox_interfaces/local/lib/python3.10/dist-packages/livox_interfaces/livox_interfaces_s__rosidl_typesupport_introspection_c.cpython-310-x86_64-linux-gnu.so
[0.310s] -- Set runtime path of "/home/aurora/RM25/install/livox_interfaces/local/lib/python3.10/dist-packages/livox_interfaces/livox_interfaces_s__rosidl_typesupport_introspection_c.cpython-310-x86_64-linux-gnu.so" to ""
[0.310s] -- Installing: /home/aurora/RM25/install/livox_interfaces/local/lib/python3.10/dist-packages/livox_interfaces/livox_interfaces_s__rosidl_typesupport_c.cpython-310-x86_64-linux-gnu.so
[0.310s] -- Set runtime path of "/home/aurora/RM25/install/livox_interfaces/local/lib/python3.10/dist-packages/livox_interfaces/livox_interfaces_s__rosidl_typesupport_c.cpython-310-x86_64-linux-gnu.so" to ""
[0.310s] -- Installing: /home/aurora/RM25/install/livox_interfaces/lib/liblivox_interfaces__rosidl_generator_py.so
[0.310s] -- Set runtime path of "/home/aurora/RM25/install/livox_interfaces/lib/liblivox_interfaces__rosidl_generator_py.so" to ""
[0.310s] -- Installing: /home/aurora/RM25/install/livox_interfaces/share/livox_interfaces/msg/CustomPoint.idl
[0.311s] -- Installing: /home/aurora/RM25/install/livox_interfaces/share/livox_interfaces/msg/CustomMsg.idl
[0.311s] -- Installing: /home/aurora/RM25/install/livox_interfaces/share/livox_interfaces/msg/CustomPoint.msg
[0.311s] -- Installing: /home/aurora/RM25/install/livox_interfaces/share/livox_interfaces/msg/CustomMsg.msg
[0.311s] -- Installing: /home/aurora/RM25/install/livox_interfaces/share/ament_index/resource_index/package_run_dependencies/livox_interfaces
[0.311s] -- Installing: /home/aurora/RM25/install/livox_interfaces/share/ament_index/resource_index/parent_prefix_path/livox_interfaces
[0.311s] -- Installing: /home/aurora/RM25/install/livox_interfaces/share/livox_interfaces/environment/ament_prefix_path.sh
[0.311s] -- Installing: /home/aurora/RM25/install/livox_interfaces/share/livox_interfaces/environment/ament_prefix_path.dsv
[0.311s] -- Installing: /home/aurora/RM25/install/livox_interfaces/share/livox_interfaces/environment/path.sh
[0.311s] -- Installing: /home/aurora/RM25/install/livox_interfaces/share/livox_interfaces/environment/path.dsv
[0.311s] -- Installing: /home/aurora/RM25/install/livox_interfaces/share/livox_interfaces/local_setup.bash
[0.311s] -- Installing: /home/aurora/RM25/install/livox_interfaces/share/livox_interfaces/local_setup.sh
[0.311s] -- Installing: /home/aurora/RM25/install/livox_interfaces/share/livox_interfaces/local_setup.zsh
[0.311s] -- Installing: /home/aurora/RM25/install/livox_interfaces/share/livox_interfaces/local_setup.dsv
[0.311s] -- Installing: /home/aurora/RM25/install/livox_interfaces/share/livox_interfaces/package.dsv
[0.312s] -- Installing: /home/aurora/RM25/install/livox_interfaces/share/ament_index/resource_index/packages/livox_interfaces
[0.312s] -- Installing: /home/aurora/RM25/install/livox_interfaces/share/livox_interfaces/cmake/export_livox_interfaces__rosidl_generator_cExport.cmake
[0.312s] -- Installing: /home/aurora/RM25/install/livox_interfaces/share/livox_interfaces/cmake/export_livox_interfaces__rosidl_generator_cExport-noconfig.cmake
[0.312s] -- Installing: /home/aurora/RM25/install/livox_interfaces/share/livox_interfaces/cmake/export_livox_interfaces__rosidl_typesupport_fastrtps_cExport.cmake
[0.312s] -- Installing: /home/aurora/RM25/install/livox_interfaces/share/livox_interfaces/cmake/export_livox_interfaces__rosidl_typesupport_fastrtps_cExport-noconfig.cmake
[0.312s] -- Installing: /home/aurora/RM25/install/livox_interfaces/share/livox_interfaces/cmake/export_livox_interfaces__rosidl_generator_cppExport.cmake
[0.312s] -- Installing: /home/aurora/RM25/install/livox_interfaces/share/livox_interfaces/cmake/export_livox_interfaces__rosidl_typesupport_fastrtps_cppExport.cmake
[0.312s] -- Installing: /home/aurora/RM25/install/livox_interfaces/share/livox_interfaces/cmake/export_livox_interfaces__rosidl_typesupport_fastrtps_cppExport-noconfig.cmake
[0.312s] -- Installing: /home/aurora/RM25/install/livox_interfaces/share/livox_interfaces/cmake/livox_interfaces__rosidl_typesupport_introspection_cExport.cmake
[0.312s] -- Installing: /home/aurora/RM25/install/livox_interfaces/share/livox_interfaces/cmake/livox_interfaces__rosidl_typesupport_introspection_cExport-noconfig.cmake
[0.312s] -- Installing: /home/aurora/RM25/install/livox_interfaces/share/livox_interfaces/cmake/livox_interfaces__rosidl_typesupport_cExport.cmake
[0.312s] -- Installing: /home/aurora/RM25/install/livox_interfaces/share/livox_interfaces/cmake/livox_interfaces__rosidl_typesupport_cExport-noconfig.cmake
[0.312s] -- Installing: /home/aurora/RM25/install/livox_interfaces/share/livox_interfaces/cmake/livox_interfaces__rosidl_typesupport_introspection_cppExport.cmake
[0.312s] -- Installing: /home/aurora/RM25/install/livox_interfaces/share/livox_interfaces/cmake/livox_interfaces__rosidl_typesupport_introspection_cppExport-noconfig.cmake
[0.312s] -- Installing: /home/aurora/RM25/install/livox_interfaces/share/livox_interfaces/cmake/livox_interfaces__rosidl_typesupport_cppExport.cmake
[0.313s] -- Installing: /home/aurora/RM25/install/livox_interfaces/share/livox_interfaces/cmake/livox_interfaces__rosidl_typesupport_cppExport-noconfig.cmake
[0.313s] -- Installing: /home/aurora/RM25/install/livox_interfaces/share/livox_interfaces/cmake/export_livox_interfaces__rosidl_generator_pyExport.cmake
[0.313s] -- Installing: /home/aurora/RM25/install/livox_interfaces/share/livox_interfaces/cmake/export_livox_interfaces__rosidl_generator_pyExport-noconfig.cmake
[0.313s] -- Installing: /home/aurora/RM25/install/livox_interfaces/share/livox_interfaces/cmake/rosidl_cmake-extras.cmake
[0.313s] -- Installing: /home/aurora/RM25/install/livox_interfaces/share/livox_interfaces/cmake/ament_cmake_export_dependencies-extras.cmake
[0.313s] -- Installing: /home/aurora/RM25/install/livox_interfaces/share/livox_interfaces/cmake/ament_cmake_export_include_directories-extras.cmake
[0.313s] -- Installing: /home/aurora/RM25/install/livox_interfaces/share/livox_interfaces/cmake/ament_cmake_export_libraries-extras.cmake
[0.313s] -- Installing: /home/aurora/RM25/install/livox_interfaces/share/livox_interfaces/cmake/ament_cmake_export_targets-extras.cmake
[0.313s] -- Installing: /home/aurora/RM25/install/livox_interfaces/share/livox_interfaces/cmake/rosidl_cmake_export_typesupport_targets-extras.cmake
[0.313s] -- Installing: /home/aurora/RM25/install/livox_interfaces/share/livox_interfaces/cmake/rosidl_cmake_export_typesupport_libraries-extras.cmake
[0.313s] -- Installing: /home/aurora/RM25/install/livox_interfaces/share/livox_interfaces/cmake/livox_interfacesConfig.cmake
[0.313s] -- Installing: /home/aurora/RM25/install/livox_interfaces/share/livox_interfaces/cmake/livox_interfacesConfig-version.cmake
[0.313s] -- Installing: /home/aurora/RM25/install/livox_interfaces/share/livox_interfaces/package.xml
[0.316s] Invoked command in '/home/aurora/RM25/build/livox_interfaces' returned '0': CMAKE_PREFIX_PATH=/home/aurora/turtlebot3_ws/install/turtlebot3_simulations:/home/aurora/turtlebot3_ws/install/turtlebot3_gazebo:/home/aurora/turtlebot3_ws/install/turtlebot3_fake_node:/home/aurora/ros_ws/install/rmul24_gazebo_simulator:/home/aurora/ros_ws/install/rmoss_gz_cam:/home/aurora/ros_ws/install/rmoss_core:/home/aurora/ros_ws/install/rmoss_cam:/home/aurora/ros_ws/install/rmoss_util:/home/aurora/ros_ws/install/rmoss_projectile_motion:/home/aurora/ros_ws/install/rmoss_gz_bridge:/home/aurora/ros_ws/install/rmoss_gz_base:/home/aurora/ros_ws/install/rmoss_base:/home/aurora/ros_ws/install/rmoss_interfaces:/home/aurora/ros_ws/install/rmoss_gz_resources:/home/aurora/ros_ws/install/rmoss_gz_plugins:/home/aurora/RM25_aim/install/rm_vision_bringup:/home/aurora/RM25_aim/install/rm_serial_driver:/home/aurora/RM25_aim/install/rm_gimbal_description:/home/aurora/RM25_aim/install/hik_camera:/home/aurora/RM25_aim/install/armor_tracker:/home/aurora/RM25_aim/install/armor_detector:/home/aurora/RM25_aim/install/auto_aim_interfaces:/home/aurora/RM25/install/ros2_livox_simulation:/home/aurora/RM25/install/rm_robot_description_sim:/home/aurora/RM25/install/rm_robot_description:/home/aurora/ros_ws/install/sdformat_tools:/opt/ros/humble:/home/aurora/RM25/install/rm_localization:/home/aurora/RM25/install/livox_ros_driver2:/home/aurora/RM25/install/livox_interfaces:/home/aurora/RM25/src/install/ros2_livox_simulation:/home/aurora/RM25/src/install/rm_robot_description_sim:/home/aurora/RM25/src/install/rm_robot_description:/home/aurora/RM25/src/install/livox_ros_driver2 /usr/bin/cmake --install /home/aurora/RM25/build/livox_interfaces
