[0.017s] Invoking command in '/home/aurora/RM25/src/build/rm_robot_description': CMAKE_PREFIX_PATH=${CMAKE_PREFIX_PATH}:/home/aurora/ws_helloworld/install/pkg02_helloworld_py:/opt/ros/humble /usr/bin/cmake /home/aurora/RM25/src/rm_robot_description -DROS_EDITION=ROS2 -DHUMBLE_ROS=humble -DCMAKE_INSTALL_PREFIX=/home/aurora/RM25/src/install/rm_robot_description
[0.198s] -- The C compiler identification is GNU 11.4.0
[1.280s] -- The CXX compiler identification is GNU 11.4.0
[1.638s] -- Detecting C compiler ABI info
[1.751s] -- Detecting C compiler ABI info - done
[1.755s] -- Check for working C compiler: /usr/bin/cc - skipped
[1.756s] -- Detecting C compile features
[1.756s] -- Detecting C compile features - done
[1.757s] -- Detecting CXX compiler ABI info
[1.906s] -- Detecting CXX compiler ABI info - done
[1.910s] -- Check for working CXX compiler: /usr/bin/c++ - skipped
[1.910s] -- Detecting CXX compile features
[1.911s] -- Detecting CXX compile features - done
[1.912s] -- Found ament_cmake_auto: 1.3.10 (/opt/ros/humble/share/ament_cmake_auto/cmake)
[2.004s] -- Found Python3: /usr/bin/python3 (found version "3.10.12") found components: Interpreter 
[2.319s] -- Found ament_lint_auto: 0.12.11 (/opt/ros/humble/share/ament_lint_auto/cmake)
[2.341s] -- Configuring done
[2.345s] -- Generating done
[2.345s] [33mCMake Warning:
[2.345s]   Manually-specified variables were not used by the project:
[2.346s] 
[2.346s]     HUMBLE_ROS
[2.346s]     ROS_EDITION
[2.346s] 
[2.346s] [0m
[2.346s] -- Build files have been written to: /home/aurora/RM25/src/build/rm_robot_description
[2.356s] Invoked command in '/home/aurora/RM25/src/build/rm_robot_description' returned '0': CMAKE_PREFIX_PATH=${CMAKE_PREFIX_PATH}:/home/aurora/ws_helloworld/install/pkg02_helloworld_py:/opt/ros/humble /usr/bin/cmake /home/aurora/RM25/src/rm_robot_description -DROS_EDITION=ROS2 -DHUMBLE_ROS=humble -DCMAKE_INSTALL_PREFIX=/home/aurora/RM25/src/install/rm_robot_description
[2.356s] Invoking command in '/home/aurora/RM25/src/build/rm_robot_description': CMAKE_PREFIX_PATH=${CMAKE_PREFIX_PATH}:/home/aurora/ws_helloworld/install/pkg02_helloworld_py:/opt/ros/humble /usr/bin/cmake --build /home/aurora/RM25/src/build/rm_robot_description -- -j20 -l20
[2.416s] Invoked command in '/home/aurora/RM25/src/build/rm_robot_description' returned '0': CMAKE_PREFIX_PATH=${CMAKE_PREFIX_PATH}:/home/aurora/ws_helloworld/install/pkg02_helloworld_py:/opt/ros/humble /usr/bin/cmake --build /home/aurora/RM25/src/build/rm_robot_description -- -j20 -l20
[2.456s] Invoking command in '/home/aurora/RM25/src/build/rm_robot_description': CMAKE_PREFIX_PATH=${CMAKE_PREFIX_PATH}:/home/aurora/ws_helloworld/install/pkg02_helloworld_py:/opt/ros/humble /usr/bin/cmake --install /home/aurora/RM25/src/build/rm_robot_description
[2.462s] -- Install configuration: ""
[2.463s] -- Installing: /home/aurora/RM25/src/install/rm_robot_description/share/rm_robot_description/urdf
[2.463s] -- Installing: /home/aurora/RM25/src/install/rm_robot_description/share/rm_robot_description/urdf/sim_robot.urdf
[2.463s] -- Installing: /home/aurora/RM25/src/install/rm_robot_description/share/rm_robot_description/urdf/robotv2.urdf
[2.464s] -- Installing: /home/aurora/RM25/src/install/rm_robot_description/share/rm_robot_description/urdf/robot.urdf
[2.464s] -- Installing: /home/aurora/RM25/src/install/rm_robot_description/share/rm_robot_description/urdf/robot.urdf.xacro
[2.465s] -- Installing: /home/aurora/RM25/src/install/rm_robot_description/share/rm_robot_description/urdf/simulation_robot.xacro
[2.465s] -- Installing: /home/aurora/RM25/src/install/rm_robot_description/share/rm_robot_description/urdf/four_omniwheel_robot.urdf
[2.469s] -- Installing: /home/aurora/RM25/src/install/rm_robot_description/share/rm_robot_description/urdf/mid360.xacro
[2.470s] -- Installing: /home/aurora/RM25/src/install/rm_robot_description/share/rm_robot_description/world
[2.471s] -- Installing: /home/aurora/RM25/src/install/rm_robot_description/share/rm_robot_description/world/RMUL2024_world.world
[2.471s] -- Installing: /home/aurora/RM25/src/install/rm_robot_description/share/rm_robot_description/world/RMUC2024_world.world
[2.472s] -- Installing: /home/aurora/RM25/src/install/rm_robot_description/share/rm_robot_description/world/my_world.world
[2.472s] -- Installing: /home/aurora/RM25/src/install/rm_robot_description/share/rm_robot_description/rviz
[2.473s] -- Installing: /home/aurora/RM25/src/install/rm_robot_description/share/rm_robot_description/rviz/fastlio.rviz
[2.473s] -- Installing: /home/aurora/RM25/src/install/rm_robot_description/share/rm_robot_description/rviz/urdf_config.rviz
[2.474s] -- Installing: /home/aurora/RM25/src/install/rm_robot_description/share/rm_robot_description/rviz/rviz2.rviz
[2.474s] -- Installing: /home/aurora/RM25/src/install/rm_robot_description/share/rm_robot_description/launch
[2.475s] -- Installing: /home/aurora/RM25/src/install/rm_robot_description/share/rm_robot_description/launch/build
[2.475s] -- Installing: /home/aurora/RM25/src/install/rm_robot_description/share/rm_robot_description/launch/build/COLCON_IGNORE
[2.475s] -- Installing: /home/aurora/RM25/src/install/rm_robot_description/share/rm_robot_description/launch/build/.built_by
[2.476s] -- Installing: /home/aurora/RM25/src/install/rm_robot_description/share/rm_robot_description/launch/log
[2.476s] -- Installing: /home/aurora/RM25/src/install/rm_robot_description/share/rm_robot_description/launch/log/build_2024-11-12_20-59-25
[2.476s] -- Installing: /home/aurora/RM25/src/install/rm_robot_description/share/rm_robot_description/launch/log/build_2024-11-12_20-59-25/logger_all.log
[2.477s] -- Installing: /home/aurora/RM25/src/install/rm_robot_description/share/rm_robot_description/launch/log/build_2024-11-12_20-59-25/events.log
[2.478s] -- Installing: /home/aurora/RM25/src/install/rm_robot_description/share/rm_robot_description/launch/log/latest_build
[2.478s] -- Installing: /home/aurora/RM25/src/install/rm_robot_description/share/rm_robot_description/launch/log/latest
[2.478s] -- Installing: /home/aurora/RM25/src/install/rm_robot_description/share/rm_robot_description/launch/log/build_2024-11-14_12-02-55
[2.478s] -- Installing: /home/aurora/RM25/src/install/rm_robot_description/share/rm_robot_description/launch/log/build_2024-11-14_12-02-55/logger_all.log
[2.478s] -- Installing: /home/aurora/RM25/src/install/rm_robot_description/share/rm_robot_description/launch/log/build_2024-11-14_12-02-55/events.log
[2.479s] -- Installing: /home/aurora/RM25/src/install/rm_robot_description/share/rm_robot_description/launch/log/COLCON_IGNORE
[2.479s] -- Installing: /home/aurora/RM25/src/install/rm_robot_description/share/rm_robot_description/launch/display.launch.py
[2.480s] -- Installing: /home/aurora/RM25/src/install/rm_robot_description/share/rm_robot_description/launch/install
[2.480s] -- Installing: /home/aurora/RM25/src/install/rm_robot_description/share/rm_robot_description/launch/install/setup.ps1
[2.481s] -- Installing: /home/aurora/RM25/src/install/rm_robot_description/share/rm_robot_description/launch/install/setup.sh
[2.482s] -- Installing: /home/aurora/RM25/src/install/rm_robot_description/share/rm_robot_description/launch/install/setup.zsh
[2.483s] -- Installing: /home/aurora/RM25/src/install/rm_robot_description/share/rm_robot_description/launch/install/local_setup.bash
[2.483s] -- Installing: /home/aurora/RM25/src/install/rm_robot_description/share/rm_robot_description/launch/install/COLCON_IGNORE
[2.483s] -- Installing: /home/aurora/RM25/src/install/rm_robot_description/share/rm_robot_description/launch/install/setup.bash
[2.483s] -- Installing: /home/aurora/RM25/src/install/rm_robot_description/share/rm_robot_description/launch/install/_local_setup_util_sh.py
[2.484s] -- Installing: /home/aurora/RM25/src/install/rm_robot_description/share/rm_robot_description/launch/install/local_setup.ps1
[2.484s] -- Installing: /home/aurora/RM25/src/install/rm_robot_description/share/rm_robot_description/launch/install/_local_setup_util_ps1.py
[2.484s] -- Installing: /home/aurora/RM25/src/install/rm_robot_description/share/rm_robot_description/launch/install/local_setup.zsh
[2.485s] -- Installing: /home/aurora/RM25/src/install/rm_robot_description/share/rm_robot_description/launch/install/.colcon_install_layout
[2.485s] -- Installing: /home/aurora/RM25/src/install/rm_robot_description/share/rm_robot_description/launch/install/local_setup.sh
[2.485s] -- Installing: /home/aurora/RM25/src/install/rm_robot_description/share/rm_robot_description/launch/robot.launch.py
[2.486s] -- Installing: /home/aurora/RM25/src/install/rm_robot_description/share/rm_robot_description/launch/robotv2.launch.py
[2.486s] -- Installing: /home/aurora/RM25/src/install/rm_robot_description/share/rm_robot_description/launch/__pycache__
[2.486s] -- Installing: /home/aurora/RM25/src/install/rm_robot_description/share/rm_robot_description/launch/__pycache__/display.launch.cpython-310.pyc
[2.487s] -- Installing: /home/aurora/RM25/src/install/rm_robot_description/share/rm_robot_description/launch/__pycache__/robot.launch.cpython-310.pyc
[2.487s] -- Installing: /home/aurora/RM25/src/install/rm_robot_description/share/rm_robot_description/launch/__pycache__/robotv2.launch.cpython-310.pyc
[2.488s] -- Installing: /home/aurora/RM25/src/install/rm_robot_description/share/rm_robot_description/launch/__pycache__/rm_simulation.launch.cpython-310.pyc
[2.489s] -- Installing: /home/aurora/RM25/src/install/rm_robot_description/share/rm_robot_description/launch/rm_simulation.launch.py
[2.491s] -- Installing: /home/aurora/RM25/src/install/rm_robot_description/share/rm_robot_description/meshes
[2.491s] -- Installing: /home/aurora/RM25/src/install/rm_robot_description/share/rm_robot_description/meshes/gazebo.launch.py
[2.491s] -- Installing: /home/aurora/RM25/src/install/rm_robot_description/share/rm_robot_description/meshes/omniwheel1_link.STL
[2.522s] -- Installing: /home/aurora/RM25/src/install/rm_robot_description/share/rm_robot_description/meshes/display.launch.py
[2.522s] -- Installing: /home/aurora/RM25/src/install/rm_robot_description/share/rm_robot_description/meshes/RMUL_2024.stl
[2.599s] -- Installing: /home/aurora/RM25/src/install/rm_robot_description/share/rm_robot_description/meshes/mid360.stl
[2.626s] -- Installing: /home/aurora/RM25/src/install/rm_robot_description/share/rm_robot_description/meshes/display.launch
[2.626s] -- Installing: /home/aurora/RM25/src/install/rm_robot_description/share/rm_robot_description/meshes/mid360laser_link.STL
[2.643s] -- Installing: /home/aurora/RM25/src/install/rm_robot_description/share/rm_robot_description/meshes/RMUC_2024.stl
[2.647s] -- Installing: /home/aurora/RM25/src/install/rm_robot_description/share/rm_robot_description/meshes/omniwheel3_link.STL
[2.668s] -- Installing: /home/aurora/RM25/src/install/rm_robot_description/share/rm_robot_description/meshes/omniwheel4_link.STL
[2.687s] -- Installing: /home/aurora/RM25/src/install/rm_robot_description/share/rm_robot_description/meshes/base_link.STL
[2.688s] -- Installing: /home/aurora/RM25/src/install/rm_robot_description/share/rm_robot_description/meshes/gazebo.launch
[2.688s] -- Installing: /home/aurora/RM25/src/install/rm_robot_description/share/rm_robot_description/meshes/omniwheel2_link.STL
[2.712s] -- Installing: /home/aurora/RM25/src/install/rm_robot_description/share/rm_robot_description/meshes/controller_link.STL
[2.714s] -- Up-to-date: /home/aurora/RM25/src/install/rm_robot_description/share/rm_robot_description/launch
[2.714s] -- Up-to-date: /home/aurora/RM25/src/install/rm_robot_description/share/rm_robot_description/launch/build
[2.714s] -- Up-to-date: /home/aurora/RM25/src/install/rm_robot_description/share/rm_robot_description/launch/build/COLCON_IGNORE
[2.714s] -- Up-to-date: /home/aurora/RM25/src/install/rm_robot_description/share/rm_robot_description/launch/build/.built_by
[2.714s] -- Up-to-date: /home/aurora/RM25/src/install/rm_robot_description/share/rm_robot_description/launch/log
[2.714s] -- Up-to-date: /home/aurora/RM25/src/install/rm_robot_description/share/rm_robot_description/launch/log/build_2024-11-12_20-59-25
[2.714s] -- Up-to-date: /home/aurora/RM25/src/install/rm_robot_description/share/rm_robot_description/launch/log/build_2024-11-12_20-59-25/logger_all.log
[2.714s] -- Up-to-date: /home/aurora/RM25/src/install/rm_robot_description/share/rm_robot_description/launch/log/build_2024-11-12_20-59-25/events.log
[2.714s] -- Up-to-date: /home/aurora/RM25/src/install/rm_robot_description/share/rm_robot_description/launch/log/latest_build
[2.714s] -- Up-to-date: /home/aurora/RM25/src/install/rm_robot_description/share/rm_robot_description/launch/log/latest
[2.714s] -- Up-to-date: /home/aurora/RM25/src/install/rm_robot_description/share/rm_robot_description/launch/log/build_2024-11-14_12-02-55
[2.714s] -- Up-to-date: /home/aurora/RM25/src/install/rm_robot_description/share/rm_robot_description/launch/log/build_2024-11-14_12-02-55/logger_all.log
[2.715s] -- Up-to-date: /home/aurora/RM25/src/install/rm_robot_description/share/rm_robot_description/launch/log/build_2024-11-14_12-02-55/events.log
[2.715s] -- Up-to-date: /home/aurora/RM25/src/install/rm_robot_description/share/rm_robot_description/launch/log/COLCON_IGNORE
[2.715s] -- Up-to-date: /home/aurora/RM25/src/install/rm_robot_description/share/rm_robot_description/launch/display.launch.py
[2.715s] -- Up-to-date: /home/aurora/RM25/src/install/rm_robot_description/share/rm_robot_description/launch/install
[2.715s] -- Up-to-date: /home/aurora/RM25/src/install/rm_robot_description/share/rm_robot_description/launch/install/setup.ps1
[2.715s] -- Up-to-date: /home/aurora/RM25/src/install/rm_robot_description/share/rm_robot_description/launch/install/setup.sh
[2.715s] -- Up-to-date: /home/aurora/RM25/src/install/rm_robot_description/share/rm_robot_description/launch/install/setup.zsh
[2.715s] -- Up-to-date: /home/aurora/RM25/src/install/rm_robot_description/share/rm_robot_description/launch/install/local_setup.bash
[2.715s] -- Up-to-date: /home/aurora/RM25/src/install/rm_robot_description/share/rm_robot_description/launch/install/COLCON_IGNORE
[2.715s] -- Up-to-date: /home/aurora/RM25/src/install/rm_robot_description/share/rm_robot_description/launch/install/setup.bash
[2.715s] -- Up-to-date: /home/aurora/RM25/src/install/rm_robot_description/share/rm_robot_description/launch/install/_local_setup_util_sh.py
[2.715s] -- Up-to-date: /home/aurora/RM25/src/install/rm_robot_description/share/rm_robot_description/launch/install/local_setup.ps1
[2.715s] -- Up-to-date: /home/aurora/RM25/src/install/rm_robot_description/share/rm_robot_description/launch/install/_local_setup_util_ps1.py
[2.715s] -- Up-to-date: /home/aurora/RM25/src/install/rm_robot_description/share/rm_robot_description/launch/install/local_setup.zsh
[2.715s] -- Up-to-date: /home/aurora/RM25/src/install/rm_robot_description/share/rm_robot_description/launch/install/.colcon_install_layout
[2.715s] -- Up-to-date: /home/aurora/RM25/src/install/rm_robot_description/share/rm_robot_description/launch/install/local_setup.sh
[2.715s] -- Up-to-date: /home/aurora/RM25/src/install/rm_robot_description/share/rm_robot_description/launch/robot.launch.py
[2.715s] -- Up-to-date: /home/aurora/RM25/src/install/rm_robot_description/share/rm_robot_description/launch/robotv2.launch.py
[2.715s] -- Up-to-date: /home/aurora/RM25/src/install/rm_robot_description/share/rm_robot_description/launch/__pycache__
[2.715s] -- Up-to-date: /home/aurora/RM25/src/install/rm_robot_description/share/rm_robot_description/launch/__pycache__/display.launch.cpython-310.pyc
[2.715s] -- Up-to-date: /home/aurora/RM25/src/install/rm_robot_description/share/rm_robot_description/launch/__pycache__/robot.launch.cpython-310.pyc
[2.715s] -- Up-to-date: /home/aurora/RM25/src/install/rm_robot_description/share/rm_robot_description/launch/__pycache__/robotv2.launch.cpython-310.pyc
[2.716s] -- Up-to-date: /home/aurora/RM25/src/install/rm_robot_description/share/rm_robot_description/launch/__pycache__/rm_simulation.launch.cpython-310.pyc
[2.716s] -- Up-to-date: /home/aurora/RM25/src/install/rm_robot_description/share/rm_robot_description/launch/rm_simulation.launch.py
[2.716s] -- Up-to-date: /home/aurora/RM25/src/install/rm_robot_description/share/rm_robot_description/urdf
[2.716s] -- Up-to-date: /home/aurora/RM25/src/install/rm_robot_description/share/rm_robot_description/urdf/sim_robot.urdf
[2.716s] -- Up-to-date: /home/aurora/RM25/src/install/rm_robot_description/share/rm_robot_description/urdf/robotv2.urdf
[2.716s] -- Up-to-date: /home/aurora/RM25/src/install/rm_robot_description/share/rm_robot_description/urdf/robot.urdf
[2.716s] -- Up-to-date: /home/aurora/RM25/src/install/rm_robot_description/share/rm_robot_description/urdf/robot.urdf.xacro
[2.716s] -- Up-to-date: /home/aurora/RM25/src/install/rm_robot_description/share/rm_robot_description/urdf/simulation_robot.xacro
[2.716s] -- Up-to-date: /home/aurora/RM25/src/install/rm_robot_description/share/rm_robot_description/urdf/four_omniwheel_robot.urdf
[2.716s] -- Up-to-date: /home/aurora/RM25/src/install/rm_robot_description/share/rm_robot_description/urdf/mid360.xacro
[2.716s] -- Up-to-date: /home/aurora/RM25/src/install/rm_robot_description/share/rm_robot_description/meshes
[2.716s] -- Up-to-date: /home/aurora/RM25/src/install/rm_robot_description/share/rm_robot_description/meshes/gazebo.launch.py
[2.716s] -- Up-to-date: /home/aurora/RM25/src/install/rm_robot_description/share/rm_robot_description/meshes/omniwheel1_link.STL
[2.716s] -- Up-to-date: /home/aurora/RM25/src/install/rm_robot_description/share/rm_robot_description/meshes/display.launch.py
[2.716s] -- Up-to-date: /home/aurora/RM25/src/install/rm_robot_description/share/rm_robot_description/meshes/RMUL_2024.stl
[2.716s] -- Up-to-date: /home/aurora/RM25/src/install/rm_robot_description/share/rm_robot_description/meshes/mid360.stl
[2.716s] -- Up-to-date: /home/aurora/RM25/src/install/rm_robot_description/share/rm_robot_description/meshes/display.launch
[2.716s] -- Up-to-date: /home/aurora/RM25/src/install/rm_robot_description/share/rm_robot_description/meshes/mid360laser_link.STL
[2.716s] -- Up-to-date: /home/aurora/RM25/src/install/rm_robot_description/share/rm_robot_description/meshes/RMUC_2024.stl
[2.716s] -- Up-to-date: /home/aurora/RM25/src/install/rm_robot_description/share/rm_robot_description/meshes/omniwheel3_link.STL
[2.716s] -- Up-to-date: /home/aurora/RM25/src/install/rm_robot_description/share/rm_robot_description/meshes/omniwheel4_link.STL
[2.716s] -- Up-to-date: /home/aurora/RM25/src/install/rm_robot_description/share/rm_robot_description/meshes/base_link.STL
[2.716s] -- Up-to-date: /home/aurora/RM25/src/install/rm_robot_description/share/rm_robot_description/meshes/gazebo.launch
[2.716s] -- Up-to-date: /home/aurora/RM25/src/install/rm_robot_description/share/rm_robot_description/meshes/omniwheel2_link.STL
[2.717s] -- Up-to-date: /home/aurora/RM25/src/install/rm_robot_description/share/rm_robot_description/meshes/controller_link.STL
[2.717s] -- Up-to-date: /home/aurora/RM25/src/install/rm_robot_description/share/rm_robot_description/world
[2.717s] -- Up-to-date: /home/aurora/RM25/src/install/rm_robot_description/share/rm_robot_description/world/RMUL2024_world.world
[2.717s] -- Up-to-date: /home/aurora/RM25/src/install/rm_robot_description/share/rm_robot_description/world/RMUC2024_world.world
[2.717s] -- Up-to-date: /home/aurora/RM25/src/install/rm_robot_description/share/rm_robot_description/world/my_world.world
[2.717s] -- Up-to-date: /home/aurora/RM25/src/install/rm_robot_description/share/rm_robot_description/rviz
[2.717s] -- Up-to-date: /home/aurora/RM25/src/install/rm_robot_description/share/rm_robot_description/rviz/fastlio.rviz
[2.717s] -- Up-to-date: /home/aurora/RM25/src/install/rm_robot_description/share/rm_robot_description/rviz/urdf_config.rviz
[2.717s] -- Up-to-date: /home/aurora/RM25/src/install/rm_robot_description/share/rm_robot_description/rviz/rviz2.rviz
[2.726s] -- Installing: /home/aurora/RM25/src/install/rm_robot_description/share/ament_index/resource_index/package_run_dependencies/rm_robot_description
[2.726s] -- Installing: /home/aurora/RM25/src/install/rm_robot_description/share/ament_index/resource_index/parent_prefix_path/rm_robot_description
[2.726s] -- Installing: /home/aurora/RM25/src/install/rm_robot_description/share/rm_robot_description/environment/ament_prefix_path.sh
[2.726s] -- Installing: /home/aurora/RM25/src/install/rm_robot_description/share/rm_robot_description/environment/ament_prefix_path.dsv
[2.726s] -- Installing: /home/aurora/RM25/src/install/rm_robot_description/share/rm_robot_description/environment/path.sh
[2.726s] -- Installing: /home/aurora/RM25/src/install/rm_robot_description/share/rm_robot_description/environment/path.dsv
[2.726s] -- Installing: /home/aurora/RM25/src/install/rm_robot_description/share/rm_robot_description/local_setup.bash
[2.726s] -- Installing: /home/aurora/RM25/src/install/rm_robot_description/share/rm_robot_description/local_setup.sh
[2.727s] -- Installing: /home/aurora/RM25/src/install/rm_robot_description/share/rm_robot_description/local_setup.zsh
[2.727s] -- Installing: /home/aurora/RM25/src/install/rm_robot_description/share/rm_robot_description/local_setup.dsv
[2.727s] -- Installing: /home/aurora/RM25/src/install/rm_robot_description/share/rm_robot_description/package.dsv
[2.727s] -- Installing: /home/aurora/RM25/src/install/rm_robot_description/share/ament_index/resource_index/packages/rm_robot_description
[2.727s] -- Installing: /home/aurora/RM25/src/install/rm_robot_description/share/rm_robot_description/cmake/ament_cmake_export_dependencies-extras.cmake
[2.727s] -- Installing: /home/aurora/RM25/src/install/rm_robot_description/share/rm_robot_description/cmake/rm_robot_descriptionConfig.cmake
[2.727s] -- Installing: /home/aurora/RM25/src/install/rm_robot_description/share/rm_robot_description/cmake/rm_robot_descriptionConfig-version.cmake
[2.727s] -- Installing: /home/aurora/RM25/src/install/rm_robot_description/share/rm_robot_description/package.xml
[2.727s] Invoked command in '/home/aurora/RM25/src/build/rm_robot_description' returned '0': CMAKE_PREFIX_PATH=${CMAKE_PREFIX_PATH}:/home/aurora/ws_helloworld/install/pkg02_helloworld_py:/opt/ros/humble /usr/bin/cmake --install /home/aurora/RM25/src/build/rm_robot_description
