[0.013s] Invoking command in '/home/aurora/RM25/build/livox_interfaces': CMAKE_PREFIX_PATH=${CMAKE_PREFIX_PATH}:/home/aurora/ros_ws/install/sdformat_tools:/opt/ros/humble /usr/bin/cmake /home/aurora/RM25/src/livox_interfaces -DAMENT_CMAKE_SYMLINK_INSTALL=1 -DCMAKE_INSTALL_PREFIX=/home/aurora/RM25/install/livox_interfaces
[0.097s] -- The C compiler identification is GNU 11.4.0
[0.139s] -- The CXX compiler identification is GNU 11.4.0
[0.144s] -- Detecting C compiler ABI info
[0.200s] -- Detecting C compiler ABI info - done
[0.207s] -- Check for working C compiler: /usr/bin/cc - skipped
[0.207s] -- Detecting C compile features
[0.208s] -- Detecting C compile features - done
[0.211s] -- Detecting CXX compiler ABI info
[0.268s] -- Detecting CXX compiler ABI info - done
[0.274s] -- Check for working CXX compiler: /usr/bin/c++ - skipped
[0.274s] -- Detecting CXX compile features
[0.275s] -- Detecting CXX compile features - done
[0.278s] -- Found ament_cmake: 1.3.10 (/opt/ros/humble/share/ament_cmake/cmake)
[0.440s] -- Found Python3: /usr/bin/python3 (found version "3.10.12") found components: Interpreter 
[0.533s] -- Override CMake install command with custom implementation using symlinks instead of copying resources
[0.657s] -- Found std_msgs: 4.2.4 (/opt/ros/humble/share/std_msgs/cmake)
[0.788s] -- Found rosidl_generator_c: 3.1.5 (/opt/ros/humble/share/rosidl_generator_c/cmake)
[0.812s] -- Found rosidl_adapter: 3.1.5 (/opt/ros/humble/share/rosidl_adapter/cmake)
[0.842s] -- Found rosidl_generator_cpp: 3.1.5 (/opt/ros/humble/share/rosidl_generator_cpp/cmake)
[0.883s] -- Using all available rosidl_typesupport_c: rosidl_typesupport_fastrtps_c;rosidl_typesupport_introspection_c
[0.936s] -- Using all available rosidl_typesupport_cpp: rosidl_typesupport_fastrtps_cpp;rosidl_typesupport_introspection_cpp
[1.014s] -- Found rosidl_default_generators: 1.2.0 (/opt/ros/humble/share/rosidl_default_generators/cmake)
[1.507s] -- Found ament_cmake_ros: 0.10.0 (/opt/ros/humble/share/ament_cmake_ros/cmake)
[2.336s] -- Using all available rosidl_typesupport_c: rosidl_typesupport_fastrtps_c;rosidl_typesupport_introspection_c
[2.620s] -- Using all available rosidl_typesupport_cpp: rosidl_typesupport_fastrtps_cpp;rosidl_typesupport_introspection_cpp
[2.686s] -- Found PythonInterp: /usr/bin/python3 (found suitable version "3.10.12", minimum required is "3.6") 
[2.695s] -- Found python_cmake_module: 0.10.0 (/opt/ros/humble/share/python_cmake_module/cmake)
[2.759s] -- Found PythonLibs: /usr/lib/x86_64-linux-gnu/libpython3.10.so (found suitable version "3.10.12", minimum required is "3.5") 
[2.759s] -- Using PYTHON_EXECUTABLE: /usr/bin/python3
[2.759s] -- Using PYTHON_INCLUDE_DIRS: /usr/include/python3.10
[2.759s] -- Using PYTHON_LIBRARIES: /usr/lib/x86_64-linux-gnu/libpython3.10.so
[2.816s] -- Found PythonExtra: .so  
[2.964s] -- Found ament_lint_auto: 0.12.11 (/opt/ros/humble/share/ament_lint_auto/cmake)
[3.044s] -- Added test 'copyright' to check source files copyright and LICENSE
[3.045s] -- Added test 'lint_cmake' to check CMake code style
[3.047s] -- Added test 'xmllint' to check XML markup files
[3.058s] -- Configuring done
[3.138s] -- Generating done
[3.162s] -- Build files have been written to: /home/aurora/RM25/build/livox_interfaces
[3.192s] Invoked command in '/home/aurora/RM25/build/livox_interfaces' returned '0': CMAKE_PREFIX_PATH=${CMAKE_PREFIX_PATH}:/home/aurora/ros_ws/install/sdformat_tools:/opt/ros/humble /usr/bin/cmake /home/aurora/RM25/src/livox_interfaces -DAMENT_CMAKE_SYMLINK_INSTALL=1 -DCMAKE_INSTALL_PREFIX=/home/aurora/RM25/install/livox_interfaces
[3.193s] Invoking command in '/home/aurora/RM25/build/livox_interfaces': CMAKE_PREFIX_PATH=${CMAKE_PREFIX_PATH}:/home/aurora/ros_ws/install/sdformat_tools:/opt/ros/humble /usr/bin/cmake --build /home/aurora/RM25/build/livox_interfaces -- -j20 -l20
[3.299s] [  2%] [34m[1mGenerating C code for ROS interfaces[0m
[3.312s] [  5%] [34m[1mGenerating C++ code for ROS interfaces[0m
[3.331s] [  5%] Built target ament_cmake_python_symlink_livox_interfaces
[3.847s] running egg_info
[3.848s] creating livox_interfaces.egg-info
[3.852s] writing livox_interfaces.egg-info/PKG-INFO
[3.852s] writing dependency_links to livox_interfaces.egg-info/dependency_links.txt
[3.852s] writing top-level names to livox_interfaces.egg-info/top_level.txt
[3.853s] writing manifest file 'livox_interfaces.egg-info/SOURCES.txt'
[3.855s] reading manifest file 'livox_interfaces.egg-info/SOURCES.txt'
[3.856s] writing manifest file 'livox_interfaces.egg-info/SOURCES.txt'
[3.933s] [  5%] Built target ament_cmake_python_build_livox_interfaces_egg
[4.080s] [  7%] [32mBuilding C object CMakeFiles/livox_interfaces__rosidl_generator_c.dir/rosidl_generator_c/livox_interfaces/msg/detail/custom_msg__functions.c.o[0m
[4.081s] [ 10%] [32mBuilding C object CMakeFiles/livox_interfaces__rosidl_generator_c.dir/rosidl_generator_c/livox_interfaces/msg/detail/custom_point__functions.c.o[0m
[4.158s] [ 10%] Built target livox_interfaces__cpp
[4.177s] [ 12%] [34m[1mGenerating C++ type support dispatch for ROS interfaces[0m
[4.180s] [ 17%] [34m[1mGenerating C++ introspection for ROS interfaces[0m
[4.180s] [ 17%] [34m[1mGenerating C++ type support for eProsima Fast-RTPS[0m
[4.197s] [ 20%] [32m[1mLinking C shared library liblivox_interfaces__rosidl_generator_c.so[0m
[4.279s] [ 20%] Built target livox_interfaces__rosidl_generator_c
[4.305s] [ 23%] [34m[1mGenerating C type support dispatch for ROS interfaces[0m
[4.307s] [ 25%] [34m[1mGenerating C type support for eProsima Fast-RTPS[0m
[4.308s] [ 28%] [34m[1mGenerating C introspection for ROS interfaces[0m
[4.820s] [ 30%] [32mBuilding CXX object CMakeFiles/livox_interfaces__rosidl_typesupport_cpp.dir/rosidl_typesupport_cpp/livox_interfaces/msg/custom_point__type_support.cpp.o[0m
[4.824s] [ 33%] [32mBuilding CXX object CMakeFiles/livox_interfaces__rosidl_typesupport_cpp.dir/rosidl_typesupport_cpp/livox_interfaces/msg/custom_msg__type_support.cpp.o[0m
[4.951s] [ 35%] [32mBuilding CXX object CMakeFiles/livox_interfaces__rosidl_typesupport_fastrtps_c.dir/rosidl_typesupport_fastrtps_c/livox_interfaces/msg/detail/custom_msg__type_support_c.cpp.o[0m
[4.954s] [ 38%] [32mBuilding CXX object CMakeFiles/livox_interfaces__rosidl_typesupport_fastrtps_c.dir/rosidl_typesupport_fastrtps_c/livox_interfaces/msg/detail/custom_point__type_support_c.cpp.o[0m
[4.988s] [ 41%] [32mBuilding C object CMakeFiles/livox_interfaces__rosidl_typesupport_introspection_c.dir/rosidl_typesupport_introspection_c/livox_interfaces/msg/detail/custom_point__type_support.c.o[0m
[4.995s] [ 43%] [32mBuilding C object CMakeFiles/livox_interfaces__rosidl_typesupport_introspection_c.dir/rosidl_typesupport_introspection_c/livox_interfaces/msg/detail/custom_msg__type_support.c.o[0m
[5.092s] [ 46%] [32m[1mLinking C shared library liblivox_interfaces__rosidl_typesupport_introspection_c.so[0m
[5.149s] [ 48%] [32mBuilding CXX object CMakeFiles/livox_interfaces__rosidl_typesupport_c.dir/rosidl_typesupport_c/livox_interfaces/msg/custom_point__type_support.cpp.o[0m
[5.152s] [ 51%] [32mBuilding CXX object CMakeFiles/livox_interfaces__rosidl_typesupport_c.dir/rosidl_typesupport_c/livox_interfaces/msg/custom_msg__type_support.cpp.o[0m
[5.173s] [ 51%] Built target livox_interfaces__rosidl_typesupport_introspection_c
[5.183s] [ 53%] [32mBuilding CXX object CMakeFiles/livox_interfaces__rosidl_typesupport_fastrtps_cpp.dir/rosidl_typesupport_fastrtps_cpp/livox_interfaces/msg/detail/dds_fastrtps/custom_point__type_support.cpp.o[0m
[5.193s] [ 56%] [32mBuilding CXX object CMakeFiles/livox_interfaces__rosidl_typesupport_fastrtps_cpp.dir/rosidl_typesupport_fastrtps_cpp/livox_interfaces/msg/detail/dds_fastrtps/custom_msg__type_support.cpp.o[0m
[5.224s] [ 58%] [32m[1mLinking CXX shared library liblivox_interfaces__rosidl_typesupport_c.so[0m
[5.236s] [ 61%] [32m[1mLinking CXX shared library liblivox_interfaces__rosidl_typesupport_cpp.so[0m
[5.313s] [ 61%] Built target livox_interfaces__rosidl_typesupport_c
[5.317s] [ 64%] [32mBuilding CXX object CMakeFiles/livox_interfaces__rosidl_typesupport_introspection_cpp.dir/rosidl_typesupport_introspection_cpp/livox_interfaces/msg/detail/custom_point__type_support.cpp.o[0m
[5.320s] [ 66%] [32mBuilding CXX object CMakeFiles/livox_interfaces__rosidl_typesupport_introspection_cpp.dir/rosidl_typesupport_introspection_cpp/livox_interfaces/msg/detail/custom_msg__type_support.cpp.o[0m
[5.327s] [ 66%] Built target livox_interfaces__rosidl_typesupport_cpp
[5.636s] [ 69%] [32m[1mLinking CXX shared library liblivox_interfaces__rosidl_typesupport_fastrtps_c.so[0m
[5.799s] [ 69%] Built target livox_interfaces__rosidl_typesupport_fastrtps_c
[5.822s] [ 71%] [32m[1mLinking CXX shared library liblivox_interfaces__rosidl_typesupport_fastrtps_cpp.so[0m
[5.992s] [ 71%] Built target livox_interfaces__rosidl_typesupport_fastrtps_cpp
[6.162s] [ 74%] [32m[1mLinking CXX shared library liblivox_interfaces__rosidl_typesupport_introspection_cpp.so[0m
[6.248s] [ 74%] Built target livox_interfaces__rosidl_typesupport_introspection_cpp
[6.269s] [ 74%] Built target livox_interfaces
[6.291s] [ 76%] [34m[1mGenerating Python code for ROS interfaces[0m
[6.798s] [ 76%] Built target livox_interfaces__py
[6.813s] [ 79%] [32mBuilding C object CMakeFiles/livox_interfaces__rosidl_generator_py.dir/rosidl_generator_py/livox_interfaces/msg/_custom_point_s.c.o[0m
[6.818s] [ 82%] [32mBuilding C object CMakeFiles/livox_interfaces__rosidl_generator_py.dir/rosidl_generator_py/livox_interfaces/msg/_custom_msg_s.c.o[0m
[6.917s] [ 84%] [32m[1mLinking C shared library rosidl_generator_py/livox_interfaces/liblivox_interfaces__rosidl_generator_py.so[0m
[6.944s] [ 84%] Built target livox_interfaces__rosidl_generator_py
[6.959s] [ 87%] [32mBuilding C object CMakeFiles/livox_interfaces__rosidl_typesupport_introspection_c__pyext.dir/rosidl_generator_py/livox_interfaces/_livox_interfaces_s.ep.rosidl_typesupport_introspection_c.c.o[0m
[6.959s] [ 89%] [32mBuilding C object CMakeFiles/livox_interfaces__rosidl_typesupport_c__pyext.dir/rosidl_generator_py/livox_interfaces/_livox_interfaces_s.ep.rosidl_typesupport_c.c.o[0m
[6.960s] [ 92%] [32mBuilding C object CMakeFiles/livox_interfaces__rosidl_typesupport_fastrtps_c__pyext.dir/rosidl_generator_py/livox_interfaces/_livox_interfaces_s.ep.rosidl_typesupport_fastrtps_c.c.o[0m
[7.024s] [ 94%] [32m[1mLinking C shared library rosidl_generator_py/livox_interfaces/livox_interfaces_s__rosidl_typesupport_c.cpython-310-x86_64-linux-gnu.so[0m
[7.028s] [ 97%] [32m[1mLinking C shared library rosidl_generator_py/livox_interfaces/livox_interfaces_s__rosidl_typesupport_fastrtps_c.cpython-310-x86_64-linux-gnu.so[0m
[7.035s] [100%] [32m[1mLinking C shared library rosidl_generator_py/livox_interfaces/livox_interfaces_s__rosidl_typesupport_introspection_c.cpython-310-x86_64-linux-gnu.so[0m
[7.056s] [100%] Built target livox_interfaces__rosidl_typesupport_c__pyext
[7.062s] [100%] Built target livox_interfaces__rosidl_typesupport_fastrtps_c__pyext
[7.068s] [100%] Built target livox_interfaces__rosidl_typesupport_introspection_c__pyext
[7.080s] Invoked command in '/home/aurora/RM25/build/livox_interfaces' returned '0': CMAKE_PREFIX_PATH=${CMAKE_PREFIX_PATH}:/home/aurora/ros_ws/install/sdformat_tools:/opt/ros/humble /usr/bin/cmake --build /home/aurora/RM25/build/livox_interfaces -- -j20 -l20
[7.089s] Invoking command in '/home/aurora/RM25/build/livox_interfaces': CMAKE_PREFIX_PATH=${CMAKE_PREFIX_PATH}:/home/aurora/ros_ws/install/sdformat_tools:/opt/ros/humble /usr/bin/cmake --install /home/aurora/RM25/build/livox_interfaces
[7.097s] -- Install configuration: ""
[7.097s] -- Execute custom install script
[7.097s] -- Symlinking: /home/aurora/RM25/install/livox_interfaces/share/ament_index/resource_index/rosidl_interfaces/livox_interfaces
[7.108s] -- Symlinking: /home/aurora/RM25/install/livox_interfaces/include/livox_interfaces/livox_interfaces/msg/custom_msg.h
[7.117s] -- Symlinking: /home/aurora/RM25/install/livox_interfaces/include/livox_interfaces/livox_interfaces/msg/custom_point.h
[7.128s] -- Symlinking: /home/aurora/RM25/install/livox_interfaces/include/livox_interfaces/livox_interfaces/msg/detail/custom_msg__functions.h
[7.141s] -- Symlinking: /home/aurora/RM25/install/livox_interfaces/include/livox_interfaces/livox_interfaces/msg/detail/custom_msg__struct.h
[7.151s] -- Symlinking: /home/aurora/RM25/install/livox_interfaces/include/livox_interfaces/livox_interfaces/msg/detail/custom_msg__type_support.h
[7.160s] -- Symlinking: /home/aurora/RM25/install/livox_interfaces/include/livox_interfaces/livox_interfaces/msg/detail/custom_point__functions.h
[7.171s] -- Symlinking: /home/aurora/RM25/install/livox_interfaces/include/livox_interfaces/livox_interfaces/msg/detail/custom_point__struct.h
[7.182s] -- Symlinking: /home/aurora/RM25/install/livox_interfaces/include/livox_interfaces/livox_interfaces/msg/detail/custom_point__type_support.h
[7.188s] -- Symlinking: /home/aurora/RM25/install/livox_interfaces/include/livox_interfaces/livox_interfaces/msg/rosidl_generator_c__visibility_control.h
[7.201s] -- Symlinking: /home/aurora/RM25/install/livox_interfaces/share/livox_interfaces/environment/library_path.sh
[7.215s] -- Symlinking: /home/aurora/RM25/install/livox_interfaces/share/livox_interfaces/environment/library_path.dsv
[7.229s] -- Symlinking: /home/aurora/RM25/install/livox_interfaces/include/livox_interfaces/livox_interfaces/msg/detail/custom_msg__rosidl_typesupport_fastrtps_c.h
[7.239s] -- Symlinking: /home/aurora/RM25/install/livox_interfaces/include/livox_interfaces/livox_interfaces/msg/detail/custom_point__rosidl_typesupport_fastrtps_c.h
[7.250s] -- Symlinking: /home/aurora/RM25/install/livox_interfaces/include/livox_interfaces/livox_interfaces/msg/rosidl_typesupport_fastrtps_c__visibility_control.h
[7.261s] -- Symlinking: /home/aurora/RM25/install/livox_interfaces/include/livox_interfaces/livox_interfaces/msg/custom_msg.hpp
[7.271s] -- Symlinking: /home/aurora/RM25/install/livox_interfaces/include/livox_interfaces/livox_interfaces/msg/custom_point.hpp
[7.281s] -- Symlinking: /home/aurora/RM25/install/livox_interfaces/include/livox_interfaces/livox_interfaces/msg/detail/custom_msg__builder.hpp
[7.291s] -- Symlinking: /home/aurora/RM25/install/livox_interfaces/include/livox_interfaces/livox_interfaces/msg/detail/custom_msg__struct.hpp
[7.304s] -- Symlinking: /home/aurora/RM25/install/livox_interfaces/include/livox_interfaces/livox_interfaces/msg/detail/custom_msg__traits.hpp
[7.312s] -- Symlinking: /home/aurora/RM25/install/livox_interfaces/include/livox_interfaces/livox_interfaces/msg/detail/custom_point__builder.hpp
[7.322s] -- Symlinking: /home/aurora/RM25/install/livox_interfaces/include/livox_interfaces/livox_interfaces/msg/detail/custom_point__struct.hpp
[7.330s] -- Symlinking: /home/aurora/RM25/install/livox_interfaces/include/livox_interfaces/livox_interfaces/msg/detail/custom_point__traits.hpp
[7.338s] -- Symlinking: /home/aurora/RM25/install/livox_interfaces/include/livox_interfaces/livox_interfaces/msg/detail/custom_msg__rosidl_typesupport_fastrtps_cpp.hpp
[7.343s] -- Symlinking: /home/aurora/RM25/install/livox_interfaces/include/livox_interfaces/livox_interfaces/msg/detail/custom_point__rosidl_typesupport_fastrtps_cpp.hpp
[7.352s] -- Symlinking: /home/aurora/RM25/install/livox_interfaces/include/livox_interfaces/livox_interfaces/msg/rosidl_typesupport_fastrtps_cpp__visibility_control.h
[7.362s] -- Symlinking: /home/aurora/RM25/install/livox_interfaces/include/livox_interfaces/livox_interfaces/msg/detail/custom_msg__rosidl_typesupport_introspection_c.h
[7.369s] -- Symlinking: /home/aurora/RM25/install/livox_interfaces/include/livox_interfaces/livox_interfaces/msg/detail/custom_point__rosidl_typesupport_introspection_c.h
[7.379s] -- Symlinking: /home/aurora/RM25/install/livox_interfaces/include/livox_interfaces/livox_interfaces/msg/rosidl_typesupport_introspection_c__visibility_control.h
[7.390s] -- Symlinking: /home/aurora/RM25/install/livox_interfaces/include/livox_interfaces/livox_interfaces/msg/detail/custom_msg__rosidl_typesupport_introspection_cpp.hpp
[7.397s] -- Symlinking: /home/aurora/RM25/install/livox_interfaces/include/livox_interfaces/livox_interfaces/msg/detail/custom_point__rosidl_typesupport_introspection_cpp.hpp
[7.409s] -- Symlinking: /home/aurora/RM25/install/livox_interfaces/share/livox_interfaces/environment/pythonpath.sh
[7.417s] -- Symlinking: /home/aurora/RM25/install/livox_interfaces/share/livox_interfaces/environment/pythonpath.dsv
[7.425s] -- Symlinking: /home/aurora/RM25/install/livox_interfaces/local/lib/python3.10/dist-packages/livox_interfaces-0.0.1-py3.10.egg-info/PKG-INFO
[7.436s] -- Symlinking: /home/aurora/RM25/install/livox_interfaces/local/lib/python3.10/dist-packages/livox_interfaces-0.0.1-py3.10.egg-info/SOURCES.txt
[7.446s] -- Symlinking: /home/aurora/RM25/install/livox_interfaces/local/lib/python3.10/dist-packages/livox_interfaces-0.0.1-py3.10.egg-info/dependency_links.txt
[7.457s] -- Symlinking: /home/aurora/RM25/install/livox_interfaces/local/lib/python3.10/dist-packages/livox_interfaces-0.0.1-py3.10.egg-info/top_level.txt
[7.468s] -- Symlinking: /home/aurora/RM25/install/livox_interfaces/local/lib/python3.10/dist-packages/livox_interfaces/__init__.py
[7.478s] -- Symlinking: /home/aurora/RM25/install/livox_interfaces/local/lib/python3.10/dist-packages/livox_interfaces/_livox_interfaces_s.ep.rosidl_typesupport_c.c
[7.490s] -- Symlinking: /home/aurora/RM25/install/livox_interfaces/local/lib/python3.10/dist-packages/livox_interfaces/_livox_interfaces_s.ep.rosidl_typesupport_fastrtps_c.c
[7.502s] -- Symlinking: /home/aurora/RM25/install/livox_interfaces/local/lib/python3.10/dist-packages/livox_interfaces/_livox_interfaces_s.ep.rosidl_typesupport_introspection_c.c
[7.511s] -- Symlinking: /home/aurora/RM25/install/livox_interfaces/local/lib/python3.10/dist-packages/livox_interfaces/liblivox_interfaces__rosidl_generator_py.so
[7.522s] -- Symlinking: /home/aurora/RM25/install/livox_interfaces/local/lib/python3.10/dist-packages/livox_interfaces/livox_interfaces_s__rosidl_typesupport_c.cpython-310-x86_64-linux-gnu.so
[7.532s] -- Symlinking: /home/aurora/RM25/install/livox_interfaces/local/lib/python3.10/dist-packages/livox_interfaces/livox_interfaces_s__rosidl_typesupport_fastrtps_c.cpython-310-x86_64-linux-gnu.so
[7.543s] -- Symlinking: /home/aurora/RM25/install/livox_interfaces/local/lib/python3.10/dist-packages/livox_interfaces/livox_interfaces_s__rosidl_typesupport_introspection_c.cpython-310-x86_64-linux-gnu.so
[7.554s] -- Symlinking: /home/aurora/RM25/install/livox_interfaces/local/lib/python3.10/dist-packages/livox_interfaces/msg/__init__.py
[7.567s] -- Symlinking: /home/aurora/RM25/install/livox_interfaces/local/lib/python3.10/dist-packages/livox_interfaces/msg/_custom_msg.py
[7.579s] -- Symlinking: /home/aurora/RM25/install/livox_interfaces/local/lib/python3.10/dist-packages/livox_interfaces/msg/_custom_msg_s.c
[7.589s] -- Symlinking: /home/aurora/RM25/install/livox_interfaces/local/lib/python3.10/dist-packages/livox_interfaces/msg/_custom_point.py
[7.597s] -- Symlinking: /home/aurora/RM25/install/livox_interfaces/local/lib/python3.10/dist-packages/livox_interfaces/msg/_custom_point_s.c
[7.608s] -- Up-to-date symlink: /home/aurora/RM25/install/livox_interfaces/local/lib/python3.10/dist-packages/livox_interfaces/livox_interfaces_s__rosidl_typesupport_fastrtps_c.cpython-310-x86_64-linux-gnu.so
[7.608s] -- Up-to-date symlink: /home/aurora/RM25/install/livox_interfaces/local/lib/python3.10/dist-packages/livox_interfaces/livox_interfaces_s__rosidl_typesupport_introspection_c.cpython-310-x86_64-linux-gnu.so
[7.609s] -- Up-to-date symlink: /home/aurora/RM25/install/livox_interfaces/local/lib/python3.10/dist-packages/livox_interfaces/livox_interfaces_s__rosidl_typesupport_c.cpython-310-x86_64-linux-gnu.so
[7.609s] -- Symlinking: /home/aurora/RM25/install/livox_interfaces/share/livox_interfaces/msg/CustomPoint.idl
[7.617s] -- Symlinking: /home/aurora/RM25/install/livox_interfaces/share/livox_interfaces/msg/CustomMsg.idl
[7.625s] -- Symlinking: /home/aurora/RM25/install/livox_interfaces/share/livox_interfaces/msg/CustomPoint.msg
[7.633s] -- Symlinking: /home/aurora/RM25/install/livox_interfaces/share/livox_interfaces/msg/CustomMsg.msg
[7.641s] -- Symlinking: /home/aurora/RM25/install/livox_interfaces/share/ament_index/resource_index/package_run_dependencies/livox_interfaces
[7.649s] -- Symlinking: /home/aurora/RM25/install/livox_interfaces/share/ament_index/resource_index/parent_prefix_path/livox_interfaces
[7.658s] -- Symlinking: /home/aurora/RM25/install/livox_interfaces/share/livox_interfaces/environment/ament_prefix_path.sh
[7.669s] -- Symlinking: /home/aurora/RM25/install/livox_interfaces/share/livox_interfaces/environment/ament_prefix_path.dsv
[7.679s] -- Symlinking: /home/aurora/RM25/install/livox_interfaces/share/livox_interfaces/environment/path.sh
[7.688s] -- Symlinking: /home/aurora/RM25/install/livox_interfaces/share/livox_interfaces/environment/path.dsv
[7.696s] -- Symlinking: /home/aurora/RM25/install/livox_interfaces/share/livox_interfaces/local_setup.bash
[7.704s] -- Symlinking: /home/aurora/RM25/install/livox_interfaces/share/livox_interfaces/local_setup.sh
[7.712s] -- Symlinking: /home/aurora/RM25/install/livox_interfaces/share/livox_interfaces/local_setup.zsh
[7.720s] -- Symlinking: /home/aurora/RM25/install/livox_interfaces/share/livox_interfaces/local_setup.dsv
[7.727s] -- Symlinking: /home/aurora/RM25/install/livox_interfaces/share/livox_interfaces/package.dsv
[7.735s] -- Symlinking: /home/aurora/RM25/install/livox_interfaces/share/ament_index/resource_index/packages/livox_interfaces
[7.745s] -- Symlinking: /home/aurora/RM25/install/livox_interfaces/share/livox_interfaces/cmake/rosidl_cmake-extras.cmake
[7.754s] -- Symlinking: /home/aurora/RM25/install/livox_interfaces/share/livox_interfaces/cmake/ament_cmake_export_dependencies-extras.cmake
[7.765s] -- Symlinking: /home/aurora/RM25/install/livox_interfaces/share/livox_interfaces/cmake/ament_cmake_export_include_directories-extras.cmake
[7.776s] -- Symlinking: /home/aurora/RM25/install/livox_interfaces/share/livox_interfaces/cmake/ament_cmake_export_libraries-extras.cmake
[7.786s] -- Symlinking: /home/aurora/RM25/install/livox_interfaces/share/livox_interfaces/cmake/ament_cmake_export_targets-extras.cmake
[7.795s] -- Symlinking: /home/aurora/RM25/install/livox_interfaces/share/livox_interfaces/cmake/rosidl_cmake_export_typesupport_targets-extras.cmake
[7.804s] -- Symlinking: /home/aurora/RM25/install/livox_interfaces/share/livox_interfaces/cmake/rosidl_cmake_export_typesupport_libraries-extras.cmake
[7.813s] -- Symlinking: /home/aurora/RM25/install/livox_interfaces/share/livox_interfaces/cmake/livox_interfacesConfig.cmake
[7.825s] -- Symlinking: /home/aurora/RM25/install/livox_interfaces/share/livox_interfaces/cmake/livox_interfacesConfig-version.cmake
[7.837s] -- Symlinking: /home/aurora/RM25/install/livox_interfaces/share/livox_interfaces/package.xml
[7.847s] -- Installing: /home/aurora/RM25/install/livox_interfaces/lib/liblivox_interfaces__rosidl_generator_c.so
[7.847s] -- Set runtime path of "/home/aurora/RM25/install/livox_interfaces/lib/liblivox_interfaces__rosidl_generator_c.so" to ""
[7.847s] -- Installing: /home/aurora/RM25/install/livox_interfaces/lib/liblivox_interfaces__rosidl_typesupport_fastrtps_c.so
[7.848s] -- Set runtime path of "/home/aurora/RM25/install/livox_interfaces/lib/liblivox_interfaces__rosidl_typesupport_fastrtps_c.so" to ""
[7.848s] -- Installing: /home/aurora/RM25/install/livox_interfaces/lib/liblivox_interfaces__rosidl_typesupport_fastrtps_cpp.so
[7.848s] -- Set runtime path of "/home/aurora/RM25/install/livox_interfaces/lib/liblivox_interfaces__rosidl_typesupport_fastrtps_cpp.so" to ""
[7.848s] -- Installing: /home/aurora/RM25/install/livox_interfaces/lib/liblivox_interfaces__rosidl_typesupport_introspection_c.so
[7.848s] -- Set runtime path of "/home/aurora/RM25/install/livox_interfaces/lib/liblivox_interfaces__rosidl_typesupport_introspection_c.so" to ""
[7.848s] -- Installing: /home/aurora/RM25/install/livox_interfaces/lib/liblivox_interfaces__rosidl_typesupport_c.so
[7.848s] -- Set runtime path of "/home/aurora/RM25/install/livox_interfaces/lib/liblivox_interfaces__rosidl_typesupport_c.so" to ""
[7.849s] -- Installing: /home/aurora/RM25/install/livox_interfaces/lib/liblivox_interfaces__rosidl_typesupport_introspection_cpp.so
[7.850s] -- Set runtime path of "/home/aurora/RM25/install/livox_interfaces/lib/liblivox_interfaces__rosidl_typesupport_introspection_cpp.so" to ""
[7.850s] -- Installing: /home/aurora/RM25/install/livox_interfaces/lib/liblivox_interfaces__rosidl_typesupport_cpp.so
[7.850s] -- Set runtime path of "/home/aurora/RM25/install/livox_interfaces/lib/liblivox_interfaces__rosidl_typesupport_cpp.so" to ""
[7.884s] Listing '/home/aurora/RM25/install/livox_interfaces/local/lib/python3.10/dist-packages/livox_interfaces'...
[7.884s] Compiling '/home/aurora/RM25/install/livox_interfaces/local/lib/python3.10/dist-packages/livox_interfaces/__init__.py'...
[7.884s] Listing '/home/aurora/RM25/install/livox_interfaces/local/lib/python3.10/dist-packages/livox_interfaces/msg'...
[7.884s] Compiling '/home/aurora/RM25/install/livox_interfaces/local/lib/python3.10/dist-packages/livox_interfaces/msg/__init__.py'...
[7.884s] Compiling '/home/aurora/RM25/install/livox_interfaces/local/lib/python3.10/dist-packages/livox_interfaces/msg/_custom_msg.py'...
[7.884s] Compiling '/home/aurora/RM25/install/livox_interfaces/local/lib/python3.10/dist-packages/livox_interfaces/msg/_custom_point.py'...
[7.894s] -- Installing: /home/aurora/RM25/install/livox_interfaces/lib/liblivox_interfaces__rosidl_generator_py.so
[7.894s] -- Set runtime path of "/home/aurora/RM25/install/livox_interfaces/lib/liblivox_interfaces__rosidl_generator_py.so" to ""
[7.894s] -- Installing: /home/aurora/RM25/install/livox_interfaces/share/livox_interfaces/cmake/export_livox_interfaces__rosidl_generator_cExport.cmake
[7.894s] -- Installing: /home/aurora/RM25/install/livox_interfaces/share/livox_interfaces/cmake/export_livox_interfaces__rosidl_generator_cExport-noconfig.cmake
[7.894s] -- Installing: /home/aurora/RM25/install/livox_interfaces/share/livox_interfaces/cmake/export_livox_interfaces__rosidl_typesupport_fastrtps_cExport.cmake
[7.894s] -- Installing: /home/aurora/RM25/install/livox_interfaces/share/livox_interfaces/cmake/export_livox_interfaces__rosidl_typesupport_fastrtps_cExport-noconfig.cmake
[7.894s] -- Installing: /home/aurora/RM25/install/livox_interfaces/share/livox_interfaces/cmake/export_livox_interfaces__rosidl_generator_cppExport.cmake
[7.894s] -- Installing: /home/aurora/RM25/install/livox_interfaces/share/livox_interfaces/cmake/export_livox_interfaces__rosidl_typesupport_fastrtps_cppExport.cmake
[7.894s] -- Installing: /home/aurora/RM25/install/livox_interfaces/share/livox_interfaces/cmake/export_livox_interfaces__rosidl_typesupport_fastrtps_cppExport-noconfig.cmake
[7.894s] -- Installing: /home/aurora/RM25/install/livox_interfaces/share/livox_interfaces/cmake/livox_interfaces__rosidl_typesupport_introspection_cExport.cmake
[7.894s] -- Installing: /home/aurora/RM25/install/livox_interfaces/share/livox_interfaces/cmake/livox_interfaces__rosidl_typesupport_introspection_cExport-noconfig.cmake
[7.894s] -- Installing: /home/aurora/RM25/install/livox_interfaces/share/livox_interfaces/cmake/livox_interfaces__rosidl_typesupport_cExport.cmake
[7.894s] -- Installing: /home/aurora/RM25/install/livox_interfaces/share/livox_interfaces/cmake/livox_interfaces__rosidl_typesupport_cExport-noconfig.cmake
[7.894s] -- Installing: /home/aurora/RM25/install/livox_interfaces/share/livox_interfaces/cmake/livox_interfaces__rosidl_typesupport_introspection_cppExport.cmake
[7.894s] -- Installing: /home/aurora/RM25/install/livox_interfaces/share/livox_interfaces/cmake/livox_interfaces__rosidl_typesupport_introspection_cppExport-noconfig.cmake
[7.895s] -- Installing: /home/aurora/RM25/install/livox_interfaces/share/livox_interfaces/cmake/livox_interfaces__rosidl_typesupport_cppExport.cmake
[7.895s] -- Installing: /home/aurora/RM25/install/livox_interfaces/share/livox_interfaces/cmake/livox_interfaces__rosidl_typesupport_cppExport-noconfig.cmake
[7.895s] -- Installing: /home/aurora/RM25/install/livox_interfaces/share/livox_interfaces/cmake/export_livox_interfaces__rosidl_generator_pyExport.cmake
[7.895s] -- Installing: /home/aurora/RM25/install/livox_interfaces/share/livox_interfaces/cmake/export_livox_interfaces__rosidl_generator_pyExport-noconfig.cmake
[7.897s] Invoked command in '/home/aurora/RM25/build/livox_interfaces' returned '0': CMAKE_PREFIX_PATH=${CMAKE_PREFIX_PATH}:/home/aurora/ros_ws/install/sdformat_tools:/opt/ros/humble /usr/bin/cmake --install /home/aurora/RM25/build/livox_interfaces
