[0.519s] Invoking command in '/home/aurora/RM25/build/nav2_rviz_plugins': AMENT_PREFIX_PATH=/home/aurora/RM25/install/nav2_lifecycle_manager:/home/aurora/RM25/install/nav2_util:/home/aurora/RM25/install/nav2_common:${AMENT_PREFIX_PATH} CMAKE_PREFIX_PATH=/home/aurora/RM25/install/nav2_lifecycle_manager:/home/aurora/RM25/install/nav2_util:/home/aurora/RM25/install/nav2_msgs:/home/aurora/RM25/install/nav2_common:/home/aurora/RM25/install/rm_robot_description:/home/aurora/RM25/install/nav2_bringup:/home/aurora/RM25/install/four_omniwheel_robot:/home/aurora/ws_helloworld/install/pkg01_helloworld_cpp:/home/aurora/ws_helloworld/install/learning_tf2_cpp:/home/aurora/ws_helloworld/install/pkg02_helloworld_py:/opt/ros/humble LD_LIBRARY_PATH=/home/aurora/RM25/install/nav2_lifecycle_manager/lib:/home/aurora/RM25/install/nav2_util/lib:${LD_LIBRARY_PATH} PYTHONPATH=/home/aurora/RM25/install/nav2_common/local/lib/python3.10/dist-packages:${PYTHONPATH} /usr/bin/cmake --build /home/aurora/RM25/build/nav2_rviz_plugins -- -j20 -l20
[0.556s] [ 14%] [34m[1mAutomatic MOC for target nav2_rviz_plugins[0m
[0.575s] [ 14%] Built target nav2_rviz_plugins_autogen
[0.589s] [35m[1mConsolidate compiler generated dependencies of target nav2_rviz_plugins[0m
[0.612s] [100%] Built target nav2_rviz_plugins
[0.619s] Invoked command in '/home/aurora/RM25/build/nav2_rviz_plugins' returned '0': AMENT_PREFIX_PATH=/home/aurora/RM25/install/nav2_lifecycle_manager:/home/aurora/RM25/install/nav2_util:/home/aurora/RM25/install/nav2_common:${AMENT_PREFIX_PATH} CMAKE_PREFIX_PATH=/home/aurora/RM25/install/nav2_lifecycle_manager:/home/aurora/RM25/install/nav2_util:/home/aurora/RM25/install/nav2_msgs:/home/aurora/RM25/install/nav2_common:/home/aurora/RM25/install/rm_robot_description:/home/aurora/RM25/install/nav2_bringup:/home/aurora/RM25/install/four_omniwheel_robot:/home/aurora/ws_helloworld/install/pkg01_helloworld_cpp:/home/aurora/ws_helloworld/install/learning_tf2_cpp:/home/aurora/ws_helloworld/install/pkg02_helloworld_py:/opt/ros/humble LD_LIBRARY_PATH=/home/aurora/RM25/install/nav2_lifecycle_manager/lib:/home/aurora/RM25/install/nav2_util/lib:${LD_LIBRARY_PATH} PYTHONPATH=/home/aurora/RM25/install/nav2_common/local/lib/python3.10/dist-packages:${PYTHONPATH} /usr/bin/cmake --build /home/aurora/RM25/build/nav2_rviz_plugins -- -j20 -l20
[0.642s] Invoking command in '/home/aurora/RM25/build/nav2_rviz_plugins': AMENT_PREFIX_PATH=/home/aurora/RM25/install/nav2_lifecycle_manager:/home/aurora/RM25/install/nav2_util:/home/aurora/RM25/install/nav2_common:${AMENT_PREFIX_PATH} CMAKE_PREFIX_PATH=/home/aurora/RM25/install/nav2_lifecycle_manager:/home/aurora/RM25/install/nav2_util:/home/aurora/RM25/install/nav2_msgs:/home/aurora/RM25/install/nav2_common:/home/aurora/RM25/install/rm_robot_description:/home/aurora/RM25/install/nav2_bringup:/home/aurora/RM25/install/four_omniwheel_robot:/home/aurora/ws_helloworld/install/pkg01_helloworld_cpp:/home/aurora/ws_helloworld/install/learning_tf2_cpp:/home/aurora/ws_helloworld/install/pkg02_helloworld_py:/opt/ros/humble LD_LIBRARY_PATH=/home/aurora/RM25/install/nav2_lifecycle_manager/lib:/home/aurora/RM25/install/nav2_util/lib:${LD_LIBRARY_PATH} PYTHONPATH=/home/aurora/RM25/install/nav2_common/local/lib/python3.10/dist-packages:${PYTHONPATH} /usr/bin/cmake --install /home/aurora/RM25/build/nav2_rviz_plugins
[0.646s] -- Install configuration: ""
[0.646s] -- Execute custom install script
[0.646s] -- Up-to-date symlink: /home/aurora/RM25/install/nav2_rviz_plugins/share/nav2_rviz_plugins//plugins_description.xml
[0.646s] -- Up-to-date symlink: /home/aurora/RM25/install/nav2_rviz_plugins/include//nav2_rviz_plugins/goal_common.hpp
[0.647s] -- Up-to-date symlink: /home/aurora/RM25/install/nav2_rviz_plugins/include//nav2_rviz_plugins/goal_pose_updater.hpp
[0.647s] -- Up-to-date symlink: /home/aurora/RM25/install/nav2_rviz_plugins/include//nav2_rviz_plugins/goal_tool.hpp
[0.647s] -- Up-to-date symlink: /home/aurora/RM25/install/nav2_rviz_plugins/include//nav2_rviz_plugins/nav2_panel.hpp
[0.647s] -- Up-to-date symlink: /home/aurora/RM25/install/nav2_rviz_plugins/include//nav2_rviz_plugins/particle_cloud_display/flat_weighted_arrows_array.hpp
[0.647s] -- Up-to-date symlink: /home/aurora/RM25/install/nav2_rviz_plugins/include//nav2_rviz_plugins/particle_cloud_display/particle_cloud_display.hpp
[0.647s] -- Up-to-date symlink: /home/aurora/RM25/install/nav2_rviz_plugins/include//nav2_rviz_plugins/ros_action_qevent.hpp
[0.647s] -- Up-to-date symlink: /home/aurora/RM25/install/nav2_rviz_plugins/share/nav2_rviz_plugins/environment/library_path.sh
[0.647s] -- Up-to-date symlink: /home/aurora/RM25/install/nav2_rviz_plugins/share/nav2_rviz_plugins/environment/library_path.dsv
[0.648s] -- Up-to-date symlink: /home/aurora/RM25/install/nav2_rviz_plugins/share/ament_index/resource_index/package_run_dependencies/nav2_rviz_plugins
[0.648s] -- Up-to-date symlink: /home/aurora/RM25/install/nav2_rviz_plugins/share/ament_index/resource_index/parent_prefix_path/nav2_rviz_plugins
[0.648s] -- Up-to-date symlink: /home/aurora/RM25/install/nav2_rviz_plugins/share/nav2_rviz_plugins/environment/ament_prefix_path.sh
[0.648s] -- Up-to-date symlink: /home/aurora/RM25/install/nav2_rviz_plugins/share/nav2_rviz_plugins/environment/ament_prefix_path.dsv
[0.648s] -- Up-to-date symlink: /home/aurora/RM25/install/nav2_rviz_plugins/share/nav2_rviz_plugins/environment/path.sh
[0.648s] -- Up-to-date symlink: /home/aurora/RM25/install/nav2_rviz_plugins/share/nav2_rviz_plugins/environment/path.dsv
[0.648s] -- Up-to-date symlink: /home/aurora/RM25/install/nav2_rviz_plugins/share/nav2_rviz_plugins/local_setup.bash
[0.648s] -- Up-to-date symlink: /home/aurora/RM25/install/nav2_rviz_plugins/share/nav2_rviz_plugins/local_setup.sh
[0.648s] -- Up-to-date symlink: /home/aurora/RM25/install/nav2_rviz_plugins/share/nav2_rviz_plugins/local_setup.zsh
[0.648s] -- Up-to-date symlink: /home/aurora/RM25/install/nav2_rviz_plugins/share/nav2_rviz_plugins/local_setup.dsv
[0.648s] -- Symlinking: /home/aurora/RM25/install/nav2_rviz_plugins/share/nav2_rviz_plugins/package.dsv
[0.654s] -- Up-to-date symlink: /home/aurora/RM25/install/nav2_rviz_plugins/share/ament_index/resource_index/packages/nav2_rviz_plugins
[0.654s] -- Up-to-date symlink: /home/aurora/RM25/install/nav2_rviz_plugins/share/ament_index/resource_index/rviz_common__pluginlib__plugin/nav2_rviz_plugins
[0.654s] -- Up-to-date symlink: /home/aurora/RM25/install/nav2_rviz_plugins/share/nav2_rviz_plugins/cmake/ament_cmake_export_include_directories-extras.cmake
[0.654s] -- Up-to-date symlink: /home/aurora/RM25/install/nav2_rviz_plugins/share/nav2_rviz_plugins/cmake/ament_cmake_export_targets-extras.cmake
[0.654s] -- Up-to-date symlink: /home/aurora/RM25/install/nav2_rviz_plugins/share/nav2_rviz_plugins/cmake/ament_cmake_export_dependencies-extras.cmake
[0.654s] -- Up-to-date symlink: /home/aurora/RM25/install/nav2_rviz_plugins/share/nav2_rviz_plugins/cmake/nav2_rviz_pluginsConfig.cmake
[0.654s] -- Up-to-date symlink: /home/aurora/RM25/install/nav2_rviz_plugins/share/nav2_rviz_plugins/cmake/nav2_rviz_pluginsConfig-version.cmake
[0.654s] -- Up-to-date symlink: /home/aurora/RM25/install/nav2_rviz_plugins/share/nav2_rviz_plugins/package.xml
[0.655s] -- Up-to-date: /home/aurora/RM25/install/nav2_rviz_plugins/lib/libnav2_rviz_plugins.so
[0.656s] -- Up-to-date: /home/aurora/RM25/install/nav2_rviz_plugins/share/nav2_rviz_plugins/cmake/nav2_rviz_pluginsExport.cmake
[0.656s] -- Up-to-date: /home/aurora/RM25/install/nav2_rviz_plugins/share/nav2_rviz_plugins/cmake/nav2_rviz_pluginsExport-noconfig.cmake
[0.658s] Invoked command in '/home/aurora/RM25/build/nav2_rviz_plugins' returned '0': AMENT_PREFIX_PATH=/home/aurora/RM25/install/nav2_lifecycle_manager:/home/aurora/RM25/install/nav2_util:/home/aurora/RM25/install/nav2_common:${AMENT_PREFIX_PATH} CMAKE_PREFIX_PATH=/home/aurora/RM25/install/nav2_lifecycle_manager:/home/aurora/RM25/install/nav2_util:/home/aurora/RM25/install/nav2_msgs:/home/aurora/RM25/install/nav2_common:/home/aurora/RM25/install/rm_robot_description:/home/aurora/RM25/install/nav2_bringup:/home/aurora/RM25/install/four_omniwheel_robot:/home/aurora/ws_helloworld/install/pkg01_helloworld_cpp:/home/aurora/ws_helloworld/install/learning_tf2_cpp:/home/aurora/ws_helloworld/install/pkg02_helloworld_py:/opt/ros/humble LD_LIBRARY_PATH=/home/aurora/RM25/install/nav2_lifecycle_manager/lib:/home/aurora/RM25/install/nav2_util/lib:${LD_LIBRARY_PATH} PYTHONPATH=/home/aurora/RM25/install/nav2_common/local/lib/python3.10/dist-packages:${PYTHONPATH} /usr/bin/cmake --install /home/aurora/RM25/build/nav2_rviz_plugins
