[1.408s] Invoking command in '/home/aurora/RM25/build/nav2_graceful_controller': AMENT_PREFIX_PATH=/home/aurora/RM25/install/nav2_controller:${AMENT_PREFIX_PATH} CMAKE_PREFIX_PATH=/home/aurora/RM25/install/nav2_controller:/home/aurora/RM25/install/nav2_core:/home/aurora/RM25/install/nav2_costmap_2d:/home/aurora/RM25/install/nav_2d_utils:/home/aurora/RM25/install/nav2_map_server:/home/aurora/RM25/install/nav2_lifecycle_manager:/home/aurora/RM25/install/nav2_util:/home/aurora/RM25/install/nav2_voxel_grid:/home/aurora/RM25/install/nav2_msgs:/home/aurora/RM25/install/nav_2d_msgs:/home/aurora/RM25/install/nav2_common:/home/aurora/RM25/install/nav2_constrained_smoother:/home/aurora/RM25/install/rm_robot_description:/home/aurora/RM25/install/opennav_docking_core:/home/aurora/RM25/install/dwb_msgs:/home/aurora/RM25/install/costmap_queue:/home/aurora/RM25/install/nav2_velocity_smoother:/home/aurora/RM25/install/nav2_rviz_plugins:/home/aurora/RM25/install/nav2_behavior_tree:/home/aurora/RM25/install/nav2_amcl:/home/aurora/ws_helloworld/install/pkg01_helloworld_cpp:/home/aurora/ws_helloworld/install/learning_tf2_cpp:/home/aurora/RM25/install/nav2_simple_commander:/home/aurora/RM25/install/nav2_loopback_sim:/home/aurora/ws_helloworld/install/pkg02_helloworld_py:/opt/ros/humble LD_LIBRARY_PATH=/home/aurora/RM25/install/nav2_controller/lib:/home/aurora/RM25/install/nav2_costmap_2d/lib:/home/aurora/RM25/install/nav_2d_utils/lib:/home/aurora/RM25/install/nav2_map_server/lib:/home/aurora/RM25/install/nav2_lifecycle_manager/lib:/home/aurora/RM25/install/nav2_util/lib:/home/aurora/RM25/install/nav2_voxel_grid/lib:/home/aurora/RM25/install/nav2_msgs/lib:/home/aurora/RM25/install/nav_2d_msgs/lib:/home/aurora/RM25/install/nav2_constrained_smoother/lib:/home/aurora/RM25/install/dwb_msgs/lib:/home/aurora/RM25/install/costmap_queue/lib:/home/aurora/RM25/install/nav2_velocity_smoother/lib:/home/aurora/RM25/install/nav2_rviz_plugins/lib:/home/aurora/RM25/install/nav2_behavior_tree/lib:/home/aurora/RM25/install/nav2_amcl/lib:/usr/lib/x86_64-linux-gnu/gazebo-11/plugins:/opt/ros/humble/opt/rviz_ogre_vendor/lib:/opt/ros/humble/lib/x86_64-linux-gnu:/opt/ros/humble/lib /usr/bin/cmake /home/aurora/RM25/src/rm_navigation2/nav2_graceful_controller -DCMAKE_INSTALL_PREFIX=/home/aurora/RM25/install/nav2_graceful_controller
[1.627s] -- The C compiler identification is GNU 11.4.0
[2.718s] -- The CXX compiler identification is GNU 11.4.0
[3.214s] -- Detecting C compiler ABI info
[3.379s] -- Detecting C compiler ABI info - done
[3.382s] -- Check for working C compiler: /usr/bin/cc - skipped
[3.382s] -- Detecting C compile features
[3.382s] -- Detecting C compile features - done
[3.384s] -- Detecting CXX compiler ABI info
[3.670s] -- Detecting CXX compiler ABI info - done
[3.674s] -- Check for working CXX compiler: /usr/bin/c++ - skipped
[3.675s] -- Detecting CXX compile features
[3.675s] -- Detecting CXX compile features - done
[3.677s] -- Found ament_cmake: 1.3.10 (/opt/ros/humble/share/ament_cmake/cmake)
[3.775s] -- Found Python3: /usr/bin/python3 (found version "3.10.12") found components: Interpreter 
[3.839s] -- Found nav2_common: 1.1.17 (/home/aurora/RM25/install/nav2_common/share/nav2_common/cmake)
[3.841s] -- Found nav2_core: 1.1.17 (/home/aurora/RM25/install/nav2_core/share/nav2_core/cmake)
[4.057s] -- Found rosidl_generator_c: 3.1.5 (/opt/ros/humble/share/rosidl_generator_c/cmake)
[4.063s] -- Found rosidl_adapter: 3.1.5 (/opt/ros/humble/share/rosidl_adapter/cmake)
[4.073s] -- Found rosidl_generator_cpp: 3.1.5 (/opt/ros/humble/share/rosidl_generator_cpp/cmake)
[4.091s] -- Using all available rosidl_typesupport_c: rosidl_typesupport_fastrtps_c;rosidl_typesupport_introspection_c
[4.108s] -- Using all available rosidl_typesupport_cpp: rosidl_typesupport_fastrtps_cpp;rosidl_typesupport_introspection_cpp
[4.158s] -- Found rmw_implementation_cmake: 6.1.2 (/opt/ros/humble/share/rmw_implementation_cmake/cmake)
[4.165s] -- Found rmw_fastrtps_cpp: 6.2.7 (/opt/ros/humble/share/rmw_fastrtps_cpp/cmake)
[6.237s] -- Found OpenSSL: /usr/lib/x86_64-linux-gnu/libcrypto.so (found version "3.0.2")  
[8.950s] -- Found FastRTPS: /opt/ros/humble/include  
[14.367s] -- Using RMW implementation 'rmw_fastrtps_cpp' as default
[14.378s] -- Looking for pthread.h
[14.591s] -- Looking for pthread.h - found
[14.591s] -- Performing Test CMAKE_HAVE_LIBC_PTHREAD
[14.807s] -- Performing Test CMAKE_HAVE_LIBC_PTHREAD - Success
[14.808s] -- Found Threads: TRUE  
[15.219s] -- Found Eigen3: TRUE (found version "3.4.0") 
[15.219s] -- Ensuring Eigen3 include directory is part of orocos-kdl CMake target
[17.703s] -- Found nav_2d_utils: 1.1.17 (/home/aurora/RM25/install/nav_2d_utils/share/nav_2d_utils/cmake)
[17.724s] -- Setting build type to Release as none was specified.
[17.925s] -- Found ament_lint_auto: 0.12.11 (/opt/ros/humble/share/ament_lint_auto/cmake)
[18.007s] -- Found gtest sources under '/opt/ros/humble/src/gtest_vendor': C++ tests using 'Google Test' will be built
[18.341s] -- Added test 'cppcheck' to perform static code analysis on C / C++ code
[18.342s] -- Configured cppcheck include dirs: /home/aurora/RM25/src/rm_navigation2/nav2_graceful_controller/include
[18.342s] -- Configured cppcheck exclude dirs and/or files: 
[18.343s] -- Added test 'cpplint' to check C / C++ code against the Google style
[18.343s] -- Configured cpplint exclude dirs and/or files: 
[18.344s] -- Added test 'lint_cmake' to check CMake code style
[18.346s] -- Added test 'uncrustify' to check C / C++ code style
[18.346s] -- Configured uncrustify additional arguments: 
[18.348s] -- Added test 'xmllint' to check XML markup files
[18.352s] -- Configuring done
[18.450s] -- Generating done
[18.452s] -- Build files have been written to: /home/aurora/RM25/build/nav2_graceful_controller
[18.464s] Invoked command in '/home/aurora/RM25/build/nav2_graceful_controller' returned '0': AMENT_PREFIX_PATH=/home/aurora/RM25/install/nav2_controller:${AMENT_PREFIX_PATH} CMAKE_PREFIX_PATH=/home/aurora/RM25/install/nav2_controller:/home/aurora/RM25/install/nav2_core:/home/aurora/RM25/install/nav2_costmap_2d:/home/aurora/RM25/install/nav_2d_utils:/home/aurora/RM25/install/nav2_map_server:/home/aurora/RM25/install/nav2_lifecycle_manager:/home/aurora/RM25/install/nav2_util:/home/aurora/RM25/install/nav2_voxel_grid:/home/aurora/RM25/install/nav2_msgs:/home/aurora/RM25/install/nav_2d_msgs:/home/aurora/RM25/install/nav2_common:/home/aurora/RM25/install/nav2_constrained_smoother:/home/aurora/RM25/install/rm_robot_description:/home/aurora/RM25/install/opennav_docking_core:/home/aurora/RM25/install/dwb_msgs:/home/aurora/RM25/install/costmap_queue:/home/aurora/RM25/install/nav2_velocity_smoother:/home/aurora/RM25/install/nav2_rviz_plugins:/home/aurora/RM25/install/nav2_behavior_tree:/home/aurora/RM25/install/nav2_amcl:/home/aurora/ws_helloworld/install/pkg01_helloworld_cpp:/home/aurora/ws_helloworld/install/learning_tf2_cpp:/home/aurora/RM25/install/nav2_simple_commander:/home/aurora/RM25/install/nav2_loopback_sim:/home/aurora/ws_helloworld/install/pkg02_helloworld_py:/opt/ros/humble LD_LIBRARY_PATH=/home/aurora/RM25/install/nav2_controller/lib:/home/aurora/RM25/install/nav2_costmap_2d/lib:/home/aurora/RM25/install/nav_2d_utils/lib:/home/aurora/RM25/install/nav2_map_server/lib:/home/aurora/RM25/install/nav2_lifecycle_manager/lib:/home/aurora/RM25/install/nav2_util/lib:/home/aurora/RM25/install/nav2_voxel_grid/lib:/home/aurora/RM25/install/nav2_msgs/lib:/home/aurora/RM25/install/nav_2d_msgs/lib:/home/aurora/RM25/install/nav2_constrained_smoother/lib:/home/aurora/RM25/install/dwb_msgs/lib:/home/aurora/RM25/install/costmap_queue/lib:/home/aurora/RM25/install/nav2_velocity_smoother/lib:/home/aurora/RM25/install/nav2_rviz_plugins/lib:/home/aurora/RM25/install/nav2_behavior_tree/lib:/home/aurora/RM25/install/nav2_amcl/lib:/usr/lib/x86_64-linux-gnu/gazebo-11/plugins:/opt/ros/humble/opt/rviz_ogre_vendor/lib:/opt/ros/humble/lib/x86_64-linux-gnu:/opt/ros/humble/lib /usr/bin/cmake /home/aurora/RM25/src/rm_navigation2/nav2_graceful_controller -DCMAKE_INSTALL_PREFIX=/home/aurora/RM25/install/nav2_graceful_controller
[18.466s] Invoking command in '/home/aurora/RM25/build/nav2_graceful_controller': AMENT_PREFIX_PATH=/home/aurora/RM25/install/nav2_controller:${AMENT_PREFIX_PATH} CMAKE_PREFIX_PATH=/home/aurora/RM25/install/nav2_controller:/home/aurora/RM25/install/nav2_core:/home/aurora/RM25/install/nav2_costmap_2d:/home/aurora/RM25/install/nav_2d_utils:/home/aurora/RM25/install/nav2_map_server:/home/aurora/RM25/install/nav2_lifecycle_manager:/home/aurora/RM25/install/nav2_util:/home/aurora/RM25/install/nav2_voxel_grid:/home/aurora/RM25/install/nav2_msgs:/home/aurora/RM25/install/nav_2d_msgs:/home/aurora/RM25/install/nav2_common:/home/aurora/RM25/install/nav2_constrained_smoother:/home/aurora/RM25/install/rm_robot_description:/home/aurora/RM25/install/opennav_docking_core:/home/aurora/RM25/install/dwb_msgs:/home/aurora/RM25/install/costmap_queue:/home/aurora/RM25/install/nav2_velocity_smoother:/home/aurora/RM25/install/nav2_rviz_plugins:/home/aurora/RM25/install/nav2_behavior_tree:/home/aurora/RM25/install/nav2_amcl:/home/aurora/ws_helloworld/install/pkg01_helloworld_cpp:/home/aurora/ws_helloworld/install/learning_tf2_cpp:/home/aurora/RM25/install/nav2_simple_commander:/home/aurora/RM25/install/nav2_loopback_sim:/home/aurora/ws_helloworld/install/pkg02_helloworld_py:/opt/ros/humble LD_LIBRARY_PATH=/home/aurora/RM25/install/nav2_controller/lib:/home/aurora/RM25/install/nav2_costmap_2d/lib:/home/aurora/RM25/install/nav_2d_utils/lib:/home/aurora/RM25/install/nav2_map_server/lib:/home/aurora/RM25/install/nav2_lifecycle_manager/lib:/home/aurora/RM25/install/nav2_util/lib:/home/aurora/RM25/install/nav2_voxel_grid/lib:/home/aurora/RM25/install/nav2_msgs/lib:/home/aurora/RM25/install/nav_2d_msgs/lib:/home/aurora/RM25/install/nav2_constrained_smoother/lib:/home/aurora/RM25/install/dwb_msgs/lib:/home/aurora/RM25/install/costmap_queue/lib:/home/aurora/RM25/install/nav2_velocity_smoother/lib:/home/aurora/RM25/install/nav2_rviz_plugins/lib:/home/aurora/RM25/install/nav2_behavior_tree/lib:/home/aurora/RM25/install/nav2_amcl/lib:/usr/lib/x86_64-linux-gnu/gazebo-11/plugins:/opt/ros/humble/opt/rviz_ogre_vendor/lib:/opt/ros/humble/lib/x86_64-linux-gnu:/opt/ros/humble/lib /usr/bin/cmake --build /home/aurora/RM25/build/nav2_graceful_controller -- -j20 -l20
[18.498s] [ 20%] [32mBuilding CXX object gtest/CMakeFiles/gtest_main.dir/src/gtest_main.cc.o[0m
[18.498s] [ 20%] [32mBuilding CXX object CMakeFiles/smooth_control_law.dir/src/smooth_control_law.cpp.o[0m
[18.498s] [ 20%] [32mBuilding CXX object gtest/CMakeFiles/gtest.dir/src/gtest-all.cc.o[0m
[19.035s] [ 26%] [32m[1mLinking CXX static library libgtest_main.a[0m
[19.056s] [ 26%] Built target gtest_main
[20.293s] [ 33%] [32m[1mLinking CXX shared library libsmooth_control_law.so[0m
[23.060s] [ 40%] [32m[1mLinking CXX static library libgtest.a[0m
[23.081s] [ 40%] Built target gtest
[23.093s] [ 46%] [32mBuilding CXX object test/CMakeFiles/test_egopolar.dir/test_egopolar.cpp.o[0m
[25.253s] [ 53%] [32m[1mLinking CXX executable test_egopolar[0m
[25.444s] [ 53%] Built target test_egopolar
[32.366s] [ 53%] Built target smooth_control_law
[32.380s] [ 60%] [32mBuilding CXX object CMakeFiles/nav2_graceful_controller.dir/src/graceful_controller.cpp.o[0m
[32.380s] [ 73%] [32mBuilding CXX object CMakeFiles/nav2_graceful_controller.dir/src/parameter_handler.cpp.o[0m
[32.380s] [ 73%] [32mBuilding CXX object CMakeFiles/nav2_graceful_controller.dir/src/path_handler.cpp.o[0m
[32.380s] [ 80%] [32mBuilding CXX object CMakeFiles/nav2_graceful_controller.dir/src/utils.cpp.o[0m
[37.822s] [ 86%] [32m[1mLinking CXX shared library libnav2_graceful_controller.so[0m
[38.124s] [ 86%] Built target nav2_graceful_controller
[38.138s] [ 93%] [32mBuilding CXX object test/CMakeFiles/test_graceful_controller.dir/test_graceful_controller.cpp.o[0m
[43.488s] [100%] [32m[1mLinking CXX executable test_graceful_controller[0m
[43.859s] [100%] Built target test_graceful_controller
[43.869s] Invoked command in '/home/aurora/RM25/build/nav2_graceful_controller' returned '0': AMENT_PREFIX_PATH=/home/aurora/RM25/install/nav2_controller:${AMENT_PREFIX_PATH} CMAKE_PREFIX_PATH=/home/aurora/RM25/install/nav2_controller:/home/aurora/RM25/install/nav2_core:/home/aurora/RM25/install/nav2_costmap_2d:/home/aurora/RM25/install/nav_2d_utils:/home/aurora/RM25/install/nav2_map_server:/home/aurora/RM25/install/nav2_lifecycle_manager:/home/aurora/RM25/install/nav2_util:/home/aurora/RM25/install/nav2_voxel_grid:/home/aurora/RM25/install/nav2_msgs:/home/aurora/RM25/install/nav_2d_msgs:/home/aurora/RM25/install/nav2_common:/home/aurora/RM25/install/nav2_constrained_smoother:/home/aurora/RM25/install/rm_robot_description:/home/aurora/RM25/install/opennav_docking_core:/home/aurora/RM25/install/dwb_msgs:/home/aurora/RM25/install/costmap_queue:/home/aurora/RM25/install/nav2_velocity_smoother:/home/aurora/RM25/install/nav2_rviz_plugins:/home/aurora/RM25/install/nav2_behavior_tree:/home/aurora/RM25/install/nav2_amcl:/home/aurora/ws_helloworld/install/pkg01_helloworld_cpp:/home/aurora/ws_helloworld/install/learning_tf2_cpp:/home/aurora/RM25/install/nav2_simple_commander:/home/aurora/RM25/install/nav2_loopback_sim:/home/aurora/ws_helloworld/install/pkg02_helloworld_py:/opt/ros/humble LD_LIBRARY_PATH=/home/aurora/RM25/install/nav2_controller/lib:/home/aurora/RM25/install/nav2_costmap_2d/lib:/home/aurora/RM25/install/nav_2d_utils/lib:/home/aurora/RM25/install/nav2_map_server/lib:/home/aurora/RM25/install/nav2_lifecycle_manager/lib:/home/aurora/RM25/install/nav2_util/lib:/home/aurora/RM25/install/nav2_voxel_grid/lib:/home/aurora/RM25/install/nav2_msgs/lib:/home/aurora/RM25/install/nav_2d_msgs/lib:/home/aurora/RM25/install/nav2_constrained_smoother/lib:/home/aurora/RM25/install/dwb_msgs/lib:/home/aurora/RM25/install/costmap_queue/lib:/home/aurora/RM25/install/nav2_velocity_smoother/lib:/home/aurora/RM25/install/nav2_rviz_plugins/lib:/home/aurora/RM25/install/nav2_behavior_tree/lib:/home/aurora/RM25/install/nav2_amcl/lib:/usr/lib/x86_64-linux-gnu/gazebo-11/plugins:/opt/ros/humble/opt/rviz_ogre_vendor/lib:/opt/ros/humble/lib/x86_64-linux-gnu:/opt/ros/humble/lib /usr/bin/cmake --build /home/aurora/RM25/build/nav2_graceful_controller -- -j20 -l20
[43.897s] Invoking command in '/home/aurora/RM25/build/nav2_graceful_controller': AMENT_PREFIX_PATH=/home/aurora/RM25/install/nav2_controller:${AMENT_PREFIX_PATH} CMAKE_PREFIX_PATH=/home/aurora/RM25/install/nav2_controller:/home/aurora/RM25/install/nav2_core:/home/aurora/RM25/install/nav2_costmap_2d:/home/aurora/RM25/install/nav_2d_utils:/home/aurora/RM25/install/nav2_map_server:/home/aurora/RM25/install/nav2_lifecycle_manager:/home/aurora/RM25/install/nav2_util:/home/aurora/RM25/install/nav2_voxel_grid:/home/aurora/RM25/install/nav2_msgs:/home/aurora/RM25/install/nav_2d_msgs:/home/aurora/RM25/install/nav2_common:/home/aurora/RM25/install/nav2_constrained_smoother:/home/aurora/RM25/install/rm_robot_description:/home/aurora/RM25/install/opennav_docking_core:/home/aurora/RM25/install/dwb_msgs:/home/aurora/RM25/install/costmap_queue:/home/aurora/RM25/install/nav2_velocity_smoother:/home/aurora/RM25/install/nav2_rviz_plugins:/home/aurora/RM25/install/nav2_behavior_tree:/home/aurora/RM25/install/nav2_amcl:/home/aurora/ws_helloworld/install/pkg01_helloworld_cpp:/home/aurora/ws_helloworld/install/learning_tf2_cpp:/home/aurora/RM25/install/nav2_simple_commander:/home/aurora/RM25/install/nav2_loopback_sim:/home/aurora/ws_helloworld/install/pkg02_helloworld_py:/opt/ros/humble LD_LIBRARY_PATH=/home/aurora/RM25/install/nav2_controller/lib:/home/aurora/RM25/install/nav2_costmap_2d/lib:/home/aurora/RM25/install/nav_2d_utils/lib:/home/aurora/RM25/install/nav2_map_server/lib:/home/aurora/RM25/install/nav2_lifecycle_manager/lib:/home/aurora/RM25/install/nav2_util/lib:/home/aurora/RM25/install/nav2_voxel_grid/lib:/home/aurora/RM25/install/nav2_msgs/lib:/home/aurora/RM25/install/nav_2d_msgs/lib:/home/aurora/RM25/install/nav2_constrained_smoother/lib:/home/aurora/RM25/install/dwb_msgs/lib:/home/aurora/RM25/install/costmap_queue/lib:/home/aurora/RM25/install/nav2_velocity_smoother/lib:/home/aurora/RM25/install/nav2_rviz_plugins/lib:/home/aurora/RM25/install/nav2_behavior_tree/lib:/home/aurora/RM25/install/nav2_amcl/lib:/usr/lib/x86_64-linux-gnu/gazebo-11/plugins:/opt/ros/humble/opt/rviz_ogre_vendor/lib:/opt/ros/humble/lib/x86_64-linux-gnu:/opt/ros/humble/lib /usr/bin/cmake --install /home/aurora/RM25/build/nav2_graceful_controller
[43.901s] -- Install configuration: "Release"
[43.901s] -- Installing: /home/aurora/RM25/install/nav2_graceful_controller/lib/libsmooth_control_law.so
[43.901s] -- Set runtime path of "/home/aurora/RM25/install/nav2_graceful_controller/lib/libsmooth_control_law.so" to ""
[43.901s] -- Installing: /home/aurora/RM25/install/nav2_graceful_controller/lib/libnav2_graceful_controller.so
[43.902s] -- Set runtime path of "/home/aurora/RM25/install/nav2_graceful_controller/lib/libnav2_graceful_controller.so" to ""
[43.902s] -- Installing: /home/aurora/RM25/install/nav2_graceful_controller/include/
[43.902s] -- Installing: /home/aurora/RM25/install/nav2_graceful_controller/include//nav2_graceful_controller
[43.902s] -- Installing: /home/aurora/RM25/install/nav2_graceful_controller/include//nav2_graceful_controller/utils.hpp
[43.902s] -- Installing: /home/aurora/RM25/install/nav2_graceful_controller/include//nav2_graceful_controller/smooth_control_law.hpp
[43.902s] -- Installing: /home/aurora/RM25/install/nav2_graceful_controller/include//nav2_graceful_controller/parameter_handler.hpp
[43.902s] -- Installing: /home/aurora/RM25/install/nav2_graceful_controller/include//nav2_graceful_controller/graceful_controller.hpp
[43.902s] -- Installing: /home/aurora/RM25/install/nav2_graceful_controller/include//nav2_graceful_controller/ego_polar_coords.hpp
[43.903s] -- Installing: /home/aurora/RM25/install/nav2_graceful_controller/include//nav2_graceful_controller/path_handler.hpp
[43.903s] -- Installing: /home/aurora/RM25/install/nav2_graceful_controller/share/nav2_graceful_controller/environment/library_path.sh
[43.903s] -- Installing: /home/aurora/RM25/install/nav2_graceful_controller/share/nav2_graceful_controller/environment/library_path.dsv
[43.903s] -- Installing: /home/aurora/RM25/install/nav2_graceful_controller/share/nav2_graceful_controller/graceful_controller_plugin.xml
[43.903s] -- Installing: /home/aurora/RM25/install/nav2_graceful_controller/share/ament_index/resource_index/package_run_dependencies/nav2_graceful_controller
[43.903s] -- Installing: /home/aurora/RM25/install/nav2_graceful_controller/share/ament_index/resource_index/parent_prefix_path/nav2_graceful_controller
[43.904s] -- Installing: /home/aurora/RM25/install/nav2_graceful_controller/share/nav2_graceful_controller/environment/ament_prefix_path.sh
[43.904s] -- Installing: /home/aurora/RM25/install/nav2_graceful_controller/share/nav2_graceful_controller/environment/ament_prefix_path.dsv
[43.904s] -- Installing: /home/aurora/RM25/install/nav2_graceful_controller/share/nav2_graceful_controller/environment/path.sh
[43.904s] -- Installing: /home/aurora/RM25/install/nav2_graceful_controller/share/nav2_graceful_controller/environment/path.dsv
[43.904s] -- Installing: /home/aurora/RM25/install/nav2_graceful_controller/share/nav2_graceful_controller/local_setup.bash
[43.904s] -- Installing: /home/aurora/RM25/install/nav2_graceful_controller/share/nav2_graceful_controller/local_setup.sh
[43.904s] -- Installing: /home/aurora/RM25/install/nav2_graceful_controller/share/nav2_graceful_controller/local_setup.zsh
[43.904s] -- Installing: /home/aurora/RM25/install/nav2_graceful_controller/share/nav2_graceful_controller/local_setup.dsv
[43.904s] -- Installing: /home/aurora/RM25/install/nav2_graceful_controller/share/nav2_graceful_controller/package.dsv
[43.904s] -- Installing: /home/aurora/RM25/install/nav2_graceful_controller/share/ament_index/resource_index/packages/nav2_graceful_controller
[43.904s] -- Installing: /home/aurora/RM25/install/nav2_graceful_controller/share/ament_index/resource_index/nav2_core__pluginlib__plugin/nav2_graceful_controller
[43.905s] -- Installing: /home/aurora/RM25/install/nav2_graceful_controller/share/nav2_graceful_controller/cmake/ament_cmake_export_include_directories-extras.cmake
[43.905s] -- Installing: /home/aurora/RM25/install/nav2_graceful_controller/share/nav2_graceful_controller/cmake/ament_cmake_export_libraries-extras.cmake
[43.905s] -- Installing: /home/aurora/RM25/install/nav2_graceful_controller/share/nav2_graceful_controller/cmake/ament_cmake_export_dependencies-extras.cmake
[43.905s] -- Installing: /home/aurora/RM25/install/nav2_graceful_controller/share/nav2_graceful_controller/cmake/nav2_graceful_controllerConfig.cmake
[43.905s] -- Installing: /home/aurora/RM25/install/nav2_graceful_controller/share/nav2_graceful_controller/cmake/nav2_graceful_controllerConfig-version.cmake
[43.905s] -- Installing: /home/aurora/RM25/install/nav2_graceful_controller/share/nav2_graceful_controller/package.xml
[43.906s] Invoked command in '/home/aurora/RM25/build/nav2_graceful_controller' returned '0': AMENT_PREFIX_PATH=/home/aurora/RM25/install/nav2_controller:${AMENT_PREFIX_PATH} CMAKE_PREFIX_PATH=/home/aurora/RM25/install/nav2_controller:/home/aurora/RM25/install/nav2_core:/home/aurora/RM25/install/nav2_costmap_2d:/home/aurora/RM25/install/nav_2d_utils:/home/aurora/RM25/install/nav2_map_server:/home/aurora/RM25/install/nav2_lifecycle_manager:/home/aurora/RM25/install/nav2_util:/home/aurora/RM25/install/nav2_voxel_grid:/home/aurora/RM25/install/nav2_msgs:/home/aurora/RM25/install/nav_2d_msgs:/home/aurora/RM25/install/nav2_common:/home/aurora/RM25/install/nav2_constrained_smoother:/home/aurora/RM25/install/rm_robot_description:/home/aurora/RM25/install/opennav_docking_core:/home/aurora/RM25/install/dwb_msgs:/home/aurora/RM25/install/costmap_queue:/home/aurora/RM25/install/nav2_velocity_smoother:/home/aurora/RM25/install/nav2_rviz_plugins:/home/aurora/RM25/install/nav2_behavior_tree:/home/aurora/RM25/install/nav2_amcl:/home/aurora/ws_helloworld/install/pkg01_helloworld_cpp:/home/aurora/ws_helloworld/install/learning_tf2_cpp:/home/aurora/RM25/install/nav2_simple_commander:/home/aurora/RM25/install/nav2_loopback_sim:/home/aurora/ws_helloworld/install/pkg02_helloworld_py:/opt/ros/humble LD_LIBRARY_PATH=/home/aurora/RM25/install/nav2_controller/lib:/home/aurora/RM25/install/nav2_costmap_2d/lib:/home/aurora/RM25/install/nav_2d_utils/lib:/home/aurora/RM25/install/nav2_map_server/lib:/home/aurora/RM25/install/nav2_lifecycle_manager/lib:/home/aurora/RM25/install/nav2_util/lib:/home/aurora/RM25/install/nav2_voxel_grid/lib:/home/aurora/RM25/install/nav2_msgs/lib:/home/aurora/RM25/install/nav_2d_msgs/lib:/home/aurora/RM25/install/nav2_constrained_smoother/lib:/home/aurora/RM25/install/dwb_msgs/lib:/home/aurora/RM25/install/costmap_queue/lib:/home/aurora/RM25/install/nav2_velocity_smoother/lib:/home/aurora/RM25/install/nav2_rviz_plugins/lib:/home/aurora/RM25/install/nav2_behavior_tree/lib:/home/aurora/RM25/install/nav2_amcl/lib:/usr/lib/x86_64-linux-gnu/gazebo-11/plugins:/opt/ros/humble/opt/rviz_ogre_vendor/lib:/opt/ros/humble/lib/x86_64-linux-gnu:/opt/ros/humble/lib /usr/bin/cmake --install /home/aurora/RM25/build/nav2_graceful_controller
