[0mCMake Error: File /home/aurora/RM25/src/rm_driver/livox_ros_driver2/package.xml does not exist.[0m
[31mCMake Error at /opt/ros/humble/share/ament_cmake_core/cmake/core/stamp.cmake:24 (configure_file):
  configure_file Problem configuring file
Call Stack (most recent call first):
  /opt/ros/humble/share/ament_cmake_core/cmake/core/ament_package_xml.cmake:73 (stamp)
  /opt/ros/humble/share/ament_cmake_core/cmake/core/ament_package_xml.cmake:49 (_ament_package_xml)
  /opt/ros/humble/share/ament_cmake_auto/cmake/ament_auto_find_build_dependencies.cmake:42 (ament_package_xml)
  CMakeLists.txt:225 (ament_auto_find_build_dependencies)

[0m
[0m** WARNING ** io features related to pcap will be disabled[0m
[31mCMake Error at CMakeLists.txt:229 (find_package):
  By not providing "Findlivox_interfaces.cmake" in CMAKE_MODULE_PATH this
  project has asked CMake to find a package configuration file provided by
  "livox_interfaces", but CMake did not find one.

  Could not find a package configuration file provided by "livox_interfaces"
  with any of the following names:

    livox_interfacesConfig.cmake
    livox_interfaces-config.cmake

  Add the installation prefix of "livox_interfaces" to CMAKE_PREFIX_PATH or
  set "livox_interfaces_DIR" to a directory containing one of the above
  files.  If "livox_interfaces" provides a separate development package or
  SDK, be sure it has been installed.

[0m
