[0.013s] Invoking command in '/home/aurora/RM25/src/build/livox_ros_driver2': /usr/bin/cmake /home/aurora/RM25/src/rm_driver/livox_ros_driver2 -DROS_EDITION=ROS2 -DHUMBLE_ROS=humble -DCMAKE_INSTALL_PREFIX=/home/aurora/RM25/src/install/livox_ros_driver2
[0.168s] -- The C compiler identification is GNU 11.4.0
[0.695s] -- The CXX compiler identification is GNU 11.4.0
[1.006s] -- Detecting C compiler ABI info
[1.152s] -- Detecting C compiler ABI info - done
[1.156s] -- Check for working C compiler: /usr/bin/cc - skipped
[1.156s] -- Detecting C compile features
[1.156s] -- Detecting C compile features - done
[1.158s] -- Detecting CXX compiler ABI info
[1.280s] -- Detecting CXX compiler ABI info - done
[1.284s] -- Check for working CXX compiler: /usr/bin/c++ - skipped
[1.284s] -- Detecting CXX compile features
[1.284s] -- Detecting CXX compile features - done
[1.285s] -- livox_ros_driver2 version: 1.2.4
[1.286s] -- Found ament_cmake_auto: 1.3.10 (/opt/ros/humble/share/ament_cmake_auto/cmake)
[1.385s] -- Found Python3: /usr/bin/python3 (found version "3.10.12") found components: Interpreter 
[1.443s] [0mCMake Error: File /home/aurora/RM25/src/rm_driver/livox_ros_driver2/package.xml does not exist.[0m
[1.443s] [31mCMake Error at /opt/ros/humble/share/ament_cmake_core/cmake/core/stamp.cmake:24 (configure_file):
[1.443s]   configure_file Problem configuring file
[1.443s] Call Stack (most recent call first):
[1.443s]   /opt/ros/humble/share/ament_cmake_core/cmake/core/ament_package_xml.cmake:73 (stamp)
[1.444s]   /opt/ros/humble/share/ament_cmake_core/cmake/core/ament_package_xml.cmake:49 (_ament_package_xml)
[1.444s]   /opt/ros/humble/share/ament_cmake_auto/cmake/ament_auto_find_build_dependencies.cmake:42 (ament_package_xml)
[1.444s]   CMakeLists.txt:225 (ament_auto_find_build_dependencies)
[1.444s] 
[1.444s] [0m
[3.942s] -- Checking for module 'flann'
[3.992s] --   Found flann, version 1.9.1
[4.851s] -- Found FLANN: /usr/lib/x86_64-linux-gnu/libflann_cpp.so  
[4.851s] -- FLANN found (include: /usr/include, lib: /usr/lib/x86_64-linux-gnu/libflann_cpp.so)
[6.265s] -- Found OpenMP_CXX: -fopenmp (found version "4.5") 
[6.265s] -- Found OpenMP: TRUE (found version "4.5") found components: CXX 
[6.392s] -- Checking for module 'libusb-1.0'
[6.501s] --   Found libusb-1.0, version 1.0.25
[6.860s] -- Found libusb: /usr/lib/x86_64-linux-gnu/libusb-1.0.so  
[6.861s] -- Found OpenNI: /usr/lib/libOpenNI.so;libusb::libusb (found version "1.5.4.0") 
[6.861s] -- OpenNI found (version: 1.5.4.0, include: /usr/include/ni, lib: /usr/lib/libOpenNI.so;libusb::libusb)
[7.358s] -- Found OpenNI2: /usr/lib/x86_64-linux-gnu/libOpenNI2.so;libusb::libusb (found version "2.2.0.33") 
[7.358s] -- OpenNI2 found (version: 2.2.0.33, include: /usr/include/openni2, lib: /usr/lib/x86_64-linux-gnu/libOpenNI2.so;libusb::libusb)
[7.523s] -- Could NOT find Pcap (missing: PCAP_LIBRARIES PCAP_INCLUDE_DIRS) 
[7.523s] [0m** WARNING ** io features related to pcap will be disabled[0m
[9.179s] -- Found ZLIB: /usr/lib/x86_64-linux-gnu/libz.so (found version "1.2.11") 
[11.860s] -- Found PNG: /usr/lib/x86_64-linux-gnu/libpng.so (found version "1.6.37") 
[11.883s] -- Looking for pthread.h
[12.045s] -- Looking for pthread.h - found
[12.045s] -- Performing Test CMAKE_HAVE_LIBC_PTHREAD
[12.177s] -- Performing Test CMAKE_HAVE_LIBC_PTHREAD - Success
[12.177s] -- Found Threads: TRUE  
[12.179s] -- Found GLEW: /usr/lib/x86_64-linux-gnu/libGLEW.so  
[12.268s] -- Found OpenGL: /usr/lib/x86_64-linux-gnu/libOpenGL.so  found components: OpenGL GLX 
[12.460s] -- Found MPI_C: /usr/lib/x86_64-linux-gnu/libmpi.so (found version "3.1") 
[12.460s] -- Found MPI: TRUE (found version "3.1") found components: C 
[12.462s] -- Found JsonCpp: /usr/lib/x86_64-linux-gnu/libjsoncpp.so (found suitable version "1.9.5", minimum required is "0.7.0") 
[14.163s] -- Found Eigen3: /usr/include/eigen3 (found version "3.4.0") 
[16.123s] -- Found X11: /usr/include   
[16.123s] -- Looking for XOpenDisplay in /usr/lib/x86_64-linux-gnu/libX11.so;/usr/lib/x86_64-linux-gnu/libXext.so
[16.282s] -- Looking for XOpenDisplay in /usr/lib/x86_64-linux-gnu/libX11.so;/usr/lib/x86_64-linux-gnu/libXext.so - found
[16.282s] -- Looking for gethostbyname
[16.411s] -- Looking for gethostbyname - found
[16.411s] -- Looking for connect
[16.542s] -- Looking for connect - found
[16.542s] -- Looking for remove
[16.677s] -- Looking for remove - found
[16.678s] -- Looking for shmat
[16.804s] -- Looking for shmat - found
[16.804s] -- Looking for IceConnectionNumber in ICE
[16.936s] -- Looking for IceConnectionNumber in ICE - found
[18.597s] -- Found EXPAT: /usr/lib/x86_64-linux-gnu/libexpat.so (found version "2.4.7") 
[18.598s] -- Found double-conversion: /usr/lib/x86_64-linux-gnu/libdouble-conversion.so  
[18.600s] -- Found LZ4: /usr/lib/x86_64-linux-gnu/liblz4.so (found version "1.9.3") 
[18.601s] -- Found LZMA: /usr/lib/x86_64-linux-gnu/liblzma.so (found version "5.2.5") 
[18.749s] -- Found JPEG: /usr/lib/x86_64-linux-gnu/libjpeg.so (found version "80") 
[18.882s] -- Found TIFF: /usr/lib/x86_64-linux-gnu/libtiff.so (found version "4.3.0")  
[18.886s] -- Found Freetype: /usr/lib/x86_64-linux-gnu/libfreetype.so (found version "2.11.1") 
[18.890s] -- Found utf8cpp: /usr/include/utf8cpp  
[18.914s] -- OpenNI found (version: 1.5.4.0, include: /usr/include/ni, lib: /usr/lib/libOpenNI.so;libusb::libusb)
[18.917s] -- OpenNI2 found (version: 2.2.0.33, include: /usr/include/openni2, lib: /usr/lib/x86_64-linux-gnu/libOpenNI2.so;libusb::libusb)
[25.868s] -- Found Qhull version 8.0.2
[30.667s] -- looking for PCL_COMMON
[30.667s] -- Found PCL_COMMON: /usr/local/lib/libpcl_common.so  
[30.667s] -- looking for PCL_KDTREE
[30.668s] -- Found PCL_KDTREE: /usr/local/lib/libpcl_kdtree.so  
[30.668s] -- looking for PCL_OCTREE
[30.668s] -- Found PCL_OCTREE: /usr/local/lib/libpcl_octree.so  
[30.668s] -- looking for PCL_SEARCH
[30.668s] -- Found PCL_SEARCH: /usr/local/lib/libpcl_search.so  
[30.668s] -- looking for PCL_SAMPLE_CONSENSUS
[30.668s] -- Found PCL_SAMPLE_CONSENSUS: /usr/local/lib/libpcl_sample_consensus.so  
[30.669s] -- looking for PCL_FILTERS
[30.669s] -- Found PCL_FILTERS: /usr/local/lib/libpcl_filters.so  
[30.669s] -- looking for PCL_2D
[30.669s] -- Found PCL_2D: /usr/local/include/pcl-1.14  
[30.669s] -- looking for PCL_GEOMETRY
[30.669s] -- Found PCL_GEOMETRY: /usr/local/include/pcl-1.14  
[30.669s] -- looking for PCL_IO
[30.670s] -- Found PCL_IO: /usr/local/lib/libpcl_io.so  
[30.670s] -- looking for PCL_FEATURES
[30.670s] -- Found PCL_FEATURES: /usr/local/lib/libpcl_features.so  
[30.670s] -- looking for PCL_ML
[30.670s] -- Found PCL_ML: /usr/local/lib/libpcl_ml.so  
[30.671s] -- looking for PCL_SEGMENTATION
[30.671s] -- Found PCL_SEGMENTATION: /usr/local/lib/libpcl_segmentation.so  
[30.671s] -- looking for PCL_VISUALIZATION
[30.671s] -- Found PCL_VISUALIZATION: /usr/local/lib/libpcl_visualization.so  
[30.672s] -- looking for PCL_SURFACE
[30.672s] -- Found PCL_SURFACE: /usr/local/lib/libpcl_surface.so  
[30.672s] -- looking for PCL_REGISTRATION
[30.672s] -- Found PCL_REGISTRATION: /usr/local/lib/libpcl_registration.so  
[30.672s] -- looking for PCL_KEYPOINTS
[30.673s] -- Found PCL_KEYPOINTS: /usr/local/lib/libpcl_keypoints.so  
[30.673s] -- looking for PCL_TRACKING
[30.673s] -- Found PCL_TRACKING: /usr/local/lib/libpcl_tracking.so  
[30.673s] -- looking for PCL_RECOGNITION
[30.674s] -- Found PCL_RECOGNITION: /usr/local/lib/libpcl_recognition.so  
[30.674s] -- looking for PCL_STEREO
[30.674s] -- Found PCL_STEREO: /usr/local/lib/libpcl_stereo.so  
[30.674s] -- looking for PCL_OUTOFCORE
[30.675s] -- Found PCL_OUTOFCORE: /usr/local/lib/libpcl_outofcore.so  
[30.675s] -- looking for PCL_PEOPLE
[30.675s] -- Found PCL_PEOPLE: /usr/local/lib/libpcl_people.so  
[30.676s] -- Found PCL: pcl_common;pcl_kdtree;pcl_octree;pcl_search;pcl_sample_consensus;pcl_filters;pcl_io;pcl_features;pcl_ml;pcl_segmentation;pcl_visualization;pcl_surface;pcl_registration;pcl_keypoints;pcl_tracking;pcl_recognition;pcl_stereo;pcl_outofcore;pcl_people;Boost::system;Boost::iostreams;Boost::filesystem;Boost::serialization;/usr/lib/libOpenNI.so;libusb::libusb;/usr/lib/x86_64-linux-gnu/libOpenNI2.so;libusb::libusb;VTK::ChartsCore;VTK::CommonColor;VTK::CommonComputationalGeometry;VTK::CommonCore;VTK::CommonDataModel;VTK::CommonExecutionModel;VTK::CommonMath;VTK::CommonMisc;VTK::CommonTransforms;VTK::FiltersCore;VTK::FiltersExtraction;VTK::FiltersGeneral;VTK::FiltersGeometry;VTK::FiltersModeling;VTK::FiltersSources;VTK::ImagingCore;VTK::ImagingSources;VTK::InteractionImage;VTK::InteractionStyle;VTK::InteractionWidgets;VTK::IOCore;VTK::IOGeometry;VTK::IOImage;VTK::IOLegacy;VTK::IOPLY;VTK::RenderingAnnotation;VTK::RenderingCore;VTK::RenderingContext2D;VTK::RenderingLOD;VTK::RenderingFreeType;VTK::ViewsCore;VTK::ViewsContext2D;VTK::RenderingOpenGL2;VTK::RenderingContextOpenGL2;VTK::GUISupportQt;FLANN::FLANN;QHULL::QHULL  
[30.677s] -- Found std_msgs: 4.2.4 (/opt/ros/humble/share/std_msgs/cmake)
[30.747s] -- Found rosidl_generator_c: 3.1.5 (/opt/ros/humble/share/rosidl_generator_c/cmake)
[30.750s] -- Found rosidl_adapter: 3.1.5 (/opt/ros/humble/share/rosidl_adapter/cmake)
[30.756s] -- Found rosidl_generator_cpp: 3.1.5 (/opt/ros/humble/share/rosidl_generator_cpp/cmake)
[30.764s] -- Using all available rosidl_typesupport_c: rosidl_typesupport_fastrtps_c;rosidl_typesupport_introspection_c
[30.774s] -- Using all available rosidl_typesupport_cpp: rosidl_typesupport_fastrtps_cpp;rosidl_typesupport_introspection_cpp
[32.277s] [31mCMake Error at CMakeLists.txt:229 (find_package):
[32.277s]   By not providing "Findlivox_interfaces.cmake" in CMAKE_MODULE_PATH this
[32.277s]   project has asked CMake to find a package configuration file provided by
[32.277s]   "livox_interfaces", but CMake did not find one.
[32.277s] 
[32.277s]   Could not find a package configuration file provided by "livox_interfaces"
[32.277s]   with any of the following names:
[32.277s] 
[32.277s]     livox_interfacesConfig.cmake
[32.277s]     livox_interfaces-config.cmake
[32.277s] 
[32.277s]   Add the installation prefix of "livox_interfaces" to CMAKE_PREFIX_PATH or
[32.277s]   set "livox_interfaces_DIR" to a directory containing one of the above
[32.277s]   files.  If "livox_interfaces" provides a separate development package or
[32.277s]   SDK, be sure it has been installed.
[32.277s] 
[32.277s] [0m
[32.277s] -- Configuring incomplete, errors occurred!
[32.277s] See also "/home/aurora/RM25/src/build/livox_ros_driver2/CMakeFiles/CMakeOutput.log".
[32.289s] Invoked command in '/home/aurora/RM25/src/build/livox_ros_driver2' returned '1': /usr/bin/cmake /home/aurora/RM25/src/rm_driver/livox_ros_driver2 -DROS_EDITION=ROS2 -DHUMBLE_ROS=humble -DCMAKE_INSTALL_PREFIX=/home/aurora/RM25/src/install/livox_ros_driver2
