[0.310s] Invoking command in '/home/aurora/RM25/build/nav2_util': CMAKE_PREFIX_PATH=/home/aurora/RM25/install/nav2_msgs:/home/aurora/RM25/install/nav2_common:/home/aurora/RM25/install/nav2_constrained_smoother:/home/aurora/RM25/install/rm_robot_description:/home/aurora/RM25/install/opennav_docking_core:/home/aurora/RM25/install/nav_2d_utils:/home/aurora/RM25/install/dwb_msgs:/home/aurora/RM25/install/nav_2d_msgs:/home/aurora/RM25/install/nav2_core:/home/aurora/RM25/install/costmap_queue:/home/aurora/RM25/install/nav2_costmap_2d:/home/aurora/RM25/install/nav2_voxel_grid:/home/aurora/RM25/install/nav2_velocity_smoother:/home/aurora/RM25/install/nav2_rviz_plugins:/home/aurora/RM25/install/nav2_map_server:/home/aurora/RM25/install/nav2_lifecycle_manager:/home/aurora/RM25/install/nav2_behavior_tree:/home/aurora/RM25/install/nav2_amcl:/home/aurora/RM25/install/nav2_util:/home/aurora/ws_helloworld/install/pkg01_helloworld_cpp:/home/aurora/ws_helloworld/install/learning_tf2_cpp:/home/aurora/RM25/install/nav2_simple_commander:/home/aurora/RM25/install/nav2_loopback_sim:/home/aurora/ws_helloworld/install/pkg02_helloworld_py:/opt/ros/humble LD_LIBRARY_PATH=/home/aurora/RM25/install/nav2_msgs/lib:/home/aurora/RM25/install/nav2_constrained_smoother/lib:/home/aurora/RM25/install/nav_2d_utils/lib:/home/aurora/RM25/install/dwb_msgs/lib:/home/aurora/RM25/install/nav_2d_msgs/lib:/home/aurora/RM25/install/costmap_queue/lib:/home/aurora/RM25/install/nav2_costmap_2d/lib:/home/aurora/RM25/install/nav2_voxel_grid/lib:/home/aurora/RM25/install/nav2_velocity_smoother/lib:/home/aurora/RM25/install/nav2_rviz_plugins/lib:/home/aurora/RM25/install/nav2_map_server/lib:/home/aurora/RM25/install/nav2_lifecycle_manager/lib:/home/aurora/RM25/install/nav2_behavior_tree/lib:/home/aurora/RM25/install/nav2_amcl/lib:/home/aurora/RM25/install/nav2_util/lib:/usr/lib/x86_64-linux-gnu/gazebo-11/plugins:/opt/ros/humble/opt/rviz_ogre_vendor/lib:/opt/ros/humble/lib/x86_64-linux-gnu:/opt/ros/humble/lib /usr/bin/cmake --build /home/aurora/RM25/build/nav2_util -- -j20 -l20
[0.348s] [  5%] Built target gtest_main
[0.349s] [ 10%] Built target gtest
[0.358s] [ 35%] Built target nav2_util_core
[0.364s] [ 40%] Built target test_execution_timer
[0.376s] [ 45%] Built target test_string_utils
[0.379s] [ 50%] Built target test_service_client
[0.381s] [ 55%] Built target test_actions
[0.382s] [ 60%] Built target test_validation_messages
[0.382s] [ 65%] Built target test_lifecycle_utils
[0.383s] [ 70%] Built target lifecycle_bringup
[0.384s] [ 75%] Built target test_node_utils
[0.384s] [ 80%] Built target test_robot_utils
[0.384s] [ 85%] Built target test_geometry_utils
[0.385s] [ 90%] Built target test_odometry_utils
[0.386s] [ 95%] Built target test_lifecycle_node
[0.386s] [100%] Built target test_lifecycle_cli_node
[0.393s] Invoked command in '/home/aurora/RM25/build/nav2_util' returned '0': CMAKE_PREFIX_PATH=/home/aurora/RM25/install/nav2_msgs:/home/aurora/RM25/install/nav2_common:/home/aurora/RM25/install/nav2_constrained_smoother:/home/aurora/RM25/install/rm_robot_description:/home/aurora/RM25/install/opennav_docking_core:/home/aurora/RM25/install/nav_2d_utils:/home/aurora/RM25/install/dwb_msgs:/home/aurora/RM25/install/nav_2d_msgs:/home/aurora/RM25/install/nav2_core:/home/aurora/RM25/install/costmap_queue:/home/aurora/RM25/install/nav2_costmap_2d:/home/aurora/RM25/install/nav2_voxel_grid:/home/aurora/RM25/install/nav2_velocity_smoother:/home/aurora/RM25/install/nav2_rviz_plugins:/home/aurora/RM25/install/nav2_map_server:/home/aurora/RM25/install/nav2_lifecycle_manager:/home/aurora/RM25/install/nav2_behavior_tree:/home/aurora/RM25/install/nav2_amcl:/home/aurora/RM25/install/nav2_util:/home/aurora/ws_helloworld/install/pkg01_helloworld_cpp:/home/aurora/ws_helloworld/install/learning_tf2_cpp:/home/aurora/RM25/install/nav2_simple_commander:/home/aurora/RM25/install/nav2_loopback_sim:/home/aurora/ws_helloworld/install/pkg02_helloworld_py:/opt/ros/humble LD_LIBRARY_PATH=/home/aurora/RM25/install/nav2_msgs/lib:/home/aurora/RM25/install/nav2_constrained_smoother/lib:/home/aurora/RM25/install/nav_2d_utils/lib:/home/aurora/RM25/install/dwb_msgs/lib:/home/aurora/RM25/install/nav_2d_msgs/lib:/home/aurora/RM25/install/costmap_queue/lib:/home/aurora/RM25/install/nav2_costmap_2d/lib:/home/aurora/RM25/install/nav2_voxel_grid/lib:/home/aurora/RM25/install/nav2_velocity_smoother/lib:/home/aurora/RM25/install/nav2_rviz_plugins/lib:/home/aurora/RM25/install/nav2_map_server/lib:/home/aurora/RM25/install/nav2_lifecycle_manager/lib:/home/aurora/RM25/install/nav2_behavior_tree/lib:/home/aurora/RM25/install/nav2_amcl/lib:/home/aurora/RM25/install/nav2_util/lib:/usr/lib/x86_64-linux-gnu/gazebo-11/plugins:/opt/ros/humble/opt/rviz_ogre_vendor/lib:/opt/ros/humble/lib/x86_64-linux-gnu:/opt/ros/humble/lib /usr/bin/cmake --build /home/aurora/RM25/build/nav2_util -- -j20 -l20
[0.416s] Invoking command in '/home/aurora/RM25/build/nav2_util': CMAKE_PREFIX_PATH=/home/aurora/RM25/install/nav2_msgs:/home/aurora/RM25/install/nav2_common:/home/aurora/RM25/install/nav2_constrained_smoother:/home/aurora/RM25/install/rm_robot_description:/home/aurora/RM25/install/opennav_docking_core:/home/aurora/RM25/install/nav_2d_utils:/home/aurora/RM25/install/dwb_msgs:/home/aurora/RM25/install/nav_2d_msgs:/home/aurora/RM25/install/nav2_core:/home/aurora/RM25/install/costmap_queue:/home/aurora/RM25/install/nav2_costmap_2d:/home/aurora/RM25/install/nav2_voxel_grid:/home/aurora/RM25/install/nav2_velocity_smoother:/home/aurora/RM25/install/nav2_rviz_plugins:/home/aurora/RM25/install/nav2_map_server:/home/aurora/RM25/install/nav2_lifecycle_manager:/home/aurora/RM25/install/nav2_behavior_tree:/home/aurora/RM25/install/nav2_amcl:/home/aurora/RM25/install/nav2_util:/home/aurora/ws_helloworld/install/pkg01_helloworld_cpp:/home/aurora/ws_helloworld/install/learning_tf2_cpp:/home/aurora/RM25/install/nav2_simple_commander:/home/aurora/RM25/install/nav2_loopback_sim:/home/aurora/ws_helloworld/install/pkg02_helloworld_py:/opt/ros/humble LD_LIBRARY_PATH=/home/aurora/RM25/install/nav2_msgs/lib:/home/aurora/RM25/install/nav2_constrained_smoother/lib:/home/aurora/RM25/install/nav_2d_utils/lib:/home/aurora/RM25/install/dwb_msgs/lib:/home/aurora/RM25/install/nav_2d_msgs/lib:/home/aurora/RM25/install/costmap_queue/lib:/home/aurora/RM25/install/nav2_costmap_2d/lib:/home/aurora/RM25/install/nav2_voxel_grid/lib:/home/aurora/RM25/install/nav2_velocity_smoother/lib:/home/aurora/RM25/install/nav2_rviz_plugins/lib:/home/aurora/RM25/install/nav2_map_server/lib:/home/aurora/RM25/install/nav2_lifecycle_manager/lib:/home/aurora/RM25/install/nav2_behavior_tree/lib:/home/aurora/RM25/install/nav2_amcl/lib:/home/aurora/RM25/install/nav2_util/lib:/usr/lib/x86_64-linux-gnu/gazebo-11/plugins:/opt/ros/humble/opt/rviz_ogre_vendor/lib:/opt/ros/humble/lib/x86_64-linux-gnu:/opt/ros/humble/lib /usr/bin/cmake --install /home/aurora/RM25/build/nav2_util
[0.420s] -- Install configuration: "Release"
[0.420s] -- Execute custom install script
[0.421s] -- Up-to-date symlink: /home/aurora/RM25/install/nav2_util/lib/libnav2_util_core.so
[0.421s] -- Up-to-date symlink: /home/aurora/RM25/install/nav2_util/lib/nav2_util/lifecycle_bringup
[0.422s] -- Up-to-date symlink: /home/aurora/RM25/install/nav2_util/include//nav2_util/clear_entirely_costmap_service_client.hpp
[0.422s] -- Up-to-date symlink: /home/aurora/RM25/install/nav2_util/include//nav2_util/costmap.hpp
[0.422s] -- Up-to-date symlink: /home/aurora/RM25/install/nav2_util/include//nav2_util/execution_timer.hpp
[0.422s] -- Up-to-date symlink: /home/aurora/RM25/install/nav2_util/include//nav2_util/geometry_utils.hpp
[0.422s] -- Up-to-date symlink: /home/aurora/RM25/install/nav2_util/include//nav2_util/lifecycle_node.hpp
[0.423s] -- Up-to-date symlink: /home/aurora/RM25/install/nav2_util/include//nav2_util/lifecycle_service_client.hpp
[0.423s] -- Up-to-date symlink: /home/aurora/RM25/install/nav2_util/include//nav2_util/lifecycle_utils.hpp
[0.423s] -- Up-to-date symlink: /home/aurora/RM25/install/nav2_util/include//nav2_util/line_iterator.hpp
[0.423s] -- Up-to-date symlink: /home/aurora/RM25/install/nav2_util/include//nav2_util/node_thread.hpp
[0.423s] -- Up-to-date symlink: /home/aurora/RM25/install/nav2_util/include//nav2_util/node_utils.hpp
[0.424s] -- Up-to-date symlink: /home/aurora/RM25/install/nav2_util/include//nav2_util/occ_grid_values.hpp
[0.424s] -- Up-to-date symlink: /home/aurora/RM25/install/nav2_util/include//nav2_util/odometry_utils.hpp
[0.424s] -- Up-to-date symlink: /home/aurora/RM25/install/nav2_util/include//nav2_util/robot_utils.hpp
[0.424s] -- Up-to-date symlink: /home/aurora/RM25/install/nav2_util/include//nav2_util/service_client.hpp
[0.424s] -- Up-to-date symlink: /home/aurora/RM25/install/nav2_util/include//nav2_util/simple_action_server.hpp
[0.425s] -- Up-to-date symlink: /home/aurora/RM25/install/nav2_util/include//nav2_util/string_utils.hpp
[0.425s] -- Up-to-date symlink: /home/aurora/RM25/install/nav2_util/include//nav2_util/validate_messages.hpp
[0.425s] -- Up-to-date symlink: /home/aurora/RM25/install/nav2_util/share/nav2_util/environment/library_path.sh
[0.425s] -- Up-to-date symlink: /home/aurora/RM25/install/nav2_util/share/nav2_util/environment/library_path.dsv
[0.425s] -- Up-to-date symlink: /home/aurora/RM25/install/nav2_util/share/ament_index/resource_index/package_run_dependencies/nav2_util
[0.426s] -- Up-to-date symlink: /home/aurora/RM25/install/nav2_util/share/ament_index/resource_index/parent_prefix_path/nav2_util
[0.426s] -- Up-to-date symlink: /home/aurora/RM25/install/nav2_util/share/nav2_util/environment/ament_prefix_path.sh
[0.426s] -- Up-to-date symlink: /home/aurora/RM25/install/nav2_util/share/nav2_util/environment/ament_prefix_path.dsv
[0.426s] -- Up-to-date symlink: /home/aurora/RM25/install/nav2_util/share/nav2_util/environment/path.sh
[0.426s] -- Up-to-date symlink: /home/aurora/RM25/install/nav2_util/share/nav2_util/environment/path.dsv
[0.427s] -- Up-to-date symlink: /home/aurora/RM25/install/nav2_util/share/nav2_util/local_setup.bash
[0.427s] -- Up-to-date symlink: /home/aurora/RM25/install/nav2_util/share/nav2_util/local_setup.sh
[0.427s] -- Up-to-date symlink: /home/aurora/RM25/install/nav2_util/share/nav2_util/local_setup.zsh
[0.427s] -- Up-to-date symlink: /home/aurora/RM25/install/nav2_util/share/nav2_util/local_setup.dsv
[0.427s] -- Symlinking: /home/aurora/RM25/install/nav2_util/share/nav2_util/package.dsv
[0.433s] -- Up-to-date symlink: /home/aurora/RM25/install/nav2_util/share/ament_index/resource_index/packages/nav2_util
[0.433s] -- Up-to-date symlink: /home/aurora/RM25/install/nav2_util/share/nav2_util/cmake/ament_cmake_export_include_directories-extras.cmake
[0.433s] -- Up-to-date symlink: /home/aurora/RM25/install/nav2_util/share/nav2_util/cmake/ament_cmake_export_libraries-extras.cmake
[0.434s] -- Up-to-date symlink: /home/aurora/RM25/install/nav2_util/share/nav2_util/cmake/ament_cmake_export_dependencies-extras.cmake
[0.434s] -- Up-to-date symlink: /home/aurora/RM25/install/nav2_util/share/nav2_util/cmake/nav2_utilConfig.cmake
[0.434s] -- Up-to-date symlink: /home/aurora/RM25/install/nav2_util/share/nav2_util/cmake/nav2_utilConfig-version.cmake
[0.434s] -- Up-to-date symlink: /home/aurora/RM25/install/nav2_util/share/nav2_util/package.xml
[0.436s] Invoked command in '/home/aurora/RM25/build/nav2_util' returned '0': CMAKE_PREFIX_PATH=/home/aurora/RM25/install/nav2_msgs:/home/aurora/RM25/install/nav2_common:/home/aurora/RM25/install/nav2_constrained_smoother:/home/aurora/RM25/install/rm_robot_description:/home/aurora/RM25/install/opennav_docking_core:/home/aurora/RM25/install/nav_2d_utils:/home/aurora/RM25/install/dwb_msgs:/home/aurora/RM25/install/nav_2d_msgs:/home/aurora/RM25/install/nav2_core:/home/aurora/RM25/install/costmap_queue:/home/aurora/RM25/install/nav2_costmap_2d:/home/aurora/RM25/install/nav2_voxel_grid:/home/aurora/RM25/install/nav2_velocity_smoother:/home/aurora/RM25/install/nav2_rviz_plugins:/home/aurora/RM25/install/nav2_map_server:/home/aurora/RM25/install/nav2_lifecycle_manager:/home/aurora/RM25/install/nav2_behavior_tree:/home/aurora/RM25/install/nav2_amcl:/home/aurora/RM25/install/nav2_util:/home/aurora/ws_helloworld/install/pkg01_helloworld_cpp:/home/aurora/ws_helloworld/install/learning_tf2_cpp:/home/aurora/RM25/install/nav2_simple_commander:/home/aurora/RM25/install/nav2_loopback_sim:/home/aurora/ws_helloworld/install/pkg02_helloworld_py:/opt/ros/humble LD_LIBRARY_PATH=/home/aurora/RM25/install/nav2_msgs/lib:/home/aurora/RM25/install/nav2_constrained_smoother/lib:/home/aurora/RM25/install/nav_2d_utils/lib:/home/aurora/RM25/install/dwb_msgs/lib:/home/aurora/RM25/install/nav_2d_msgs/lib:/home/aurora/RM25/install/costmap_queue/lib:/home/aurora/RM25/install/nav2_costmap_2d/lib:/home/aurora/RM25/install/nav2_voxel_grid/lib:/home/aurora/RM25/install/nav2_velocity_smoother/lib:/home/aurora/RM25/install/nav2_rviz_plugins/lib:/home/aurora/RM25/install/nav2_map_server/lib:/home/aurora/RM25/install/nav2_lifecycle_manager/lib:/home/aurora/RM25/install/nav2_behavior_tree/lib:/home/aurora/RM25/install/nav2_amcl/lib:/home/aurora/RM25/install/nav2_util/lib:/usr/lib/x86_64-linux-gnu/gazebo-11/plugins:/opt/ros/humble/opt/rviz_ogre_vendor/lib:/opt/ros/humble/lib/x86_64-linux-gnu:/opt/ros/humble/lib /usr/bin/cmake --install /home/aurora/RM25/build/nav2_util
