[1.429s] Invoking command in '/home/aurora/RM25/build/nav2_smoother': CMAKE_PREFIX_PATH=/home/aurora/RM25/install/nav2_core:/home/aurora/RM25/install/nav2_costmap_2d:/home/aurora/RM25/install/nav_2d_utils:/home/aurora/RM25/install/nav2_map_server:/home/aurora/RM25/install/nav2_lifecycle_manager:/home/aurora/RM25/install/nav2_util:/home/aurora/RM25/install/nav2_voxel_grid:/home/aurora/RM25/install/nav2_msgs:/home/aurora/RM25/install/nav_2d_msgs:/home/aurora/RM25/install/nav2_common:/home/aurora/RM25/install/rm_robot_description:/home/aurora/RM25/install/opennav_docking_core:/home/aurora/RM25/install/dwb_msgs:/home/aurora/RM25/install/costmap_queue:/home/aurora/RM25/install/nav2_velocity_smoother:/home/aurora/RM25/install/nav2_rviz_plugins:/home/aurora/RM25/install/nav2_behavior_tree:/home/aurora/RM25/install/nav2_amcl:/home/aurora/ws_helloworld/install/pkg01_helloworld_cpp:/home/aurora/ws_helloworld/install/learning_tf2_cpp:/home/aurora/RM25/install/nav2_simple_commander:/home/aurora/RM25/install/nav2_loopback_sim:/home/aurora/ws_helloworld/install/pkg02_helloworld_py:/opt/ros/humble LD_LIBRARY_PATH=/home/aurora/RM25/install/nav2_costmap_2d/lib:/home/aurora/RM25/install/nav_2d_utils/lib:/home/aurora/RM25/install/nav2_map_server/lib:/home/aurora/RM25/install/nav2_lifecycle_manager/lib:/home/aurora/RM25/install/nav2_util/lib:/home/aurora/RM25/install/nav2_voxel_grid/lib:/home/aurora/RM25/install/nav2_msgs/lib:/home/aurora/RM25/install/nav_2d_msgs/lib:/home/aurora/RM25/install/dwb_msgs/lib:/home/aurora/RM25/install/costmap_queue/lib:/home/aurora/RM25/install/nav2_velocity_smoother/lib:/home/aurora/RM25/install/nav2_rviz_plugins/lib:/home/aurora/RM25/install/nav2_behavior_tree/lib:/home/aurora/RM25/install/nav2_amcl/lib:/usr/lib/x86_64-linux-gnu/gazebo-11/plugins:/opt/ros/humble/opt/rviz_ogre_vendor/lib:/opt/ros/humble/lib/x86_64-linux-gnu:/opt/ros/humble/lib /usr/bin/cmake --build /home/aurora/RM25/build/nav2_smoother -- -j20 -l20
[1.763s] [  5%] [32mBuilding CXX object CMakeFiles/simple_smoother.dir/src/simple_smoother.cpp.o[0m
[1.769s] [ 11%] [32mBuilding CXX object CMakeFiles/smoother_server_core.dir/src/nav2_smoother.cpp.o[0m
[1.799s] [35m[1mConsolidate compiler generated dependencies of target gtest_main[0m
[1.800s] [ 16%] [32mBuilding CXX object CMakeFiles/savitzky_golay_smoother.dir/src/savitzky_golay_smoother.cpp.o[0m
[1.820s] [35m[1mConsolidate compiler generated dependencies of target gtest[0m
[1.867s] [ 27%] Built target gtest_main
[1.894s] [ 38%] Built target gtest
[395.076s] [ 44%] [32m[1mLinking CXX shared library libsavitzky_golay_smoother.so[0m
[396.022s] [ 44%] Built target savitzky_golay_smoother
[396.171s] [ 50%] [32m[1mLinking CXX shared library libsimple_smoother.so[0m
[396.726s] [ 50%] Built target simple_smoother
[452.678s] [ 55%] [32m[1mLinking CXX shared library libsmoother_server_core.so[0m
[453.158s] [ 55%] Built target smoother_server_core
[453.178s] [ 61%] [32mBuilding CXX object test/CMakeFiles/test_simple_smoother.dir/test_simple_smoother.cpp.o[0m
[457.631s] [ 66%] [32m[1mLinking CXX executable test_simple_smoother[0m
[458.019s] [ 66%] Built target test_simple_smoother
[458.035s] [ 72%] [32mBuilding CXX object test/CMakeFiles/test_smoother_server.dir/test_smoother_server.cpp.o[0m
[464.330s] [ 77%] [32m[1mLinking CXX executable test_smoother_server[0m
[464.770s] [ 77%] Built target test_smoother_server
[464.796s] [ 83%] [32mBuilding CXX object CMakeFiles/smoother_server.dir/src/main.cpp.o[0m
[468.291s] [ 88%] [32m[1mLinking CXX executable smoother_server[0m
[468.649s] [ 88%] Built target smoother_server
[468.664s] [ 94%] [32mBuilding CXX object test/CMakeFiles/test_savitzky_golay_smoother.dir/test_savitzky_golay_smoother.cpp.o[0m
[472.990s] [100%] [32m[1mLinking CXX executable test_savitzky_golay_smoother[0m
[473.369s] [100%] Built target test_savitzky_golay_smoother
