[0.455s] Invoking command in '/home/aurora/RM25/build/nav2_loopback_sim': PYTHONPATH=/home/aurora/RM25/build/nav2_loopback_sim/prefix_override:/usr/lib/python3/dist-packages/colcon_core/task/python/colcon_distutils_commands:/home/aurora/RM25/install/nav2_loopback_sim/lib/python3.10/site-packages:${PYTHONPATH} /usr/bin/python3 -W ignore:setup.py install is deprecated setup.py develop --editable --build-directory /home/aurora/RM25/build/nav2_loopback_sim/build --no-deps symlink_data
[0.640s] running develop
[0.640s] /usr/lib/python3/dist-packages/setuptools/command/easy_install.py:158: EasyInstallDeprecationWarning: easy_install command is deprecated. Use build and pip and other standards-based tools.
[0.640s]   warnings.warn(
[0.723s] running egg_info
[0.724s] writing nav2_loopback_sim.egg-info/PKG-INFO
[0.724s] writing dependency_links to nav2_loopback_sim.egg-info/dependency_links.txt
[0.724s] writing entry points to nav2_loopback_sim.egg-info/entry_points.txt
[0.724s] writing requirements to nav2_loopback_sim.egg-info/requires.txt
[0.724s] writing top-level names to nav2_loopback_sim.egg-info/top_level.txt
[0.725s] package init file 'nav2_loopback_sim/__init__.py' not found (or not a regular file)
[0.725s] reading manifest file 'nav2_loopback_sim.egg-info/SOURCES.txt'
[0.726s] writing manifest file 'nav2_loopback_sim.egg-info/SOURCES.txt'
[0.727s] running build_ext
[0.727s] Creating /home/aurora/RM25/install/nav2_loopback_sim/lib/python3.10/site-packages/nav2-loopback-sim.egg-link (link to .)
[0.727s] Installing loopback_simulator script to /home/aurora/RM25/install/nav2_loopback_sim/lib/nav2_loopback_sim
[0.728s] 
[0.728s] Installed /home/aurora/RM25/build/nav2_loopback_sim
[0.728s] running symlink_data
[0.754s] Invoked command in '/home/aurora/RM25/build/nav2_loopback_sim' returned '0': PYTHONPATH=/home/aurora/RM25/build/nav2_loopback_sim/prefix_override:/usr/lib/python3/dist-packages/colcon_core/task/python/colcon_distutils_commands:/home/aurora/RM25/install/nav2_loopback_sim/lib/python3.10/site-packages:${PYTHONPATH} /usr/bin/python3 -W ignore:setup.py install is deprecated setup.py develop --editable --build-directory /home/aurora/RM25/build/nav2_loopback_sim/build --no-deps symlink_data
