[0.829s] Invoking command in '/home/aurora/RM25/build/nav2_costmap_2d': AMENT_PREFIX_PATH=/home/aurora/RM25/install/nav2_map_server:/home/aurora/RM25/install/nav2_lifecycle_manager:/home/aurora/RM25/install/nav2_util:/home/aurora/RM25/install/nav2_voxel_grid:/home/aurora/RM25/install/nav2_common:${AMENT_PREFIX_PATH} CMAKE_PREFIX_PATH=/home/aurora/RM25/install/nav2_map_server:/home/aurora/RM25/install/nav2_lifecycle_manager:/home/aurora/RM25/install/nav2_util:/home/aurora/RM25/install/nav2_voxel_grid:/home/aurora/RM25/install/nav2_msgs:/home/aurora/RM25/install/nav2_common:/home/aurora/RM25/install/rm_robot_description:/home/aurora/RM25/install/nav2_bringup:/home/aurora/RM25/install/four_omniwheel_robot:/home/aurora/ws_helloworld/install/pkg01_helloworld_cpp:/home/aurora/ws_helloworld/install/learning_tf2_cpp:/home/aurora/ws_helloworld/install/pkg02_helloworld_py:/opt/ros/humble LD_LIBRARY_PATH=/home/aurora/RM25/install/nav2_map_server/lib:/home/aurora/RM25/install/nav2_lifecycle_manager/lib:/home/aurora/RM25/install/nav2_util/lib:/home/aurora/RM25/install/nav2_voxel_grid/lib:${LD_LIBRARY_PATH} PYTHONPATH=/home/aurora/RM25/install/nav2_common/local/lib/python3.10/dist-packages:${PYTHONPATH} /usr/bin/cmake /home/aurora/RM25/src/rm_navigation2/nav2_costmap_2d -DAMENT_CMAKE_SYMLINK_INSTALL=1 -DCMAKE_INSTALL_PREFIX=/home/aurora/RM25/install/nav2_costmap_2d
[1.021s] -- The C compiler identification is GNU 11.4.0
[1.873s] -- The CXX compiler identification is GNU 11.4.0
[2.536s] -- Detecting C compiler ABI info
[2.684s] -- Detecting C compiler ABI info - done
[2.689s] -- Check for working C compiler: /usr/bin/cc - skipped
[2.689s] -- Detecting C compile features
[2.689s] -- Detecting C compile features - done
[2.691s] -- Detecting CXX compiler ABI info
[2.891s] -- Detecting CXX compiler ABI info - done
[2.895s] -- Check for working CXX compiler: /usr/bin/c++ - skipped
[2.895s] -- Detecting CXX compile features
[2.896s] -- Detecting CXX compile features - done
[2.897s] -- Found ament_cmake: 1.3.10 (/opt/ros/humble/share/ament_cmake/cmake)
[3.005s] -- Found Python3: /usr/bin/python3 (found version "3.10.12") found components: Interpreter 
[3.050s] -- Override CMake install command with custom implementation using symlinks instead of copying resources
[3.068s] -- Found geometry_msgs: 4.2.4 (/opt/ros/humble/share/geometry_msgs/cmake)
[3.303s] -- Found rosidl_generator_c: 3.1.5 (/opt/ros/humble/share/rosidl_generator_c/cmake)
[3.307s] -- Found rosidl_adapter: 3.1.5 (/opt/ros/humble/share/rosidl_adapter/cmake)
[3.312s] -- Found rosidl_generator_cpp: 3.1.5 (/opt/ros/humble/share/rosidl_generator_cpp/cmake)
[3.321s] -- Using all available rosidl_typesupport_c: rosidl_typesupport_fastrtps_c;rosidl_typesupport_introspection_c
[3.331s] -- Using all available rosidl_typesupport_cpp: rosidl_typesupport_fastrtps_cpp;rosidl_typesupport_introspection_cpp
[3.358s] -- Found laser_geometry: 2.4.0 (/opt/ros/humble/share/laser_geometry/cmake)
[3.396s] -- Found rmw_implementation_cmake: 6.1.2 (/opt/ros/humble/share/rmw_implementation_cmake/cmake)
[3.398s] -- Found rmw_fastrtps_cpp: 6.2.7 (/opt/ros/humble/share/rmw_fastrtps_cpp/cmake)
[4.235s] -- Found OpenSSL: /usr/lib/x86_64-linux-gnu/libcrypto.so (found version "3.0.2")  
[5.251s] -- Found FastRTPS: /opt/ros/humble/include  
[7.081s] -- Using RMW implementation 'rmw_fastrtps_cpp' as default
[7.092s] -- Looking for pthread.h
[7.226s] -- Looking for pthread.h - found
[7.226s] -- Performing Test CMAKE_HAVE_LIBC_PTHREAD
[7.359s] -- Performing Test CMAKE_HAVE_LIBC_PTHREAD - Success
[7.360s] -- Found Threads: TRUE  
[7.423s] -- Found map_msgs: 2.1.0 (/opt/ros/humble/share/map_msgs/cmake)
[7.450s] -- Found message_filters: 4.3.5 (/opt/ros/humble/share/message_filters/cmake)
[7.452s] -- Found nav2_common: 1.1.16 (/opt/ros/humble/share/nav2_common/cmake)
[7.453s] -- Found nav2_msgs: 1.1.17 (/home/aurora/RM25/install/nav2_msgs/share/nav2_msgs/cmake)
[7.480s] -- Found nav2_util: 1.1.17 (/home/aurora/RM25/install/nav2_util/share/nav2_util/cmake)
[7.586s] -- Found Eigen3: TRUE (found version "3.4.0") 
[7.586s] -- Ensuring Eigen3 include directory is part of orocos-kdl CMake target
[7.619s] -- Found nav2_voxel_grid: 1.1.17 (/home/aurora/RM25/install/nav2_voxel_grid/share/nav2_voxel_grid/cmake)
[7.623s] -- Found pluginlib: 5.1.0 (/opt/ros/humble/share/pluginlib/cmake)
[8.458s] -- Found std_srvs: 4.2.4 (/opt/ros/humble/share/std_srvs/cmake)
[8.465s] -- Found tf2_sensor_msgs: 0.25.8 (/opt/ros/humble/share/tf2_sensor_msgs/cmake)
[8.470s] -- Found visualization_msgs: 4.2.4 (/opt/ros/humble/share/visualization_msgs/cmake)
[8.486s] -- Found angles: 1.15.0 (/opt/ros/humble/share/angles/cmake)
[8.488s] -- Found Eigen3: TRUE (found suitable version "3.4.0", minimum required is "3.3") 
[8.488s] -- Setting build type to Release as none was specified.
[8.596s] -- Found ament_lint_auto: 0.12.11 (/opt/ros/humble/share/ament_lint_auto/cmake)
[14.037s] -- Found gtest sources under '/opt/ros/humble/src/gtest_vendor': C++ tests using 'Google Test' will be built
[14.053s] -- Found gtest sources under '/opt/ros/humble/src/gtest_vendor': C++ tests using 'Google Test' will be built
[14.061s] -- Found gtest sources under '/opt/ros/humble/src/gtest_vendor': C++ tests using 'Google Test' will be built
[14.089s] -- Added test 'cppcheck' to perform static code analysis on C / C++ code
[14.090s] -- Configured cppcheck include dirs: $<BUILD_INTERFACE:/home/aurora/RM25/src/rm_navigation2/nav2_costmap_2d/include>
[14.090s] -- Configured cppcheck exclude dirs and/or files: 
[14.091s] -- Added test 'flake8' to check Python code syntax and style conventions
[14.092s] -- Added test 'lint_cmake' to check CMake code style
[14.093s] -- Added test 'pep257' to check Python code against some of the docstring style conventions in PEP 257
[14.095s] -- Added test 'uncrustify' to check C / C++ code style
[14.095s] -- Configured uncrustify additional arguments: 
[14.096s] -- Added test 'xmllint' to check XML markup files
[14.100s] -- Configuring done
[14.434s] -- Generating done
[14.437s] -- Build files have been written to: /home/aurora/RM25/build/nav2_costmap_2d
[14.450s] Invoked command in '/home/aurora/RM25/build/nav2_costmap_2d' returned '0': AMENT_PREFIX_PATH=/home/aurora/RM25/install/nav2_map_server:/home/aurora/RM25/install/nav2_lifecycle_manager:/home/aurora/RM25/install/nav2_util:/home/aurora/RM25/install/nav2_voxel_grid:/home/aurora/RM25/install/nav2_common:${AMENT_PREFIX_PATH} CMAKE_PREFIX_PATH=/home/aurora/RM25/install/nav2_map_server:/home/aurora/RM25/install/nav2_lifecycle_manager:/home/aurora/RM25/install/nav2_util:/home/aurora/RM25/install/nav2_voxel_grid:/home/aurora/RM25/install/nav2_msgs:/home/aurora/RM25/install/nav2_common:/home/aurora/RM25/install/rm_robot_description:/home/aurora/RM25/install/nav2_bringup:/home/aurora/RM25/install/four_omniwheel_robot:/home/aurora/ws_helloworld/install/pkg01_helloworld_cpp:/home/aurora/ws_helloworld/install/learning_tf2_cpp:/home/aurora/ws_helloworld/install/pkg02_helloworld_py:/opt/ros/humble LD_LIBRARY_PATH=/home/aurora/RM25/install/nav2_map_server/lib:/home/aurora/RM25/install/nav2_lifecycle_manager/lib:/home/aurora/RM25/install/nav2_util/lib:/home/aurora/RM25/install/nav2_voxel_grid/lib:${LD_LIBRARY_PATH} PYTHONPATH=/home/aurora/RM25/install/nav2_common/local/lib/python3.10/dist-packages:${PYTHONPATH} /usr/bin/cmake /home/aurora/RM25/src/rm_navigation2/nav2_costmap_2d -DAMENT_CMAKE_SYMLINK_INSTALL=1 -DCMAKE_INSTALL_PREFIX=/home/aurora/RM25/install/nav2_costmap_2d
[14.453s] Invoking command in '/home/aurora/RM25/build/nav2_costmap_2d': AMENT_PREFIX_PATH=/home/aurora/RM25/install/nav2_map_server:/home/aurora/RM25/install/nav2_lifecycle_manager:/home/aurora/RM25/install/nav2_util:/home/aurora/RM25/install/nav2_voxel_grid:/home/aurora/RM25/install/nav2_common:${AMENT_PREFIX_PATH} CMAKE_PREFIX_PATH=/home/aurora/RM25/install/nav2_map_server:/home/aurora/RM25/install/nav2_lifecycle_manager:/home/aurora/RM25/install/nav2_util:/home/aurora/RM25/install/nav2_voxel_grid:/home/aurora/RM25/install/nav2_msgs:/home/aurora/RM25/install/nav2_common:/home/aurora/RM25/install/rm_robot_description:/home/aurora/RM25/install/nav2_bringup:/home/aurora/RM25/install/four_omniwheel_robot:/home/aurora/ws_helloworld/install/pkg01_helloworld_cpp:/home/aurora/ws_helloworld/install/learning_tf2_cpp:/home/aurora/ws_helloworld/install/pkg02_helloworld_py:/opt/ros/humble LD_LIBRARY_PATH=/home/aurora/RM25/install/nav2_map_server/lib:/home/aurora/RM25/install/nav2_lifecycle_manager/lib:/home/aurora/RM25/install/nav2_util/lib:/home/aurora/RM25/install/nav2_voxel_grid/lib:${LD_LIBRARY_PATH} PYTHONPATH=/home/aurora/RM25/install/nav2_common/local/lib/python3.10/dist-packages:${PYTHONPATH} /usr/bin/cmake --build /home/aurora/RM25/build/nav2_costmap_2d -- -j20 -l20
[14.483s] [  1%] [32mBuilding CXX object gtest/CMakeFiles/gtest.dir/src/gtest-all.cc.o[0m
[14.484s] [  2%] [32mBuilding CXX object gtest/CMakeFiles/gtest_main.dir/src/gtest_main.cc.o[0m
[14.484s] [  3%] [32mBuilding CXX object CMakeFiles/nav2_costmap_2d_core.dir/src/array_parser.cpp.o[0m
[14.484s] [  4%] [32mBuilding CXX object CMakeFiles/nav2_costmap_2d_core.dir/src/layer.cpp.o[0m
[14.485s] [  6%] [32mBuilding CXX object CMakeFiles/nav2_costmap_2d_core.dir/src/costmap_2d_ros.cpp.o[0m
[14.485s] [  9%] [32mBuilding CXX object CMakeFiles/nav2_costmap_2d_core.dir/src/costmap_2d.cpp.o[0m
[14.485s] [  9%] [32mBuilding CXX object CMakeFiles/nav2_costmap_2d_core.dir/src/costmap_math.cpp.o[0m
[14.486s] [  9%] [32mBuilding CXX object CMakeFiles/nav2_costmap_2d_core.dir/src/costmap_layer.cpp.o[0m
[14.486s] [ 13%] [32mBuilding CXX object CMakeFiles/nav2_costmap_2d_core.dir/src/layered_costmap.cpp.o[0m
[14.486s] [ 13%] [32mBuilding CXX object CMakeFiles/nav2_costmap_2d_core.dir/src/footprint.cpp.o[0m
[14.486s] [ 13%] [32mBuilding CXX object CMakeFiles/nav2_costmap_2d_core.dir/src/costmap_2d_publisher.cpp.o[0m
[14.486s] [ 14%] [32mBuilding CXX object CMakeFiles/nav2_costmap_2d_core.dir/src/observation_buffer.cpp.o[0m
[14.486s] [ 17%] [32mBuilding CXX object CMakeFiles/nav2_costmap_2d_core.dir/src/footprint_collision_checker.cpp.o[0m
[14.486s] [ 17%] [32mBuilding CXX object CMakeFiles/nav2_costmap_2d_core.dir/src/clear_costmap_service.cpp.o[0m
[14.489s] [ 18%] [32mBuilding CXX object CMakeFiles/nav2_costmap_2d_core.dir/plugins/costmap_filters/costmap_filter.cpp.o[0m
[15.557s] [ 19%] [32m[1mLinking CXX static library libgtest_main.a[0m
[15.594s] [ 19%] Built target gtest_main
[22.084s] [ 20%] [32m[1mLinking CXX static library libgtest.a[0m
[22.106s] [ 20%] Built target gtest
[30.723s] [ 21%] [32m[1mLinking CXX shared library libnav2_costmap_2d_core.so[0m
[31.117s] [ 21%] Built target nav2_costmap_2d_core
[31.136s] [ 24%] [32mBuilding CXX object CMakeFiles/filters.dir/plugins/costmap_filters/speed_filter.cpp.o[0m
[31.136s] [ 24%] [32mBuilding CXX object CMakeFiles/filters.dir/plugins/costmap_filters/keepout_filter.cpp.o[0m
[31.136s] [ 25%] [32mBuilding CXX object CMakeFiles/nav2_costmap_2d_client.dir/src/costmap_subscriber.cpp.o[0m
[31.137s] [ 26%] [32mBuilding CXX object CMakeFiles/nav2_costmap_2d_client.dir/src/footprint_subscriber.cpp.o[0m
[31.137s] [ 28%] [32mBuilding CXX object CMakeFiles/layers.dir/plugins/static_layer.cpp.o[0m
[31.137s] [ 29%] [32mBuilding CXX object CMakeFiles/layers.dir/plugins/inflation_layer.cpp.o[0m
[31.138s] [ 30%] [32mBuilding CXX object CMakeFiles/filters.dir/plugins/costmap_filters/binary_filter.cpp.o[0m
[31.138s] [ 31%] [32mBuilding CXX object CMakeFiles/nav2_costmap_2d_client.dir/src/costmap_topic_collision_checker.cpp.o[0m
[31.138s] [ 32%] [32mBuilding CXX object test/unit/CMakeFiles/declare_parameter_test.dir/declare_parameter_test.cpp.o[0m
[31.138s] [ 34%] [32mBuilding CXX object CMakeFiles/nav2_costmap_2d_markers.dir/src/costmap_2d_markers.cpp.o[0m
[31.140s] [ 35%] [32mBuilding CXX object test/unit/CMakeFiles/collision_footprint_test.dir/footprint_collision_checker_test.cpp.o[0m
[31.140s] [ 36%] [32mBuilding CXX object test/unit/CMakeFiles/array_parser_test.dir/array_parser_test.cpp.o[0m
[31.144s] [ 37%] [32mBuilding CXX object CMakeFiles/nav2_costmap_2d_cloud.dir/src/costmap_2d_cloud.cpp.o[0m
[31.144s] [ 40%] [32mBuilding CXX object test/unit/CMakeFiles/costmap_filter_service_test.dir/costmap_filter_service_test.cpp.o[0m
[31.144s] [ 40%] [32mBuilding CXX object test/unit/CMakeFiles/copy_window_test.dir/copy_window_test.cpp.o[0m
[31.144s] [ 41%] [32mBuilding CXX object test/unit/CMakeFiles/costmap_convesion_test.dir/costmap_conversion_test.cpp.o[0m
[31.146s] [ 42%] [32mBuilding CXX object test/unit/CMakeFiles/costmap_filter_test.dir/costmap_filter_test.cpp.o[0m
[31.150s] [ 43%] [32mBuilding CXX object test/integration/CMakeFiles/dyn_params_tests.dir/dyn_params_tests.cpp.o[0m
[31.155s] [ 45%] [32mBuilding CXX object test/regression/CMakeFiles/costmap_bresenham_2d.dir/costmap_bresenham_2d.cpp.o[0m
[31.164s] [ 46%] [32mBuilding CXX object test/regression/CMakeFiles/order_layer.dir/order_layer.cpp.o[0m
[38.487s] [ 47%] [32m[1mLinking CXX executable costmap_bresenham_2d[0m
[38.772s] [ 48%] [32m[1mLinking CXX executable array_parser_test[0m
[39.272s] [ 48%] Built target array_parser_test
[39.287s] [ 48%] Built target costmap_bresenham_2d
[39.301s] [ 50%] [32mBuilding CXX object CMakeFiles/layers.dir/plugins/obstacle_layer.cpp.o[0m
[39.305s] [ 51%] [32mBuilding CXX object test/regression/CMakeFiles/plugin_api_order.dir/plugin_api_order.cpp.o[0m
[41.424s] [ 53%] [32m[1mLinking CXX shared library liborder_layer.so[0m
[41.426s] [ 53%] [32mBuilding CXX object CMakeFiles/layers.dir/src/observation_buffer.cpp.o[0m
[42.501s] [ 53%] Built target order_layer
[42.510s] [ 54%] [32mBuilding CXX object CMakeFiles/layers.dir/plugins/voxel_layer.cpp.o[0m
[42.836s] [ 56%] [32m[1mLinking CXX executable collision_footprint_test[0m
[43.552s] [ 57%] [32m[1mLinking CXX executable declare_parameter_test[0m
[43.835s] [ 57%] Built target collision_footprint_test
[43.847s] [ 58%] [32mBuilding CXX object CMakeFiles/layers.dir/plugins/range_sensor_layer.cpp.o[0m
[44.266s] [ 58%] Built target declare_parameter_test
[44.278s] [ 59%] [32mBuilding CXX object CMakeFiles/layers.dir/plugins/denoise_layer.cpp.o[0m
[45.436s] [ 60%] [32m[1mLinking CXX executable costmap_filter_test[0m
[47.000s] [ 60%] Built target costmap_filter_test
[47.674s] [ 62%] [32m[1mLinking CXX executable costmap_filter_service_test[0m
[48.713s] [ 62%] Built target costmap_filter_service_test
[49.445s] [ 63%] [32m[1mLinking CXX executable dyn_params_tests[0m
[50.041s] [ 63%] Built target dyn_params_tests
[50.166s] [ 64%] [32m[1mLinking CXX executable copy_window_test[0m
[50.642s] [ 64%] Built target copy_window_test
[51.749s] [ 65%] [32m[1mLinking CXX executable plugin_api_order[0m
[52.280s] [ 65%] Built target plugin_api_order
[55.183s] [ 67%] [32m[1mLinking CXX executable nav2_costmap_2d_markers[0m
[55.669s] [ 67%] Built target nav2_costmap_2d_markers
[56.683s] [ 68%] [32m[1mLinking CXX executable costmap_convesion_test[0m
[57.161s] [ 68%] Built target costmap_convesion_test
[62.420s] [ 69%] [32m[1mLinking CXX executable nav2_costmap_2d_cloud[0m
[62.778s] [ 69%] Built target nav2_costmap_2d_cloud
[64.529s] [ 70%] [32m[1mLinking CXX shared library liblayers.so[0m
[64.620s] [ 71%] [32m[1mLinking CXX shared library libnav2_costmap_2d_client.so[0m
[65.124s] [ 71%] Built target nav2_costmap_2d_client
[65.141s] [ 71%] Built target layers
[65.170s] [ 73%] [32mBuilding CXX object test/integration/CMakeFiles/obstacle_tests_exec.dir/obstacle_tests.cpp.o[0m
[65.171s] [ 75%] [32mBuilding CXX object test/integration/CMakeFiles/inflation_tests_exec.dir/inflation_tests.cpp.o[0m
[65.171s] [ 75%] [32mBuilding CXX object test/integration/CMakeFiles/range_tests_exec.dir/range_tests.cpp.o[0m
[65.171s] [ 76%] [32mBuilding CXX object test/integration/CMakeFiles/test_collision_checker_exec.dir/test_costmap_topic_collision_checker.cpp.o[0m
[65.171s] [ 78%] [32mBuilding CXX object test/unit/CMakeFiles/denoise_layer_test.dir/image_processing_test.cpp.o[0m
[65.171s] [ 79%] [32mBuilding CXX object test/unit/CMakeFiles/denoise_layer_test.dir/image_test.cpp.o[0m
[65.171s] [ 80%] [32mBuilding CXX object test/unit/CMakeFiles/denoise_layer_test.dir/denoise_layer_test.cpp.o[0m
[65.173s] [ 81%] [32mBuilding CXX object test/integration/CMakeFiles/footprint_tests_exec.dir/footprint_tests.cpp.o[0m
[69.805s] [ 82%] [32m[1mLinking CXX shared library libfilters.so[0m
[70.340s] [ 84%] [32m[1mLinking CXX executable footprint_tests_exec[0m
[70.405s] [ 84%] Built target filters
[70.423s] [ 85%] [32mBuilding CXX object test/unit/CMakeFiles/binary_filter_test.dir/binary_filter_test.cpp.o[0m
[70.423s] [ 86%] [32mBuilding CXX object test/unit/CMakeFiles/keepout_filter_test.dir/keepout_filter_test.cpp.o[0m
[70.425s] [ 87%] [32mBuilding CXX object test/unit/CMakeFiles/speed_filter_test.dir/speed_filter_test.cpp.o[0m
[70.427s] [ 89%] [32mBuilding CXX object CMakeFiles/nav2_costmap_2d.dir/src/costmap_2d_node.cpp.o[0m
[70.784s] [ 89%] Built target footprint_tests_exec
[71.358s] [ 90%] [32m[1mLinking CXX executable denoise_layer_test[0m
[71.943s] [ 90%] Built target denoise_layer_test
[72.860s] [ 91%] [32m[1mLinking CXX executable range_tests_exec[0m
[73.353s] [ 91%] Built target range_tests_exec
[74.868s] [ 92%] [32m[1mLinking CXX executable nav2_costmap_2d[0m
[75.053s] [ 93%] [32m[1mLinking CXX executable obstacle_tests_exec[0m
[75.277s] [ 95%] [32m[1mLinking CXX executable inflation_tests_exec[0m
[75.313s] [ 95%] Built target nav2_costmap_2d
[75.501s] [ 95%] Built target obstacle_tests_exec
[75.650s] [ 96%] [32m[1mLinking CXX executable test_collision_checker_exec[0m
[75.716s] [ 96%] Built target inflation_tests_exec
[76.070s] [ 96%] Built target test_collision_checker_exec
[77.696s] [ 97%] [32m[1mLinking CXX executable keepout_filter_test[0m
[78.048s] [ 97%] Built target keepout_filter_test
[81.442s] [ 98%] [32m[1mLinking CXX executable speed_filter_test[0m
[81.614s] [100%] [32m[1mLinking CXX executable binary_filter_test[0m
[81.805s] [100%] Built target speed_filter_test
[82.030s] [100%] Built target binary_filter_test
[82.100s] Invoked command in '/home/aurora/RM25/build/nav2_costmap_2d' returned '0': AMENT_PREFIX_PATH=/home/aurora/RM25/install/nav2_map_server:/home/aurora/RM25/install/nav2_lifecycle_manager:/home/aurora/RM25/install/nav2_util:/home/aurora/RM25/install/nav2_voxel_grid:/home/aurora/RM25/install/nav2_common:${AMENT_PREFIX_PATH} CMAKE_PREFIX_PATH=/home/aurora/RM25/install/nav2_map_server:/home/aurora/RM25/install/nav2_lifecycle_manager:/home/aurora/RM25/install/nav2_util:/home/aurora/RM25/install/nav2_voxel_grid:/home/aurora/RM25/install/nav2_msgs:/home/aurora/RM25/install/nav2_common:/home/aurora/RM25/install/rm_robot_description:/home/aurora/RM25/install/nav2_bringup:/home/aurora/RM25/install/four_omniwheel_robot:/home/aurora/ws_helloworld/install/pkg01_helloworld_cpp:/home/aurora/ws_helloworld/install/learning_tf2_cpp:/home/aurora/ws_helloworld/install/pkg02_helloworld_py:/opt/ros/humble LD_LIBRARY_PATH=/home/aurora/RM25/install/nav2_map_server/lib:/home/aurora/RM25/install/nav2_lifecycle_manager/lib:/home/aurora/RM25/install/nav2_util/lib:/home/aurora/RM25/install/nav2_voxel_grid/lib:${LD_LIBRARY_PATH} PYTHONPATH=/home/aurora/RM25/install/nav2_common/local/lib/python3.10/dist-packages:${PYTHONPATH} /usr/bin/cmake --build /home/aurora/RM25/build/nav2_costmap_2d -- -j20 -l20
[82.188s] Invoking command in '/home/aurora/RM25/build/nav2_costmap_2d': AMENT_PREFIX_PATH=/home/aurora/RM25/install/nav2_map_server:/home/aurora/RM25/install/nav2_lifecycle_manager:/home/aurora/RM25/install/nav2_util:/home/aurora/RM25/install/nav2_voxel_grid:/home/aurora/RM25/install/nav2_common:${AMENT_PREFIX_PATH} CMAKE_PREFIX_PATH=/home/aurora/RM25/install/nav2_map_server:/home/aurora/RM25/install/nav2_lifecycle_manager:/home/aurora/RM25/install/nav2_util:/home/aurora/RM25/install/nav2_voxel_grid:/home/aurora/RM25/install/nav2_msgs:/home/aurora/RM25/install/nav2_common:/home/aurora/RM25/install/rm_robot_description:/home/aurora/RM25/install/nav2_bringup:/home/aurora/RM25/install/four_omniwheel_robot:/home/aurora/ws_helloworld/install/pkg01_helloworld_cpp:/home/aurora/ws_helloworld/install/learning_tf2_cpp:/home/aurora/ws_helloworld/install/pkg02_helloworld_py:/opt/ros/humble LD_LIBRARY_PATH=/home/aurora/RM25/install/nav2_map_server/lib:/home/aurora/RM25/install/nav2_lifecycle_manager/lib:/home/aurora/RM25/install/nav2_util/lib:/home/aurora/RM25/install/nav2_voxel_grid/lib:${LD_LIBRARY_PATH} PYTHONPATH=/home/aurora/RM25/install/nav2_common/local/lib/python3.10/dist-packages:${PYTHONPATH} /usr/bin/cmake --install /home/aurora/RM25/build/nav2_costmap_2d
[82.192s] -- Install configuration: "Release"
[82.193s] -- Execute custom install script
[82.194s] -- Symlinking: /home/aurora/RM25/install/nav2_costmap_2d/lib/nav2_costmap_2d/nav2_costmap_2d_markers
[82.199s] -- Symlinking: /home/aurora/RM25/install/nav2_costmap_2d/lib/nav2_costmap_2d/nav2_costmap_2d_cloud
[82.204s] -- Symlinking: /home/aurora/RM25/install/nav2_costmap_2d/lib/nav2_costmap_2d/nav2_costmap_2d
[82.209s] -- Symlinking: /home/aurora/RM25/install/nav2_costmap_2d/share/nav2_costmap_2d/costmap_plugins.xml
[82.215s] -- Symlinking: /home/aurora/RM25/install/nav2_costmap_2d/include/nav2_costmap_2d/nav2_costmap_2d/array_parser.hpp
[82.219s] -- Symlinking: /home/aurora/RM25/install/nav2_costmap_2d/include/nav2_costmap_2d/nav2_costmap_2d/clear_costmap_service.hpp
[82.224s] -- Symlinking: /home/aurora/RM25/install/nav2_costmap_2d/include/nav2_costmap_2d/nav2_costmap_2d/cost_values.hpp
[82.229s] -- Symlinking: /home/aurora/RM25/install/nav2_costmap_2d/include/nav2_costmap_2d/nav2_costmap_2d/costmap_2d.hpp
[82.235s] -- Symlinking: /home/aurora/RM25/install/nav2_costmap_2d/include/nav2_costmap_2d/nav2_costmap_2d/costmap_2d_publisher.hpp
[82.240s] -- Symlinking: /home/aurora/RM25/install/nav2_costmap_2d/include/nav2_costmap_2d/nav2_costmap_2d/costmap_2d_ros.hpp
[82.245s] -- Symlinking: /home/aurora/RM25/install/nav2_costmap_2d/include/nav2_costmap_2d/nav2_costmap_2d/costmap_filters/binary_filter.hpp
[82.250s] -- Symlinking: /home/aurora/RM25/install/nav2_costmap_2d/include/nav2_costmap_2d/nav2_costmap_2d/costmap_filters/costmap_filter.hpp
[82.254s] -- Symlinking: /home/aurora/RM25/install/nav2_costmap_2d/include/nav2_costmap_2d/nav2_costmap_2d/costmap_filters/filter_values.hpp
[82.259s] -- Symlinking: /home/aurora/RM25/install/nav2_costmap_2d/include/nav2_costmap_2d/nav2_costmap_2d/costmap_filters/keepout_filter.hpp
[82.263s] -- Symlinking: /home/aurora/RM25/install/nav2_costmap_2d/include/nav2_costmap_2d/nav2_costmap_2d/costmap_filters/speed_filter.hpp
[82.267s] -- Symlinking: /home/aurora/RM25/install/nav2_costmap_2d/include/nav2_costmap_2d/nav2_costmap_2d/costmap_layer.hpp
[82.271s] -- Symlinking: /home/aurora/RM25/install/nav2_costmap_2d/include/nav2_costmap_2d/nav2_costmap_2d/costmap_math.hpp
[82.276s] -- Symlinking: /home/aurora/RM25/install/nav2_costmap_2d/include/nav2_costmap_2d/nav2_costmap_2d/costmap_subscriber.hpp
[82.280s] -- Symlinking: /home/aurora/RM25/install/nav2_costmap_2d/include/nav2_costmap_2d/nav2_costmap_2d/costmap_topic_collision_checker.hpp
[82.284s] -- Symlinking: /home/aurora/RM25/install/nav2_costmap_2d/include/nav2_costmap_2d/nav2_costmap_2d/denoise/image.hpp
[82.288s] -- Symlinking: /home/aurora/RM25/install/nav2_costmap_2d/include/nav2_costmap_2d/nav2_costmap_2d/denoise/image_processing.hpp
[82.293s] -- Symlinking: /home/aurora/RM25/install/nav2_costmap_2d/include/nav2_costmap_2d/nav2_costmap_2d/denoise_layer.hpp
[82.298s] -- Symlinking: /home/aurora/RM25/install/nav2_costmap_2d/include/nav2_costmap_2d/nav2_costmap_2d/exceptions.hpp
[82.302s] -- Symlinking: /home/aurora/RM25/install/nav2_costmap_2d/include/nav2_costmap_2d/nav2_costmap_2d/footprint.hpp
[82.307s] -- Symlinking: /home/aurora/RM25/install/nav2_costmap_2d/include/nav2_costmap_2d/nav2_costmap_2d/footprint_collision_checker.hpp
[82.311s] -- Symlinking: /home/aurora/RM25/install/nav2_costmap_2d/include/nav2_costmap_2d/nav2_costmap_2d/footprint_subscriber.hpp
[82.315s] -- Symlinking: /home/aurora/RM25/install/nav2_costmap_2d/include/nav2_costmap_2d/nav2_costmap_2d/inflation_layer.hpp
[82.319s] -- Symlinking: /home/aurora/RM25/install/nav2_costmap_2d/include/nav2_costmap_2d/nav2_costmap_2d/layer.hpp
[82.324s] -- Symlinking: /home/aurora/RM25/install/nav2_costmap_2d/include/nav2_costmap_2d/nav2_costmap_2d/layered_costmap.hpp
[82.329s] -- Symlinking: /home/aurora/RM25/install/nav2_costmap_2d/include/nav2_costmap_2d/nav2_costmap_2d/observation.hpp
[82.334s] -- Symlinking: /home/aurora/RM25/install/nav2_costmap_2d/include/nav2_costmap_2d/nav2_costmap_2d/observation_buffer.hpp
[82.339s] -- Symlinking: /home/aurora/RM25/install/nav2_costmap_2d/include/nav2_costmap_2d/nav2_costmap_2d/obstacle_layer.hpp
[82.343s] -- Symlinking: /home/aurora/RM25/install/nav2_costmap_2d/include/nav2_costmap_2d/nav2_costmap_2d/range_sensor_layer.hpp
[82.348s] -- Symlinking: /home/aurora/RM25/install/nav2_costmap_2d/include/nav2_costmap_2d/nav2_costmap_2d/static_layer.hpp
[82.352s] -- Symlinking: /home/aurora/RM25/install/nav2_costmap_2d/include/nav2_costmap_2d/nav2_costmap_2d/voxel_layer.hpp
[82.357s] -- Symlinking: /home/aurora/RM25/install/nav2_costmap_2d/lib/liborder_layer.so
[82.362s] -- Symlinking: /home/aurora/RM25/install/nav2_costmap_2d/share/nav2_costmap_2d/test/regression/order_layer.xml
[82.368s] -- Symlinking: /home/aurora/RM25/install/nav2_costmap_2d/share/nav2_costmap_2d/environment/library_path.sh
[82.372s] -- Symlinking: /home/aurora/RM25/install/nav2_costmap_2d/share/nav2_costmap_2d/environment/library_path.dsv
[82.376s] -- Up-to-date symlink: /home/aurora/RM25/install/nav2_costmap_2d/share/nav2_costmap_2d//costmap_plugins.xml
[82.377s] -- Symlinking: /home/aurora/RM25/install/nav2_costmap_2d/share/ament_index/resource_index/package_run_dependencies/nav2_costmap_2d
[82.382s] -- Symlinking: /home/aurora/RM25/install/nav2_costmap_2d/share/ament_index/resource_index/parent_prefix_path/nav2_costmap_2d
[82.387s] -- Symlinking: /home/aurora/RM25/install/nav2_costmap_2d/share/nav2_costmap_2d/environment/ament_prefix_path.sh
[82.392s] -- Symlinking: /home/aurora/RM25/install/nav2_costmap_2d/share/nav2_costmap_2d/environment/ament_prefix_path.dsv
[82.396s] -- Symlinking: /home/aurora/RM25/install/nav2_costmap_2d/share/nav2_costmap_2d/environment/path.sh
[82.400s] -- Symlinking: /home/aurora/RM25/install/nav2_costmap_2d/share/nav2_costmap_2d/environment/path.dsv
[82.405s] -- Symlinking: /home/aurora/RM25/install/nav2_costmap_2d/share/nav2_costmap_2d/local_setup.bash
[82.409s] -- Symlinking: /home/aurora/RM25/install/nav2_costmap_2d/share/nav2_costmap_2d/local_setup.sh
[82.414s] -- Symlinking: /home/aurora/RM25/install/nav2_costmap_2d/share/nav2_costmap_2d/local_setup.zsh
[82.418s] -- Symlinking: /home/aurora/RM25/install/nav2_costmap_2d/share/nav2_costmap_2d/local_setup.dsv
[82.422s] -- Symlinking: /home/aurora/RM25/install/nav2_costmap_2d/share/nav2_costmap_2d/package.dsv
[82.427s] -- Symlinking: /home/aurora/RM25/install/nav2_costmap_2d/share/ament_index/resource_index/packages/nav2_costmap_2d
[82.432s] -- Symlinking: /home/aurora/RM25/install/nav2_costmap_2d/share/ament_index/resource_index/nav2_costmap_2d__pluginlib__plugin/nav2_costmap_2d
[82.438s] -- Symlinking: /home/aurora/RM25/install/nav2_costmap_2d/share/nav2_costmap_2d/cmake/ament_cmake_export_targets-extras.cmake
[82.443s] -- Symlinking: /home/aurora/RM25/install/nav2_costmap_2d/share/nav2_costmap_2d/cmake/ament_cmake_export_dependencies-extras.cmake
[82.447s] -- Symlinking: /home/aurora/RM25/install/nav2_costmap_2d/share/nav2_costmap_2d/cmake/nav2_costmap_2dConfig.cmake
[82.452s] -- Symlinking: /home/aurora/RM25/install/nav2_costmap_2d/share/nav2_costmap_2d/cmake/nav2_costmap_2dConfig-version.cmake
[82.456s] -- Symlinking: /home/aurora/RM25/install/nav2_costmap_2d/share/nav2_costmap_2d/package.xml
[82.461s] -- Installing: /home/aurora/RM25/install/nav2_costmap_2d/lib/liblayers.so
[82.463s] -- Set runtime path of "/home/aurora/RM25/install/nav2_costmap_2d/lib/liblayers.so" to ""
[82.463s] -- Installing: /home/aurora/RM25/install/nav2_costmap_2d/lib/libfilters.so
[82.464s] -- Set runtime path of "/home/aurora/RM25/install/nav2_costmap_2d/lib/libfilters.so" to ""
[82.464s] -- Installing: /home/aurora/RM25/install/nav2_costmap_2d/lib/libnav2_costmap_2d_core.so
[82.468s] -- Set runtime path of "/home/aurora/RM25/install/nav2_costmap_2d/lib/libnav2_costmap_2d_core.so" to ""
[82.468s] -- Installing: /home/aurora/RM25/install/nav2_costmap_2d/lib/libnav2_costmap_2d_client.so
[82.469s] -- Set runtime path of "/home/aurora/RM25/install/nav2_costmap_2d/lib/libnav2_costmap_2d_client.so" to ""
[82.470s] -- Installing: /home/aurora/RM25/install/nav2_costmap_2d/share/nav2_costmap_2d/cmake/export_nav2_costmap_2dExport.cmake
[82.470s] -- Installing: /home/aurora/RM25/install/nav2_costmap_2d/share/nav2_costmap_2d/cmake/export_nav2_costmap_2dExport-release.cmake
[82.485s] Invoked command in '/home/aurora/RM25/build/nav2_costmap_2d' returned '0': AMENT_PREFIX_PATH=/home/aurora/RM25/install/nav2_map_server:/home/aurora/RM25/install/nav2_lifecycle_manager:/home/aurora/RM25/install/nav2_util:/home/aurora/RM25/install/nav2_voxel_grid:/home/aurora/RM25/install/nav2_common:${AMENT_PREFIX_PATH} CMAKE_PREFIX_PATH=/home/aurora/RM25/install/nav2_map_server:/home/aurora/RM25/install/nav2_lifecycle_manager:/home/aurora/RM25/install/nav2_util:/home/aurora/RM25/install/nav2_voxel_grid:/home/aurora/RM25/install/nav2_msgs:/home/aurora/RM25/install/nav2_common:/home/aurora/RM25/install/rm_robot_description:/home/aurora/RM25/install/nav2_bringup:/home/aurora/RM25/install/four_omniwheel_robot:/home/aurora/ws_helloworld/install/pkg01_helloworld_cpp:/home/aurora/ws_helloworld/install/learning_tf2_cpp:/home/aurora/ws_helloworld/install/pkg02_helloworld_py:/opt/ros/humble LD_LIBRARY_PATH=/home/aurora/RM25/install/nav2_map_server/lib:/home/aurora/RM25/install/nav2_lifecycle_manager/lib:/home/aurora/RM25/install/nav2_util/lib:/home/aurora/RM25/install/nav2_voxel_grid/lib:${LD_LIBRARY_PATH} PYTHONPATH=/home/aurora/RM25/install/nav2_common/local/lib/python3.10/dist-packages:${PYTHONPATH} /usr/bin/cmake --install /home/aurora/RM25/build/nav2_costmap_2d
