[0.333s] Invoking command in '/home/aurora/RM25/build/nav2_map_server': AMENT_PREFIX_PATH=/home/aurora/RM25/install/nav2_util:/home/aurora/RM25/install/nav2_common:${AMENT_PREFIX_PATH} CMAKE_PREFIX_PATH=/home/aurora/RM25/install/nav2_util:/home/aurora/RM25/install/nav2_msgs:/home/aurora/RM25/install/nav2_common:/home/aurora/RM25/install/rm_robot_description:/home/aurora/RM25/install/nav2_bringup:/home/aurora/RM25/install/four_omniwheel_robot:/home/aurora/ws_helloworld/install/pkg01_helloworld_cpp:/home/aurora/ws_helloworld/install/learning_tf2_cpp:/home/aurora/ws_helloworld/install/pkg02_helloworld_py:/opt/ros/humble LD_LIBRARY_PATH=/home/aurora/RM25/install/nav2_util/lib:${LD_LIBRARY_PATH} PYTHONPATH=/home/aurora/RM25/install/nav2_common/local/lib/python3.10/dist-packages:${PYTHONPATH} /usr/bin/cmake /home/aurora/RM25/src/rm_navigation2/nav2_map_server -DAMENT_CMAKE_SYMLINK_INSTALL=1 -DCMAKE_INSTALL_PREFIX=/home/aurora/RM25/install/nav2_map_server
[0.502s] -- The C compiler identification is GNU 11.4.0
[1.634s] -- The CXX compiler identification is GNU 11.4.0
[2.793s] -- Detecting C compiler ABI info
[3.075s] -- Detecting C compiler ABI info - done
[3.079s] -- Check for working C compiler: /usr/bin/cc - skipped
[3.079s] -- Detecting C compile features
[3.079s] -- Detecting C compile features - done
[3.081s] -- Detecting CXX compiler ABI info
[3.289s] -- Detecting CXX compiler ABI info - done
[3.294s] -- Check for working CXX compiler: /usr/bin/c++ - skipped
[3.294s] -- Detecting CXX compile features
[3.294s] -- Detecting CXX compile features - done
[3.296s] -- Found ament_cmake: 1.3.10 (/opt/ros/humble/share/ament_cmake/cmake)
[3.388s] -- Found Python3: /usr/bin/python3 (found version "3.10.12") found components: Interpreter 
[3.427s] -- Override CMake install command with custom implementation using symlinks instead of copying resources
[3.443s] -- Found nav2_common: 1.1.16 (/opt/ros/humble/share/nav2_common/cmake)
[3.444s] -- Found rclcpp: 16.0.10 (/opt/ros/humble/share/rclcpp/cmake)
[3.620s] -- Found rosidl_generator_c: 3.1.5 (/opt/ros/humble/share/rosidl_generator_c/cmake)
[3.624s] -- Found rosidl_adapter: 3.1.5 (/opt/ros/humble/share/rosidl_adapter/cmake)
[3.629s] -- Found rosidl_generator_cpp: 3.1.5 (/opt/ros/humble/share/rosidl_generator_cpp/cmake)
[3.636s] -- Using all available rosidl_typesupport_c: rosidl_typesupport_fastrtps_c;rosidl_typesupport_introspection_c
[3.648s] -- Using all available rosidl_typesupport_cpp: rosidl_typesupport_fastrtps_cpp;rosidl_typesupport_introspection_cpp
[3.674s] -- Found rmw_implementation_cmake: 6.1.2 (/opt/ros/humble/share/rmw_implementation_cmake/cmake)
[3.675s] -- Found rmw_fastrtps_cpp: 6.2.7 (/opt/ros/humble/share/rmw_fastrtps_cpp/cmake)
[5.088s] -- Found OpenSSL: /usr/lib/x86_64-linux-gnu/libcrypto.so (found version "3.0.2")  
[7.791s] -- Found FastRTPS: /opt/ros/humble/include  
[14.323s] -- Using RMW implementation 'rmw_fastrtps_cpp' as default
[14.329s] -- Looking for pthread.h
[14.551s] -- Looking for pthread.h - found
[14.551s] -- Performing Test CMAKE_HAVE_LIBC_PTHREAD
[14.794s] -- Performing Test CMAKE_HAVE_LIBC_PTHREAD - Success
[14.794s] -- Found Threads: TRUE  
[14.828s] -- Found rclcpp_lifecycle: 16.0.10 (/opt/ros/humble/share/rclcpp_lifecycle/cmake)
[14.842s] -- Found rclcpp_components: 16.0.10 (/opt/ros/humble/share/rclcpp_components/cmake)
[14.857s] -- Found nav_msgs: 4.2.4 (/opt/ros/humble/share/nav_msgs/cmake)
[14.875s] -- Found nav2_msgs: 1.1.17 (/home/aurora/RM25/install/nav2_msgs/share/nav2_msgs/cmake)
[14.906s] -- Found yaml_cpp_vendor: 8.0.2 (/opt/ros/humble/share/yaml_cpp_vendor/cmake)
[14.911s] -- Found tf2: 0.25.8 (/opt/ros/humble/share/tf2/cmake)
[14.913s] -- Found nav2_util: 1.1.17 (/home/aurora/RM25/install/nav2_util/share/nav2_util/cmake)
[15.044s] -- Found eigen3_cmake_module: 0.1.1 (/opt/ros/humble/share/eigen3_cmake_module/cmake)
[15.045s] -- Found Eigen3: TRUE (found version "3.4.0") 
[15.045s] -- Ensuring Eigen3 include directory is part of orocos-kdl CMake target
[15.349s] -- Found GRAPHICSMAGICKCPP: /usr/include/GraphicsMagick  
[15.349s] -- Setting build type to Release as none was specified.
[15.423s] -- Found ament_lint_auto: 0.12.11 (/opt/ros/humble/share/ament_lint_auto/cmake)
[20.703s] -- Found gtest sources under '/opt/ros/humble/src/gtest_vendor': C++ tests using 'Google Test' will be built
[20.713s] -- Found gtest sources under '/opt/ros/humble/src/gtest_vendor': C++ tests using 'Google Test' will be built
[20.719s] -- Found gtest sources under '/opt/ros/humble/src/gtest_vendor': C++ tests using 'Google Test' will be built
[20.731s] -- Added test 'cppcheck' to perform static code analysis on C / C++ code
[20.732s] -- Configured cppcheck include dirs: /home/aurora/RM25/src/rm_navigation2/nav2_map_server/include
[20.732s] -- Configured cppcheck exclude dirs and/or files: 
[20.735s] -- Added test 'cpplint' to check C / C++ code against the Google style
[20.735s] -- Configured cpplint exclude dirs and/or files: 
[20.736s] -- Added test 'flake8' to check Python code syntax and style conventions
[20.737s] -- Added test 'lint_cmake' to check CMake code style
[20.738s] -- Added test 'pep257' to check Python code against some of the docstring style conventions in PEP 257
[20.740s] -- Added test 'uncrustify' to check C / C++ code style
[20.740s] -- Configured uncrustify additional arguments: 
[20.741s] -- Added test 'xmllint' to check XML markup files
[20.745s] -- Configuring done
[20.928s] -- Generating done
[20.930s] -- Build files have been written to: /home/aurora/RM25/build/nav2_map_server
[20.950s] Invoked command in '/home/aurora/RM25/build/nav2_map_server' returned '0': AMENT_PREFIX_PATH=/home/aurora/RM25/install/nav2_util:/home/aurora/RM25/install/nav2_common:${AMENT_PREFIX_PATH} CMAKE_PREFIX_PATH=/home/aurora/RM25/install/nav2_util:/home/aurora/RM25/install/nav2_msgs:/home/aurora/RM25/install/nav2_common:/home/aurora/RM25/install/rm_robot_description:/home/aurora/RM25/install/nav2_bringup:/home/aurora/RM25/install/four_omniwheel_robot:/home/aurora/ws_helloworld/install/pkg01_helloworld_cpp:/home/aurora/ws_helloworld/install/learning_tf2_cpp:/home/aurora/ws_helloworld/install/pkg02_helloworld_py:/opt/ros/humble LD_LIBRARY_PATH=/home/aurora/RM25/install/nav2_util/lib:${LD_LIBRARY_PATH} PYTHONPATH=/home/aurora/RM25/install/nav2_common/local/lib/python3.10/dist-packages:${PYTHONPATH} /usr/bin/cmake /home/aurora/RM25/src/rm_navigation2/nav2_map_server -DAMENT_CMAKE_SYMLINK_INSTALL=1 -DCMAKE_INSTALL_PREFIX=/home/aurora/RM25/install/nav2_map_server
[20.952s] Invoking command in '/home/aurora/RM25/build/nav2_map_server': AMENT_PREFIX_PATH=/home/aurora/RM25/install/nav2_util:/home/aurora/RM25/install/nav2_common:${AMENT_PREFIX_PATH} CMAKE_PREFIX_PATH=/home/aurora/RM25/install/nav2_util:/home/aurora/RM25/install/nav2_msgs:/home/aurora/RM25/install/nav2_common:/home/aurora/RM25/install/rm_robot_description:/home/aurora/RM25/install/nav2_bringup:/home/aurora/RM25/install/four_omniwheel_robot:/home/aurora/ws_helloworld/install/pkg01_helloworld_cpp:/home/aurora/ws_helloworld/install/learning_tf2_cpp:/home/aurora/ws_helloworld/install/pkg02_helloworld_py:/opt/ros/humble LD_LIBRARY_PATH=/home/aurora/RM25/install/nav2_util/lib:${LD_LIBRARY_PATH} PYTHONPATH=/home/aurora/RM25/install/nav2_common/local/lib/python3.10/dist-packages:${PYTHONPATH} /usr/bin/cmake --build /home/aurora/RM25/build/nav2_map_server -- -j20 -l20
[20.984s] [  2%] [32mBuilding CXX object gtest/CMakeFiles/gtest.dir/src/gtest-all.cc.o[0m
[20.985s] [  5%] [32mBuilding CXX object gtest/CMakeFiles/gtest_main.dir/src/gtest_main.cc.o[0m
[20.985s] [  8%] [32mBuilding CXX object CMakeFiles/map_io.dir/src/map_mode.cpp.o[0m
[20.986s] [ 11%] [32mBuilding CXX object CMakeFiles/map_io.dir/src/map_io.cpp.o[0m
[22.574s] [ 13%] [32m[1mLinking CXX static library libgtest_main.a[0m
[22.791s] [ 13%] Built target gtest_main
[62.994s] [ 16%] [32m[1mLinking CXX static library libgtest.a[0m
[63.037s] [ 16%] Built target gtest
[63.065s] [ 19%] [32mBuilding CXX object test/map_saver_cli/CMakeFiles/test_map_saver_cli.dir/test_map_saver_cli.cpp.o[0m
[63.065s] [ 22%] [32mBuilding CXX object test/map_saver_cli/CMakeFiles/test_map_saver_cli.dir/__/test_constants.cpp.o[0m
[66.255s] [ 25%] [32m[1mLinking CXX shared library libmap_io.so[0m
[66.509s] [ 25%] Built target map_io
[66.523s] [ 30%] [32mBuilding CXX object test/unit/CMakeFiles/test_map_io.dir/test_map_io.cpp.o[0m
[66.524s] [ 30%] [32mBuilding CXX object test/component/CMakeFiles/test_map_saver_publisher.dir/test_map_saver_publisher.cpp.o[0m
[66.524s] [ 33%] [32mBuilding CXX object test/unit/CMakeFiles/test_map_io.dir/__/test_constants.cpp.o[0m
[66.525s] [ 36%] [32mBuilding CXX object CMakeFiles/map_server_core.dir/src/costmap_filter_info/costmap_filter_info_server.cpp.o[0m
[66.526s] [ 41%] [32mBuilding CXX object test/component/CMakeFiles/test_map_saver_publisher.dir/__/test_constants.cpp.o[0m
[66.526s] [ 41%] [32mBuilding CXX object CMakeFiles/map_server_core.dir/src/map_saver/map_saver.cpp.o[0m
[66.527s] [ 44%] [32mBuilding CXX object CMakeFiles/map_server_core.dir/src/map_server/map_server.cpp.o[0m
[68.466s] [ 47%] [32m[1mLinking CXX executable test_map_saver_cli[0m
[68.741s] [ 47%] Built target test_map_saver_cli
[70.249s] [ 50%] [32m[1mLinking CXX executable test_map_saver_publisher[0m
[70.460s] [ 52%] [32m[1mLinking CXX executable test_map_io[0m
[70.565s] [ 52%] Built target test_map_saver_publisher
[70.744s] [ 52%] Built target test_map_io
[74.242s] [ 55%] [32m[1mLinking CXX shared library libmap_server_core.so[0m
[74.657s] [ 55%] Built target map_server_core
[74.673s] [ 58%] [32mBuilding CXX object CMakeFiles/costmap_filter_info_server.dir/src/costmap_filter_info/main.cpp.o[0m
[74.674s] [ 61%] [32mBuilding CXX object CMakeFiles/map_saver_cli.dir/src/map_saver/main_cli.cpp.o[0m
[74.674s] [ 66%] [32mBuilding CXX object test/component/CMakeFiles/test_map_server_node.dir/test_map_server_node.cpp.o[0m
[74.674s] [ 66%] [32mBuilding CXX object test/component/CMakeFiles/test_map_server_node.dir/__/test_constants.cpp.o[0m
[74.675s] [ 72%] [32mBuilding CXX object test/unit/CMakeFiles/test_costmap_filter_info_server.dir/test_costmap_filter_info_server.cpp.o[0m
[74.675s] [ 72%] [32mBuilding CXX object CMakeFiles/map_saver_server.dir/src/map_saver/main_server.cpp.o[0m
[74.675s] [ 75%] [32mBuilding CXX object CMakeFiles/map_server.dir/src/map_server/main.cpp.o[0m
[74.677s] [ 77%] [32mBuilding CXX object test/component/CMakeFiles/test_map_saver_node.dir/__/test_constants.cpp.o[0m
[74.678s] [ 80%] [32mBuilding CXX object test/component/CMakeFiles/test_map_saver_node.dir/test_map_saver_node.cpp.o[0m
[76.899s] [ 83%] [32m[1mLinking CXX executable costmap_filter_info_server[0m
[76.913s] [ 86%] [32m[1mLinking CXX executable map_saver_server[0m
[76.959s] [ 88%] [32m[1mLinking CXX executable map_server[0m
[77.024s] [ 91%] [32m[1mLinking CXX executable map_saver_cli[0m
[77.277s] [ 91%] Built target map_saver_server
[77.277s] [ 91%] Built target costmap_filter_info_server
[77.320s] [ 91%] Built target map_server
[77.385s] [ 91%] Built target map_saver_cli
[78.678s] [ 94%] [32m[1mLinking CXX executable test_map_saver_node[0m
[78.970s] [ 94%] Built target test_map_saver_node
[79.282s] [ 97%] [32m[1mLinking CXX executable test_map_server_node[0m
[79.590s] [ 97%] Built target test_map_server_node
[81.773s] [100%] [32m[1mLinking CXX executable test_costmap_filter_info_server[0m
[82.152s] [100%] Built target test_costmap_filter_info_server
