[1.126s] Invoking command in '/home/aurora/RM25/build/nav2_behaviors': CMAKE_PREFIX_PATH=/home/aurora/RM25/install/nav2_core:/home/aurora/RM25/install/nav2_costmap_2d:/home/aurora/RM25/install/nav2_map_server:/home/aurora/RM25/install/nav2_lifecycle_manager:/home/aurora/RM25/install/nav2_behavior_tree:/home/aurora/RM25/install/nav2_util:/home/aurora/RM25/install/nav2_voxel_grid:/home/aurora/RM25/install/nav2_msgs:/home/aurora/RM25/install/nav2_common:/home/aurora/RM25/install/rm_robot_description:/home/aurora/RM25/install/opennav_docking_core:/home/aurora/RM25/install/nav_2d_utils:/home/aurora/RM25/install/dwb_msgs:/home/aurora/RM25/install/nav_2d_msgs:/home/aurora/RM25/install/costmap_queue:/home/aurora/RM25/install/nav2_velocity_smoother:/home/aurora/RM25/install/nav2_rviz_plugins:/home/aurora/RM25/install/nav2_amcl:/home/aurora/ws_helloworld/install/pkg01_helloworld_cpp:/home/aurora/ws_helloworld/install/learning_tf2_cpp:/home/aurora/RM25/install/nav2_simple_commander:/home/aurora/RM25/install/nav2_loopback_sim:/home/aurora/ws_helloworld/install/pkg02_helloworld_py:/opt/ros/humble LD_LIBRARY_PATH=/home/aurora/RM25/install/nav2_costmap_2d/lib:/home/aurora/RM25/install/nav2_map_server/lib:/home/aurora/RM25/install/nav2_lifecycle_manager/lib:/home/aurora/RM25/install/nav2_behavior_tree/lib:/home/aurora/RM25/install/nav2_util/lib:/home/aurora/RM25/install/nav2_voxel_grid/lib:/home/aurora/RM25/install/nav2_msgs/lib:/home/aurora/RM25/install/nav_2d_utils/lib:/home/aurora/RM25/install/dwb_msgs/lib:/home/aurora/RM25/install/nav_2d_msgs/lib:/home/aurora/RM25/install/costmap_queue/lib:/home/aurora/RM25/install/nav2_velocity_smoother/lib:/home/aurora/RM25/install/nav2_rviz_plugins/lib:/home/aurora/RM25/install/nav2_amcl/lib:/usr/lib/x86_64-linux-gnu/gazebo-11/plugins:/opt/ros/humble/opt/rviz_ogre_vendor/lib:/opt/ros/humble/lib/x86_64-linux-gnu:/opt/ros/humble/lib /usr/bin/cmake --build /home/aurora/RM25/build/nav2_behaviors -- -j20 -l20
[1.333s] [  5%] [32mBuilding CXX object CMakeFiles/nav2_wait_behavior.dir/plugins/wait.cpp.o[0m
[1.341s] [ 10%] [32mBuilding CXX object CMakeFiles/nav2_drive_on_heading_behavior.dir/plugins/drive_on_heading.cpp.o[0m
[1.362s] [ 15%] [32mBuilding CXX object CMakeFiles/nav2_back_up_behavior.dir/plugins/back_up.cpp.o[0m
[1.364s] [ 20%] [32mBuilding CXX object CMakeFiles/nav2_spin_behavior.dir/plugins/spin.cpp.o[0m
[1.384s] [ 25%] [32mBuilding CXX object CMakeFiles/nav2_assisted_teleop_behavior.dir/plugins/assisted_teleop.cpp.o[0m
[1.401s] [ 30%] [32mBuilding CXX object CMakeFiles/behavior_server_core.dir/src/behavior_server.cpp.o[0m
[1.422s] [ 40%] Built target gtest_main
[1.513s] [ 50%] Built target gtest
[1.617s] [ 55%] [32mBuilding CXX object test/CMakeFiles/test_behaviors.dir/test_behaviors.cpp.o[0m
[423.569s] [ 60%] [32m[1mLinking CXX shared library libnav2_wait_behavior.so[0m
[424.015s] [ 65%] [32m[1mLinking CXX shared library libbehavior_server_core.so[0m
[424.294s] [ 70%] [32m[1mLinking CXX shared library libnav2_spin_behavior.so[0m
[424.561s] [ 70%] Built target nav2_wait_behavior
[424.776s] [ 70%] Built target behavior_server_core
[424.974s] [ 70%] Built target nav2_spin_behavior
[425.269s] [ 75%] [32m[1mLinking CXX shared library libnav2_back_up_behavior.so[0m
[425.851s] [ 80%] [32m[1mLinking CXX shared library libnav2_drive_on_heading_behavior.so[0m
[425.851s] [ 80%] Built target nav2_back_up_behavior
[426.444s] [ 80%] Built target nav2_drive_on_heading_behavior
[448.220s] [ 85%] [32m[1mLinking CXX executable test_behaviors[0m
[449.032s] [ 85%] Built target test_behaviors
[452.540s] [ 90%] [32m[1mLinking CXX shared library libnav2_assisted_teleop_behavior.so[0m
[453.086s] [ 90%] Built target nav2_assisted_teleop_behavior
[453.107s] [ 95%] [32mBuilding CXX object CMakeFiles/behavior_server.dir/src/main.cpp.o[0m
[456.906s] [100%] [32m[1mLinking CXX executable behavior_server[0m
[457.293s] [100%] Built target behavior_server
