[0.712s] Invoking command in '/home/aurora/RM25/build/nav_2d_utils': CMAKE_PREFIX_PATH=/home/aurora/RM25/install/nav2_util:/home/aurora/RM25/install/nav2_msgs:/home/aurora/RM25/install/nav_2d_msgs:/home/aurora/RM25/install/nav2_common:/home/aurora/RM25/install/nav2_constrained_smoother:/home/aurora/RM25/install/rm_robot_description:/home/aurora/RM25/install/opennav_docking_core:/home/aurora/RM25/install/nav_2d_utils:/home/aurora/RM25/install/dwb_msgs:/home/aurora/RM25/install/nav2_core:/home/aurora/RM25/install/costmap_queue:/home/aurora/RM25/install/nav2_costmap_2d:/home/aurora/RM25/install/nav2_voxel_grid:/home/aurora/RM25/install/nav2_velocity_smoother:/home/aurora/RM25/install/nav2_rviz_plugins:/home/aurora/RM25/install/nav2_map_server:/home/aurora/RM25/install/nav2_lifecycle_manager:/home/aurora/RM25/install/nav2_behavior_tree:/home/aurora/RM25/install/nav2_amcl:/home/aurora/ws_helloworld/install/pkg01_helloworld_cpp:/home/aurora/ws_helloworld/install/learning_tf2_cpp:/home/aurora/RM25/install/nav2_simple_commander:/home/aurora/RM25/install/nav2_loopback_sim:/home/aurora/ws_helloworld/install/pkg02_helloworld_py:/opt/ros/humble LD_LIBRARY_PATH=/home/aurora/RM25/install/nav2_util/lib:/home/aurora/RM25/install/nav2_msgs/lib:/home/aurora/RM25/install/nav_2d_msgs/lib:/home/aurora/RM25/install/nav2_constrained_smoother/lib:/home/aurora/RM25/install/nav_2d_utils/lib:/home/aurora/RM25/install/dwb_msgs/lib:/home/aurora/RM25/install/costmap_queue/lib:/home/aurora/RM25/install/nav2_costmap_2d/lib:/home/aurora/RM25/install/nav2_voxel_grid/lib:/home/aurora/RM25/install/nav2_velocity_smoother/lib:/home/aurora/RM25/install/nav2_rviz_plugins/lib:/home/aurora/RM25/install/nav2_map_server/lib:/home/aurora/RM25/install/nav2_lifecycle_manager/lib:/home/aurora/RM25/install/nav2_behavior_tree/lib:/home/aurora/RM25/install/nav2_amcl/lib:/usr/lib/x86_64-linux-gnu/gazebo-11/plugins:/opt/ros/humble/opt/rviz_ogre_vendor/lib:/opt/ros/humble/lib/x86_64-linux-gnu:/opt/ros/humble/lib /usr/bin/cmake --build /home/aurora/RM25/build/nav_2d_utils -- -j20 -l20
[0.773s] [ 12%] Built target gtest
[0.778s] [ 25%] Built target gtest_main
[0.779s] [ 37%] Built target path_ops
[0.780s] [ 50%] Built target conversions
[0.801s] [ 62%] Built target path_ops_tests
[0.802s] [ 75%] Built target tf_help
[0.806s] [ 87%] Built target 2d_utils_tests
[0.819s] [100%] Built target tf_help_tests
[0.827s] Invoked command in '/home/aurora/RM25/build/nav_2d_utils' returned '0': CMAKE_PREFIX_PATH=/home/aurora/RM25/install/nav2_util:/home/aurora/RM25/install/nav2_msgs:/home/aurora/RM25/install/nav_2d_msgs:/home/aurora/RM25/install/nav2_common:/home/aurora/RM25/install/nav2_constrained_smoother:/home/aurora/RM25/install/rm_robot_description:/home/aurora/RM25/install/opennav_docking_core:/home/aurora/RM25/install/nav_2d_utils:/home/aurora/RM25/install/dwb_msgs:/home/aurora/RM25/install/nav2_core:/home/aurora/RM25/install/costmap_queue:/home/aurora/RM25/install/nav2_costmap_2d:/home/aurora/RM25/install/nav2_voxel_grid:/home/aurora/RM25/install/nav2_velocity_smoother:/home/aurora/RM25/install/nav2_rviz_plugins:/home/aurora/RM25/install/nav2_map_server:/home/aurora/RM25/install/nav2_lifecycle_manager:/home/aurora/RM25/install/nav2_behavior_tree:/home/aurora/RM25/install/nav2_amcl:/home/aurora/ws_helloworld/install/pkg01_helloworld_cpp:/home/aurora/ws_helloworld/install/learning_tf2_cpp:/home/aurora/RM25/install/nav2_simple_commander:/home/aurora/RM25/install/nav2_loopback_sim:/home/aurora/ws_helloworld/install/pkg02_helloworld_py:/opt/ros/humble LD_LIBRARY_PATH=/home/aurora/RM25/install/nav2_util/lib:/home/aurora/RM25/install/nav2_msgs/lib:/home/aurora/RM25/install/nav_2d_msgs/lib:/home/aurora/RM25/install/nav2_constrained_smoother/lib:/home/aurora/RM25/install/nav_2d_utils/lib:/home/aurora/RM25/install/dwb_msgs/lib:/home/aurora/RM25/install/costmap_queue/lib:/home/aurora/RM25/install/nav2_costmap_2d/lib:/home/aurora/RM25/install/nav2_voxel_grid/lib:/home/aurora/RM25/install/nav2_velocity_smoother/lib:/home/aurora/RM25/install/nav2_rviz_plugins/lib:/home/aurora/RM25/install/nav2_map_server/lib:/home/aurora/RM25/install/nav2_lifecycle_manager/lib:/home/aurora/RM25/install/nav2_behavior_tree/lib:/home/aurora/RM25/install/nav2_amcl/lib:/usr/lib/x86_64-linux-gnu/gazebo-11/plugins:/opt/ros/humble/opt/rviz_ogre_vendor/lib:/opt/ros/humble/lib/x86_64-linux-gnu:/opt/ros/humble/lib /usr/bin/cmake --build /home/aurora/RM25/build/nav_2d_utils -- -j20 -l20
[0.855s] Invoking command in '/home/aurora/RM25/build/nav_2d_utils': CMAKE_PREFIX_PATH=/home/aurora/RM25/install/nav2_util:/home/aurora/RM25/install/nav2_msgs:/home/aurora/RM25/install/nav_2d_msgs:/home/aurora/RM25/install/nav2_common:/home/aurora/RM25/install/nav2_constrained_smoother:/home/aurora/RM25/install/rm_robot_description:/home/aurora/RM25/install/opennav_docking_core:/home/aurora/RM25/install/nav_2d_utils:/home/aurora/RM25/install/dwb_msgs:/home/aurora/RM25/install/nav2_core:/home/aurora/RM25/install/costmap_queue:/home/aurora/RM25/install/nav2_costmap_2d:/home/aurora/RM25/install/nav2_voxel_grid:/home/aurora/RM25/install/nav2_velocity_smoother:/home/aurora/RM25/install/nav2_rviz_plugins:/home/aurora/RM25/install/nav2_map_server:/home/aurora/RM25/install/nav2_lifecycle_manager:/home/aurora/RM25/install/nav2_behavior_tree:/home/aurora/RM25/install/nav2_amcl:/home/aurora/ws_helloworld/install/pkg01_helloworld_cpp:/home/aurora/ws_helloworld/install/learning_tf2_cpp:/home/aurora/RM25/install/nav2_simple_commander:/home/aurora/RM25/install/nav2_loopback_sim:/home/aurora/ws_helloworld/install/pkg02_helloworld_py:/opt/ros/humble LD_LIBRARY_PATH=/home/aurora/RM25/install/nav2_util/lib:/home/aurora/RM25/install/nav2_msgs/lib:/home/aurora/RM25/install/nav_2d_msgs/lib:/home/aurora/RM25/install/nav2_constrained_smoother/lib:/home/aurora/RM25/install/nav_2d_utils/lib:/home/aurora/RM25/install/dwb_msgs/lib:/home/aurora/RM25/install/costmap_queue/lib:/home/aurora/RM25/install/nav2_costmap_2d/lib:/home/aurora/RM25/install/nav2_voxel_grid/lib:/home/aurora/RM25/install/nav2_velocity_smoother/lib:/home/aurora/RM25/install/nav2_rviz_plugins/lib:/home/aurora/RM25/install/nav2_map_server/lib:/home/aurora/RM25/install/nav2_lifecycle_manager/lib:/home/aurora/RM25/install/nav2_behavior_tree/lib:/home/aurora/RM25/install/nav2_amcl/lib:/usr/lib/x86_64-linux-gnu/gazebo-11/plugins:/opt/ros/humble/opt/rviz_ogre_vendor/lib:/opt/ros/humble/lib/x86_64-linux-gnu:/opt/ros/humble/lib /usr/bin/cmake --install /home/aurora/RM25/build/nav_2d_utils
[0.859s] -- Install configuration: "Release"
[0.859s] -- Execute custom install script
[0.860s] -- Up-to-date symlink: /home/aurora/RM25/install/nav_2d_utils/lib/libconversions.so
[0.860s] -- Up-to-date symlink: /home/aurora/RM25/install/nav_2d_utils/lib/libpath_ops.so
[0.860s] -- Up-to-date symlink: /home/aurora/RM25/install/nav_2d_utils/lib/libtf_help.so
[0.860s] -- Up-to-date symlink: /home/aurora/RM25/install/nav_2d_utils/include//nav_2d_utils/conversions.hpp
[0.860s] -- Up-to-date symlink: /home/aurora/RM25/install/nav_2d_utils/include//nav_2d_utils/odom_subscriber.hpp
[0.860s] -- Up-to-date symlink: /home/aurora/RM25/install/nav_2d_utils/include//nav_2d_utils/parameters.hpp
[0.860s] -- Up-to-date symlink: /home/aurora/RM25/install/nav_2d_utils/include//nav_2d_utils/path_ops.hpp
[0.861s] -- Up-to-date symlink: /home/aurora/RM25/install/nav_2d_utils/include//nav_2d_utils/tf_help.hpp
[0.861s] -- Up-to-date symlink: /home/aurora/RM25/install/nav_2d_utils/share/nav_2d_utils/environment/library_path.sh
[0.861s] -- Up-to-date symlink: /home/aurora/RM25/install/nav_2d_utils/share/nav_2d_utils/environment/library_path.dsv
[0.861s] -- Up-to-date symlink: /home/aurora/RM25/install/nav_2d_utils/share/ament_index/resource_index/package_run_dependencies/nav_2d_utils
[0.861s] -- Up-to-date symlink: /home/aurora/RM25/install/nav_2d_utils/share/ament_index/resource_index/parent_prefix_path/nav_2d_utils
[0.862s] -- Up-to-date symlink: /home/aurora/RM25/install/nav_2d_utils/share/nav_2d_utils/environment/ament_prefix_path.sh
[0.862s] -- Up-to-date symlink: /home/aurora/RM25/install/nav_2d_utils/share/nav_2d_utils/environment/ament_prefix_path.dsv
[0.862s] -- Up-to-date symlink: /home/aurora/RM25/install/nav_2d_utils/share/nav_2d_utils/environment/path.sh
[0.862s] -- Up-to-date symlink: /home/aurora/RM25/install/nav_2d_utils/share/nav_2d_utils/environment/path.dsv
[0.862s] -- Up-to-date symlink: /home/aurora/RM25/install/nav_2d_utils/share/nav_2d_utils/local_setup.bash
[0.862s] -- Up-to-date symlink: /home/aurora/RM25/install/nav_2d_utils/share/nav_2d_utils/local_setup.sh
[0.862s] -- Up-to-date symlink: /home/aurora/RM25/install/nav_2d_utils/share/nav_2d_utils/local_setup.zsh
[0.862s] -- Up-to-date symlink: /home/aurora/RM25/install/nav_2d_utils/share/nav_2d_utils/local_setup.dsv
[0.863s] -- Symlinking: /home/aurora/RM25/install/nav_2d_utils/share/nav_2d_utils/package.dsv
[0.868s] -- Up-to-date symlink: /home/aurora/RM25/install/nav_2d_utils/share/ament_index/resource_index/packages/nav_2d_utils
[0.868s] -- Up-to-date symlink: /home/aurora/RM25/install/nav_2d_utils/share/nav_2d_utils/cmake/ament_cmake_export_include_directories-extras.cmake
[0.868s] -- Up-to-date symlink: /home/aurora/RM25/install/nav_2d_utils/share/nav_2d_utils/cmake/ament_cmake_export_libraries-extras.cmake
[0.869s] -- Up-to-date symlink: /home/aurora/RM25/install/nav_2d_utils/share/nav_2d_utils/cmake/ament_cmake_export_dependencies-extras.cmake
[0.869s] -- Up-to-date symlink: /home/aurora/RM25/install/nav_2d_utils/share/nav_2d_utils/cmake/nav_2d_utilsConfig.cmake
[0.869s] -- Up-to-date symlink: /home/aurora/RM25/install/nav_2d_utils/share/nav_2d_utils/cmake/nav_2d_utilsConfig-version.cmake
[0.869s] -- Up-to-date symlink: /home/aurora/RM25/install/nav_2d_utils/share/nav_2d_utils/package.xml
[0.871s] Invoked command in '/home/aurora/RM25/build/nav_2d_utils' returned '0': CMAKE_PREFIX_PATH=/home/aurora/RM25/install/nav2_util:/home/aurora/RM25/install/nav2_msgs:/home/aurora/RM25/install/nav_2d_msgs:/home/aurora/RM25/install/nav2_common:/home/aurora/RM25/install/nav2_constrained_smoother:/home/aurora/RM25/install/rm_robot_description:/home/aurora/RM25/install/opennav_docking_core:/home/aurora/RM25/install/nav_2d_utils:/home/aurora/RM25/install/dwb_msgs:/home/aurora/RM25/install/nav2_core:/home/aurora/RM25/install/costmap_queue:/home/aurora/RM25/install/nav2_costmap_2d:/home/aurora/RM25/install/nav2_voxel_grid:/home/aurora/RM25/install/nav2_velocity_smoother:/home/aurora/RM25/install/nav2_rviz_plugins:/home/aurora/RM25/install/nav2_map_server:/home/aurora/RM25/install/nav2_lifecycle_manager:/home/aurora/RM25/install/nav2_behavior_tree:/home/aurora/RM25/install/nav2_amcl:/home/aurora/ws_helloworld/install/pkg01_helloworld_cpp:/home/aurora/ws_helloworld/install/learning_tf2_cpp:/home/aurora/RM25/install/nav2_simple_commander:/home/aurora/RM25/install/nav2_loopback_sim:/home/aurora/ws_helloworld/install/pkg02_helloworld_py:/opt/ros/humble LD_LIBRARY_PATH=/home/aurora/RM25/install/nav2_util/lib:/home/aurora/RM25/install/nav2_msgs/lib:/home/aurora/RM25/install/nav_2d_msgs/lib:/home/aurora/RM25/install/nav2_constrained_smoother/lib:/home/aurora/RM25/install/nav_2d_utils/lib:/home/aurora/RM25/install/dwb_msgs/lib:/home/aurora/RM25/install/costmap_queue/lib:/home/aurora/RM25/install/nav2_costmap_2d/lib:/home/aurora/RM25/install/nav2_voxel_grid/lib:/home/aurora/RM25/install/nav2_velocity_smoother/lib:/home/aurora/RM25/install/nav2_rviz_plugins/lib:/home/aurora/RM25/install/nav2_map_server/lib:/home/aurora/RM25/install/nav2_lifecycle_manager/lib:/home/aurora/RM25/install/nav2_behavior_tree/lib:/home/aurora/RM25/install/nav2_amcl/lib:/usr/lib/x86_64-linux-gnu/gazebo-11/plugins:/opt/ros/humble/opt/rviz_ogre_vendor/lib:/opt/ros/humble/lib/x86_64-linux-gnu:/opt/ros/humble/lib /usr/bin/cmake --install /home/aurora/RM25/build/nav_2d_utils
