[0.140s] DEBUG:colcon:Command line arguments: ['/usr/bin/colcon', 'build']
[0.140s] DEBUG:colcon:Parsed command line arguments: Namespace(log_base=None, log_level=None, verb_name='build', build_base='build', install_base='install', merge_install=False, symlink_install=False, test_result_base=None, continue_on_error=False, executor='parallel', parallel_workers=20, event_handlers=None, ignore_user_meta=False, metas=['./colcon.meta'], base_paths=['.'], packages_ignore=None, packages_ignore_regex=None, paths=None, packages_up_to=None, packages_up_to_regex=None, packages_above=None, packages_above_and_dependencies=None, packages_above_depth=None, packages_select_by_dep=None, packages_skip_by_dep=None, packages_skip_up_to=None, packages_select_build_failed=False, packages_skip_build_finished=False, packages_select_test_failures=False, packages_skip_test_passed=False, packages_select=None, packages_skip=None, packages_select_regex=None, packages_skip_regex=None, packages_start=None, packages_end=None, allow_overriding=[], cmake_args=None, cmake_target=None, cmake_target_skip_unavailable=False, cmake_clean_cache=False, cmake_clean_first=False, cmake_force_configure=False, ament_cmake_args=None, catkin_cmake_args=None, catkin_skip_building_tests=False, verb_parser=<colcon_defaults.argument_parser.defaults.DefaultArgumentsDecorator object at 0x7f1ae5c1cd00>, verb_extension=<colcon_core.verb.build.BuildVerb object at 0x7f1ae5d31810>, main=<bound method BuildVerb.main of <colcon_core.verb.build.BuildVerb object at 0x7f1ae5d31810>>)
[0.220s] Level 1:colcon.colcon_core.package_discovery:discover_packages(colcon_meta) check parameters
[0.220s] Level 1:colcon.colcon_core.package_discovery:discover_packages(recursive) check parameters
[0.220s] Level 1:colcon.colcon_core.package_discovery:discover_packages(ignore) check parameters
[0.220s] Level 1:colcon.colcon_core.package_discovery:discover_packages(path) check parameters
[0.220s] Level 1:colcon.colcon_core.package_discovery:discover_packages(colcon_meta) discover
[0.220s] Level 1:colcon.colcon_core.package_discovery:discover_packages(recursive) discover
[0.220s] INFO:colcon.colcon_core.package_discovery:Crawling recursively for packages in '/home/aurora/RM25'
[0.220s] Level 1:colcon.colcon_core.package_identification:_identify(.) by extensions ['ignore', 'ignore_ament_install']
[0.220s] Level 1:colcon.colcon_core.package_identification:_identify(.) by extension 'ignore'
[0.220s] Level 1:colcon.colcon_core.package_identification:_identify(.) by extension 'ignore_ament_install'
[0.220s] Level 1:colcon.colcon_core.package_identification:_identify(.) by extensions ['colcon_pkg']
[0.220s] Level 1:colcon.colcon_core.package_identification:_identify(.) by extension 'colcon_pkg'
[0.220s] Level 1:colcon.colcon_core.package_identification:_identify(.) by extensions ['colcon_meta']
[0.220s] Level 1:colcon.colcon_core.package_identification:_identify(.) by extension 'colcon_meta'
[0.220s] Level 1:colcon.colcon_core.package_identification:_identify(.) by extensions ['ros']
[0.220s] Level 1:colcon.colcon_core.package_identification:_identify(.) by extension 'ros'
[0.227s] Level 1:colcon.colcon_core.package_identification:_identify(.) by extensions ['cmake', 'python']
[0.227s] Level 1:colcon.colcon_core.package_identification:_identify(.) by extension 'cmake'
[0.227s] Level 1:colcon.colcon_core.package_identification:_identify(.) by extension 'python'
[0.227s] Level 1:colcon.colcon_core.package_identification:_identify(.) by extensions ['python_setup_py']
[0.227s] Level 1:colcon.colcon_core.package_identification:_identify(.) by extension 'python_setup_py'
[0.227s] Level 1:colcon.colcon_core.package_identification:_identify(build) by extensions ['ignore', 'ignore_ament_install']
[0.227s] Level 1:colcon.colcon_core.package_identification:_identify(build) by extension 'ignore'
[0.227s] Level 1:colcon.colcon_core.package_identification:_identify(build) ignored
[0.227s] Level 1:colcon.colcon_core.package_identification:_identify(imgs) by extensions ['ignore', 'ignore_ament_install']
[0.227s] Level 1:colcon.colcon_core.package_identification:_identify(imgs) by extension 'ignore'
[0.227s] Level 1:colcon.colcon_core.package_identification:_identify(imgs) by extension 'ignore_ament_install'
[0.227s] Level 1:colcon.colcon_core.package_identification:_identify(imgs) by extensions ['colcon_pkg']
[0.227s] Level 1:colcon.colcon_core.package_identification:_identify(imgs) by extension 'colcon_pkg'
[0.227s] Level 1:colcon.colcon_core.package_identification:_identify(imgs) by extensions ['colcon_meta']
[0.227s] Level 1:colcon.colcon_core.package_identification:_identify(imgs) by extension 'colcon_meta'
[0.228s] Level 1:colcon.colcon_core.package_identification:_identify(imgs) by extensions ['ros']
[0.228s] Level 1:colcon.colcon_core.package_identification:_identify(imgs) by extension 'ros'
[0.228s] Level 1:colcon.colcon_core.package_identification:_identify(imgs) by extensions ['cmake', 'python']
[0.228s] Level 1:colcon.colcon_core.package_identification:_identify(imgs) by extension 'cmake'
[0.228s] Level 1:colcon.colcon_core.package_identification:_identify(imgs) by extension 'python'
[0.228s] Level 1:colcon.colcon_core.package_identification:_identify(imgs) by extensions ['python_setup_py']
[0.228s] Level 1:colcon.colcon_core.package_identification:_identify(imgs) by extension 'python_setup_py'
[0.228s] Level 1:colcon.colcon_core.package_identification:_identify(install) by extensions ['ignore', 'ignore_ament_install']
[0.228s] Level 1:colcon.colcon_core.package_identification:_identify(install) by extension 'ignore'
[0.228s] Level 1:colcon.colcon_core.package_identification:_identify(install) ignored
[0.228s] Level 1:colcon.colcon_core.package_identification:_identify(log) by extensions ['ignore', 'ignore_ament_install']
[0.228s] Level 1:colcon.colcon_core.package_identification:_identify(log) by extension 'ignore'
[0.228s] Level 1:colcon.colcon_core.package_identification:_identify(log) ignored
[0.228s] Level 1:colcon.colcon_core.package_identification:_identify(src) by extensions ['ignore', 'ignore_ament_install']
[0.228s] Level 1:colcon.colcon_core.package_identification:_identify(src) by extension 'ignore'
[0.228s] Level 1:colcon.colcon_core.package_identification:_identify(src) by extension 'ignore_ament_install'
[0.228s] Level 1:colcon.colcon_core.package_identification:_identify(src) by extensions ['colcon_pkg']
[0.228s] Level 1:colcon.colcon_core.package_identification:_identify(src) by extension 'colcon_pkg'
[0.228s] Level 1:colcon.colcon_core.package_identification:_identify(src) by extensions ['colcon_meta']
[0.228s] Level 1:colcon.colcon_core.package_identification:_identify(src) by extension 'colcon_meta'
[0.228s] Level 1:colcon.colcon_core.package_identification:_identify(src) by extensions ['ros']
[0.228s] Level 1:colcon.colcon_core.package_identification:_identify(src) by extension 'ros'
[0.228s] Level 1:colcon.colcon_core.package_identification:_identify(src) by extensions ['cmake', 'python']
[0.228s] Level 1:colcon.colcon_core.package_identification:_identify(src) by extension 'cmake'
[0.228s] Level 1:colcon.colcon_core.package_identification:_identify(src) by extension 'python'
[0.228s] Level 1:colcon.colcon_core.package_identification:_identify(src) by extensions ['python_setup_py']
[0.228s] Level 1:colcon.colcon_core.package_identification:_identify(src) by extension 'python_setup_py'
[0.228s] Level 1:colcon.colcon_core.package_identification:_identify(src/build) by extensions ['ignore', 'ignore_ament_install']
[0.228s] Level 1:colcon.colcon_core.package_identification:_identify(src/build) by extension 'ignore'
[0.228s] Level 1:colcon.colcon_core.package_identification:_identify(src/build) ignored
[0.228s] Level 1:colcon.colcon_core.package_identification:_identify(src/config) by extensions ['ignore', 'ignore_ament_install']
[0.228s] Level 1:colcon.colcon_core.package_identification:_identify(src/config) by extension 'ignore'
[0.228s] Level 1:colcon.colcon_core.package_identification:_identify(src/config) by extension 'ignore_ament_install'
[0.228s] Level 1:colcon.colcon_core.package_identification:_identify(src/config) by extensions ['colcon_pkg']
[0.229s] Level 1:colcon.colcon_core.package_identification:_identify(src/config) by extension 'colcon_pkg'
[0.229s] Level 1:colcon.colcon_core.package_identification:_identify(src/config) by extensions ['colcon_meta']
[0.229s] Level 1:colcon.colcon_core.package_identification:_identify(src/config) by extension 'colcon_meta'
[0.229s] Level 1:colcon.colcon_core.package_identification:_identify(src/config) by extensions ['ros']
[0.229s] Level 1:colcon.colcon_core.package_identification:_identify(src/config) by extension 'ros'
[0.229s] Level 1:colcon.colcon_core.package_identification:_identify(src/config) by extensions ['cmake', 'python']
[0.229s] Level 1:colcon.colcon_core.package_identification:_identify(src/config) by extension 'cmake'
[0.229s] Level 1:colcon.colcon_core.package_identification:_identify(src/config) by extension 'python'
[0.229s] Level 1:colcon.colcon_core.package_identification:_identify(src/config) by extensions ['python_setup_py']
[0.229s] Level 1:colcon.colcon_core.package_identification:_identify(src/config) by extension 'python_setup_py'
[0.229s] Level 1:colcon.colcon_core.package_identification:_identify(src/config/real) by extensions ['ignore', 'ignore_ament_install']
[0.229s] Level 1:colcon.colcon_core.package_identification:_identify(src/config/real) by extension 'ignore'
[0.229s] Level 1:colcon.colcon_core.package_identification:_identify(src/config/real) by extension 'ignore_ament_install'
[0.229s] Level 1:colcon.colcon_core.package_identification:_identify(src/config/real) by extensions ['colcon_pkg']
[0.229s] Level 1:colcon.colcon_core.package_identification:_identify(src/config/real) by extension 'colcon_pkg'
[0.229s] Level 1:colcon.colcon_core.package_identification:_identify(src/config/real) by extensions ['colcon_meta']
[0.229s] Level 1:colcon.colcon_core.package_identification:_identify(src/config/real) by extension 'colcon_meta'
[0.229s] Level 1:colcon.colcon_core.package_identification:_identify(src/config/real) by extensions ['ros']
[0.229s] Level 1:colcon.colcon_core.package_identification:_identify(src/config/real) by extension 'ros'
[0.229s] Level 1:colcon.colcon_core.package_identification:_identify(src/config/real) by extensions ['cmake', 'python']
[0.229s] Level 1:colcon.colcon_core.package_identification:_identify(src/config/real) by extension 'cmake'
[0.229s] Level 1:colcon.colcon_core.package_identification:_identify(src/config/real) by extension 'python'
[0.229s] Level 1:colcon.colcon_core.package_identification:_identify(src/config/real) by extensions ['python_setup_py']
[0.229s] Level 1:colcon.colcon_core.package_identification:_identify(src/config/real) by extension 'python_setup_py'
[0.229s] Level 1:colcon.colcon_core.package_identification:_identify(src/config/sim) by extensions ['ignore', 'ignore_ament_install']
[0.229s] Level 1:colcon.colcon_core.package_identification:_identify(src/config/sim) by extension 'ignore'
[0.229s] Level 1:colcon.colcon_core.package_identification:_identify(src/config/sim) by extension 'ignore_ament_install'
[0.229s] Level 1:colcon.colcon_core.package_identification:_identify(src/config/sim) by extensions ['colcon_pkg']
[0.229s] Level 1:colcon.colcon_core.package_identification:_identify(src/config/sim) by extension 'colcon_pkg'
[0.229s] Level 1:colcon.colcon_core.package_identification:_identify(src/config/sim) by extensions ['colcon_meta']
[0.229s] Level 1:colcon.colcon_core.package_identification:_identify(src/config/sim) by extension 'colcon_meta'
[0.229s] Level 1:colcon.colcon_core.package_identification:_identify(src/config/sim) by extensions ['ros']
[0.229s] Level 1:colcon.colcon_core.package_identification:_identify(src/config/sim) by extension 'ros'
[0.229s] Level 1:colcon.colcon_core.package_identification:_identify(src/config/sim) by extensions ['cmake', 'python']
[0.229s] Level 1:colcon.colcon_core.package_identification:_identify(src/config/sim) by extension 'cmake'
[0.229s] Level 1:colcon.colcon_core.package_identification:_identify(src/config/sim) by extension 'python'
[0.229s] Level 1:colcon.colcon_core.package_identification:_identify(src/config/sim) by extensions ['python_setup_py']
[0.229s] Level 1:colcon.colcon_core.package_identification:_identify(src/config/sim) by extension 'python_setup_py'
[0.229s] Level 1:colcon.colcon_core.package_identification:_identify(src/install) by extensions ['ignore', 'ignore_ament_install']
[0.230s] Level 1:colcon.colcon_core.package_identification:_identify(src/install) by extension 'ignore'
[0.230s] Level 1:colcon.colcon_core.package_identification:_identify(src/install) ignored
[0.230s] Level 1:colcon.colcon_core.package_identification:_identify(src/log) by extensions ['ignore', 'ignore_ament_install']
[0.230s] Level 1:colcon.colcon_core.package_identification:_identify(src/log) by extension 'ignore'
[0.230s] Level 1:colcon.colcon_core.package_identification:_identify(src/log) ignored
[0.230s] Level 1:colcon.colcon_core.package_identification:_identify(src/rm_behavior) by extensions ['ignore', 'ignore_ament_install']
[0.230s] Level 1:colcon.colcon_core.package_identification:_identify(src/rm_behavior) by extension 'ignore'
[0.230s] Level 1:colcon.colcon_core.package_identification:_identify(src/rm_behavior) by extension 'ignore_ament_install'
[0.230s] Level 1:colcon.colcon_core.package_identification:_identify(src/rm_behavior) by extensions ['colcon_pkg']
[0.230s] Level 1:colcon.colcon_core.package_identification:_identify(src/rm_behavior) by extension 'colcon_pkg'
[0.230s] Level 1:colcon.colcon_core.package_identification:_identify(src/rm_behavior) by extensions ['colcon_meta']
[0.230s] Level 1:colcon.colcon_core.package_identification:_identify(src/rm_behavior) by extension 'colcon_meta'
[0.230s] Level 1:colcon.colcon_core.package_identification:_identify(src/rm_behavior) by extensions ['ros']
[0.230s] Level 1:colcon.colcon_core.package_identification:_identify(src/rm_behavior) by extension 'ros'
[0.230s] Level 1:colcon.colcon_core.package_identification:_identify(src/rm_behavior) by extensions ['cmake', 'python']
[0.230s] Level 1:colcon.colcon_core.package_identification:_identify(src/rm_behavior) by extension 'cmake'
[0.230s] Level 1:colcon.colcon_core.package_identification:_identify(src/rm_behavior) by extension 'python'
[0.230s] Level 1:colcon.colcon_core.package_identification:_identify(src/rm_behavior) by extensions ['python_setup_py']
[0.230s] Level 1:colcon.colcon_core.package_identification:_identify(src/rm_behavior) by extension 'python_setup_py'
[0.230s] Level 1:colcon.colcon_core.package_identification:_identify(src/rm_driver) by extensions ['ignore', 'ignore_ament_install']
[0.230s] Level 1:colcon.colcon_core.package_identification:_identify(src/rm_driver) by extension 'ignore'
[0.230s] Level 1:colcon.colcon_core.package_identification:_identify(src/rm_driver) by extension 'ignore_ament_install'
[0.230s] Level 1:colcon.colcon_core.package_identification:_identify(src/rm_driver) by extensions ['colcon_pkg']
[0.230s] Level 1:colcon.colcon_core.package_identification:_identify(src/rm_driver) by extension 'colcon_pkg'
[0.230s] Level 1:colcon.colcon_core.package_identification:_identify(src/rm_driver) by extensions ['colcon_meta']
[0.230s] Level 1:colcon.colcon_core.package_identification:_identify(src/rm_driver) by extension 'colcon_meta'
[0.230s] Level 1:colcon.colcon_core.package_identification:_identify(src/rm_driver) by extensions ['ros']
[0.230s] Level 1:colcon.colcon_core.package_identification:_identify(src/rm_driver) by extension 'ros'
[0.230s] Level 1:colcon.colcon_core.package_identification:_identify(src/rm_driver) by extensions ['cmake', 'python']
[0.230s] Level 1:colcon.colcon_core.package_identification:_identify(src/rm_driver) by extension 'cmake'
[0.230s] Level 1:colcon.colcon_core.package_identification:_identify(src/rm_driver) by extension 'python'
[0.230s] Level 1:colcon.colcon_core.package_identification:_identify(src/rm_driver) by extensions ['python_setup_py']
[0.230s] Level 1:colcon.colcon_core.package_identification:_identify(src/rm_driver) by extension 'python_setup_py'
[0.230s] Level 1:colcon.colcon_core.package_identification:_identify(src/rm_driver/Livox-SDK2) by extensions ['ignore', 'ignore_ament_install']
[0.230s] Level 1:colcon.colcon_core.package_identification:_identify(src/rm_driver/Livox-SDK2) by extension 'ignore'
[0.230s] Level 1:colcon.colcon_core.package_identification:_identify(src/rm_driver/Livox-SDK2) by extension 'ignore_ament_install'
[0.230s] Level 1:colcon.colcon_core.package_identification:_identify(src/rm_driver/Livox-SDK2) by extensions ['colcon_pkg']
[0.230s] Level 1:colcon.colcon_core.package_identification:_identify(src/rm_driver/Livox-SDK2) by extension 'colcon_pkg'
[0.230s] Level 1:colcon.colcon_core.package_identification:_identify(src/rm_driver/Livox-SDK2) by extensions ['colcon_meta']
[0.231s] Level 1:colcon.colcon_core.package_identification:_identify(src/rm_driver/Livox-SDK2) by extension 'colcon_meta'
[0.231s] Level 1:colcon.colcon_core.package_identification:_identify(src/rm_driver/Livox-SDK2) by extensions ['ros']
[0.231s] Level 1:colcon.colcon_core.package_identification:_identify(src/rm_driver/Livox-SDK2) by extension 'ros'
[0.231s] Level 1:colcon.colcon_core.package_identification:_identify(src/rm_driver/Livox-SDK2) by extensions ['cmake', 'python']
[0.231s] Level 1:colcon.colcon_core.package_identification:_identify(src/rm_driver/Livox-SDK2) by extension 'cmake'
[0.235s] Level 1:colcon.colcon_core.package_identification:_identify(src/rm_driver/Livox-SDK2) by extension 'python'
[0.235s] DEBUG:colcon.colcon_core.package_identification:Package 'src/rm_driver/Livox-SDK2' with type 'cmake' and name 'livox_sdk2'
[0.235s] Level 1:colcon.colcon_core.package_identification:_identify(src/rm_driver/build) by extensions ['ignore', 'ignore_ament_install']
[0.235s] Level 1:colcon.colcon_core.package_identification:_identify(src/rm_driver/build) by extension 'ignore'
[0.235s] Level 1:colcon.colcon_core.package_identification:_identify(src/rm_driver/build) ignored
[0.235s] Level 1:colcon.colcon_core.package_identification:_identify(src/rm_driver/install) by extensions ['ignore', 'ignore_ament_install']
[0.235s] Level 1:colcon.colcon_core.package_identification:_identify(src/rm_driver/install) by extension 'ignore'
[0.235s] Level 1:colcon.colcon_core.package_identification:_identify(src/rm_driver/install) ignored
[0.235s] Level 1:colcon.colcon_core.package_identification:_identify(src/rm_driver/log) by extensions ['ignore', 'ignore_ament_install']
[0.235s] Level 1:colcon.colcon_core.package_identification:_identify(src/rm_driver/log) by extension 'ignore'
[0.235s] Level 1:colcon.colcon_core.package_identification:_identify(src/rm_driver/log) ignored
[0.235s] Level 1:colcon.colcon_core.package_identification:_identify(src/rm_localization) by extensions ['ignore', 'ignore_ament_install']
[0.236s] Level 1:colcon.colcon_core.package_identification:_identify(src/rm_localization) by extension 'ignore'
[0.236s] Level 1:colcon.colcon_core.package_identification:_identify(src/rm_localization) by extension 'ignore_ament_install'
[0.236s] Level 1:colcon.colcon_core.package_identification:_identify(src/rm_localization) by extensions ['colcon_pkg']
[0.236s] Level 1:colcon.colcon_core.package_identification:_identify(src/rm_localization) by extension 'colcon_pkg'
[0.236s] Level 1:colcon.colcon_core.package_identification:_identify(src/rm_localization) by extensions ['colcon_meta']
[0.236s] Level 1:colcon.colcon_core.package_identification:_identify(src/rm_localization) by extension 'colcon_meta'
[0.236s] Level 1:colcon.colcon_core.package_identification:_identify(src/rm_localization) by extensions ['ros']
[0.236s] Level 1:colcon.colcon_core.package_identification:_identify(src/rm_localization) by extension 'ros'
[0.236s] Level 1:colcon.colcon_core.package_identification:_identify(src/rm_localization) by extensions ['cmake', 'python']
[0.236s] Level 1:colcon.colcon_core.package_identification:_identify(src/rm_localization) by extension 'cmake'
[0.236s] Level 1:colcon.colcon_core.package_identification:_identify(src/rm_localization) by extension 'python'
[0.236s] Level 1:colcon.colcon_core.package_identification:_identify(src/rm_localization) by extensions ['python_setup_py']
[0.236s] Level 1:colcon.colcon_core.package_identification:_identify(src/rm_localization) by extension 'python_setup_py'
[0.236s] Level 1:colcon.colcon_core.package_identification:_identify(src/rm_mapping) by extensions ['ignore', 'ignore_ament_install']
[0.236s] Level 1:colcon.colcon_core.package_identification:_identify(src/rm_mapping) by extension 'ignore'
[0.236s] Level 1:colcon.colcon_core.package_identification:_identify(src/rm_mapping) by extension 'ignore_ament_install'
[0.236s] Level 1:colcon.colcon_core.package_identification:_identify(src/rm_mapping) by extensions ['colcon_pkg']
[0.236s] Level 1:colcon.colcon_core.package_identification:_identify(src/rm_mapping) by extension 'colcon_pkg'
[0.236s] Level 1:colcon.colcon_core.package_identification:_identify(src/rm_mapping) by extensions ['colcon_meta']
[0.236s] Level 1:colcon.colcon_core.package_identification:_identify(src/rm_mapping) by extension 'colcon_meta'
[0.236s] Level 1:colcon.colcon_core.package_identification:_identify(src/rm_mapping) by extensions ['ros']
[0.236s] Level 1:colcon.colcon_core.package_identification:_identify(src/rm_mapping) by extension 'ros'
[0.236s] Level 1:colcon.colcon_core.package_identification:_identify(src/rm_mapping) by extensions ['cmake', 'python']
[0.236s] Level 1:colcon.colcon_core.package_identification:_identify(src/rm_mapping) by extension 'cmake'
[0.236s] Level 1:colcon.colcon_core.package_identification:_identify(src/rm_mapping) by extension 'python'
[0.236s] Level 1:colcon.colcon_core.package_identification:_identify(src/rm_mapping) by extensions ['python_setup_py']
[0.236s] Level 1:colcon.colcon_core.package_identification:_identify(src/rm_mapping) by extension 'python_setup_py'
[0.236s] Level 1:colcon.colcon_core.package_identification:_identify(src/rm_nav2_bringup) by extensions ['ignore', 'ignore_ament_install']
[0.236s] Level 1:colcon.colcon_core.package_identification:_identify(src/rm_nav2_bringup) by extension 'ignore'
[0.236s] Level 1:colcon.colcon_core.package_identification:_identify(src/rm_nav2_bringup) by extension 'ignore_ament_install'
[0.236s] Level 1:colcon.colcon_core.package_identification:_identify(src/rm_nav2_bringup) by extensions ['colcon_pkg']
[0.236s] Level 1:colcon.colcon_core.package_identification:_identify(src/rm_nav2_bringup) by extension 'colcon_pkg'
[0.236s] Level 1:colcon.colcon_core.package_identification:_identify(src/rm_nav2_bringup) by extensions ['colcon_meta']
[0.236s] Level 1:colcon.colcon_core.package_identification:_identify(src/rm_nav2_bringup) by extension 'colcon_meta'
[0.236s] Level 1:colcon.colcon_core.package_identification:_identify(src/rm_nav2_bringup) by extensions ['ros']
[0.236s] Level 1:colcon.colcon_core.package_identification:_identify(src/rm_nav2_bringup) by extension 'ros'
[0.236s] Level 1:colcon.colcon_core.package_identification:_identify(src/rm_nav2_bringup) by extensions ['cmake', 'python']
[0.236s] Level 1:colcon.colcon_core.package_identification:_identify(src/rm_nav2_bringup) by extension 'cmake'
[0.236s] Level 1:colcon.colcon_core.package_identification:_identify(src/rm_nav2_bringup) by extension 'python'
[0.236s] Level 1:colcon.colcon_core.package_identification:_identify(src/rm_nav2_bringup) by extensions ['python_setup_py']
[0.236s] Level 1:colcon.colcon_core.package_identification:_identify(src/rm_nav2_bringup) by extension 'python_setup_py'
[0.236s] Level 1:colcon.colcon_core.package_identification:_identify(src/rm_navigation) by extensions ['ignore', 'ignore_ament_install']
[0.236s] Level 1:colcon.colcon_core.package_identification:_identify(src/rm_navigation) by extension 'ignore'
[0.236s] Level 1:colcon.colcon_core.package_identification:_identify(src/rm_navigation) by extension 'ignore_ament_install'
[0.236s] Level 1:colcon.colcon_core.package_identification:_identify(src/rm_navigation) by extensions ['colcon_pkg']
[0.236s] Level 1:colcon.colcon_core.package_identification:_identify(src/rm_navigation) by extension 'colcon_pkg'
[0.237s] Level 1:colcon.colcon_core.package_identification:_identify(src/rm_navigation) by extensions ['colcon_meta']
[0.237s] Level 1:colcon.colcon_core.package_identification:_identify(src/rm_navigation) by extension 'colcon_meta'
[0.237s] Level 1:colcon.colcon_core.package_identification:_identify(src/rm_navigation) by extensions ['ros']
[0.237s] Level 1:colcon.colcon_core.package_identification:_identify(src/rm_navigation) by extension 'ros'
[0.237s] Level 1:colcon.colcon_core.package_identification:_identify(src/rm_navigation) by extensions ['cmake', 'python']
[0.237s] Level 1:colcon.colcon_core.package_identification:_identify(src/rm_navigation) by extension 'cmake'
[0.237s] Level 1:colcon.colcon_core.package_identification:_identify(src/rm_navigation) by extension 'python'
[0.237s] Level 1:colcon.colcon_core.package_identification:_identify(src/rm_navigation) by extensions ['python_setup_py']
[0.237s] Level 1:colcon.colcon_core.package_identification:_identify(src/rm_navigation) by extension 'python_setup_py'
[0.237s] Level 1:colcon.colcon_core.package_identification:_identify(src/rm_robot_description) by extensions ['ignore', 'ignore_ament_install']
[0.237s] Level 1:colcon.colcon_core.package_identification:_identify(src/rm_robot_description) by extension 'ignore'
[0.237s] Level 1:colcon.colcon_core.package_identification:_identify(src/rm_robot_description) by extension 'ignore_ament_install'
[0.237s] Level 1:colcon.colcon_core.package_identification:_identify(src/rm_robot_description) by extensions ['colcon_pkg']
[0.237s] Level 1:colcon.colcon_core.package_identification:_identify(src/rm_robot_description) by extension 'colcon_pkg'
[0.237s] Level 1:colcon.colcon_core.package_identification:_identify(src/rm_robot_description) by extensions ['colcon_meta']
[0.237s] Level 1:colcon.colcon_core.package_identification:_identify(src/rm_robot_description) by extension 'colcon_meta'
[0.237s] Level 1:colcon.colcon_core.package_identification:_identify(src/rm_robot_description) by extensions ['ros']
[0.237s] Level 1:colcon.colcon_core.package_identification:_identify(src/rm_robot_description) by extension 'ros'
[0.238s] DEBUG:colcon.colcon_core.package_identification:Package 'src/rm_robot_description' with type 'ros.ament_cmake' and name 'rm_robot_description'
[0.238s] Level 1:colcon.colcon_core.package_identification:_identify(src/rm_simulation) by extensions ['ignore', 'ignore_ament_install']
[0.238s] Level 1:colcon.colcon_core.package_identification:_identify(src/rm_simulation) by extension 'ignore'
[0.238s] Level 1:colcon.colcon_core.package_identification:_identify(src/rm_simulation) by extension 'ignore_ament_install'
[0.238s] Level 1:colcon.colcon_core.package_identification:_identify(src/rm_simulation) by extensions ['colcon_pkg']
[0.238s] Level 1:colcon.colcon_core.package_identification:_identify(src/rm_simulation) by extension 'colcon_pkg'
[0.238s] Level 1:colcon.colcon_core.package_identification:_identify(src/rm_simulation) by extensions ['colcon_meta']
[0.238s] Level 1:colcon.colcon_core.package_identification:_identify(src/rm_simulation) by extension 'colcon_meta'
[0.238s] Level 1:colcon.colcon_core.package_identification:_identify(src/rm_simulation) by extensions ['ros']
[0.238s] Level 1:colcon.colcon_core.package_identification:_identify(src/rm_simulation) by extension 'ros'
[0.238s] Level 1:colcon.colcon_core.package_identification:_identify(src/rm_simulation) by extensions ['cmake', 'python']
[0.238s] Level 1:colcon.colcon_core.package_identification:_identify(src/rm_simulation) by extension 'cmake'
[0.239s] Level 1:colcon.colcon_core.package_identification:_identify(src/rm_simulation) by extension 'python'
[0.239s] Level 1:colcon.colcon_core.package_identification:_identify(src/rm_simulation) by extensions ['python_setup_py']
[0.239s] Level 1:colcon.colcon_core.package_identification:_identify(src/rm_simulation) by extension 'python_setup_py'
[0.239s] Level 1:colcon.colcon_core.package_identification:_identify(src/rm_simulation/rm_robot_description_sim) by extensions ['ignore', 'ignore_ament_install']
[0.239s] Level 1:colcon.colcon_core.package_identification:_identify(src/rm_simulation/rm_robot_description_sim) by extension 'ignore'
[0.239s] Level 1:colcon.colcon_core.package_identification:_identify(src/rm_simulation/rm_robot_description_sim) by extension 'ignore_ament_install'
[0.239s] Level 1:colcon.colcon_core.package_identification:_identify(src/rm_simulation/rm_robot_description_sim) by extensions ['colcon_pkg']
[0.239s] Level 1:colcon.colcon_core.package_identification:_identify(src/rm_simulation/rm_robot_description_sim) by extension 'colcon_pkg'
[0.239s] Level 1:colcon.colcon_core.package_identification:_identify(src/rm_simulation/rm_robot_description_sim) by extensions ['colcon_meta']
[0.239s] Level 1:colcon.colcon_core.package_identification:_identify(src/rm_simulation/rm_robot_description_sim) by extension 'colcon_meta'
[0.239s] Level 1:colcon.colcon_core.package_identification:_identify(src/rm_simulation/rm_robot_description_sim) by extensions ['ros']
[0.239s] Level 1:colcon.colcon_core.package_identification:_identify(src/rm_simulation/rm_robot_description_sim) by extension 'ros'
[0.239s] DEBUG:colcon.colcon_core.package_identification:Package 'src/rm_simulation/rm_robot_description_sim' with type 'ros.ament_cmake' and name 'rm_robot_description_sim'
[0.239s] Level 1:colcon.colcon_core.package_identification:_identify(src/rm_simulation/ros2_livox_simulation) by extensions ['ignore', 'ignore_ament_install']
[0.239s] Level 1:colcon.colcon_core.package_identification:_identify(src/rm_simulation/ros2_livox_simulation) by extension 'ignore'
[0.239s] Level 1:colcon.colcon_core.package_identification:_identify(src/rm_simulation/ros2_livox_simulation) by extension 'ignore_ament_install'
[0.239s] Level 1:colcon.colcon_core.package_identification:_identify(src/rm_simulation/ros2_livox_simulation) by extensions ['colcon_pkg']
[0.239s] Level 1:colcon.colcon_core.package_identification:_identify(src/rm_simulation/ros2_livox_simulation) by extension 'colcon_pkg'
[0.239s] Level 1:colcon.colcon_core.package_identification:_identify(src/rm_simulation/ros2_livox_simulation) by extensions ['colcon_meta']
[0.239s] Level 1:colcon.colcon_core.package_identification:_identify(src/rm_simulation/ros2_livox_simulation) by extension 'colcon_meta'
[0.239s] Level 1:colcon.colcon_core.package_identification:_identify(src/rm_simulation/ros2_livox_simulation) by extensions ['ros']
[0.239s] Level 1:colcon.colcon_core.package_identification:_identify(src/rm_simulation/ros2_livox_simulation) by extension 'ros'
[0.240s] DEBUG:colcon.colcon_core.package_identification:Package 'src/rm_simulation/ros2_livox_simulation' with type 'ros.ament_cmake' and name 'ros2_livox_simulation'
[0.240s] Level 1:colcon.colcon_core.package_discovery:discover_packages(recursive) using defaults
[0.240s] Level 1:colcon.colcon_core.package_discovery:discover_packages(ignore) discover
[0.240s] Level 1:colcon.colcon_core.package_discovery:discover_packages(ignore) using defaults
[0.240s] Level 1:colcon.colcon_core.package_discovery:discover_packages(path) discover
[0.240s] Level 1:colcon.colcon_core.package_discovery:discover_packages(path) using defaults
[0.250s] Level 1:colcon.colcon_core.package_discovery:discover_packages(prefix_path) check parameters
[0.250s] Level 1:colcon.colcon_core.package_discovery:discover_packages(prefix_path) discover
[0.251s] WARNING:colcon.colcon_ros.prefix_path.ament:The path '/home/aurora/RM25/install/rm_robot_description_sim' in the environment variable AMENT_PREFIX_PATH doesn't exist
[0.251s] WARNING:colcon.colcon_ros.prefix_path.ament:The path '/home/aurora/RM25/install/rm_robot_description' in the environment variable AMENT_PREFIX_PATH doesn't exist
[0.251s] WARNING:colcon.colcon_ros.prefix_path.catkin:The path '/home/aurora/RM25/install/rm_robot_description_sim' in the environment variable CMAKE_PREFIX_PATH doesn't exist
[0.251s] WARNING:colcon.colcon_ros.prefix_path.catkin:The path '/home/aurora/RM25/install/rm_robot_description' in the environment variable CMAKE_PREFIX_PATH doesn't exist
[0.251s] DEBUG:colcon.colcon_installed_package_information.package_discovery:Found 10 installed packages in /home/aurora/pb_rm_simulation/install
[0.252s] DEBUG:colcon.colcon_installed_package_information.package_discovery:Found 0 installed packages in /home/aurora/RM25/install
[0.252s] DEBUG:colcon.colcon_installed_package_information.package_discovery:Found 2 installed packages in /home/aurora/RM25/src/install
[0.253s] DEBUG:colcon.colcon_installed_package_information.package_discovery:Found 0 installed packages in /home/aurora/RM25/src/rm_robot_description/launch/install
[0.253s] DEBUG:colcon.colcon_installed_package_information.package_discovery:Found 3 installed packages in /home/aurora/ws_helloworld/install
[0.253s] DEBUG:colcon.colcon_installed_package_information.package_discovery:Found 365 installed packages in /opt/ros/humble
[0.259s] Level 1:colcon.colcon_core.package_discovery:discover_packages(prefix_path) using defaults
[0.283s] Level 5:colcon.colcon_core.verb:set package 'livox_sdk2' build argument 'cmake_args' from command line to 'None'
[0.283s] Level 5:colcon.colcon_core.verb:set package 'livox_sdk2' build argument 'cmake_target' from command line to 'None'
[0.283s] Level 5:colcon.colcon_core.verb:set package 'livox_sdk2' build argument 'cmake_target_skip_unavailable' from command line to 'False'
[0.283s] Level 5:colcon.colcon_core.verb:set package 'livox_sdk2' build argument 'cmake_clean_cache' from command line to 'False'
[0.283s] Level 5:colcon.colcon_core.verb:set package 'livox_sdk2' build argument 'cmake_clean_first' from command line to 'False'
[0.283s] Level 5:colcon.colcon_core.verb:set package 'livox_sdk2' build argument 'cmake_force_configure' from command line to 'False'
[0.283s] Level 5:colcon.colcon_core.verb:set package 'livox_sdk2' build argument 'ament_cmake_args' from command line to 'None'
[0.283s] Level 5:colcon.colcon_core.verb:set package 'livox_sdk2' build argument 'catkin_cmake_args' from command line to 'None'
[0.283s] Level 5:colcon.colcon_core.verb:set package 'livox_sdk2' build argument 'catkin_skip_building_tests' from command line to 'False'
[0.284s] DEBUG:colcon.colcon_core.verb:Building package 'livox_sdk2' with the following arguments: {'ament_cmake_args': None, 'build_base': '/home/aurora/RM25/build/livox_sdk2', 'catkin_cmake_args': None, 'catkin_skip_building_tests': False, 'cmake_args': None, 'cmake_clean_cache': False, 'cmake_clean_first': False, 'cmake_force_configure': False, 'cmake_target': None, 'cmake_target_skip_unavailable': False, 'install_base': '/home/aurora/RM25/install/livox_sdk2', 'merge_install': False, 'path': '/home/aurora/RM25/src/rm_driver/Livox-SDK2', 'symlink_install': False, 'test_result_base': None}
[0.284s] Level 5:colcon.colcon_core.verb:set package 'rm_robot_description' build argument 'cmake_args' from command line to 'None'
[0.284s] Level 5:colcon.colcon_core.verb:set package 'rm_robot_description' build argument 'cmake_target' from command line to 'None'
[0.284s] Level 5:colcon.colcon_core.verb:set package 'rm_robot_description' build argument 'cmake_target_skip_unavailable' from command line to 'False'
[0.284s] Level 5:colcon.colcon_core.verb:set package 'rm_robot_description' build argument 'cmake_clean_cache' from command line to 'False'
[0.284s] Level 5:colcon.colcon_core.verb:set package 'rm_robot_description' build argument 'cmake_clean_first' from command line to 'False'
[0.284s] Level 5:colcon.colcon_core.verb:set package 'rm_robot_description' build argument 'cmake_force_configure' from command line to 'False'
[0.284s] Level 5:colcon.colcon_core.verb:set package 'rm_robot_description' build argument 'ament_cmake_args' from command line to 'None'
[0.284s] Level 5:colcon.colcon_core.verb:set package 'rm_robot_description' build argument 'catkin_cmake_args' from command line to 'None'
[0.284s] Level 5:colcon.colcon_core.verb:set package 'rm_robot_description' build argument 'catkin_skip_building_tests' from command line to 'False'
[0.284s] DEBUG:colcon.colcon_core.verb:Building package 'rm_robot_description' with the following arguments: {'ament_cmake_args': None, 'build_base': '/home/aurora/RM25/build/rm_robot_description', 'catkin_cmake_args': None, 'catkin_skip_building_tests': False, 'cmake_args': None, 'cmake_clean_cache': False, 'cmake_clean_first': False, 'cmake_force_configure': False, 'cmake_target': None, 'cmake_target_skip_unavailable': False, 'install_base': '/home/aurora/RM25/install/rm_robot_description', 'merge_install': False, 'path': '/home/aurora/RM25/src/rm_robot_description', 'symlink_install': False, 'test_result_base': None}
[0.284s] Level 5:colcon.colcon_core.verb:set package 'rm_robot_description_sim' build argument 'cmake_args' from command line to 'None'
[0.284s] Level 5:colcon.colcon_core.verb:set package 'rm_robot_description_sim' build argument 'cmake_target' from command line to 'None'
[0.284s] Level 5:colcon.colcon_core.verb:set package 'rm_robot_description_sim' build argument 'cmake_target_skip_unavailable' from command line to 'False'
[0.284s] Level 5:colcon.colcon_core.verb:set package 'rm_robot_description_sim' build argument 'cmake_clean_cache' from command line to 'False'
[0.284s] Level 5:colcon.colcon_core.verb:set package 'rm_robot_description_sim' build argument 'cmake_clean_first' from command line to 'False'
[0.284s] Level 5:colcon.colcon_core.verb:set package 'rm_robot_description_sim' build argument 'cmake_force_configure' from command line to 'False'
[0.284s] Level 5:colcon.colcon_core.verb:set package 'rm_robot_description_sim' build argument 'ament_cmake_args' from command line to 'None'
[0.284s] Level 5:colcon.colcon_core.verb:set package 'rm_robot_description_sim' build argument 'catkin_cmake_args' from command line to 'None'
[0.284s] Level 5:colcon.colcon_core.verb:set package 'rm_robot_description_sim' build argument 'catkin_skip_building_tests' from command line to 'False'
[0.284s] DEBUG:colcon.colcon_core.verb:Building package 'rm_robot_description_sim' with the following arguments: {'ament_cmake_args': None, 'build_base': '/home/aurora/RM25/build/rm_robot_description_sim', 'catkin_cmake_args': None, 'catkin_skip_building_tests': False, 'cmake_args': None, 'cmake_clean_cache': False, 'cmake_clean_first': False, 'cmake_force_configure': False, 'cmake_target': None, 'cmake_target_skip_unavailable': False, 'install_base': '/home/aurora/RM25/install/rm_robot_description_sim', 'merge_install': False, 'path': '/home/aurora/RM25/src/rm_simulation/rm_robot_description_sim', 'symlink_install': False, 'test_result_base': None}
[0.284s] Level 5:colcon.colcon_core.verb:set package 'ros2_livox_simulation' build argument 'cmake_args' from command line to 'None'
[0.284s] Level 5:colcon.colcon_core.verb:set package 'ros2_livox_simulation' build argument 'cmake_target' from command line to 'None'
[0.284s] Level 5:colcon.colcon_core.verb:set package 'ros2_livox_simulation' build argument 'cmake_target_skip_unavailable' from command line to 'False'
[0.284s] Level 5:colcon.colcon_core.verb:set package 'ros2_livox_simulation' build argument 'cmake_clean_cache' from command line to 'False'
[0.284s] Level 5:colcon.colcon_core.verb:set package 'ros2_livox_simulation' build argument 'cmake_clean_first' from command line to 'False'
[0.284s] Level 5:colcon.colcon_core.verb:set package 'ros2_livox_simulation' build argument 'cmake_force_configure' from command line to 'False'
[0.284s] Level 5:colcon.colcon_core.verb:set package 'ros2_livox_simulation' build argument 'ament_cmake_args' from command line to 'None'
[0.284s] Level 5:colcon.colcon_core.verb:set package 'ros2_livox_simulation' build argument 'catkin_cmake_args' from command line to 'None'
[0.285s] Level 5:colcon.colcon_core.verb:set package 'ros2_livox_simulation' build argument 'catkin_skip_building_tests' from command line to 'False'
[0.285s] DEBUG:colcon.colcon_core.verb:Building package 'ros2_livox_simulation' with the following arguments: {'ament_cmake_args': None, 'build_base': '/home/aurora/RM25/build/ros2_livox_simulation', 'catkin_cmake_args': None, 'catkin_skip_building_tests': False, 'cmake_args': None, 'cmake_clean_cache': False, 'cmake_clean_first': False, 'cmake_force_configure': False, 'cmake_target': None, 'cmake_target_skip_unavailable': False, 'install_base': '/home/aurora/RM25/install/ros2_livox_simulation', 'merge_install': False, 'path': '/home/aurora/RM25/src/rm_simulation/ros2_livox_simulation', 'symlink_install': False, 'test_result_base': None}
[0.285s] INFO:colcon.colcon_core.executor:Executing jobs using 'parallel' executor
[0.285s] DEBUG:colcon.colcon_parallel_executor.executor.parallel:run_until_complete
[0.286s] INFO:colcon.colcon_cmake.task.cmake.build:Building CMake package in '/home/aurora/RM25/src/rm_driver/Livox-SDK2'
[0.289s] INFO:colcon.colcon_core.plugin_system:Skipping extension 'colcon_core.shell.bat': Not used on non-Windows systems
[0.289s] INFO:colcon.colcon_core.shell:Skip shell extension 'powershell' for command environment: Not usable outside of PowerShell
[0.289s] DEBUG:colcon.colcon_core.shell:Skip shell extension 'dsv' for command environment
[0.293s] INFO:colcon.colcon_ros.task.ament_cmake.build:Building ROS package in '/home/aurora/RM25/src/rm_robot_description' with build type 'ament_cmake'
[0.293s] INFO:colcon.colcon_cmake.task.cmake.build:Building CMake package in '/home/aurora/RM25/src/rm_robot_description'
[0.294s] INFO:colcon.colcon_core.shell:Skip shell extension 'powershell' for command environment: Not usable outside of PowerShell
[0.294s] DEBUG:colcon.colcon_core.shell:Skip shell extension 'dsv' for command environment
[0.296s] INFO:colcon.colcon_ros.task.ament_cmake.build:Building ROS package in '/home/aurora/RM25/src/rm_simulation/rm_robot_description_sim' with build type 'ament_cmake'
[0.296s] INFO:colcon.colcon_cmake.task.cmake.build:Building CMake package in '/home/aurora/RM25/src/rm_simulation/rm_robot_description_sim'
[0.296s] INFO:colcon.colcon_core.shell:Skip shell extension 'powershell' for command environment: Not usable outside of PowerShell
[0.296s] DEBUG:colcon.colcon_core.shell:Skip shell extension 'dsv' for command environment
[0.299s] INFO:colcon.colcon_ros.task.ament_cmake.build:Building ROS package in '/home/aurora/RM25/src/rm_simulation/ros2_livox_simulation' with build type 'ament_cmake'
[0.299s] INFO:colcon.colcon_cmake.task.cmake.build:Building CMake package in '/home/aurora/RM25/src/rm_simulation/ros2_livox_simulation'
[0.299s] INFO:colcon.colcon_core.shell:Skip shell extension 'powershell' for command environment: Not usable outside of PowerShell
[0.299s] DEBUG:colcon.colcon_core.shell:Skip shell extension 'dsv' for command environment
[0.306s] DEBUG:colcon.colcon_core.event_handler.log_command:Invoking command in '/home/aurora/RM25/build/livox_sdk2': /usr/bin/cmake /home/aurora/RM25/src/rm_driver/Livox-SDK2 -DCMAKE_INSTALL_PREFIX=/home/aurora/RM25/install/livox_sdk2
[0.308s] DEBUG:colcon.colcon_core.event_handler.log_command:Invoking command in '/home/aurora/RM25/build/rm_robot_description': CMAKE_PREFIX_PATH=${CMAKE_PREFIX_PATH}:/home/aurora/ws_helloworld/install/pkg02_helloworld_py:/opt/ros/humble /usr/bin/cmake /home/aurora/RM25/src/rm_robot_description -DCMAKE_INSTALL_PREFIX=/home/aurora/RM25/install/rm_robot_description
[0.314s] DEBUG:colcon.colcon_core.event_handler.log_command:Invoking command in '/home/aurora/RM25/build/rm_robot_description_sim': CMAKE_PREFIX_PATH=${CMAKE_PREFIX_PATH}:/home/aurora/ws_helloworld/install/pkg02_helloworld_py:/opt/ros/humble /usr/bin/cmake /home/aurora/RM25/src/rm_simulation/rm_robot_description_sim -DCMAKE_INSTALL_PREFIX=/home/aurora/RM25/install/rm_robot_description_sim
[0.315s] DEBUG:colcon.colcon_core.event_handler.log_command:Invoking command in '/home/aurora/RM25/build/ros2_livox_simulation': CMAKE_PREFIX_PATH=${CMAKE_PREFIX_PATH}:/home/aurora/ws_helloworld/install/pkg02_helloworld_py:/opt/ros/humble /usr/bin/cmake /home/aurora/RM25/src/rm_simulation/ros2_livox_simulation -DCMAKE_INSTALL_PREFIX=/home/aurora/RM25/install/ros2_livox_simulation
[2.250s] DEBUG:colcon.colcon_core.event_handler.log_command:Invoked command in '/home/aurora/RM25/build/livox_sdk2' returned '0': /usr/bin/cmake /home/aurora/RM25/src/rm_driver/Livox-SDK2 -DCMAKE_INSTALL_PREFIX=/home/aurora/RM25/install/livox_sdk2
[2.251s] DEBUG:colcon.colcon_core.event_handler.log_command:Invoking command in '/home/aurora/RM25/build/livox_sdk2': /usr/bin/cmake --build /home/aurora/RM25/build/livox_sdk2 -- -j20 -l20
[5.522s] DEBUG:colcon.colcon_core.event_handler.log_command:Invoked command in '/home/aurora/RM25/build/rm_robot_description' returned '0': CMAKE_PREFIX_PATH=${CMAKE_PREFIX_PATH}:/home/aurora/ws_helloworld/install/pkg02_helloworld_py:/opt/ros/humble /usr/bin/cmake /home/aurora/RM25/src/rm_robot_description -DCMAKE_INSTALL_PREFIX=/home/aurora/RM25/install/rm_robot_description
[5.523s] DEBUG:colcon.colcon_core.event_handler.log_command:Invoking command in '/home/aurora/RM25/build/rm_robot_description': CMAKE_PREFIX_PATH=${CMAKE_PREFIX_PATH}:/home/aurora/ws_helloworld/install/pkg02_helloworld_py:/opt/ros/humble /usr/bin/cmake --build /home/aurora/RM25/build/rm_robot_description -- -j20 -l20
[5.564s] DEBUG:colcon.colcon_core.event_handler.log_command:Invoked command in '/home/aurora/RM25/build/rm_robot_description_sim' returned '0': CMAKE_PREFIX_PATH=${CMAKE_PREFIX_PATH}:/home/aurora/ws_helloworld/install/pkg02_helloworld_py:/opt/ros/humble /usr/bin/cmake /home/aurora/RM25/src/rm_simulation/rm_robot_description_sim -DCMAKE_INSTALL_PREFIX=/home/aurora/RM25/install/rm_robot_description_sim
[5.582s] DEBUG:colcon.colcon_core.event_handler.log_command:Invoking command in '/home/aurora/RM25/build/rm_robot_description_sim': CMAKE_PREFIX_PATH=${CMAKE_PREFIX_PATH}:/home/aurora/ws_helloworld/install/pkg02_helloworld_py:/opt/ros/humble /usr/bin/cmake --build /home/aurora/RM25/build/rm_robot_description_sim -- -j20 -l20
[5.612s] DEBUG:colcon.colcon_core.event_handler.log_command:Invoked command in '/home/aurora/RM25/build/rm_robot_description' returned '0': CMAKE_PREFIX_PATH=${CMAKE_PREFIX_PATH}:/home/aurora/ws_helloworld/install/pkg02_helloworld_py:/opt/ros/humble /usr/bin/cmake --build /home/aurora/RM25/build/rm_robot_description -- -j20 -l20
[5.728s] DEBUG:colcon.colcon_core.event_handler.log_command:Invoked command in '/home/aurora/RM25/build/rm_robot_description_sim' returned '0': CMAKE_PREFIX_PATH=${CMAKE_PREFIX_PATH}:/home/aurora/ws_helloworld/install/pkg02_helloworld_py:/opt/ros/humble /usr/bin/cmake --build /home/aurora/RM25/build/rm_robot_description_sim -- -j20 -l20
[5.852s] DEBUG:colcon.colcon_core.event_handler.log_command:Invoking command in '/home/aurora/RM25/build/rm_robot_description': CMAKE_PREFIX_PATH=${CMAKE_PREFIX_PATH}:/home/aurora/ws_helloworld/install/pkg02_helloworld_py:/opt/ros/humble /usr/bin/cmake --install /home/aurora/RM25/build/rm_robot_description
[5.922s] DEBUG:colcon.colcon_core.event_handler.log_command:Invoking command in '/home/aurora/RM25/build/rm_robot_description_sim': CMAKE_PREFIX_PATH=${CMAKE_PREFIX_PATH}:/home/aurora/ws_helloworld/install/pkg02_helloworld_py:/opt/ros/humble /usr/bin/cmake --install /home/aurora/RM25/build/rm_robot_description_sim
[6.054s] Level 1:colcon.colcon_core.environment:create_environment_scripts_only(rm_robot_description)
[6.058s] Level 1:colcon.colcon_core.environment:checking '/home/aurora/RM25/install/rm_robot_description' for CMake module files
[6.059s] Level 1:colcon.colcon_core.environment:checking '/home/aurora/RM25/install/rm_robot_description' for CMake config files
[6.059s] Level 1:colcon.colcon_core.shell:create_environment_hook('rm_robot_description', 'cmake_prefix_path')
[6.067s] DEBUG:colcon.colcon_core.event_handler.log_command:Invoked command in '/home/aurora/RM25/build/rm_robot_description' returned '0': CMAKE_PREFIX_PATH=${CMAKE_PREFIX_PATH}:/home/aurora/ws_helloworld/install/pkg02_helloworld_py:/opt/ros/humble /usr/bin/cmake --install /home/aurora/RM25/build/rm_robot_description
[6.082s] INFO:colcon.colcon_core.shell:Creating environment hook '/home/aurora/RM25/install/rm_robot_description/share/rm_robot_description/hook/cmake_prefix_path.ps1'
[6.083s] INFO:colcon.colcon_core.shell:Creating environment descriptor '/home/aurora/RM25/install/rm_robot_description/share/rm_robot_description/hook/cmake_prefix_path.dsv'
[6.083s] INFO:colcon.colcon_core.shell:Creating environment hook '/home/aurora/RM25/install/rm_robot_description/share/rm_robot_description/hook/cmake_prefix_path.sh'
[6.084s] Level 1:colcon.colcon_core.environment:checking '/home/aurora/RM25/install/rm_robot_description/bin'
[6.085s] Level 1:colcon.colcon_core.environment:checking '/home/aurora/RM25/install/rm_robot_description/lib/pkgconfig/rm_robot_description.pc'
[6.085s] Level 1:colcon.colcon_core.environment:checking '/home/aurora/RM25/install/rm_robot_description/lib/python3.10/site-packages'
[6.085s] Level 1:colcon.colcon_core.environment:checking '/home/aurora/RM25/install/rm_robot_description/bin'
[6.086s] INFO:colcon.colcon_core.shell:Creating package script '/home/aurora/RM25/install/rm_robot_description/share/rm_robot_description/package.ps1'
[6.086s] INFO:colcon.colcon_core.shell:Creating package descriptor '/home/aurora/RM25/install/rm_robot_description/share/rm_robot_description/package.dsv'
[6.087s] INFO:colcon.colcon_core.shell:Creating package script '/home/aurora/RM25/install/rm_robot_description/share/rm_robot_description/package.sh'
[6.088s] INFO:colcon.colcon_core.shell:Creating package script '/home/aurora/RM25/install/rm_robot_description/share/rm_robot_description/package.bash'
[6.089s] INFO:colcon.colcon_core.shell:Creating package script '/home/aurora/RM25/install/rm_robot_description/share/rm_robot_description/package.zsh'
[6.089s] Level 1:colcon.colcon_core.environment:create_file_with_runtime_dependencies(/home/aurora/RM25/install/rm_robot_description/share/colcon-core/packages/rm_robot_description)
[6.146s] Level 1:colcon.colcon_core.environment:create_environment_scripts_only(rm_robot_description_sim)
[6.147s] Level 1:colcon.colcon_core.environment:checking '/home/aurora/RM25/install/rm_robot_description_sim' for CMake module files
[6.148s] DEBUG:colcon.colcon_core.event_handler.log_command:Invoked command in '/home/aurora/RM25/build/rm_robot_description_sim' returned '0': CMAKE_PREFIX_PATH=${CMAKE_PREFIX_PATH}:/home/aurora/ws_helloworld/install/pkg02_helloworld_py:/opt/ros/humble /usr/bin/cmake --install /home/aurora/RM25/build/rm_robot_description_sim
[6.148s] Level 1:colcon.colcon_core.environment:checking '/home/aurora/RM25/install/rm_robot_description_sim' for CMake config files
[6.148s] Level 1:colcon.colcon_core.shell:create_environment_hook('rm_robot_description_sim', 'cmake_prefix_path')
[6.148s] INFO:colcon.colcon_core.shell:Creating environment hook '/home/aurora/RM25/install/rm_robot_description_sim/share/rm_robot_description_sim/hook/cmake_prefix_path.ps1'
[6.149s] INFO:colcon.colcon_core.shell:Creating environment descriptor '/home/aurora/RM25/install/rm_robot_description_sim/share/rm_robot_description_sim/hook/cmake_prefix_path.dsv'
[6.150s] INFO:colcon.colcon_core.shell:Creating environment hook '/home/aurora/RM25/install/rm_robot_description_sim/share/rm_robot_description_sim/hook/cmake_prefix_path.sh'
[6.150s] Level 1:colcon.colcon_core.environment:checking '/home/aurora/RM25/install/rm_robot_description_sim/bin'
[6.150s] Level 1:colcon.colcon_core.environment:checking '/home/aurora/RM25/install/rm_robot_description_sim/lib/pkgconfig/rm_robot_description_sim.pc'
[6.151s] Level 1:colcon.colcon_core.environment:checking '/home/aurora/RM25/install/rm_robot_description_sim/lib/python3.10/site-packages'
[6.151s] Level 1:colcon.colcon_core.environment:checking '/home/aurora/RM25/install/rm_robot_description_sim/bin'
[6.153s] INFO:colcon.colcon_core.shell:Creating package script '/home/aurora/RM25/install/rm_robot_description_sim/share/rm_robot_description_sim/package.ps1'
[6.153s] INFO:colcon.colcon_core.shell:Creating package descriptor '/home/aurora/RM25/install/rm_robot_description_sim/share/rm_robot_description_sim/package.dsv'
[6.154s] INFO:colcon.colcon_core.shell:Creating package script '/home/aurora/RM25/install/rm_robot_description_sim/share/rm_robot_description_sim/package.sh'
[6.154s] INFO:colcon.colcon_core.shell:Creating package script '/home/aurora/RM25/install/rm_robot_description_sim/share/rm_robot_description_sim/package.bash'
[6.155s] INFO:colcon.colcon_core.shell:Creating package script '/home/aurora/RM25/install/rm_robot_description_sim/share/rm_robot_description_sim/package.zsh'
[6.155s] Level 1:colcon.colcon_core.environment:create_file_with_runtime_dependencies(/home/aurora/RM25/install/rm_robot_description_sim/share/colcon-core/packages/rm_robot_description_sim)
[6.201s] Level 1:colcon.colcon_core.environment:create_environment_scripts_only(rm_robot_description)
[6.202s] Level 1:colcon.colcon_core.environment:checking '/home/aurora/RM25/install/rm_robot_description' for CMake module files
[6.202s] Level 1:colcon.colcon_core.environment:checking '/home/aurora/RM25/install/rm_robot_description' for CMake config files
[6.202s] Level 1:colcon.colcon_core.shell:create_environment_hook('rm_robot_description', 'cmake_prefix_path')
[6.203s] INFO:colcon.colcon_core.shell:Creating environment hook '/home/aurora/RM25/install/rm_robot_description/share/rm_robot_description/hook/cmake_prefix_path.ps1'
[6.203s] INFO:colcon.colcon_core.shell:Creating environment descriptor '/home/aurora/RM25/install/rm_robot_description/share/rm_robot_description/hook/cmake_prefix_path.dsv'
[6.204s] INFO:colcon.colcon_core.shell:Creating environment hook '/home/aurora/RM25/install/rm_robot_description/share/rm_robot_description/hook/cmake_prefix_path.sh'
[6.204s] Level 1:colcon.colcon_core.environment:checking '/home/aurora/RM25/install/rm_robot_description/bin'
[6.204s] Level 1:colcon.colcon_core.environment:checking '/home/aurora/RM25/install/rm_robot_description/lib/pkgconfig/rm_robot_description.pc'
[6.205s] Level 1:colcon.colcon_core.environment:checking '/home/aurora/RM25/install/rm_robot_description/lib/python3.10/site-packages'
[6.205s] Level 1:colcon.colcon_core.environment:checking '/home/aurora/RM25/install/rm_robot_description/bin'
[6.205s] INFO:colcon.colcon_core.shell:Creating package script '/home/aurora/RM25/install/rm_robot_description/share/rm_robot_description/package.ps1'
[6.206s] INFO:colcon.colcon_core.shell:Creating package descriptor '/home/aurora/RM25/install/rm_robot_description/share/rm_robot_description/package.dsv'
[6.206s] INFO:colcon.colcon_core.shell:Creating package script '/home/aurora/RM25/install/rm_robot_description/share/rm_robot_description/package.sh'
[6.207s] INFO:colcon.colcon_core.shell:Creating package script '/home/aurora/RM25/install/rm_robot_description/share/rm_robot_description/package.bash'
[6.207s] INFO:colcon.colcon_core.shell:Creating package script '/home/aurora/RM25/install/rm_robot_description/share/rm_robot_description/package.zsh'
[6.208s] Level 1:colcon.colcon_core.environment:create_file_with_runtime_dependencies(/home/aurora/RM25/install/rm_robot_description/share/colcon-core/packages/rm_robot_description)
[6.370s] Level 1:colcon.colcon_core.environment:create_environment_scripts_only(rm_robot_description_sim)
[6.371s] Level 1:colcon.colcon_core.environment:checking '/home/aurora/RM25/install/rm_robot_description_sim' for CMake module files
[6.371s] Level 1:colcon.colcon_core.environment:checking '/home/aurora/RM25/install/rm_robot_description_sim' for CMake config files
[6.372s] Level 1:colcon.colcon_core.shell:create_environment_hook('rm_robot_description_sim', 'cmake_prefix_path')
[6.372s] INFO:colcon.colcon_core.shell:Creating environment hook '/home/aurora/RM25/install/rm_robot_description_sim/share/rm_robot_description_sim/hook/cmake_prefix_path.ps1'
[6.373s] INFO:colcon.colcon_core.shell:Creating environment descriptor '/home/aurora/RM25/install/rm_robot_description_sim/share/rm_robot_description_sim/hook/cmake_prefix_path.dsv'
[6.373s] INFO:colcon.colcon_core.shell:Creating environment hook '/home/aurora/RM25/install/rm_robot_description_sim/share/rm_robot_description_sim/hook/cmake_prefix_path.sh'
[6.374s] Level 1:colcon.colcon_core.environment:checking '/home/aurora/RM25/install/rm_robot_description_sim/bin'
[6.374s] Level 1:colcon.colcon_core.environment:checking '/home/aurora/RM25/install/rm_robot_description_sim/lib/pkgconfig/rm_robot_description_sim.pc'
[6.374s] Level 1:colcon.colcon_core.environment:checking '/home/aurora/RM25/install/rm_robot_description_sim/lib/python3.10/site-packages'
[6.374s] Level 1:colcon.colcon_core.environment:checking '/home/aurora/RM25/install/rm_robot_description_sim/bin'
[6.375s] INFO:colcon.colcon_core.shell:Creating package script '/home/aurora/RM25/install/rm_robot_description_sim/share/rm_robot_description_sim/package.ps1'
[6.376s] INFO:colcon.colcon_core.shell:Creating package descriptor '/home/aurora/RM25/install/rm_robot_description_sim/share/rm_robot_description_sim/package.dsv'
[6.377s] INFO:colcon.colcon_core.shell:Creating package script '/home/aurora/RM25/install/rm_robot_description_sim/share/rm_robot_description_sim/package.sh'
[6.378s] INFO:colcon.colcon_core.shell:Creating package script '/home/aurora/RM25/install/rm_robot_description_sim/share/rm_robot_description_sim/package.bash'
[6.379s] INFO:colcon.colcon_core.shell:Creating package script '/home/aurora/RM25/install/rm_robot_description_sim/share/rm_robot_description_sim/package.zsh'
[6.379s] Level 1:colcon.colcon_core.environment:create_file_with_runtime_dependencies(/home/aurora/RM25/install/rm_robot_description_sim/share/colcon-core/packages/rm_robot_description_sim)
[11.233s] DEBUG:colcon.colcon_core.event_handler.log_command:Invoked command in '/home/aurora/RM25/build/livox_sdk2' returned '0': /usr/bin/cmake --build /home/aurora/RM25/build/livox_sdk2 -- -j20 -l20
[11.245s] DEBUG:colcon.colcon_core.event_handler.log_command:Invoking command in '/home/aurora/RM25/build/livox_sdk2': /usr/bin/cmake --install /home/aurora/RM25/build/livox_sdk2
[11.265s] Level 1:colcon.colcon_core.environment:create_environment_scripts_only(livox_sdk2)
[11.266s] Level 1:colcon.colcon_core.environment:checking '/home/aurora/RM25/install/livox_sdk2' for CMake module files
[11.266s] DEBUG:colcon.colcon_core.event_handler.log_command:Invoked command in '/home/aurora/RM25/build/livox_sdk2' returned '0': /usr/bin/cmake --install /home/aurora/RM25/build/livox_sdk2
[11.266s] Level 1:colcon.colcon_core.environment:checking '/home/aurora/RM25/install/livox_sdk2' for CMake config files
[11.267s] Level 1:colcon.colcon_core.environment:checking '/home/aurora/RM25/install/livox_sdk2/lib'
[11.267s] Level 1:colcon.colcon_core.shell:create_environment_hook('livox_sdk2', 'ld_library_path_lib')
[11.267s] INFO:colcon.colcon_core.shell:Creating environment hook '/home/aurora/RM25/install/livox_sdk2/share/livox_sdk2/hook/ld_library_path_lib.ps1'
[11.268s] INFO:colcon.colcon_core.shell:Creating environment descriptor '/home/aurora/RM25/install/livox_sdk2/share/livox_sdk2/hook/ld_library_path_lib.dsv'
[11.268s] INFO:colcon.colcon_core.shell:Creating environment hook '/home/aurora/RM25/install/livox_sdk2/share/livox_sdk2/hook/ld_library_path_lib.sh'
[11.268s] Level 1:colcon.colcon_core.environment:checking '/home/aurora/RM25/install/livox_sdk2/bin'
[11.268s] Level 1:colcon.colcon_core.environment:checking '/home/aurora/RM25/install/livox_sdk2/lib/pkgconfig/livox_sdk2.pc'
[11.268s] Level 1:colcon.colcon_core.environment:checking '/home/aurora/RM25/install/livox_sdk2/lib/python3.10/site-packages'
[11.268s] Level 1:colcon.colcon_core.environment:checking '/home/aurora/RM25/install/livox_sdk2/bin'
[11.268s] INFO:colcon.colcon_core.shell:Creating package script '/home/aurora/RM25/install/livox_sdk2/share/livox_sdk2/package.ps1'
[11.269s] INFO:colcon.colcon_core.shell:Creating package descriptor '/home/aurora/RM25/install/livox_sdk2/share/livox_sdk2/package.dsv'
[11.269s] INFO:colcon.colcon_core.shell:Creating package script '/home/aurora/RM25/install/livox_sdk2/share/livox_sdk2/package.sh'
[11.269s] INFO:colcon.colcon_core.shell:Creating package script '/home/aurora/RM25/install/livox_sdk2/share/livox_sdk2/package.bash'
[11.269s] INFO:colcon.colcon_core.shell:Creating package script '/home/aurora/RM25/install/livox_sdk2/share/livox_sdk2/package.zsh'
[11.269s] Level 1:colcon.colcon_core.environment:create_file_with_runtime_dependencies(/home/aurora/RM25/install/livox_sdk2/share/colcon-core/packages/livox_sdk2)
[61.609s] DEBUG:colcon.colcon_core.event_handler.log_command:Invoked command in '/home/aurora/RM25/build/ros2_livox_simulation' returned '1': CMAKE_PREFIX_PATH=${CMAKE_PREFIX_PATH}:/home/aurora/ws_helloworld/install/pkg02_helloworld_py:/opt/ros/humble /usr/bin/cmake /home/aurora/RM25/src/rm_simulation/ros2_livox_simulation -DCMAKE_INSTALL_PREFIX=/home/aurora/RM25/install/ros2_livox_simulation
[61.616s] Level 1:colcon.colcon_core.environment:create_environment_scripts_only(ros2_livox_simulation)
[61.616s] Level 1:colcon.colcon_core.environment:checking '/home/aurora/RM25/install/ros2_livox_simulation' for CMake module files
[61.616s] Level 1:colcon.colcon_core.environment:checking '/home/aurora/RM25/install/ros2_livox_simulation' for CMake config files
[61.616s] Level 1:colcon.colcon_core.environment:checking '/home/aurora/RM25/install/ros2_livox_simulation/bin'
[61.616s] Level 1:colcon.colcon_core.environment:checking '/home/aurora/RM25/install/ros2_livox_simulation/lib/pkgconfig/ros2_livox_simulation.pc'
[61.616s] Level 1:colcon.colcon_core.environment:checking '/home/aurora/RM25/install/ros2_livox_simulation/lib/python3.10/site-packages'
[61.616s] Level 1:colcon.colcon_core.environment:checking '/home/aurora/RM25/install/ros2_livox_simulation/bin'
[61.617s] INFO:colcon.colcon_core.shell:Creating package script '/home/aurora/RM25/install/ros2_livox_simulation/share/ros2_livox_simulation/package.ps1'
[61.617s] INFO:colcon.colcon_core.shell:Creating package descriptor '/home/aurora/RM25/install/ros2_livox_simulation/share/ros2_livox_simulation/package.dsv'
[61.617s] INFO:colcon.colcon_core.shell:Creating package script '/home/aurora/RM25/install/ros2_livox_simulation/share/ros2_livox_simulation/package.sh'
[61.617s] INFO:colcon.colcon_core.shell:Creating package script '/home/aurora/RM25/install/ros2_livox_simulation/share/ros2_livox_simulation/package.bash'
[61.617s] INFO:colcon.colcon_core.shell:Creating package script '/home/aurora/RM25/install/ros2_livox_simulation/share/ros2_livox_simulation/package.zsh'
[61.618s] Level 1:colcon.colcon_core.environment:create_file_with_runtime_dependencies(/home/aurora/RM25/install/ros2_livox_simulation/share/colcon-core/packages/ros2_livox_simulation)
[61.628s] DEBUG:colcon.colcon_parallel_executor.executor.parallel:closing loop
[61.628s] DEBUG:colcon.colcon_parallel_executor.executor.parallel:loop closed
[61.628s] DEBUG:colcon.colcon_parallel_executor.executor.parallel:run_until_complete finished with '1'
[61.628s] DEBUG:colcon.colcon_core.event_reactor:joining thread
[61.684s] INFO:colcon.colcon_core.plugin_system:Skipping extension 'colcon_notification.desktop_notification.notify_send': Could not find 'notify-send'
[61.684s] INFO:colcon.colcon_core.plugin_system:Skipping extension 'colcon_notification.desktop_notification.terminal_notifier': Not used on non-Darwin systems
[61.684s] INFO:colcon.colcon_core.plugin_system:Skipping extension 'colcon_notification.desktop_notification.win32': Not used on non-Windows systems
[61.684s] INFO:colcon.colcon_notification.desktop_notification:Sending desktop notification using 'notify2'
[61.685s] DEBUG:colcon.colcon_notification.desktop_notification.notify2:Failed to initialize notify2: org.freedesktop.DBus.Error.ServiceUnknown: The name org.freedesktop.Notifications was not provided by any .service files
[61.685s] DEBUG:colcon.colcon_core.event_reactor:joined thread
[61.685s] INFO:colcon.colcon_core.shell:Creating prefix script '/home/aurora/RM25/install/local_setup.ps1'
[61.685s] INFO:colcon.colcon_core.shell:Creating prefix util module '/home/aurora/RM25/install/_local_setup_util_ps1.py'
[61.686s] INFO:colcon.colcon_core.shell:Creating prefix chain script '/home/aurora/RM25/install/setup.ps1'
[61.687s] INFO:colcon.colcon_core.shell:Creating prefix script '/home/aurora/RM25/install/local_setup.sh'
[61.687s] INFO:colcon.colcon_core.shell:Creating prefix util module '/home/aurora/RM25/install/_local_setup_util_sh.py'
[61.687s] INFO:colcon.colcon_core.shell:Creating prefix chain script '/home/aurora/RM25/install/setup.sh'
[61.688s] INFO:colcon.colcon_core.shell:Creating prefix script '/home/aurora/RM25/install/local_setup.bash'
[61.688s] INFO:colcon.colcon_core.shell:Creating prefix chain script '/home/aurora/RM25/install/setup.bash'
[61.689s] INFO:colcon.colcon_core.shell:Creating prefix script '/home/aurora/RM25/install/local_setup.zsh'
[61.689s] INFO:colcon.colcon_core.shell:Creating prefix chain script '/home/aurora/RM25/install/setup.zsh'
