[1.221s] Invoking command in '/home/aurora/RM25/build/nav2_mppi_controller': CMAKE_PREFIX_PATH=/home/aurora/RM25/install/nav2_core:/home/aurora/RM25/install/nav2_costmap_2d:/home/aurora/RM25/install/nav2_map_server:/home/aurora/RM25/install/nav2_lifecycle_manager:/home/aurora/RM25/install/nav2_util:/home/aurora/RM25/install/nav2_voxel_grid:/home/aurora/RM25/install/nav2_msgs:/home/aurora/RM25/install/nav2_common:/home/aurora/RM25/install/nav2_constrained_smoother:/home/aurora/RM25/install/rm_robot_description:/home/aurora/RM25/install/opennav_docking_core:/home/aurora/RM25/install/nav_2d_utils:/home/aurora/RM25/install/dwb_msgs:/home/aurora/RM25/install/nav_2d_msgs:/home/aurora/RM25/install/costmap_queue:/home/aurora/RM25/install/nav2_velocity_smoother:/home/aurora/RM25/install/nav2_rviz_plugins:/home/aurora/RM25/install/nav2_behavior_tree:/home/aurora/RM25/install/nav2_amcl:/home/aurora/ws_helloworld/install/pkg01_helloworld_cpp:/home/aurora/ws_helloworld/install/learning_tf2_cpp:/home/aurora/RM25/install/nav2_simple_commander:/home/aurora/RM25/install/nav2_loopback_sim:/home/aurora/ws_helloworld/install/pkg02_helloworld_py:/opt/ros/humble LD_LIBRARY_PATH=/home/aurora/RM25/install/nav2_costmap_2d/lib:/home/aurora/RM25/install/nav2_map_server/lib:/home/aurora/RM25/install/nav2_lifecycle_manager/lib:/home/aurora/RM25/install/nav2_util/lib:/home/aurora/RM25/install/nav2_voxel_grid/lib:/home/aurora/RM25/install/nav2_msgs/lib:/home/aurora/RM25/install/nav2_constrained_smoother/lib:/home/aurora/RM25/install/nav_2d_utils/lib:/home/aurora/RM25/install/dwb_msgs/lib:/home/aurora/RM25/install/nav_2d_msgs/lib:/home/aurora/RM25/install/costmap_queue/lib:/home/aurora/RM25/install/nav2_velocity_smoother/lib:/home/aurora/RM25/install/nav2_rviz_plugins/lib:/home/aurora/RM25/install/nav2_behavior_tree/lib:/home/aurora/RM25/install/nav2_amcl/lib:/usr/lib/x86_64-linux-gnu/gazebo-11/plugins:/opt/ros/humble/opt/rviz_ogre_vendor/lib:/opt/ros/humble/lib/x86_64-linux-gnu:/opt/ros/humble/lib /usr/bin/cmake --build /home/aurora/RM25/build/nav2_mppi_controller -- -j20 -l20
[1.257s] [  4%] Built target gtest
[1.264s] [  8%] Built target gtest_main
[1.266s] [ 24%] Built target mppi_controller
[1.272s] [ 51%] Built target mppi_critics
[1.291s] [ 55%] Built target models_test
[1.292s] [ 59%] Built target path_handler_test
[1.292s] [ 63%] Built target optimizer_smoke_test
[1.293s] [ 67%] Built target parameter_handler_test
[1.293s] [ 71%] Built target motion_model_tests
[1.293s] [ 75%] Built target noise_generator_test
[1.295s] [ 83%] Built target trajectory_visualizer_tests
[1.295s] [ 83%] Built target utils_test
[1.300s] [ 87%] Built target controller_state_transition_test
[1.300s] [ 91%] Built target critic_manager_test
[1.302s] [ 95%] Built target critics_tests
[1.302s] [100%] Built target optimizer_unit_tests
[1.310s] Invoked command in '/home/aurora/RM25/build/nav2_mppi_controller' returned '0': CMAKE_PREFIX_PATH=/home/aurora/RM25/install/nav2_core:/home/aurora/RM25/install/nav2_costmap_2d:/home/aurora/RM25/install/nav2_map_server:/home/aurora/RM25/install/nav2_lifecycle_manager:/home/aurora/RM25/install/nav2_util:/home/aurora/RM25/install/nav2_voxel_grid:/home/aurora/RM25/install/nav2_msgs:/home/aurora/RM25/install/nav2_common:/home/aurora/RM25/install/nav2_constrained_smoother:/home/aurora/RM25/install/rm_robot_description:/home/aurora/RM25/install/opennav_docking_core:/home/aurora/RM25/install/nav_2d_utils:/home/aurora/RM25/install/dwb_msgs:/home/aurora/RM25/install/nav_2d_msgs:/home/aurora/RM25/install/costmap_queue:/home/aurora/RM25/install/nav2_velocity_smoother:/home/aurora/RM25/install/nav2_rviz_plugins:/home/aurora/RM25/install/nav2_behavior_tree:/home/aurora/RM25/install/nav2_amcl:/home/aurora/ws_helloworld/install/pkg01_helloworld_cpp:/home/aurora/ws_helloworld/install/learning_tf2_cpp:/home/aurora/RM25/install/nav2_simple_commander:/home/aurora/RM25/install/nav2_loopback_sim:/home/aurora/ws_helloworld/install/pkg02_helloworld_py:/opt/ros/humble LD_LIBRARY_PATH=/home/aurora/RM25/install/nav2_costmap_2d/lib:/home/aurora/RM25/install/nav2_map_server/lib:/home/aurora/RM25/install/nav2_lifecycle_manager/lib:/home/aurora/RM25/install/nav2_util/lib:/home/aurora/RM25/install/nav2_voxel_grid/lib:/home/aurora/RM25/install/nav2_msgs/lib:/home/aurora/RM25/install/nav2_constrained_smoother/lib:/home/aurora/RM25/install/nav_2d_utils/lib:/home/aurora/RM25/install/dwb_msgs/lib:/home/aurora/RM25/install/nav_2d_msgs/lib:/home/aurora/RM25/install/costmap_queue/lib:/home/aurora/RM25/install/nav2_velocity_smoother/lib:/home/aurora/RM25/install/nav2_rviz_plugins/lib:/home/aurora/RM25/install/nav2_behavior_tree/lib:/home/aurora/RM25/install/nav2_amcl/lib:/usr/lib/x86_64-linux-gnu/gazebo-11/plugins:/opt/ros/humble/opt/rviz_ogre_vendor/lib:/opt/ros/humble/lib/x86_64-linux-gnu:/opt/ros/humble/lib /usr/bin/cmake --build /home/aurora/RM25/build/nav2_mppi_controller -- -j20 -l20
[1.407s] Invoking command in '/home/aurora/RM25/build/nav2_mppi_controller': CMAKE_PREFIX_PATH=/home/aurora/RM25/install/nav2_core:/home/aurora/RM25/install/nav2_costmap_2d:/home/aurora/RM25/install/nav2_map_server:/home/aurora/RM25/install/nav2_lifecycle_manager:/home/aurora/RM25/install/nav2_util:/home/aurora/RM25/install/nav2_voxel_grid:/home/aurora/RM25/install/nav2_msgs:/home/aurora/RM25/install/nav2_common:/home/aurora/RM25/install/nav2_constrained_smoother:/home/aurora/RM25/install/rm_robot_description:/home/aurora/RM25/install/opennav_docking_core:/home/aurora/RM25/install/nav_2d_utils:/home/aurora/RM25/install/dwb_msgs:/home/aurora/RM25/install/nav_2d_msgs:/home/aurora/RM25/install/costmap_queue:/home/aurora/RM25/install/nav2_velocity_smoother:/home/aurora/RM25/install/nav2_rviz_plugins:/home/aurora/RM25/install/nav2_behavior_tree:/home/aurora/RM25/install/nav2_amcl:/home/aurora/ws_helloworld/install/pkg01_helloworld_cpp:/home/aurora/ws_helloworld/install/learning_tf2_cpp:/home/aurora/RM25/install/nav2_simple_commander:/home/aurora/RM25/install/nav2_loopback_sim:/home/aurora/ws_helloworld/install/pkg02_helloworld_py:/opt/ros/humble LD_LIBRARY_PATH=/home/aurora/RM25/install/nav2_costmap_2d/lib:/home/aurora/RM25/install/nav2_map_server/lib:/home/aurora/RM25/install/nav2_lifecycle_manager/lib:/home/aurora/RM25/install/nav2_util/lib:/home/aurora/RM25/install/nav2_voxel_grid/lib:/home/aurora/RM25/install/nav2_msgs/lib:/home/aurora/RM25/install/nav2_constrained_smoother/lib:/home/aurora/RM25/install/nav_2d_utils/lib:/home/aurora/RM25/install/dwb_msgs/lib:/home/aurora/RM25/install/nav_2d_msgs/lib:/home/aurora/RM25/install/costmap_queue/lib:/home/aurora/RM25/install/nav2_velocity_smoother/lib:/home/aurora/RM25/install/nav2_rviz_plugins/lib:/home/aurora/RM25/install/nav2_behavior_tree/lib:/home/aurora/RM25/install/nav2_amcl/lib:/usr/lib/x86_64-linux-gnu/gazebo-11/plugins:/opt/ros/humble/opt/rviz_ogre_vendor/lib:/opt/ros/humble/lib/x86_64-linux-gnu:/opt/ros/humble/lib /usr/bin/cmake --install /home/aurora/RM25/build/nav2_mppi_controller
[1.412s] -- Install configuration: "Release"
[1.412s] -- Execute custom install script
[1.412s] -- Up-to-date symlink: /home/aurora/RM25/install/nav2_mppi_controller/lib/libmppi_controller.so
[1.412s] -- Up-to-date symlink: /home/aurora/RM25/install/nav2_mppi_controller/lib/libmppi_critics.so
[1.412s] -- Up-to-date symlink: /home/aurora/RM25/install/nav2_mppi_controller/include//nav2_mppi_controller/controller.hpp
[1.412s] -- Up-to-date symlink: /home/aurora/RM25/install/nav2_mppi_controller/include//nav2_mppi_controller/critic_data.hpp
[1.412s] -- Up-to-date symlink: /home/aurora/RM25/install/nav2_mppi_controller/include//nav2_mppi_controller/critic_function.hpp
[1.412s] -- Up-to-date symlink: /home/aurora/RM25/install/nav2_mppi_controller/include//nav2_mppi_controller/critic_manager.hpp
[1.412s] -- Up-to-date symlink: /home/aurora/RM25/install/nav2_mppi_controller/include//nav2_mppi_controller/critics/constraint_critic.hpp
[1.412s] -- Up-to-date symlink: /home/aurora/RM25/install/nav2_mppi_controller/include//nav2_mppi_controller/critics/cost_critic.hpp
[1.413s] -- Up-to-date symlink: /home/aurora/RM25/install/nav2_mppi_controller/include//nav2_mppi_controller/critics/goal_angle_critic.hpp
[1.413s] -- Up-to-date symlink: /home/aurora/RM25/install/nav2_mppi_controller/include//nav2_mppi_controller/critics/goal_critic.hpp
[1.414s] -- Up-to-date symlink: /home/aurora/RM25/install/nav2_mppi_controller/include//nav2_mppi_controller/critics/obstacles_critic.hpp
[1.414s] -- Up-to-date symlink: /home/aurora/RM25/install/nav2_mppi_controller/include//nav2_mppi_controller/critics/path_align_critic.hpp
[1.414s] -- Up-to-date symlink: /home/aurora/RM25/install/nav2_mppi_controller/include//nav2_mppi_controller/critics/path_align_legacy_critic.hpp
[1.417s] -- Up-to-date symlink: /home/aurora/RM25/install/nav2_mppi_controller/include//nav2_mppi_controller/critics/path_angle_critic.hpp
[1.417s] -- Up-to-date symlink: /home/aurora/RM25/install/nav2_mppi_controller/include//nav2_mppi_controller/critics/path_follow_critic.hpp
[1.418s] -- Up-to-date symlink: /home/aurora/RM25/install/nav2_mppi_controller/include//nav2_mppi_controller/critics/prefer_forward_critic.hpp
[1.418s] -- Up-to-date symlink: /home/aurora/RM25/install/nav2_mppi_controller/include//nav2_mppi_controller/critics/twirling_critic.hpp
[1.418s] -- Up-to-date symlink: /home/aurora/RM25/install/nav2_mppi_controller/include//nav2_mppi_controller/critics/velocity_deadband_critic.hpp
[1.418s] -- Up-to-date symlink: /home/aurora/RM25/install/nav2_mppi_controller/include//nav2_mppi_controller/models/constraints.hpp
[1.420s] -- Up-to-date symlink: /home/aurora/RM25/install/nav2_mppi_controller/include//nav2_mppi_controller/models/control_sequence.hpp
[1.420s] -- Up-to-date symlink: /home/aurora/RM25/install/nav2_mppi_controller/include//nav2_mppi_controller/models/optimizer_settings.hpp
[1.420s] -- Up-to-date symlink: /home/aurora/RM25/install/nav2_mppi_controller/include//nav2_mppi_controller/models/path.hpp
[1.420s] -- Up-to-date symlink: /home/aurora/RM25/install/nav2_mppi_controller/include//nav2_mppi_controller/models/state.hpp
[1.420s] -- Up-to-date symlink: /home/aurora/RM25/install/nav2_mppi_controller/include//nav2_mppi_controller/models/trajectories.hpp
[1.420s] -- Up-to-date symlink: /home/aurora/RM25/install/nav2_mppi_controller/include//nav2_mppi_controller/motion_models.hpp
[1.421s] -- Up-to-date symlink: /home/aurora/RM25/install/nav2_mppi_controller/include//nav2_mppi_controller/optimizer.hpp
[1.421s] -- Up-to-date symlink: /home/aurora/RM25/install/nav2_mppi_controller/include//nav2_mppi_controller/tools/noise_generator.hpp
[1.421s] -- Up-to-date symlink: /home/aurora/RM25/install/nav2_mppi_controller/include//nav2_mppi_controller/tools/parameters_handler.hpp
[1.421s] -- Up-to-date symlink: /home/aurora/RM25/install/nav2_mppi_controller/include//nav2_mppi_controller/tools/path_handler.hpp
[1.421s] -- Up-to-date symlink: /home/aurora/RM25/install/nav2_mppi_controller/include//nav2_mppi_controller/tools/trajectory_visualizer.hpp
[1.421s] -- Up-to-date symlink: /home/aurora/RM25/install/nav2_mppi_controller/include//nav2_mppi_controller/tools/utils.hpp
[1.421s] -- Up-to-date symlink: /home/aurora/RM25/install/nav2_mppi_controller/share/nav2_mppi_controller/environment/library_path.sh
[1.426s] -- Up-to-date symlink: /home/aurora/RM25/install/nav2_mppi_controller/share/nav2_mppi_controller/environment/library_path.dsv
[1.426s] -- Up-to-date symlink: /home/aurora/RM25/install/nav2_mppi_controller/share/nav2_mppi_controller//mppic.xml
[1.426s] -- Up-to-date symlink: /home/aurora/RM25/install/nav2_mppi_controller/share/nav2_mppi_controller//critics.xml
[1.432s] -- Up-to-date symlink: /home/aurora/RM25/install/nav2_mppi_controller/share/ament_index/resource_index/package_run_dependencies/nav2_mppi_controller
[1.432s] -- Up-to-date symlink: /home/aurora/RM25/install/nav2_mppi_controller/share/ament_index/resource_index/parent_prefix_path/nav2_mppi_controller
[1.432s] -- Up-to-date symlink: /home/aurora/RM25/install/nav2_mppi_controller/share/nav2_mppi_controller/environment/ament_prefix_path.sh
[1.433s] -- Up-to-date symlink: /home/aurora/RM25/install/nav2_mppi_controller/share/nav2_mppi_controller/environment/ament_prefix_path.dsv
[1.434s] -- Up-to-date symlink: /home/aurora/RM25/install/nav2_mppi_controller/share/nav2_mppi_controller/environment/path.sh
[1.434s] -- Up-to-date symlink: /home/aurora/RM25/install/nav2_mppi_controller/share/nav2_mppi_controller/environment/path.dsv
[1.435s] -- Up-to-date symlink: /home/aurora/RM25/install/nav2_mppi_controller/share/nav2_mppi_controller/local_setup.bash
[1.435s] -- Up-to-date symlink: /home/aurora/RM25/install/nav2_mppi_controller/share/nav2_mppi_controller/local_setup.sh
[1.435s] -- Up-to-date symlink: /home/aurora/RM25/install/nav2_mppi_controller/share/nav2_mppi_controller/local_setup.zsh
[1.435s] -- Up-to-date symlink: /home/aurora/RM25/install/nav2_mppi_controller/share/nav2_mppi_controller/local_setup.dsv
[1.435s] -- Symlinking: /home/aurora/RM25/install/nav2_mppi_controller/share/nav2_mppi_controller/package.dsv
[1.437s] -- Up-to-date symlink: /home/aurora/RM25/install/nav2_mppi_controller/share/ament_index/resource_index/packages/nav2_mppi_controller
[1.437s] -- Up-to-date symlink: /home/aurora/RM25/install/nav2_mppi_controller/share/ament_index/resource_index/nav2_core__pluginlib__plugin/nav2_mppi_controller
[1.437s] -- Up-to-date symlink: /home/aurora/RM25/install/nav2_mppi_controller/share/ament_index/resource_index/nav2_mppi_controller__pluginlib__plugin/nav2_mppi_controller
[1.438s] -- Up-to-date symlink: /home/aurora/RM25/install/nav2_mppi_controller/share/nav2_mppi_controller/cmake/ament_cmake_export_libraries-extras.cmake
[1.438s] -- Up-to-date symlink: /home/aurora/RM25/install/nav2_mppi_controller/share/nav2_mppi_controller/cmake/ament_cmake_export_dependencies-extras.cmake
[1.438s] -- Up-to-date symlink: /home/aurora/RM25/install/nav2_mppi_controller/share/nav2_mppi_controller/cmake/ament_cmake_export_include_directories-extras.cmake
[1.438s] -- Up-to-date symlink: /home/aurora/RM25/install/nav2_mppi_controller/share/nav2_mppi_controller/cmake/nav2_mppi_controllerConfig.cmake
[1.439s] -- Up-to-date symlink: /home/aurora/RM25/install/nav2_mppi_controller/share/nav2_mppi_controller/cmake/nav2_mppi_controllerConfig-version.cmake
[1.439s] -- Up-to-date symlink: /home/aurora/RM25/install/nav2_mppi_controller/share/nav2_mppi_controller/package.xml
[1.463s] Invoked command in '/home/aurora/RM25/build/nav2_mppi_controller' returned '0': CMAKE_PREFIX_PATH=/home/aurora/RM25/install/nav2_core:/home/aurora/RM25/install/nav2_costmap_2d:/home/aurora/RM25/install/nav2_map_server:/home/aurora/RM25/install/nav2_lifecycle_manager:/home/aurora/RM25/install/nav2_util:/home/aurora/RM25/install/nav2_voxel_grid:/home/aurora/RM25/install/nav2_msgs:/home/aurora/RM25/install/nav2_common:/home/aurora/RM25/install/nav2_constrained_smoother:/home/aurora/RM25/install/rm_robot_description:/home/aurora/RM25/install/opennav_docking_core:/home/aurora/RM25/install/nav_2d_utils:/home/aurora/RM25/install/dwb_msgs:/home/aurora/RM25/install/nav_2d_msgs:/home/aurora/RM25/install/costmap_queue:/home/aurora/RM25/install/nav2_velocity_smoother:/home/aurora/RM25/install/nav2_rviz_plugins:/home/aurora/RM25/install/nav2_behavior_tree:/home/aurora/RM25/install/nav2_amcl:/home/aurora/ws_helloworld/install/pkg01_helloworld_cpp:/home/aurora/ws_helloworld/install/learning_tf2_cpp:/home/aurora/RM25/install/nav2_simple_commander:/home/aurora/RM25/install/nav2_loopback_sim:/home/aurora/ws_helloworld/install/pkg02_helloworld_py:/opt/ros/humble LD_LIBRARY_PATH=/home/aurora/RM25/install/nav2_costmap_2d/lib:/home/aurora/RM25/install/nav2_map_server/lib:/home/aurora/RM25/install/nav2_lifecycle_manager/lib:/home/aurora/RM25/install/nav2_util/lib:/home/aurora/RM25/install/nav2_voxel_grid/lib:/home/aurora/RM25/install/nav2_msgs/lib:/home/aurora/RM25/install/nav2_constrained_smoother/lib:/home/aurora/RM25/install/nav_2d_utils/lib:/home/aurora/RM25/install/dwb_msgs/lib:/home/aurora/RM25/install/nav_2d_msgs/lib:/home/aurora/RM25/install/costmap_queue/lib:/home/aurora/RM25/install/nav2_velocity_smoother/lib:/home/aurora/RM25/install/nav2_rviz_plugins/lib:/home/aurora/RM25/install/nav2_behavior_tree/lib:/home/aurora/RM25/install/nav2_amcl/lib:/usr/lib/x86_64-linux-gnu/gazebo-11/plugins:/opt/ros/humble/opt/rviz_ogre_vendor/lib:/opt/ros/humble/lib/x86_64-linux-gnu:/opt/ros/humble/lib /usr/bin/cmake --install /home/aurora/RM25/build/nav2_mppi_controller
