[0.007s] Invoking command in '/home/aurora/RM25/build/livox_ros_driver2': CMAKE_PREFIX_PATH=${CMAKE_PREFIX_PATH}:/home/aurora/ws_helloworld/install/pkg02_helloworld_py:/opt/ros/humble /usr/bin/cmake /home/aurora/RM25/src/rm_driver/livox_ros_driver2 -DAMENT_CMAKE_SYMLINK_INSTALL=1 -DCMAKE_INSTALL_PREFIX=/home/aurora/RM25/install/livox_ros_driver2
[0.122s] -- The C compiler identification is GNU 11.4.0
[0.665s] -- The CXX compiler identification is GNU 11.4.0
[1.206s] -- Detecting C compiler ABI info
[1.325s] -- Detecting C compiler ABI info - done
[1.328s] -- Check for working C compiler: /usr/bin/cc - skipped
[1.328s] -- Detecting C compile features
[1.328s] -- Detecting C compile features - done
[1.330s] -- Detecting CXX compiler ABI info
[1.466s] -- Detecting CXX compiler ABI info - done
[1.470s] -- Check for working CXX compiler: /usr/bin/c++ - skipped
[1.470s] -- Detecting CXX compile features
[1.470s] -- Detecting CXX compile features - done
[1.470s] -- livox_ros_driver2 version: 1.2.4
[1.471s] -- Found ament_cmake_auto: 1.3.10 (/opt/ros/humble/share/ament_cmake_auto/cmake)
[1.569s] -- Found Python3: /usr/bin/python3 (found version "3.10.12") found components: Interpreter 
[1.601s] -- Override CMake install command with custom implementation using symlinks instead of copying resources
[1.664s] -- Using all available rosidl_typesupport_c: rosidl_typesupport_fastrtps_c;rosidl_typesupport_introspection_c
[1.668s] -- Found rosidl_adapter: 3.1.5 (/opt/ros/humble/share/rosidl_adapter/cmake)
[1.839s] -- Using all available rosidl_typesupport_cpp: rosidl_typesupport_fastrtps_cpp;rosidl_typesupport_introspection_cpp
[1.892s] -- Found rmw_implementation_cmake: 6.1.2 (/opt/ros/humble/share/rmw_implementation_cmake/cmake)
[1.894s] -- Found rmw_fastrtps_cpp: 6.2.7 (/opt/ros/humble/share/rmw_fastrtps_cpp/cmake)
[3.408s] -- Found OpenSSL: /usr/lib/x86_64-linux-gnu/libcrypto.so (found version "3.0.2")  
[5.031s] -- Found FastRTPS: /opt/ros/humble/include  
[8.150s] -- Using RMW implementation 'rmw_fastrtps_cpp' as default
[8.156s] -- Looking for pthread.h
[8.282s] -- Looking for pthread.h - found
[8.282s] -- Performing Test CMAKE_HAVE_LIBC_PTHREAD
[8.409s] -- Performing Test CMAKE_HAVE_LIBC_PTHREAD - Success
[8.409s] -- Found Threads: TRUE  
[8.492s] -- Checking for module 'eigen3'
[8.500s] --   Found eigen3, version 3.4.0
[8.513s] -- Found Eigen: /usr/include/eigen3 (Required is at least version "3.1") 
[8.513s] -- Eigen found (include: /usr/include/eigen3, version: 3.4.0)
[10.188s] -- Checking for module 'flann'
[10.194s] --   Found flann, version 1.9.1
[10.670s] -- Found FLANN: /usr/lib/x86_64-linux-gnu/libflann_cpp.so  
[10.670s] -- FLANN found (include: /usr/include, lib: /usr/lib/x86_64-linux-gnu/libflann_cpp.so)
[15.244s] -- Checking for module 'libusb-1.0'
[15.251s] --   Found libusb-1.0, version 1.0.25
[15.352s] -- Found libusb: /usr/lib/x86_64-linux-gnu/libusb-1.0.so  
[15.353s] -- OpenNI found (version: 1.5.4.0, include: /usr/include/ni, lib: /usr/lib/libOpenNI.so;libusb::libusb)
[15.734s] -- OpenNI2 found (version: 2.2.0.33, include: /usr/include/openni2, lib: /usr/lib/x86_64-linux-gnu/libOpenNI2.so;libusb::libusb)
[17.323s] -- Eigen found (include: /usr/include/eigen3, version: 3.4.0)
[17.326s] -- OpenNI found (version: 1.5.4.0, include: /usr/include/ni, lib: /usr/lib/libOpenNI.so;libusb::libusb)
[17.330s] -- OpenNI2 found (version: 2.2.0.33, include: /usr/include/openni2, lib: /usr/lib/x86_64-linux-gnu/libOpenNI2.so;libusb::libusb)
[19.167s] -- Found Qhull version 8.0.2
[21.020s] -- OpenNI found (version: 1.5.4.0, include: /usr/include/ni, lib: /usr/lib/libOpenNI.so;libusb::libusb)
[22.553s] -- Found PCL_COMMON: /usr/lib/x86_64-linux-gnu/libpcl_common.so  
[22.553s] -- Found PCL_KDTREE: /usr/lib/x86_64-linux-gnu/libpcl_kdtree.so  
[22.554s] -- Found PCL_OCTREE: /usr/lib/x86_64-linux-gnu/libpcl_octree.so  
[22.554s] -- Found PCL_SEARCH: /usr/lib/x86_64-linux-gnu/libpcl_search.so  
[22.555s] -- Found PCL_SAMPLE_CONSENSUS: /usr/lib/x86_64-linux-gnu/libpcl_sample_consensus.so  
[22.555s] -- Found PCL_FILTERS: /usr/lib/x86_64-linux-gnu/libpcl_filters.so  
[22.555s] -- Found PCL_2D: /usr/include/pcl-1.12  
[22.556s] -- Found PCL_GEOMETRY: /usr/include/pcl-1.12  
[22.556s] -- Found PCL_IO: /usr/lib/x86_64-linux-gnu/libpcl_io.so  
[22.557s] -- Found PCL_FEATURES: /usr/lib/x86_64-linux-gnu/libpcl_features.so  
[22.557s] -- Found PCL_ML: /usr/lib/x86_64-linux-gnu/libpcl_ml.so  
[22.558s] -- Found PCL_SEGMENTATION: /usr/lib/x86_64-linux-gnu/libpcl_segmentation.so  
[22.558s] -- Found PCL_VISUALIZATION: /usr/lib/x86_64-linux-gnu/libpcl_visualization.so  
[22.559s] -- Found PCL_SURFACE: /usr/lib/x86_64-linux-gnu/libpcl_surface.so  
[22.559s] -- Found PCL_REGISTRATION: /usr/lib/x86_64-linux-gnu/libpcl_registration.so  
[22.560s] -- Found PCL_KEYPOINTS: /usr/lib/x86_64-linux-gnu/libpcl_keypoints.so  
[22.561s] -- Found PCL_TRACKING: /usr/lib/x86_64-linux-gnu/libpcl_tracking.so  
[22.561s] -- Found PCL_RECOGNITION: /usr/lib/x86_64-linux-gnu/libpcl_recognition.so  
[22.562s] -- Found PCL_STEREO: /usr/lib/x86_64-linux-gnu/libpcl_stereo.so  
[22.562s] -- Found PCL_APPS: /usr/lib/x86_64-linux-gnu/libpcl_apps.so  
[22.563s] -- Found PCL_IN_HAND_SCANNER: /usr/include/pcl-1.12  
[22.563s] -- Found PCL_MODELER: /usr/include/pcl-1.12  
[22.563s] -- Found PCL_POINT_CLOUD_EDITOR: /usr/include/pcl-1.12  
[22.564s] -- Found PCL_OUTOFCORE: /usr/lib/x86_64-linux-gnu/libpcl_outofcore.so  
[22.564s] -- Found PCL_PEOPLE: /usr/lib/x86_64-linux-gnu/libpcl_people.so  
[27.114s] -- Found PkgConfig: /usr/bin/pkg-config (found version "0.29.2") 
[27.114s] -- Checking for module 'apr-1'
[27.120s] --   Found apr-1, version 1.7.0
[27.134s] [0m/usr/include/apr-1.0[0m
[27.134s] [0mapr-1[0m
[27.247s] -- Found ament_cmake_ros: 0.10.0 (/opt/ros/humble/share/ament_cmake_ros/cmake)
[27.375s] -- Using all available rosidl_typesupport_c: rosidl_typesupport_fastrtps_c;rosidl_typesupport_introspection_c
[27.538s] -- Using all available rosidl_typesupport_cpp: rosidl_typesupport_fastrtps_cpp;rosidl_typesupport_introspection_cpp
[27.680s] -- Found PythonInterp: /usr/bin/python3 (found suitable version "3.10.12", minimum required is "3.6") 
[27.682s] -- Found python_cmake_module: 0.10.0 (/opt/ros/humble/share/python_cmake_module/cmake)
[28.143s] -- Found PythonLibs: /usr/lib/x86_64-linux-gnu/libpython3.10.so (found suitable version "3.10.12", minimum required is "3.5") 
[28.143s] -- Using PYTHON_EXECUTABLE: /usr/bin/python3
[28.143s] -- Using PYTHON_INCLUDE_DIRS: /usr/include/python3.10
[28.143s] -- Using PYTHON_LIBRARIES: /usr/lib/x86_64-linux-gnu/libpython3.10.so
[28.157s] -- Found PythonExtra: .so  
[28.499s] -- Found ament_lint_auto: 0.12.11 (/opt/ros/humble/share/ament_lint_auto/cmake)
[28.518s] -- Added test 'copyright' to check source files copyright and LICENSE
[28.520s] -- Added test 'cppcheck' to perform static code analysis on C / C++ code
[28.520s] -- Configured cppcheck include dirs: /home/aurora/RM25/src/rm_driver/livox_ros_driver2/3rdparty;/home/aurora/RM25/src/rm_driver/livox_ros_driver2/src
[28.520s] -- Configured cppcheck exclude dirs and/or files: 
[28.522s] -- Added test 'cpplint' to check C / C++ code against the Google style
[28.522s] -- Configured cpplint exclude dirs and/or files: 
[28.523s] -- Added test 'flake8' to check Python code syntax and style conventions
[28.524s] -- Added test 'lint_cmake' to check CMake code style
[28.525s] -- Added test 'pep257' to check Python code against some of the docstring style conventions in PEP 257
[28.527s] -- Added test 'uncrustify' to check C / C++ code style
[28.527s] -- Configured uncrustify additional arguments: 
[28.529s] -- Added test 'xmllint' to check XML markup files
[28.531s] -- Configuring done
[28.536s] [0mCMake Error: The following variables are used in this project, but they are set to NOTFOUND.
[28.536s] Please set them or make sure they are set and tested correctly in the CMake files:
[28.536s] /home/aurora/RM25/src/rm_driver/livox_ros_driver2/LIVOX_INTERFACES_INCLUDE_DIRECTORIES
[28.536s]    used as include directory in directory /home/aurora/RM25/src/rm_driver/livox_ros_driver2
[28.536s] [0m
[28.576s] -- Generating done
[28.577s] [0mCMake Generate step failed.  Build files cannot be regenerated correctly.[0m
[28.593s] Invoked command in '/home/aurora/RM25/build/livox_ros_driver2' returned '1': CMAKE_PREFIX_PATH=${CMAKE_PREFIX_PATH}:/home/aurora/ws_helloworld/install/pkg02_helloworld_py:/opt/ros/humble /usr/bin/cmake /home/aurora/RM25/src/rm_driver/livox_ros_driver2 -DAMENT_CMAKE_SYMLINK_INSTALL=1 -DCMAKE_INSTALL_PREFIX=/home/aurora/RM25/install/livox_ros_driver2
