[0.015s] Invoking command in '/home/aurora/RM25/build/rm_robot_description_sim': CMAKE_PREFIX_PATH=/home/aurora/RM25/install/livox_interfaces:/home/aurora/RM25/install/ros2_livox_simulation:/home/aurora/RM25/install/rm_robot_description_sim:/home/aurora/RM25/install/rm_robot_description:/home/aurora/RM25/install/fast_lio:/home/aurora/RM25/install/livox_ros_driver2:/home/aurora/ros_ws/install/rmul24_gazebo_simulator:/home/aurora/ros_ws/install/rmoss_gz_cam:/home/aurora/ros_ws/install/rmoss_core:/home/aurora/ros_ws/install/rmoss_cam:/home/aurora/ros_ws/install/rmoss_util:/home/aurora/ros_ws/install/rmoss_projectile_motion:/home/aurora/ros_ws/install/rmoss_gz_bridge:/home/aurora/ros_ws/install/rmoss_gz_base:/home/aurora/ros_ws/install/rmoss_base:/home/aurora/ros_ws/install/rmoss_interfaces:/home/aurora/ros_ws/install/rmoss_gz_resources:/home/aurora/ros_ws/install/rmoss_gz_plugins:/home/aurora/RM25_aim/install/rm_vision_bringup:/home/aurora/RM25_aim/install/rm_serial_driver:/home/aurora/RM25_aim/install/rm_gimbal_description:/home/aurora/RM25_aim/install/hik_camera:/home/aurora/RM25_aim/install/armor_tracker:/home/aurora/RM25_aim/install/armor_detector:/home/aurora/RM25_aim/install/auto_aim_interfaces:/home/aurora/RM25/src/install/ros2_livox_simulation:/home/aurora/RM25/src/install/rm_robot_description_sim:/home/aurora/RM25/src/install/rm_robot_description:/home/aurora/RM25/src/install/livox_ros_driver2:/home/aurora/ros_ws/install/sdformat_tools:/opt/ros/humble LD_LIBRARY_PATH=/home/aurora/RM25/install/livox_interfaces/lib:/home/aurora/RM25/install/ros2_livox_simulation/lib:/home/aurora/RM25/install/livox_sdk2/lib:/home/aurora/RM25/install/fast_lio/lib:/home/aurora/RM25/install/livox_ros_driver2/lib:/home/aurora/ros_ws/install/rmoss_gz_cam/lib:/home/aurora/ros_ws/install/rmoss_cam/lib:/home/aurora/ros_ws/install/rmoss_util/lib:/home/aurora/ros_ws/install/rmoss_projectile_motion/lib:/home/aurora/ros_ws/install/rmoss_gz_base/lib:/home/aurora/ros_ws/install/rmoss_base/lib:/home/aurora/ros_ws/install/rmoss_interfaces/lib:/home/aurora/RM25_aim/install/rm_serial_driver/lib:/home/aurora/RM25_aim/install/hik_camera/lib:/home/aurora/RM25_aim/install/armor_tracker/lib:/home/aurora/RM25_aim/install/armor_detector/lib:/home/aurora/RM25_aim/install/auto_aim_interfaces/lib:/home/aurora/RM25/src/install/ros2_livox_simulation/lib:/home/aurora/RM25/src/install/livox_sdk2/lib:/home/aurora/RM25/src/install/livox_ros_driver2/lib:/usr/lib/x86_64-linux-gnu/gazebo-11/plugins:/opt/ros/humble/opt/rviz_ogre_vendor/lib:/opt/ros/humble/lib/x86_64-linux-gnu:/opt/ros/humble/lib /usr/bin/cmake /home/aurora/RM25/src/rm_simulation/rm_robot_description_sim -DAMENT_CMAKE_SYMLINK_INSTALL=1 -DCMAKE_INSTALL_PREFIX=/home/aurora/RM25/install/rm_robot_description_sim
[0.079s] -- The C compiler identification is GNU 11.4.0
[0.142s] -- The CXX compiler identification is GNU 11.4.0
[0.151s] -- Detecting C compiler ABI info
[0.214s] -- Detecting C compiler ABI info - done
[0.222s] -- Check for working C compiler: /usr/bin/cc - skipped
[0.222s] -- Detecting C compile features
[0.222s] -- Detecting C compile features - done
[0.225s] -- Detecting CXX compiler ABI info
[0.312s] -- Detecting CXX compiler ABI info - done
[0.326s] -- Check for working CXX compiler: /usr/bin/c++ - skipped
[0.326s] -- Detecting CXX compile features
[0.327s] -- Detecting CXX compile features - done
[0.328s] -- Found ament_cmake_auto: 1.3.10 (/opt/ros/humble/share/ament_cmake_auto/cmake)
[0.490s] -- Found Python3: /usr/bin/python3 (found version "3.10.12") found components: Interpreter 
[0.539s] -- Override CMake install command with custom implementation using symlinks instead of copying resources
[0.666s] -- Found rosidl_generator_c: 3.1.5 (/opt/ros/humble/share/rosidl_generator_c/cmake)
[0.673s] -- Found rosidl_adapter: 3.1.5 (/opt/ros/humble/share/rosidl_adapter/cmake)
[0.687s] -- Found rosidl_generator_cpp: 3.1.5 (/opt/ros/humble/share/rosidl_generator_cpp/cmake)
[0.705s] -- Using all available rosidl_typesupport_c: rosidl_typesupport_fastrtps_c;rosidl_typesupport_introspection_c
[0.730s] -- Using all available rosidl_typesupport_cpp: rosidl_typesupport_fastrtps_cpp;rosidl_typesupport_introspection_cpp
[0.780s] -- Found ament_lint_auto: 0.12.11 (/opt/ros/humble/share/ament_lint_auto/cmake)
[0.787s] -- Configuring done
[0.791s] -- Generating done
[0.792s] -- Build files have been written to: /home/aurora/RM25/build/rm_robot_description_sim
[0.798s] Invoked command in '/home/aurora/RM25/build/rm_robot_description_sim' returned '0': CMAKE_PREFIX_PATH=/home/aurora/RM25/install/livox_interfaces:/home/aurora/RM25/install/ros2_livox_simulation:/home/aurora/RM25/install/rm_robot_description_sim:/home/aurora/RM25/install/rm_robot_description:/home/aurora/RM25/install/fast_lio:/home/aurora/RM25/install/livox_ros_driver2:/home/aurora/ros_ws/install/rmul24_gazebo_simulator:/home/aurora/ros_ws/install/rmoss_gz_cam:/home/aurora/ros_ws/install/rmoss_core:/home/aurora/ros_ws/install/rmoss_cam:/home/aurora/ros_ws/install/rmoss_util:/home/aurora/ros_ws/install/rmoss_projectile_motion:/home/aurora/ros_ws/install/rmoss_gz_bridge:/home/aurora/ros_ws/install/rmoss_gz_base:/home/aurora/ros_ws/install/rmoss_base:/home/aurora/ros_ws/install/rmoss_interfaces:/home/aurora/ros_ws/install/rmoss_gz_resources:/home/aurora/ros_ws/install/rmoss_gz_plugins:/home/aurora/RM25_aim/install/rm_vision_bringup:/home/aurora/RM25_aim/install/rm_serial_driver:/home/aurora/RM25_aim/install/rm_gimbal_description:/home/aurora/RM25_aim/install/hik_camera:/home/aurora/RM25_aim/install/armor_tracker:/home/aurora/RM25_aim/install/armor_detector:/home/aurora/RM25_aim/install/auto_aim_interfaces:/home/aurora/RM25/src/install/ros2_livox_simulation:/home/aurora/RM25/src/install/rm_robot_description_sim:/home/aurora/RM25/src/install/rm_robot_description:/home/aurora/RM25/src/install/livox_ros_driver2:/home/aurora/ros_ws/install/sdformat_tools:/opt/ros/humble LD_LIBRARY_PATH=/home/aurora/RM25/install/livox_interfaces/lib:/home/aurora/RM25/install/ros2_livox_simulation/lib:/home/aurora/RM25/install/livox_sdk2/lib:/home/aurora/RM25/install/fast_lio/lib:/home/aurora/RM25/install/livox_ros_driver2/lib:/home/aurora/ros_ws/install/rmoss_gz_cam/lib:/home/aurora/ros_ws/install/rmoss_cam/lib:/home/aurora/ros_ws/install/rmoss_util/lib:/home/aurora/ros_ws/install/rmoss_projectile_motion/lib:/home/aurora/ros_ws/install/rmoss_gz_base/lib:/home/aurora/ros_ws/install/rmoss_base/lib:/home/aurora/ros_ws/install/rmoss_interfaces/lib:/home/aurora/RM25_aim/install/rm_serial_driver/lib:/home/aurora/RM25_aim/install/hik_camera/lib:/home/aurora/RM25_aim/install/armor_tracker/lib:/home/aurora/RM25_aim/install/armor_detector/lib:/home/aurora/RM25_aim/install/auto_aim_interfaces/lib:/home/aurora/RM25/src/install/ros2_livox_simulation/lib:/home/aurora/RM25/src/install/livox_sdk2/lib:/home/aurora/RM25/src/install/livox_ros_driver2/lib:/usr/lib/x86_64-linux-gnu/gazebo-11/plugins:/opt/ros/humble/opt/rviz_ogre_vendor/lib:/opt/ros/humble/lib/x86_64-linux-gnu:/opt/ros/humble/lib /usr/bin/cmake /home/aurora/RM25/src/rm_simulation/rm_robot_description_sim -DAMENT_CMAKE_SYMLINK_INSTALL=1 -DCMAKE_INSTALL_PREFIX=/home/aurora/RM25/install/rm_robot_description_sim
[0.799s] Invoking command in '/home/aurora/RM25/build/rm_robot_description_sim': CMAKE_PREFIX_PATH=/home/aurora/RM25/install/livox_interfaces:/home/aurora/RM25/install/ros2_livox_simulation:/home/aurora/RM25/install/rm_robot_description_sim:/home/aurora/RM25/install/rm_robot_description:/home/aurora/RM25/install/fast_lio:/home/aurora/RM25/install/livox_ros_driver2:/home/aurora/ros_ws/install/rmul24_gazebo_simulator:/home/aurora/ros_ws/install/rmoss_gz_cam:/home/aurora/ros_ws/install/rmoss_core:/home/aurora/ros_ws/install/rmoss_cam:/home/aurora/ros_ws/install/rmoss_util:/home/aurora/ros_ws/install/rmoss_projectile_motion:/home/aurora/ros_ws/install/rmoss_gz_bridge:/home/aurora/ros_ws/install/rmoss_gz_base:/home/aurora/ros_ws/install/rmoss_base:/home/aurora/ros_ws/install/rmoss_interfaces:/home/aurora/ros_ws/install/rmoss_gz_resources:/home/aurora/ros_ws/install/rmoss_gz_plugins:/home/aurora/RM25_aim/install/rm_vision_bringup:/home/aurora/RM25_aim/install/rm_serial_driver:/home/aurora/RM25_aim/install/rm_gimbal_description:/home/aurora/RM25_aim/install/hik_camera:/home/aurora/RM25_aim/install/armor_tracker:/home/aurora/RM25_aim/install/armor_detector:/home/aurora/RM25_aim/install/auto_aim_interfaces:/home/aurora/RM25/src/install/ros2_livox_simulation:/home/aurora/RM25/src/install/rm_robot_description_sim:/home/aurora/RM25/src/install/rm_robot_description:/home/aurora/RM25/src/install/livox_ros_driver2:/home/aurora/ros_ws/install/sdformat_tools:/opt/ros/humble LD_LIBRARY_PATH=/home/aurora/RM25/install/livox_interfaces/lib:/home/aurora/RM25/install/ros2_livox_simulation/lib:/home/aurora/RM25/install/livox_sdk2/lib:/home/aurora/RM25/install/fast_lio/lib:/home/aurora/RM25/install/livox_ros_driver2/lib:/home/aurora/ros_ws/install/rmoss_gz_cam/lib:/home/aurora/ros_ws/install/rmoss_cam/lib:/home/aurora/ros_ws/install/rmoss_util/lib:/home/aurora/ros_ws/install/rmoss_projectile_motion/lib:/home/aurora/ros_ws/install/rmoss_gz_base/lib:/home/aurora/ros_ws/install/rmoss_base/lib:/home/aurora/ros_ws/install/rmoss_interfaces/lib:/home/aurora/RM25_aim/install/rm_serial_driver/lib:/home/aurora/RM25_aim/install/hik_camera/lib:/home/aurora/RM25_aim/install/armor_tracker/lib:/home/aurora/RM25_aim/install/armor_detector/lib:/home/aurora/RM25_aim/install/auto_aim_interfaces/lib:/home/aurora/RM25/src/install/ros2_livox_simulation/lib:/home/aurora/RM25/src/install/livox_sdk2/lib:/home/aurora/RM25/src/install/livox_ros_driver2/lib:/usr/lib/x86_64-linux-gnu/gazebo-11/plugins:/opt/ros/humble/opt/rviz_ogre_vendor/lib:/opt/ros/humble/lib/x86_64-linux-gnu:/opt/ros/humble/lib /usr/bin/cmake --build /home/aurora/RM25/build/rm_robot_description_sim -- -j20 -l20
[0.829s] Invoked command in '/home/aurora/RM25/build/rm_robot_description_sim' returned '0': CMAKE_PREFIX_PATH=/home/aurora/RM25/install/livox_interfaces:/home/aurora/RM25/install/ros2_livox_simulation:/home/aurora/RM25/install/rm_robot_description_sim:/home/aurora/RM25/install/rm_robot_description:/home/aurora/RM25/install/fast_lio:/home/aurora/RM25/install/livox_ros_driver2:/home/aurora/ros_ws/install/rmul24_gazebo_simulator:/home/aurora/ros_ws/install/rmoss_gz_cam:/home/aurora/ros_ws/install/rmoss_core:/home/aurora/ros_ws/install/rmoss_cam:/home/aurora/ros_ws/install/rmoss_util:/home/aurora/ros_ws/install/rmoss_projectile_motion:/home/aurora/ros_ws/install/rmoss_gz_bridge:/home/aurora/ros_ws/install/rmoss_gz_base:/home/aurora/ros_ws/install/rmoss_base:/home/aurora/ros_ws/install/rmoss_interfaces:/home/aurora/ros_ws/install/rmoss_gz_resources:/home/aurora/ros_ws/install/rmoss_gz_plugins:/home/aurora/RM25_aim/install/rm_vision_bringup:/home/aurora/RM25_aim/install/rm_serial_driver:/home/aurora/RM25_aim/install/rm_gimbal_description:/home/aurora/RM25_aim/install/hik_camera:/home/aurora/RM25_aim/install/armor_tracker:/home/aurora/RM25_aim/install/armor_detector:/home/aurora/RM25_aim/install/auto_aim_interfaces:/home/aurora/RM25/src/install/ros2_livox_simulation:/home/aurora/RM25/src/install/rm_robot_description_sim:/home/aurora/RM25/src/install/rm_robot_description:/home/aurora/RM25/src/install/livox_ros_driver2:/home/aurora/ros_ws/install/sdformat_tools:/opt/ros/humble LD_LIBRARY_PATH=/home/aurora/RM25/install/livox_interfaces/lib:/home/aurora/RM25/install/ros2_livox_simulation/lib:/home/aurora/RM25/install/livox_sdk2/lib:/home/aurora/RM25/install/fast_lio/lib:/home/aurora/RM25/install/livox_ros_driver2/lib:/home/aurora/ros_ws/install/rmoss_gz_cam/lib:/home/aurora/ros_ws/install/rmoss_cam/lib:/home/aurora/ros_ws/install/rmoss_util/lib:/home/aurora/ros_ws/install/rmoss_projectile_motion/lib:/home/aurora/ros_ws/install/rmoss_gz_base/lib:/home/aurora/ros_ws/install/rmoss_base/lib:/home/aurora/ros_ws/install/rmoss_interfaces/lib:/home/aurora/RM25_aim/install/rm_serial_driver/lib:/home/aurora/RM25_aim/install/hik_camera/lib:/home/aurora/RM25_aim/install/armor_tracker/lib:/home/aurora/RM25_aim/install/armor_detector/lib:/home/aurora/RM25_aim/install/auto_aim_interfaces/lib:/home/aurora/RM25/src/install/ros2_livox_simulation/lib:/home/aurora/RM25/src/install/livox_sdk2/lib:/home/aurora/RM25/src/install/livox_ros_driver2/lib:/usr/lib/x86_64-linux-gnu/gazebo-11/plugins:/opt/ros/humble/opt/rviz_ogre_vendor/lib:/opt/ros/humble/lib/x86_64-linux-gnu:/opt/ros/humble/lib /usr/bin/cmake --build /home/aurora/RM25/build/rm_robot_description_sim -- -j20 -l20
[0.831s] Invoking command in '/home/aurora/RM25/build/rm_robot_description_sim': CMAKE_PREFIX_PATH=/home/aurora/RM25/install/livox_interfaces:/home/aurora/RM25/install/ros2_livox_simulation:/home/aurora/RM25/install/rm_robot_description_sim:/home/aurora/RM25/install/rm_robot_description:/home/aurora/RM25/install/fast_lio:/home/aurora/RM25/install/livox_ros_driver2:/home/aurora/ros_ws/install/rmul24_gazebo_simulator:/home/aurora/ros_ws/install/rmoss_gz_cam:/home/aurora/ros_ws/install/rmoss_core:/home/aurora/ros_ws/install/rmoss_cam:/home/aurora/ros_ws/install/rmoss_util:/home/aurora/ros_ws/install/rmoss_projectile_motion:/home/aurora/ros_ws/install/rmoss_gz_bridge:/home/aurora/ros_ws/install/rmoss_gz_base:/home/aurora/ros_ws/install/rmoss_base:/home/aurora/ros_ws/install/rmoss_interfaces:/home/aurora/ros_ws/install/rmoss_gz_resources:/home/aurora/ros_ws/install/rmoss_gz_plugins:/home/aurora/RM25_aim/install/rm_vision_bringup:/home/aurora/RM25_aim/install/rm_serial_driver:/home/aurora/RM25_aim/install/rm_gimbal_description:/home/aurora/RM25_aim/install/hik_camera:/home/aurora/RM25_aim/install/armor_tracker:/home/aurora/RM25_aim/install/armor_detector:/home/aurora/RM25_aim/install/auto_aim_interfaces:/home/aurora/RM25/src/install/ros2_livox_simulation:/home/aurora/RM25/src/install/rm_robot_description_sim:/home/aurora/RM25/src/install/rm_robot_description:/home/aurora/RM25/src/install/livox_ros_driver2:/home/aurora/ros_ws/install/sdformat_tools:/opt/ros/humble LD_LIBRARY_PATH=/home/aurora/RM25/install/livox_interfaces/lib:/home/aurora/RM25/install/ros2_livox_simulation/lib:/home/aurora/RM25/install/livox_sdk2/lib:/home/aurora/RM25/install/fast_lio/lib:/home/aurora/RM25/install/livox_ros_driver2/lib:/home/aurora/ros_ws/install/rmoss_gz_cam/lib:/home/aurora/ros_ws/install/rmoss_cam/lib:/home/aurora/ros_ws/install/rmoss_util/lib:/home/aurora/ros_ws/install/rmoss_projectile_motion/lib:/home/aurora/ros_ws/install/rmoss_gz_base/lib:/home/aurora/ros_ws/install/rmoss_base/lib:/home/aurora/ros_ws/install/rmoss_interfaces/lib:/home/aurora/RM25_aim/install/rm_serial_driver/lib:/home/aurora/RM25_aim/install/hik_camera/lib:/home/aurora/RM25_aim/install/armor_tracker/lib:/home/aurora/RM25_aim/install/armor_detector/lib:/home/aurora/RM25_aim/install/auto_aim_interfaces/lib:/home/aurora/RM25/src/install/ros2_livox_simulation/lib:/home/aurora/RM25/src/install/livox_sdk2/lib:/home/aurora/RM25/src/install/livox_ros_driver2/lib:/usr/lib/x86_64-linux-gnu/gazebo-11/plugins:/opt/ros/humble/opt/rviz_ogre_vendor/lib:/opt/ros/humble/lib/x86_64-linux-gnu:/opt/ros/humble/lib /usr/bin/cmake --install /home/aurora/RM25/build/rm_robot_description_sim
[0.839s] -- Install configuration: ""
[0.839s] -- Execute custom install script
[0.840s] -- Symlinking: /home/aurora/RM25/install/rm_robot_description_sim/share/rm_robot_description_sim/urdf/four_omniwheel_robot.urdf
[0.848s] -- Symlinking: /home/aurora/RM25/install/rm_robot_description_sim/share/rm_robot_description_sim/urdf/mid360.urdf
[0.858s] -- Symlinking: /home/aurora/RM25/install/rm_robot_description_sim/share/rm_robot_description_sim/urdf/mid360.xacro
[0.867s] -- Symlinking: /home/aurora/RM25/install/rm_robot_description_sim/share/rm_robot_description_sim/urdf/robot.urdf.xacro
[0.875s] -- Symlinking: /home/aurora/RM25/install/rm_robot_description_sim/share/rm_robot_description_sim/urdf/sim_robot.urdf
[0.885s] -- Symlinking: /home/aurora/RM25/install/rm_robot_description_sim/share/rm_robot_description_sim/urdf/simulation_waking_robot.xacro
[0.894s] -- Symlinking: /home/aurora/RM25/install/rm_robot_description_sim/share/rm_robot_description_sim/world/25UL/RMUL25.world
[0.904s] -- Symlinking: /home/aurora/RM25/install/rm_robot_description_sim/share/rm_robot_description_sim/world/25UL/model.config
[0.914s] -- Symlinking: /home/aurora/RM25/install/rm_robot_description_sim/share/rm_robot_description_sim/world/25UL/model.sdf
[0.922s] -- Symlinking: /home/aurora/RM25/install/rm_robot_description_sim/share/rm_robot_description_sim/world/RMUC24_world.world
[0.928s] -- Symlinking: /home/aurora/RM25/install/rm_robot_description_sim/share/rm_robot_description_sim/world/RMUL25.world
[0.936s] -- Symlinking: /home/aurora/RM25/install/rm_robot_description_sim/share/rm_robot_description_sim/world/my_world.world
[0.947s] -- Symlinking: /home/aurora/RM25/install/rm_robot_description_sim/share/rm_robot_description_sim/world/rmul/RMUL25.world
[0.953s] -- Symlinking: /home/aurora/RM25/install/rm_robot_description_sim/share/rm_robot_description_sim/world/rmul/model.config
[0.960s] -- Symlinking: /home/aurora/RM25/install/rm_robot_description_sim/share/rm_robot_description_sim/world/rmul/model.sdf
[0.967s] -- Symlinking: /home/aurora/RM25/install/rm_robot_description_sim/share/rm_robot_description_sim/rviz/fastlio.rviz
[0.974s] -- Symlinking: /home/aurora/RM25/install/rm_robot_description_sim/share/rm_robot_description_sim/rviz/rviz2.rviz
[0.980s] -- Symlinking: /home/aurora/RM25/install/rm_robot_description_sim/share/rm_robot_description_sim/rviz/urdf_config.rviz
[0.991s] -- Symlinking: /home/aurora/RM25/install/rm_robot_description_sim/share/rm_robot_description_sim/launch/build/.built_by
[0.991s] [33mCMake Warning (dev) at ament_cmake_symlink_install/ament_cmake_symlink_install.cmake:62 (file):
[0.991s]   Policy CMP0009 is not set: FILE GLOB_RECURSE calls should not follow
[0.991s]   symlinks by default.  Run "cmake --help-policy CMP0009" for policy details.
[0.991s]   Use the cmake_policy command to set the policy and suppress this warning.
[0.991s] Call Stack (most recent call first):
[0.991s]   ament_cmake_symlink_install/ament_cmake_symlink_install.cmake:314 (ament_cmake_symlink_install_directory)
[0.991s]   cmake_install.cmake:46 (include)
[0.991s] This warning is for project developers.  Use -Wno-dev to suppress it.
[0.991s] [0m
[1.000s] -- Symlinking: /home/aurora/RM25/install/rm_robot_description_sim/share/rm_robot_description_sim/launch/build/COLCON_IGNORE
[1.009s] -- Symlinking: /home/aurora/RM25/install/rm_robot_description_sim/share/rm_robot_description_sim/launch/install/.colcon_install_layout
[1.017s] -- Symlinking: /home/aurora/RM25/install/rm_robot_description_sim/share/rm_robot_description_sim/launch/install/COLCON_IGNORE
[1.026s] -- Symlinking: /home/aurora/RM25/install/rm_robot_description_sim/share/rm_robot_description_sim/launch/install/_local_setup_util_ps1.py
[1.043s] -- Symlinking: /home/aurora/RM25/install/rm_robot_description_sim/share/rm_robot_description_sim/launch/install/_local_setup_util_sh.py
[1.064s] -- Symlinking: /home/aurora/RM25/install/rm_robot_description_sim/share/rm_robot_description_sim/launch/install/local_setup.bash
[1.077s] -- Symlinking: /home/aurora/RM25/install/rm_robot_description_sim/share/rm_robot_description_sim/launch/install/local_setup.ps1
[1.088s] -- Symlinking: /home/aurora/RM25/install/rm_robot_description_sim/share/rm_robot_description_sim/launch/install/local_setup.sh
[1.111s] -- Symlinking: /home/aurora/RM25/install/rm_robot_description_sim/share/rm_robot_description_sim/launch/install/local_setup.zsh
[1.128s] -- Symlinking: /home/aurora/RM25/install/rm_robot_description_sim/share/rm_robot_description_sim/launch/install/setup.bash
[1.145s] -- Symlinking: /home/aurora/RM25/install/rm_robot_description_sim/share/rm_robot_description_sim/launch/install/setup.ps1
[1.163s] -- Symlinking: /home/aurora/RM25/install/rm_robot_description_sim/share/rm_robot_description_sim/launch/install/setup.sh
[1.186s] -- Symlinking: /home/aurora/RM25/install/rm_robot_description_sim/share/rm_robot_description_sim/launch/install/setup.zsh
[1.200s] -- Symlinking: /home/aurora/RM25/install/rm_robot_description_sim/share/rm_robot_description_sim/launch/log/COLCON_IGNORE
[1.218s] -- Symlinking: /home/aurora/RM25/install/rm_robot_description_sim/share/rm_robot_description_sim/launch/log/build_2024-11-12_20-59-25/events.log
[1.230s] -- Symlinking: /home/aurora/RM25/install/rm_robot_description_sim/share/rm_robot_description_sim/launch/log/build_2024-11-12_20-59-25/logger_all.log
[1.240s] -- Symlinking: /home/aurora/RM25/install/rm_robot_description_sim/share/rm_robot_description_sim/launch/log/build_2024-11-14_12-02-55/events.log
[1.252s] -- Symlinking: /home/aurora/RM25/install/rm_robot_description_sim/share/rm_robot_description_sim/launch/log/build_2024-11-14_12-02-55/logger_all.log
[1.265s] -- Symlinking: /home/aurora/RM25/install/rm_robot_description_sim/share/rm_robot_description_sim/launch/log/latest/events.log
[1.271s] -- Symlinking: /home/aurora/RM25/install/rm_robot_description_sim/share/rm_robot_description_sim/launch/log/latest/logger_all.log
[1.284s] -- Symlinking: /home/aurora/RM25/install/rm_robot_description_sim/share/rm_robot_description_sim/launch/log/latest_build/events.log
[1.297s] -- Symlinking: /home/aurora/RM25/install/rm_robot_description_sim/share/rm_robot_description_sim/launch/log/latest_build/logger_all.log
[1.306s] -- Symlinking: /home/aurora/RM25/install/rm_robot_description_sim/share/rm_robot_description_sim/launch/mid360.launch.py
[1.314s] -- Symlinking: /home/aurora/RM25/install/rm_robot_description_sim/share/rm_robot_description_sim/launch/rm_simulation.launch.py
[1.326s] -- Symlinking: /home/aurora/RM25/install/rm_robot_description_sim/share/rm_robot_description_sim/launch/robot,launch.py
[1.346s] -- Symlinking: /home/aurora/RM25/install/rm_robot_description_sim/share/rm_robot_description_sim/launch/robot.launch.py
[1.361s] -- Symlinking: /home/aurora/RM25/install/rm_robot_description_sim/share/rm_robot_description_sim/launch/robotv2.launch.py
[1.370s] -- Symlinking: /home/aurora/RM25/install/rm_robot_description_sim/share/rm_robot_description_sim/meshes/RMUC_2024.stl
[1.383s] -- Symlinking: /home/aurora/RM25/install/rm_robot_description_sim/share/rm_robot_description_sim/meshes/RMUL_2024.stl
[1.390s] -- Symlinking: /home/aurora/RM25/install/rm_robot_description_sim/share/rm_robot_description_sim/meshes/base_link.STL
[1.400s] -- Symlinking: /home/aurora/RM25/install/rm_robot_description_sim/share/rm_robot_description_sim/meshes/controller_link.STL
[1.409s] -- Symlinking: /home/aurora/RM25/install/rm_robot_description_sim/share/rm_robot_description_sim/meshes/display.launch
[1.419s] -- Symlinking: /home/aurora/RM25/install/rm_robot_description_sim/share/rm_robot_description_sim/meshes/display.launch.py
[1.428s] -- Symlinking: /home/aurora/RM25/install/rm_robot_description_sim/share/rm_robot_description_sim/meshes/gazebo.launch
[1.440s] -- Symlinking: /home/aurora/RM25/install/rm_robot_description_sim/share/rm_robot_description_sim/meshes/gazebo.launch.py
[1.449s] -- Symlinking: /home/aurora/RM25/install/rm_robot_description_sim/share/rm_robot_description_sim/meshes/mid360.stl
[1.464s] -- Symlinking: /home/aurora/RM25/install/rm_robot_description_sim/share/rm_robot_description_sim/meshes/mid360laser_link.STL
[1.484s] -- Symlinking: /home/aurora/RM25/install/rm_robot_description_sim/share/rm_robot_description_sim/meshes/obstacles/obstacle1/model.config
[1.498s] -- Symlinking: /home/aurora/RM25/install/rm_robot_description_sim/share/rm_robot_description_sim/meshes/obstacles/obstacle1/model.sdf
[1.508s] -- Symlinking: /home/aurora/RM25/install/rm_robot_description_sim/share/rm_robot_description_sim/meshes/obstacles/obstacle10/model.config
[1.522s] -- Symlinking: /home/aurora/RM25/install/rm_robot_description_sim/share/rm_robot_description_sim/meshes/obstacles/obstacle10/model.sdf
[1.534s] -- Symlinking: /home/aurora/RM25/install/rm_robot_description_sim/share/rm_robot_description_sim/meshes/obstacles/obstacle11/model.config
[1.545s] -- Symlinking: /home/aurora/RM25/install/rm_robot_description_sim/share/rm_robot_description_sim/meshes/obstacles/obstacle11/model.sdf
[1.556s] -- Symlinking: /home/aurora/RM25/install/rm_robot_description_sim/share/rm_robot_description_sim/meshes/obstacles/obstacle12/model.config
[1.566s] -- Symlinking: /home/aurora/RM25/install/rm_robot_description_sim/share/rm_robot_description_sim/meshes/obstacles/obstacle12/model.sdf
[1.575s] -- Symlinking: /home/aurora/RM25/install/rm_robot_description_sim/share/rm_robot_description_sim/meshes/obstacles/obstacle2/model.config
[1.584s] -- Symlinking: /home/aurora/RM25/install/rm_robot_description_sim/share/rm_robot_description_sim/meshes/obstacles/obstacle2/model.sdf
[1.593s] -- Symlinking: /home/aurora/RM25/install/rm_robot_description_sim/share/rm_robot_description_sim/meshes/obstacles/obstacle3/model.config
[1.601s] -- Symlinking: /home/aurora/RM25/install/rm_robot_description_sim/share/rm_robot_description_sim/meshes/obstacles/obstacle3/model.sdf
[1.609s] -- Symlinking: /home/aurora/RM25/install/rm_robot_description_sim/share/rm_robot_description_sim/meshes/obstacles/obstacle4/model.config
[1.617s] -- Symlinking: /home/aurora/RM25/install/rm_robot_description_sim/share/rm_robot_description_sim/meshes/obstacles/obstacle4/model.sdf
[1.626s] -- Symlinking: /home/aurora/RM25/install/rm_robot_description_sim/share/rm_robot_description_sim/meshes/obstacles/obstacle5/model.config
[1.635s] -- Symlinking: /home/aurora/RM25/install/rm_robot_description_sim/share/rm_robot_description_sim/meshes/obstacles/obstacle5/model.sdf
[1.644s] -- Symlinking: /home/aurora/RM25/install/rm_robot_description_sim/share/rm_robot_description_sim/meshes/obstacles/obstacle6/model.config
[1.653s] -- Symlinking: /home/aurora/RM25/install/rm_robot_description_sim/share/rm_robot_description_sim/meshes/obstacles/obstacle6/model.sdf
[1.662s] -- Symlinking: /home/aurora/RM25/install/rm_robot_description_sim/share/rm_robot_description_sim/meshes/obstacles/obstacle7/model.config
[1.670s] -- Symlinking: /home/aurora/RM25/install/rm_robot_description_sim/share/rm_robot_description_sim/meshes/obstacles/obstacle7/model.sdf
[1.680s] -- Symlinking: /home/aurora/RM25/install/rm_robot_description_sim/share/rm_robot_description_sim/meshes/obstacles/obstacle8/model.config
[1.689s] -- Symlinking: /home/aurora/RM25/install/rm_robot_description_sim/share/rm_robot_description_sim/meshes/obstacles/obstacle8/model.sdf
[1.698s] -- Symlinking: /home/aurora/RM25/install/rm_robot_description_sim/share/rm_robot_description_sim/meshes/obstacles/obstacle9/model.config
[1.708s] -- Symlinking: /home/aurora/RM25/install/rm_robot_description_sim/share/rm_robot_description_sim/meshes/obstacles/obstacle9/model.sdf
[1.718s] -- Symlinking: /home/aurora/RM25/install/rm_robot_description_sim/share/rm_robot_description_sim/meshes/obstacles/obstacle_plugin/CMakeLists.txt
[1.727s] -- Symlinking: /home/aurora/RM25/install/rm_robot_description_sim/share/rm_robot_description_sim/meshes/obstacles/obstacle_plugin/lib/libobstacle1.so
[1.733s] -- Symlinking: /home/aurora/RM25/install/rm_robot_description_sim/share/rm_robot_description_sim/meshes/obstacles/obstacle_plugin/lib/libobstacle10.so
[1.739s] -- Symlinking: /home/aurora/RM25/install/rm_robot_description_sim/share/rm_robot_description_sim/meshes/obstacles/obstacle_plugin/lib/libobstacle11.so
[1.746s] -- Symlinking: /home/aurora/RM25/install/rm_robot_description_sim/share/rm_robot_description_sim/meshes/obstacles/obstacle_plugin/lib/libobstacle12.so
[1.752s] -- Symlinking: /home/aurora/RM25/install/rm_robot_description_sim/share/rm_robot_description_sim/meshes/obstacles/obstacle_plugin/lib/libobstacle2.so
[1.760s] -- Symlinking: /home/aurora/RM25/install/rm_robot_description_sim/share/rm_robot_description_sim/meshes/obstacles/obstacle_plugin/lib/libobstacle3.so
[1.766s] -- Symlinking: /home/aurora/RM25/install/rm_robot_description_sim/share/rm_robot_description_sim/meshes/obstacles/obstacle_plugin/lib/libobstacle4.so
[1.775s] -- Symlinking: /home/aurora/RM25/install/rm_robot_description_sim/share/rm_robot_description_sim/meshes/obstacles/obstacle_plugin/lib/libobstacle5.so
[1.782s] -- Symlinking: /home/aurora/RM25/install/rm_robot_description_sim/share/rm_robot_description_sim/meshes/obstacles/obstacle_plugin/lib/libobstacle6.so
[1.789s] -- Symlinking: /home/aurora/RM25/install/rm_robot_description_sim/share/rm_robot_description_sim/meshes/obstacles/obstacle_plugin/lib/libobstacle7.so
[1.796s] -- Symlinking: /home/aurora/RM25/install/rm_robot_description_sim/share/rm_robot_description_sim/meshes/obstacles/obstacle_plugin/lib/libobstacle8.so
[1.804s] -- Symlinking: /home/aurora/RM25/install/rm_robot_description_sim/share/rm_robot_description_sim/meshes/obstacles/obstacle_plugin/lib/libobstacle9.so
[1.812s] -- Symlinking: /home/aurora/RM25/install/rm_robot_description_sim/share/rm_robot_description_sim/meshes/obstacles/obstacle_plugin/lib/libobstacles.so
[1.818s] -- Symlinking: /home/aurora/RM25/install/rm_robot_description_sim/share/rm_robot_description_sim/meshes/obstacles/obstacle_plugin/obstacle1.cc
[1.825s] -- Symlinking: /home/aurora/RM25/install/rm_robot_description_sim/share/rm_robot_description_sim/meshes/obstacles/obstacle_plugin/obstacle10.cc
[1.831s] -- Symlinking: /home/aurora/RM25/install/rm_robot_description_sim/share/rm_robot_description_sim/meshes/obstacles/obstacle_plugin/obstacle11.cc
[1.839s] -- Symlinking: /home/aurora/RM25/install/rm_robot_description_sim/share/rm_robot_description_sim/meshes/obstacles/obstacle_plugin/obstacle12.cc
[1.845s] -- Symlinking: /home/aurora/RM25/install/rm_robot_description_sim/share/rm_robot_description_sim/meshes/obstacles/obstacle_plugin/obstacle13.cc
[1.850s] -- Symlinking: /home/aurora/RM25/install/rm_robot_description_sim/share/rm_robot_description_sim/meshes/obstacles/obstacle_plugin/obstacle2.cc
[1.857s] -- Symlinking: /home/aurora/RM25/install/rm_robot_description_sim/share/rm_robot_description_sim/meshes/obstacles/obstacle_plugin/obstacle3.cc
[1.864s] -- Symlinking: /home/aurora/RM25/install/rm_robot_description_sim/share/rm_robot_description_sim/meshes/obstacles/obstacle_plugin/obstacle4.cc
[1.870s] -- Symlinking: /home/aurora/RM25/install/rm_robot_description_sim/share/rm_robot_description_sim/meshes/obstacles/obstacle_plugin/obstacle5.cc
[1.877s] -- Symlinking: /home/aurora/RM25/install/rm_robot_description_sim/share/rm_robot_description_sim/meshes/obstacles/obstacle_plugin/obstacle6.cc
[1.884s] -- Symlinking: /home/aurora/RM25/install/rm_robot_description_sim/share/rm_robot_description_sim/meshes/obstacles/obstacle_plugin/obstacle7.cc
[1.891s] -- Symlinking: /home/aurora/RM25/install/rm_robot_description_sim/share/rm_robot_description_sim/meshes/obstacles/obstacle_plugin/obstacle8.cc
[1.898s] -- Symlinking: /home/aurora/RM25/install/rm_robot_description_sim/share/rm_robot_description_sim/meshes/obstacles/obstacle_plugin/obstacle9.cc
[1.904s] -- Symlinking: /home/aurora/RM25/install/rm_robot_description_sim/share/rm_robot_description_sim/meshes/obstacles/obstacle_plugin/obstacles.cc
[1.909s] -- Symlinking: /home/aurora/RM25/install/rm_robot_description_sim/share/rm_robot_description_sim/meshes/omniwheel1_link.STL
[1.917s] -- Symlinking: /home/aurora/RM25/install/rm_robot_description_sim/share/rm_robot_description_sim/meshes/omniwheel2_link.STL
[1.926s] -- Symlinking: /home/aurora/RM25/install/rm_robot_description_sim/share/rm_robot_description_sim/meshes/omniwheel3_link.STL
[1.932s] -- Symlinking: /home/aurora/RM25/install/rm_robot_description_sim/share/rm_robot_description_sim/meshes/omniwheel4_link.STL
[1.939s] [33mCMake Warning (dev) at ament_cmake_symlink_install/ament_cmake_symlink_install.cmake:62 (file):
[1.939s]   Policy CMP0009 is not set: FILE GLOB_RECURSE calls should not follow
[1.939s]   symlinks by default.  Run "cmake --help-policy CMP0009" for policy details.
[1.939s]   Use the cmake_policy command to set the policy and suppress this warning.
[1.939s] Call Stack (most recent call first):
[1.939s]   ament_cmake_symlink_install/ament_cmake_symlink_install.cmake:317 (ament_cmake_symlink_install_directory)
[1.939s]   cmake_install.cmake:46 (include)
[1.939s] This warning is for project developers.  Use -Wno-dev to suppress it.
[1.940s] [0m
[1.940s] -- Up-to-date symlink: /home/aurora/RM25/install/rm_robot_description_sim/share/rm_robot_description_sim/launch/build/.built_by
[1.940s] -- Up-to-date symlink: /home/aurora/RM25/install/rm_robot_description_sim/share/rm_robot_description_sim/launch/build/COLCON_IGNORE
[1.941s] -- Up-to-date symlink: /home/aurora/RM25/install/rm_robot_description_sim/share/rm_robot_description_sim/launch/install/.colcon_install_layout
[1.941s] -- Up-to-date symlink: /home/aurora/RM25/install/rm_robot_description_sim/share/rm_robot_description_sim/launch/install/COLCON_IGNORE
[1.941s] -- Up-to-date symlink: /home/aurora/RM25/install/rm_robot_description_sim/share/rm_robot_description_sim/launch/install/_local_setup_util_ps1.py
[1.941s] -- Up-to-date symlink: /home/aurora/RM25/install/rm_robot_description_sim/share/rm_robot_description_sim/launch/install/_local_setup_util_sh.py
[1.941s] -- Up-to-date symlink: /home/aurora/RM25/install/rm_robot_description_sim/share/rm_robot_description_sim/launch/install/local_setup.bash
[1.941s] -- Up-to-date symlink: /home/aurora/RM25/install/rm_robot_description_sim/share/rm_robot_description_sim/launch/install/local_setup.ps1
[1.942s] -- Up-to-date symlink: /home/aurora/RM25/install/rm_robot_description_sim/share/rm_robot_description_sim/launch/install/local_setup.sh
[1.942s] -- Up-to-date symlink: /home/aurora/RM25/install/rm_robot_description_sim/share/rm_robot_description_sim/launch/install/local_setup.zsh
[1.942s] -- Up-to-date symlink: /home/aurora/RM25/install/rm_robot_description_sim/share/rm_robot_description_sim/launch/install/setup.bash
[1.942s] -- Up-to-date symlink: /home/aurora/RM25/install/rm_robot_description_sim/share/rm_robot_description_sim/launch/install/setup.ps1
[1.942s] -- Up-to-date symlink: /home/aurora/RM25/install/rm_robot_description_sim/share/rm_robot_description_sim/launch/install/setup.sh
[1.943s] -- Up-to-date symlink: /home/aurora/RM25/install/rm_robot_description_sim/share/rm_robot_description_sim/launch/install/setup.zsh
[1.943s] -- Up-to-date symlink: /home/aurora/RM25/install/rm_robot_description_sim/share/rm_robot_description_sim/launch/log/COLCON_IGNORE
[1.943s] -- Up-to-date symlink: /home/aurora/RM25/install/rm_robot_description_sim/share/rm_robot_description_sim/launch/log/build_2024-11-12_20-59-25/events.log
[1.944s] -- Up-to-date symlink: /home/aurora/RM25/install/rm_robot_description_sim/share/rm_robot_description_sim/launch/log/build_2024-11-12_20-59-25/logger_all.log
[1.945s] -- Up-to-date symlink: /home/aurora/RM25/install/rm_robot_description_sim/share/rm_robot_description_sim/launch/log/build_2024-11-14_12-02-55/events.log
[1.945s] -- Up-to-date symlink: /home/aurora/RM25/install/rm_robot_description_sim/share/rm_robot_description_sim/launch/log/build_2024-11-14_12-02-55/logger_all.log
[1.945s] -- Up-to-date symlink: /home/aurora/RM25/install/rm_robot_description_sim/share/rm_robot_description_sim/launch/log/latest/events.log
[1.945s] -- Up-to-date symlink: /home/aurora/RM25/install/rm_robot_description_sim/share/rm_robot_description_sim/launch/log/latest/logger_all.log
[1.945s] -- Up-to-date symlink: /home/aurora/RM25/install/rm_robot_description_sim/share/rm_robot_description_sim/launch/log/latest_build/events.log
[1.945s] -- Up-to-date symlink: /home/aurora/RM25/install/rm_robot_description_sim/share/rm_robot_description_sim/launch/log/latest_build/logger_all.log
[1.945s] -- Up-to-date symlink: /home/aurora/RM25/install/rm_robot_description_sim/share/rm_robot_description_sim/launch/mid360.launch.py
[1.945s] -- Up-to-date symlink: /home/aurora/RM25/install/rm_robot_description_sim/share/rm_robot_description_sim/launch/rm_simulation.launch.py
[1.945s] -- Up-to-date symlink: /home/aurora/RM25/install/rm_robot_description_sim/share/rm_robot_description_sim/launch/robot,launch.py
[1.945s] -- Up-to-date symlink: /home/aurora/RM25/install/rm_robot_description_sim/share/rm_robot_description_sim/launch/robot.launch.py
[1.945s] -- Up-to-date symlink: /home/aurora/RM25/install/rm_robot_description_sim/share/rm_robot_description_sim/launch/robotv2.launch.py
[1.946s] [33mCMake Warning (dev) at ament_cmake_symlink_install/ament_cmake_symlink_install.cmake:62 (file):
[1.946s]   Policy CMP0009 is not set: FILE GLOB_RECURSE calls should not follow
[1.946s]   symlinks by default.  Run "cmake --help-policy CMP0009" for policy details.
[1.946s]   Use the cmake_policy command to set the policy and suppress this warning.
[1.946s] Call Stack (most recent call first):
[1.946s]   ament_cmake_symlink_install/ament_cmake_symlink_install.cmake:326 (ament_cmake_symlink_install_directory)
[1.946s]   cmake_install.cmake:46 (include)
[1.946s] This warning is for project developers.  Use -Wno-dev to suppress it.
[1.946s] [0m
[1.946s] -- Up-to-date symlink: /home/aurora/RM25/install/rm_robot_description_sim/share/rm_robot_description_sim/launch/build/.built_by
[1.946s] -- Up-to-date symlink: /home/aurora/RM25/install/rm_robot_description_sim/share/rm_robot_description_sim/launch/build/COLCON_IGNORE
[1.946s] -- Up-to-date symlink: /home/aurora/RM25/install/rm_robot_description_sim/share/rm_robot_description_sim/launch/install/.colcon_install_layout
[1.946s] -- Up-to-date symlink: /home/aurora/RM25/install/rm_robot_description_sim/share/rm_robot_description_sim/launch/install/COLCON_IGNORE
[1.946s] -- Up-to-date symlink: /home/aurora/RM25/install/rm_robot_description_sim/share/rm_robot_description_sim/launch/install/_local_setup_util_ps1.py
[1.946s] -- Up-to-date symlink: /home/aurora/RM25/install/rm_robot_description_sim/share/rm_robot_description_sim/launch/install/_local_setup_util_sh.py
[1.946s] -- Up-to-date symlink: /home/aurora/RM25/install/rm_robot_description_sim/share/rm_robot_description_sim/launch/install/local_setup.bash
[1.946s] -- Up-to-date symlink: /home/aurora/RM25/install/rm_robot_description_sim/share/rm_robot_description_sim/launch/install/local_setup.ps1
[1.946s] -- Up-to-date symlink: /home/aurora/RM25/install/rm_robot_description_sim/share/rm_robot_description_sim/launch/install/local_setup.sh
[1.946s] -- Up-to-date symlink: /home/aurora/RM25/install/rm_robot_description_sim/share/rm_robot_description_sim/launch/install/local_setup.zsh
[1.946s] -- Up-to-date symlink: /home/aurora/RM25/install/rm_robot_description_sim/share/rm_robot_description_sim/launch/install/setup.bash
[1.946s] -- Up-to-date symlink: /home/aurora/RM25/install/rm_robot_description_sim/share/rm_robot_description_sim/launch/install/setup.ps1
[1.946s] -- Up-to-date symlink: /home/aurora/RM25/install/rm_robot_description_sim/share/rm_robot_description_sim/launch/install/setup.sh
[1.946s] -- Up-to-date symlink: /home/aurora/RM25/install/rm_robot_description_sim/share/rm_robot_description_sim/launch/install/setup.zsh
[1.947s] -- Up-to-date symlink: /home/aurora/RM25/install/rm_robot_description_sim/share/rm_robot_description_sim/launch/log/COLCON_IGNORE
[1.947s] -- Up-to-date symlink: /home/aurora/RM25/install/rm_robot_description_sim/share/rm_robot_description_sim/launch/log/build_2024-11-12_20-59-25/events.log
[1.947s] -- Up-to-date symlink: /home/aurora/RM25/install/rm_robot_description_sim/share/rm_robot_description_sim/launch/log/build_2024-11-12_20-59-25/logger_all.log
[1.947s] -- Up-to-date symlink: /home/aurora/RM25/install/rm_robot_description_sim/share/rm_robot_description_sim/launch/log/build_2024-11-14_12-02-55/events.log
[1.947s] -- Up-to-date symlink: /home/aurora/RM25/install/rm_robot_description_sim/share/rm_robot_description_sim/launch/log/build_2024-11-14_12-02-55/logger_all.log
[1.947s] -- Up-to-date symlink: /home/aurora/RM25/install/rm_robot_description_sim/share/rm_robot_description_sim/launch/log/latest/events.log
[1.947s] -- Up-to-date symlink: /home/aurora/RM25/install/rm_robot_description_sim/share/rm_robot_description_sim/launch/log/latest/logger_all.log
[1.947s] -- Up-to-date symlink: /home/aurora/RM25/install/rm_robot_description_sim/share/rm_robot_description_sim/launch/log/latest_build/events.log
[1.947s] -- Up-to-date symlink: /home/aurora/RM25/install/rm_robot_description_sim/share/rm_robot_description_sim/launch/log/latest_build/logger_all.log
[1.947s] -- Up-to-date symlink: /home/aurora/RM25/install/rm_robot_description_sim/share/rm_robot_description_sim/launch/mid360.launch.py
[1.947s] -- Up-to-date symlink: /home/aurora/RM25/install/rm_robot_description_sim/share/rm_robot_description_sim/launch/rm_simulation.launch.py
[1.947s] -- Up-to-date symlink: /home/aurora/RM25/install/rm_robot_description_sim/share/rm_robot_description_sim/launch/robot,launch.py
[1.947s] -- Up-to-date symlink: /home/aurora/RM25/install/rm_robot_description_sim/share/rm_robot_description_sim/launch/robot.launch.py
[1.947s] -- Up-to-date symlink: /home/aurora/RM25/install/rm_robot_description_sim/share/rm_robot_description_sim/launch/robotv2.launch.py
[1.947s] -- Up-to-date symlink: /home/aurora/RM25/install/rm_robot_description_sim/share/rm_robot_description_sim/urdf/four_omniwheel_robot.urdf
[1.947s] -- Up-to-date symlink: /home/aurora/RM25/install/rm_robot_description_sim/share/rm_robot_description_sim/urdf/mid360.urdf
[1.947s] -- Up-to-date symlink: /home/aurora/RM25/install/rm_robot_description_sim/share/rm_robot_description_sim/urdf/mid360.xacro
[1.947s] -- Up-to-date symlink: /home/aurora/RM25/install/rm_robot_description_sim/share/rm_robot_description_sim/urdf/robot.urdf.xacro
[1.947s] -- Up-to-date symlink: /home/aurora/RM25/install/rm_robot_description_sim/share/rm_robot_description_sim/urdf/sim_robot.urdf
[1.947s] -- Up-to-date symlink: /home/aurora/RM25/install/rm_robot_description_sim/share/rm_robot_description_sim/urdf/simulation_waking_robot.xacro
[1.948s] -- Up-to-date symlink: /home/aurora/RM25/install/rm_robot_description_sim/share/rm_robot_description_sim/meshes/RMUC_2024.stl
[1.948s] -- Up-to-date symlink: /home/aurora/RM25/install/rm_robot_description_sim/share/rm_robot_description_sim/meshes/RMUL_2024.stl
[1.948s] -- Up-to-date symlink: /home/aurora/RM25/install/rm_robot_description_sim/share/rm_robot_description_sim/meshes/base_link.STL
[1.948s] -- Up-to-date symlink: /home/aurora/RM25/install/rm_robot_description_sim/share/rm_robot_description_sim/meshes/controller_link.STL
[1.948s] -- Up-to-date symlink: /home/aurora/RM25/install/rm_robot_description_sim/share/rm_robot_description_sim/meshes/display.launch
[1.948s] -- Up-to-date symlink: /home/aurora/RM25/install/rm_robot_description_sim/share/rm_robot_description_sim/meshes/display.launch.py
[1.948s] -- Up-to-date symlink: /home/aurora/RM25/install/rm_robot_description_sim/share/rm_robot_description_sim/meshes/gazebo.launch
[1.948s] -- Up-to-date symlink: /home/aurora/RM25/install/rm_robot_description_sim/share/rm_robot_description_sim/meshes/gazebo.launch.py
[1.948s] -- Up-to-date symlink: /home/aurora/RM25/install/rm_robot_description_sim/share/rm_robot_description_sim/meshes/mid360.stl
[1.948s] -- Up-to-date symlink: /home/aurora/RM25/install/rm_robot_description_sim/share/rm_robot_description_sim/meshes/mid360laser_link.STL
[1.948s] -- Up-to-date symlink: /home/aurora/RM25/install/rm_robot_description_sim/share/rm_robot_description_sim/meshes/obstacles/obstacle1/model.config
[1.948s] -- Up-to-date symlink: /home/aurora/RM25/install/rm_robot_description_sim/share/rm_robot_description_sim/meshes/obstacles/obstacle1/model.sdf
[1.948s] -- Up-to-date symlink: /home/aurora/RM25/install/rm_robot_description_sim/share/rm_robot_description_sim/meshes/obstacles/obstacle10/model.config
[1.948s] -- Up-to-date symlink: /home/aurora/RM25/install/rm_robot_description_sim/share/rm_robot_description_sim/meshes/obstacles/obstacle10/model.sdf
[1.948s] -- Up-to-date symlink: /home/aurora/RM25/install/rm_robot_description_sim/share/rm_robot_description_sim/meshes/obstacles/obstacle11/model.config
[1.948s] -- Up-to-date symlink: /home/aurora/RM25/install/rm_robot_description_sim/share/rm_robot_description_sim/meshes/obstacles/obstacle11/model.sdf
[1.948s] -- Up-to-date symlink: /home/aurora/RM25/install/rm_robot_description_sim/share/rm_robot_description_sim/meshes/obstacles/obstacle12/model.config
[1.948s] -- Up-to-date symlink: /home/aurora/RM25/install/rm_robot_description_sim/share/rm_robot_description_sim/meshes/obstacles/obstacle12/model.sdf
[1.948s] -- Up-to-date symlink: /home/aurora/RM25/install/rm_robot_description_sim/share/rm_robot_description_sim/meshes/obstacles/obstacle2/model.config
[1.949s] -- Up-to-date symlink: /home/aurora/RM25/install/rm_robot_description_sim/share/rm_robot_description_sim/meshes/obstacles/obstacle2/model.sdf
[1.949s] -- Up-to-date symlink: /home/aurora/RM25/install/rm_robot_description_sim/share/rm_robot_description_sim/meshes/obstacles/obstacle3/model.config
[1.949s] -- Up-to-date symlink: /home/aurora/RM25/install/rm_robot_description_sim/share/rm_robot_description_sim/meshes/obstacles/obstacle3/model.sdf
[1.949s] -- Up-to-date symlink: /home/aurora/RM25/install/rm_robot_description_sim/share/rm_robot_description_sim/meshes/obstacles/obstacle4/model.config
[1.949s] -- Up-to-date symlink: /home/aurora/RM25/install/rm_robot_description_sim/share/rm_robot_description_sim/meshes/obstacles/obstacle4/model.sdf
[1.949s] -- Up-to-date symlink: /home/aurora/RM25/install/rm_robot_description_sim/share/rm_robot_description_sim/meshes/obstacles/obstacle5/model.config
[1.949s] -- Up-to-date symlink: /home/aurora/RM25/install/rm_robot_description_sim/share/rm_robot_description_sim/meshes/obstacles/obstacle5/model.sdf
[1.949s] -- Up-to-date symlink: /home/aurora/RM25/install/rm_robot_description_sim/share/rm_robot_description_sim/meshes/obstacles/obstacle6/model.config
[1.949s] -- Up-to-date symlink: /home/aurora/RM25/install/rm_robot_description_sim/share/rm_robot_description_sim/meshes/obstacles/obstacle6/model.sdf
[1.949s] -- Up-to-date symlink: /home/aurora/RM25/install/rm_robot_description_sim/share/rm_robot_description_sim/meshes/obstacles/obstacle7/model.config
[1.949s] -- Up-to-date symlink: /home/aurora/RM25/install/rm_robot_description_sim/share/rm_robot_description_sim/meshes/obstacles/obstacle7/model.sdf
[1.949s] -- Up-to-date symlink: /home/aurora/RM25/install/rm_robot_description_sim/share/rm_robot_description_sim/meshes/obstacles/obstacle8/model.config
[1.949s] -- Up-to-date symlink: /home/aurora/RM25/install/rm_robot_description_sim/share/rm_robot_description_sim/meshes/obstacles/obstacle8/model.sdf
[1.949s] -- Up-to-date symlink: /home/aurora/RM25/install/rm_robot_description_sim/share/rm_robot_description_sim/meshes/obstacles/obstacle9/model.config
[1.949s] -- Up-to-date symlink: /home/aurora/RM25/install/rm_robot_description_sim/share/rm_robot_description_sim/meshes/obstacles/obstacle9/model.sdf
[1.949s] -- Up-to-date symlink: /home/aurora/RM25/install/rm_robot_description_sim/share/rm_robot_description_sim/meshes/obstacles/obstacle_plugin/CMakeLists.txt
[1.949s] -- Up-to-date symlink: /home/aurora/RM25/install/rm_robot_description_sim/share/rm_robot_description_sim/meshes/obstacles/obstacle_plugin/lib/libobstacle1.so
[1.950s] -- Up-to-date symlink: /home/aurora/RM25/install/rm_robot_description_sim/share/rm_robot_description_sim/meshes/obstacles/obstacle_plugin/lib/libobstacle10.so
[1.950s] -- Up-to-date symlink: /home/aurora/RM25/install/rm_robot_description_sim/share/rm_robot_description_sim/meshes/obstacles/obstacle_plugin/lib/libobstacle11.so
[1.950s] -- Up-to-date symlink: /home/aurora/RM25/install/rm_robot_description_sim/share/rm_robot_description_sim/meshes/obstacles/obstacle_plugin/lib/libobstacle12.so
[1.950s] -- Up-to-date symlink: /home/aurora/RM25/install/rm_robot_description_sim/share/rm_robot_description_sim/meshes/obstacles/obstacle_plugin/lib/libobstacle2.so
[1.950s] -- Up-to-date symlink: /home/aurora/RM25/install/rm_robot_description_sim/share/rm_robot_description_sim/meshes/obstacles/obstacle_plugin/lib/libobstacle3.so
[1.950s] -- Up-to-date symlink: /home/aurora/RM25/install/rm_robot_description_sim/share/rm_robot_description_sim/meshes/obstacles/obstacle_plugin/lib/libobstacle4.so
[1.950s] -- Up-to-date symlink: /home/aurora/RM25/install/rm_robot_description_sim/share/rm_robot_description_sim/meshes/obstacles/obstacle_plugin/lib/libobstacle5.so
[1.950s] -- Up-to-date symlink: /home/aurora/RM25/install/rm_robot_description_sim/share/rm_robot_description_sim/meshes/obstacles/obstacle_plugin/lib/libobstacle6.so
[1.950s] -- Up-to-date symlink: /home/aurora/RM25/install/rm_robot_description_sim/share/rm_robot_description_sim/meshes/obstacles/obstacle_plugin/lib/libobstacle7.so
[1.950s] -- Up-to-date symlink: /home/aurora/RM25/install/rm_robot_description_sim/share/rm_robot_description_sim/meshes/obstacles/obstacle_plugin/lib/libobstacle8.so
[1.950s] -- Up-to-date symlink: /home/aurora/RM25/install/rm_robot_description_sim/share/rm_robot_description_sim/meshes/obstacles/obstacle_plugin/lib/libobstacle9.so
[1.950s] -- Up-to-date symlink: /home/aurora/RM25/install/rm_robot_description_sim/share/rm_robot_description_sim/meshes/obstacles/obstacle_plugin/lib/libobstacles.so
[1.950s] -- Up-to-date symlink: /home/aurora/RM25/install/rm_robot_description_sim/share/rm_robot_description_sim/meshes/obstacles/obstacle_plugin/obstacle1.cc
[1.950s] -- Up-to-date symlink: /home/aurora/RM25/install/rm_robot_description_sim/share/rm_robot_description_sim/meshes/obstacles/obstacle_plugin/obstacle10.cc
[1.950s] -- Up-to-date symlink: /home/aurora/RM25/install/rm_robot_description_sim/share/rm_robot_description_sim/meshes/obstacles/obstacle_plugin/obstacle11.cc
[1.950s] -- Up-to-date symlink: /home/aurora/RM25/install/rm_robot_description_sim/share/rm_robot_description_sim/meshes/obstacles/obstacle_plugin/obstacle12.cc
[1.950s] -- Up-to-date symlink: /home/aurora/RM25/install/rm_robot_description_sim/share/rm_robot_description_sim/meshes/obstacles/obstacle_plugin/obstacle13.cc
[1.950s] -- Up-to-date symlink: /home/aurora/RM25/install/rm_robot_description_sim/share/rm_robot_description_sim/meshes/obstacles/obstacle_plugin/obstacle2.cc
[1.950s] -- Up-to-date symlink: /home/aurora/RM25/install/rm_robot_description_sim/share/rm_robot_description_sim/meshes/obstacles/obstacle_plugin/obstacle3.cc
[1.950s] -- Up-to-date symlink: /home/aurora/RM25/install/rm_robot_description_sim/share/rm_robot_description_sim/meshes/obstacles/obstacle_plugin/obstacle4.cc
[1.950s] -- Up-to-date symlink: /home/aurora/RM25/install/rm_robot_description_sim/share/rm_robot_description_sim/meshes/obstacles/obstacle_plugin/obstacle5.cc
[1.950s] -- Up-to-date symlink: /home/aurora/RM25/install/rm_robot_description_sim/share/rm_robot_description_sim/meshes/obstacles/obstacle_plugin/obstacle6.cc
[1.950s] -- Up-to-date symlink: /home/aurora/RM25/install/rm_robot_description_sim/share/rm_robot_description_sim/meshes/obstacles/obstacle_plugin/obstacle7.cc
[1.950s] -- Up-to-date symlink: /home/aurora/RM25/install/rm_robot_description_sim/share/rm_robot_description_sim/meshes/obstacles/obstacle_plugin/obstacle8.cc
[1.950s] -- Up-to-date symlink: /home/aurora/RM25/install/rm_robot_description_sim/share/rm_robot_description_sim/meshes/obstacles/obstacle_plugin/obstacle9.cc
[1.950s] -- Up-to-date symlink: /home/aurora/RM25/install/rm_robot_description_sim/share/rm_robot_description_sim/meshes/obstacles/obstacle_plugin/obstacles.cc
[1.950s] -- Up-to-date symlink: /home/aurora/RM25/install/rm_robot_description_sim/share/rm_robot_description_sim/meshes/omniwheel1_link.STL
[1.950s] -- Up-to-date symlink: /home/aurora/RM25/install/rm_robot_description_sim/share/rm_robot_description_sim/meshes/omniwheel2_link.STL
[1.950s] -- Up-to-date symlink: /home/aurora/RM25/install/rm_robot_description_sim/share/rm_robot_description_sim/meshes/omniwheel3_link.STL
[1.950s] -- Up-to-date symlink: /home/aurora/RM25/install/rm_robot_description_sim/share/rm_robot_description_sim/meshes/omniwheel4_link.STL
[1.950s] -- Up-to-date symlink: /home/aurora/RM25/install/rm_robot_description_sim/share/rm_robot_description_sim/world/25UL/RMUL25.world
[1.950s] -- Up-to-date symlink: /home/aurora/RM25/install/rm_robot_description_sim/share/rm_robot_description_sim/world/25UL/model.config
[1.950s] -- Up-to-date symlink: /home/aurora/RM25/install/rm_robot_description_sim/share/rm_robot_description_sim/world/25UL/model.sdf
[1.950s] -- Up-to-date symlink: /home/aurora/RM25/install/rm_robot_description_sim/share/rm_robot_description_sim/world/RMUC24_world.world
[1.950s] -- Up-to-date symlink: /home/aurora/RM25/install/rm_robot_description_sim/share/rm_robot_description_sim/world/RMUL25.world
[1.950s] -- Up-to-date symlink: /home/aurora/RM25/install/rm_robot_description_sim/share/rm_robot_description_sim/world/my_world.world
[1.950s] -- Up-to-date symlink: /home/aurora/RM25/install/rm_robot_description_sim/share/rm_robot_description_sim/world/rmul/RMUL25.world
[1.950s] -- Up-to-date symlink: /home/aurora/RM25/install/rm_robot_description_sim/share/rm_robot_description_sim/world/rmul/model.config
[1.950s] -- Up-to-date symlink: /home/aurora/RM25/install/rm_robot_description_sim/share/rm_robot_description_sim/world/rmul/model.sdf
[1.950s] -- Up-to-date symlink: /home/aurora/RM25/install/rm_robot_description_sim/share/rm_robot_description_sim/rviz/fastlio.rviz
[1.951s] -- Up-to-date symlink: /home/aurora/RM25/install/rm_robot_description_sim/share/rm_robot_description_sim/rviz/rviz2.rviz
[1.951s] -- Up-to-date symlink: /home/aurora/RM25/install/rm_robot_description_sim/share/rm_robot_description_sim/rviz/urdf_config.rviz
[1.951s] -- Symlinking: /home/aurora/RM25/install/rm_robot_description_sim/share/rm_robot_description_sim/xacro/four_omniwheel_robot.xacro
[1.953s] -- Symlinking: /home/aurora/RM25/install/rm_robot_description_sim/share/rm_robot_description_sim/xacro/livox_mid360.xacro
[1.961s] -- Symlinking: /home/aurora/RM25/install/rm_robot_description_sim/share/ament_index/resource_index/package_run_dependencies/rm_robot_description_sim
[1.970s] -- Symlinking: /home/aurora/RM25/install/rm_robot_description_sim/share/ament_index/resource_index/parent_prefix_path/rm_robot_description_sim
[1.979s] -- Symlinking: /home/aurora/RM25/install/rm_robot_description_sim/share/rm_robot_description_sim/environment/ament_prefix_path.sh
[1.985s] -- Symlinking: /home/aurora/RM25/install/rm_robot_description_sim/share/rm_robot_description_sim/environment/ament_prefix_path.dsv
[1.991s] -- Symlinking: /home/aurora/RM25/install/rm_robot_description_sim/share/rm_robot_description_sim/environment/path.sh
[2.000s] -- Symlinking: /home/aurora/RM25/install/rm_robot_description_sim/share/rm_robot_description_sim/environment/path.dsv
[2.007s] -- Symlinking: /home/aurora/RM25/install/rm_robot_description_sim/share/rm_robot_description_sim/local_setup.bash
[2.014s] -- Symlinking: /home/aurora/RM25/install/rm_robot_description_sim/share/rm_robot_description_sim/local_setup.sh
[2.022s] -- Symlinking: /home/aurora/RM25/install/rm_robot_description_sim/share/rm_robot_description_sim/local_setup.zsh
[2.029s] -- Symlinking: /home/aurora/RM25/install/rm_robot_description_sim/share/rm_robot_description_sim/local_setup.dsv
[2.036s] -- Symlinking: /home/aurora/RM25/install/rm_robot_description_sim/share/rm_robot_description_sim/package.dsv
[2.042s] -- Symlinking: /home/aurora/RM25/install/rm_robot_description_sim/share/ament_index/resource_index/packages/rm_robot_description_sim
[2.048s] -- Symlinking: /home/aurora/RM25/install/rm_robot_description_sim/share/rm_robot_description_sim/cmake/ament_cmake_export_dependencies-extras.cmake
[2.054s] -- Symlinking: /home/aurora/RM25/install/rm_robot_description_sim/share/rm_robot_description_sim/cmake/rm_robot_description_simConfig.cmake
[2.059s] -- Symlinking: /home/aurora/RM25/install/rm_robot_description_sim/share/rm_robot_description_sim/cmake/rm_robot_description_simConfig-version.cmake
[2.068s] -- Symlinking: /home/aurora/RM25/install/rm_robot_description_sim/share/rm_robot_description_sim/package.xml
[2.079s] Invoked command in '/home/aurora/RM25/build/rm_robot_description_sim' returned '0': CMAKE_PREFIX_PATH=/home/aurora/RM25/install/livox_interfaces:/home/aurora/RM25/install/ros2_livox_simulation:/home/aurora/RM25/install/rm_robot_description_sim:/home/aurora/RM25/install/rm_robot_description:/home/aurora/RM25/install/fast_lio:/home/aurora/RM25/install/livox_ros_driver2:/home/aurora/ros_ws/install/rmul24_gazebo_simulator:/home/aurora/ros_ws/install/rmoss_gz_cam:/home/aurora/ros_ws/install/rmoss_core:/home/aurora/ros_ws/install/rmoss_cam:/home/aurora/ros_ws/install/rmoss_util:/home/aurora/ros_ws/install/rmoss_projectile_motion:/home/aurora/ros_ws/install/rmoss_gz_bridge:/home/aurora/ros_ws/install/rmoss_gz_base:/home/aurora/ros_ws/install/rmoss_base:/home/aurora/ros_ws/install/rmoss_interfaces:/home/aurora/ros_ws/install/rmoss_gz_resources:/home/aurora/ros_ws/install/rmoss_gz_plugins:/home/aurora/RM25_aim/install/rm_vision_bringup:/home/aurora/RM25_aim/install/rm_serial_driver:/home/aurora/RM25_aim/install/rm_gimbal_description:/home/aurora/RM25_aim/install/hik_camera:/home/aurora/RM25_aim/install/armor_tracker:/home/aurora/RM25_aim/install/armor_detector:/home/aurora/RM25_aim/install/auto_aim_interfaces:/home/aurora/RM25/src/install/ros2_livox_simulation:/home/aurora/RM25/src/install/rm_robot_description_sim:/home/aurora/RM25/src/install/rm_robot_description:/home/aurora/RM25/src/install/livox_ros_driver2:/home/aurora/ros_ws/install/sdformat_tools:/opt/ros/humble LD_LIBRARY_PATH=/home/aurora/RM25/install/livox_interfaces/lib:/home/aurora/RM25/install/ros2_livox_simulation/lib:/home/aurora/RM25/install/livox_sdk2/lib:/home/aurora/RM25/install/fast_lio/lib:/home/aurora/RM25/install/livox_ros_driver2/lib:/home/aurora/ros_ws/install/rmoss_gz_cam/lib:/home/aurora/ros_ws/install/rmoss_cam/lib:/home/aurora/ros_ws/install/rmoss_util/lib:/home/aurora/ros_ws/install/rmoss_projectile_motion/lib:/home/aurora/ros_ws/install/rmoss_gz_base/lib:/home/aurora/ros_ws/install/rmoss_base/lib:/home/aurora/ros_ws/install/rmoss_interfaces/lib:/home/aurora/RM25_aim/install/rm_serial_driver/lib:/home/aurora/RM25_aim/install/hik_camera/lib:/home/aurora/RM25_aim/install/armor_tracker/lib:/home/aurora/RM25_aim/install/armor_detector/lib:/home/aurora/RM25_aim/install/auto_aim_interfaces/lib:/home/aurora/RM25/src/install/ros2_livox_simulation/lib:/home/aurora/RM25/src/install/livox_sdk2/lib:/home/aurora/RM25/src/install/livox_ros_driver2/lib:/usr/lib/x86_64-linux-gnu/gazebo-11/plugins:/opt/ros/humble/opt/rviz_ogre_vendor/lib:/opt/ros/humble/lib/x86_64-linux-gnu:/opt/ros/humble/lib /usr/bin/cmake --install /home/aurora/RM25/build/rm_robot_description_sim
