[0.015s] Invoking command in '/home/aurora/RM25/build/rm_robot_description': CMAKE_PREFIX_PATH=${CMAKE_PREFIX_PATH}:/home/aurora/ws_helloworld/install/pkg02_helloworld_py:/opt/ros/humble /usr/bin/cmake /home/aurora/RM25/src/rm_robot_description -DCMAKE_INSTALL_PREFIX=/home/aurora/RM25/install/rm_robot_description
[0.220s] -- The C compiler identification is GNU 11.4.0
[1.054s] -- The CXX compiler identification is GNU 11.4.0
[1.727s] -- Detecting C compiler ABI info
[1.862s] -- Detecting C compiler ABI info - done
[1.866s] -- Check for working C compiler: /usr/bin/cc - skipped
[1.867s] -- Detecting C compile features
[1.867s] -- Detecting C compile features - done
[1.871s] -- Detecting CXX compiler ABI info
[2.008s] -- Detecting CXX compiler ABI info - done
[2.012s] -- Check for working CXX compiler: /usr/bin/c++ - skipped
[2.012s] -- Detecting CXX compile features
[2.012s] -- Detecting CXX compile features - done
[2.021s] -- Found ament_cmake_auto: 1.3.10 (/opt/ros/humble/share/ament_cmake_auto/cmake)
[2.106s] -- Found Python3: /usr/bin/python3 (found version "3.10.12") found components: Interpreter 
[2.204s] -- Found ament_lint_auto: 0.12.11 (/opt/ros/humble/share/ament_lint_auto/cmake)
[2.209s] -- Configuring done
[2.211s] -- Generating done
[2.212s] -- Build files have been written to: /home/aurora/RM25/build/rm_robot_description
[2.215s] Invoked command in '/home/aurora/RM25/build/rm_robot_description' returned '0': CMAKE_PREFIX_PATH=${CMAKE_PREFIX_PATH}:/home/aurora/ws_helloworld/install/pkg02_helloworld_py:/opt/ros/humble /usr/bin/cmake /home/aurora/RM25/src/rm_robot_description -DCMAKE_INSTALL_PREFIX=/home/aurora/RM25/install/rm_robot_description
[2.216s] Invoking command in '/home/aurora/RM25/build/rm_robot_description': CMAKE_PREFIX_PATH=${CMAKE_PREFIX_PATH}:/home/aurora/ws_helloworld/install/pkg02_helloworld_py:/opt/ros/humble /usr/bin/cmake --build /home/aurora/RM25/build/rm_robot_description -- -j20 -l20
[2.232s] Invoked command in '/home/aurora/RM25/build/rm_robot_description' returned '0': CMAKE_PREFIX_PATH=${CMAKE_PREFIX_PATH}:/home/aurora/ws_helloworld/install/pkg02_helloworld_py:/opt/ros/humble /usr/bin/cmake --build /home/aurora/RM25/build/rm_robot_description -- -j20 -l20
[2.249s] Invoking command in '/home/aurora/RM25/build/rm_robot_description': CMAKE_PREFIX_PATH=${CMAKE_PREFIX_PATH}:/home/aurora/ws_helloworld/install/pkg02_helloworld_py:/opt/ros/humble /usr/bin/cmake --install /home/aurora/RM25/build/rm_robot_description
[2.251s] -- Install configuration: ""
[2.252s] -- Installing: /home/aurora/RM25/install/rm_robot_description/share/rm_robot_description/urdf
[2.252s] -- Installing: /home/aurora/RM25/install/rm_robot_description/share/rm_robot_description/urdf/sim_robot.urdf
[2.252s] -- Installing: /home/aurora/RM25/install/rm_robot_description/share/rm_robot_description/urdf/robotv2.urdf
[2.252s] -- Installing: /home/aurora/RM25/install/rm_robot_description/share/rm_robot_description/urdf/robot.urdf
[2.253s] -- Installing: /home/aurora/RM25/install/rm_robot_description/share/rm_robot_description/urdf/robot.urdf.xacro
[2.253s] -- Installing: /home/aurora/RM25/install/rm_robot_description/share/rm_robot_description/urdf/simulation_robot.xacro
[2.253s] -- Installing: /home/aurora/RM25/install/rm_robot_description/share/rm_robot_description/urdf/four_omniwheel_robot.urdf
[2.253s] -- Installing: /home/aurora/RM25/install/rm_robot_description/share/rm_robot_description/urdf/mid360.xacro
[2.253s] -- Installing: /home/aurora/RM25/install/rm_robot_description/share/rm_robot_description/world
[2.253s] -- Installing: /home/aurora/RM25/install/rm_robot_description/share/rm_robot_description/world/RMUL2024_world.world
[2.254s] -- Installing: /home/aurora/RM25/install/rm_robot_description/share/rm_robot_description/world/RMUC2024_world.world
[2.254s] -- Installing: /home/aurora/RM25/install/rm_robot_description/share/rm_robot_description/world/my_world.world
[2.254s] -- Installing: /home/aurora/RM25/install/rm_robot_description/share/rm_robot_description/rviz
[2.254s] -- Installing: /home/aurora/RM25/install/rm_robot_description/share/rm_robot_description/rviz/fastlio.rviz
[2.256s] -- Installing: /home/aurora/RM25/install/rm_robot_description/share/rm_robot_description/rviz/urdf_config.rviz
[2.257s] -- Installing: /home/aurora/RM25/install/rm_robot_description/share/rm_robot_description/rviz/rviz2.rviz
[2.257s] -- Installing: /home/aurora/RM25/install/rm_robot_description/share/rm_robot_description/launch
[2.257s] -- Installing: /home/aurora/RM25/install/rm_robot_description/share/rm_robot_description/launch/build
[2.258s] -- Installing: /home/aurora/RM25/install/rm_robot_description/share/rm_robot_description/launch/build/COLCON_IGNORE
[2.258s] -- Installing: /home/aurora/RM25/install/rm_robot_description/share/rm_robot_description/launch/build/.built_by
[2.258s] -- Installing: /home/aurora/RM25/install/rm_robot_description/share/rm_robot_description/launch/log
[2.258s] -- Installing: /home/aurora/RM25/install/rm_robot_description/share/rm_robot_description/launch/log/build_2024-11-12_20-59-25
[2.258s] -- Installing: /home/aurora/RM25/install/rm_robot_description/share/rm_robot_description/launch/log/build_2024-11-12_20-59-25/logger_all.log
[2.258s] -- Installing: /home/aurora/RM25/install/rm_robot_description/share/rm_robot_description/launch/log/build_2024-11-12_20-59-25/events.log
[2.258s] -- Installing: /home/aurora/RM25/install/rm_robot_description/share/rm_robot_description/launch/log/latest_build
[2.258s] -- Installing: /home/aurora/RM25/install/rm_robot_description/share/rm_robot_description/launch/log/latest
[2.258s] -- Installing: /home/aurora/RM25/install/rm_robot_description/share/rm_robot_description/launch/log/build_2024-11-14_12-02-55
[2.258s] -- Installing: /home/aurora/RM25/install/rm_robot_description/share/rm_robot_description/launch/log/build_2024-11-14_12-02-55/logger_all.log
[2.259s] -- Installing: /home/aurora/RM25/install/rm_robot_description/share/rm_robot_description/launch/log/build_2024-11-14_12-02-55/events.log
[2.259s] -- Installing: /home/aurora/RM25/install/rm_robot_description/share/rm_robot_description/launch/log/COLCON_IGNORE
[2.259s] -- Installing: /home/aurora/RM25/install/rm_robot_description/share/rm_robot_description/launch/display.launch.py
[2.259s] -- Installing: /home/aurora/RM25/install/rm_robot_description/share/rm_robot_description/launch/install
[2.259s] -- Installing: /home/aurora/RM25/install/rm_robot_description/share/rm_robot_description/launch/install/setup.ps1
[2.259s] -- Installing: /home/aurora/RM25/install/rm_robot_description/share/rm_robot_description/launch/install/setup.sh
[2.259s] -- Installing: /home/aurora/RM25/install/rm_robot_description/share/rm_robot_description/launch/install/setup.zsh
[2.260s] -- Installing: /home/aurora/RM25/install/rm_robot_description/share/rm_robot_description/launch/install/local_setup.bash
[2.260s] -- Installing: /home/aurora/RM25/install/rm_robot_description/share/rm_robot_description/launch/install/COLCON_IGNORE
[2.260s] -- Installing: /home/aurora/RM25/install/rm_robot_description/share/rm_robot_description/launch/install/setup.bash
[2.260s] -- Installing: /home/aurora/RM25/install/rm_robot_description/share/rm_robot_description/launch/install/_local_setup_util_sh.py
[2.260s] -- Installing: /home/aurora/RM25/install/rm_robot_description/share/rm_robot_description/launch/install/local_setup.ps1
[2.261s] -- Installing: /home/aurora/RM25/install/rm_robot_description/share/rm_robot_description/launch/install/_local_setup_util_ps1.py
[2.261s] -- Installing: /home/aurora/RM25/install/rm_robot_description/share/rm_robot_description/launch/install/local_setup.zsh
[2.261s] -- Installing: /home/aurora/RM25/install/rm_robot_description/share/rm_robot_description/launch/install/.colcon_install_layout
[2.261s] -- Installing: /home/aurora/RM25/install/rm_robot_description/share/rm_robot_description/launch/install/local_setup.sh
[2.261s] -- Installing: /home/aurora/RM25/install/rm_robot_description/share/rm_robot_description/launch/robot.launch.py
[2.261s] -- Installing: /home/aurora/RM25/install/rm_robot_description/share/rm_robot_description/launch/robotv2.launch.py
[2.261s] -- Installing: /home/aurora/RM25/install/rm_robot_description/share/rm_robot_description/launch/__pycache__
[2.262s] -- Installing: /home/aurora/RM25/install/rm_robot_description/share/rm_robot_description/launch/__pycache__/display.launch.cpython-310.pyc
[2.262s] -- Installing: /home/aurora/RM25/install/rm_robot_description/share/rm_robot_description/launch/__pycache__/robot.launch.cpython-310.pyc
[2.262s] -- Installing: /home/aurora/RM25/install/rm_robot_description/share/rm_robot_description/launch/__pycache__/robotv2.launch.cpython-310.pyc
[2.262s] -- Installing: /home/aurora/RM25/install/rm_robot_description/share/rm_robot_description/launch/__pycache__/rm_simulation.launch.cpython-310.pyc
[2.262s] -- Installing: /home/aurora/RM25/install/rm_robot_description/share/rm_robot_description/launch/rm_simulation.launch.py
[2.262s] -- Installing: /home/aurora/RM25/install/rm_robot_description/share/rm_robot_description/meshes
[2.262s] -- Installing: /home/aurora/RM25/install/rm_robot_description/share/rm_robot_description/meshes/gazebo.launch.py
[2.262s] -- Installing: /home/aurora/RM25/install/rm_robot_description/share/rm_robot_description/meshes/omniwheel1_link.STL
[2.268s] -- Installing: /home/aurora/RM25/install/rm_robot_description/share/rm_robot_description/meshes/display.launch.py
[2.268s] -- Installing: /home/aurora/RM25/install/rm_robot_description/share/rm_robot_description/meshes/RMUL_2024.stl
[2.299s] -- Installing: /home/aurora/RM25/install/rm_robot_description/share/rm_robot_description/meshes/mid360.stl
[2.305s] -- Installing: /home/aurora/RM25/install/rm_robot_description/share/rm_robot_description/meshes/display.launch
[2.305s] -- Installing: /home/aurora/RM25/install/rm_robot_description/share/rm_robot_description/meshes/mid360laser_link.STL
[2.311s] -- Installing: /home/aurora/RM25/install/rm_robot_description/share/rm_robot_description/meshes/RMUC_2024.stl
[2.312s] -- Installing: /home/aurora/RM25/install/rm_robot_description/share/rm_robot_description/meshes/omniwheel3_link.STL
[2.319s] -- Installing: /home/aurora/RM25/install/rm_robot_description/share/rm_robot_description/meshes/omniwheel4_link.STL
[2.325s] -- Installing: /home/aurora/RM25/install/rm_robot_description/share/rm_robot_description/meshes/base_link.STL
[2.325s] -- Installing: /home/aurora/RM25/install/rm_robot_description/share/rm_robot_description/meshes/gazebo.launch
[2.325s] -- Installing: /home/aurora/RM25/install/rm_robot_description/share/rm_robot_description/meshes/omniwheel2_link.STL
[2.331s] -- Installing: /home/aurora/RM25/install/rm_robot_description/share/rm_robot_description/meshes/controller_link.STL
[2.332s] -- Up-to-date: /home/aurora/RM25/install/rm_robot_description/share/rm_robot_description/launch
[2.332s] -- Up-to-date: /home/aurora/RM25/install/rm_robot_description/share/rm_robot_description/launch/build
[2.332s] -- Up-to-date: /home/aurora/RM25/install/rm_robot_description/share/rm_robot_description/launch/build/COLCON_IGNORE
[2.332s] -- Up-to-date: /home/aurora/RM25/install/rm_robot_description/share/rm_robot_description/launch/build/.built_by
[2.332s] -- Up-to-date: /home/aurora/RM25/install/rm_robot_description/share/rm_robot_description/launch/log
[2.332s] -- Up-to-date: /home/aurora/RM25/install/rm_robot_description/share/rm_robot_description/launch/log/build_2024-11-12_20-59-25
[2.332s] -- Up-to-date: /home/aurora/RM25/install/rm_robot_description/share/rm_robot_description/launch/log/build_2024-11-12_20-59-25/logger_all.log
[2.332s] -- Up-to-date: /home/aurora/RM25/install/rm_robot_description/share/rm_robot_description/launch/log/build_2024-11-12_20-59-25/events.log
[2.333s] -- Up-to-date: /home/aurora/RM25/install/rm_robot_description/share/rm_robot_description/launch/log/latest_build
[2.333s] -- Up-to-date: /home/aurora/RM25/install/rm_robot_description/share/rm_robot_description/launch/log/latest
[2.333s] -- Up-to-date: /home/aurora/RM25/install/rm_robot_description/share/rm_robot_description/launch/log/build_2024-11-14_12-02-55
[2.333s] -- Up-to-date: /home/aurora/RM25/install/rm_robot_description/share/rm_robot_description/launch/log/build_2024-11-14_12-02-55/logger_all.log
[2.333s] -- Up-to-date: /home/aurora/RM25/install/rm_robot_description/share/rm_robot_description/launch/log/build_2024-11-14_12-02-55/events.log
[2.333s] -- Up-to-date: /home/aurora/RM25/install/rm_robot_description/share/rm_robot_description/launch/log/COLCON_IGNORE
[2.333s] -- Up-to-date: /home/aurora/RM25/install/rm_robot_description/share/rm_robot_description/launch/display.launch.py
[2.333s] -- Up-to-date: /home/aurora/RM25/install/rm_robot_description/share/rm_robot_description/launch/install
[2.333s] -- Up-to-date: /home/aurora/RM25/install/rm_robot_description/share/rm_robot_description/launch/install/setup.ps1
[2.333s] -- Up-to-date: /home/aurora/RM25/install/rm_robot_description/share/rm_robot_description/launch/install/setup.sh
[2.333s] -- Up-to-date: /home/aurora/RM25/install/rm_robot_description/share/rm_robot_description/launch/install/setup.zsh
[2.333s] -- Up-to-date: /home/aurora/RM25/install/rm_robot_description/share/rm_robot_description/launch/install/local_setup.bash
[2.333s] -- Up-to-date: /home/aurora/RM25/install/rm_robot_description/share/rm_robot_description/launch/install/COLCON_IGNORE
[2.334s] -- Up-to-date: /home/aurora/RM25/install/rm_robot_description/share/rm_robot_description/launch/install/setup.bash
[2.334s] -- Up-to-date: /home/aurora/RM25/install/rm_robot_description/share/rm_robot_description/launch/install/_local_setup_util_sh.py
[2.334s] -- Up-to-date: /home/aurora/RM25/install/rm_robot_description/share/rm_robot_description/launch/install/local_setup.ps1
[2.334s] -- Up-to-date: /home/aurora/RM25/install/rm_robot_description/share/rm_robot_description/launch/install/_local_setup_util_ps1.py
[2.334s] -- Up-to-date: /home/aurora/RM25/install/rm_robot_description/share/rm_robot_description/launch/install/local_setup.zsh
[2.334s] -- Up-to-date: /home/aurora/RM25/install/rm_robot_description/share/rm_robot_description/launch/install/.colcon_install_layout
[2.334s] -- Up-to-date: /home/aurora/RM25/install/rm_robot_description/share/rm_robot_description/launch/install/local_setup.sh
[2.334s] -- Up-to-date: /home/aurora/RM25/install/rm_robot_description/share/rm_robot_description/launch/robot.launch.py
[2.335s] -- Up-to-date: /home/aurora/RM25/install/rm_robot_description/share/rm_robot_description/launch/robotv2.launch.py
[2.335s] -- Up-to-date: /home/aurora/RM25/install/rm_robot_description/share/rm_robot_description/launch/__pycache__
[2.335s] -- Up-to-date: /home/aurora/RM25/install/rm_robot_description/share/rm_robot_description/launch/__pycache__/display.launch.cpython-310.pyc
[2.335s] -- Up-to-date: /home/aurora/RM25/install/rm_robot_description/share/rm_robot_description/launch/__pycache__/robot.launch.cpython-310.pyc
[2.335s] -- Up-to-date: /home/aurora/RM25/install/rm_robot_description/share/rm_robot_description/launch/__pycache__/robotv2.launch.cpython-310.pyc
[2.335s] -- Up-to-date: /home/aurora/RM25/install/rm_robot_description/share/rm_robot_description/launch/__pycache__/rm_simulation.launch.cpython-310.pyc
[2.335s] -- Up-to-date: /home/aurora/RM25/install/rm_robot_description/share/rm_robot_description/launch/rm_simulation.launch.py
[2.336s] -- Up-to-date: /home/aurora/RM25/install/rm_robot_description/share/rm_robot_description/urdf
[2.336s] -- Up-to-date: /home/aurora/RM25/install/rm_robot_description/share/rm_robot_description/urdf/sim_robot.urdf
[2.336s] -- Up-to-date: /home/aurora/RM25/install/rm_robot_description/share/rm_robot_description/urdf/robotv2.urdf
[2.336s] -- Up-to-date: /home/aurora/RM25/install/rm_robot_description/share/rm_robot_description/urdf/robot.urdf
[2.336s] -- Up-to-date: /home/aurora/RM25/install/rm_robot_description/share/rm_robot_description/urdf/robot.urdf.xacro
[2.336s] -- Up-to-date: /home/aurora/RM25/install/rm_robot_description/share/rm_robot_description/urdf/simulation_robot.xacro
[2.336s] -- Up-to-date: /home/aurora/RM25/install/rm_robot_description/share/rm_robot_description/urdf/four_omniwheel_robot.urdf
[2.336s] -- Up-to-date: /home/aurora/RM25/install/rm_robot_description/share/rm_robot_description/urdf/mid360.xacro
[2.336s] -- Up-to-date: /home/aurora/RM25/install/rm_robot_description/share/rm_robot_description/meshes
[2.336s] -- Up-to-date: /home/aurora/RM25/install/rm_robot_description/share/rm_robot_description/meshes/gazebo.launch.py
[2.336s] -- Up-to-date: /home/aurora/RM25/install/rm_robot_description/share/rm_robot_description/meshes/omniwheel1_link.STL
[2.336s] -- Up-to-date: /home/aurora/RM25/install/rm_robot_description/share/rm_robot_description/meshes/display.launch.py
[2.336s] -- Up-to-date: /home/aurora/RM25/install/rm_robot_description/share/rm_robot_description/meshes/RMUL_2024.stl
[2.337s] -- Up-to-date: /home/aurora/RM25/install/rm_robot_description/share/rm_robot_description/meshes/mid360.stl
[2.337s] -- Up-to-date: /home/aurora/RM25/install/rm_robot_description/share/rm_robot_description/meshes/display.launch
[2.337s] -- Up-to-date: /home/aurora/RM25/install/rm_robot_description/share/rm_robot_description/meshes/mid360laser_link.STL
[2.337s] -- Up-to-date: /home/aurora/RM25/install/rm_robot_description/share/rm_robot_description/meshes/RMUC_2024.stl
[2.337s] -- Up-to-date: /home/aurora/RM25/install/rm_robot_description/share/rm_robot_description/meshes/omniwheel3_link.STL
[2.337s] -- Up-to-date: /home/aurora/RM25/install/rm_robot_description/share/rm_robot_description/meshes/omniwheel4_link.STL
[2.337s] -- Up-to-date: /home/aurora/RM25/install/rm_robot_description/share/rm_robot_description/meshes/base_link.STL
[2.337s] -- Up-to-date: /home/aurora/RM25/install/rm_robot_description/share/rm_robot_description/meshes/gazebo.launch
[2.337s] -- Up-to-date: /home/aurora/RM25/install/rm_robot_description/share/rm_robot_description/meshes/omniwheel2_link.STL
[2.337s] -- Up-to-date: /home/aurora/RM25/install/rm_robot_description/share/rm_robot_description/meshes/controller_link.STL
[2.337s] -- Up-to-date: /home/aurora/RM25/install/rm_robot_description/share/rm_robot_description/world
[2.338s] -- Up-to-date: /home/aurora/RM25/install/rm_robot_description/share/rm_robot_description/world/RMUL2024_world.world
[2.338s] -- Up-to-date: /home/aurora/RM25/install/rm_robot_description/share/rm_robot_description/world/RMUC2024_world.world
[2.338s] -- Up-to-date: /home/aurora/RM25/install/rm_robot_description/share/rm_robot_description/world/my_world.world
[2.338s] -- Up-to-date: /home/aurora/RM25/install/rm_robot_description/share/rm_robot_description/rviz
[2.338s] -- Up-to-date: /home/aurora/RM25/install/rm_robot_description/share/rm_robot_description/rviz/fastlio.rviz
[2.338s] -- Up-to-date: /home/aurora/RM25/install/rm_robot_description/share/rm_robot_description/rviz/urdf_config.rviz
[2.338s] -- Up-to-date: /home/aurora/RM25/install/rm_robot_description/share/rm_robot_description/rviz/rviz2.rviz
[2.338s] -- Installing: /home/aurora/RM25/install/rm_robot_description/share/ament_index/resource_index/package_run_dependencies/rm_robot_description
[2.338s] -- Installing: /home/aurora/RM25/install/rm_robot_description/share/ament_index/resource_index/parent_prefix_path/rm_robot_description
[2.338s] -- Installing: /home/aurora/RM25/install/rm_robot_description/share/rm_robot_description/environment/ament_prefix_path.sh
[2.338s] -- Installing: /home/aurora/RM25/install/rm_robot_description/share/rm_robot_description/environment/ament_prefix_path.dsv
[2.339s] -- Installing: /home/aurora/RM25/install/rm_robot_description/share/rm_robot_description/environment/path.sh
[2.339s] -- Installing: /home/aurora/RM25/install/rm_robot_description/share/rm_robot_description/environment/path.dsv
[2.339s] -- Installing: /home/aurora/RM25/install/rm_robot_description/share/rm_robot_description/local_setup.bash
[2.339s] -- Installing: /home/aurora/RM25/install/rm_robot_description/share/rm_robot_description/local_setup.sh
[2.339s] -- Installing: /home/aurora/RM25/install/rm_robot_description/share/rm_robot_description/local_setup.zsh
[2.339s] -- Installing: /home/aurora/RM25/install/rm_robot_description/share/rm_robot_description/local_setup.dsv
[2.339s] -- Installing: /home/aurora/RM25/install/rm_robot_description/share/rm_robot_description/package.dsv
[2.339s] -- Installing: /home/aurora/RM25/install/rm_robot_description/share/ament_index/resource_index/packages/rm_robot_description
[2.339s] -- Installing: /home/aurora/RM25/install/rm_robot_description/share/rm_robot_description/cmake/ament_cmake_export_dependencies-extras.cmake
[2.339s] -- Installing: /home/aurora/RM25/install/rm_robot_description/share/rm_robot_description/cmake/rm_robot_descriptionConfig.cmake
[2.339s] -- Installing: /home/aurora/RM25/install/rm_robot_description/share/rm_robot_description/cmake/rm_robot_descriptionConfig-version.cmake
[2.339s] -- Installing: /home/aurora/RM25/install/rm_robot_description/share/rm_robot_description/package.xml
[2.340s] Invoked command in '/home/aurora/RM25/build/rm_robot_description' returned '0': CMAKE_PREFIX_PATH=${CMAKE_PREFIX_PATH}:/home/aurora/ws_helloworld/install/pkg02_helloworld_py:/opt/ros/humble /usr/bin/cmake --install /home/aurora/RM25/build/rm_robot_description
