[0.007s] Invoking command in '/home/aurora/RM25/build/ros2_livox_simulation': AMENT_PREFIX_PATH=/home/aurora/RM25/install/livox_ros_driver2:${AMENT_PREFIX_PATH} CMAKE_PREFIX_PATH=/home/aurora/RM25/install/livox_ros_driver2:/opt/ros/humble LD_LIBRARY_PATH=/home/aurora/RM25/install/livox_ros_driver2/lib:/usr/lib/x86_64-linux-gnu/gazebo-11/plugins:/home/aurora/RM25/install/ros2_livox_simulation/lib:/home/aurora/RM25/install/livox_sdk2/lib:/home/aurora/RM25/install/fast_lio/lib:/home/aurora/RM25/install/livox_interfaces/lib:/home/aurora/RM25_aim/install/rm_serial_driver/lib:/home/aurora/RM25_aim/install/hik_camera/lib:/home/aurora/RM25_aim/install/armor_tracker/lib:/home/aurora/RM25_aim/install/armor_detector/lib:/home/aurora/RM25_aim/install/auto_aim_interfaces/lib:/home/aurora/RM25/src/install/ros2_livox_simulation/lib:/home/aurora/RM25/src/install/livox_sdk2/lib:/home/aurora/RM25/src/install/livox_ros_driver2/lib:/opt/ros/humble/opt/rviz_ogre_vendor/lib:/opt/ros/humble/lib/x86_64-linux-gnu:/opt/ros/humble/lib /usr/bin/cmake /home/aurora/RM25/src/rm_simulation/ros2_livox_simulation -DAMENT_CMAKE_SYMLINK_INSTALL=1 -DCMAKE_INSTALL_PREFIX=/home/aurora/RM25/install/ros2_livox_simulation
[0.056s] -- The C compiler identification is GNU 11.4.0
[0.097s] -- The CXX compiler identification is GNU 11.4.0
[0.102s] -- Detecting C compiler ABI info
[0.157s] -- Detecting C compiler ABI info - done
[0.162s] -- Check for working C compiler: /usr/bin/cc - skipped
[0.162s] -- Detecting C compile features
[0.162s] -- Detecting C compile features - done
[0.164s] -- Detecting CXX compiler ABI info
[0.223s] -- Detecting CXX compiler ABI info - done
[0.227s] -- Check for working CXX compiler: /usr/bin/c++ - skipped
[0.227s] -- Detecting CXX compile features
[0.227s] -- Detecting CXX compile features - done
[0.228s] -- Found ament_cmake_auto: 1.3.10 (/opt/ros/humble/share/ament_cmake_auto/cmake)
[0.338s] -- Found Python3: /usr/bin/python3 (found version "3.10.12") found components: Interpreter 
[0.377s] -- Override CMake install command with custom implementation using symlinks instead of copying resources
[0.391s] -- Found rclcpp: 16.0.10 (/opt/ros/humble/share/rclcpp/cmake)
[0.415s] -- Found rosidl_generator_c: 3.1.5 (/opt/ros/humble/share/rosidl_generator_c/cmake)
[0.419s] -- Found rosidl_adapter: 3.1.5 (/opt/ros/humble/share/rosidl_adapter/cmake)
[0.423s] -- Found rosidl_generator_cpp: 3.1.5 (/opt/ros/humble/share/rosidl_generator_cpp/cmake)
[0.429s] -- Using all available rosidl_typesupport_c: rosidl_typesupport_fastrtps_c;rosidl_typesupport_introspection_c
[0.439s] -- Using all available rosidl_typesupport_cpp: rosidl_typesupport_fastrtps_cpp;rosidl_typesupport_introspection_cpp
[0.461s] -- Found rmw_implementation_cmake: 6.1.2 (/opt/ros/humble/share/rmw_implementation_cmake/cmake)
[0.462s] -- Found rmw_fastrtps_cpp: 6.2.7 (/opt/ros/humble/share/rmw_fastrtps_cpp/cmake)
[0.523s] -- Found OpenSSL: /usr/lib/x86_64-linux-gnu/libcrypto.so (found version "3.0.2")  
[0.542s] -- Found FastRTPS: /opt/ros/humble/include  
[0.568s] -- Using RMW implementation 'rmw_fastrtps_cpp' as default
[0.573s] -- Looking for pthread.h
[0.635s] -- Looking for pthread.h - found
[0.635s] -- Performing Test CMAKE_HAVE_LIBC_PTHREAD
[0.686s] -- Performing Test CMAKE_HAVE_LIBC_PTHREAD - Success
[0.686s] -- Found Threads: TRUE  
[0.715s] -- Found gazebo_dev: 3.7.0 (/opt/ros/humble/share/gazebo_dev/cmake)
[0.719s] -- Found PkgConfig: /usr/bin/pkg-config (found version "0.29.2") 
[0.720s] -- Checking for module 'bullet>=2.82'
[0.733s] --   Found bullet, version 3.05
[0.836s] -- Found fcl: /usr/include (found suitable version "0.7.0", minimum required is "0.5.0") 
[0.891s] -- Found assimp: /usr/include (found version "5.2.0") 
[0.902s] -- Found DART: /usr/include (Required is at least version "6.6") found components: dart 
[0.923s] -- Found Boost: /usr/lib/x86_64-linux-gnu/cmake/Boost-1.74.0/BoostConfig.cmake (found suitable version "1.74.0", minimum required is "1.40.0") found components: thread system filesystem program_options regex iostreams date_time 
[0.932s] -- Found Protobuf: /usr/lib/x86_64-linux-gnu/libprotobuf.so (found version "3.12.4") 
[0.934s] -- Looking for ignition-math6 -- found version 6.15.1
[0.938s] -- Searching for dependencies of ignition-math6
[0.939s] -- Looking for OGRE...
[0.940s] -- OGRE_PREFIX_WATCH changed.
[0.945s] -- Checking for module 'OGRE'
[0.959s] --   Found OGRE, version 1.9.0
[0.994s] -- Found Ogre Ghadamon (1.9.0)
[0.998s] -- Found OGRE: optimized;/usr/lib/x86_64-linux-gnu/libOgreMain.so;debug;/usr/lib/x86_64-linux-gnu/libOgreMain.so
[1.004s] -- Looking for OGRE_Paging...
[1.008s] -- Found OGRE_Paging: optimized;/usr/lib/x86_64-linux-gnu/libOgrePaging.so;debug;/usr/lib/x86_64-linux-gnu/libOgrePaging.so
[1.008s] -- Looking for OGRE_Terrain...
[1.013s] -- Found OGRE_Terrain: optimized;/usr/lib/x86_64-linux-gnu/libOgreTerrain.so;debug;/usr/lib/x86_64-linux-gnu/libOgreTerrain.so
[1.013s] -- Looking for OGRE_Property...
[1.017s] -- Found OGRE_Property: optimized;/usr/lib/x86_64-linux-gnu/libOgreProperty.so;debug;/usr/lib/x86_64-linux-gnu/libOgreProperty.so
[1.017s] -- Looking for OGRE_RTShaderSystem...
[1.019s] -- Found OGRE_RTShaderSystem: optimized;/usr/lib/x86_64-linux-gnu/libOgreRTShaderSystem.so;debug;/usr/lib/x86_64-linux-gnu/libOgreRTShaderSystem.so
[1.019s] -- Looking for OGRE_Volume...
[1.022s] -- Found OGRE_Volume: optimized;/usr/lib/x86_64-linux-gnu/libOgreVolume.so;debug;/usr/lib/x86_64-linux-gnu/libOgreVolume.so
[1.022s] -- Looking for OGRE_Overlay...
[1.024s] -- Found OGRE_Overlay: optimized;/usr/lib/x86_64-linux-gnu/libOgreOverlay.so;debug;/usr/lib/x86_64-linux-gnu/libOgreOverlay.so
[1.085s] -- Looking for ignition-math6 -- found version 6.15.1
[1.086s] -- Looking for ignition-transport8 -- found version 8.2.1
[1.086s] -- Searching for dependencies of ignition-transport8
[1.098s] -- Found Protobuf: /usr/lib/x86_64-linux-gnu/libprotobuf.so (found suitable version "3.12.4", minimum required is "3") 
[1.107s] -- Config-file not installed for ZeroMQ -- checking for pkg-config
[1.111s] -- Checking for module 'libzmq >= 4'
[1.127s] --   Found libzmq , version 4.3.4
[1.167s] -- Found ZeroMQ: TRUE (Required is at least version "4") 
[1.171s] -- Checking for module 'uuid'
[1.186s] --   Found uuid, version 2.37.2
[1.250s] -- Found UUID: TRUE  
[1.252s] -- Looking for ignition-msgs5 -- found version 5.8.1
[1.252s] -- Searching for dependencies of ignition-msgs5
[1.264s] -- Looking for ignition-math6 -- found version 6.15.1
[1.267s] -- Checking for module 'tinyxml2'
[1.279s] --   Found tinyxml2, version 9.0.0
[1.321s] -- Looking for ignition-msgs5 -- found version 5.8.1
[1.324s] -- Looking for ignition-common3 -- found version 3.14.0
[1.324s] -- Searching for dependencies of ignition-common3
[1.325s] -- Looking for dlfcn.h - found
[1.326s] -- Looking for libdl - found
[1.328s] -- Found DL: TRUE  
[1.335s] -- Found tinyobjloader: /usr/lib/x86_64-linux-gnu/cmake/tinyobjloader/tinyobjloader-config.cmake (found version "2.0.0") 
[1.335s] -- Searching for <ignition-common3> component [graphics]
[1.336s] -- Looking for ignition-common3-graphics -- found version 3.14.0
[1.336s] -- Searching for dependencies of ignition-common3-graphics
[1.336s] -- Looking for ignition-math6 -- found version 6.15.1
[1.338s] -- Looking for ignition-fuel_tools4 -- found version 4.4.0
[1.338s] -- Searching for dependencies of ignition-fuel_tools4
[1.415s] -- Found CURL: /usr/lib/x86_64-linux-gnu/libcurl.so (found version "7.81.0")  
[1.421s] -- Checking for module 'jsoncpp'
[1.433s] --   Found jsoncpp, version 1.9.5
[1.461s] -- Found JSONCPP: TRUE  
[1.466s] -- Checking for module 'libzip'
[1.484s] --   Found libzip, version 1.7.3
[1.550s] -- Found ZIP: TRUE  
[1.551s] -- Looking for ignition-common3 -- found version 3.14.0
[1.552s] -- Looking for ignition-math6 -- found version 6.15.1
[1.552s] -- Looking for ignition-msgs5 -- found version 5.8.1
[1.554s] -- Gazebo version: 11.10
[1.554s] -- Checking for module 'tbb'
[1.573s] --   Found tbb, version 2021.5.0
[1.621s] -- Found gazebo_ros: 3.7.0 (/opt/ros/humble/share/gazebo_ros/cmake)
[1.624s] -- Found sensor_msgs: 4.2.4 (/opt/ros/humble/share/sensor_msgs/cmake)
[1.644s] -- Found tf2_ros: 0.25.8 (/opt/ros/humble/share/tf2_ros/cmake)
[1.695s] -- Found livox_ros_driver2: 1.0.0 (/home/aurora/RM25/install/livox_ros_driver2/share/livox_ros_driver2/cmake)
[1.727s] -- Checking for module 'eigen3'
[1.738s] --   Found eigen3, version 3.4.0
[1.782s] -- Found Eigen: /usr/include/eigen3 (Required is at least version "3.1") 
[1.783s] -- Eigen found (include: /usr/include/eigen3, version: 3.4.0)
[1.804s] -- Checking for module 'flann'
[1.820s] --   Found flann, version 1.9.1
[1.870s] -- Found FLANN: /usr/lib/x86_64-linux-gnu/libflann_cpp.so  
[1.871s] -- FLANN found (include: /usr/include, lib: /usr/lib/x86_64-linux-gnu/libflann_cpp.so)
[2.718s] -- Checking for module 'libusb-1.0'
[2.732s] --   Found libusb-1.0, version 1.0.25
[2.762s] -- Found libusb: /usr/lib/x86_64-linux-gnu/libusb-1.0.so  
[2.763s] -- OpenNI found (version: 1.5.4.0, include: /usr/include/ni, lib: /usr/lib/libOpenNI.so;libusb::libusb)
[2.809s] -- OpenNI2 found (version: 2.2.0.33, include: /usr/include/openni2, lib: /usr/lib/x86_64-linux-gnu/libOpenNI2.so;libusb::libusb)
[2.912s] -- Eigen found (include: /usr/include/eigen3, version: 3.4.0)
[2.920s] -- OpenNI found (version: 1.5.4.0, include: /usr/include/ni, lib: /usr/lib/libOpenNI.so;libusb::libusb)
[2.929s] -- OpenNI2 found (version: 2.2.0.33, include: /usr/include/openni2, lib: /usr/lib/x86_64-linux-gnu/libOpenNI2.so;libusb::libusb)
[3.020s] -- Found Qhull version 8.0.2
[3.120s] -- OpenNI found (version: 1.5.4.0, include: /usr/include/ni, lib: /usr/lib/libOpenNI.so;libusb::libusb)
[3.220s] -- Found PCL_COMMON: /usr/lib/x86_64-linux-gnu/libpcl_common.so  
[3.220s] -- Found PCL_KDTREE: /usr/lib/x86_64-linux-gnu/libpcl_kdtree.so  
[3.221s] -- Found PCL_OCTREE: /usr/lib/x86_64-linux-gnu/libpcl_octree.so  
[3.222s] -- Found PCL_SEARCH: /usr/lib/x86_64-linux-gnu/libpcl_search.so  
[3.223s] -- Found PCL_SAMPLE_CONSENSUS: /usr/lib/x86_64-linux-gnu/libpcl_sample_consensus.so  
[3.224s] -- Found PCL_FILTERS: /usr/lib/x86_64-linux-gnu/libpcl_filters.so  
[3.225s] -- Found PCL_2D: /usr/include/pcl-1.12  
[3.225s] -- Found PCL_GEOMETRY: /usr/include/pcl-1.12  
[3.226s] -- Found PCL_IO: /usr/lib/x86_64-linux-gnu/libpcl_io.so  
[3.227s] -- Found PCL_FEATURES: /usr/lib/x86_64-linux-gnu/libpcl_features.so  
[3.227s] -- Found PCL_ML: /usr/lib/x86_64-linux-gnu/libpcl_ml.so  
[3.228s] -- Found PCL_SEGMENTATION: /usr/lib/x86_64-linux-gnu/libpcl_segmentation.so  
[3.228s] -- Found PCL_VISUALIZATION: /usr/lib/x86_64-linux-gnu/libpcl_visualization.so  
[3.229s] -- Found PCL_SURFACE: /usr/lib/x86_64-linux-gnu/libpcl_surface.so  
[3.230s] -- Found PCL_REGISTRATION: /usr/lib/x86_64-linux-gnu/libpcl_registration.so  
[3.230s] -- Found PCL_KEYPOINTS: /usr/lib/x86_64-linux-gnu/libpcl_keypoints.so  
[3.231s] -- Found PCL_TRACKING: /usr/lib/x86_64-linux-gnu/libpcl_tracking.so  
[3.231s] -- Found PCL_RECOGNITION: /usr/lib/x86_64-linux-gnu/libpcl_recognition.so  
[3.232s] -- Found PCL_STEREO: /usr/lib/x86_64-linux-gnu/libpcl_stereo.so  
[3.232s] -- Found PCL_APPS: /usr/lib/x86_64-linux-gnu/libpcl_apps.so  
[3.233s] -- Found PCL_IN_HAND_SCANNER: /usr/include/pcl-1.12  
[3.233s] -- Found PCL_MODELER: /usr/include/pcl-1.12  
[3.233s] -- Found PCL_POINT_CLOUD_EDITOR: /usr/include/pcl-1.12  
[3.233s] -- Found PCL_OUTOFCORE: /usr/lib/x86_64-linux-gnu/libpcl_outofcore.so  
[3.234s] -- Found PCL_PEOPLE: /usr/lib/x86_64-linux-gnu/libpcl_people.so  
[3.245s] -- Found eigen3_cmake_module: 0.1.1 (/opt/ros/humble/share/eigen3_cmake_module/cmake)
[3.246s] -- Found Eigen3: TRUE (found version "3.4.0") 
[3.246s] -- Ensuring Eigen3 include directory is part of orocos-kdl CMake target
[3.255s] -- Found Boost: /usr/lib/x86_64-linux-gnu/cmake/Boost-1.74.0/BoostConfig.cmake (found version "1.74.0") found components: chrono 
[3.301s] -- Configuring done
[3.318s] -- Generating done
[3.326s] -- Build files have been written to: /home/aurora/RM25/build/ros2_livox_simulation
[3.340s] Invoked command in '/home/aurora/RM25/build/ros2_livox_simulation' returned '0': AMENT_PREFIX_PATH=/home/aurora/RM25/install/livox_ros_driver2:${AMENT_PREFIX_PATH} CMAKE_PREFIX_PATH=/home/aurora/RM25/install/livox_ros_driver2:/opt/ros/humble LD_LIBRARY_PATH=/home/aurora/RM25/install/livox_ros_driver2/lib:/usr/lib/x86_64-linux-gnu/gazebo-11/plugins:/home/aurora/RM25/install/ros2_livox_simulation/lib:/home/aurora/RM25/install/livox_sdk2/lib:/home/aurora/RM25/install/fast_lio/lib:/home/aurora/RM25/install/livox_interfaces/lib:/home/aurora/RM25_aim/install/rm_serial_driver/lib:/home/aurora/RM25_aim/install/hik_camera/lib:/home/aurora/RM25_aim/install/armor_tracker/lib:/home/aurora/RM25_aim/install/armor_detector/lib:/home/aurora/RM25_aim/install/auto_aim_interfaces/lib:/home/aurora/RM25/src/install/ros2_livox_simulation/lib:/home/aurora/RM25/src/install/livox_sdk2/lib:/home/aurora/RM25/src/install/livox_ros_driver2/lib:/opt/ros/humble/opt/rviz_ogre_vendor/lib:/opt/ros/humble/lib/x86_64-linux-gnu:/opt/ros/humble/lib /usr/bin/cmake /home/aurora/RM25/src/rm_simulation/ros2_livox_simulation -DAMENT_CMAKE_SYMLINK_INSTALL=1 -DCMAKE_INSTALL_PREFIX=/home/aurora/RM25/install/ros2_livox_simulation
[3.341s] Invoking command in '/home/aurora/RM25/build/ros2_livox_simulation': AMENT_PREFIX_PATH=/home/aurora/RM25/install/livox_ros_driver2:${AMENT_PREFIX_PATH} CMAKE_PREFIX_PATH=/home/aurora/RM25/install/livox_ros_driver2:/opt/ros/humble LD_LIBRARY_PATH=/home/aurora/RM25/install/livox_ros_driver2/lib:/usr/lib/x86_64-linux-gnu/gazebo-11/plugins:/home/aurora/RM25/install/ros2_livox_simulation/lib:/home/aurora/RM25/install/livox_sdk2/lib:/home/aurora/RM25/install/fast_lio/lib:/home/aurora/RM25/install/livox_interfaces/lib:/home/aurora/RM25_aim/install/rm_serial_driver/lib:/home/aurora/RM25_aim/install/hik_camera/lib:/home/aurora/RM25_aim/install/armor_tracker/lib:/home/aurora/RM25_aim/install/armor_detector/lib:/home/aurora/RM25_aim/install/auto_aim_interfaces/lib:/home/aurora/RM25/src/install/ros2_livox_simulation/lib:/home/aurora/RM25/src/install/livox_sdk2/lib:/home/aurora/RM25/src/install/livox_ros_driver2/lib:/opt/ros/humble/opt/rviz_ogre_vendor/lib:/opt/ros/humble/lib/x86_64-linux-gnu:/opt/ros/humble/lib /usr/bin/cmake --build /home/aurora/RM25/build/ros2_livox_simulation -- -j20 -l20
[3.381s] [ 33%] [32mBuilding CXX object CMakeFiles/ros2_livox.dir/src/livox_points_plugin.cpp.o[0m
[3.383s] [ 66%] [32mBuilding CXX object CMakeFiles/ros2_livox.dir/src/livox_ode_multiray_shape.cpp.o[0m
[12.569s] [100%] [32m[1mLinking CXX shared library libros2_livox.so[0m
[13.057s] [100%] Built target ros2_livox
[13.066s] Invoked command in '/home/aurora/RM25/build/ros2_livox_simulation' returned '0': AMENT_PREFIX_PATH=/home/aurora/RM25/install/livox_ros_driver2:${AMENT_PREFIX_PATH} CMAKE_PREFIX_PATH=/home/aurora/RM25/install/livox_ros_driver2:/opt/ros/humble LD_LIBRARY_PATH=/home/aurora/RM25/install/livox_ros_driver2/lib:/usr/lib/x86_64-linux-gnu/gazebo-11/plugins:/home/aurora/RM25/install/ros2_livox_simulation/lib:/home/aurora/RM25/install/livox_sdk2/lib:/home/aurora/RM25/install/fast_lio/lib:/home/aurora/RM25/install/livox_interfaces/lib:/home/aurora/RM25_aim/install/rm_serial_driver/lib:/home/aurora/RM25_aim/install/hik_camera/lib:/home/aurora/RM25_aim/install/armor_tracker/lib:/home/aurora/RM25_aim/install/armor_detector/lib:/home/aurora/RM25_aim/install/auto_aim_interfaces/lib:/home/aurora/RM25/src/install/ros2_livox_simulation/lib:/home/aurora/RM25/src/install/livox_sdk2/lib:/home/aurora/RM25/src/install/livox_ros_driver2/lib:/opt/ros/humble/opt/rviz_ogre_vendor/lib:/opt/ros/humble/lib/x86_64-linux-gnu:/opt/ros/humble/lib /usr/bin/cmake --build /home/aurora/RM25/build/ros2_livox_simulation -- -j20 -l20
[13.067s] Invoking command in '/home/aurora/RM25/build/ros2_livox_simulation': AMENT_PREFIX_PATH=/home/aurora/RM25/install/livox_ros_driver2:${AMENT_PREFIX_PATH} CMAKE_PREFIX_PATH=/home/aurora/RM25/install/livox_ros_driver2:/opt/ros/humble LD_LIBRARY_PATH=/home/aurora/RM25/install/livox_ros_driver2/lib:/usr/lib/x86_64-linux-gnu/gazebo-11/plugins:/home/aurora/RM25/install/ros2_livox_simulation/lib:/home/aurora/RM25/install/livox_sdk2/lib:/home/aurora/RM25/install/fast_lio/lib:/home/aurora/RM25/install/livox_interfaces/lib:/home/aurora/RM25_aim/install/rm_serial_driver/lib:/home/aurora/RM25_aim/install/hik_camera/lib:/home/aurora/RM25_aim/install/armor_tracker/lib:/home/aurora/RM25_aim/install/armor_detector/lib:/home/aurora/RM25_aim/install/auto_aim_interfaces/lib:/home/aurora/RM25/src/install/ros2_livox_simulation/lib:/home/aurora/RM25/src/install/livox_sdk2/lib:/home/aurora/RM25/src/install/livox_ros_driver2/lib:/opt/ros/humble/opt/rviz_ogre_vendor/lib:/opt/ros/humble/lib/x86_64-linux-gnu:/opt/ros/humble/lib /usr/bin/cmake --install /home/aurora/RM25/build/ros2_livox_simulation
[13.072s] -- Install configuration: ""
[13.073s] -- Execute custom install script
[13.073s] -- Symlinking: /home/aurora/RM25/install/ros2_livox_simulation/include/ros2_livox/csv_reader.hpp
[13.083s] -- Symlinking: /home/aurora/RM25/install/ros2_livox_simulation/include/ros2_livox/livox_ode_multiray_shape.h
[13.089s] -- Symlinking: /home/aurora/RM25/install/ros2_livox_simulation/include/ros2_livox/livox_points_plugin.h
[13.096s] -- Symlinking: /home/aurora/RM25/install/ros2_livox_simulation/share/ros2_livox_simulation/environment/library_path.sh
[13.101s] -- Symlinking: /home/aurora/RM25/install/ros2_livox_simulation/share/ros2_livox_simulation/environment/library_path.dsv
[13.107s] -- Symlinking: /home/aurora/RM25/install/ros2_livox_simulation/lib/libros2_livox.so
[13.113s] -- Symlinking: /home/aurora/RM25/install/ros2_livox_simulation/share/ros2_livox_simulation/scan_mode/mid360.csv
[13.119s] -- Symlinking: /home/aurora/RM25/install/ros2_livox_simulation/share/ros2_livox_simulation/urdf/mid360.xacro
[13.127s] -- Symlinking: /home/aurora/RM25/install/ros2_livox_simulation/share/ament_index/resource_index/package_run_dependencies/ros2_livox_simulation
[13.133s] -- Symlinking: /home/aurora/RM25/install/ros2_livox_simulation/share/ament_index/resource_index/parent_prefix_path/ros2_livox_simulation
[13.139s] -- Symlinking: /home/aurora/RM25/install/ros2_livox_simulation/share/ros2_livox_simulation/environment/ament_prefix_path.sh
[13.144s] -- Symlinking: /home/aurora/RM25/install/ros2_livox_simulation/share/ros2_livox_simulation/environment/ament_prefix_path.dsv
[13.156s] -- Symlinking: /home/aurora/RM25/install/ros2_livox_simulation/share/ros2_livox_simulation/environment/path.sh
[13.161s] -- Symlinking: /home/aurora/RM25/install/ros2_livox_simulation/share/ros2_livox_simulation/environment/path.dsv
[13.166s] -- Symlinking: /home/aurora/RM25/install/ros2_livox_simulation/share/ros2_livox_simulation/local_setup.bash
[13.172s] -- Symlinking: /home/aurora/RM25/install/ros2_livox_simulation/share/ros2_livox_simulation/local_setup.sh
[13.179s] -- Symlinking: /home/aurora/RM25/install/ros2_livox_simulation/share/ros2_livox_simulation/local_setup.zsh
[13.187s] -- Symlinking: /home/aurora/RM25/install/ros2_livox_simulation/share/ros2_livox_simulation/local_setup.dsv
[13.192s] -- Symlinking: /home/aurora/RM25/install/ros2_livox_simulation/share/ros2_livox_simulation/package.dsv
[13.197s] -- Symlinking: /home/aurora/RM25/install/ros2_livox_simulation/share/ament_index/resource_index/packages/ros2_livox_simulation
[13.205s] -- Symlinking: /home/aurora/RM25/install/ros2_livox_simulation/share/ros2_livox_simulation/cmake/ament_cmake_export_dependencies-extras.cmake
[13.210s] -- Symlinking: /home/aurora/RM25/install/ros2_livox_simulation/share/ros2_livox_simulation/cmake/ament_cmake_export_include_directories-extras.cmake
[13.216s] -- Symlinking: /home/aurora/RM25/install/ros2_livox_simulation/share/ros2_livox_simulation/cmake/ament_cmake_export_libraries-extras.cmake
[13.223s] -- Symlinking: /home/aurora/RM25/install/ros2_livox_simulation/share/ros2_livox_simulation/cmake/ros2_livox_simulationConfig.cmake
[13.231s] -- Symlinking: /home/aurora/RM25/install/ros2_livox_simulation/share/ros2_livox_simulation/cmake/ros2_livox_simulationConfig-version.cmake
[13.238s] -- Symlinking: /home/aurora/RM25/install/ros2_livox_simulation/share/ros2_livox_simulation/package.xml
[13.245s] Invoked command in '/home/aurora/RM25/build/ros2_livox_simulation' returned '0': AMENT_PREFIX_PATH=/home/aurora/RM25/install/livox_ros_driver2:${AMENT_PREFIX_PATH} CMAKE_PREFIX_PATH=/home/aurora/RM25/install/livox_ros_driver2:/opt/ros/humble LD_LIBRARY_PATH=/home/aurora/RM25/install/livox_ros_driver2/lib:/usr/lib/x86_64-linux-gnu/gazebo-11/plugins:/home/aurora/RM25/install/ros2_livox_simulation/lib:/home/aurora/RM25/install/livox_sdk2/lib:/home/aurora/RM25/install/fast_lio/lib:/home/aurora/RM25/install/livox_interfaces/lib:/home/aurora/RM25_aim/install/rm_serial_driver/lib:/home/aurora/RM25_aim/install/hik_camera/lib:/home/aurora/RM25_aim/install/armor_tracker/lib:/home/aurora/RM25_aim/install/armor_detector/lib:/home/aurora/RM25_aim/install/auto_aim_interfaces/lib:/home/aurora/RM25/src/install/ros2_livox_simulation/lib:/home/aurora/RM25/src/install/livox_sdk2/lib:/home/aurora/RM25/src/install/livox_ros_driver2/lib:/opt/ros/humble/opt/rviz_ogre_vendor/lib:/opt/ros/humble/lib/x86_64-linux-gnu:/opt/ros/humble/lib /usr/bin/cmake --install /home/aurora/RM25/build/ros2_livox_simulation
