[0.012s] Invoking command in '/home/aurora/RM25/build/rm_localization': /usr/bin/cmake /home/aurora/RM25/src/rm_localization -DCATKIN_INSTALL_INTO_PREFIX_ROOT=0 -DCATKIN_SYMLINK_INSTALL=ON -DCMAKE_INSTALL_PREFIX=/home/aurora/RM25/install/rm_localization
[0.046s] -- The C compiler identification is GNU 11.4.0
[0.084s] -- The CXX compiler identification is GNU 11.4.0
[0.090s] -- Detecting C compiler ABI info
[0.140s] -- Detecting C compiler ABI info - done
[0.146s] -- Check for working C compiler: /usr/bin/cc - skipped
[0.146s] -- Detecting C compile features
[0.147s] -- Detecting C compile features - done
[0.148s] -- Detecting CXX compiler ABI info
[0.212s] -- Detecting CXX compiler ABI info - done
[0.216s] -- Check for working CXX compiler: /usr/bin/c++ - skipped
[0.216s] -- Detecting CXX compile features
[0.216s] -- Detecting CXX compile features - done
[0.218s] -- Found ament_cmake: 1.3.10 (/opt/ros/humble/share/ament_cmake/cmake)
[0.443s] -- Found Python3: /usr/bin/python3 (found version "3.10.12") found components: Interpreter 
[0.584s] -- Found rclcpp: 16.0.10 (/opt/ros/humble/share/rclcpp/cmake)
[0.677s] -- Found rosidl_generator_c: 3.1.5 (/opt/ros/humble/share/rosidl_generator_c/cmake)
[0.694s] -- Found rosidl_adapter: 3.1.5 (/opt/ros/humble/share/rosidl_adapter/cmake)
[0.719s] -- Found rosidl_generator_cpp: 3.1.5 (/opt/ros/humble/share/rosidl_generator_cpp/cmake)
[0.764s] -- Using all available rosidl_typesupport_c: rosidl_typesupport_fastrtps_c;rosidl_typesupport_introspection_c
[0.809s] -- Using all available rosidl_typesupport_cpp: rosidl_typesupport_fastrtps_cpp;rosidl_typesupport_introspection_cpp
[0.909s] -- Found rmw_implementation_cmake: 6.1.2 (/opt/ros/humble/share/rmw_implementation_cmake/cmake)
[0.915s] -- Found rmw_fastrtps_cpp: 6.2.7 (/opt/ros/humble/share/rmw_fastrtps_cpp/cmake)
[1.079s] -- Found OpenSSL: /usr/lib/x86_64-linux-gnu/libcrypto.so (found version "3.0.2")  
[1.111s] -- Found FastRTPS: /opt/ros/humble/include  
[1.157s] -- Using RMW implementation 'rmw_fastrtps_cpp' as default
[1.173s] -- Looking for pthread.h
[1.334s] -- Looking for pthread.h - found
[1.334s] -- Performing Test CMAKE_HAVE_LIBC_PTHREAD
[1.513s] -- Performing Test CMAKE_HAVE_LIBC_PTHREAD - Success
[1.514s] -- Found Threads: TRUE  
[1.672s] -- Checking for module 'eigen3'
[1.702s] --   Found eigen3, version 3.4.0
[1.775s] -- Found Eigen: /usr/include/eigen3 (Required is at least version "3.1") 
[1.775s] -- Eigen found (include: /usr/include/eigen3, version: 3.4.0)
[1.828s] -- Found Boost: /usr/lib/x86_64-linux-gnu/cmake/Boost-1.74.0/BoostConfig.cmake (found suitable version "1.74.0", minimum required is "1.65.0") found components: system filesystem date_time iostreams serialization 
[1.862s] -- Checking for module 'flann'
[1.895s] --   Found flann, version 1.9.1
[1.975s] -- Found FLANN: /usr/lib/x86_64-linux-gnu/libflann_cpp.so  
[1.975s] -- FLANN found (include: /usr/include, lib: /usr/lib/x86_64-linux-gnu/libflann_cpp.so)
[2.016s] -- Found GLEW: /usr/lib/x86_64-linux-gnu/libGLEW.so  
[2.024s] -- Found OpenGL: /usr/lib/x86_64-linux-gnu/libOpenGL.so  found components: OpenGL GLX 
[2.315s] -- Found MPI_C: /usr/lib/x86_64-linux-gnu/libmpi.so (found version "3.1") 
[2.316s] -- Found MPI: TRUE (found version "3.1") found components: C 
[2.317s] -- Found JsonCpp: /usr/lib/x86_64-linux-gnu/libjsoncpp.so (found suitable version "1.9.5", minimum required is "0.7.0") 
[2.339s] -- Found ZLIB: /usr/lib/x86_64-linux-gnu/libz.so (found version "1.2.11") 
[2.379s] -- Found PNG: /usr/lib/x86_64-linux-gnu/libpng.so (found version "1.6.37") 
[2.404s] -- Found Eigen3: /usr/include/eigen3 (found version "3.4.0") 
[2.537s] -- Found X11: /usr/include   
[2.537s] -- Looking for XOpenDisplay in /usr/lib/x86_64-linux-gnu/libX11.so;/usr/lib/x86_64-linux-gnu/libXext.so
[2.684s] -- Looking for XOpenDisplay in /usr/lib/x86_64-linux-gnu/libX11.so;/usr/lib/x86_64-linux-gnu/libXext.so - found
[2.684s] -- Looking for gethostbyname
[2.837s] -- Looking for gethostbyname - found
[2.838s] -- Looking for connect
[2.988s] -- Looking for connect - found
[2.988s] -- Looking for remove
[3.149s] -- Looking for remove - found
[3.149s] -- Looking for shmat
[3.286s] -- Looking for shmat - found
[3.286s] -- Looking for IceConnectionNumber in ICE
[3.405s] -- Looking for IceConnectionNumber in ICE - found
[3.585s] -- Found EXPAT: /usr/lib/x86_64-linux-gnu/libexpat.so (found version "2.4.7") 
[3.587s] -- Found double-conversion: /usr/lib/x86_64-linux-gnu/libdouble-conversion.so  
[3.594s] -- Found LZ4: /usr/lib/x86_64-linux-gnu/liblz4.so (found version "1.9.3") 
[3.603s] -- Found LZMA: /usr/lib/x86_64-linux-gnu/liblzma.so (found version "5.2.5") 
[3.630s] -- Found JPEG: /usr/lib/x86_64-linux-gnu/libjpeg.so (found version "80") 
[3.646s] -- Found TIFF: /usr/lib/x86_64-linux-gnu/libtiff.so (found version "4.3.0")  
[3.656s] -- Found Freetype: /usr/lib/x86_64-linux-gnu/libfreetype.so (found version "2.11.1") 
[3.664s] -- Found utf8cpp: /usr/include/utf8cpp  
[3.843s] -- Checking for module 'libusb-1.0'
[3.876s] --   Found libusb-1.0, version 1.0.25
[3.968s] -- Found libusb: /usr/lib/x86_64-linux-gnu/libusb-1.0.so  
[3.974s] -- Found OpenNI: /usr/lib/libOpenNI.so;libusb::libusb (found version "1.5.4.0") 
[3.974s] -- OpenNI found (version: 1.5.4.0, include: /usr/include/ni, lib: /usr/lib/libOpenNI.so;libusb::libusb)
[4.094s] -- Found OpenNI2: /usr/lib/x86_64-linux-gnu/libOpenNI2.so;libusb::libusb (found version "2.2.0.33") 
[4.094s] -- OpenNI2 found (version: 2.2.0.33, include: /usr/include/openni2, lib: /usr/lib/x86_64-linux-gnu/libOpenNI2.so;libusb::libusb)
[4.094s] [0m** WARNING ** io features related to pcap will be disabled[0m
[4.451s] -- Eigen found (include: /usr/include/eigen3, version: 3.4.0)
[4.464s] -- OpenNI found (version: 1.5.4.0, include: /usr/include/ni, lib: /usr/lib/libOpenNI.so;libusb::libusb)
[4.481s] -- OpenNI2 found (version: 2.2.0.33, include: /usr/include/openni2, lib: /usr/lib/x86_64-linux-gnu/libOpenNI2.so;libusb::libusb)
[4.772s] -- Found Qhull version 8.0.2
[5.015s] -- OpenNI found (version: 1.5.4.0, include: /usr/include/ni, lib: /usr/lib/libOpenNI.so;libusb::libusb)
[5.297s] -- looking for PCL_COMMON
[5.299s] -- Found PCL_COMMON: /usr/lib/x86_64-linux-gnu/libpcl_common.so  
[5.299s] -- looking for PCL_KDTREE
[5.300s] -- Found PCL_KDTREE: /usr/lib/x86_64-linux-gnu/libpcl_kdtree.so  
[5.300s] -- looking for PCL_OCTREE
[5.301s] -- Found PCL_OCTREE: /usr/lib/x86_64-linux-gnu/libpcl_octree.so  
[5.301s] -- looking for PCL_SEARCH
[5.303s] -- Found PCL_SEARCH: /usr/lib/x86_64-linux-gnu/libpcl_search.so  
[5.303s] -- looking for PCL_SAMPLE_CONSENSUS
[5.304s] -- Found PCL_SAMPLE_CONSENSUS: /usr/lib/x86_64-linux-gnu/libpcl_sample_consensus.so  
[5.304s] -- looking for PCL_FILTERS
[5.306s] -- Found PCL_FILTERS: /usr/lib/x86_64-linux-gnu/libpcl_filters.so  
[5.307s] -- looking for PCL_2D
[5.307s] -- Found PCL_2D: /usr/include/pcl-1.12  
[5.307s] -- looking for PCL_GEOMETRY
[5.307s] -- Found PCL_GEOMETRY: /usr/include/pcl-1.12  
[5.307s] -- looking for PCL_IO
[5.308s] -- Found PCL_IO: /usr/lib/x86_64-linux-gnu/libpcl_io.so  
[5.308s] -- looking for PCL_FEATURES
[5.309s] -- Found PCL_FEATURES: /usr/lib/x86_64-linux-gnu/libpcl_features.so  
[5.311s] -- looking for PCL_ML
[5.312s] -- Found PCL_ML: /usr/lib/x86_64-linux-gnu/libpcl_ml.so  
[5.312s] -- looking for PCL_SEGMENTATION
[5.312s] -- Found PCL_SEGMENTATION: /usr/lib/x86_64-linux-gnu/libpcl_segmentation.so  
[5.312s] -- looking for PCL_VISUALIZATION
[5.313s] -- Found PCL_VISUALIZATION: /usr/lib/x86_64-linux-gnu/libpcl_visualization.so  
[5.314s] -- looking for PCL_SURFACE
[5.315s] -- Found PCL_SURFACE: /usr/lib/x86_64-linux-gnu/libpcl_surface.so  
[5.315s] -- looking for PCL_REGISTRATION
[5.316s] -- Found PCL_REGISTRATION: /usr/lib/x86_64-linux-gnu/libpcl_registration.so  
[5.316s] -- looking for PCL_KEYPOINTS
[5.318s] -- Found PCL_KEYPOINTS: /usr/lib/x86_64-linux-gnu/libpcl_keypoints.so  
[5.320s] -- looking for PCL_TRACKING
[5.321s] -- Found PCL_TRACKING: /usr/lib/x86_64-linux-gnu/libpcl_tracking.so  
[5.321s] -- looking for PCL_RECOGNITION
[5.321s] -- Found PCL_RECOGNITION: /usr/lib/x86_64-linux-gnu/libpcl_recognition.so  
[5.321s] -- looking for PCL_STEREO
[5.322s] -- Found PCL_STEREO: /usr/lib/x86_64-linux-gnu/libpcl_stereo.so  
[5.323s] -- looking for PCL_APPS
[5.323s] -- Found PCL_APPS: /usr/lib/x86_64-linux-gnu/libpcl_apps.so  
[5.324s] -- looking for PCL_IN_HAND_SCANNER
[5.325s] -- Found PCL_IN_HAND_SCANNER: /usr/include/pcl-1.12  
[5.325s] -- looking for PCL_MODELER
[5.325s] -- Found PCL_MODELER: /usr/include/pcl-1.12  
[5.326s] -- looking for PCL_POINT_CLOUD_EDITOR
[5.326s] -- Found PCL_POINT_CLOUD_EDITOR: /usr/include/pcl-1.12  
[5.326s] -- looking for PCL_OUTOFCORE
[5.327s] -- Found PCL_OUTOFCORE: /usr/lib/x86_64-linux-gnu/libpcl_outofcore.so  
[5.329s] -- looking for PCL_PEOPLE
[5.330s] -- Found PCL_PEOPLE: /usr/lib/x86_64-linux-gnu/libpcl_people.so  
[5.330s] -- Found PCL: pcl_common;pcl_kdtree;pcl_octree;pcl_search;pcl_sample_consensus;pcl_filters;pcl_io;pcl_features;pcl_ml;pcl_segmentation;pcl_visualization;pcl_surface;pcl_registration;pcl_keypoints;pcl_tracking;pcl_recognition;pcl_stereo;pcl_apps;pcl_outofcore;pcl_people;Boost::system;Boost::filesystem;Boost::date_time;Boost::iostreams;Boost::serialization;/usr/lib/libOpenNI.so;libusb::libusb;/usr/lib/x86_64-linux-gnu/libOpenNI2.so;libusb::libusb;VTK::ChartsCore;VTK::CommonColor;VTK::CommonComputationalGeometry;VTK::CommonCore;VTK::CommonDataModel;VTK::CommonExecutionModel;VTK::CommonMath;VTK::CommonMisc;VTK::CommonTransforms;VTK::FiltersCore;VTK::FiltersExtraction;VTK::FiltersGeneral;VTK::FiltersGeometry;VTK::FiltersModeling;VTK::FiltersSources;VTK::ImagingCore;VTK::ImagingSources;VTK::InteractionImage;VTK::InteractionStyle;VTK::InteractionWidgets;VTK::IOCore;VTK::IOGeometry;VTK::IOImage;VTK::IOLegacy;VTK::IOPLY;VTK::RenderingAnnotation;VTK::RenderingCore;VTK::RenderingContext2D;VTK::RenderingLOD;VTK::RenderingFreeType;VTK::ViewsCore;VTK::ViewsContext2D;VTK::RenderingOpenGL2;VTK::GUISupportQt;FLANN::FLANN;QHULL::QHULL  
[5.418s] -- Configuring done
[5.425s] -- Generating done
[5.434s] [33mCMake Warning:
[5.435s]   Manually-specified variables were not used by the project:
[5.435s] 
[5.435s]     CATKIN_INSTALL_INTO_PREFIX_ROOT
[5.435s]     CATKIN_SYMLINK_INSTALL
[5.435s] 
[5.435s] [0m
[5.437s] -- Build files have been written to: /home/aurora/RM25/build/rm_localization
[5.464s] Invoked command in '/home/aurora/RM25/build/rm_localization' returned '0': /usr/bin/cmake /home/aurora/RM25/src/rm_localization -DCATKIN_INSTALL_INTO_PREFIX_ROOT=0 -DCATKIN_SYMLINK_INSTALL=ON -DCMAKE_INSTALL_PREFIX=/home/aurora/RM25/install/rm_localization
[5.464s] Invoking command in '/home/aurora/RM25/build/rm_localization': /usr/bin/cmake --build /home/aurora/RM25/build/rm_localization -- -j20 -l20
[5.529s] Invoked command in '/home/aurora/RM25/build/rm_localization' returned '0': /usr/bin/cmake --build /home/aurora/RM25/build/rm_localization -- -j20 -l20
[5.553s] Invoking command in '/home/aurora/RM25/build/rm_localization': /usr/bin/cmake --install /home/aurora/RM25/build/rm_localization
[5.564s] -- Install configuration: ""
[5.565s] -- Installing: /home/aurora/RM25/install/rm_localization/share/ament_index/resource_index/package_run_dependencies/rm_localization
[5.565s] -- Installing: /home/aurora/RM25/install/rm_localization/share/ament_index/resource_index/parent_prefix_path/rm_localization
[5.566s] -- Installing: /home/aurora/RM25/install/rm_localization/share/rm_localization/environment/ament_prefix_path.sh
[5.566s] -- Installing: /home/aurora/RM25/install/rm_localization/share/rm_localization/environment/ament_prefix_path.dsv
[5.566s] -- Installing: /home/aurora/RM25/install/rm_localization/share/rm_localization/environment/path.sh
[5.566s] -- Installing: /home/aurora/RM25/install/rm_localization/share/rm_localization/environment/path.dsv
[5.566s] -- Installing: /home/aurora/RM25/install/rm_localization/share/rm_localization/local_setup.bash
[5.566s] -- Installing: /home/aurora/RM25/install/rm_localization/share/rm_localization/local_setup.sh
[5.566s] -- Installing: /home/aurora/RM25/install/rm_localization/share/rm_localization/local_setup.zsh
[5.566s] -- Installing: /home/aurora/RM25/install/rm_localization/share/rm_localization/local_setup.dsv
[5.566s] -- Installing: /home/aurora/RM25/install/rm_localization/share/rm_localization/package.dsv
[5.566s] -- Installing: /home/aurora/RM25/install/rm_localization/share/ament_index/resource_index/packages/rm_localization
[5.566s] -- Installing: /home/aurora/RM25/install/rm_localization/share/rm_localization/cmake/rm_localizationConfig.cmake
[5.566s] -- Installing: /home/aurora/RM25/install/rm_localization/share/rm_localization/cmake/rm_localizationConfig-version.cmake
[5.567s] -- Installing: /home/aurora/RM25/install/rm_localization/share/rm_localization/package.xml
[5.572s] Invoked command in '/home/aurora/RM25/build/rm_localization' returned '0': /usr/bin/cmake --install /home/aurora/RM25/build/rm_localization
