[0.539s] Invoking command in '/home/aurora/RM25/build/nav2_behavior_tree': CMAKE_PREFIX_PATH=/home/aurora/RM25/install/nav2_util:/home/aurora/RM25/install/nav2_msgs:/home/aurora/RM25/install/nav2_common:/home/aurora/RM25/install/nav2_constrained_smoother:/home/aurora/RM25/install/rm_robot_description:/home/aurora/RM25/install/opennav_docking_core:/home/aurora/RM25/install/nav_2d_utils:/home/aurora/RM25/install/dwb_msgs:/home/aurora/RM25/install/nav_2d_msgs:/home/aurora/RM25/install/nav2_core:/home/aurora/RM25/install/costmap_queue:/home/aurora/RM25/install/nav2_costmap_2d:/home/aurora/RM25/install/nav2_voxel_grid:/home/aurora/RM25/install/nav2_velocity_smoother:/home/aurora/RM25/install/nav2_rviz_plugins:/home/aurora/RM25/install/nav2_map_server:/home/aurora/RM25/install/nav2_lifecycle_manager:/home/aurora/RM25/install/nav2_behavior_tree:/home/aurora/RM25/install/nav2_amcl:/home/aurora/ws_helloworld/install/pkg01_helloworld_cpp:/home/aurora/ws_helloworld/install/learning_tf2_cpp:/home/aurora/RM25/install/nav2_simple_commander:/home/aurora/RM25/install/nav2_loopback_sim:/home/aurora/ws_helloworld/install/pkg02_helloworld_py:/opt/ros/humble LD_LIBRARY_PATH=/home/aurora/RM25/install/nav2_util/lib:/home/aurora/RM25/install/nav2_msgs/lib:/home/aurora/RM25/install/nav2_constrained_smoother/lib:/home/aurora/RM25/install/nav_2d_utils/lib:/home/aurora/RM25/install/dwb_msgs/lib:/home/aurora/RM25/install/nav_2d_msgs/lib:/home/aurora/RM25/install/costmap_queue/lib:/home/aurora/RM25/install/nav2_costmap_2d/lib:/home/aurora/RM25/install/nav2_voxel_grid/lib:/home/aurora/RM25/install/nav2_velocity_smoother/lib:/home/aurora/RM25/install/nav2_rviz_plugins/lib:/home/aurora/RM25/install/nav2_map_server/lib:/home/aurora/RM25/install/nav2_lifecycle_manager/lib:/home/aurora/RM25/install/nav2_behavior_tree/lib:/home/aurora/RM25/install/nav2_amcl/lib:/usr/lib/x86_64-linux-gnu/gazebo-11/plugins:/opt/ros/humble/opt/rviz_ogre_vendor/lib:/opt/ros/humble/lib/x86_64-linux-gnu:/opt/ros/humble/lib /usr/bin/cmake --build /home/aurora/RM25/build/nav2_behavior_tree -- -j20 -l20
[0.594s] [  1%] Built target nav2_compute_path_through_poses_action_bt_node
[0.594s] [  2%] Built target nav2_behavior_tree
[0.594s] [  3%] Built target nav2_spin_cancel_bt_node
[0.595s] [  4%] Built target nav2_compute_path_to_pose_action_bt_node
[0.595s] [  5%] Built target nav2_drive_on_heading_cancel_bt_node
[0.596s] [  6%] Built target nav2_wait_cancel_bt_node
[0.596s] [  6%] Built target nav2_smooth_path_action_bt_node
[0.597s] [  7%] Built target nav2_assisted_teleop_cancel_bt_node
[0.598s] [  8%] Built target nav2_back_up_cancel_bt_node
[0.600s] [ 10%] Built target nav2_follow_path_action_bt_node
[0.600s] [ 10%] Built target nav2_controller_cancel_bt_node
[0.601s] [ 11%] Built target nav2_back_up_action_bt_node
[0.604s] [ 14%] Built target nav2_assisted_teleop_action_bt_node
[0.604s] [ 14%] Built target nav2_drive_on_heading_bt_node
[0.605s] [ 14%] Built target nav2_wait_action_bt_node
[0.605s] [ 15%] Built target nav2_spin_action_bt_node
[0.605s] [ 16%] Built target nav2_is_stuck_condition_bt_node
[0.606s] [ 17%] Built target nav2_clear_costmap_service_bt_node
[0.611s] [ 18%] Built target nav2_transform_available_condition_bt_node
[0.627s] [ 19%] Built target nav2_goal_reached_condition_bt_node
[0.629s] [ 20%] Built target nav2_distance_traveled_condition_bt_node
[0.630s] [ 21%] Built target nav2_initial_pose_received_condition_bt_node
[0.630s] [ 22%] Built target nav2_globally_updated_goal_condition_bt_node
[0.632s] [ 23%] Built target nav2_is_battery_charging_condition_bt_node
[0.633s] [ 24%] Built target nav2_path_expiring_timer_condition
[0.634s] [ 25%] Built target nav2_is_battery_low_condition_bt_node
[0.634s] [ 26%] Built target nav2_rate_controller_bt_node
[0.634s] [ 27%] Built target nav2_is_path_valid_condition_bt_node
[0.635s] [ 28%] Built target nav2_time_expired_condition_bt_node
[0.636s] [ 29%] Built target nav2_reinitialize_global_localization_service_bt_node
[0.637s] [ 29%] Built target nav2_goal_updated_condition_bt_node
[0.642s] [ 30%] Built target nav2_distance_controller_bt_node
[0.645s] [ 31%] Built target nav2_speed_controller_bt_node
[0.657s] [ 32%] Built target nav2_truncate_path_action_bt_node
[0.659s] [ 33%] Built target nav2_truncate_path_local_action_bt_node
[0.661s] [ 34%] Built target nav2_goal_updater_node_bt_node
[0.661s] [ 35%] Built target nav2_navigate_to_pose_action_bt_node
[0.663s] [ 36%] Built target nav2_navigate_through_poses_action_bt_node
[0.663s] [ 37%] Built target nav2_single_trigger_bt_node
[0.663s] [ 39%] Built target nav2_path_longer_on_approach_bt_node
[0.663s] [ 38%] Built target nav2_pipeline_sequence_bt_node
[0.664s] [ 40%] Built target nav2_round_robin_node_bt_node
[0.664s] [ 41%] Built target nav2_recovery_node_bt_node
[0.665s] [ 42%] Built target nav2_get_pose_from_path_action_bt_node
[0.665s] [ 43%] Built target nav2_remove_passed_goals_action_bt_node
[0.668s] [ 44%] Built target nav2_controller_selector_bt_node
[0.669s] [ 45%] Built target nav2_planner_selector_bt_node
[0.673s] [ 46%] Built target nav2_smoother_selector_bt_node
[0.681s] [ 48%] Built target gtest_main
[0.681s] [ 48%] Built target nav2_progress_checker_selector_bt_node
[0.682s] [ 48%] Built target gtest
[0.682s] [ 49%] Built target nav2_goal_checker_selector_bt_node
[0.684s] [ 50%] Built target nav2_goal_updated_controller_bt_node
[0.713s] [ 50%] Built target test_condition_time_expired
[0.713s] [ 52%] Built target test_bt_conversions
[0.713s] [ 52%] Built target test_condition_distance_traveled
[0.719s] [ 53%] Built target test_condition_goal_reached
[0.719s] [ 54%] Built target test_condition_path_expiring_timer
[0.719s] [ 55%] Built target test_condition_goal_updated
[0.720s] [ 57%] Built target test_condition_is_battery_low
[0.720s] [ 57%] Built target test_condition_is_path_valid
[0.720s] [ 58%] Built target test_condition_globally_updated_goal
[0.720s] [ 59%] Built target test_decorator_speed_controller
[0.720s] [ 61%] Built target test_condition_is_stuck
[0.720s] [ 61%] Built target test_condition_transform_available
[0.721s] [ 62%] Built target test_decorator_distance_controller
[0.721s] [ 63%] Built target test_decorator_rate_controller
[0.721s] [ 64%] Built target test_goal_updater_node
[0.721s] [ 65%] Built target test_condition_initial_pose_received
[0.721s] [ 66%] Built target test_single_trigger_node
[0.721s] [ 67%] Built target test_condition_is_battery_charging
[0.749s] [ 68%] Built target test_control_recovery_node
[0.749s] [ 69%] Built target test_decorator_path_longer_on_approach
[0.749s] [ 70%] Built target test_goal_updated_controller
[0.753s] [ 71%] Built target test_action_drive_on_heading
[0.754s] [ 72%] Built target test_control_pipeline_sequence
[0.754s] [ 73%] Built target test_control_round_robin_node
[0.754s] [ 75%] Built target test_bt_action_node
[0.754s] [ 75%] Built target test_action_assisted_teleop_action
[0.754s] [ 76%] Built target test_action_wait_action
[0.755s] [ 77%] Built target test_action_back_up_action
[0.756s] [ 78%] Built target test_action_controller_cancel_action
[0.758s] [ 79%] Built target test_action_spin_action
[0.760s] [ 80%] Built target test_action_back_up_cancel_action
[0.760s] [ 82%] Built target test_action_spin_cancel_action
[0.760s] [ 82%] Built target test_action_assisted_teleop_cancel_action
[0.760s] [ 83%] Built target test_action_compute_path_to_pose_action
[0.760s] [ 84%] Built target test_action_wait_cancel_action
[0.763s] [ 85%] Built target test_action_reinitialize_global_localization_service
[0.763s] [ 86%] Built target test_action_drive_on_heading_cancel_action
[0.765s] [ 87%] Built target test_action_clear_costmap_service
[0.782s] [ 88%] Built target test_action_smooth_path_action
[0.784s] [ 88%] Built target test_action_follow_path_action
[0.786s] [ 89%] Built target test_action_compute_path_through_poses_action
[0.786s] [ 90%] Built target test_action_navigate_through_poses_action
[0.788s] [ 91%] Built target test_truncate_path_action
[0.789s] [ 92%] Built target test_planner_selector_node
[0.790s] [ 94%] Built target test_goal_checker_selector_node
[0.790s] [ 94%] Built target test_action_navigate_to_pose_action
[0.790s] [ 95%] Built target test_truncate_path_local_action
[0.793s] [ 97%] Built target test_progress_checker_selector_node
[0.793s] [ 97%] Built target test_get_pose_from_path_action
[0.794s] [ 98%] Built target test_remove_passed_goals_action
[0.797s] [ 99%] Built target test_smoother_selector_node
[0.797s] [100%] Built target test_controller_selector_node
[0.821s] Invoked command in '/home/aurora/RM25/build/nav2_behavior_tree' returned '0': CMAKE_PREFIX_PATH=/home/aurora/RM25/install/nav2_util:/home/aurora/RM25/install/nav2_msgs:/home/aurora/RM25/install/nav2_common:/home/aurora/RM25/install/nav2_constrained_smoother:/home/aurora/RM25/install/rm_robot_description:/home/aurora/RM25/install/opennav_docking_core:/home/aurora/RM25/install/nav_2d_utils:/home/aurora/RM25/install/dwb_msgs:/home/aurora/RM25/install/nav_2d_msgs:/home/aurora/RM25/install/nav2_core:/home/aurora/RM25/install/costmap_queue:/home/aurora/RM25/install/nav2_costmap_2d:/home/aurora/RM25/install/nav2_voxel_grid:/home/aurora/RM25/install/nav2_velocity_smoother:/home/aurora/RM25/install/nav2_rviz_plugins:/home/aurora/RM25/install/nav2_map_server:/home/aurora/RM25/install/nav2_lifecycle_manager:/home/aurora/RM25/install/nav2_behavior_tree:/home/aurora/RM25/install/nav2_amcl:/home/aurora/ws_helloworld/install/pkg01_helloworld_cpp:/home/aurora/ws_helloworld/install/learning_tf2_cpp:/home/aurora/RM25/install/nav2_simple_commander:/home/aurora/RM25/install/nav2_loopback_sim:/home/aurora/ws_helloworld/install/pkg02_helloworld_py:/opt/ros/humble LD_LIBRARY_PATH=/home/aurora/RM25/install/nav2_util/lib:/home/aurora/RM25/install/nav2_msgs/lib:/home/aurora/RM25/install/nav2_constrained_smoother/lib:/home/aurora/RM25/install/nav_2d_utils/lib:/home/aurora/RM25/install/dwb_msgs/lib:/home/aurora/RM25/install/nav_2d_msgs/lib:/home/aurora/RM25/install/costmap_queue/lib:/home/aurora/RM25/install/nav2_costmap_2d/lib:/home/aurora/RM25/install/nav2_voxel_grid/lib:/home/aurora/RM25/install/nav2_velocity_smoother/lib:/home/aurora/RM25/install/nav2_rviz_plugins/lib:/home/aurora/RM25/install/nav2_map_server/lib:/home/aurora/RM25/install/nav2_lifecycle_manager/lib:/home/aurora/RM25/install/nav2_behavior_tree/lib:/home/aurora/RM25/install/nav2_amcl/lib:/usr/lib/x86_64-linux-gnu/gazebo-11/plugins:/opt/ros/humble/opt/rviz_ogre_vendor/lib:/opt/ros/humble/lib/x86_64-linux-gnu:/opt/ros/humble/lib /usr/bin/cmake --build /home/aurora/RM25/build/nav2_behavior_tree -- -j20 -l20
[0.970s] Invoking command in '/home/aurora/RM25/build/nav2_behavior_tree': CMAKE_PREFIX_PATH=/home/aurora/RM25/install/nav2_util:/home/aurora/RM25/install/nav2_msgs:/home/aurora/RM25/install/nav2_common:/home/aurora/RM25/install/nav2_constrained_smoother:/home/aurora/RM25/install/rm_robot_description:/home/aurora/RM25/install/opennav_docking_core:/home/aurora/RM25/install/nav_2d_utils:/home/aurora/RM25/install/dwb_msgs:/home/aurora/RM25/install/nav_2d_msgs:/home/aurora/RM25/install/nav2_core:/home/aurora/RM25/install/costmap_queue:/home/aurora/RM25/install/nav2_costmap_2d:/home/aurora/RM25/install/nav2_voxel_grid:/home/aurora/RM25/install/nav2_velocity_smoother:/home/aurora/RM25/install/nav2_rviz_plugins:/home/aurora/RM25/install/nav2_map_server:/home/aurora/RM25/install/nav2_lifecycle_manager:/home/aurora/RM25/install/nav2_behavior_tree:/home/aurora/RM25/install/nav2_amcl:/home/aurora/ws_helloworld/install/pkg01_helloworld_cpp:/home/aurora/ws_helloworld/install/learning_tf2_cpp:/home/aurora/RM25/install/nav2_simple_commander:/home/aurora/RM25/install/nav2_loopback_sim:/home/aurora/ws_helloworld/install/pkg02_helloworld_py:/opt/ros/humble LD_LIBRARY_PATH=/home/aurora/RM25/install/nav2_util/lib:/home/aurora/RM25/install/nav2_msgs/lib:/home/aurora/RM25/install/nav2_constrained_smoother/lib:/home/aurora/RM25/install/nav_2d_utils/lib:/home/aurora/RM25/install/dwb_msgs/lib:/home/aurora/RM25/install/nav_2d_msgs/lib:/home/aurora/RM25/install/costmap_queue/lib:/home/aurora/RM25/install/nav2_costmap_2d/lib:/home/aurora/RM25/install/nav2_voxel_grid/lib:/home/aurora/RM25/install/nav2_velocity_smoother/lib:/home/aurora/RM25/install/nav2_rviz_plugins/lib:/home/aurora/RM25/install/nav2_map_server/lib:/home/aurora/RM25/install/nav2_lifecycle_manager/lib:/home/aurora/RM25/install/nav2_behavior_tree/lib:/home/aurora/RM25/install/nav2_amcl/lib:/usr/lib/x86_64-linux-gnu/gazebo-11/plugins:/opt/ros/humble/opt/rviz_ogre_vendor/lib:/opt/ros/humble/lib/x86_64-linux-gnu:/opt/ros/humble/lib /usr/bin/cmake --install /home/aurora/RM25/build/nav2_behavior_tree
[0.974s] -- Install configuration: "Release"
[0.974s] -- Execute custom install script
[0.975s] -- Up-to-date symlink: /home/aurora/RM25/install/nav2_behavior_tree/lib/libnav2_behavior_tree.so
[0.975s] -- Up-to-date symlink: /home/aurora/RM25/install/nav2_behavior_tree/lib/libnav2_compute_path_to_pose_action_bt_node.so
[0.975s] -- Up-to-date symlink: /home/aurora/RM25/install/nav2_behavior_tree/lib/libnav2_compute_path_through_poses_action_bt_node.so
[0.975s] -- Up-to-date symlink: /home/aurora/RM25/install/nav2_behavior_tree/lib/libnav2_controller_cancel_bt_node.so
[0.975s] -- Up-to-date symlink: /home/aurora/RM25/install/nav2_behavior_tree/lib/libnav2_wait_cancel_bt_node.so
[0.975s] -- Up-to-date symlink: /home/aurora/RM25/install/nav2_behavior_tree/lib/libnav2_spin_cancel_bt_node.so
[0.975s] -- Up-to-date symlink: /home/aurora/RM25/install/nav2_behavior_tree/lib/libnav2_back_up_cancel_bt_node.so
[0.975s] -- Up-to-date symlink: /home/aurora/RM25/install/nav2_behavior_tree/lib/libnav2_assisted_teleop_cancel_bt_node.so
[0.975s] -- Up-to-date symlink: /home/aurora/RM25/install/nav2_behavior_tree/lib/libnav2_drive_on_heading_cancel_bt_node.so
[0.976s] -- Up-to-date symlink: /home/aurora/RM25/install/nav2_behavior_tree/lib/libnav2_smooth_path_action_bt_node.so
[0.976s] -- Up-to-date symlink: /home/aurora/RM25/install/nav2_behavior_tree/lib/libnav2_follow_path_action_bt_node.so
[0.976s] -- Up-to-date symlink: /home/aurora/RM25/install/nav2_behavior_tree/lib/libnav2_back_up_action_bt_node.so
[0.976s] -- Up-to-date symlink: /home/aurora/RM25/install/nav2_behavior_tree/lib/libnav2_drive_on_heading_bt_node.so
[0.976s] -- Up-to-date symlink: /home/aurora/RM25/install/nav2_behavior_tree/lib/libnav2_spin_action_bt_node.so
[0.976s] -- Up-to-date symlink: /home/aurora/RM25/install/nav2_behavior_tree/lib/libnav2_wait_action_bt_node.so
[0.976s] -- Up-to-date symlink: /home/aurora/RM25/install/nav2_behavior_tree/lib/libnav2_assisted_teleop_action_bt_node.so
[0.976s] -- Up-to-date symlink: /home/aurora/RM25/install/nav2_behavior_tree/lib/libnav2_clear_costmap_service_bt_node.so
[0.976s] -- Up-to-date symlink: /home/aurora/RM25/install/nav2_behavior_tree/lib/libnav2_is_stuck_condition_bt_node.so
[0.976s] -- Up-to-date symlink: /home/aurora/RM25/install/nav2_behavior_tree/lib/libnav2_transform_available_condition_bt_node.so
[0.977s] -- Up-to-date symlink: /home/aurora/RM25/install/nav2_behavior_tree/lib/libnav2_goal_reached_condition_bt_node.so
[0.977s] -- Up-to-date symlink: /home/aurora/RM25/install/nav2_behavior_tree/lib/libnav2_globally_updated_goal_condition_bt_node.so
[0.977s] -- Up-to-date symlink: /home/aurora/RM25/install/nav2_behavior_tree/lib/libnav2_goal_updated_condition_bt_node.so
[0.977s] -- Up-to-date symlink: /home/aurora/RM25/install/nav2_behavior_tree/lib/libnav2_is_path_valid_condition_bt_node.so
[0.977s] -- Up-to-date symlink: /home/aurora/RM25/install/nav2_behavior_tree/lib/libnav2_time_expired_condition_bt_node.so
[0.977s] -- Up-to-date symlink: /home/aurora/RM25/install/nav2_behavior_tree/lib/libnav2_path_expiring_timer_condition.so
[0.977s] -- Up-to-date symlink: /home/aurora/RM25/install/nav2_behavior_tree/lib/libnav2_distance_traveled_condition_bt_node.so
[0.977s] -- Up-to-date symlink: /home/aurora/RM25/install/nav2_behavior_tree/lib/libnav2_initial_pose_received_condition_bt_node.so
[0.977s] -- Up-to-date symlink: /home/aurora/RM25/install/nav2_behavior_tree/lib/libnav2_is_battery_charging_condition_bt_node.so
[0.977s] -- Up-to-date symlink: /home/aurora/RM25/install/nav2_behavior_tree/lib/libnav2_is_battery_low_condition_bt_node.so
[0.977s] -- Up-to-date symlink: /home/aurora/RM25/install/nav2_behavior_tree/lib/libnav2_reinitialize_global_localization_service_bt_node.so
[0.978s] -- Up-to-date symlink: /home/aurora/RM25/install/nav2_behavior_tree/lib/libnav2_rate_controller_bt_node.so
[0.978s] -- Up-to-date symlink: /home/aurora/RM25/install/nav2_behavior_tree/lib/libnav2_distance_controller_bt_node.so
[0.978s] -- Up-to-date symlink: /home/aurora/RM25/install/nav2_behavior_tree/lib/libnav2_speed_controller_bt_node.so
[0.978s] -- Up-to-date symlink: /home/aurora/RM25/install/nav2_behavior_tree/lib/libnav2_truncate_path_action_bt_node.so
[0.978s] -- Up-to-date symlink: /home/aurora/RM25/install/nav2_behavior_tree/lib/libnav2_truncate_path_local_action_bt_node.so
[0.978s] -- Up-to-date symlink: /home/aurora/RM25/install/nav2_behavior_tree/lib/libnav2_goal_updater_node_bt_node.so
[0.978s] -- Up-to-date symlink: /home/aurora/RM25/install/nav2_behavior_tree/lib/libnav2_path_longer_on_approach_bt_node.so
[0.978s] -- Up-to-date symlink: /home/aurora/RM25/install/nav2_behavior_tree/lib/libnav2_recovery_node_bt_node.so
[0.978s] -- Up-to-date symlink: /home/aurora/RM25/install/nav2_behavior_tree/lib/libnav2_navigate_to_pose_action_bt_node.so
[0.978s] -- Up-to-date symlink: /home/aurora/RM25/install/nav2_behavior_tree/lib/libnav2_navigate_through_poses_action_bt_node.so
[0.978s] -- Up-to-date symlink: /home/aurora/RM25/install/nav2_behavior_tree/lib/libnav2_remove_passed_goals_action_bt_node.so
[0.978s] -- Up-to-date symlink: /home/aurora/RM25/install/nav2_behavior_tree/lib/libnav2_get_pose_from_path_action_bt_node.so
[0.979s] -- Up-to-date symlink: /home/aurora/RM25/install/nav2_behavior_tree/lib/libnav2_pipeline_sequence_bt_node.so
[0.979s] -- Up-to-date symlink: /home/aurora/RM25/install/nav2_behavior_tree/lib/libnav2_round_robin_node_bt_node.so
[0.979s] -- Up-to-date symlink: /home/aurora/RM25/install/nav2_behavior_tree/lib/libnav2_single_trigger_bt_node.so
[0.979s] -- Up-to-date symlink: /home/aurora/RM25/install/nav2_behavior_tree/lib/libnav2_planner_selector_bt_node.so
[0.979s] -- Up-to-date symlink: /home/aurora/RM25/install/nav2_behavior_tree/lib/libnav2_controller_selector_bt_node.so
[0.979s] -- Up-to-date symlink: /home/aurora/RM25/install/nav2_behavior_tree/lib/libnav2_smoother_selector_bt_node.so
[0.979s] -- Up-to-date symlink: /home/aurora/RM25/install/nav2_behavior_tree/lib/libnav2_goal_checker_selector_bt_node.so
[0.979s] -- Up-to-date symlink: /home/aurora/RM25/install/nav2_behavior_tree/lib/libnav2_progress_checker_selector_bt_node.so
[0.979s] -- Up-to-date symlink: /home/aurora/RM25/install/nav2_behavior_tree/lib/libnav2_goal_updated_controller_bt_node.so
[0.979s] -- Up-to-date symlink: /home/aurora/RM25/install/nav2_behavior_tree/include//nav2_behavior_tree/behavior_tree_engine.hpp
[0.979s] -- Up-to-date symlink: /home/aurora/RM25/install/nav2_behavior_tree/include//nav2_behavior_tree/bt_action_node.hpp
[0.979s] -- Up-to-date symlink: /home/aurora/RM25/install/nav2_behavior_tree/include//nav2_behavior_tree/bt_action_server.hpp
[0.979s] -- Up-to-date symlink: /home/aurora/RM25/install/nav2_behavior_tree/include//nav2_behavior_tree/bt_action_server_impl.hpp
[0.979s] -- Up-to-date symlink: /home/aurora/RM25/install/nav2_behavior_tree/include//nav2_behavior_tree/bt_cancel_action_node.hpp
[0.980s] -- Up-to-date symlink: /home/aurora/RM25/install/nav2_behavior_tree/include//nav2_behavior_tree/bt_conversions.hpp
[0.980s] -- Up-to-date symlink: /home/aurora/RM25/install/nav2_behavior_tree/include//nav2_behavior_tree/bt_service_node.hpp
[0.980s] -- Up-to-date symlink: /home/aurora/RM25/install/nav2_behavior_tree/include//nav2_behavior_tree/plugins/action/assisted_teleop_action.hpp
[0.980s] -- Up-to-date symlink: /home/aurora/RM25/install/nav2_behavior_tree/include//nav2_behavior_tree/plugins/action/assisted_teleop_cancel_node.hpp
[0.980s] -- Up-to-date symlink: /home/aurora/RM25/install/nav2_behavior_tree/include//nav2_behavior_tree/plugins/action/back_up_action.hpp
[0.980s] -- Up-to-date symlink: /home/aurora/RM25/install/nav2_behavior_tree/include//nav2_behavior_tree/plugins/action/back_up_cancel_node.hpp
[0.980s] -- Up-to-date symlink: /home/aurora/RM25/install/nav2_behavior_tree/include//nav2_behavior_tree/plugins/action/clear_costmap_service.hpp
[0.980s] -- Up-to-date symlink: /home/aurora/RM25/install/nav2_behavior_tree/include//nav2_behavior_tree/plugins/action/compute_path_through_poses_action.hpp
[0.981s] -- Up-to-date symlink: /home/aurora/RM25/install/nav2_behavior_tree/include//nav2_behavior_tree/plugins/action/compute_path_to_pose_action.hpp
[0.981s] -- Up-to-date symlink: /home/aurora/RM25/install/nav2_behavior_tree/include//nav2_behavior_tree/plugins/action/controller_cancel_node.hpp
[0.981s] -- Up-to-date symlink: /home/aurora/RM25/install/nav2_behavior_tree/include//nav2_behavior_tree/plugins/action/controller_selector_node.hpp
[0.981s] -- Up-to-date symlink: /home/aurora/RM25/install/nav2_behavior_tree/include//nav2_behavior_tree/plugins/action/drive_on_heading_action.hpp
[0.981s] -- Up-to-date symlink: /home/aurora/RM25/install/nav2_behavior_tree/include//nav2_behavior_tree/plugins/action/drive_on_heading_cancel_node.hpp
[0.981s] -- Up-to-date symlink: /home/aurora/RM25/install/nav2_behavior_tree/include//nav2_behavior_tree/plugins/action/follow_path_action.hpp
[0.981s] -- Up-to-date symlink: /home/aurora/RM25/install/nav2_behavior_tree/include//nav2_behavior_tree/plugins/action/get_pose_from_path_action.hpp
[0.981s] -- Up-to-date symlink: /home/aurora/RM25/install/nav2_behavior_tree/include//nav2_behavior_tree/plugins/action/goal_checker_selector_node.hpp
[0.981s] -- Up-to-date symlink: /home/aurora/RM25/install/nav2_behavior_tree/include//nav2_behavior_tree/plugins/action/navigate_through_poses_action.hpp
[0.981s] -- Up-to-date symlink: /home/aurora/RM25/install/nav2_behavior_tree/include//nav2_behavior_tree/plugins/action/navigate_to_pose_action.hpp
[0.981s] -- Up-to-date symlink: /home/aurora/RM25/install/nav2_behavior_tree/include//nav2_behavior_tree/plugins/action/planner_selector_node.hpp
[0.982s] -- Up-to-date symlink: /home/aurora/RM25/install/nav2_behavior_tree/include//nav2_behavior_tree/plugins/action/progress_checker_selector_node.hpp
[0.982s] -- Up-to-date symlink: /home/aurora/RM25/install/nav2_behavior_tree/include//nav2_behavior_tree/plugins/action/reinitialize_global_localization_service.hpp
[0.982s] -- Up-to-date symlink: /home/aurora/RM25/install/nav2_behavior_tree/include//nav2_behavior_tree/plugins/action/remove_passed_goals_action.hpp
[0.982s] -- Up-to-date symlink: /home/aurora/RM25/install/nav2_behavior_tree/include//nav2_behavior_tree/plugins/action/smooth_path_action.hpp
[0.982s] -- Up-to-date symlink: /home/aurora/RM25/install/nav2_behavior_tree/include//nav2_behavior_tree/plugins/action/smoother_selector_node.hpp
[0.982s] -- Up-to-date symlink: /home/aurora/RM25/install/nav2_behavior_tree/include//nav2_behavior_tree/plugins/action/spin_action.hpp
[0.982s] -- Up-to-date symlink: /home/aurora/RM25/install/nav2_behavior_tree/include//nav2_behavior_tree/plugins/action/spin_cancel_node.hpp
[0.982s] -- Up-to-date symlink: /home/aurora/RM25/install/nav2_behavior_tree/include//nav2_behavior_tree/plugins/action/truncate_path_action.hpp
[0.982s] -- Up-to-date symlink: /home/aurora/RM25/install/nav2_behavior_tree/include//nav2_behavior_tree/plugins/action/truncate_path_local_action.hpp
[0.982s] -- Up-to-date symlink: /home/aurora/RM25/install/nav2_behavior_tree/include//nav2_behavior_tree/plugins/action/wait_action.hpp
[0.982s] -- Up-to-date symlink: /home/aurora/RM25/install/nav2_behavior_tree/include//nav2_behavior_tree/plugins/action/wait_cancel_node.hpp
[0.983s] -- Up-to-date symlink: /home/aurora/RM25/install/nav2_behavior_tree/include//nav2_behavior_tree/plugins/condition/distance_traveled_condition.hpp
[0.983s] -- Up-to-date symlink: /home/aurora/RM25/install/nav2_behavior_tree/include//nav2_behavior_tree/plugins/condition/globally_updated_goal_condition.hpp
[0.983s] -- Up-to-date symlink: /home/aurora/RM25/install/nav2_behavior_tree/include//nav2_behavior_tree/plugins/condition/goal_reached_condition.hpp
[0.983s] -- Up-to-date symlink: /home/aurora/RM25/install/nav2_behavior_tree/include//nav2_behavior_tree/plugins/condition/goal_updated_condition.hpp
[0.983s] -- Up-to-date symlink: /home/aurora/RM25/install/nav2_behavior_tree/include//nav2_behavior_tree/plugins/condition/initial_pose_received_condition.hpp
[0.983s] -- Up-to-date symlink: /home/aurora/RM25/install/nav2_behavior_tree/include//nav2_behavior_tree/plugins/condition/is_battery_charging_condition.hpp
[0.983s] -- Up-to-date symlink: /home/aurora/RM25/install/nav2_behavior_tree/include//nav2_behavior_tree/plugins/condition/is_battery_low_condition.hpp
[0.983s] -- Up-to-date symlink: /home/aurora/RM25/install/nav2_behavior_tree/include//nav2_behavior_tree/plugins/condition/is_path_valid_condition.hpp
[0.983s] -- Up-to-date symlink: /home/aurora/RM25/install/nav2_behavior_tree/include//nav2_behavior_tree/plugins/condition/is_stuck_condition.hpp
[0.983s] -- Up-to-date symlink: /home/aurora/RM25/install/nav2_behavior_tree/include//nav2_behavior_tree/plugins/condition/path_expiring_timer_condition.hpp
[0.984s] -- Up-to-date symlink: /home/aurora/RM25/install/nav2_behavior_tree/include//nav2_behavior_tree/plugins/condition/time_expired_condition.hpp
[0.984s] -- Up-to-date symlink: /home/aurora/RM25/install/nav2_behavior_tree/include//nav2_behavior_tree/plugins/condition/transform_available_condition.hpp
[0.984s] -- Up-to-date symlink: /home/aurora/RM25/install/nav2_behavior_tree/include//nav2_behavior_tree/plugins/control/pipeline_sequence.hpp
[0.984s] -- Up-to-date symlink: /home/aurora/RM25/install/nav2_behavior_tree/include//nav2_behavior_tree/plugins/control/recovery_node.hpp
[0.984s] -- Up-to-date symlink: /home/aurora/RM25/install/nav2_behavior_tree/include//nav2_behavior_tree/plugins/control/round_robin_node.hpp
[0.984s] -- Up-to-date symlink: /home/aurora/RM25/install/nav2_behavior_tree/include//nav2_behavior_tree/plugins/decorator/distance_controller.hpp
[0.984s] -- Up-to-date symlink: /home/aurora/RM25/install/nav2_behavior_tree/include//nav2_behavior_tree/plugins/decorator/goal_updated_controller.hpp
[0.984s] -- Up-to-date symlink: /home/aurora/RM25/install/nav2_behavior_tree/include//nav2_behavior_tree/plugins/decorator/goal_updater_node.hpp
[0.984s] -- Up-to-date symlink: /home/aurora/RM25/install/nav2_behavior_tree/include//nav2_behavior_tree/plugins/decorator/path_longer_on_approach.hpp
[0.984s] -- Up-to-date symlink: /home/aurora/RM25/install/nav2_behavior_tree/include//nav2_behavior_tree/plugins/decorator/rate_controller.hpp
[0.984s] -- Up-to-date symlink: /home/aurora/RM25/install/nav2_behavior_tree/include//nav2_behavior_tree/plugins/decorator/single_trigger_node.hpp
[0.984s] -- Up-to-date symlink: /home/aurora/RM25/install/nav2_behavior_tree/include//nav2_behavior_tree/plugins/decorator/speed_controller.hpp
[0.984s] -- Up-to-date symlink: /home/aurora/RM25/install/nav2_behavior_tree/include//nav2_behavior_tree/ros_topic_logger.hpp
[0.984s] -- Up-to-date symlink: /home/aurora/RM25/install/nav2_behavior_tree/share/nav2_behavior_tree/nav2_tree_nodes.xml
[0.984s] -- Up-to-date symlink: /home/aurora/RM25/install/nav2_behavior_tree/share/nav2_behavior_tree/environment/library_path.sh
[0.984s] -- Up-to-date symlink: /home/aurora/RM25/install/nav2_behavior_tree/share/nav2_behavior_tree/environment/library_path.dsv
[0.984s] -- Up-to-date symlink: /home/aurora/RM25/install/nav2_behavior_tree/share/ament_index/resource_index/package_run_dependencies/nav2_behavior_tree
[0.984s] -- Up-to-date symlink: /home/aurora/RM25/install/nav2_behavior_tree/share/ament_index/resource_index/parent_prefix_path/nav2_behavior_tree
[0.985s] -- Up-to-date symlink: /home/aurora/RM25/install/nav2_behavior_tree/share/nav2_behavior_tree/environment/ament_prefix_path.sh
[0.985s] -- Up-to-date symlink: /home/aurora/RM25/install/nav2_behavior_tree/share/nav2_behavior_tree/environment/ament_prefix_path.dsv
[0.985s] -- Up-to-date symlink: /home/aurora/RM25/install/nav2_behavior_tree/share/nav2_behavior_tree/environment/path.sh
[0.985s] -- Up-to-date symlink: /home/aurora/RM25/install/nav2_behavior_tree/share/nav2_behavior_tree/environment/path.dsv
[0.985s] -- Up-to-date symlink: /home/aurora/RM25/install/nav2_behavior_tree/share/nav2_behavior_tree/local_setup.bash
[0.985s] -- Up-to-date symlink: /home/aurora/RM25/install/nav2_behavior_tree/share/nav2_behavior_tree/local_setup.sh
[0.985s] -- Up-to-date symlink: /home/aurora/RM25/install/nav2_behavior_tree/share/nav2_behavior_tree/local_setup.zsh
[0.985s] -- Up-to-date symlink: /home/aurora/RM25/install/nav2_behavior_tree/share/nav2_behavior_tree/local_setup.dsv
[0.985s] -- Symlinking: /home/aurora/RM25/install/nav2_behavior_tree/share/nav2_behavior_tree/package.dsv
[0.989s] -- Up-to-date symlink: /home/aurora/RM25/install/nav2_behavior_tree/share/ament_index/resource_index/packages/nav2_behavior_tree
[0.989s] -- Up-to-date symlink: /home/aurora/RM25/install/nav2_behavior_tree/share/nav2_behavior_tree/cmake/ament_cmake_export_include_directories-extras.cmake
[0.989s] -- Up-to-date symlink: /home/aurora/RM25/install/nav2_behavior_tree/share/nav2_behavior_tree/cmake/ament_cmake_export_libraries-extras.cmake
[0.989s] -- Up-to-date symlink: /home/aurora/RM25/install/nav2_behavior_tree/share/nav2_behavior_tree/cmake/ament_cmake_export_dependencies-extras.cmake
[0.990s] -- Up-to-date symlink: /home/aurora/RM25/install/nav2_behavior_tree/share/nav2_behavior_tree/cmake/nav2_behavior_treeConfig.cmake
[0.990s] -- Up-to-date symlink: /home/aurora/RM25/install/nav2_behavior_tree/share/nav2_behavior_tree/cmake/nav2_behavior_treeConfig-version.cmake
[0.990s] -- Up-to-date symlink: /home/aurora/RM25/install/nav2_behavior_tree/share/nav2_behavior_tree/package.xml
[0.991s] Invoked command in '/home/aurora/RM25/build/nav2_behavior_tree' returned '0': CMAKE_PREFIX_PATH=/home/aurora/RM25/install/nav2_util:/home/aurora/RM25/install/nav2_msgs:/home/aurora/RM25/install/nav2_common:/home/aurora/RM25/install/nav2_constrained_smoother:/home/aurora/RM25/install/rm_robot_description:/home/aurora/RM25/install/opennav_docking_core:/home/aurora/RM25/install/nav_2d_utils:/home/aurora/RM25/install/dwb_msgs:/home/aurora/RM25/install/nav_2d_msgs:/home/aurora/RM25/install/nav2_core:/home/aurora/RM25/install/costmap_queue:/home/aurora/RM25/install/nav2_costmap_2d:/home/aurora/RM25/install/nav2_voxel_grid:/home/aurora/RM25/install/nav2_velocity_smoother:/home/aurora/RM25/install/nav2_rviz_plugins:/home/aurora/RM25/install/nav2_map_server:/home/aurora/RM25/install/nav2_lifecycle_manager:/home/aurora/RM25/install/nav2_behavior_tree:/home/aurora/RM25/install/nav2_amcl:/home/aurora/ws_helloworld/install/pkg01_helloworld_cpp:/home/aurora/ws_helloworld/install/learning_tf2_cpp:/home/aurora/RM25/install/nav2_simple_commander:/home/aurora/RM25/install/nav2_loopback_sim:/home/aurora/ws_helloworld/install/pkg02_helloworld_py:/opt/ros/humble LD_LIBRARY_PATH=/home/aurora/RM25/install/nav2_util/lib:/home/aurora/RM25/install/nav2_msgs/lib:/home/aurora/RM25/install/nav2_constrained_smoother/lib:/home/aurora/RM25/install/nav_2d_utils/lib:/home/aurora/RM25/install/dwb_msgs/lib:/home/aurora/RM25/install/nav_2d_msgs/lib:/home/aurora/RM25/install/costmap_queue/lib:/home/aurora/RM25/install/nav2_costmap_2d/lib:/home/aurora/RM25/install/nav2_voxel_grid/lib:/home/aurora/RM25/install/nav2_velocity_smoother/lib:/home/aurora/RM25/install/nav2_rviz_plugins/lib:/home/aurora/RM25/install/nav2_map_server/lib:/home/aurora/RM25/install/nav2_lifecycle_manager/lib:/home/aurora/RM25/install/nav2_behavior_tree/lib:/home/aurora/RM25/install/nav2_amcl/lib:/usr/lib/x86_64-linux-gnu/gazebo-11/plugins:/opt/ros/humble/opt/rviz_ogre_vendor/lib:/opt/ros/humble/lib/x86_64-linux-gnu:/opt/ros/humble/lib /usr/bin/cmake --install /home/aurora/RM25/build/nav2_behavior_tree
