[1.198s] Invoking command in '/home/aurora/RM25/build/dwb_plugins': AMENT_PREFIX_PATH=/home/aurora/RM25/install/dwb_core:${AMENT_PREFIX_PATH} CMAKE_PREFIX_PATH=/home/aurora/RM25/install/dwb_core:/home/aurora/RM25/install/nav2_core:/home/aurora/RM25/install/nav2_costmap_2d:/home/aurora/RM25/install/nav_2d_utils:/home/aurora/RM25/install/nav2_map_server:/home/aurora/RM25/install/nav2_lifecycle_manager:/home/aurora/RM25/install/nav2_util:/home/aurora/RM25/install/nav2_voxel_grid:/home/aurora/RM25/install/nav2_msgs:/home/aurora/RM25/install/dwb_msgs:/home/aurora/RM25/install/nav_2d_msgs:/home/aurora/RM25/install/nav2_common:/home/aurora/RM25/install/nav2_constrained_smoother:/home/aurora/RM25/install/rm_robot_description:/home/aurora/RM25/install/opennav_docking_core:/home/aurora/RM25/install/costmap_queue:/home/aurora/RM25/install/nav2_velocity_smoother:/home/aurora/RM25/install/nav2_rviz_plugins:/home/aurora/RM25/install/nav2_behavior_tree:/home/aurora/RM25/install/nav2_amcl:/home/aurora/ws_helloworld/install/pkg01_helloworld_cpp:/home/aurora/ws_helloworld/install/learning_tf2_cpp:/home/aurora/RM25/install/nav2_simple_commander:/home/aurora/RM25/install/nav2_loopback_sim:/home/aurora/ws_helloworld/install/pkg02_helloworld_py:/opt/ros/humble LD_LIBRARY_PATH=/home/aurora/RM25/install/dwb_core/lib:/home/aurora/RM25/install/nav2_costmap_2d/lib:/home/aurora/RM25/install/nav_2d_utils/lib:/home/aurora/RM25/install/nav2_map_server/lib:/home/aurora/RM25/install/nav2_lifecycle_manager/lib:/home/aurora/RM25/install/nav2_util/lib:/home/aurora/RM25/install/nav2_voxel_grid/lib:/home/aurora/RM25/install/nav2_msgs/lib:/home/aurora/RM25/install/dwb_msgs/lib:/home/aurora/RM25/install/nav_2d_msgs/lib:/home/aurora/RM25/install/nav2_constrained_smoother/lib:/home/aurora/RM25/install/costmap_queue/lib:/home/aurora/RM25/install/nav2_velocity_smoother/lib:/home/aurora/RM25/install/nav2_rviz_plugins/lib:/home/aurora/RM25/install/nav2_behavior_tree/lib:/home/aurora/RM25/install/nav2_amcl/lib:/usr/lib/x86_64-linux-gnu/gazebo-11/plugins:/opt/ros/humble/opt/rviz_ogre_vendor/lib:/opt/ros/humble/lib/x86_64-linux-gnu:/opt/ros/humble/lib /usr/bin/cmake /home/aurora/RM25/src/rm_navigation2/nav2_dwb_controller/dwb_plugins -DCMAKE_INSTALL_PREFIX=/home/aurora/RM25/install/dwb_plugins
[1.421s] -- The C compiler identification is GNU 11.4.0
[2.417s] -- The CXX compiler identification is GNU 11.4.0
[3.206s] -- Detecting C compiler ABI info
[3.403s] -- Detecting C compiler ABI info - done
[3.407s] -- Check for working C compiler: /usr/bin/cc - skipped
[3.408s] -- Detecting C compile features
[3.408s] -- Detecting C compile features - done
[3.410s] -- Detecting CXX compiler ABI info
[3.645s] -- Detecting CXX compiler ABI info - done
[3.649s] -- Check for working CXX compiler: /usr/bin/c++ - skipped
[3.649s] -- Detecting CXX compile features
[3.650s] -- Detecting CXX compile features - done
[3.656s] -- Found ament_cmake: 1.3.10 (/opt/ros/humble/share/ament_cmake/cmake)
[3.756s] -- Found Python3: /usr/bin/python3 (found version "3.10.12") found components: Interpreter 
[3.833s] -- Found nav2_common: 1.1.17 (/home/aurora/RM25/install/nav2_common/share/nav2_common/cmake)
[3.835s] -- Found angles: 1.15.0 (/opt/ros/humble/share/angles/cmake)
[3.836s] -- Found dwb_core: 1.1.17 (/home/aurora/RM25/install/dwb_core/share/dwb_core/cmake)
[4.117s] -- Found rosidl_generator_c: 3.1.5 (/opt/ros/humble/share/rosidl_generator_c/cmake)
[4.122s] -- Found rosidl_adapter: 3.1.5 (/opt/ros/humble/share/rosidl_adapter/cmake)
[4.128s] -- Found rosidl_generator_cpp: 3.1.5 (/opt/ros/humble/share/rosidl_generator_cpp/cmake)
[4.138s] -- Using all available rosidl_typesupport_c: rosidl_typesupport_fastrtps_c;rosidl_typesupport_introspection_c
[4.150s] -- Using all available rosidl_typesupport_cpp: rosidl_typesupport_fastrtps_cpp;rosidl_typesupport_introspection_cpp
[4.184s] -- Found rmw_implementation_cmake: 6.1.2 (/opt/ros/humble/share/rmw_implementation_cmake/cmake)
[4.187s] -- Found rmw_fastrtps_cpp: 6.2.7 (/opt/ros/humble/share/rmw_fastrtps_cpp/cmake)
[6.443s] -- Found OpenSSL: /usr/lib/x86_64-linux-gnu/libcrypto.so (found version "3.0.2")  
[9.028s] -- Found FastRTPS: /opt/ros/humble/include  
[11.525s] -- Using RMW implementation 'rmw_fastrtps_cpp' as default
[11.533s] -- Looking for pthread.h
[11.692s] -- Looking for pthread.h - found
[11.692s] -- Performing Test CMAKE_HAVE_LIBC_PTHREAD
[11.828s] -- Performing Test CMAKE_HAVE_LIBC_PTHREAD - Success
[11.828s] -- Found Threads: TRUE  
[12.126s] -- Found Eigen3: TRUE (found version "3.4.0") 
[12.126s] -- Ensuring Eigen3 include directory is part of orocos-kdl CMake target
[13.032s] -- Setting build type to Release as none was specified.
[13.249s] -- Found ament_lint_auto: 0.12.11 (/opt/ros/humble/share/ament_lint_auto/cmake)
[13.311s] -- Found gtest sources under '/opt/ros/humble/src/gtest_vendor': C++ tests using 'Google Test' will be built
[13.321s] -- Added test 'cppcheck' to perform static code analysis on C / C++ code
[13.322s] -- Configured cppcheck include dirs: /home/aurora/RM25/src/rm_navigation2/nav2_dwb_controller/dwb_plugins/include
[13.322s] -- Configured cppcheck exclude dirs and/or files: 
[13.323s] -- Added test 'cpplint' to check C / C++ code against the Google style
[13.323s] -- Configured cpplint exclude dirs and/or files: 
[13.324s] -- Added test 'lint_cmake' to check CMake code style
[13.325s] -- Added test 'uncrustify' to check C / C++ code style
[13.325s] -- Configured uncrustify additional arguments: 
[13.326s] -- Added test 'xmllint' to check XML markup files
[13.327s] -- Configuring done
[13.401s] -- Generating done
[13.403s] -- Build files have been written to: /home/aurora/RM25/build/dwb_plugins
[13.413s] Invoked command in '/home/aurora/RM25/build/dwb_plugins' returned '0': AMENT_PREFIX_PATH=/home/aurora/RM25/install/dwb_core:${AMENT_PREFIX_PATH} CMAKE_PREFIX_PATH=/home/aurora/RM25/install/dwb_core:/home/aurora/RM25/install/nav2_core:/home/aurora/RM25/install/nav2_costmap_2d:/home/aurora/RM25/install/nav_2d_utils:/home/aurora/RM25/install/nav2_map_server:/home/aurora/RM25/install/nav2_lifecycle_manager:/home/aurora/RM25/install/nav2_util:/home/aurora/RM25/install/nav2_voxel_grid:/home/aurora/RM25/install/nav2_msgs:/home/aurora/RM25/install/dwb_msgs:/home/aurora/RM25/install/nav_2d_msgs:/home/aurora/RM25/install/nav2_common:/home/aurora/RM25/install/nav2_constrained_smoother:/home/aurora/RM25/install/rm_robot_description:/home/aurora/RM25/install/opennav_docking_core:/home/aurora/RM25/install/costmap_queue:/home/aurora/RM25/install/nav2_velocity_smoother:/home/aurora/RM25/install/nav2_rviz_plugins:/home/aurora/RM25/install/nav2_behavior_tree:/home/aurora/RM25/install/nav2_amcl:/home/aurora/ws_helloworld/install/pkg01_helloworld_cpp:/home/aurora/ws_helloworld/install/learning_tf2_cpp:/home/aurora/RM25/install/nav2_simple_commander:/home/aurora/RM25/install/nav2_loopback_sim:/home/aurora/ws_helloworld/install/pkg02_helloworld_py:/opt/ros/humble LD_LIBRARY_PATH=/home/aurora/RM25/install/dwb_core/lib:/home/aurora/RM25/install/nav2_costmap_2d/lib:/home/aurora/RM25/install/nav_2d_utils/lib:/home/aurora/RM25/install/nav2_map_server/lib:/home/aurora/RM25/install/nav2_lifecycle_manager/lib:/home/aurora/RM25/install/nav2_util/lib:/home/aurora/RM25/install/nav2_voxel_grid/lib:/home/aurora/RM25/install/nav2_msgs/lib:/home/aurora/RM25/install/dwb_msgs/lib:/home/aurora/RM25/install/nav_2d_msgs/lib:/home/aurora/RM25/install/nav2_constrained_smoother/lib:/home/aurora/RM25/install/costmap_queue/lib:/home/aurora/RM25/install/nav2_velocity_smoother/lib:/home/aurora/RM25/install/nav2_rviz_plugins/lib:/home/aurora/RM25/install/nav2_behavior_tree/lib:/home/aurora/RM25/install/nav2_amcl/lib:/usr/lib/x86_64-linux-gnu/gazebo-11/plugins:/opt/ros/humble/opt/rviz_ogre_vendor/lib:/opt/ros/humble/lib/x86_64-linux-gnu:/opt/ros/humble/lib /usr/bin/cmake /home/aurora/RM25/src/rm_navigation2/nav2_dwb_controller/dwb_plugins -DCMAKE_INSTALL_PREFIX=/home/aurora/RM25/install/dwb_plugins
[13.413s] Invoking command in '/home/aurora/RM25/build/dwb_plugins': AMENT_PREFIX_PATH=/home/aurora/RM25/install/dwb_core:${AMENT_PREFIX_PATH} CMAKE_PREFIX_PATH=/home/aurora/RM25/install/dwb_core:/home/aurora/RM25/install/nav2_core:/home/aurora/RM25/install/nav2_costmap_2d:/home/aurora/RM25/install/nav_2d_utils:/home/aurora/RM25/install/nav2_map_server:/home/aurora/RM25/install/nav2_lifecycle_manager:/home/aurora/RM25/install/nav2_util:/home/aurora/RM25/install/nav2_voxel_grid:/home/aurora/RM25/install/nav2_msgs:/home/aurora/RM25/install/dwb_msgs:/home/aurora/RM25/install/nav_2d_msgs:/home/aurora/RM25/install/nav2_common:/home/aurora/RM25/install/nav2_constrained_smoother:/home/aurora/RM25/install/rm_robot_description:/home/aurora/RM25/install/opennav_docking_core:/home/aurora/RM25/install/costmap_queue:/home/aurora/RM25/install/nav2_velocity_smoother:/home/aurora/RM25/install/nav2_rviz_plugins:/home/aurora/RM25/install/nav2_behavior_tree:/home/aurora/RM25/install/nav2_amcl:/home/aurora/ws_helloworld/install/pkg01_helloworld_cpp:/home/aurora/ws_helloworld/install/learning_tf2_cpp:/home/aurora/RM25/install/nav2_simple_commander:/home/aurora/RM25/install/nav2_loopback_sim:/home/aurora/ws_helloworld/install/pkg02_helloworld_py:/opt/ros/humble LD_LIBRARY_PATH=/home/aurora/RM25/install/dwb_core/lib:/home/aurora/RM25/install/nav2_costmap_2d/lib:/home/aurora/RM25/install/nav_2d_utils/lib:/home/aurora/RM25/install/nav2_map_server/lib:/home/aurora/RM25/install/nav2_lifecycle_manager/lib:/home/aurora/RM25/install/nav2_util/lib:/home/aurora/RM25/install/nav2_voxel_grid/lib:/home/aurora/RM25/install/nav2_msgs/lib:/home/aurora/RM25/install/dwb_msgs/lib:/home/aurora/RM25/install/nav_2d_msgs/lib:/home/aurora/RM25/install/nav2_constrained_smoother/lib:/home/aurora/RM25/install/costmap_queue/lib:/home/aurora/RM25/install/nav2_velocity_smoother/lib:/home/aurora/RM25/install/nav2_rviz_plugins/lib:/home/aurora/RM25/install/nav2_behavior_tree/lib:/home/aurora/RM25/install/nav2_amcl/lib:/usr/lib/x86_64-linux-gnu/gazebo-11/plugins:/opt/ros/humble/opt/rviz_ogre_vendor/lib:/opt/ros/humble/lib/x86_64-linux-gnu:/opt/ros/humble/lib /usr/bin/cmake --build /home/aurora/RM25/build/dwb_plugins -- -j20 -l20
[13.445s] [ 23%] [32mBuilding CXX object CMakeFiles/standard_traj_generator.dir/src/standard_traj_generator.cpp.o[0m
[13.445s] [ 23%] [32mBuilding CXX object gtest/CMakeFiles/gtest_main.dir/src/gtest_main.cc.o[0m
[13.445s] [ 23%] [32mBuilding CXX object gtest/CMakeFiles/gtest.dir/src/gtest-all.cc.o[0m
[13.445s] [ 23%] [32mBuilding CXX object CMakeFiles/standard_traj_generator.dir/src/limited_accel_generator.cpp.o[0m
[13.445s] [ 29%] [32mBuilding CXX object CMakeFiles/standard_traj_generator.dir/src/kinematic_parameters.cpp.o[0m
[13.447s] [ 35%] [32mBuilding CXX object CMakeFiles/standard_traj_generator.dir/src/xy_theta_iterator.cpp.o[0m
[14.705s] [ 41%] [32m[1mLinking CXX static library libgtest_main.a[0m
[14.746s] [ 41%] Built target gtest_main
[19.143s] [ 47%] [32m[1mLinking CXX shared library libstandard_traj_generator.so[0m
[19.637s] [ 47%] Built target standard_traj_generator
[22.420s] [ 52%] [32m[1mLinking CXX static library libgtest.a[0m
[22.446s] [ 52%] Built target gtest
[22.463s] [ 64%] [32mBuilding CXX object test/CMakeFiles/vtest.dir/velocity_iterator_test.cpp.o[0m
[22.463s] [ 64%] [32mBuilding CXX object test/CMakeFiles/twist_gen_test.dir/twist_gen.cpp.o[0m
[22.465s] [ 70%] [32mBuilding CXX object test/CMakeFiles/kinematic_parameters_test.dir/kinematic_parameters_test.cpp.o[0m
[22.466s] [ 76%] [32mBuilding CXX object test/CMakeFiles/speed_limit_test.dir/speed_limit_test.cpp.o[0m
[23.739s] [ 82%] [32m[1mLinking CXX executable vtest[0m
[24.048s] [ 82%] Built target vtest
[26.758s] [ 88%] [32m[1mLinking CXX executable speed_limit_test[0m
[26.918s] [ 94%] [32m[1mLinking CXX executable kinematic_parameters_test[0m
[27.132s] [ 94%] Built target speed_limit_test
[27.282s] [ 94%] Built target kinematic_parameters_test
[28.041s] [100%] [32m[1mLinking CXX executable twist_gen_test[0m
[28.381s] [100%] Built target twist_gen_test
[28.392s] Invoked command in '/home/aurora/RM25/build/dwb_plugins' returned '0': AMENT_PREFIX_PATH=/home/aurora/RM25/install/dwb_core:${AMENT_PREFIX_PATH} CMAKE_PREFIX_PATH=/home/aurora/RM25/install/dwb_core:/home/aurora/RM25/install/nav2_core:/home/aurora/RM25/install/nav2_costmap_2d:/home/aurora/RM25/install/nav_2d_utils:/home/aurora/RM25/install/nav2_map_server:/home/aurora/RM25/install/nav2_lifecycle_manager:/home/aurora/RM25/install/nav2_util:/home/aurora/RM25/install/nav2_voxel_grid:/home/aurora/RM25/install/nav2_msgs:/home/aurora/RM25/install/dwb_msgs:/home/aurora/RM25/install/nav_2d_msgs:/home/aurora/RM25/install/nav2_common:/home/aurora/RM25/install/nav2_constrained_smoother:/home/aurora/RM25/install/rm_robot_description:/home/aurora/RM25/install/opennav_docking_core:/home/aurora/RM25/install/costmap_queue:/home/aurora/RM25/install/nav2_velocity_smoother:/home/aurora/RM25/install/nav2_rviz_plugins:/home/aurora/RM25/install/nav2_behavior_tree:/home/aurora/RM25/install/nav2_amcl:/home/aurora/ws_helloworld/install/pkg01_helloworld_cpp:/home/aurora/ws_helloworld/install/learning_tf2_cpp:/home/aurora/RM25/install/nav2_simple_commander:/home/aurora/RM25/install/nav2_loopback_sim:/home/aurora/ws_helloworld/install/pkg02_helloworld_py:/opt/ros/humble LD_LIBRARY_PATH=/home/aurora/RM25/install/dwb_core/lib:/home/aurora/RM25/install/nav2_costmap_2d/lib:/home/aurora/RM25/install/nav_2d_utils/lib:/home/aurora/RM25/install/nav2_map_server/lib:/home/aurora/RM25/install/nav2_lifecycle_manager/lib:/home/aurora/RM25/install/nav2_util/lib:/home/aurora/RM25/install/nav2_voxel_grid/lib:/home/aurora/RM25/install/nav2_msgs/lib:/home/aurora/RM25/install/dwb_msgs/lib:/home/aurora/RM25/install/nav_2d_msgs/lib:/home/aurora/RM25/install/nav2_constrained_smoother/lib:/home/aurora/RM25/install/costmap_queue/lib:/home/aurora/RM25/install/nav2_velocity_smoother/lib:/home/aurora/RM25/install/nav2_rviz_plugins/lib:/home/aurora/RM25/install/nav2_behavior_tree/lib:/home/aurora/RM25/install/nav2_amcl/lib:/usr/lib/x86_64-linux-gnu/gazebo-11/plugins:/opt/ros/humble/opt/rviz_ogre_vendor/lib:/opt/ros/humble/lib/x86_64-linux-gnu:/opt/ros/humble/lib /usr/bin/cmake --build /home/aurora/RM25/build/dwb_plugins -- -j20 -l20
[28.419s] Invoking command in '/home/aurora/RM25/build/dwb_plugins': AMENT_PREFIX_PATH=/home/aurora/RM25/install/dwb_core:${AMENT_PREFIX_PATH} CMAKE_PREFIX_PATH=/home/aurora/RM25/install/dwb_core:/home/aurora/RM25/install/nav2_core:/home/aurora/RM25/install/nav2_costmap_2d:/home/aurora/RM25/install/nav_2d_utils:/home/aurora/RM25/install/nav2_map_server:/home/aurora/RM25/install/nav2_lifecycle_manager:/home/aurora/RM25/install/nav2_util:/home/aurora/RM25/install/nav2_voxel_grid:/home/aurora/RM25/install/nav2_msgs:/home/aurora/RM25/install/dwb_msgs:/home/aurora/RM25/install/nav_2d_msgs:/home/aurora/RM25/install/nav2_common:/home/aurora/RM25/install/nav2_constrained_smoother:/home/aurora/RM25/install/rm_robot_description:/home/aurora/RM25/install/opennav_docking_core:/home/aurora/RM25/install/costmap_queue:/home/aurora/RM25/install/nav2_velocity_smoother:/home/aurora/RM25/install/nav2_rviz_plugins:/home/aurora/RM25/install/nav2_behavior_tree:/home/aurora/RM25/install/nav2_amcl:/home/aurora/ws_helloworld/install/pkg01_helloworld_cpp:/home/aurora/ws_helloworld/install/learning_tf2_cpp:/home/aurora/RM25/install/nav2_simple_commander:/home/aurora/RM25/install/nav2_loopback_sim:/home/aurora/ws_helloworld/install/pkg02_helloworld_py:/opt/ros/humble LD_LIBRARY_PATH=/home/aurora/RM25/install/dwb_core/lib:/home/aurora/RM25/install/nav2_costmap_2d/lib:/home/aurora/RM25/install/nav_2d_utils/lib:/home/aurora/RM25/install/nav2_map_server/lib:/home/aurora/RM25/install/nav2_lifecycle_manager/lib:/home/aurora/RM25/install/nav2_util/lib:/home/aurora/RM25/install/nav2_voxel_grid/lib:/home/aurora/RM25/install/nav2_msgs/lib:/home/aurora/RM25/install/dwb_msgs/lib:/home/aurora/RM25/install/nav_2d_msgs/lib:/home/aurora/RM25/install/nav2_constrained_smoother/lib:/home/aurora/RM25/install/costmap_queue/lib:/home/aurora/RM25/install/nav2_velocity_smoother/lib:/home/aurora/RM25/install/nav2_rviz_plugins/lib:/home/aurora/RM25/install/nav2_behavior_tree/lib:/home/aurora/RM25/install/nav2_amcl/lib:/usr/lib/x86_64-linux-gnu/gazebo-11/plugins:/opt/ros/humble/opt/rviz_ogre_vendor/lib:/opt/ros/humble/lib/x86_64-linux-gnu:/opt/ros/humble/lib /usr/bin/cmake --install /home/aurora/RM25/build/dwb_plugins
[28.423s] -- Install configuration: "Release"
[28.423s] -- Installing: /home/aurora/RM25/install/dwb_plugins/lib/libstandard_traj_generator.so
[28.424s] -- Set runtime path of "/home/aurora/RM25/install/dwb_plugins/lib/libstandard_traj_generator.so" to ""
[28.424s] -- Installing: /home/aurora/RM25/install/dwb_plugins/include/
[28.424s] -- Installing: /home/aurora/RM25/install/dwb_plugins/include//dwb_plugins
[28.424s] -- Installing: /home/aurora/RM25/install/dwb_plugins/include//dwb_plugins/kinematic_parameters.hpp
[28.424s] -- Installing: /home/aurora/RM25/install/dwb_plugins/include//dwb_plugins/velocity_iterator.hpp
[28.424s] -- Installing: /home/aurora/RM25/install/dwb_plugins/include//dwb_plugins/limited_accel_generator.hpp
[28.424s] -- Installing: /home/aurora/RM25/install/dwb_plugins/include//dwb_plugins/one_d_velocity_iterator.hpp
[28.424s] -- Installing: /home/aurora/RM25/install/dwb_plugins/include//dwb_plugins/xy_theta_iterator.hpp
[28.424s] -- Installing: /home/aurora/RM25/install/dwb_plugins/include//dwb_plugins/standard_traj_generator.hpp
[28.425s] -- Installing: /home/aurora/RM25/install/dwb_plugins/share/dwb_plugins/plugins.xml
[28.425s] -- Installing: /home/aurora/RM25/install/dwb_plugins/share/dwb_plugins/environment/library_path.sh
[28.425s] -- Installing: /home/aurora/RM25/install/dwb_plugins/share/dwb_plugins/environment/library_path.dsv
[28.425s] -- Up-to-date: /home/aurora/RM25/install/dwb_plugins/share/dwb_plugins/plugins.xml
[28.425s] -- Installing: /home/aurora/RM25/install/dwb_plugins/share/ament_index/resource_index/package_run_dependencies/dwb_plugins
[28.426s] -- Installing: /home/aurora/RM25/install/dwb_plugins/share/ament_index/resource_index/parent_prefix_path/dwb_plugins
[28.426s] -- Installing: /home/aurora/RM25/install/dwb_plugins/share/dwb_plugins/environment/ament_prefix_path.sh
[28.426s] -- Installing: /home/aurora/RM25/install/dwb_plugins/share/dwb_plugins/environment/ament_prefix_path.dsv
[28.426s] -- Installing: /home/aurora/RM25/install/dwb_plugins/share/dwb_plugins/environment/path.sh
[28.426s] -- Installing: /home/aurora/RM25/install/dwb_plugins/share/dwb_plugins/environment/path.dsv
[28.426s] -- Installing: /home/aurora/RM25/install/dwb_plugins/share/dwb_plugins/local_setup.bash
[28.426s] -- Installing: /home/aurora/RM25/install/dwb_plugins/share/dwb_plugins/local_setup.sh
[28.426s] -- Installing: /home/aurora/RM25/install/dwb_plugins/share/dwb_plugins/local_setup.zsh
[28.426s] -- Installing: /home/aurora/RM25/install/dwb_plugins/share/dwb_plugins/local_setup.dsv
[28.427s] -- Installing: /home/aurora/RM25/install/dwb_plugins/share/dwb_plugins/package.dsv
[28.427s] -- Installing: /home/aurora/RM25/install/dwb_plugins/share/ament_index/resource_index/packages/dwb_plugins
[28.427s] -- Installing: /home/aurora/RM25/install/dwb_plugins/share/ament_index/resource_index/dwb_core__pluginlib__plugin/dwb_plugins
[28.427s] -- Installing: /home/aurora/RM25/install/dwb_plugins/share/dwb_plugins/cmake/ament_cmake_export_include_directories-extras.cmake
[28.427s] -- Installing: /home/aurora/RM25/install/dwb_plugins/share/dwb_plugins/cmake/ament_cmake_export_libraries-extras.cmake
[28.427s] -- Installing: /home/aurora/RM25/install/dwb_plugins/share/dwb_plugins/cmake/dwb_pluginsConfig.cmake
[28.427s] -- Installing: /home/aurora/RM25/install/dwb_plugins/share/dwb_plugins/cmake/dwb_pluginsConfig-version.cmake
[28.427s] -- Installing: /home/aurora/RM25/install/dwb_plugins/share/dwb_plugins/package.xml
[28.429s] Invoked command in '/home/aurora/RM25/build/dwb_plugins' returned '0': AMENT_PREFIX_PATH=/home/aurora/RM25/install/dwb_core:${AMENT_PREFIX_PATH} CMAKE_PREFIX_PATH=/home/aurora/RM25/install/dwb_core:/home/aurora/RM25/install/nav2_core:/home/aurora/RM25/install/nav2_costmap_2d:/home/aurora/RM25/install/nav_2d_utils:/home/aurora/RM25/install/nav2_map_server:/home/aurora/RM25/install/nav2_lifecycle_manager:/home/aurora/RM25/install/nav2_util:/home/aurora/RM25/install/nav2_voxel_grid:/home/aurora/RM25/install/nav2_msgs:/home/aurora/RM25/install/dwb_msgs:/home/aurora/RM25/install/nav_2d_msgs:/home/aurora/RM25/install/nav2_common:/home/aurora/RM25/install/nav2_constrained_smoother:/home/aurora/RM25/install/rm_robot_description:/home/aurora/RM25/install/opennav_docking_core:/home/aurora/RM25/install/costmap_queue:/home/aurora/RM25/install/nav2_velocity_smoother:/home/aurora/RM25/install/nav2_rviz_plugins:/home/aurora/RM25/install/nav2_behavior_tree:/home/aurora/RM25/install/nav2_amcl:/home/aurora/ws_helloworld/install/pkg01_helloworld_cpp:/home/aurora/ws_helloworld/install/learning_tf2_cpp:/home/aurora/RM25/install/nav2_simple_commander:/home/aurora/RM25/install/nav2_loopback_sim:/home/aurora/ws_helloworld/install/pkg02_helloworld_py:/opt/ros/humble LD_LIBRARY_PATH=/home/aurora/RM25/install/dwb_core/lib:/home/aurora/RM25/install/nav2_costmap_2d/lib:/home/aurora/RM25/install/nav_2d_utils/lib:/home/aurora/RM25/install/nav2_map_server/lib:/home/aurora/RM25/install/nav2_lifecycle_manager/lib:/home/aurora/RM25/install/nav2_util/lib:/home/aurora/RM25/install/nav2_voxel_grid/lib:/home/aurora/RM25/install/nav2_msgs/lib:/home/aurora/RM25/install/dwb_msgs/lib:/home/aurora/RM25/install/nav_2d_msgs/lib:/home/aurora/RM25/install/nav2_constrained_smoother/lib:/home/aurora/RM25/install/costmap_queue/lib:/home/aurora/RM25/install/nav2_velocity_smoother/lib:/home/aurora/RM25/install/nav2_rviz_plugins/lib:/home/aurora/RM25/install/nav2_behavior_tree/lib:/home/aurora/RM25/install/nav2_amcl/lib:/usr/lib/x86_64-linux-gnu/gazebo-11/plugins:/opt/ros/humble/opt/rviz_ogre_vendor/lib:/opt/ros/humble/lib/x86_64-linux-gnu:/opt/ros/humble/lib /usr/bin/cmake --install /home/aurora/RM25/build/dwb_plugins
