[33mCMake Warning at CMakeLists.txt:435 (find_package):
  By not providing "FindcJSON.cmake" in CMAKE_MODULE_PATH this project has
  asked CMake to find a package configuration file provided by "cJSON", but
  CMake did not find one.

  Could not find a package configuration file provided by "cJSON" with any of
  the following names:

    cJSONConfig.cmake
    cjson-config.cmake

  Add the installation prefix of "cJSON" to CMAKE_PREFIX_PATH or set
  "cJSON_DIR" to a directory containing one of the above files.  If "cJSON"
  provides a separate development package or SDK, be sure it has been
  installed.

[0m
[33mCMake Warning at CMakeLists.txt:439 (message):
  It is recommended to install an up-to-date version of cJSON on your system.
  CMake did not find one, and will instead use a cJSON version bundled with
  the PCL source code.  However, that is an older version which may pose a
  risk and may be removed in a future PCL release.

[0m
[33mCMake Warning:
  Manually-specified variables were not used by the project:

    HUMBLE_ROS
    ROS_EDITION

[0m
gmake[2]: *** [io/CMakeFiles/pcl_io.dir/build.make:76: io/CMakeFiles/pcl_io.dir/src/debayer.cpp.o] Interrupt
gmake[2]: *** [sample_consensus/CMakeFiles/pcl_sample_consensus.dir/build.make:258: sample_consensus/CMakeFiles/pcl_sample_consensus.dir/src/sac_model_sphere.cpp.o] Interrupt
gmake[2]: *** [sample_consensus/CMakeFiles/pcl_sample_consensus.dir/build.make:244: sample_consensus/CMakeFiles/pcl_sample_consensus.dir/src/sac_model_registration.cpp.o] Interrupt
gmake[2]: *** [sample_consensus/CMakeFiles/pcl_sample_consensus.dir/build.make:272: sample_consensus/CMakeFiles/pcl_sample_consensus.dir/src/sac_model_ellipse3d.cpp.o] Interrupt
gmake[2]: *** [sample_consensus/CMakeFiles/pcl_sample_consensus.dir/build.make:286: sample_consensus/CMakeFiles/pcl_sample_consensus.dir/src/sac_model_torus.cpp.o] Interrupt
gmake[1]: *** [CMakeFiles/Makefile2:1094: io/CMakeFiles/pcl_io.dir/all] Interrupt
gmake[2]: *** [sample_consensus/CMakeFiles/pcl_sample_consensus.dir/build.make:146: sample_consensus/CMakeFiles/pcl_sample_consensus.dir/src/sac_model_line.cpp.o] Interrupt
gmake[2]: *** [sample_consensus/CMakeFiles/pcl_sample_consensus.dir/build.make:118: sample_consensus/CMakeFiles/pcl_sample_consensus.dir/src/sac_model_cylinder.cpp.o] Interrupt
gmake[2]: *** [sample_consensus/CMakeFiles/pcl_sample_consensus.dir/build.make:90: sample_consensus/CMakeFiles/pcl_sample_consensus.dir/src/sac_model_circle.cpp.o] Interrupt
gmake[2]: *** [sample_consensus/CMakeFiles/pcl_sample_consensus.dir/build.make:76: sample_consensus/CMakeFiles/pcl_sample_consensus.dir/src/sac.cpp.o] Interrupt
gmake[2]: *** [sample_consensus/CMakeFiles/pcl_sample_consensus.dir/build.make:174: sample_consensus/CMakeFiles/pcl_sample_consensus.dir/src/sac_model_stick.cpp.o] Interrupt
gmake[2]: *** [sample_consensus/CMakeFiles/pcl_sample_consensus.dir/build.make:202: sample_consensus/CMakeFiles/pcl_sample_consensus.dir/src/sac_model_normal_plane.cpp.o] Interrupt
gmake[2]: *** [sample_consensus/CMakeFiles/pcl_sample_consensus.dir/build.make:216: sample_consensus/CMakeFiles/pcl_sample_consensus.dir/src/sac_model_normal_sphere.cpp.o] Interrupt
gmake[2]: *** [sample_consensus/CMakeFiles/pcl_sample_consensus.dir/build.make:230: sample_consensus/CMakeFiles/pcl_sample_consensus.dir/src/sac_model_plane.cpp.o] Interrupt
gmake[2]: *** [sample_consensus/CMakeFiles/pcl_sample_consensus.dir/build.make:104: sample_consensus/CMakeFiles/pcl_sample_consensus.dir/src/sac_model_circle3d.cpp.o] Interrupt
gmake[2]: *** [sample_consensus/CMakeFiles/pcl_sample_consensus.dir/build.make:132: sample_consensus/CMakeFiles/pcl_sample_consensus.dir/src/sac_model_cone.cpp.o] Interrupt
gmake[2]: *** [sample_consensus/CMakeFiles/pcl_sample_consensus.dir/build.make:188: sample_consensus/CMakeFiles/pcl_sample_consensus.dir/src/sac_model_normal_parallel_plane.cpp.o] Interrupt
gmake[1]: *** [CMakeFiles/Makefile2:1011: sample_consensus/CMakeFiles/pcl_sample_consensus.dir/all] Interrupt
gmake[2]: *** [kdtree/CMakeFiles/pcl_kdtree.dir/build.make:76: kdtree/CMakeFiles/pcl_kdtree.dir/src/kdtree_flann.cpp.o] Interrupt
gmake[2]: *** [octree/CMakeFiles/pcl_octree.dir/build.make:76: octree/CMakeFiles/pcl_octree.dir/src/octree_inst.cpp.o] Interrupt
gmake[2]: *** [stereo/CMakeFiles/pcl_stereo.dir/build.make:132: stereo/CMakeFiles/pcl_stereo.dir/src/disparity_map_converter.cpp.o] Interrupt
gmake[2]: *** [stereo/CMakeFiles/pcl_stereo.dir/build.make:76: stereo/CMakeFiles/pcl_stereo.dir/src/stereo_grabber.cpp.o] Interrupt
gmake[1]: *** [CMakeFiles/Makefile2:1399: stereo/CMakeFiles/pcl_stereo.dir/all] Interrupt
gmake[1]: *** [CMakeFiles/Makefile2:957: octree/CMakeFiles/pcl_octree.dir/all] Interrupt
gmake[1]: *** [CMakeFiles/Makefile2:931: kdtree/CMakeFiles/pcl_kdtree.dir/all] Interrupt
gmake: *** [Makefile:156: all] Interrupt
