[0.018s] Invoking command in '/home/aurora/RM25/build/nav_2d_msgs': CMAKE_PREFIX_PATH=${CMAKE_PREFIX_PATH}:/home/aurora/ws_helloworld/install/pkg02_helloworld_py:/opt/ros/humble /usr/bin/cmake --build /home/aurora/RM25/build/nav_2d_msgs -- -j20 -l20
[0.177s] [35m[1mConsolidate compiler generated dependencies of target nav_2d_msgs__rosidl_generator_c[0m
[0.177s] [  1%] Built target nav_2d_msgs__cpp
[0.177s] [ 12%] Built target nav_2d_msgs__rosidl_generator_c
[0.177s] [ 12%] Built target ament_cmake_python_symlink_nav_2d_msgs
[0.178s] [35m[1mConsolidate compiler generated dependencies of target nav_2d_msgs__rosidl_typesupport_introspection_cpp[0m
[0.178s] [35m[1mConsolidate compiler generated dependencies of target nav_2d_msgs__rosidl_typesupport_fastrtps_cpp[0m
[0.178s] [35m[1mConsolidate compiler generated dependencies of target nav_2d_msgs__rosidl_typesupport_fastrtps_c[0m
[0.178s] [35m[1mConsolidate compiler generated dependencies of target nav_2d_msgs__rosidl_typesupport_c[0m
[0.178s] [35m[1mConsolidate compiler generated dependencies of target nav_2d_msgs__rosidl_typesupport_introspection_c[0m
[0.178s] [35m[1mConsolidate compiler generated dependencies of target nav_2d_msgs__rosidl_typesupport_cpp[0m
[0.178s] [ 23%] Built target nav_2d_msgs__rosidl_typesupport_introspection_cpp
[0.178s] [ 46%] Built target nav_2d_msgs__rosidl_typesupport_introspection_c
[0.178s] [ 46%] Built target nav_2d_msgs__rosidl_typesupport_c
[0.178s] [ 57%] Built target nav_2d_msgs__rosidl_typesupport_fastrtps_c
[0.178s] [ 69%] Built target nav_2d_msgs__rosidl_typesupport_fastrtps_cpp
[0.178s] [ 80%] Built target nav_2d_msgs__rosidl_typesupport_cpp
[0.178s] [ 80%] Built target nav_2d_msgs
[0.179s] [ 81%] Built target nav_2d_msgs__py
[0.179s] [35m[1mConsolidate compiler generated dependencies of target nav_2d_msgs__rosidl_generator_py[0m
[0.179s] [ 91%] Built target nav_2d_msgs__rosidl_generator_py
[0.179s] [35m[1mConsolidate compiler generated dependencies of target nav_2d_msgs__rosidl_typesupport_introspection_c__pyext[0m
[0.179s] [35m[1mConsolidate compiler generated dependencies of target nav_2d_msgs__rosidl_typesupport_fastrtps_c__pyext[0m
[0.179s] [35m[1mConsolidate compiler generated dependencies of target nav_2d_msgs__rosidl_typesupport_c__pyext[0m
[0.179s] [ 94%] Built target nav_2d_msgs__rosidl_typesupport_c__pyext
[0.179s] [ 97%] Built target nav_2d_msgs__rosidl_typesupport_introspection_c__pyext
[0.179s] [100%] Built target nav_2d_msgs__rosidl_typesupport_fastrtps_c__pyext
[0.200s] running egg_info
[0.201s] writing nav_2d_msgs.egg-info/PKG-INFO
[0.201s] writing dependency_links to nav_2d_msgs.egg-info/dependency_links.txt
[0.201s] writing top-level names to nav_2d_msgs.egg-info/top_level.txt
[0.202s] reading manifest file 'nav_2d_msgs.egg-info/SOURCES.txt'
[0.203s] writing manifest file 'nav_2d_msgs.egg-info/SOURCES.txt'
[0.222s] [100%] Built target ament_cmake_python_build_nav_2d_msgs_egg
[0.244s] Invoked command in '/home/aurora/RM25/build/nav_2d_msgs' returned '0': CMAKE_PREFIX_PATH=${CMAKE_PREFIX_PATH}:/home/aurora/ws_helloworld/install/pkg02_helloworld_py:/opt/ros/humble /usr/bin/cmake --build /home/aurora/RM25/build/nav_2d_msgs -- -j20 -l20
[0.350s] Invoking command in '/home/aurora/RM25/build/nav_2d_msgs': CMAKE_PREFIX_PATH=${CMAKE_PREFIX_PATH}:/home/aurora/ws_helloworld/install/pkg02_helloworld_py:/opt/ros/humble /usr/bin/cmake --install /home/aurora/RM25/build/nav_2d_msgs
[0.354s] -- Install configuration: ""
[0.354s] -- Execute custom install script
[0.355s] -- Up-to-date symlink: /home/aurora/RM25/install/nav_2d_msgs/share/ament_index/resource_index/rosidl_interfaces/nav_2d_msgs
[0.355s] -- Up-to-date symlink: /home/aurora/RM25/install/nav_2d_msgs/include/nav_2d_msgs/nav_2d_msgs/msg/detail/path2_d__functions.h
[0.355s] -- Up-to-date symlink: /home/aurora/RM25/install/nav_2d_msgs/include/nav_2d_msgs/nav_2d_msgs/msg/detail/path2_d__struct.h
[0.355s] -- Up-to-date symlink: /home/aurora/RM25/install/nav_2d_msgs/include/nav_2d_msgs/nav_2d_msgs/msg/detail/path2_d__type_support.h
[0.355s] -- Up-to-date symlink: /home/aurora/RM25/install/nav_2d_msgs/include/nav_2d_msgs/nav_2d_msgs/msg/detail/pose2_d32__functions.h
[0.355s] -- Up-to-date symlink: /home/aurora/RM25/install/nav_2d_msgs/include/nav_2d_msgs/nav_2d_msgs/msg/detail/pose2_d32__struct.h
[0.355s] -- Up-to-date symlink: /home/aurora/RM25/install/nav_2d_msgs/include/nav_2d_msgs/nav_2d_msgs/msg/detail/pose2_d32__type_support.h
[0.355s] -- Up-to-date symlink: /home/aurora/RM25/install/nav_2d_msgs/include/nav_2d_msgs/nav_2d_msgs/msg/detail/pose2_d_stamped__functions.h
[0.355s] -- Up-to-date symlink: /home/aurora/RM25/install/nav_2d_msgs/include/nav_2d_msgs/nav_2d_msgs/msg/detail/pose2_d_stamped__struct.h
[0.356s] -- Up-to-date symlink: /home/aurora/RM25/install/nav_2d_msgs/include/nav_2d_msgs/nav_2d_msgs/msg/detail/pose2_d_stamped__type_support.h
[0.356s] -- Up-to-date symlink: /home/aurora/RM25/install/nav_2d_msgs/include/nav_2d_msgs/nav_2d_msgs/msg/detail/twist2_d32__functions.h
[0.356s] -- Up-to-date symlink: /home/aurora/RM25/install/nav_2d_msgs/include/nav_2d_msgs/nav_2d_msgs/msg/detail/twist2_d32__struct.h
[0.356s] -- Up-to-date symlink: /home/aurora/RM25/install/nav_2d_msgs/include/nav_2d_msgs/nav_2d_msgs/msg/detail/twist2_d32__type_support.h
[0.356s] -- Up-to-date symlink: /home/aurora/RM25/install/nav_2d_msgs/include/nav_2d_msgs/nav_2d_msgs/msg/detail/twist2_d__functions.h
[0.356s] -- Up-to-date symlink: /home/aurora/RM25/install/nav_2d_msgs/include/nav_2d_msgs/nav_2d_msgs/msg/detail/twist2_d__struct.h
[0.356s] -- Up-to-date symlink: /home/aurora/RM25/install/nav_2d_msgs/include/nav_2d_msgs/nav_2d_msgs/msg/detail/twist2_d__type_support.h
[0.356s] -- Up-to-date symlink: /home/aurora/RM25/install/nav_2d_msgs/include/nav_2d_msgs/nav_2d_msgs/msg/detail/twist2_d_stamped__functions.h
[0.356s] -- Up-to-date symlink: /home/aurora/RM25/install/nav_2d_msgs/include/nav_2d_msgs/nav_2d_msgs/msg/detail/twist2_d_stamped__struct.h
[0.356s] -- Up-to-date symlink: /home/aurora/RM25/install/nav_2d_msgs/include/nav_2d_msgs/nav_2d_msgs/msg/detail/twist2_d_stamped__type_support.h
[0.356s] -- Up-to-date symlink: /home/aurora/RM25/install/nav_2d_msgs/include/nav_2d_msgs/nav_2d_msgs/msg/path2_d.h
[0.357s] -- Up-to-date symlink: /home/aurora/RM25/install/nav_2d_msgs/include/nav_2d_msgs/nav_2d_msgs/msg/pose2_d32.h
[0.357s] -- Up-to-date symlink: /home/aurora/RM25/install/nav_2d_msgs/include/nav_2d_msgs/nav_2d_msgs/msg/pose2_d_stamped.h
[0.357s] -- Up-to-date symlink: /home/aurora/RM25/install/nav_2d_msgs/include/nav_2d_msgs/nav_2d_msgs/msg/rosidl_generator_c__visibility_control.h
[0.357s] -- Up-to-date symlink: /home/aurora/RM25/install/nav_2d_msgs/include/nav_2d_msgs/nav_2d_msgs/msg/twist2_d.h
[0.357s] -- Up-to-date symlink: /home/aurora/RM25/install/nav_2d_msgs/include/nav_2d_msgs/nav_2d_msgs/msg/twist2_d32.h
[0.357s] -- Up-to-date symlink: /home/aurora/RM25/install/nav_2d_msgs/include/nav_2d_msgs/nav_2d_msgs/msg/twist2_d_stamped.h
[0.357s] -- Up-to-date symlink: /home/aurora/RM25/install/nav_2d_msgs/share/nav_2d_msgs/environment/library_path.sh
[0.357s] -- Up-to-date symlink: /home/aurora/RM25/install/nav_2d_msgs/share/nav_2d_msgs/environment/library_path.dsv
[0.357s] -- Up-to-date symlink: /home/aurora/RM25/install/nav_2d_msgs/include/nav_2d_msgs/nav_2d_msgs/msg/detail/path2_d__rosidl_typesupport_fastrtps_c.h
[0.357s] -- Up-to-date symlink: /home/aurora/RM25/install/nav_2d_msgs/include/nav_2d_msgs/nav_2d_msgs/msg/detail/pose2_d32__rosidl_typesupport_fastrtps_c.h
[0.357s] -- Up-to-date symlink: /home/aurora/RM25/install/nav_2d_msgs/include/nav_2d_msgs/nav_2d_msgs/msg/detail/pose2_d_stamped__rosidl_typesupport_fastrtps_c.h
[0.358s] -- Up-to-date symlink: /home/aurora/RM25/install/nav_2d_msgs/include/nav_2d_msgs/nav_2d_msgs/msg/detail/twist2_d32__rosidl_typesupport_fastrtps_c.h
[0.358s] -- Up-to-date symlink: /home/aurora/RM25/install/nav_2d_msgs/include/nav_2d_msgs/nav_2d_msgs/msg/detail/twist2_d__rosidl_typesupport_fastrtps_c.h
[0.358s] -- Up-to-date symlink: /home/aurora/RM25/install/nav_2d_msgs/include/nav_2d_msgs/nav_2d_msgs/msg/detail/twist2_d_stamped__rosidl_typesupport_fastrtps_c.h
[0.359s] -- Up-to-date symlink: /home/aurora/RM25/install/nav_2d_msgs/include/nav_2d_msgs/nav_2d_msgs/msg/rosidl_typesupport_fastrtps_c__visibility_control.h
[0.359s] -- Up-to-date symlink: /home/aurora/RM25/install/nav_2d_msgs/include/nav_2d_msgs/nav_2d_msgs/msg/detail/path2_d__builder.hpp
[0.359s] -- Up-to-date symlink: /home/aurora/RM25/install/nav_2d_msgs/include/nav_2d_msgs/nav_2d_msgs/msg/detail/path2_d__struct.hpp
[0.359s] -- Up-to-date symlink: /home/aurora/RM25/install/nav_2d_msgs/include/nav_2d_msgs/nav_2d_msgs/msg/detail/path2_d__traits.hpp
[0.359s] -- Up-to-date symlink: /home/aurora/RM25/install/nav_2d_msgs/include/nav_2d_msgs/nav_2d_msgs/msg/detail/pose2_d32__builder.hpp
[0.360s] -- Up-to-date symlink: /home/aurora/RM25/install/nav_2d_msgs/include/nav_2d_msgs/nav_2d_msgs/msg/detail/pose2_d32__struct.hpp
[0.360s] -- Up-to-date symlink: /home/aurora/RM25/install/nav_2d_msgs/include/nav_2d_msgs/nav_2d_msgs/msg/detail/pose2_d32__traits.hpp
[0.360s] -- Up-to-date symlink: /home/aurora/RM25/install/nav_2d_msgs/include/nav_2d_msgs/nav_2d_msgs/msg/detail/pose2_d_stamped__builder.hpp
[0.360s] -- Up-to-date symlink: /home/aurora/RM25/install/nav_2d_msgs/include/nav_2d_msgs/nav_2d_msgs/msg/detail/pose2_d_stamped__struct.hpp
[0.360s] -- Up-to-date symlink: /home/aurora/RM25/install/nav_2d_msgs/include/nav_2d_msgs/nav_2d_msgs/msg/detail/pose2_d_stamped__traits.hpp
[0.360s] -- Up-to-date symlink: /home/aurora/RM25/install/nav_2d_msgs/include/nav_2d_msgs/nav_2d_msgs/msg/detail/twist2_d32__builder.hpp
[0.361s] -- Up-to-date symlink: /home/aurora/RM25/install/nav_2d_msgs/include/nav_2d_msgs/nav_2d_msgs/msg/detail/twist2_d32__struct.hpp
[0.361s] -- Up-to-date symlink: /home/aurora/RM25/install/nav_2d_msgs/include/nav_2d_msgs/nav_2d_msgs/msg/detail/twist2_d32__traits.hpp
[0.361s] -- Up-to-date symlink: /home/aurora/RM25/install/nav_2d_msgs/include/nav_2d_msgs/nav_2d_msgs/msg/detail/twist2_d__builder.hpp
[0.361s] -- Up-to-date symlink: /home/aurora/RM25/install/nav_2d_msgs/include/nav_2d_msgs/nav_2d_msgs/msg/detail/twist2_d__struct.hpp
[0.361s] -- Up-to-date symlink: /home/aurora/RM25/install/nav_2d_msgs/include/nav_2d_msgs/nav_2d_msgs/msg/detail/twist2_d__traits.hpp
[0.361s] -- Up-to-date symlink: /home/aurora/RM25/install/nav_2d_msgs/include/nav_2d_msgs/nav_2d_msgs/msg/detail/twist2_d_stamped__builder.hpp
[0.361s] -- Up-to-date symlink: /home/aurora/RM25/install/nav_2d_msgs/include/nav_2d_msgs/nav_2d_msgs/msg/detail/twist2_d_stamped__struct.hpp
[0.361s] -- Up-to-date symlink: /home/aurora/RM25/install/nav_2d_msgs/include/nav_2d_msgs/nav_2d_msgs/msg/detail/twist2_d_stamped__traits.hpp
[0.361s] -- Up-to-date symlink: /home/aurora/RM25/install/nav_2d_msgs/include/nav_2d_msgs/nav_2d_msgs/msg/path2_d.hpp
[0.361s] -- Up-to-date symlink: /home/aurora/RM25/install/nav_2d_msgs/include/nav_2d_msgs/nav_2d_msgs/msg/pose2_d32.hpp
[0.361s] -- Up-to-date symlink: /home/aurora/RM25/install/nav_2d_msgs/include/nav_2d_msgs/nav_2d_msgs/msg/pose2_d_stamped.hpp
[0.361s] -- Up-to-date symlink: /home/aurora/RM25/install/nav_2d_msgs/include/nav_2d_msgs/nav_2d_msgs/msg/twist2_d.hpp
[0.361s] -- Up-to-date symlink: /home/aurora/RM25/install/nav_2d_msgs/include/nav_2d_msgs/nav_2d_msgs/msg/twist2_d32.hpp
[0.361s] -- Up-to-date symlink: /home/aurora/RM25/install/nav_2d_msgs/include/nav_2d_msgs/nav_2d_msgs/msg/twist2_d_stamped.hpp
[0.361s] -- Up-to-date symlink: /home/aurora/RM25/install/nav_2d_msgs/include/nav_2d_msgs/nav_2d_msgs/msg/detail/path2_d__rosidl_typesupport_fastrtps_cpp.hpp
[0.362s] -- Up-to-date symlink: /home/aurora/RM25/install/nav_2d_msgs/include/nav_2d_msgs/nav_2d_msgs/msg/detail/pose2_d32__rosidl_typesupport_fastrtps_cpp.hpp
[0.362s] -- Up-to-date symlink: /home/aurora/RM25/install/nav_2d_msgs/include/nav_2d_msgs/nav_2d_msgs/msg/detail/pose2_d_stamped__rosidl_typesupport_fastrtps_cpp.hpp
[0.362s] -- Up-to-date symlink: /home/aurora/RM25/install/nav_2d_msgs/include/nav_2d_msgs/nav_2d_msgs/msg/detail/twist2_d32__rosidl_typesupport_fastrtps_cpp.hpp
[0.363s] -- Up-to-date symlink: /home/aurora/RM25/install/nav_2d_msgs/include/nav_2d_msgs/nav_2d_msgs/msg/detail/twist2_d__rosidl_typesupport_fastrtps_cpp.hpp
[0.363s] -- Up-to-date symlink: /home/aurora/RM25/install/nav_2d_msgs/include/nav_2d_msgs/nav_2d_msgs/msg/detail/twist2_d_stamped__rosidl_typesupport_fastrtps_cpp.hpp
[0.363s] -- Up-to-date symlink: /home/aurora/RM25/install/nav_2d_msgs/include/nav_2d_msgs/nav_2d_msgs/msg/rosidl_typesupport_fastrtps_cpp__visibility_control.h
[0.363s] -- Up-to-date symlink: /home/aurora/RM25/install/nav_2d_msgs/include/nav_2d_msgs/nav_2d_msgs/msg/detail/path2_d__rosidl_typesupport_introspection_c.h
[0.364s] -- Up-to-date symlink: /home/aurora/RM25/install/nav_2d_msgs/include/nav_2d_msgs/nav_2d_msgs/msg/detail/pose2_d32__rosidl_typesupport_introspection_c.h
[0.364s] -- Up-to-date symlink: /home/aurora/RM25/install/nav_2d_msgs/include/nav_2d_msgs/nav_2d_msgs/msg/detail/pose2_d_stamped__rosidl_typesupport_introspection_c.h
[0.364s] -- Up-to-date symlink: /home/aurora/RM25/install/nav_2d_msgs/include/nav_2d_msgs/nav_2d_msgs/msg/detail/twist2_d32__rosidl_typesupport_introspection_c.h
[0.364s] -- Up-to-date symlink: /home/aurora/RM25/install/nav_2d_msgs/include/nav_2d_msgs/nav_2d_msgs/msg/detail/twist2_d__rosidl_typesupport_introspection_c.h
[0.364s] -- Up-to-date symlink: /home/aurora/RM25/install/nav_2d_msgs/include/nav_2d_msgs/nav_2d_msgs/msg/detail/twist2_d_stamped__rosidl_typesupport_introspection_c.h
[0.365s] -- Up-to-date symlink: /home/aurora/RM25/install/nav_2d_msgs/include/nav_2d_msgs/nav_2d_msgs/msg/rosidl_typesupport_introspection_c__visibility_control.h
[0.365s] -- Up-to-date symlink: /home/aurora/RM25/install/nav_2d_msgs/include/nav_2d_msgs/nav_2d_msgs/msg/detail/path2_d__rosidl_typesupport_introspection_cpp.hpp
[0.365s] -- Up-to-date symlink: /home/aurora/RM25/install/nav_2d_msgs/include/nav_2d_msgs/nav_2d_msgs/msg/detail/pose2_d32__rosidl_typesupport_introspection_cpp.hpp
[0.366s] -- Up-to-date symlink: /home/aurora/RM25/install/nav_2d_msgs/include/nav_2d_msgs/nav_2d_msgs/msg/detail/pose2_d_stamped__rosidl_typesupport_introspection_cpp.hpp
[0.366s] -- Up-to-date symlink: /home/aurora/RM25/install/nav_2d_msgs/include/nav_2d_msgs/nav_2d_msgs/msg/detail/twist2_d32__rosidl_typesupport_introspection_cpp.hpp
[0.366s] -- Up-to-date symlink: /home/aurora/RM25/install/nav_2d_msgs/include/nav_2d_msgs/nav_2d_msgs/msg/detail/twist2_d__rosidl_typesupport_introspection_cpp.hpp
[0.367s] -- Up-to-date symlink: /home/aurora/RM25/install/nav_2d_msgs/include/nav_2d_msgs/nav_2d_msgs/msg/detail/twist2_d_stamped__rosidl_typesupport_introspection_cpp.hpp
[0.367s] -- Up-to-date symlink: /home/aurora/RM25/install/nav_2d_msgs/share/nav_2d_msgs/environment/pythonpath.sh
[0.367s] -- Up-to-date symlink: /home/aurora/RM25/install/nav_2d_msgs/share/nav_2d_msgs/environment/pythonpath.dsv
[0.367s] -- Up-to-date symlink: /home/aurora/RM25/install/nav_2d_msgs/local/lib/python3.10/dist-packages/nav_2d_msgs-1.3.1-py3.10.egg-info/PKG-INFO
[0.367s] -- Up-to-date symlink: /home/aurora/RM25/install/nav_2d_msgs/local/lib/python3.10/dist-packages/nav_2d_msgs-1.3.1-py3.10.egg-info/SOURCES.txt
[0.367s] -- Up-to-date symlink: /home/aurora/RM25/install/nav_2d_msgs/local/lib/python3.10/dist-packages/nav_2d_msgs-1.3.1-py3.10.egg-info/dependency_links.txt
[0.367s] -- Up-to-date symlink: /home/aurora/RM25/install/nav_2d_msgs/local/lib/python3.10/dist-packages/nav_2d_msgs-1.3.1-py3.10.egg-info/top_level.txt
[0.367s] -- Up-to-date symlink: /home/aurora/RM25/install/nav_2d_msgs/local/lib/python3.10/dist-packages/nav_2d_msgs/__init__.py
[0.368s] -- Up-to-date symlink: /home/aurora/RM25/install/nav_2d_msgs/local/lib/python3.10/dist-packages/nav_2d_msgs/_nav_2d_msgs_s.ep.rosidl_typesupport_c.c
[0.368s] -- Up-to-date symlink: /home/aurora/RM25/install/nav_2d_msgs/local/lib/python3.10/dist-packages/nav_2d_msgs/_nav_2d_msgs_s.ep.rosidl_typesupport_fastrtps_c.c
[0.368s] -- Up-to-date symlink: /home/aurora/RM25/install/nav_2d_msgs/local/lib/python3.10/dist-packages/nav_2d_msgs/_nav_2d_msgs_s.ep.rosidl_typesupport_introspection_c.c
[0.368s] -- Up-to-date symlink: /home/aurora/RM25/install/nav_2d_msgs/local/lib/python3.10/dist-packages/nav_2d_msgs/libnav_2d_msgs__rosidl_generator_py.so
[0.369s] -- Up-to-date symlink: /home/aurora/RM25/install/nav_2d_msgs/local/lib/python3.10/dist-packages/nav_2d_msgs/msg/__init__.py
[0.369s] -- Up-to-date symlink: /home/aurora/RM25/install/nav_2d_msgs/local/lib/python3.10/dist-packages/nav_2d_msgs/msg/_path2_d.py
[0.370s] -- Up-to-date symlink: /home/aurora/RM25/install/nav_2d_msgs/local/lib/python3.10/dist-packages/nav_2d_msgs/msg/_path2_d_s.c
[0.370s] -- Up-to-date symlink: /home/aurora/RM25/install/nav_2d_msgs/local/lib/python3.10/dist-packages/nav_2d_msgs/msg/_pose2_d32.py
[0.370s] -- Up-to-date symlink: /home/aurora/RM25/install/nav_2d_msgs/local/lib/python3.10/dist-packages/nav_2d_msgs/msg/_pose2_d32_s.c
[0.370s] -- Up-to-date symlink: /home/aurora/RM25/install/nav_2d_msgs/local/lib/python3.10/dist-packages/nav_2d_msgs/msg/_pose2_d_stamped.py
[0.370s] -- Up-to-date symlink: /home/aurora/RM25/install/nav_2d_msgs/local/lib/python3.10/dist-packages/nav_2d_msgs/msg/_pose2_d_stamped_s.c
[0.370s] -- Up-to-date symlink: /home/aurora/RM25/install/nav_2d_msgs/local/lib/python3.10/dist-packages/nav_2d_msgs/msg/_twist2_d.py
[0.370s] -- Up-to-date symlink: /home/aurora/RM25/install/nav_2d_msgs/local/lib/python3.10/dist-packages/nav_2d_msgs/msg/_twist2_d32.py
[0.370s] -- Up-to-date symlink: /home/aurora/RM25/install/nav_2d_msgs/local/lib/python3.10/dist-packages/nav_2d_msgs/msg/_twist2_d32_s.c
[0.370s] -- Up-to-date symlink: /home/aurora/RM25/install/nav_2d_msgs/local/lib/python3.10/dist-packages/nav_2d_msgs/msg/_twist2_d_s.c
[0.370s] -- Up-to-date symlink: /home/aurora/RM25/install/nav_2d_msgs/local/lib/python3.10/dist-packages/nav_2d_msgs/msg/_twist2_d_stamped.py
[0.370s] -- Up-to-date symlink: /home/aurora/RM25/install/nav_2d_msgs/local/lib/python3.10/dist-packages/nav_2d_msgs/msg/_twist2_d_stamped_s.c
[0.371s] -- Up-to-date symlink: /home/aurora/RM25/install/nav_2d_msgs/local/lib/python3.10/dist-packages/nav_2d_msgs/nav_2d_msgs_s__rosidl_typesupport_c.cpython-310-x86_64-linux-gnu.so
[0.371s] -- Up-to-date symlink: /home/aurora/RM25/install/nav_2d_msgs/local/lib/python3.10/dist-packages/nav_2d_msgs/nav_2d_msgs_s__rosidl_typesupport_fastrtps_c.cpython-310-x86_64-linux-gnu.so
[0.371s] -- Up-to-date symlink: /home/aurora/RM25/install/nav_2d_msgs/local/lib/python3.10/dist-packages/nav_2d_msgs/nav_2d_msgs_s__rosidl_typesupport_introspection_c.cpython-310-x86_64-linux-gnu.so
[0.371s] -- Up-to-date symlink: /home/aurora/RM25/install/nav_2d_msgs/local/lib/python3.10/dist-packages/nav_2d_msgs/nav_2d_msgs_s__rosidl_typesupport_fastrtps_c.cpython-310-x86_64-linux-gnu.so
[0.371s] -- Up-to-date symlink: /home/aurora/RM25/install/nav_2d_msgs/local/lib/python3.10/dist-packages/nav_2d_msgs/nav_2d_msgs_s__rosidl_typesupport_introspection_c.cpython-310-x86_64-linux-gnu.so
[0.371s] -- Up-to-date symlink: /home/aurora/RM25/install/nav_2d_msgs/local/lib/python3.10/dist-packages/nav_2d_msgs/nav_2d_msgs_s__rosidl_typesupport_c.cpython-310-x86_64-linux-gnu.so
[0.371s] -- Up-to-date symlink: /home/aurora/RM25/install/nav_2d_msgs/share/nav_2d_msgs/msg/Path2D.idl
[0.371s] -- Up-to-date symlink: /home/aurora/RM25/install/nav_2d_msgs/share/nav_2d_msgs/msg/Pose2D32.idl
[0.371s] -- Up-to-date symlink: /home/aurora/RM25/install/nav_2d_msgs/share/nav_2d_msgs/msg/Pose2DStamped.idl
[0.371s] -- Up-to-date symlink: /home/aurora/RM25/install/nav_2d_msgs/share/nav_2d_msgs/msg/Twist2D.idl
[0.371s] -- Up-to-date symlink: /home/aurora/RM25/install/nav_2d_msgs/share/nav_2d_msgs/msg/Twist2D32.idl
[0.372s] -- Up-to-date symlink: /home/aurora/RM25/install/nav_2d_msgs/share/nav_2d_msgs/msg/Twist2DStamped.idl
[0.372s] -- Up-to-date symlink: /home/aurora/RM25/install/nav_2d_msgs/share/nav_2d_msgs/msg/Path2D.msg
[0.372s] -- Up-to-date symlink: /home/aurora/RM25/install/nav_2d_msgs/share/nav_2d_msgs/msg/Pose2D32.msg
[0.372s] -- Up-to-date symlink: /home/aurora/RM25/install/nav_2d_msgs/share/nav_2d_msgs/msg/Pose2DStamped.msg
[0.372s] -- Up-to-date symlink: /home/aurora/RM25/install/nav_2d_msgs/share/nav_2d_msgs/msg/Twist2D.msg
[0.372s] -- Up-to-date symlink: /home/aurora/RM25/install/nav_2d_msgs/share/nav_2d_msgs/msg/Twist2D32.msg
[0.373s] -- Up-to-date symlink: /home/aurora/RM25/install/nav_2d_msgs/share/nav_2d_msgs/msg/Twist2DStamped.msg
[0.373s] -- Up-to-date symlink: /home/aurora/RM25/install/nav_2d_msgs/share/ament_index/resource_index/package_run_dependencies/nav_2d_msgs
[0.373s] -- Up-to-date symlink: /home/aurora/RM25/install/nav_2d_msgs/share/ament_index/resource_index/parent_prefix_path/nav_2d_msgs
[0.374s] -- Up-to-date symlink: /home/aurora/RM25/install/nav_2d_msgs/share/nav_2d_msgs/environment/ament_prefix_path.sh
[0.376s] -- Up-to-date symlink: /home/aurora/RM25/install/nav_2d_msgs/share/nav_2d_msgs/environment/ament_prefix_path.dsv
[0.376s] -- Up-to-date symlink: /home/aurora/RM25/install/nav_2d_msgs/share/nav_2d_msgs/environment/path.sh
[0.376s] -- Up-to-date symlink: /home/aurora/RM25/install/nav_2d_msgs/share/nav_2d_msgs/environment/path.dsv
[0.377s] -- Up-to-date symlink: /home/aurora/RM25/install/nav_2d_msgs/share/nav_2d_msgs/local_setup.bash
[0.378s] -- Up-to-date symlink: /home/aurora/RM25/install/nav_2d_msgs/share/nav_2d_msgs/local_setup.sh
[0.378s] -- Up-to-date symlink: /home/aurora/RM25/install/nav_2d_msgs/share/nav_2d_msgs/local_setup.zsh
[0.378s] -- Up-to-date symlink: /home/aurora/RM25/install/nav_2d_msgs/share/nav_2d_msgs/local_setup.dsv
[0.379s] -- Symlinking: /home/aurora/RM25/install/nav_2d_msgs/share/nav_2d_msgs/package.dsv
[0.379s] -- Up-to-date symlink: /home/aurora/RM25/install/nav_2d_msgs/share/ament_index/resource_index/packages/nav_2d_msgs
[0.379s] -- Up-to-date symlink: /home/aurora/RM25/install/nav_2d_msgs/share/nav_2d_msgs/cmake/rosidl_cmake-extras.cmake
[0.379s] -- Up-to-date symlink: /home/aurora/RM25/install/nav_2d_msgs/share/nav_2d_msgs/cmake/ament_cmake_export_dependencies-extras.cmake
[0.379s] -- Up-to-date symlink: /home/aurora/RM25/install/nav_2d_msgs/share/nav_2d_msgs/cmake/ament_cmake_export_include_directories-extras.cmake
[0.380s] -- Up-to-date symlink: /home/aurora/RM25/install/nav_2d_msgs/share/nav_2d_msgs/cmake/ament_cmake_export_libraries-extras.cmake
[0.380s] -- Up-to-date symlink: /home/aurora/RM25/install/nav_2d_msgs/share/nav_2d_msgs/cmake/ament_cmake_export_targets-extras.cmake
[0.380s] -- Up-to-date symlink: /home/aurora/RM25/install/nav_2d_msgs/share/nav_2d_msgs/cmake/rosidl_cmake_export_typesupport_targets-extras.cmake
[0.380s] -- Up-to-date symlink: /home/aurora/RM25/install/nav_2d_msgs/share/nav_2d_msgs/cmake/rosidl_cmake_export_typesupport_libraries-extras.cmake
[0.380s] -- Up-to-date symlink: /home/aurora/RM25/install/nav_2d_msgs/share/nav_2d_msgs/cmake/nav_2d_msgsConfig.cmake
[0.380s] -- Up-to-date symlink: /home/aurora/RM25/install/nav_2d_msgs/share/nav_2d_msgs/cmake/nav_2d_msgsConfig-version.cmake
[0.380s] -- Up-to-date symlink: /home/aurora/RM25/install/nav_2d_msgs/share/nav_2d_msgs/package.xml
[0.380s] -- Up-to-date: /home/aurora/RM25/install/nav_2d_msgs/lib/libnav_2d_msgs__rosidl_generator_c.so
[0.380s] -- Up-to-date: /home/aurora/RM25/install/nav_2d_msgs/lib/libnav_2d_msgs__rosidl_typesupport_fastrtps_c.so
[0.384s] -- Up-to-date: /home/aurora/RM25/install/nav_2d_msgs/lib/libnav_2d_msgs__rosidl_typesupport_fastrtps_cpp.so
[0.384s] -- Up-to-date: /home/aurora/RM25/install/nav_2d_msgs/lib/libnav_2d_msgs__rosidl_typesupport_introspection_c.so
[0.384s] -- Up-to-date: /home/aurora/RM25/install/nav_2d_msgs/lib/libnav_2d_msgs__rosidl_typesupport_c.so
[0.384s] -- Up-to-date: /home/aurora/RM25/install/nav_2d_msgs/lib/libnav_2d_msgs__rosidl_typesupport_introspection_cpp.so
[0.384s] -- Up-to-date: /home/aurora/RM25/install/nav_2d_msgs/lib/libnav_2d_msgs__rosidl_typesupport_cpp.so
[0.397s] Listing '/home/aurora/RM25/install/nav_2d_msgs/local/lib/python3.10/dist-packages/nav_2d_msgs'...
[0.397s] Listing '/home/aurora/RM25/install/nav_2d_msgs/local/lib/python3.10/dist-packages/nav_2d_msgs/msg'...
[0.399s] -- Up-to-date: /home/aurora/RM25/install/nav_2d_msgs/lib/libnav_2d_msgs__rosidl_generator_py.so
[0.399s] -- Up-to-date: /home/aurora/RM25/install/nav_2d_msgs/share/nav_2d_msgs/cmake/export_nav_2d_msgs__rosidl_generator_cExport.cmake
[0.399s] -- Up-to-date: /home/aurora/RM25/install/nav_2d_msgs/share/nav_2d_msgs/cmake/export_nav_2d_msgs__rosidl_generator_cExport-noconfig.cmake
[0.399s] -- Up-to-date: /home/aurora/RM25/install/nav_2d_msgs/share/nav_2d_msgs/cmake/export_nav_2d_msgs__rosidl_typesupport_fastrtps_cExport.cmake
[0.399s] -- Up-to-date: /home/aurora/RM25/install/nav_2d_msgs/share/nav_2d_msgs/cmake/export_nav_2d_msgs__rosidl_typesupport_fastrtps_cExport-noconfig.cmake
[0.399s] -- Up-to-date: /home/aurora/RM25/install/nav_2d_msgs/share/nav_2d_msgs/cmake/export_nav_2d_msgs__rosidl_generator_cppExport.cmake
[0.399s] -- Up-to-date: /home/aurora/RM25/install/nav_2d_msgs/share/nav_2d_msgs/cmake/export_nav_2d_msgs__rosidl_typesupport_fastrtps_cppExport.cmake
[0.399s] -- Up-to-date: /home/aurora/RM25/install/nav_2d_msgs/share/nav_2d_msgs/cmake/export_nav_2d_msgs__rosidl_typesupport_fastrtps_cppExport-noconfig.cmake
[0.399s] -- Up-to-date: /home/aurora/RM25/install/nav_2d_msgs/share/nav_2d_msgs/cmake/nav_2d_msgs__rosidl_typesupport_introspection_cExport.cmake
[0.399s] -- Up-to-date: /home/aurora/RM25/install/nav_2d_msgs/share/nav_2d_msgs/cmake/nav_2d_msgs__rosidl_typesupport_introspection_cExport-noconfig.cmake
[0.399s] -- Up-to-date: /home/aurora/RM25/install/nav_2d_msgs/share/nav_2d_msgs/cmake/nav_2d_msgs__rosidl_typesupport_cExport.cmake
[0.399s] -- Up-to-date: /home/aurora/RM25/install/nav_2d_msgs/share/nav_2d_msgs/cmake/nav_2d_msgs__rosidl_typesupport_cExport-noconfig.cmake
[0.402s] -- Up-to-date: /home/aurora/RM25/install/nav_2d_msgs/share/nav_2d_msgs/cmake/nav_2d_msgs__rosidl_typesupport_introspection_cppExport.cmake
[0.402s] -- Up-to-date: /home/aurora/RM25/install/nav_2d_msgs/share/nav_2d_msgs/cmake/nav_2d_msgs__rosidl_typesupport_introspection_cppExport-noconfig.cmake
[0.402s] -- Up-to-date: /home/aurora/RM25/install/nav_2d_msgs/share/nav_2d_msgs/cmake/nav_2d_msgs__rosidl_typesupport_cppExport.cmake
[0.403s] -- Up-to-date: /home/aurora/RM25/install/nav_2d_msgs/share/nav_2d_msgs/cmake/nav_2d_msgs__rosidl_typesupport_cppExport-noconfig.cmake
[0.403s] -- Up-to-date: /home/aurora/RM25/install/nav_2d_msgs/share/nav_2d_msgs/cmake/export_nav_2d_msgs__rosidl_generator_pyExport.cmake
[0.403s] -- Up-to-date: /home/aurora/RM25/install/nav_2d_msgs/share/nav_2d_msgs/cmake/export_nav_2d_msgs__rosidl_generator_pyExport-noconfig.cmake
[0.404s] Invoked command in '/home/aurora/RM25/build/nav_2d_msgs' returned '0': CMAKE_PREFIX_PATH=${CMAKE_PREFIX_PATH}:/home/aurora/ws_helloworld/install/pkg02_helloworld_py:/opt/ros/humble /usr/bin/cmake --install /home/aurora/RM25/build/nav_2d_msgs
