[0.145s] Invoking command in '/home/aurora/RM25/src/build/dwb_msgs': AMENT_PREFIX_PATH=/home/aurora/RM25/src/install/nav_2d_msgs:${AMENT_PREFIX_PATH} CMAKE_PREFIX_PATH=/home/aurora/RM25/src/install/nav_2d_msgs:/home/aurora/RM25/install/rm_robot_description:/home/aurora/RM25/install/nav2_msgs:/home/aurora/RM25/install/nav2_bringup:/home/aurora/RM25/install/four_omniwheel_robot:/home/aurora/ws_helloworld/install/pkg01_helloworld_cpp:/home/aurora/ws_helloworld/install/learning_tf2_cpp:/home/aurora/ws_helloworld/install/pkg02_helloworld_py:/opt/ros/humble LD_LIBRARY_PATH=/home/aurora/RM25/src/install/nav_2d_msgs/lib:${LD_LIBRARY_PATH} PYTHONPATH=/home/aurora/RM25/src/install/nav_2d_msgs/local/lib/python3.10/dist-packages:${PYTHONPATH} /usr/bin/cmake /home/aurora/RM25/src/rm_navigation2/nav2_dwb_controller/dwb_msgs -DAMENT_CMAKE_SYMLINK_INSTALL=1 -DCMAKE_INSTALL_PREFIX=/home/aurora/RM25/src/install/dwb_msgs
[0.328s] -- The C compiler identification is GNU 11.4.0
[1.300s] -- The CXX compiler identification is GNU 11.4.0
[2.139s] -- Detecting C compiler ABI info
[2.360s] -- Detecting C compiler ABI info - done
[2.364s] -- Check for working C compiler: /usr/bin/cc - skipped
[2.364s] -- Detecting C compile features
[2.365s] -- Detecting C compile features - done
[2.366s] -- Detecting CXX compiler ABI info
[2.576s] -- Detecting CXX compiler ABI info - done
[2.580s] -- Check for working CXX compiler: /usr/bin/c++ - skipped
[2.581s] -- Detecting CXX compile features
[2.581s] -- Detecting CXX compile features - done
[2.582s] -- Found builtin_interfaces: 1.2.1 (/opt/ros/humble/share/builtin_interfaces/cmake)
[2.700s] -- Found Python3: /usr/bin/python3 (found version "3.10.12") found components: Interpreter 
[2.741s] -- Override CMake install command with custom implementation using symlinks instead of copying resources
[3.154s] -- Found rosidl_generator_c: 3.1.5 (/opt/ros/humble/share/rosidl_generator_c/cmake)
[3.180s] -- Found rosidl_adapter: 3.1.5 (/opt/ros/humble/share/rosidl_adapter/cmake)
[3.192s] -- Found rosidl_generator_cpp: 3.1.5 (/opt/ros/humble/share/rosidl_generator_cpp/cmake)
[3.226s] -- Using all available rosidl_typesupport_c: rosidl_typesupport_fastrtps_c;rosidl_typesupport_introspection_c
[3.259s] -- Using all available rosidl_typesupport_cpp: rosidl_typesupport_fastrtps_cpp;rosidl_typesupport_introspection_cpp
[3.277s] -- Found geometry_msgs: 4.2.4 (/opt/ros/humble/share/geometry_msgs/cmake)
[3.329s] -- Found nav_2d_msgs: 1.1.17 (/home/aurora/RM25/src/install/nav_2d_msgs/share/nav_2d_msgs/cmake)
[3.359s] -- Found nav_msgs: 4.2.4 (/opt/ros/humble/share/nav_msgs/cmake)
[3.377s] -- Found rosidl_default_generators: 1.2.0 (/opt/ros/humble/share/rosidl_default_generators/cmake)
[3.907s] -- Found ament_cmake_ros: 0.10.0 (/opt/ros/humble/share/ament_cmake_ros/cmake)
[4.607s] -- Using all available rosidl_typesupport_c: rosidl_typesupport_fastrtps_c;rosidl_typesupport_introspection_c
[4.878s] -- Using all available rosidl_typesupport_cpp: rosidl_typesupport_fastrtps_cpp;rosidl_typesupport_introspection_cpp
[5.184s] -- Found PythonInterp: /usr/bin/python3 (found suitable version "3.10.12", minimum required is "3.6") 
[5.184s] -- Found python_cmake_module: 0.10.0 (/opt/ros/humble/share/python_cmake_module/cmake)
[5.903s] -- Found PythonLibs: /usr/lib/x86_64-linux-gnu/libpython3.10.so (found suitable version "3.10.12", minimum required is "3.5") 
[5.904s] -- Using PYTHON_EXECUTABLE: /usr/bin/python3
[5.904s] -- Using PYTHON_INCLUDE_DIRS: /usr/include/python3.10
[5.904s] -- Using PYTHON_LIBRARIES: /usr/lib/x86_64-linux-gnu/libpython3.10.so
[5.952s] -- Found PythonExtra: .so  
[6.276s] -- Configuring done
[6.420s] -- Generating done
[6.424s] -- Build files have been written to: /home/aurora/RM25/src/build/dwb_msgs
[6.448s] Invoked command in '/home/aurora/RM25/src/build/dwb_msgs' returned '0': AMENT_PREFIX_PATH=/home/aurora/RM25/src/install/nav_2d_msgs:${AMENT_PREFIX_PATH} CMAKE_PREFIX_PATH=/home/aurora/RM25/src/install/nav_2d_msgs:/home/aurora/RM25/install/rm_robot_description:/home/aurora/RM25/install/nav2_msgs:/home/aurora/RM25/install/nav2_bringup:/home/aurora/RM25/install/four_omniwheel_robot:/home/aurora/ws_helloworld/install/pkg01_helloworld_cpp:/home/aurora/ws_helloworld/install/learning_tf2_cpp:/home/aurora/ws_helloworld/install/pkg02_helloworld_py:/opt/ros/humble LD_LIBRARY_PATH=/home/aurora/RM25/src/install/nav_2d_msgs/lib:${LD_LIBRARY_PATH} PYTHONPATH=/home/aurora/RM25/src/install/nav_2d_msgs/local/lib/python3.10/dist-packages:${PYTHONPATH} /usr/bin/cmake /home/aurora/RM25/src/rm_navigation2/nav2_dwb_controller/dwb_msgs -DAMENT_CMAKE_SYMLINK_INSTALL=1 -DCMAKE_INSTALL_PREFIX=/home/aurora/RM25/src/install/dwb_msgs
[6.449s] Invoking command in '/home/aurora/RM25/src/build/dwb_msgs': AMENT_PREFIX_PATH=/home/aurora/RM25/src/install/nav_2d_msgs:${AMENT_PREFIX_PATH} CMAKE_PREFIX_PATH=/home/aurora/RM25/src/install/nav_2d_msgs:/home/aurora/RM25/install/rm_robot_description:/home/aurora/RM25/install/nav2_msgs:/home/aurora/RM25/install/nav2_bringup:/home/aurora/RM25/install/four_omniwheel_robot:/home/aurora/ws_helloworld/install/pkg01_helloworld_cpp:/home/aurora/ws_helloworld/install/learning_tf2_cpp:/home/aurora/ws_helloworld/install/pkg02_helloworld_py:/opt/ros/humble LD_LIBRARY_PATH=/home/aurora/RM25/src/install/nav_2d_msgs/lib:${LD_LIBRARY_PATH} PYTHONPATH=/home/aurora/RM25/src/install/nav_2d_msgs/local/lib/python3.10/dist-packages:${PYTHONPATH} /usr/bin/cmake --build /home/aurora/RM25/src/build/dwb_msgs -- -j20 -l20
[6.563s] [  1%] [34m[1mGenerating C code for ROS interfaces[0m
[6.570s] [  2%] [34m[1mGenerating C++ code for ROS interfaces[0m
[6.599s] [  2%] Built target ament_cmake_python_symlink_dwb_msgs
[6.897s] running egg_info
[6.918s] creating dwb_msgs.egg-info
[6.918s] writing dwb_msgs.egg-info/PKG-INFO
[6.918s] writing dependency_links to dwb_msgs.egg-info/dependency_links.txt
[6.918s] writing top-level names to dwb_msgs.egg-info/top_level.txt
[6.918s] writing manifest file 'dwb_msgs.egg-info/SOURCES.txt'
[6.921s] reading manifest file 'dwb_msgs.egg-info/SOURCES.txt'
[6.921s] writing manifest file 'dwb_msgs.egg-info/SOURCES.txt'
[6.993s] [  2%] Built target ament_cmake_python_build_dwb_msgs_egg
[8.103s] [  2%] Built target dwb_msgs__cpp
[8.119s] [  3%] [34m[1mGenerating C++ introspection for ROS interfaces[0m
[8.128s] [  4%] [34m[1mGenerating C++ type support dispatch for ROS interfaces[0m
[8.133s] [  5%] [34m[1mGenerating C++ type support for eProsima Fast-RTPS[0m
[8.344s] [  8%] [32mBuilding C object CMakeFiles/dwb_msgs__rosidl_generator_c.dir/rosidl_generator_c/dwb_msgs/srv/detail/debug_local_plan__functions.c.o[0m
[8.344s] [  8%] [32mBuilding C object CMakeFiles/dwb_msgs__rosidl_generator_c.dir/rosidl_generator_c/dwb_msgs/srv/detail/generate_trajectory__functions.c.o[0m
[8.344s] [  9%] [32mBuilding C object CMakeFiles/dwb_msgs__rosidl_generator_c.dir/rosidl_generator_c/dwb_msgs/msg/detail/trajectory2_d__functions.c.o[0m
[8.344s] [  9%] [32mBuilding C object CMakeFiles/dwb_msgs__rosidl_generator_c.dir/rosidl_generator_c/dwb_msgs/msg/detail/critic_score__functions.c.o[0m
[8.344s] [ 10%] [32mBuilding C object CMakeFiles/dwb_msgs__rosidl_generator_c.dir/rosidl_generator_c/dwb_msgs/msg/detail/local_plan_evaluation__functions.c.o[0m
[8.351s] [ 12%] [32mBuilding C object CMakeFiles/dwb_msgs__rosidl_generator_c.dir/rosidl_generator_c/dwb_msgs/srv/detail/score_trajectory__functions.c.o[0m
[8.351s] [ 12%] [32mBuilding C object CMakeFiles/dwb_msgs__rosidl_generator_c.dir/rosidl_generator_c/dwb_msgs/srv/detail/get_critic_score__functions.c.o[0m
[8.359s] [ 14%] [32mBuilding C object CMakeFiles/dwb_msgs__rosidl_generator_c.dir/rosidl_generator_c/dwb_msgs/srv/detail/generate_twists__functions.c.o[0m
[8.360s] [ 14%] [32mBuilding C object CMakeFiles/dwb_msgs__rosidl_generator_c.dir/rosidl_generator_c/dwb_msgs/msg/detail/trajectory_score__functions.c.o[0m
[8.463s] [ 15%] [32m[1mLinking C shared library libdwb_msgs__rosidl_generator_c.so[0m
[8.670s] [ 15%] Built target dwb_msgs__rosidl_generator_c
[8.678s] [ 17%] [34m[1mGenerating C introspection for ROS interfaces[0m
[8.678s] [ 17%] [34m[1mGenerating C type support for eProsima Fast-RTPS[0m
[8.678s] [ 18%] [34m[1mGenerating C type support dispatch for ROS interfaces[0m
[8.754s] [ 23%] [32mBuilding CXX object CMakeFiles/dwb_msgs__rosidl_typesupport_cpp.dir/rosidl_typesupport_cpp/dwb_msgs/srv/generate_trajectory__type_support.cpp.o[0m
[8.755s] [ 23%] [32mBuilding CXX object CMakeFiles/dwb_msgs__rosidl_typesupport_cpp.dir/rosidl_typesupport_cpp/dwb_msgs/msg/local_plan_evaluation__type_support.cpp.o[0m
[8.755s] [ 23%] [32mBuilding CXX object CMakeFiles/dwb_msgs__rosidl_typesupport_cpp.dir/rosidl_typesupport_cpp/dwb_msgs/msg/critic_score__type_support.cpp.o[0m
[8.755s] [ 23%] [32mBuilding CXX object CMakeFiles/dwb_msgs__rosidl_typesupport_cpp.dir/rosidl_typesupport_cpp/dwb_msgs/msg/trajectory_score__type_support.cpp.o[0m
[8.755s] [ 25%] [32mBuilding CXX object CMakeFiles/dwb_msgs__rosidl_typesupport_cpp.dir/rosidl_typesupport_cpp/dwb_msgs/srv/generate_twists__type_support.cpp.o[0m
[8.755s] [ 27%] [32mBuilding CXX object CMakeFiles/dwb_msgs__rosidl_typesupport_cpp.dir/rosidl_typesupport_cpp/dwb_msgs/srv/debug_local_plan__type_support.cpp.o[0m
[8.755s] [ 27%] [32mBuilding CXX object CMakeFiles/dwb_msgs__rosidl_typesupport_cpp.dir/rosidl_typesupport_cpp/dwb_msgs/srv/get_critic_score__type_support.cpp.o[0m
[8.755s] [ 27%] [32mBuilding CXX object CMakeFiles/dwb_msgs__rosidl_typesupport_cpp.dir/rosidl_typesupport_cpp/dwb_msgs/msg/trajectory2_d__type_support.cpp.o[0m
[8.762s] [ 28%] [32mBuilding CXX object CMakeFiles/dwb_msgs__rosidl_typesupport_cpp.dir/rosidl_typesupport_cpp/dwb_msgs/srv/score_trajectory__type_support.cpp.o[0m
[9.022s] [ 29%] [32mBuilding CXX object CMakeFiles/dwb_msgs__rosidl_typesupport_introspection_cpp.dir/rosidl_typesupport_introspection_cpp/dwb_msgs/msg/detail/local_plan_evaluation__type_support.cpp.o[0m
[9.023s] [ 30%] [32mBuilding CXX object CMakeFiles/dwb_msgs__rosidl_typesupport_introspection_cpp.dir/rosidl_typesupport_introspection_cpp/dwb_msgs/msg/detail/critic_score__type_support.cpp.o[0m
[9.030s] [ 31%] [32mBuilding CXX object CMakeFiles/dwb_msgs__rosidl_typesupport_introspection_cpp.dir/rosidl_typesupport_introspection_cpp/dwb_msgs/msg/detail/trajectory2_d__type_support.cpp.o[0m
[9.033s] [ 32%] [32mBuilding CXX object CMakeFiles/dwb_msgs__rosidl_typesupport_introspection_cpp.dir/rosidl_typesupport_introspection_cpp/dwb_msgs/srv/detail/debug_local_plan__type_support.cpp.o[0m
[9.052s] [ 34%] [32mBuilding CXX object CMakeFiles/dwb_msgs__rosidl_typesupport_introspection_cpp.dir/rosidl_typesupport_introspection_cpp/dwb_msgs/srv/detail/get_critic_score__type_support.cpp.o[0m
[9.053s] [ 35%] [32mBuilding CXX object CMakeFiles/dwb_msgs__rosidl_typesupport_introspection_cpp.dir/rosidl_typesupport_introspection_cpp/dwb_msgs/srv/detail/generate_twists__type_support.cpp.o[0m
[9.053s] [ 35%] [32mBuilding CXX object CMakeFiles/dwb_msgs__rosidl_typesupport_introspection_cpp.dir/rosidl_typesupport_introspection_cpp/dwb_msgs/msg/detail/trajectory_score__type_support.cpp.o[0m
[9.062s] [ 36%] [32mBuilding CXX object CMakeFiles/dwb_msgs__rosidl_typesupport_introspection_cpp.dir/rosidl_typesupport_introspection_cpp/dwb_msgs/srv/detail/generate_trajectory__type_support.cpp.o[0m
[9.064s] [ 37%] [32mBuilding CXX object CMakeFiles/dwb_msgs__rosidl_typesupport_introspection_cpp.dir/rosidl_typesupport_introspection_cpp/dwb_msgs/srv/detail/score_trajectory__type_support.cpp.o[0m
[9.118s] [ 38%] [32m[1mLinking CXX shared library libdwb_msgs__rosidl_typesupport_cpp.so[0m
[9.143s] [ 40%] [32mBuilding CXX object CMakeFiles/dwb_msgs__rosidl_typesupport_fastrtps_cpp.dir/rosidl_typesupport_fastrtps_cpp/dwb_msgs/msg/detail/dds_fastrtps/critic_score__type_support.cpp.o[0m
[9.147s] [ 41%] [32mBuilding CXX object CMakeFiles/dwb_msgs__rosidl_typesupport_fastrtps_cpp.dir/rosidl_typesupport_fastrtps_cpp/dwb_msgs/msg/detail/dds_fastrtps/trajectory_score__type_support.cpp.o[0m
[9.153s] [ 42%] [32mBuilding CXX object CMakeFiles/dwb_msgs__rosidl_typesupport_fastrtps_cpp.dir/rosidl_typesupport_fastrtps_cpp/dwb_msgs/msg/detail/dds_fastrtps/trajectory2_d__type_support.cpp.o[0m
[9.153s] [ 43%] [32mBuilding CXX object CMakeFiles/dwb_msgs__rosidl_typesupport_fastrtps_cpp.dir/rosidl_typesupport_fastrtps_cpp/dwb_msgs/msg/detail/dds_fastrtps/local_plan_evaluation__type_support.cpp.o[0m
[9.162s] [ 44%] [32mBuilding CXX object CMakeFiles/dwb_msgs__rosidl_typesupport_fastrtps_cpp.dir/rosidl_typesupport_fastrtps_cpp/dwb_msgs/srv/detail/dds_fastrtps/debug_local_plan__type_support.cpp.o[0m
[9.163s] [ 45%] [32mBuilding CXX object CMakeFiles/dwb_msgs__rosidl_typesupport_fastrtps_cpp.dir/rosidl_typesupport_fastrtps_cpp/dwb_msgs/srv/detail/dds_fastrtps/generate_trajectory__type_support.cpp.o[0m
[9.166s] [ 46%] [32mBuilding CXX object CMakeFiles/dwb_msgs__rosidl_typesupport_fastrtps_cpp.dir/rosidl_typesupport_fastrtps_cpp/dwb_msgs/srv/detail/dds_fastrtps/generate_twists__type_support.cpp.o[0m
[9.385s] [ 46%] Built target dwb_msgs__rosidl_typesupport_cpp
[9.445s] [ 47%] [32mBuilding CXX object CMakeFiles/dwb_msgs__rosidl_typesupport_fastrtps_cpp.dir/rosidl_typesupport_fastrtps_cpp/dwb_msgs/srv/detail/dds_fastrtps/get_critic_score__type_support.cpp.o[0m
[9.612s] [ 48%] [32mBuilding CXX object CMakeFiles/dwb_msgs__rosidl_typesupport_fastrtps_cpp.dir/rosidl_typesupport_fastrtps_cpp/dwb_msgs/srv/detail/dds_fastrtps/score_trajectory__type_support.cpp.o[0m
[9.625s] [ 49%] [32mBuilding CXX object CMakeFiles/dwb_msgs__rosidl_typesupport_c.dir/rosidl_typesupport_c/dwb_msgs/msg/critic_score__type_support.cpp.o[0m
[9.637s] [ 50%] [32mBuilding CXX object CMakeFiles/dwb_msgs__rosidl_typesupport_c.dir/rosidl_typesupport_c/dwb_msgs/msg/local_plan_evaluation__type_support.cpp.o[0m
[9.649s] [ 51%] [32mBuilding CXX object CMakeFiles/dwb_msgs__rosidl_typesupport_c.dir/rosidl_typesupport_c/dwb_msgs/msg/trajectory2_d__type_support.cpp.o[0m
[9.685s] [ 52%] [32mBuilding CXX object CMakeFiles/dwb_msgs__rosidl_typesupport_c.dir/rosidl_typesupport_c/dwb_msgs/msg/trajectory_score__type_support.cpp.o[0m
[9.711s] [ 53%] [32mBuilding CXX object CMakeFiles/dwb_msgs__rosidl_typesupport_c.dir/rosidl_typesupport_c/dwb_msgs/srv/generate_trajectory__type_support.cpp.o[0m
[9.711s] [ 54%] [32mBuilding CXX object CMakeFiles/dwb_msgs__rosidl_typesupport_c.dir/rosidl_typesupport_c/dwb_msgs/srv/debug_local_plan__type_support.cpp.o[0m
[9.734s] [ 55%] [32mBuilding CXX object CMakeFiles/dwb_msgs__rosidl_typesupport_c.dir/rosidl_typesupport_c/dwb_msgs/srv/generate_twists__type_support.cpp.o[0m
[9.773s] [ 56%] [32mBuilding CXX object CMakeFiles/dwb_msgs__rosidl_typesupport_c.dir/rosidl_typesupport_c/dwb_msgs/srv/score_trajectory__type_support.cpp.o[0m
[9.785s] [ 57%] [32mBuilding CXX object CMakeFiles/dwb_msgs__rosidl_typesupport_c.dir/rosidl_typesupport_c/dwb_msgs/srv/get_critic_score__type_support.cpp.o[0m
[9.824s] [ 58%] [32m[1mLinking CXX shared library libdwb_msgs__rosidl_typesupport_c.so[0m
[9.849s] [ 60%] [32m[1mLinking CXX shared library libdwb_msgs__rosidl_typesupport_introspection_cpp.so[0m
[9.850s] [ 61%] [32mBuilding C object CMakeFiles/dwb_msgs__rosidl_typesupport_introspection_c.dir/rosidl_typesupport_introspection_c/dwb_msgs/msg/detail/critic_score__type_support.c.o[0m
[9.852s] [ 62%] [32mBuilding C object CMakeFiles/dwb_msgs__rosidl_typesupport_introspection_c.dir/rosidl_typesupport_introspection_c/dwb_msgs/msg/detail/local_plan_evaluation__type_support.c.o[0m
[9.854s] [ 63%] [32mBuilding C object CMakeFiles/dwb_msgs__rosidl_typesupport_introspection_c.dir/rosidl_typesupport_introspection_c/dwb_msgs/srv/detail/generate_trajectory__type_support.c.o[0m
[9.855s] [ 64%] [32mBuilding C object CMakeFiles/dwb_msgs__rosidl_typesupport_introspection_c.dir/rosidl_typesupport_introspection_c/dwb_msgs/msg/detail/trajectory2_d__type_support.c.o[0m
[9.856s] [ 65%] [32mBuilding C object CMakeFiles/dwb_msgs__rosidl_typesupport_introspection_c.dir/rosidl_typesupport_introspection_c/dwb_msgs/srv/detail/score_trajectory__type_support.c.o[0m
[9.856s] [ 66%] [32mBuilding C object CMakeFiles/dwb_msgs__rosidl_typesupport_introspection_c.dir/rosidl_typesupport_introspection_c/dwb_msgs/msg/detail/trajectory_score__type_support.c.o[0m
[9.858s] [ 68%] [32mBuilding C object CMakeFiles/dwb_msgs__rosidl_typesupport_introspection_c.dir/rosidl_typesupport_introspection_c/dwb_msgs/srv/detail/get_critic_score__type_support.c.o[0m
[9.858s] [ 67%] [32mBuilding C object CMakeFiles/dwb_msgs__rosidl_typesupport_introspection_c.dir/rosidl_typesupport_introspection_c/dwb_msgs/srv/detail/generate_twists__type_support.c.o[0m
[9.859s] [ 69%] [32mBuilding C object CMakeFiles/dwb_msgs__rosidl_typesupport_introspection_c.dir/rosidl_typesupport_introspection_c/dwb_msgs/srv/detail/debug_local_plan__type_support.c.o[0m
[9.866s] [ 71%] [32mBuilding CXX object CMakeFiles/dwb_msgs__rosidl_typesupport_fastrtps_c.dir/rosidl_typesupport_fastrtps_c/dwb_msgs/srv/detail/debug_local_plan__type_support_c.cpp.o[0m
[9.866s] [ 71%] [32mBuilding CXX object CMakeFiles/dwb_msgs__rosidl_typesupport_fastrtps_c.dir/rosidl_typesupport_fastrtps_c/dwb_msgs/msg/detail/local_plan_evaluation__type_support_c.cpp.o[0m
[9.866s] [ 72%] [32mBuilding CXX object CMakeFiles/dwb_msgs__rosidl_typesupport_fastrtps_c.dir/rosidl_typesupport_fastrtps_c/dwb_msgs/msg/detail/trajectory_score__type_support_c.cpp.o[0m
[9.866s] [ 73%] [32mBuilding CXX object CMakeFiles/dwb_msgs__rosidl_typesupport_fastrtps_c.dir/rosidl_typesupport_fastrtps_c/dwb_msgs/msg/detail/critic_score__type_support_c.cpp.o[0m
[9.866s] [ 74%] [32mBuilding CXX object CMakeFiles/dwb_msgs__rosidl_typesupport_fastrtps_c.dir/rosidl_typesupport_fastrtps_c/dwb_msgs/msg/detail/trajectory2_d__type_support_c.cpp.o[0m
[9.904s] [ 75%] [32mBuilding CXX object CMakeFiles/dwb_msgs__rosidl_typesupport_fastrtps_c.dir/rosidl_typesupport_fastrtps_c/dwb_msgs/srv/detail/generate_twists__type_support_c.cpp.o[0m
[9.905s] [ 76%] [32mBuilding CXX object CMakeFiles/dwb_msgs__rosidl_typesupport_fastrtps_c.dir/rosidl_typesupport_fastrtps_c/dwb_msgs/srv/detail/generate_trajectory__type_support_c.cpp.o[0m
[9.911s] [ 77%] [32mBuilding CXX object CMakeFiles/dwb_msgs__rosidl_typesupport_fastrtps_c.dir/rosidl_typesupport_fastrtps_c/dwb_msgs/srv/detail/get_critic_score__type_support_c.cpp.o[0m
[9.923s] [ 78%] [32mBuilding CXX object CMakeFiles/dwb_msgs__rosidl_typesupport_fastrtps_c.dir/rosidl_typesupport_fastrtps_c/dwb_msgs/srv/detail/score_trajectory__type_support_c.cpp.o[0m
[9.940s] [ 80%] [32m[1mLinking C shared library libdwb_msgs__rosidl_typesupport_introspection_c.so[0m
[10.067s] [ 80%] Built target dwb_msgs__rosidl_typesupport_c
[10.139s] [ 81%] [32m[1mLinking CXX shared library libdwb_msgs__rosidl_typesupport_fastrtps_cpp.so[0m
[10.156s] [ 81%] Built target dwb_msgs__rosidl_typesupport_introspection_c
[10.168s] [ 81%] Built target dwb_msgs__rosidl_typesupport_introspection_cpp
[10.313s] [ 82%] [32m[1mLinking CXX shared library libdwb_msgs__rosidl_typesupport_fastrtps_c.so[0m
[10.352s] [ 82%] Built target dwb_msgs__rosidl_typesupport_fastrtps_cpp
[10.526s] [ 82%] Built target dwb_msgs__rosidl_typesupport_fastrtps_c
[10.541s] [ 82%] Built target dwb_msgs
[10.554s] [ 83%] [34m[1mGenerating Python code for ROS interfaces[0m
[11.490s] [ 83%] Built target dwb_msgs__py
[11.506s] [ 84%] [32mBuilding C object CMakeFiles/dwb_msgs__rosidl_generator_py.dir/rosidl_generator_py/dwb_msgs/msg/_trajectory2_d_s.c.o[0m
[11.507s] [ 87%] [32mBuilding C object CMakeFiles/dwb_msgs__rosidl_generator_py.dir/rosidl_generator_py/dwb_msgs/srv/_generate_trajectory_s.c.o[0m
[11.507s] [ 90%] [32mBuilding C object CMakeFiles/dwb_msgs__rosidl_generator_py.dir/rosidl_generator_py/dwb_msgs/srv/_score_trajectory_s.c.o[0m
[11.508s] [ 87%] [32mBuilding C object CMakeFiles/dwb_msgs__rosidl_generator_py.dir/rosidl_generator_py/dwb_msgs/msg/_local_plan_evaluation_s.c.o[0m
[11.508s] [ 87%] [32mBuilding C object CMakeFiles/dwb_msgs__rosidl_generator_py.dir/rosidl_generator_py/dwb_msgs/msg/_critic_score_s.c.o[0m
[11.508s] [ 91%] [32mBuilding C object CMakeFiles/dwb_msgs__rosidl_generator_py.dir/rosidl_generator_py/dwb_msgs/srv/_generate_twists_s.c.o[0m
[11.508s] [ 91%] [32mBuilding C object CMakeFiles/dwb_msgs__rosidl_generator_py.dir/rosidl_generator_py/dwb_msgs/msg/_trajectory_score_s.c.o[0m
[11.508s] [ 91%] [32mBuilding C object CMakeFiles/dwb_msgs__rosidl_generator_py.dir/rosidl_generator_py/dwb_msgs/srv/_get_critic_score_s.c.o[0m
[11.508s] [ 92%] [32mBuilding C object CMakeFiles/dwb_msgs__rosidl_generator_py.dir/rosidl_generator_py/dwb_msgs/srv/_debug_local_plan_s.c.o[0m
[11.599s] [ 93%] [32m[1mLinking C shared library rosidl_generator_py/dwb_msgs/libdwb_msgs__rosidl_generator_py.so[0m
[11.755s] [ 93%] Built target dwb_msgs__rosidl_generator_py
[11.767s] [ 95%] [32mBuilding C object CMakeFiles/dwb_msgs__rosidl_typesupport_c__pyext.dir/rosidl_generator_py/dwb_msgs/_dwb_msgs_s.ep.rosidl_typesupport_c.c.o[0m
[11.767s] [ 95%] [32mBuilding C object CMakeFiles/dwb_msgs__rosidl_typesupport_introspection_c__pyext.dir/rosidl_generator_py/dwb_msgs/_dwb_msgs_s.ep.rosidl_typesupport_introspection_c.c.o[0m
[11.768s] [ 96%] [32mBuilding C object CMakeFiles/dwb_msgs__rosidl_typesupport_fastrtps_c__pyext.dir/rosidl_generator_py/dwb_msgs/_dwb_msgs_s.ep.rosidl_typesupport_fastrtps_c.c.o[0m
[11.850s] [ 97%] [32m[1mLinking C shared library rosidl_generator_py/dwb_msgs/dwb_msgs_s__rosidl_typesupport_fastrtps_c.cpython-310-x86_64-linux-gnu.so[0m
[11.853s] [ 98%] [32m[1mLinking C shared library rosidl_generator_py/dwb_msgs/dwb_msgs_s__rosidl_typesupport_introspection_c.cpython-310-x86_64-linux-gnu.so[0m
[11.854s] [100%] [32m[1mLinking C shared library rosidl_generator_py/dwb_msgs/dwb_msgs_s__rosidl_typesupport_c.cpython-310-x86_64-linux-gnu.so[0m
[11.984s] [100%] Built target dwb_msgs__rosidl_typesupport_c__pyext
[11.984s] [100%] Built target dwb_msgs__rosidl_typesupport_introspection_c__pyext
[11.986s] [100%] Built target dwb_msgs__rosidl_typesupport_fastrtps_c__pyext
[11.994s] Invoked command in '/home/aurora/RM25/src/build/dwb_msgs' returned '0': AMENT_PREFIX_PATH=/home/aurora/RM25/src/install/nav_2d_msgs:${AMENT_PREFIX_PATH} CMAKE_PREFIX_PATH=/home/aurora/RM25/src/install/nav_2d_msgs:/home/aurora/RM25/install/rm_robot_description:/home/aurora/RM25/install/nav2_msgs:/home/aurora/RM25/install/nav2_bringup:/home/aurora/RM25/install/four_omniwheel_robot:/home/aurora/ws_helloworld/install/pkg01_helloworld_cpp:/home/aurora/ws_helloworld/install/learning_tf2_cpp:/home/aurora/ws_helloworld/install/pkg02_helloworld_py:/opt/ros/humble LD_LIBRARY_PATH=/home/aurora/RM25/src/install/nav_2d_msgs/lib:${LD_LIBRARY_PATH} PYTHONPATH=/home/aurora/RM25/src/install/nav_2d_msgs/local/lib/python3.10/dist-packages:${PYTHONPATH} /usr/bin/cmake --build /home/aurora/RM25/src/build/dwb_msgs -- -j20 -l20
[12.111s] Invoking command in '/home/aurora/RM25/src/build/dwb_msgs': AMENT_PREFIX_PATH=/home/aurora/RM25/src/install/nav_2d_msgs:${AMENT_PREFIX_PATH} CMAKE_PREFIX_PATH=/home/aurora/RM25/src/install/nav_2d_msgs:/home/aurora/RM25/install/rm_robot_description:/home/aurora/RM25/install/nav2_msgs:/home/aurora/RM25/install/nav2_bringup:/home/aurora/RM25/install/four_omniwheel_robot:/home/aurora/ws_helloworld/install/pkg01_helloworld_cpp:/home/aurora/ws_helloworld/install/learning_tf2_cpp:/home/aurora/ws_helloworld/install/pkg02_helloworld_py:/opt/ros/humble LD_LIBRARY_PATH=/home/aurora/RM25/src/install/nav_2d_msgs/lib:${LD_LIBRARY_PATH} PYTHONPATH=/home/aurora/RM25/src/install/nav_2d_msgs/local/lib/python3.10/dist-packages:${PYTHONPATH} /usr/bin/cmake --install /home/aurora/RM25/src/build/dwb_msgs
[12.116s] -- Install configuration: ""
[12.116s] -- Execute custom install script
[12.117s] -- Symlinking: /home/aurora/RM25/src/install/dwb_msgs/share/ament_index/resource_index/rosidl_interfaces/dwb_msgs
[12.123s] -- Symlinking: /home/aurora/RM25/src/install/dwb_msgs/include/dwb_msgs/dwb_msgs/msg/critic_score.h
[12.129s] -- Symlinking: /home/aurora/RM25/src/install/dwb_msgs/include/dwb_msgs/dwb_msgs/msg/detail/critic_score__functions.h
[12.135s] -- Symlinking: /home/aurora/RM25/src/install/dwb_msgs/include/dwb_msgs/dwb_msgs/msg/detail/critic_score__struct.h
[12.140s] -- Symlinking: /home/aurora/RM25/src/install/dwb_msgs/include/dwb_msgs/dwb_msgs/msg/detail/critic_score__type_support.h
[12.145s] -- Symlinking: /home/aurora/RM25/src/install/dwb_msgs/include/dwb_msgs/dwb_msgs/msg/detail/local_plan_evaluation__functions.h
[12.150s] -- Symlinking: /home/aurora/RM25/src/install/dwb_msgs/include/dwb_msgs/dwb_msgs/msg/detail/local_plan_evaluation__struct.h
[12.154s] -- Symlinking: /home/aurora/RM25/src/install/dwb_msgs/include/dwb_msgs/dwb_msgs/msg/detail/local_plan_evaluation__type_support.h
[12.159s] -- Symlinking: /home/aurora/RM25/src/install/dwb_msgs/include/dwb_msgs/dwb_msgs/msg/detail/trajectory2_d__functions.h
[12.164s] -- Symlinking: /home/aurora/RM25/src/install/dwb_msgs/include/dwb_msgs/dwb_msgs/msg/detail/trajectory2_d__struct.h
[12.169s] -- Symlinking: /home/aurora/RM25/src/install/dwb_msgs/include/dwb_msgs/dwb_msgs/msg/detail/trajectory2_d__type_support.h
[12.174s] -- Symlinking: /home/aurora/RM25/src/install/dwb_msgs/include/dwb_msgs/dwb_msgs/msg/detail/trajectory_score__functions.h
[12.179s] -- Symlinking: /home/aurora/RM25/src/install/dwb_msgs/include/dwb_msgs/dwb_msgs/msg/detail/trajectory_score__struct.h
[12.184s] -- Symlinking: /home/aurora/RM25/src/install/dwb_msgs/include/dwb_msgs/dwb_msgs/msg/detail/trajectory_score__type_support.h
[12.189s] -- Symlinking: /home/aurora/RM25/src/install/dwb_msgs/include/dwb_msgs/dwb_msgs/msg/local_plan_evaluation.h
[12.194s] -- Symlinking: /home/aurora/RM25/src/install/dwb_msgs/include/dwb_msgs/dwb_msgs/msg/rosidl_generator_c__visibility_control.h
[12.199s] -- Symlinking: /home/aurora/RM25/src/install/dwb_msgs/include/dwb_msgs/dwb_msgs/msg/trajectory2_d.h
[12.204s] -- Symlinking: /home/aurora/RM25/src/install/dwb_msgs/include/dwb_msgs/dwb_msgs/msg/trajectory_score.h
[12.209s] -- Symlinking: /home/aurora/RM25/src/install/dwb_msgs/include/dwb_msgs/dwb_msgs/srv/debug_local_plan.h
[12.214s] -- Symlinking: /home/aurora/RM25/src/install/dwb_msgs/include/dwb_msgs/dwb_msgs/srv/detail/debug_local_plan__functions.h
[12.220s] -- Symlinking: /home/aurora/RM25/src/install/dwb_msgs/include/dwb_msgs/dwb_msgs/srv/detail/debug_local_plan__struct.h
[12.225s] -- Symlinking: /home/aurora/RM25/src/install/dwb_msgs/include/dwb_msgs/dwb_msgs/srv/detail/debug_local_plan__type_support.h
[12.231s] -- Symlinking: /home/aurora/RM25/src/install/dwb_msgs/include/dwb_msgs/dwb_msgs/srv/detail/generate_trajectory__functions.h
[12.236s] -- Symlinking: /home/aurora/RM25/src/install/dwb_msgs/include/dwb_msgs/dwb_msgs/srv/detail/generate_trajectory__struct.h
[12.240s] -- Symlinking: /home/aurora/RM25/src/install/dwb_msgs/include/dwb_msgs/dwb_msgs/srv/detail/generate_trajectory__type_support.h
[12.246s] -- Symlinking: /home/aurora/RM25/src/install/dwb_msgs/include/dwb_msgs/dwb_msgs/srv/detail/generate_twists__functions.h
[12.251s] -- Symlinking: /home/aurora/RM25/src/install/dwb_msgs/include/dwb_msgs/dwb_msgs/srv/detail/generate_twists__struct.h
[12.256s] -- Symlinking: /home/aurora/RM25/src/install/dwb_msgs/include/dwb_msgs/dwb_msgs/srv/detail/generate_twists__type_support.h
[12.261s] -- Symlinking: /home/aurora/RM25/src/install/dwb_msgs/include/dwb_msgs/dwb_msgs/srv/detail/get_critic_score__functions.h
[12.266s] -- Symlinking: /home/aurora/RM25/src/install/dwb_msgs/include/dwb_msgs/dwb_msgs/srv/detail/get_critic_score__struct.h
[12.271s] -- Symlinking: /home/aurora/RM25/src/install/dwb_msgs/include/dwb_msgs/dwb_msgs/srv/detail/get_critic_score__type_support.h
[12.276s] -- Symlinking: /home/aurora/RM25/src/install/dwb_msgs/include/dwb_msgs/dwb_msgs/srv/detail/score_trajectory__functions.h
[12.281s] -- Symlinking: /home/aurora/RM25/src/install/dwb_msgs/include/dwb_msgs/dwb_msgs/srv/detail/score_trajectory__struct.h
[12.286s] -- Symlinking: /home/aurora/RM25/src/install/dwb_msgs/include/dwb_msgs/dwb_msgs/srv/detail/score_trajectory__type_support.h
[12.291s] -- Symlinking: /home/aurora/RM25/src/install/dwb_msgs/include/dwb_msgs/dwb_msgs/srv/generate_trajectory.h
[12.296s] -- Symlinking: /home/aurora/RM25/src/install/dwb_msgs/include/dwb_msgs/dwb_msgs/srv/generate_twists.h
[12.300s] -- Symlinking: /home/aurora/RM25/src/install/dwb_msgs/include/dwb_msgs/dwb_msgs/srv/get_critic_score.h
[12.306s] -- Symlinking: /home/aurora/RM25/src/install/dwb_msgs/include/dwb_msgs/dwb_msgs/srv/score_trajectory.h
[12.310s] -- Symlinking: /home/aurora/RM25/src/install/dwb_msgs/share/dwb_msgs/environment/library_path.sh
[12.315s] -- Symlinking: /home/aurora/RM25/src/install/dwb_msgs/share/dwb_msgs/environment/library_path.dsv
[12.321s] -- Symlinking: /home/aurora/RM25/src/install/dwb_msgs/include/dwb_msgs/dwb_msgs/msg/detail/critic_score__rosidl_typesupport_fastrtps_c.h
[12.327s] -- Symlinking: /home/aurora/RM25/src/install/dwb_msgs/include/dwb_msgs/dwb_msgs/msg/detail/local_plan_evaluation__rosidl_typesupport_fastrtps_c.h
[12.332s] -- Symlinking: /home/aurora/RM25/src/install/dwb_msgs/include/dwb_msgs/dwb_msgs/msg/detail/trajectory2_d__rosidl_typesupport_fastrtps_c.h
[12.336s] -- Symlinking: /home/aurora/RM25/src/install/dwb_msgs/include/dwb_msgs/dwb_msgs/msg/detail/trajectory_score__rosidl_typesupport_fastrtps_c.h
[12.341s] -- Symlinking: /home/aurora/RM25/src/install/dwb_msgs/include/dwb_msgs/dwb_msgs/msg/rosidl_typesupport_fastrtps_c__visibility_control.h
[12.346s] -- Symlinking: /home/aurora/RM25/src/install/dwb_msgs/include/dwb_msgs/dwb_msgs/srv/detail/debug_local_plan__rosidl_typesupport_fastrtps_c.h
[12.351s] -- Symlinking: /home/aurora/RM25/src/install/dwb_msgs/include/dwb_msgs/dwb_msgs/srv/detail/generate_trajectory__rosidl_typesupport_fastrtps_c.h
[12.355s] -- Symlinking: /home/aurora/RM25/src/install/dwb_msgs/include/dwb_msgs/dwb_msgs/srv/detail/generate_twists__rosidl_typesupport_fastrtps_c.h
[12.361s] -- Symlinking: /home/aurora/RM25/src/install/dwb_msgs/include/dwb_msgs/dwb_msgs/srv/detail/get_critic_score__rosidl_typesupport_fastrtps_c.h
[12.366s] -- Symlinking: /home/aurora/RM25/src/install/dwb_msgs/include/dwb_msgs/dwb_msgs/srv/detail/score_trajectory__rosidl_typesupport_fastrtps_c.h
[12.371s] -- Symlinking: /home/aurora/RM25/src/install/dwb_msgs/include/dwb_msgs/dwb_msgs/msg/critic_score.hpp
[12.376s] -- Symlinking: /home/aurora/RM25/src/install/dwb_msgs/include/dwb_msgs/dwb_msgs/msg/detail/critic_score__builder.hpp
[12.381s] -- Symlinking: /home/aurora/RM25/src/install/dwb_msgs/include/dwb_msgs/dwb_msgs/msg/detail/critic_score__struct.hpp
[12.387s] -- Symlinking: /home/aurora/RM25/src/install/dwb_msgs/include/dwb_msgs/dwb_msgs/msg/detail/critic_score__traits.hpp
[12.392s] -- Symlinking: /home/aurora/RM25/src/install/dwb_msgs/include/dwb_msgs/dwb_msgs/msg/detail/local_plan_evaluation__builder.hpp
[12.397s] -- Symlinking: /home/aurora/RM25/src/install/dwb_msgs/include/dwb_msgs/dwb_msgs/msg/detail/local_plan_evaluation__struct.hpp
[12.402s] -- Symlinking: /home/aurora/RM25/src/install/dwb_msgs/include/dwb_msgs/dwb_msgs/msg/detail/local_plan_evaluation__traits.hpp
[12.407s] -- Symlinking: /home/aurora/RM25/src/install/dwb_msgs/include/dwb_msgs/dwb_msgs/msg/detail/trajectory2_d__builder.hpp
[12.411s] -- Symlinking: /home/aurora/RM25/src/install/dwb_msgs/include/dwb_msgs/dwb_msgs/msg/detail/trajectory2_d__struct.hpp
[12.416s] -- Symlinking: /home/aurora/RM25/src/install/dwb_msgs/include/dwb_msgs/dwb_msgs/msg/detail/trajectory2_d__traits.hpp
[12.421s] -- Symlinking: /home/aurora/RM25/src/install/dwb_msgs/include/dwb_msgs/dwb_msgs/msg/detail/trajectory_score__builder.hpp
[12.426s] -- Symlinking: /home/aurora/RM25/src/install/dwb_msgs/include/dwb_msgs/dwb_msgs/msg/detail/trajectory_score__struct.hpp
[12.431s] -- Symlinking: /home/aurora/RM25/src/install/dwb_msgs/include/dwb_msgs/dwb_msgs/msg/detail/trajectory_score__traits.hpp
[12.435s] -- Symlinking: /home/aurora/RM25/src/install/dwb_msgs/include/dwb_msgs/dwb_msgs/msg/local_plan_evaluation.hpp
[12.440s] -- Symlinking: /home/aurora/RM25/src/install/dwb_msgs/include/dwb_msgs/dwb_msgs/msg/trajectory2_d.hpp
[12.445s] -- Symlinking: /home/aurora/RM25/src/install/dwb_msgs/include/dwb_msgs/dwb_msgs/msg/trajectory_score.hpp
[12.450s] -- Symlinking: /home/aurora/RM25/src/install/dwb_msgs/include/dwb_msgs/dwb_msgs/srv/debug_local_plan.hpp
[12.454s] -- Symlinking: /home/aurora/RM25/src/install/dwb_msgs/include/dwb_msgs/dwb_msgs/srv/detail/debug_local_plan__builder.hpp
[12.459s] -- Symlinking: /home/aurora/RM25/src/install/dwb_msgs/include/dwb_msgs/dwb_msgs/srv/detail/debug_local_plan__struct.hpp
[12.463s] -- Symlinking: /home/aurora/RM25/src/install/dwb_msgs/include/dwb_msgs/dwb_msgs/srv/detail/debug_local_plan__traits.hpp
[12.468s] -- Symlinking: /home/aurora/RM25/src/install/dwb_msgs/include/dwb_msgs/dwb_msgs/srv/detail/generate_trajectory__builder.hpp
[12.473s] -- Symlinking: /home/aurora/RM25/src/install/dwb_msgs/include/dwb_msgs/dwb_msgs/srv/detail/generate_trajectory__struct.hpp
[12.477s] -- Symlinking: /home/aurora/RM25/src/install/dwb_msgs/include/dwb_msgs/dwb_msgs/srv/detail/generate_trajectory__traits.hpp
[12.482s] -- Symlinking: /home/aurora/RM25/src/install/dwb_msgs/include/dwb_msgs/dwb_msgs/srv/detail/generate_twists__builder.hpp
[12.486s] -- Symlinking: /home/aurora/RM25/src/install/dwb_msgs/include/dwb_msgs/dwb_msgs/srv/detail/generate_twists__struct.hpp
[12.492s] -- Symlinking: /home/aurora/RM25/src/install/dwb_msgs/include/dwb_msgs/dwb_msgs/srv/detail/generate_twists__traits.hpp
[12.496s] -- Symlinking: /home/aurora/RM25/src/install/dwb_msgs/include/dwb_msgs/dwb_msgs/srv/detail/get_critic_score__builder.hpp
[12.501s] -- Symlinking: /home/aurora/RM25/src/install/dwb_msgs/include/dwb_msgs/dwb_msgs/srv/detail/get_critic_score__struct.hpp
[12.505s] -- Symlinking: /home/aurora/RM25/src/install/dwb_msgs/include/dwb_msgs/dwb_msgs/srv/detail/get_critic_score__traits.hpp
[12.510s] -- Symlinking: /home/aurora/RM25/src/install/dwb_msgs/include/dwb_msgs/dwb_msgs/srv/detail/score_trajectory__builder.hpp
[12.515s] -- Symlinking: /home/aurora/RM25/src/install/dwb_msgs/include/dwb_msgs/dwb_msgs/srv/detail/score_trajectory__struct.hpp
[12.520s] -- Symlinking: /home/aurora/RM25/src/install/dwb_msgs/include/dwb_msgs/dwb_msgs/srv/detail/score_trajectory__traits.hpp
[12.525s] -- Symlinking: /home/aurora/RM25/src/install/dwb_msgs/include/dwb_msgs/dwb_msgs/srv/generate_trajectory.hpp
[12.530s] -- Symlinking: /home/aurora/RM25/src/install/dwb_msgs/include/dwb_msgs/dwb_msgs/srv/generate_twists.hpp
[12.535s] -- Symlinking: /home/aurora/RM25/src/install/dwb_msgs/include/dwb_msgs/dwb_msgs/srv/get_critic_score.hpp
[12.540s] -- Symlinking: /home/aurora/RM25/src/install/dwb_msgs/include/dwb_msgs/dwb_msgs/srv/score_trajectory.hpp
[12.545s] -- Symlinking: /home/aurora/RM25/src/install/dwb_msgs/include/dwb_msgs/dwb_msgs/msg/detail/critic_score__rosidl_typesupport_fastrtps_cpp.hpp
[12.551s] -- Symlinking: /home/aurora/RM25/src/install/dwb_msgs/include/dwb_msgs/dwb_msgs/msg/detail/local_plan_evaluation__rosidl_typesupport_fastrtps_cpp.hpp
[12.555s] -- Symlinking: /home/aurora/RM25/src/install/dwb_msgs/include/dwb_msgs/dwb_msgs/msg/detail/trajectory2_d__rosidl_typesupport_fastrtps_cpp.hpp
[12.560s] -- Symlinking: /home/aurora/RM25/src/install/dwb_msgs/include/dwb_msgs/dwb_msgs/msg/detail/trajectory_score__rosidl_typesupport_fastrtps_cpp.hpp
[12.565s] -- Symlinking: /home/aurora/RM25/src/install/dwb_msgs/include/dwb_msgs/dwb_msgs/msg/rosidl_typesupport_fastrtps_cpp__visibility_control.h
[12.570s] -- Symlinking: /home/aurora/RM25/src/install/dwb_msgs/include/dwb_msgs/dwb_msgs/srv/detail/debug_local_plan__rosidl_typesupport_fastrtps_cpp.hpp
[12.574s] -- Symlinking: /home/aurora/RM25/src/install/dwb_msgs/include/dwb_msgs/dwb_msgs/srv/detail/generate_trajectory__rosidl_typesupport_fastrtps_cpp.hpp
[12.579s] -- Symlinking: /home/aurora/RM25/src/install/dwb_msgs/include/dwb_msgs/dwb_msgs/srv/detail/generate_twists__rosidl_typesupport_fastrtps_cpp.hpp
[12.584s] -- Symlinking: /home/aurora/RM25/src/install/dwb_msgs/include/dwb_msgs/dwb_msgs/srv/detail/get_critic_score__rosidl_typesupport_fastrtps_cpp.hpp
[12.589s] -- Symlinking: /home/aurora/RM25/src/install/dwb_msgs/include/dwb_msgs/dwb_msgs/srv/detail/score_trajectory__rosidl_typesupport_fastrtps_cpp.hpp
[12.594s] -- Symlinking: /home/aurora/RM25/src/install/dwb_msgs/include/dwb_msgs/dwb_msgs/msg/detail/critic_score__rosidl_typesupport_introspection_c.h
[12.598s] -- Symlinking: /home/aurora/RM25/src/install/dwb_msgs/include/dwb_msgs/dwb_msgs/msg/detail/local_plan_evaluation__rosidl_typesupport_introspection_c.h
[12.604s] -- Symlinking: /home/aurora/RM25/src/install/dwb_msgs/include/dwb_msgs/dwb_msgs/msg/detail/trajectory2_d__rosidl_typesupport_introspection_c.h
[12.608s] -- Symlinking: /home/aurora/RM25/src/install/dwb_msgs/include/dwb_msgs/dwb_msgs/msg/detail/trajectory_score__rosidl_typesupport_introspection_c.h
[12.613s] -- Symlinking: /home/aurora/RM25/src/install/dwb_msgs/include/dwb_msgs/dwb_msgs/msg/rosidl_typesupport_introspection_c__visibility_control.h
[12.619s] -- Symlinking: /home/aurora/RM25/src/install/dwb_msgs/include/dwb_msgs/dwb_msgs/srv/detail/debug_local_plan__rosidl_typesupport_introspection_c.h
[12.624s] -- Symlinking: /home/aurora/RM25/src/install/dwb_msgs/include/dwb_msgs/dwb_msgs/srv/detail/generate_trajectory__rosidl_typesupport_introspection_c.h
[12.630s] -- Symlinking: /home/aurora/RM25/src/install/dwb_msgs/include/dwb_msgs/dwb_msgs/srv/detail/generate_twists__rosidl_typesupport_introspection_c.h
[12.635s] -- Symlinking: /home/aurora/RM25/src/install/dwb_msgs/include/dwb_msgs/dwb_msgs/srv/detail/get_critic_score__rosidl_typesupport_introspection_c.h
[12.640s] -- Symlinking: /home/aurora/RM25/src/install/dwb_msgs/include/dwb_msgs/dwb_msgs/srv/detail/score_trajectory__rosidl_typesupport_introspection_c.h
[12.647s] -- Symlinking: /home/aurora/RM25/src/install/dwb_msgs/include/dwb_msgs/dwb_msgs/msg/detail/critic_score__rosidl_typesupport_introspection_cpp.hpp
[12.651s] -- Symlinking: /home/aurora/RM25/src/install/dwb_msgs/include/dwb_msgs/dwb_msgs/msg/detail/local_plan_evaluation__rosidl_typesupport_introspection_cpp.hpp
[12.656s] -- Symlinking: /home/aurora/RM25/src/install/dwb_msgs/include/dwb_msgs/dwb_msgs/msg/detail/trajectory2_d__rosidl_typesupport_introspection_cpp.hpp
[12.661s] -- Symlinking: /home/aurora/RM25/src/install/dwb_msgs/include/dwb_msgs/dwb_msgs/msg/detail/trajectory_score__rosidl_typesupport_introspection_cpp.hpp
[12.665s] -- Symlinking: /home/aurora/RM25/src/install/dwb_msgs/include/dwb_msgs/dwb_msgs/srv/detail/debug_local_plan__rosidl_typesupport_introspection_cpp.hpp
[12.671s] -- Symlinking: /home/aurora/RM25/src/install/dwb_msgs/include/dwb_msgs/dwb_msgs/srv/detail/generate_trajectory__rosidl_typesupport_introspection_cpp.hpp
[12.675s] -- Symlinking: /home/aurora/RM25/src/install/dwb_msgs/include/dwb_msgs/dwb_msgs/srv/detail/generate_twists__rosidl_typesupport_introspection_cpp.hpp
[12.682s] -- Symlinking: /home/aurora/RM25/src/install/dwb_msgs/include/dwb_msgs/dwb_msgs/srv/detail/get_critic_score__rosidl_typesupport_introspection_cpp.hpp
[12.687s] -- Symlinking: /home/aurora/RM25/src/install/dwb_msgs/include/dwb_msgs/dwb_msgs/srv/detail/score_trajectory__rosidl_typesupport_introspection_cpp.hpp
[12.693s] -- Symlinking: /home/aurora/RM25/src/install/dwb_msgs/share/dwb_msgs/environment/pythonpath.sh
[12.698s] -- Symlinking: /home/aurora/RM25/src/install/dwb_msgs/share/dwb_msgs/environment/pythonpath.dsv
[12.703s] -- Symlinking: /home/aurora/RM25/src/install/dwb_msgs/local/lib/python3.10/dist-packages/dwb_msgs-1.1.17-py3.10.egg-info/PKG-INFO
[12.708s] -- Symlinking: /home/aurora/RM25/src/install/dwb_msgs/local/lib/python3.10/dist-packages/dwb_msgs-1.1.17-py3.10.egg-info/SOURCES.txt
[12.713s] -- Symlinking: /home/aurora/RM25/src/install/dwb_msgs/local/lib/python3.10/dist-packages/dwb_msgs-1.1.17-py3.10.egg-info/dependency_links.txt
[12.718s] -- Symlinking: /home/aurora/RM25/src/install/dwb_msgs/local/lib/python3.10/dist-packages/dwb_msgs-1.1.17-py3.10.egg-info/top_level.txt
[12.723s] -- Symlinking: /home/aurora/RM25/src/install/dwb_msgs/local/lib/python3.10/dist-packages/dwb_msgs/__init__.py
[12.729s] -- Symlinking: /home/aurora/RM25/src/install/dwb_msgs/local/lib/python3.10/dist-packages/dwb_msgs/_dwb_msgs_s.ep.rosidl_typesupport_c.c
[12.734s] -- Symlinking: /home/aurora/RM25/src/install/dwb_msgs/local/lib/python3.10/dist-packages/dwb_msgs/_dwb_msgs_s.ep.rosidl_typesupport_fastrtps_c.c
[12.739s] -- Symlinking: /home/aurora/RM25/src/install/dwb_msgs/local/lib/python3.10/dist-packages/dwb_msgs/_dwb_msgs_s.ep.rosidl_typesupport_introspection_c.c
[12.744s] -- Symlinking: /home/aurora/RM25/src/install/dwb_msgs/local/lib/python3.10/dist-packages/dwb_msgs/dwb_msgs_s__rosidl_typesupport_c.cpython-310-x86_64-linux-gnu.so
[12.749s] -- Symlinking: /home/aurora/RM25/src/install/dwb_msgs/local/lib/python3.10/dist-packages/dwb_msgs/dwb_msgs_s__rosidl_typesupport_fastrtps_c.cpython-310-x86_64-linux-gnu.so
[12.753s] -- Symlinking: /home/aurora/RM25/src/install/dwb_msgs/local/lib/python3.10/dist-packages/dwb_msgs/dwb_msgs_s__rosidl_typesupport_introspection_c.cpython-310-x86_64-linux-gnu.so
[12.758s] -- Symlinking: /home/aurora/RM25/src/install/dwb_msgs/local/lib/python3.10/dist-packages/dwb_msgs/libdwb_msgs__rosidl_generator_py.so
[12.763s] -- Symlinking: /home/aurora/RM25/src/install/dwb_msgs/local/lib/python3.10/dist-packages/dwb_msgs/msg/__init__.py
[12.769s] -- Symlinking: /home/aurora/RM25/src/install/dwb_msgs/local/lib/python3.10/dist-packages/dwb_msgs/msg/_critic_score.py
[12.774s] -- Symlinking: /home/aurora/RM25/src/install/dwb_msgs/local/lib/python3.10/dist-packages/dwb_msgs/msg/_critic_score_s.c
[12.779s] -- Symlinking: /home/aurora/RM25/src/install/dwb_msgs/local/lib/python3.10/dist-packages/dwb_msgs/msg/_local_plan_evaluation.py
[12.784s] -- Symlinking: /home/aurora/RM25/src/install/dwb_msgs/local/lib/python3.10/dist-packages/dwb_msgs/msg/_local_plan_evaluation_s.c
[12.789s] -- Symlinking: /home/aurora/RM25/src/install/dwb_msgs/local/lib/python3.10/dist-packages/dwb_msgs/msg/_trajectory2_d.py
[12.793s] -- Symlinking: /home/aurora/RM25/src/install/dwb_msgs/local/lib/python3.10/dist-packages/dwb_msgs/msg/_trajectory2_d_s.c
[12.799s] -- Symlinking: /home/aurora/RM25/src/install/dwb_msgs/local/lib/python3.10/dist-packages/dwb_msgs/msg/_trajectory_score.py
[12.804s] -- Symlinking: /home/aurora/RM25/src/install/dwb_msgs/local/lib/python3.10/dist-packages/dwb_msgs/msg/_trajectory_score_s.c
[12.809s] -- Symlinking: /home/aurora/RM25/src/install/dwb_msgs/local/lib/python3.10/dist-packages/dwb_msgs/srv/__init__.py
[12.814s] -- Symlinking: /home/aurora/RM25/src/install/dwb_msgs/local/lib/python3.10/dist-packages/dwb_msgs/srv/_debug_local_plan.py
[12.820s] -- Symlinking: /home/aurora/RM25/src/install/dwb_msgs/local/lib/python3.10/dist-packages/dwb_msgs/srv/_debug_local_plan_s.c
[12.826s] -- Symlinking: /home/aurora/RM25/src/install/dwb_msgs/local/lib/python3.10/dist-packages/dwb_msgs/srv/_generate_trajectory.py
[12.831s] -- Symlinking: /home/aurora/RM25/src/install/dwb_msgs/local/lib/python3.10/dist-packages/dwb_msgs/srv/_generate_trajectory_s.c
[12.836s] -- Symlinking: /home/aurora/RM25/src/install/dwb_msgs/local/lib/python3.10/dist-packages/dwb_msgs/srv/_generate_twists.py
[12.840s] -- Symlinking: /home/aurora/RM25/src/install/dwb_msgs/local/lib/python3.10/dist-packages/dwb_msgs/srv/_generate_twists_s.c
[12.846s] -- Symlinking: /home/aurora/RM25/src/install/dwb_msgs/local/lib/python3.10/dist-packages/dwb_msgs/srv/_get_critic_score.py
[12.851s] -- Symlinking: /home/aurora/RM25/src/install/dwb_msgs/local/lib/python3.10/dist-packages/dwb_msgs/srv/_get_critic_score_s.c
[12.856s] -- Symlinking: /home/aurora/RM25/src/install/dwb_msgs/local/lib/python3.10/dist-packages/dwb_msgs/srv/_score_trajectory.py
[12.861s] -- Symlinking: /home/aurora/RM25/src/install/dwb_msgs/local/lib/python3.10/dist-packages/dwb_msgs/srv/_score_trajectory_s.c
[12.866s] -- Up-to-date symlink: /home/aurora/RM25/src/install/dwb_msgs/local/lib/python3.10/dist-packages/dwb_msgs/dwb_msgs_s__rosidl_typesupport_fastrtps_c.cpython-310-x86_64-linux-gnu.so
[12.867s] -- Up-to-date symlink: /home/aurora/RM25/src/install/dwb_msgs/local/lib/python3.10/dist-packages/dwb_msgs/dwb_msgs_s__rosidl_typesupport_introspection_c.cpython-310-x86_64-linux-gnu.so
[12.867s] -- Up-to-date symlink: /home/aurora/RM25/src/install/dwb_msgs/local/lib/python3.10/dist-packages/dwb_msgs/dwb_msgs_s__rosidl_typesupport_c.cpython-310-x86_64-linux-gnu.so
[12.867s] -- Symlinking: /home/aurora/RM25/src/install/dwb_msgs/share/dwb_msgs/msg/CriticScore.idl
[12.872s] -- Symlinking: /home/aurora/RM25/src/install/dwb_msgs/share/dwb_msgs/msg/LocalPlanEvaluation.idl
[12.876s] -- Symlinking: /home/aurora/RM25/src/install/dwb_msgs/share/dwb_msgs/msg/Trajectory2D.idl
[12.881s] -- Symlinking: /home/aurora/RM25/src/install/dwb_msgs/share/dwb_msgs/msg/TrajectoryScore.idl
[12.886s] -- Symlinking: /home/aurora/RM25/src/install/dwb_msgs/share/dwb_msgs/srv/DebugLocalPlan.idl
[12.892s] -- Symlinking: /home/aurora/RM25/src/install/dwb_msgs/share/dwb_msgs/srv/GenerateTrajectory.idl
[12.896s] -- Symlinking: /home/aurora/RM25/src/install/dwb_msgs/share/dwb_msgs/srv/GenerateTwists.idl
[12.901s] -- Symlinking: /home/aurora/RM25/src/install/dwb_msgs/share/dwb_msgs/srv/GetCriticScore.idl
[12.906s] -- Symlinking: /home/aurora/RM25/src/install/dwb_msgs/share/dwb_msgs/srv/ScoreTrajectory.idl
[12.911s] -- Symlinking: /home/aurora/RM25/src/install/dwb_msgs/share/dwb_msgs/msg/CriticScore.msg
[12.916s] -- Symlinking: /home/aurora/RM25/src/install/dwb_msgs/share/dwb_msgs/msg/LocalPlanEvaluation.msg
[12.921s] -- Symlinking: /home/aurora/RM25/src/install/dwb_msgs/share/dwb_msgs/msg/Trajectory2D.msg
[12.927s] -- Symlinking: /home/aurora/RM25/src/install/dwb_msgs/share/dwb_msgs/msg/TrajectoryScore.msg
[12.933s] -- Symlinking: /home/aurora/RM25/src/install/dwb_msgs/share/dwb_msgs/srv/DebugLocalPlan.srv
[12.938s] -- Symlinking: /home/aurora/RM25/src/install/dwb_msgs/share/dwb_msgs/srv/DebugLocalPlan_Request.msg
[12.943s] -- Symlinking: /home/aurora/RM25/src/install/dwb_msgs/share/dwb_msgs/srv/DebugLocalPlan_Response.msg
[12.948s] -- Symlinking: /home/aurora/RM25/src/install/dwb_msgs/share/dwb_msgs/srv/GenerateTrajectory.srv
[12.953s] -- Symlinking: /home/aurora/RM25/src/install/dwb_msgs/share/dwb_msgs/srv/GenerateTrajectory_Request.msg
[12.958s] -- Symlinking: /home/aurora/RM25/src/install/dwb_msgs/share/dwb_msgs/srv/GenerateTrajectory_Response.msg
[12.962s] -- Symlinking: /home/aurora/RM25/src/install/dwb_msgs/share/dwb_msgs/srv/GenerateTwists.srv
[12.967s] -- Symlinking: /home/aurora/RM25/src/install/dwb_msgs/share/dwb_msgs/srv/GenerateTwists_Request.msg
[12.973s] -- Symlinking: /home/aurora/RM25/src/install/dwb_msgs/share/dwb_msgs/srv/GenerateTwists_Response.msg
[12.978s] -- Symlinking: /home/aurora/RM25/src/install/dwb_msgs/share/dwb_msgs/srv/GetCriticScore.srv
[12.983s] -- Symlinking: /home/aurora/RM25/src/install/dwb_msgs/share/dwb_msgs/srv/GetCriticScore_Request.msg
[12.988s] -- Symlinking: /home/aurora/RM25/src/install/dwb_msgs/share/dwb_msgs/srv/GetCriticScore_Response.msg
[12.993s] -- Symlinking: /home/aurora/RM25/src/install/dwb_msgs/share/dwb_msgs/srv/ScoreTrajectory.srv
[12.997s] -- Symlinking: /home/aurora/RM25/src/install/dwb_msgs/share/dwb_msgs/srv/ScoreTrajectory_Request.msg
[13.002s] -- Symlinking: /home/aurora/RM25/src/install/dwb_msgs/share/dwb_msgs/srv/ScoreTrajectory_Response.msg
[13.007s] -- Symlinking: /home/aurora/RM25/src/install/dwb_msgs/share/ament_index/resource_index/package_run_dependencies/dwb_msgs
[13.012s] -- Symlinking: /home/aurora/RM25/src/install/dwb_msgs/share/ament_index/resource_index/parent_prefix_path/dwb_msgs
[13.018s] -- Symlinking: /home/aurora/RM25/src/install/dwb_msgs/share/dwb_msgs/environment/ament_prefix_path.sh
[13.023s] -- Symlinking: /home/aurora/RM25/src/install/dwb_msgs/share/dwb_msgs/environment/ament_prefix_path.dsv
[13.029s] -- Symlinking: /home/aurora/RM25/src/install/dwb_msgs/share/dwb_msgs/environment/path.sh
[13.034s] -- Symlinking: /home/aurora/RM25/src/install/dwb_msgs/share/dwb_msgs/environment/path.dsv
[13.040s] -- Symlinking: /home/aurora/RM25/src/install/dwb_msgs/share/dwb_msgs/local_setup.bash
[13.045s] -- Symlinking: /home/aurora/RM25/src/install/dwb_msgs/share/dwb_msgs/local_setup.sh
[13.050s] -- Symlinking: /home/aurora/RM25/src/install/dwb_msgs/share/dwb_msgs/local_setup.zsh
[13.054s] -- Symlinking: /home/aurora/RM25/src/install/dwb_msgs/share/dwb_msgs/local_setup.dsv
[13.060s] -- Symlinking: /home/aurora/RM25/src/install/dwb_msgs/share/dwb_msgs/package.dsv
[13.065s] -- Symlinking: /home/aurora/RM25/src/install/dwb_msgs/share/ament_index/resource_index/packages/dwb_msgs
[13.070s] -- Symlinking: /home/aurora/RM25/src/install/dwb_msgs/share/dwb_msgs/cmake/rosidl_cmake-extras.cmake
[13.075s] -- Symlinking: /home/aurora/RM25/src/install/dwb_msgs/share/dwb_msgs/cmake/ament_cmake_export_dependencies-extras.cmake
[13.081s] -- Symlinking: /home/aurora/RM25/src/install/dwb_msgs/share/dwb_msgs/cmake/ament_cmake_export_include_directories-extras.cmake
[13.088s] -- Symlinking: /home/aurora/RM25/src/install/dwb_msgs/share/dwb_msgs/cmake/ament_cmake_export_libraries-extras.cmake
[13.092s] -- Symlinking: /home/aurora/RM25/src/install/dwb_msgs/share/dwb_msgs/cmake/ament_cmake_export_targets-extras.cmake
[13.097s] -- Symlinking: /home/aurora/RM25/src/install/dwb_msgs/share/dwb_msgs/cmake/rosidl_cmake_export_typesupport_targets-extras.cmake
[13.102s] -- Symlinking: /home/aurora/RM25/src/install/dwb_msgs/share/dwb_msgs/cmake/rosidl_cmake_export_typesupport_libraries-extras.cmake
[13.107s] -- Symlinking: /home/aurora/RM25/src/install/dwb_msgs/share/dwb_msgs/cmake/dwb_msgsConfig.cmake
[13.113s] -- Symlinking: /home/aurora/RM25/src/install/dwb_msgs/share/dwb_msgs/cmake/dwb_msgsConfig-version.cmake
[13.118s] -- Symlinking: /home/aurora/RM25/src/install/dwb_msgs/share/dwb_msgs/package.xml
[13.124s] -- Installing: /home/aurora/RM25/src/install/dwb_msgs/lib/libdwb_msgs__rosidl_generator_c.so
[13.124s] -- Set runtime path of "/home/aurora/RM25/src/install/dwb_msgs/lib/libdwb_msgs__rosidl_generator_c.so" to ""
[13.124s] -- Installing: /home/aurora/RM25/src/install/dwb_msgs/lib/libdwb_msgs__rosidl_typesupport_fastrtps_c.so
[13.125s] -- Set runtime path of "/home/aurora/RM25/src/install/dwb_msgs/lib/libdwb_msgs__rosidl_typesupport_fastrtps_c.so" to ""
[13.125s] -- Installing: /home/aurora/RM25/src/install/dwb_msgs/lib/libdwb_msgs__rosidl_typesupport_fastrtps_cpp.so
[13.125s] -- Set runtime path of "/home/aurora/RM25/src/install/dwb_msgs/lib/libdwb_msgs__rosidl_typesupport_fastrtps_cpp.so" to ""
[13.125s] -- Installing: /home/aurora/RM25/src/install/dwb_msgs/lib/libdwb_msgs__rosidl_typesupport_introspection_c.so
[13.125s] -- Set runtime path of "/home/aurora/RM25/src/install/dwb_msgs/lib/libdwb_msgs__rosidl_typesupport_introspection_c.so" to ""
[13.126s] -- Installing: /home/aurora/RM25/src/install/dwb_msgs/lib/libdwb_msgs__rosidl_typesupport_c.so
[13.126s] -- Set runtime path of "/home/aurora/RM25/src/install/dwb_msgs/lib/libdwb_msgs__rosidl_typesupport_c.so" to ""
[13.126s] -- Installing: /home/aurora/RM25/src/install/dwb_msgs/lib/libdwb_msgs__rosidl_typesupport_introspection_cpp.so
[13.126s] -- Set runtime path of "/home/aurora/RM25/src/install/dwb_msgs/lib/libdwb_msgs__rosidl_typesupport_introspection_cpp.so" to ""
[13.126s] -- Installing: /home/aurora/RM25/src/install/dwb_msgs/lib/libdwb_msgs__rosidl_typesupport_cpp.so
[13.126s] -- Set runtime path of "/home/aurora/RM25/src/install/dwb_msgs/lib/libdwb_msgs__rosidl_typesupport_cpp.so" to ""
[13.156s] Listing '/home/aurora/RM25/src/install/dwb_msgs/local/lib/python3.10/dist-packages/dwb_msgs'...
[13.156s] Compiling '/home/aurora/RM25/src/install/dwb_msgs/local/lib/python3.10/dist-packages/dwb_msgs/__init__.py'...
[13.156s] Listing '/home/aurora/RM25/src/install/dwb_msgs/local/lib/python3.10/dist-packages/dwb_msgs/msg'...
[13.156s] Compiling '/home/aurora/RM25/src/install/dwb_msgs/local/lib/python3.10/dist-packages/dwb_msgs/msg/__init__.py'...
[13.156s] Compiling '/home/aurora/RM25/src/install/dwb_msgs/local/lib/python3.10/dist-packages/dwb_msgs/msg/_critic_score.py'...
[13.156s] Compiling '/home/aurora/RM25/src/install/dwb_msgs/local/lib/python3.10/dist-packages/dwb_msgs/msg/_local_plan_evaluation.py'...
[13.156s] Compiling '/home/aurora/RM25/src/install/dwb_msgs/local/lib/python3.10/dist-packages/dwb_msgs/msg/_trajectory2_d.py'...
[13.156s] Compiling '/home/aurora/RM25/src/install/dwb_msgs/local/lib/python3.10/dist-packages/dwb_msgs/msg/_trajectory_score.py'...
[13.156s] Listing '/home/aurora/RM25/src/install/dwb_msgs/local/lib/python3.10/dist-packages/dwb_msgs/srv'...
[13.156s] Compiling '/home/aurora/RM25/src/install/dwb_msgs/local/lib/python3.10/dist-packages/dwb_msgs/srv/__init__.py'...
[13.156s] Compiling '/home/aurora/RM25/src/install/dwb_msgs/local/lib/python3.10/dist-packages/dwb_msgs/srv/_debug_local_plan.py'...
[13.156s] Compiling '/home/aurora/RM25/src/install/dwb_msgs/local/lib/python3.10/dist-packages/dwb_msgs/srv/_generate_trajectory.py'...
[13.157s] Compiling '/home/aurora/RM25/src/install/dwb_msgs/local/lib/python3.10/dist-packages/dwb_msgs/srv/_generate_twists.py'...
[13.157s] Compiling '/home/aurora/RM25/src/install/dwb_msgs/local/lib/python3.10/dist-packages/dwb_msgs/srv/_get_critic_score.py'...
[13.157s] Compiling '/home/aurora/RM25/src/install/dwb_msgs/local/lib/python3.10/dist-packages/dwb_msgs/srv/_score_trajectory.py'...
[13.159s] -- Installing: /home/aurora/RM25/src/install/dwb_msgs/lib/libdwb_msgs__rosidl_generator_py.so
[13.160s] -- Set runtime path of "/home/aurora/RM25/src/install/dwb_msgs/lib/libdwb_msgs__rosidl_generator_py.so" to ""
[13.160s] -- Installing: /home/aurora/RM25/src/install/dwb_msgs/share/dwb_msgs/cmake/export_dwb_msgs__rosidl_generator_cExport.cmake
[13.160s] -- Installing: /home/aurora/RM25/src/install/dwb_msgs/share/dwb_msgs/cmake/export_dwb_msgs__rosidl_generator_cExport-noconfig.cmake
[13.160s] -- Installing: /home/aurora/RM25/src/install/dwb_msgs/share/dwb_msgs/cmake/export_dwb_msgs__rosidl_typesupport_fastrtps_cExport.cmake
[13.160s] -- Installing: /home/aurora/RM25/src/install/dwb_msgs/share/dwb_msgs/cmake/export_dwb_msgs__rosidl_typesupport_fastrtps_cExport-noconfig.cmake
[13.160s] -- Installing: /home/aurora/RM25/src/install/dwb_msgs/share/dwb_msgs/cmake/export_dwb_msgs__rosidl_generator_cppExport.cmake
[13.160s] -- Installing: /home/aurora/RM25/src/install/dwb_msgs/share/dwb_msgs/cmake/export_dwb_msgs__rosidl_typesupport_fastrtps_cppExport.cmake
[13.160s] -- Installing: /home/aurora/RM25/src/install/dwb_msgs/share/dwb_msgs/cmake/export_dwb_msgs__rosidl_typesupport_fastrtps_cppExport-noconfig.cmake
[13.161s] -- Installing: /home/aurora/RM25/src/install/dwb_msgs/share/dwb_msgs/cmake/dwb_msgs__rosidl_typesupport_introspection_cExport.cmake
[13.161s] -- Installing: /home/aurora/RM25/src/install/dwb_msgs/share/dwb_msgs/cmake/dwb_msgs__rosidl_typesupport_introspection_cExport-noconfig.cmake
[13.161s] -- Installing: /home/aurora/RM25/src/install/dwb_msgs/share/dwb_msgs/cmake/dwb_msgs__rosidl_typesupport_cExport.cmake
[13.161s] -- Installing: /home/aurora/RM25/src/install/dwb_msgs/share/dwb_msgs/cmake/dwb_msgs__rosidl_typesupport_cExport-noconfig.cmake
[13.161s] -- Installing: /home/aurora/RM25/src/install/dwb_msgs/share/dwb_msgs/cmake/dwb_msgs__rosidl_typesupport_introspection_cppExport.cmake
[13.161s] -- Installing: /home/aurora/RM25/src/install/dwb_msgs/share/dwb_msgs/cmake/dwb_msgs__rosidl_typesupport_introspection_cppExport-noconfig.cmake
[13.161s] -- Installing: /home/aurora/RM25/src/install/dwb_msgs/share/dwb_msgs/cmake/dwb_msgs__rosidl_typesupport_cppExport.cmake
[13.161s] -- Installing: /home/aurora/RM25/src/install/dwb_msgs/share/dwb_msgs/cmake/dwb_msgs__rosidl_typesupport_cppExport-noconfig.cmake
[13.161s] -- Installing: /home/aurora/RM25/src/install/dwb_msgs/share/dwb_msgs/cmake/export_dwb_msgs__rosidl_generator_pyExport.cmake
[13.161s] -- Installing: /home/aurora/RM25/src/install/dwb_msgs/share/dwb_msgs/cmake/export_dwb_msgs__rosidl_generator_pyExport-noconfig.cmake
[13.164s] Invoked command in '/home/aurora/RM25/src/build/dwb_msgs' returned '0': AMENT_PREFIX_PATH=/home/aurora/RM25/src/install/nav_2d_msgs:${AMENT_PREFIX_PATH} CMAKE_PREFIX_PATH=/home/aurora/RM25/src/install/nav_2d_msgs:/home/aurora/RM25/install/rm_robot_description:/home/aurora/RM25/install/nav2_msgs:/home/aurora/RM25/install/nav2_bringup:/home/aurora/RM25/install/four_omniwheel_robot:/home/aurora/ws_helloworld/install/pkg01_helloworld_cpp:/home/aurora/ws_helloworld/install/learning_tf2_cpp:/home/aurora/ws_helloworld/install/pkg02_helloworld_py:/opt/ros/humble LD_LIBRARY_PATH=/home/aurora/RM25/src/install/nav_2d_msgs/lib:${LD_LIBRARY_PATH} PYTHONPATH=/home/aurora/RM25/src/install/nav_2d_msgs/local/lib/python3.10/dist-packages:${PYTHONPATH} /usr/bin/cmake --install /home/aurora/RM25/src/build/dwb_msgs
