[0.431s] Invoking command in '/home/aurora/RM25/build/nav2_amcl': CMAKE_PREFIX_PATH=/home/aurora/RM25/install/nav2_util:/home/aurora/RM25/install/nav2_msgs:/home/aurora/RM25/install/nav2_common:/home/aurora/RM25/install/nav2_constrained_smoother:/home/aurora/RM25/install/rm_robot_description:/home/aurora/RM25/install/opennav_docking_core:/home/aurora/RM25/install/nav_2d_utils:/home/aurora/RM25/install/dwb_msgs:/home/aurora/RM25/install/nav_2d_msgs:/home/aurora/RM25/install/nav2_core:/home/aurora/RM25/install/costmap_queue:/home/aurora/RM25/install/nav2_costmap_2d:/home/aurora/RM25/install/nav2_voxel_grid:/home/aurora/RM25/install/nav2_velocity_smoother:/home/aurora/RM25/install/nav2_rviz_plugins:/home/aurora/RM25/install/nav2_map_server:/home/aurora/RM25/install/nav2_lifecycle_manager:/home/aurora/RM25/install/nav2_behavior_tree:/home/aurora/RM25/install/nav2_amcl:/home/aurora/ws_helloworld/install/pkg01_helloworld_cpp:/home/aurora/ws_helloworld/install/learning_tf2_cpp:/home/aurora/RM25/install/nav2_simple_commander:/home/aurora/RM25/install/nav2_loopback_sim:/home/aurora/ws_helloworld/install/pkg02_helloworld_py:/opt/ros/humble LD_LIBRARY_PATH=/home/aurora/RM25/install/nav2_util/lib:/home/aurora/RM25/install/nav2_msgs/lib:/home/aurora/RM25/install/nav2_constrained_smoother/lib:/home/aurora/RM25/install/nav_2d_utils/lib:/home/aurora/RM25/install/dwb_msgs/lib:/home/aurora/RM25/install/nav_2d_msgs/lib:/home/aurora/RM25/install/costmap_queue/lib:/home/aurora/RM25/install/nav2_costmap_2d/lib:/home/aurora/RM25/install/nav2_voxel_grid/lib:/home/aurora/RM25/install/nav2_velocity_smoother/lib:/home/aurora/RM25/install/nav2_rviz_plugins/lib:/home/aurora/RM25/install/nav2_map_server/lib:/home/aurora/RM25/install/nav2_lifecycle_manager/lib:/home/aurora/RM25/install/nav2_behavior_tree/lib:/home/aurora/RM25/install/nav2_amcl/lib:/usr/lib/x86_64-linux-gnu/gazebo-11/plugins:/opt/ros/humble/opt/rviz_ogre_vendor/lib:/opt/ros/humble/lib/x86_64-linux-gnu:/opt/ros/humble/lib /usr/bin/cmake --build /home/aurora/RM25/build/nav2_amcl -- -j20 -l20
[0.458s] [ 41%] Built target map_lib
[0.458s] [ 50%] Built target pf_lib
[0.471s] [ 62%] Built target motions_lib
[0.472s] [ 83%] Built target sensors_lib
[0.489s] [ 91%] Built target amcl_core
[0.504s] [100%] Built target amcl
[0.511s] Invoked command in '/home/aurora/RM25/build/nav2_amcl' returned '0': CMAKE_PREFIX_PATH=/home/aurora/RM25/install/nav2_util:/home/aurora/RM25/install/nav2_msgs:/home/aurora/RM25/install/nav2_common:/home/aurora/RM25/install/nav2_constrained_smoother:/home/aurora/RM25/install/rm_robot_description:/home/aurora/RM25/install/opennav_docking_core:/home/aurora/RM25/install/nav_2d_utils:/home/aurora/RM25/install/dwb_msgs:/home/aurora/RM25/install/nav_2d_msgs:/home/aurora/RM25/install/nav2_core:/home/aurora/RM25/install/costmap_queue:/home/aurora/RM25/install/nav2_costmap_2d:/home/aurora/RM25/install/nav2_voxel_grid:/home/aurora/RM25/install/nav2_velocity_smoother:/home/aurora/RM25/install/nav2_rviz_plugins:/home/aurora/RM25/install/nav2_map_server:/home/aurora/RM25/install/nav2_lifecycle_manager:/home/aurora/RM25/install/nav2_behavior_tree:/home/aurora/RM25/install/nav2_amcl:/home/aurora/ws_helloworld/install/pkg01_helloworld_cpp:/home/aurora/ws_helloworld/install/learning_tf2_cpp:/home/aurora/RM25/install/nav2_simple_commander:/home/aurora/RM25/install/nav2_loopback_sim:/home/aurora/ws_helloworld/install/pkg02_helloworld_py:/opt/ros/humble LD_LIBRARY_PATH=/home/aurora/RM25/install/nav2_util/lib:/home/aurora/RM25/install/nav2_msgs/lib:/home/aurora/RM25/install/nav2_constrained_smoother/lib:/home/aurora/RM25/install/nav_2d_utils/lib:/home/aurora/RM25/install/dwb_msgs/lib:/home/aurora/RM25/install/nav_2d_msgs/lib:/home/aurora/RM25/install/costmap_queue/lib:/home/aurora/RM25/install/nav2_costmap_2d/lib:/home/aurora/RM25/install/nav2_voxel_grid/lib:/home/aurora/RM25/install/nav2_velocity_smoother/lib:/home/aurora/RM25/install/nav2_rviz_plugins/lib:/home/aurora/RM25/install/nav2_map_server/lib:/home/aurora/RM25/install/nav2_lifecycle_manager/lib:/home/aurora/RM25/install/nav2_behavior_tree/lib:/home/aurora/RM25/install/nav2_amcl/lib:/usr/lib/x86_64-linux-gnu/gazebo-11/plugins:/opt/ros/humble/opt/rviz_ogre_vendor/lib:/opt/ros/humble/lib/x86_64-linux-gnu:/opt/ros/humble/lib /usr/bin/cmake --build /home/aurora/RM25/build/nav2_amcl -- -j20 -l20
[0.535s] Invoking command in '/home/aurora/RM25/build/nav2_amcl': CMAKE_PREFIX_PATH=/home/aurora/RM25/install/nav2_util:/home/aurora/RM25/install/nav2_msgs:/home/aurora/RM25/install/nav2_common:/home/aurora/RM25/install/nav2_constrained_smoother:/home/aurora/RM25/install/rm_robot_description:/home/aurora/RM25/install/opennav_docking_core:/home/aurora/RM25/install/nav_2d_utils:/home/aurora/RM25/install/dwb_msgs:/home/aurora/RM25/install/nav_2d_msgs:/home/aurora/RM25/install/nav2_core:/home/aurora/RM25/install/costmap_queue:/home/aurora/RM25/install/nav2_costmap_2d:/home/aurora/RM25/install/nav2_voxel_grid:/home/aurora/RM25/install/nav2_velocity_smoother:/home/aurora/RM25/install/nav2_rviz_plugins:/home/aurora/RM25/install/nav2_map_server:/home/aurora/RM25/install/nav2_lifecycle_manager:/home/aurora/RM25/install/nav2_behavior_tree:/home/aurora/RM25/install/nav2_amcl:/home/aurora/ws_helloworld/install/pkg01_helloworld_cpp:/home/aurora/ws_helloworld/install/learning_tf2_cpp:/home/aurora/RM25/install/nav2_simple_commander:/home/aurora/RM25/install/nav2_loopback_sim:/home/aurora/ws_helloworld/install/pkg02_helloworld_py:/opt/ros/humble LD_LIBRARY_PATH=/home/aurora/RM25/install/nav2_util/lib:/home/aurora/RM25/install/nav2_msgs/lib:/home/aurora/RM25/install/nav2_constrained_smoother/lib:/home/aurora/RM25/install/nav_2d_utils/lib:/home/aurora/RM25/install/dwb_msgs/lib:/home/aurora/RM25/install/nav_2d_msgs/lib:/home/aurora/RM25/install/costmap_queue/lib:/home/aurora/RM25/install/nav2_costmap_2d/lib:/home/aurora/RM25/install/nav2_voxel_grid/lib:/home/aurora/RM25/install/nav2_velocity_smoother/lib:/home/aurora/RM25/install/nav2_rviz_plugins/lib:/home/aurora/RM25/install/nav2_map_server/lib:/home/aurora/RM25/install/nav2_lifecycle_manager/lib:/home/aurora/RM25/install/nav2_behavior_tree/lib:/home/aurora/RM25/install/nav2_amcl/lib:/usr/lib/x86_64-linux-gnu/gazebo-11/plugins:/opt/ros/humble/opt/rviz_ogre_vendor/lib:/opt/ros/humble/lib/x86_64-linux-gnu:/opt/ros/humble/lib /usr/bin/cmake --install /home/aurora/RM25/build/nav2_amcl
[0.539s] -- Install configuration: "Release"
[0.539s] -- Execute custom install script
[0.540s] -- Up-to-date symlink: /home/aurora/RM25/install/nav2_amcl/lib/libpf_lib.so
[0.540s] -- Up-to-date symlink: /home/aurora/RM25/install/nav2_amcl/lib/libmap_lib.so
[0.540s] -- Up-to-date symlink: /home/aurora/RM25/install/nav2_amcl/lib/libmotions_lib.so
[0.540s] -- Up-to-date symlink: /home/aurora/RM25/install/nav2_amcl/lib/libsensors_lib.so
[0.540s] -- Up-to-date symlink: /home/aurora/RM25/install/nav2_amcl/lib/libamcl_core.so
[0.540s] -- Up-to-date symlink: /home/aurora/RM25/install/nav2_amcl/lib/nav2_amcl/amcl
[0.541s] -- Up-to-date symlink: /home/aurora/RM25/install/nav2_amcl/include//nav2_amcl/amcl_node.hpp
[0.541s] -- Up-to-date symlink: /home/aurora/RM25/install/nav2_amcl/include//nav2_amcl/angleutils.hpp
[0.541s] -- Up-to-date symlink: /home/aurora/RM25/install/nav2_amcl/include//nav2_amcl/map/map.hpp
[0.541s] -- Up-to-date symlink: /home/aurora/RM25/install/nav2_amcl/include//nav2_amcl/motion_model/differential_motion_model.hpp
[0.541s] -- Up-to-date symlink: /home/aurora/RM25/install/nav2_amcl/include//nav2_amcl/motion_model/motion_model.hpp
[0.541s] -- Up-to-date symlink: /home/aurora/RM25/install/nav2_amcl/include//nav2_amcl/motion_model/omni_motion_model.hpp
[0.541s] -- Up-to-date symlink: /home/aurora/RM25/install/nav2_amcl/include//nav2_amcl/pf/eig3.hpp
[0.541s] -- Up-to-date symlink: /home/aurora/RM25/install/nav2_amcl/include//nav2_amcl/pf/pf.hpp
[0.541s] -- Up-to-date symlink: /home/aurora/RM25/install/nav2_amcl/include//nav2_amcl/pf/pf_kdtree.hpp
[0.541s] -- Up-to-date symlink: /home/aurora/RM25/install/nav2_amcl/include//nav2_amcl/pf/pf_pdf.hpp
[0.541s] -- Up-to-date symlink: /home/aurora/RM25/install/nav2_amcl/include//nav2_amcl/pf/pf_vector.hpp
[0.542s] -- Up-to-date symlink: /home/aurora/RM25/install/nav2_amcl/include//nav2_amcl/portable_utils.hpp
[0.542s] -- Up-to-date symlink: /home/aurora/RM25/install/nav2_amcl/include//nav2_amcl/sensors/laser/laser.hpp
[0.542s] -- Up-to-date symlink: /home/aurora/RM25/install/nav2_amcl/share/nav2_amcl/environment/library_path.sh
[0.542s] -- Up-to-date symlink: /home/aurora/RM25/install/nav2_amcl/share/nav2_amcl/environment/library_path.dsv
[0.542s] -- Up-to-date symlink: /home/aurora/RM25/install/nav2_amcl/share/nav2_amcl//plugins.xml
[0.542s] -- Up-to-date symlink: /home/aurora/RM25/install/nav2_amcl/share/ament_index/resource_index/package_run_dependencies/nav2_amcl
[0.542s] -- Up-to-date symlink: /home/aurora/RM25/install/nav2_amcl/share/ament_index/resource_index/parent_prefix_path/nav2_amcl
[0.542s] -- Up-to-date symlink: /home/aurora/RM25/install/nav2_amcl/share/nav2_amcl/environment/ament_prefix_path.sh
[0.542s] -- Up-to-date symlink: /home/aurora/RM25/install/nav2_amcl/share/nav2_amcl/environment/ament_prefix_path.dsv
[0.542s] -- Up-to-date symlink: /home/aurora/RM25/install/nav2_amcl/share/nav2_amcl/environment/path.sh
[0.542s] -- Up-to-date symlink: /home/aurora/RM25/install/nav2_amcl/share/nav2_amcl/environment/path.dsv
[0.542s] -- Up-to-date symlink: /home/aurora/RM25/install/nav2_amcl/share/nav2_amcl/local_setup.bash
[0.542s] -- Up-to-date symlink: /home/aurora/RM25/install/nav2_amcl/share/nav2_amcl/local_setup.sh
[0.542s] -- Up-to-date symlink: /home/aurora/RM25/install/nav2_amcl/share/nav2_amcl/local_setup.zsh
[0.542s] -- Up-to-date symlink: /home/aurora/RM25/install/nav2_amcl/share/nav2_amcl/local_setup.dsv
[0.543s] -- Symlinking: /home/aurora/RM25/install/nav2_amcl/share/nav2_amcl/package.dsv
[0.547s] -- Up-to-date symlink: /home/aurora/RM25/install/nav2_amcl/share/ament_index/resource_index/packages/nav2_amcl
[0.547s] -- Up-to-date symlink: /home/aurora/RM25/install/nav2_amcl/share/ament_index/resource_index/nav2_amcl__pluginlib__plugin/nav2_amcl
[0.547s] -- Up-to-date symlink: /home/aurora/RM25/install/nav2_amcl/share/ament_index/resource_index/rclcpp_components/nav2_amcl
[0.547s] -- Up-to-date symlink: /home/aurora/RM25/install/nav2_amcl/share/nav2_amcl/cmake/ament_cmake_export_include_directories-extras.cmake
[0.548s] -- Up-to-date symlink: /home/aurora/RM25/install/nav2_amcl/share/nav2_amcl/cmake/ament_cmake_export_libraries-extras.cmake
[0.548s] -- Up-to-date symlink: /home/aurora/RM25/install/nav2_amcl/share/nav2_amcl/cmake/ament_cmake_export_dependencies-extras.cmake
[0.548s] -- Up-to-date symlink: /home/aurora/RM25/install/nav2_amcl/share/nav2_amcl/cmake/nav2_amclConfig.cmake
[0.548s] -- Up-to-date symlink: /home/aurora/RM25/install/nav2_amcl/share/nav2_amcl/cmake/nav2_amclConfig-version.cmake
[0.548s] -- Up-to-date symlink: /home/aurora/RM25/install/nav2_amcl/share/nav2_amcl/package.xml
[0.549s] Invoked command in '/home/aurora/RM25/build/nav2_amcl' returned '0': CMAKE_PREFIX_PATH=/home/aurora/RM25/install/nav2_util:/home/aurora/RM25/install/nav2_msgs:/home/aurora/RM25/install/nav2_common:/home/aurora/RM25/install/nav2_constrained_smoother:/home/aurora/RM25/install/rm_robot_description:/home/aurora/RM25/install/opennav_docking_core:/home/aurora/RM25/install/nav_2d_utils:/home/aurora/RM25/install/dwb_msgs:/home/aurora/RM25/install/nav_2d_msgs:/home/aurora/RM25/install/nav2_core:/home/aurora/RM25/install/costmap_queue:/home/aurora/RM25/install/nav2_costmap_2d:/home/aurora/RM25/install/nav2_voxel_grid:/home/aurora/RM25/install/nav2_velocity_smoother:/home/aurora/RM25/install/nav2_rviz_plugins:/home/aurora/RM25/install/nav2_map_server:/home/aurora/RM25/install/nav2_lifecycle_manager:/home/aurora/RM25/install/nav2_behavior_tree:/home/aurora/RM25/install/nav2_amcl:/home/aurora/ws_helloworld/install/pkg01_helloworld_cpp:/home/aurora/ws_helloworld/install/learning_tf2_cpp:/home/aurora/RM25/install/nav2_simple_commander:/home/aurora/RM25/install/nav2_loopback_sim:/home/aurora/ws_helloworld/install/pkg02_helloworld_py:/opt/ros/humble LD_LIBRARY_PATH=/home/aurora/RM25/install/nav2_util/lib:/home/aurora/RM25/install/nav2_msgs/lib:/home/aurora/RM25/install/nav2_constrained_smoother/lib:/home/aurora/RM25/install/nav_2d_utils/lib:/home/aurora/RM25/install/dwb_msgs/lib:/home/aurora/RM25/install/nav_2d_msgs/lib:/home/aurora/RM25/install/costmap_queue/lib:/home/aurora/RM25/install/nav2_costmap_2d/lib:/home/aurora/RM25/install/nav2_voxel_grid/lib:/home/aurora/RM25/install/nav2_velocity_smoother/lib:/home/aurora/RM25/install/nav2_rviz_plugins/lib:/home/aurora/RM25/install/nav2_map_server/lib:/home/aurora/RM25/install/nav2_lifecycle_manager/lib:/home/aurora/RM25/install/nav2_behavior_tree/lib:/home/aurora/RM25/install/nav2_amcl/lib:/usr/lib/x86_64-linux-gnu/gazebo-11/plugins:/opt/ros/humble/opt/rviz_ogre_vendor/lib:/opt/ros/humble/lib/x86_64-linux-gnu:/opt/ros/humble/lib /usr/bin/cmake --install /home/aurora/RM25/build/nav2_amcl
