[0.186s] DEBUG:colcon:Command line arguments: ['/usr/bin/colcon', 'build']
[0.186s] DEBUG:colcon:Parsed command line arguments: Namespace(log_base=None, log_level=None, verb_name='build', build_base='build', install_base='install', merge_install=False, symlink_install=False, test_result_base=None, continue_on_error=False, executor='parallel', parallel_workers=20, event_handlers=None, ignore_user_meta=False, metas=['./colcon.meta'], base_paths=['.'], packages_ignore=None, packages_ignore_regex=None, paths=None, packages_up_to=None, packages_up_to_regex=None, packages_above=None, packages_above_and_dependencies=None, packages_above_depth=None, packages_select_by_dep=None, packages_skip_by_dep=None, packages_skip_up_to=None, packages_select_build_failed=False, packages_skip_build_finished=False, packages_select_test_failures=False, packages_skip_test_passed=False, packages_select=None, packages_skip=None, packages_select_regex=None, packages_skip_regex=None, packages_start=None, packages_end=None, allow_overriding=[], cmake_args=None, cmake_target=None, cmake_target_skip_unavailable=False, cmake_clean_cache=False, cmake_clean_first=False, cmake_force_configure=False, ament_cmake_args=None, catkin_cmake_args=None, catkin_skip_building_tests=False, verb_parser=<colcon_defaults.argument_parser.defaults.DefaultArgumentsDecorator object at 0x7f5d19031b70>, verb_extension=<colcon_core.verb.build.BuildVerb object at 0x7f5d1919f190>, main=<bound method BuildVerb.main of <colcon_core.verb.build.BuildVerb object at 0x7f5d1919f190>>)
[0.272s] Level 1:colcon.colcon_core.package_discovery:discover_packages(colcon_meta) check parameters
[0.272s] Level 1:colcon.colcon_core.package_discovery:discover_packages(recursive) check parameters
[0.272s] Level 1:colcon.colcon_core.package_discovery:discover_packages(ignore) check parameters
[0.272s] Level 1:colcon.colcon_core.package_discovery:discover_packages(path) check parameters
[0.272s] Level 1:colcon.colcon_core.package_discovery:discover_packages(colcon_meta) discover
[0.272s] Level 1:colcon.colcon_core.package_discovery:discover_packages(recursive) discover
[0.272s] INFO:colcon.colcon_core.package_discovery:Crawling recursively for packages in '/home/aurora/RM25'
[0.272s] Level 1:colcon.colcon_core.package_identification:_identify(.) by extensions ['ignore', 'ignore_ament_install']
[0.272s] Level 1:colcon.colcon_core.package_identification:_identify(.) by extension 'ignore'
[0.272s] Level 1:colcon.colcon_core.package_identification:_identify(.) by extension 'ignore_ament_install'
[0.272s] Level 1:colcon.colcon_core.package_identification:_identify(.) by extensions ['colcon_pkg']
[0.272s] Level 1:colcon.colcon_core.package_identification:_identify(.) by extension 'colcon_pkg'
[0.272s] Level 1:colcon.colcon_core.package_identification:_identify(.) by extensions ['colcon_meta']
[0.272s] Level 1:colcon.colcon_core.package_identification:_identify(.) by extension 'colcon_meta'
[0.272s] Level 1:colcon.colcon_core.package_identification:_identify(.) by extensions ['ros']
[0.272s] Level 1:colcon.colcon_core.package_identification:_identify(.) by extension 'ros'
[0.280s] Level 1:colcon.colcon_core.package_identification:_identify(.) by extensions ['cmake', 'python']
[0.280s] Level 1:colcon.colcon_core.package_identification:_identify(.) by extension 'cmake'
[0.280s] Level 1:colcon.colcon_core.package_identification:_identify(.) by extension 'python'
[0.280s] Level 1:colcon.colcon_core.package_identification:_identify(.) by extensions ['python_setup_py']
[0.280s] Level 1:colcon.colcon_core.package_identification:_identify(.) by extension 'python_setup_py'
[0.280s] Level 1:colcon.colcon_core.package_identification:_identify(build) by extensions ['ignore', 'ignore_ament_install']
[0.280s] Level 1:colcon.colcon_core.package_identification:_identify(build) by extension 'ignore'
[0.280s] Level 1:colcon.colcon_core.package_identification:_identify(build) ignored
[0.280s] Level 1:colcon.colcon_core.package_identification:_identify(install) by extensions ['ignore', 'ignore_ament_install']
[0.280s] Level 1:colcon.colcon_core.package_identification:_identify(install) by extension 'ignore'
[0.280s] Level 1:colcon.colcon_core.package_identification:_identify(install) ignored
[0.280s] Level 1:colcon.colcon_core.package_identification:_identify(log) by extensions ['ignore', 'ignore_ament_install']
[0.280s] Level 1:colcon.colcon_core.package_identification:_identify(log) by extension 'ignore'
[0.280s] Level 1:colcon.colcon_core.package_identification:_identify(log) ignored
[0.280s] Level 1:colcon.colcon_core.package_identification:_identify(src) by extensions ['ignore', 'ignore_ament_install']
[0.280s] Level 1:colcon.colcon_core.package_identification:_identify(src) by extension 'ignore'
[0.280s] Level 1:colcon.colcon_core.package_identification:_identify(src) by extension 'ignore_ament_install'
[0.280s] Level 1:colcon.colcon_core.package_identification:_identify(src) by extensions ['colcon_pkg']
[0.281s] Level 1:colcon.colcon_core.package_identification:_identify(src) by extension 'colcon_pkg'
[0.281s] Level 1:colcon.colcon_core.package_identification:_identify(src) by extensions ['colcon_meta']
[0.281s] Level 1:colcon.colcon_core.package_identification:_identify(src) by extension 'colcon_meta'
[0.281s] Level 1:colcon.colcon_core.package_identification:_identify(src) by extensions ['ros']
[0.281s] Level 1:colcon.colcon_core.package_identification:_identify(src) by extension 'ros'
[0.281s] Level 1:colcon.colcon_core.package_identification:_identify(src) by extensions ['cmake', 'python']
[0.281s] Level 1:colcon.colcon_core.package_identification:_identify(src) by extension 'cmake'
[0.281s] Level 1:colcon.colcon_core.package_identification:_identify(src) by extension 'python'
[0.281s] Level 1:colcon.colcon_core.package_identification:_identify(src) by extensions ['python_setup_py']
[0.281s] Level 1:colcon.colcon_core.package_identification:_identify(src) by extension 'python_setup_py'
[0.281s] Level 1:colcon.colcon_core.package_identification:_identify(src/rm_behavior) by extensions ['ignore', 'ignore_ament_install']
[0.281s] Level 1:colcon.colcon_core.package_identification:_identify(src/rm_behavior) by extension 'ignore'
[0.281s] Level 1:colcon.colcon_core.package_identification:_identify(src/rm_behavior) by extension 'ignore_ament_install'
[0.281s] Level 1:colcon.colcon_core.package_identification:_identify(src/rm_behavior) by extensions ['colcon_pkg']
[0.281s] Level 1:colcon.colcon_core.package_identification:_identify(src/rm_behavior) by extension 'colcon_pkg'
[0.281s] Level 1:colcon.colcon_core.package_identification:_identify(src/rm_behavior) by extensions ['colcon_meta']
[0.281s] Level 1:colcon.colcon_core.package_identification:_identify(src/rm_behavior) by extension 'colcon_meta'
[0.281s] Level 1:colcon.colcon_core.package_identification:_identify(src/rm_behavior) by extensions ['ros']
[0.281s] Level 1:colcon.colcon_core.package_identification:_identify(src/rm_behavior) by extension 'ros'
[0.281s] Level 1:colcon.colcon_core.package_identification:_identify(src/rm_behavior) by extensions ['cmake', 'python']
[0.281s] Level 1:colcon.colcon_core.package_identification:_identify(src/rm_behavior) by extension 'cmake'
[0.281s] Level 1:colcon.colcon_core.package_identification:_identify(src/rm_behavior) by extension 'python'
[0.281s] Level 1:colcon.colcon_core.package_identification:_identify(src/rm_behavior) by extensions ['python_setup_py']
[0.281s] Level 1:colcon.colcon_core.package_identification:_identify(src/rm_behavior) by extension 'python_setup_py'
[0.281s] Level 1:colcon.colcon_core.package_identification:_identify(src/rm_localization) by extensions ['ignore', 'ignore_ament_install']
[0.281s] Level 1:colcon.colcon_core.package_identification:_identify(src/rm_localization) by extension 'ignore'
[0.281s] Level 1:colcon.colcon_core.package_identification:_identify(src/rm_localization) by extension 'ignore_ament_install'
[0.281s] Level 1:colcon.colcon_core.package_identification:_identify(src/rm_localization) by extensions ['colcon_pkg']
[0.281s] Level 1:colcon.colcon_core.package_identification:_identify(src/rm_localization) by extension 'colcon_pkg'
[0.281s] Level 1:colcon.colcon_core.package_identification:_identify(src/rm_localization) by extensions ['colcon_meta']
[0.281s] Level 1:colcon.colcon_core.package_identification:_identify(src/rm_localization) by extension 'colcon_meta'
[0.281s] Level 1:colcon.colcon_core.package_identification:_identify(src/rm_localization) by extensions ['ros']
[0.281s] Level 1:colcon.colcon_core.package_identification:_identify(src/rm_localization) by extension 'ros'
[0.281s] Level 1:colcon.colcon_core.package_identification:_identify(src/rm_localization) by extensions ['cmake', 'python']
[0.281s] Level 1:colcon.colcon_core.package_identification:_identify(src/rm_localization) by extension 'cmake'
[0.281s] Level 1:colcon.colcon_core.package_identification:_identify(src/rm_localization) by extension 'python'
[0.281s] Level 1:colcon.colcon_core.package_identification:_identify(src/rm_localization) by extensions ['python_setup_py']
[0.281s] Level 1:colcon.colcon_core.package_identification:_identify(src/rm_localization) by extension 'python_setup_py'
[0.281s] Level 1:colcon.colcon_core.package_identification:_identify(src/rm_mapping) by extensions ['ignore', 'ignore_ament_install']
[0.281s] Level 1:colcon.colcon_core.package_identification:_identify(src/rm_mapping) by extension 'ignore'
[0.281s] Level 1:colcon.colcon_core.package_identification:_identify(src/rm_mapping) by extension 'ignore_ament_install'
[0.281s] Level 1:colcon.colcon_core.package_identification:_identify(src/rm_mapping) by extensions ['colcon_pkg']
[0.281s] Level 1:colcon.colcon_core.package_identification:_identify(src/rm_mapping) by extension 'colcon_pkg'
[0.281s] Level 1:colcon.colcon_core.package_identification:_identify(src/rm_mapping) by extensions ['colcon_meta']
[0.281s] Level 1:colcon.colcon_core.package_identification:_identify(src/rm_mapping) by extension 'colcon_meta'
[0.281s] Level 1:colcon.colcon_core.package_identification:_identify(src/rm_mapping) by extensions ['ros']
[0.281s] Level 1:colcon.colcon_core.package_identification:_identify(src/rm_mapping) by extension 'ros'
[0.282s] Level 1:colcon.colcon_core.package_identification:_identify(src/rm_mapping) by extensions ['cmake', 'python']
[0.282s] Level 1:colcon.colcon_core.package_identification:_identify(src/rm_mapping) by extension 'cmake'
[0.282s] Level 1:colcon.colcon_core.package_identification:_identify(src/rm_mapping) by extension 'python'
[0.282s] Level 1:colcon.colcon_core.package_identification:_identify(src/rm_mapping) by extensions ['python_setup_py']
[0.282s] Level 1:colcon.colcon_core.package_identification:_identify(src/rm_mapping) by extension 'python_setup_py'
[0.282s] Level 1:colcon.colcon_core.package_identification:_identify(src/rm_navigation) by extensions ['ignore', 'ignore_ament_install']
[0.282s] Level 1:colcon.colcon_core.package_identification:_identify(src/rm_navigation) by extension 'ignore'
[0.282s] Level 1:colcon.colcon_core.package_identification:_identify(src/rm_navigation) by extension 'ignore_ament_install'
[0.282s] Level 1:colcon.colcon_core.package_identification:_identify(src/rm_navigation) by extensions ['colcon_pkg']
[0.282s] Level 1:colcon.colcon_core.package_identification:_identify(src/rm_navigation) by extension 'colcon_pkg'
[0.282s] Level 1:colcon.colcon_core.package_identification:_identify(src/rm_navigation) by extensions ['colcon_meta']
[0.282s] Level 1:colcon.colcon_core.package_identification:_identify(src/rm_navigation) by extension 'colcon_meta'
[0.282s] Level 1:colcon.colcon_core.package_identification:_identify(src/rm_navigation) by extensions ['ros']
[0.282s] Level 1:colcon.colcon_core.package_identification:_identify(src/rm_navigation) by extension 'ros'
[0.282s] Level 1:colcon.colcon_core.package_identification:_identify(src/rm_navigation) by extensions ['cmake', 'python']
[0.282s] Level 1:colcon.colcon_core.package_identification:_identify(src/rm_navigation) by extension 'cmake'
[0.282s] Level 1:colcon.colcon_core.package_identification:_identify(src/rm_navigation) by extension 'python'
[0.282s] Level 1:colcon.colcon_core.package_identification:_identify(src/rm_navigation) by extensions ['python_setup_py']
[0.282s] Level 1:colcon.colcon_core.package_identification:_identify(src/rm_navigation) by extension 'python_setup_py'
[0.282s] Level 1:colcon.colcon_core.package_identification:_identify(src/rm_robot_description) by extensions ['ignore', 'ignore_ament_install']
[0.282s] Level 1:colcon.colcon_core.package_identification:_identify(src/rm_robot_description) by extension 'ignore'
[0.282s] Level 1:colcon.colcon_core.package_identification:_identify(src/rm_robot_description) by extension 'ignore_ament_install'
[0.282s] Level 1:colcon.colcon_core.package_identification:_identify(src/rm_robot_description) by extensions ['colcon_pkg']
[0.282s] Level 1:colcon.colcon_core.package_identification:_identify(src/rm_robot_description) by extension 'colcon_pkg'
[0.282s] Level 1:colcon.colcon_core.package_identification:_identify(src/rm_robot_description) by extensions ['colcon_meta']
[0.282s] Level 1:colcon.colcon_core.package_identification:_identify(src/rm_robot_description) by extension 'colcon_meta'
[0.282s] Level 1:colcon.colcon_core.package_identification:_identify(src/rm_robot_description) by extensions ['ros']
[0.282s] Level 1:colcon.colcon_core.package_identification:_identify(src/rm_robot_description) by extension 'ros'
[0.283s] DEBUG:colcon.colcon_core.package_identification:Package 'src/rm_robot_description' with type 'ros.ament_cmake' and name 'rm_robot_description'
[0.284s] Level 1:colcon.colcon_core.package_discovery:discover_packages(recursive) using defaults
[0.284s] Level 1:colcon.colcon_core.package_discovery:discover_packages(ignore) discover
[0.284s] Level 1:colcon.colcon_core.package_discovery:discover_packages(ignore) using defaults
[0.284s] Level 1:colcon.colcon_core.package_discovery:discover_packages(path) discover
[0.284s] Level 1:colcon.colcon_core.package_discovery:discover_packages(path) using defaults
[0.294s] Level 1:colcon.colcon_core.package_discovery:discover_packages(prefix_path) check parameters
[0.294s] Level 1:colcon.colcon_core.package_discovery:discover_packages(prefix_path) discover
[0.295s] WARNING:colcon.colcon_ros.prefix_path.ament:The path '/home/aurora/RM25/install/rm_robot_description' in the environment variable AMENT_PREFIX_PATH doesn't exist
[0.295s] WARNING:colcon.colcon_ros.prefix_path.ament:The path '/home/aurora/RM25/install/opennav_docking_core' in the environment variable AMENT_PREFIX_PATH doesn't exist
[0.295s] WARNING:colcon.colcon_ros.prefix_path.ament:The path '/home/aurora/RM25/install/nav2_system_tests' in the environment variable AMENT_PREFIX_PATH doesn't exist
[0.295s] WARNING:colcon.colcon_ros.prefix_path.ament:The path '/home/aurora/RM25/install/nav2_bringup' in the environment variable AMENT_PREFIX_PATH doesn't exist
[0.295s] WARNING:colcon.colcon_ros.prefix_path.ament:The path '/home/aurora/RM25/install/navigation2' in the environment variable AMENT_PREFIX_PATH doesn't exist
[0.295s] WARNING:colcon.colcon_ros.prefix_path.ament:The path '/home/aurora/RM25/install/nav2_smoother' in the environment variable AMENT_PREFIX_PATH doesn't exist
[0.295s] WARNING:colcon.colcon_ros.prefix_path.ament:The path '/home/aurora/RM25/install/nav2_graceful_controller' in the environment variable AMENT_PREFIX_PATH doesn't exist
[0.295s] WARNING:colcon.colcon_ros.prefix_path.ament:The path '/home/aurora/RM25/install/nav2_dwb_controller' in the environment variable AMENT_PREFIX_PATH doesn't exist
[0.295s] WARNING:colcon.colcon_ros.prefix_path.ament:The path '/home/aurora/RM25/install/nav2_controller' in the environment variable AMENT_PREFIX_PATH doesn't exist
[0.295s] WARNING:colcon.colcon_ros.prefix_path.ament:The path '/home/aurora/RM25/install/dwb_plugins' in the environment variable AMENT_PREFIX_PATH doesn't exist
[0.295s] WARNING:colcon.colcon_ros.prefix_path.ament:The path '/home/aurora/RM25/install/dwb_critics' in the environment variable AMENT_PREFIX_PATH doesn't exist
[0.295s] WARNING:colcon.colcon_ros.prefix_path.ament:The path '/home/aurora/RM25/install/dwb_core' in the environment variable AMENT_PREFIX_PATH doesn't exist
[0.295s] WARNING:colcon.colcon_ros.prefix_path.ament:The path '/home/aurora/RM25/install/nav_2d_utils' in the environment variable AMENT_PREFIX_PATH doesn't exist
[0.295s] WARNING:colcon.colcon_ros.prefix_path.ament:The path '/home/aurora/RM25/install/dwb_msgs' in the environment variable AMENT_PREFIX_PATH doesn't exist
[0.295s] WARNING:colcon.colcon_ros.prefix_path.ament:The path '/home/aurora/RM25/install/nav_2d_msgs' in the environment variable AMENT_PREFIX_PATH doesn't exist
[0.295s] WARNING:colcon.colcon_ros.prefix_path.ament:The path '/home/aurora/RM25/install/nav2_waypoint_follower' in the environment variable AMENT_PREFIX_PATH doesn't exist
[0.295s] WARNING:colcon.colcon_ros.prefix_path.ament:The path '/home/aurora/RM25/install/nav2_theta_star_planner' in the environment variable AMENT_PREFIX_PATH doesn't exist
[0.295s] WARNING:colcon.colcon_ros.prefix_path.ament:The path '/home/aurora/RM25/install/nav2_smac_planner' in the environment variable AMENT_PREFIX_PATH doesn't exist
[0.295s] WARNING:colcon.colcon_ros.prefix_path.ament:The path '/home/aurora/RM25/install/nav2_rotation_shim_controller' in the environment variable AMENT_PREFIX_PATH doesn't exist
[0.295s] WARNING:colcon.colcon_ros.prefix_path.ament:The path '/home/aurora/RM25/install/nav2_regulated_pure_pursuit_controller' in the environment variable AMENT_PREFIX_PATH doesn't exist
[0.295s] WARNING:colcon.colcon_ros.prefix_path.ament:The path '/home/aurora/RM25/install/nav2_planner' in the environment variable AMENT_PREFIX_PATH doesn't exist
[0.295s] WARNING:colcon.colcon_ros.prefix_path.ament:The path '/home/aurora/RM25/install/nav2_navfn_planner' in the environment variable AMENT_PREFIX_PATH doesn't exist
[0.295s] WARNING:colcon.colcon_ros.prefix_path.ament:The path '/home/aurora/RM25/install/nav2_mppi_controller' in the environment variable AMENT_PREFIX_PATH doesn't exist
[0.296s] WARNING:colcon.colcon_ros.prefix_path.ament:The path '/home/aurora/RM25/install/nav2_constrained_smoother' in the environment variable AMENT_PREFIX_PATH doesn't exist
[0.296s] WARNING:colcon.colcon_ros.prefix_path.ament:The path '/home/aurora/RM25/install/nav2_bt_navigator' in the environment variable AMENT_PREFIX_PATH doesn't exist
[0.296s] WARNING:colcon.colcon_ros.prefix_path.ament:The path '/home/aurora/RM25/install/nav2_behaviors' in the environment variable AMENT_PREFIX_PATH doesn't exist
[0.296s] WARNING:colcon.colcon_ros.prefix_path.ament:The path '/home/aurora/RM25/install/nav2_core' in the environment variable AMENT_PREFIX_PATH doesn't exist
[0.296s] WARNING:colcon.colcon_ros.prefix_path.ament:The path '/home/aurora/RM25/install/nav2_collision_monitor' in the environment variable AMENT_PREFIX_PATH doesn't exist
[0.296s] WARNING:colcon.colcon_ros.prefix_path.ament:The path '/home/aurora/RM25/install/costmap_queue' in the environment variable AMENT_PREFIX_PATH doesn't exist
[0.296s] WARNING:colcon.colcon_ros.prefix_path.ament:The path '/home/aurora/RM25/install/nav2_costmap_2d' in the environment variable AMENT_PREFIX_PATH doesn't exist
[0.296s] WARNING:colcon.colcon_ros.prefix_path.ament:The path '/home/aurora/RM25/install/nav2_voxel_grid' in the environment variable AMENT_PREFIX_PATH doesn't exist
[0.296s] WARNING:colcon.colcon_ros.prefix_path.ament:The path '/home/aurora/RM25/install/nav2_velocity_smoother' in the environment variable AMENT_PREFIX_PATH doesn't exist
[0.296s] WARNING:colcon.colcon_ros.prefix_path.ament:The path '/home/aurora/RM25/install/nav2_rviz_plugins' in the environment variable AMENT_PREFIX_PATH doesn't exist
[0.296s] WARNING:colcon.colcon_ros.prefix_path.ament:The path '/home/aurora/RM25/install/nav2_map_server' in the environment variable AMENT_PREFIX_PATH doesn't exist
[0.296s] WARNING:colcon.colcon_ros.prefix_path.ament:The path '/home/aurora/RM25/install/nav2_lifecycle_manager' in the environment variable AMENT_PREFIX_PATH doesn't exist
[0.296s] WARNING:colcon.colcon_ros.prefix_path.ament:The path '/home/aurora/RM25/install/nav2_behavior_tree' in the environment variable AMENT_PREFIX_PATH doesn't exist
[0.296s] WARNING:colcon.colcon_ros.prefix_path.ament:The path '/home/aurora/RM25/install/nav2_amcl' in the environment variable AMENT_PREFIX_PATH doesn't exist
[0.296s] WARNING:colcon.colcon_ros.prefix_path.ament:The path '/home/aurora/RM25/install/nav2_util' in the environment variable AMENT_PREFIX_PATH doesn't exist
[0.296s] WARNING:colcon.colcon_ros.prefix_path.ament:The path '/home/aurora/RM25/install/nav2_simple_commander' in the environment variable AMENT_PREFIX_PATH doesn't exist
[0.296s] WARNING:colcon.colcon_ros.prefix_path.ament:The path '/home/aurora/RM25/install/nav2_msgs' in the environment variable AMENT_PREFIX_PATH doesn't exist
[0.296s] WARNING:colcon.colcon_ros.prefix_path.ament:The path '/home/aurora/RM25/install/nav2_loopback_sim' in the environment variable AMENT_PREFIX_PATH doesn't exist
[0.296s] WARNING:colcon.colcon_ros.prefix_path.ament:The path '/home/aurora/RM25/install/nav2_common' in the environment variable AMENT_PREFIX_PATH doesn't exist
[0.296s] WARNING:colcon.colcon_ros.prefix_path.catkin:The path '/home/aurora/RM25/install/rm_robot_description' in the environment variable CMAKE_PREFIX_PATH doesn't exist
[0.297s] WARNING:colcon.colcon_ros.prefix_path.catkin:The path '/home/aurora/RM25/install/opennav_docking_core' in the environment variable CMAKE_PREFIX_PATH doesn't exist
[0.297s] WARNING:colcon.colcon_ros.prefix_path.catkin:The path '/home/aurora/RM25/install/nav2_system_tests' in the environment variable CMAKE_PREFIX_PATH doesn't exist
[0.297s] WARNING:colcon.colcon_ros.prefix_path.catkin:The path '/home/aurora/RM25/install/nav2_bringup' in the environment variable CMAKE_PREFIX_PATH doesn't exist
[0.297s] WARNING:colcon.colcon_ros.prefix_path.catkin:The path '/home/aurora/RM25/install/navigation2' in the environment variable CMAKE_PREFIX_PATH doesn't exist
[0.297s] WARNING:colcon.colcon_ros.prefix_path.catkin:The path '/home/aurora/RM25/install/nav2_smoother' in the environment variable CMAKE_PREFIX_PATH doesn't exist
[0.297s] WARNING:colcon.colcon_ros.prefix_path.catkin:The path '/home/aurora/RM25/install/nav2_graceful_controller' in the environment variable CMAKE_PREFIX_PATH doesn't exist
[0.297s] WARNING:colcon.colcon_ros.prefix_path.catkin:The path '/home/aurora/RM25/install/nav2_dwb_controller' in the environment variable CMAKE_PREFIX_PATH doesn't exist
[0.297s] WARNING:colcon.colcon_ros.prefix_path.catkin:The path '/home/aurora/RM25/install/nav2_controller' in the environment variable CMAKE_PREFIX_PATH doesn't exist
[0.297s] WARNING:colcon.colcon_ros.prefix_path.catkin:The path '/home/aurora/RM25/install/dwb_plugins' in the environment variable CMAKE_PREFIX_PATH doesn't exist
[0.297s] WARNING:colcon.colcon_ros.prefix_path.catkin:The path '/home/aurora/RM25/install/dwb_critics' in the environment variable CMAKE_PREFIX_PATH doesn't exist
[0.297s] WARNING:colcon.colcon_ros.prefix_path.catkin:The path '/home/aurora/RM25/install/dwb_core' in the environment variable CMAKE_PREFIX_PATH doesn't exist
[0.297s] WARNING:colcon.colcon_ros.prefix_path.catkin:The path '/home/aurora/RM25/install/nav_2d_utils' in the environment variable CMAKE_PREFIX_PATH doesn't exist
[0.297s] WARNING:colcon.colcon_ros.prefix_path.catkin:The path '/home/aurora/RM25/install/dwb_msgs' in the environment variable CMAKE_PREFIX_PATH doesn't exist
[0.297s] WARNING:colcon.colcon_ros.prefix_path.catkin:The path '/home/aurora/RM25/install/nav_2d_msgs' in the environment variable CMAKE_PREFIX_PATH doesn't exist
[0.297s] WARNING:colcon.colcon_ros.prefix_path.catkin:The path '/home/aurora/RM25/install/nav2_waypoint_follower' in the environment variable CMAKE_PREFIX_PATH doesn't exist
[0.297s] WARNING:colcon.colcon_ros.prefix_path.catkin:The path '/home/aurora/RM25/install/nav2_theta_star_planner' in the environment variable CMAKE_PREFIX_PATH doesn't exist
[0.297s] WARNING:colcon.colcon_ros.prefix_path.catkin:The path '/home/aurora/RM25/install/nav2_smac_planner' in the environment variable CMAKE_PREFIX_PATH doesn't exist
[0.297s] WARNING:colcon.colcon_ros.prefix_path.catkin:The path '/home/aurora/RM25/install/nav2_rotation_shim_controller' in the environment variable CMAKE_PREFIX_PATH doesn't exist
[0.297s] WARNING:colcon.colcon_ros.prefix_path.catkin:The path '/home/aurora/RM25/install/nav2_regulated_pure_pursuit_controller' in the environment variable CMAKE_PREFIX_PATH doesn't exist
[0.297s] WARNING:colcon.colcon_ros.prefix_path.catkin:The path '/home/aurora/RM25/install/nav2_planner' in the environment variable CMAKE_PREFIX_PATH doesn't exist
[0.297s] WARNING:colcon.colcon_ros.prefix_path.catkin:The path '/home/aurora/RM25/install/nav2_navfn_planner' in the environment variable CMAKE_PREFIX_PATH doesn't exist
[0.297s] WARNING:colcon.colcon_ros.prefix_path.catkin:The path '/home/aurora/RM25/install/nav2_mppi_controller' in the environment variable CMAKE_PREFIX_PATH doesn't exist
[0.297s] WARNING:colcon.colcon_ros.prefix_path.catkin:The path '/home/aurora/RM25/install/nav2_constrained_smoother' in the environment variable CMAKE_PREFIX_PATH doesn't exist
[0.297s] WARNING:colcon.colcon_ros.prefix_path.catkin:The path '/home/aurora/RM25/install/nav2_bt_navigator' in the environment variable CMAKE_PREFIX_PATH doesn't exist
[0.297s] WARNING:colcon.colcon_ros.prefix_path.catkin:The path '/home/aurora/RM25/install/nav2_behaviors' in the environment variable CMAKE_PREFIX_PATH doesn't exist
[0.297s] WARNING:colcon.colcon_ros.prefix_path.catkin:The path '/home/aurora/RM25/install/nav2_core' in the environment variable CMAKE_PREFIX_PATH doesn't exist
[0.297s] WARNING:colcon.colcon_ros.prefix_path.catkin:The path '/home/aurora/RM25/install/nav2_collision_monitor' in the environment variable CMAKE_PREFIX_PATH doesn't exist
[0.297s] WARNING:colcon.colcon_ros.prefix_path.catkin:The path '/home/aurora/RM25/install/costmap_queue' in the environment variable CMAKE_PREFIX_PATH doesn't exist
[0.297s] WARNING:colcon.colcon_ros.prefix_path.catkin:The path '/home/aurora/RM25/install/nav2_costmap_2d' in the environment variable CMAKE_PREFIX_PATH doesn't exist
[0.297s] WARNING:colcon.colcon_ros.prefix_path.catkin:The path '/home/aurora/RM25/install/nav2_voxel_grid' in the environment variable CMAKE_PREFIX_PATH doesn't exist
[0.297s] WARNING:colcon.colcon_ros.prefix_path.catkin:The path '/home/aurora/RM25/install/nav2_velocity_smoother' in the environment variable CMAKE_PREFIX_PATH doesn't exist
[0.297s] WARNING:colcon.colcon_ros.prefix_path.catkin:The path '/home/aurora/RM25/install/nav2_rviz_plugins' in the environment variable CMAKE_PREFIX_PATH doesn't exist
[0.297s] WARNING:colcon.colcon_ros.prefix_path.catkin:The path '/home/aurora/RM25/install/nav2_map_server' in the environment variable CMAKE_PREFIX_PATH doesn't exist
[0.297s] WARNING:colcon.colcon_ros.prefix_path.catkin:The path '/home/aurora/RM25/install/nav2_lifecycle_manager' in the environment variable CMAKE_PREFIX_PATH doesn't exist
[0.297s] WARNING:colcon.colcon_ros.prefix_path.catkin:The path '/home/aurora/RM25/install/nav2_behavior_tree' in the environment variable CMAKE_PREFIX_PATH doesn't exist
[0.297s] WARNING:colcon.colcon_ros.prefix_path.catkin:The path '/home/aurora/RM25/install/nav2_amcl' in the environment variable CMAKE_PREFIX_PATH doesn't exist
[0.298s] WARNING:colcon.colcon_ros.prefix_path.catkin:The path '/home/aurora/RM25/install/nav2_util' in the environment variable CMAKE_PREFIX_PATH doesn't exist
[0.298s] WARNING:colcon.colcon_ros.prefix_path.catkin:The path '/home/aurora/RM25/install/nav2_msgs' in the environment variable CMAKE_PREFIX_PATH doesn't exist
[0.298s] WARNING:colcon.colcon_ros.prefix_path.catkin:The path '/home/aurora/RM25/install/nav2_common' in the environment variable CMAKE_PREFIX_PATH doesn't exist
[0.298s] DEBUG:colcon.colcon_installed_package_information.package_discovery:Found 0 installed packages in /home/aurora/RM25/install
[0.298s] DEBUG:colcon.colcon_installed_package_information.package_discovery:Found 0 installed packages in /home/aurora/RM25/src/rm_robot_description/launch/install
[0.298s] DEBUG:colcon.colcon_installed_package_information.package_discovery:Found 3 installed packages in /home/aurora/ws_helloworld/install
[0.299s] DEBUG:colcon.colcon_installed_package_information.package_discovery:Found 325 installed packages in /opt/ros/humble
[0.307s] Level 1:colcon.colcon_core.package_discovery:discover_packages(prefix_path) using defaults
[0.328s] Level 5:colcon.colcon_core.verb:set package 'rm_robot_description' build argument 'cmake_args' from command line to 'None'
[0.328s] Level 5:colcon.colcon_core.verb:set package 'rm_robot_description' build argument 'cmake_target' from command line to 'None'
[0.328s] Level 5:colcon.colcon_core.verb:set package 'rm_robot_description' build argument 'cmake_target_skip_unavailable' from command line to 'False'
[0.328s] Level 5:colcon.colcon_core.verb:set package 'rm_robot_description' build argument 'cmake_clean_cache' from command line to 'False'
[0.328s] Level 5:colcon.colcon_core.verb:set package 'rm_robot_description' build argument 'cmake_clean_first' from command line to 'False'
[0.328s] Level 5:colcon.colcon_core.verb:set package 'rm_robot_description' build argument 'cmake_force_configure' from command line to 'False'
[0.329s] Level 5:colcon.colcon_core.verb:set package 'rm_robot_description' build argument 'ament_cmake_args' from command line to 'None'
[0.329s] Level 5:colcon.colcon_core.verb:set package 'rm_robot_description' build argument 'catkin_cmake_args' from command line to 'None'
[0.329s] Level 5:colcon.colcon_core.verb:set package 'rm_robot_description' build argument 'catkin_skip_building_tests' from command line to 'False'
[0.329s] DEBUG:colcon.colcon_core.verb:Building package 'rm_robot_description' with the following arguments: {'ament_cmake_args': None, 'build_base': '/home/aurora/RM25/build/rm_robot_description', 'catkin_cmake_args': None, 'catkin_skip_building_tests': False, 'cmake_args': None, 'cmake_clean_cache': False, 'cmake_clean_first': False, 'cmake_force_configure': False, 'cmake_target': None, 'cmake_target_skip_unavailable': False, 'install_base': '/home/aurora/RM25/install/rm_robot_description', 'merge_install': False, 'path': '/home/aurora/RM25/src/rm_robot_description', 'symlink_install': False, 'test_result_base': None}
[0.329s] INFO:colcon.colcon_core.executor:Executing jobs using 'parallel' executor
[0.329s] DEBUG:colcon.colcon_parallel_executor.executor.parallel:run_until_complete
[0.330s] INFO:colcon.colcon_ros.task.ament_cmake.build:Building ROS package in '/home/aurora/RM25/src/rm_robot_description' with build type 'ament_cmake'
[0.330s] INFO:colcon.colcon_cmake.task.cmake.build:Building CMake package in '/home/aurora/RM25/src/rm_robot_description'
[0.331s] INFO:colcon.colcon_core.plugin_system:Skipping extension 'colcon_core.shell.bat': Not used on non-Windows systems
[0.331s] INFO:colcon.colcon_core.shell:Skip shell extension 'powershell' for command environment: Not usable outside of PowerShell
[0.331s] DEBUG:colcon.colcon_core.shell:Skip shell extension 'dsv' for command environment
[0.339s] DEBUG:colcon.colcon_core.event_handler.log_command:Invoking command in '/home/aurora/RM25/build/rm_robot_description': CMAKE_PREFIX_PATH=${CMAKE_PREFIX_PATH}:/home/aurora/RM25/install/nav2_simple_commander:/home/aurora/RM25/install/nav2_loopback_sim:/home/aurora/ws_helloworld/install/pkg02_helloworld_py:/opt/ros/humble /usr/bin/cmake /home/aurora/RM25/src/rm_robot_description -DCMAKE_INSTALL_PREFIX=/home/aurora/RM25/install/rm_robot_description
[1.864s] DEBUG:colcon.colcon_core.event_handler.log_command:Invoked command in '/home/aurora/RM25/build/rm_robot_description' returned '0': CMAKE_PREFIX_PATH=${CMAKE_PREFIX_PATH}:/home/aurora/RM25/install/nav2_simple_commander:/home/aurora/RM25/install/nav2_loopback_sim:/home/aurora/ws_helloworld/install/pkg02_helloworld_py:/opt/ros/humble /usr/bin/cmake /home/aurora/RM25/src/rm_robot_description -DCMAKE_INSTALL_PREFIX=/home/aurora/RM25/install/rm_robot_description
[1.865s] DEBUG:colcon.colcon_core.event_handler.log_command:Invoking command in '/home/aurora/RM25/build/rm_robot_description': CMAKE_PREFIX_PATH=${CMAKE_PREFIX_PATH}:/home/aurora/RM25/install/nav2_simple_commander:/home/aurora/RM25/install/nav2_loopback_sim:/home/aurora/ws_helloworld/install/pkg02_helloworld_py:/opt/ros/humble /usr/bin/cmake --build /home/aurora/RM25/build/rm_robot_description -- -j20 -l20
[1.884s] DEBUG:colcon.colcon_core.event_handler.log_command:Invoked command in '/home/aurora/RM25/build/rm_robot_description' returned '0': CMAKE_PREFIX_PATH=${CMAKE_PREFIX_PATH}:/home/aurora/RM25/install/nav2_simple_commander:/home/aurora/RM25/install/nav2_loopback_sim:/home/aurora/ws_helloworld/install/pkg02_helloworld_py:/opt/ros/humble /usr/bin/cmake --build /home/aurora/RM25/build/rm_robot_description -- -j20 -l20
[1.905s] DEBUG:colcon.colcon_core.event_handler.log_command:Invoking command in '/home/aurora/RM25/build/rm_robot_description': CMAKE_PREFIX_PATH=${CMAKE_PREFIX_PATH}:/home/aurora/RM25/install/nav2_simple_commander:/home/aurora/RM25/install/nav2_loopback_sim:/home/aurora/ws_helloworld/install/pkg02_helloworld_py:/opt/ros/humble /usr/bin/cmake --install /home/aurora/RM25/build/rm_robot_description
[1.941s] Level 1:colcon.colcon_core.environment:create_environment_scripts_only(rm_robot_description)
[1.941s] DEBUG:colcon.colcon_core.event_handler.log_command:Invoked command in '/home/aurora/RM25/build/rm_robot_description' returned '0': CMAKE_PREFIX_PATH=${CMAKE_PREFIX_PATH}:/home/aurora/RM25/install/nav2_simple_commander:/home/aurora/RM25/install/nav2_loopback_sim:/home/aurora/ws_helloworld/install/pkg02_helloworld_py:/opt/ros/humble /usr/bin/cmake --install /home/aurora/RM25/build/rm_robot_description
[1.942s] Level 1:colcon.colcon_core.environment:checking '/home/aurora/RM25/install/rm_robot_description' for CMake module files
[1.943s] Level 1:colcon.colcon_core.environment:checking '/home/aurora/RM25/install/rm_robot_description' for CMake config files
[1.943s] Level 1:colcon.colcon_core.shell:create_environment_hook('rm_robot_description', 'cmake_prefix_path')
[1.943s] INFO:colcon.colcon_core.shell:Creating environment hook '/home/aurora/RM25/install/rm_robot_description/share/rm_robot_description/hook/cmake_prefix_path.ps1'
[1.943s] INFO:colcon.colcon_core.shell:Creating environment descriptor '/home/aurora/RM25/install/rm_robot_description/share/rm_robot_description/hook/cmake_prefix_path.dsv'
[1.944s] INFO:colcon.colcon_core.shell:Creating environment hook '/home/aurora/RM25/install/rm_robot_description/share/rm_robot_description/hook/cmake_prefix_path.sh'
[1.944s] Level 1:colcon.colcon_core.environment:checking '/home/aurora/RM25/install/rm_robot_description/bin'
[1.944s] Level 1:colcon.colcon_core.environment:checking '/home/aurora/RM25/install/rm_robot_description/lib/pkgconfig/rm_robot_description.pc'
[1.944s] Level 1:colcon.colcon_core.environment:checking '/home/aurora/RM25/install/rm_robot_description/lib/python3.10/site-packages'
[1.944s] Level 1:colcon.colcon_core.environment:checking '/home/aurora/RM25/install/rm_robot_description/bin'
[1.945s] INFO:colcon.colcon_core.shell:Creating package script '/home/aurora/RM25/install/rm_robot_description/share/rm_robot_description/package.ps1'
[1.945s] INFO:colcon.colcon_core.shell:Creating package descriptor '/home/aurora/RM25/install/rm_robot_description/share/rm_robot_description/package.dsv'
[1.945s] INFO:colcon.colcon_core.shell:Creating package script '/home/aurora/RM25/install/rm_robot_description/share/rm_robot_description/package.sh'
[1.946s] INFO:colcon.colcon_core.shell:Creating package script '/home/aurora/RM25/install/rm_robot_description/share/rm_robot_description/package.bash'
[1.946s] INFO:colcon.colcon_core.shell:Creating package script '/home/aurora/RM25/install/rm_robot_description/share/rm_robot_description/package.zsh'
[1.946s] Level 1:colcon.colcon_core.environment:create_file_with_runtime_dependencies(/home/aurora/RM25/install/rm_robot_description/share/colcon-core/packages/rm_robot_description)
[1.961s] Level 1:colcon.colcon_core.environment:create_environment_scripts_only(rm_robot_description)
[1.961s] Level 1:colcon.colcon_core.environment:checking '/home/aurora/RM25/install/rm_robot_description' for CMake module files
[1.961s] Level 1:colcon.colcon_core.environment:checking '/home/aurora/RM25/install/rm_robot_description' for CMake config files
[1.961s] Level 1:colcon.colcon_core.shell:create_environment_hook('rm_robot_description', 'cmake_prefix_path')
[1.962s] INFO:colcon.colcon_core.shell:Creating environment hook '/home/aurora/RM25/install/rm_robot_description/share/rm_robot_description/hook/cmake_prefix_path.ps1'
[1.962s] INFO:colcon.colcon_core.shell:Creating environment descriptor '/home/aurora/RM25/install/rm_robot_description/share/rm_robot_description/hook/cmake_prefix_path.dsv'
[1.962s] INFO:colcon.colcon_core.shell:Creating environment hook '/home/aurora/RM25/install/rm_robot_description/share/rm_robot_description/hook/cmake_prefix_path.sh'
[1.962s] Level 1:colcon.colcon_core.environment:checking '/home/aurora/RM25/install/rm_robot_description/bin'
[1.962s] Level 1:colcon.colcon_core.environment:checking '/home/aurora/RM25/install/rm_robot_description/lib/pkgconfig/rm_robot_description.pc'
[1.963s] Level 1:colcon.colcon_core.environment:checking '/home/aurora/RM25/install/rm_robot_description/lib/python3.10/site-packages'
[1.963s] Level 1:colcon.colcon_core.environment:checking '/home/aurora/RM25/install/rm_robot_description/bin'
[1.963s] INFO:colcon.colcon_core.shell:Creating package script '/home/aurora/RM25/install/rm_robot_description/share/rm_robot_description/package.ps1'
[1.963s] INFO:colcon.colcon_core.shell:Creating package descriptor '/home/aurora/RM25/install/rm_robot_description/share/rm_robot_description/package.dsv'
[1.963s] INFO:colcon.colcon_core.shell:Creating package script '/home/aurora/RM25/install/rm_robot_description/share/rm_robot_description/package.sh'
[1.964s] INFO:colcon.colcon_core.shell:Creating package script '/home/aurora/RM25/install/rm_robot_description/share/rm_robot_description/package.bash'
[1.964s] INFO:colcon.colcon_core.shell:Creating package script '/home/aurora/RM25/install/rm_robot_description/share/rm_robot_description/package.zsh'
[1.964s] Level 1:colcon.colcon_core.environment:create_file_with_runtime_dependencies(/home/aurora/RM25/install/rm_robot_description/share/colcon-core/packages/rm_robot_description)
[1.964s] DEBUG:colcon.colcon_parallel_executor.executor.parallel:closing loop
[1.965s] DEBUG:colcon.colcon_parallel_executor.executor.parallel:loop closed
[1.965s] DEBUG:colcon.colcon_parallel_executor.executor.parallel:run_until_complete finished with '0'
[1.965s] DEBUG:colcon.colcon_core.event_reactor:joining thread
[2.016s] INFO:colcon.colcon_core.plugin_system:Skipping extension 'colcon_notification.desktop_notification.notify_send': Could not find 'notify-send'
[2.017s] INFO:colcon.colcon_core.plugin_system:Skipping extension 'colcon_notification.desktop_notification.terminal_notifier': Not used on non-Darwin systems
[2.017s] INFO:colcon.colcon_core.plugin_system:Skipping extension 'colcon_notification.desktop_notification.win32': Not used on non-Windows systems
[2.017s] INFO:colcon.colcon_notification.desktop_notification:Sending desktop notification using 'notify2'
[2.017s] DEBUG:colcon.colcon_notification.desktop_notification.notify2:Failed to initialize notify2: org.freedesktop.DBus.Error.ServiceUnknown: The name org.freedesktop.Notifications was not provided by any .service files
[2.018s] DEBUG:colcon.colcon_core.event_reactor:joined thread
[2.018s] INFO:colcon.colcon_core.shell:Creating prefix script '/home/aurora/RM25/install/local_setup.ps1'
[2.018s] INFO:colcon.colcon_core.shell:Creating prefix util module '/home/aurora/RM25/install/_local_setup_util_ps1.py'
[2.019s] INFO:colcon.colcon_core.shell:Creating prefix chain script '/home/aurora/RM25/install/setup.ps1'
[2.020s] INFO:colcon.colcon_core.shell:Creating prefix script '/home/aurora/RM25/install/local_setup.sh'
[2.020s] INFO:colcon.colcon_core.shell:Creating prefix util module '/home/aurora/RM25/install/_local_setup_util_sh.py'
[2.021s] INFO:colcon.colcon_core.shell:Creating prefix chain script '/home/aurora/RM25/install/setup.sh'
[2.021s] INFO:colcon.colcon_core.shell:Creating prefix script '/home/aurora/RM25/install/local_setup.bash'
[2.021s] INFO:colcon.colcon_core.shell:Creating prefix chain script '/home/aurora/RM25/install/setup.bash'
[2.022s] INFO:colcon.colcon_core.shell:Creating prefix script '/home/aurora/RM25/install/local_setup.zsh'
[2.022s] INFO:colcon.colcon_core.shell:Creating prefix chain script '/home/aurora/RM25/install/setup.zsh'
