[0.982s] Invoking command in '/home/aurora/RM25/build/nav2_constrained_smoother': CMAKE_PREFIX_PATH=/home/aurora/RM25/install/nav2_core:/home/aurora/RM25/install/nav2_costmap_2d:/home/aurora/RM25/install/nav2_map_server:/home/aurora/RM25/install/nav2_lifecycle_manager:/home/aurora/RM25/install/nav2_util:/home/aurora/RM25/install/nav2_voxel_grid:/home/aurora/RM25/install/nav2_msgs:/home/aurora/RM25/install/nav2_common:/home/aurora/RM25/install/nav2_constrained_smoother:/home/aurora/RM25/install/rm_robot_description:/home/aurora/RM25/install/opennav_docking_core:/home/aurora/RM25/install/nav_2d_utils:/home/aurora/RM25/install/dwb_msgs:/home/aurora/RM25/install/nav_2d_msgs:/home/aurora/RM25/install/costmap_queue:/home/aurora/RM25/install/nav2_velocity_smoother:/home/aurora/RM25/install/nav2_rviz_plugins:/home/aurora/RM25/install/nav2_behavior_tree:/home/aurora/RM25/install/nav2_amcl:/home/aurora/ws_helloworld/install/pkg01_helloworld_cpp:/home/aurora/ws_helloworld/install/learning_tf2_cpp:/home/aurora/RM25/install/nav2_simple_commander:/home/aurora/RM25/install/nav2_loopback_sim:/home/aurora/ws_helloworld/install/pkg02_helloworld_py:/opt/ros/humble LD_LIBRARY_PATH=/home/aurora/RM25/install/nav2_costmap_2d/lib:/home/aurora/RM25/install/nav2_map_server/lib:/home/aurora/RM25/install/nav2_lifecycle_manager/lib:/home/aurora/RM25/install/nav2_util/lib:/home/aurora/RM25/install/nav2_voxel_grid/lib:/home/aurora/RM25/install/nav2_msgs/lib:/home/aurora/RM25/install/nav2_constrained_smoother/lib:/home/aurora/RM25/install/nav_2d_utils/lib:/home/aurora/RM25/install/dwb_msgs/lib:/home/aurora/RM25/install/nav_2d_msgs/lib:/home/aurora/RM25/install/costmap_queue/lib:/home/aurora/RM25/install/nav2_velocity_smoother/lib:/home/aurora/RM25/install/nav2_rviz_plugins/lib:/home/aurora/RM25/install/nav2_behavior_tree/lib:/home/aurora/RM25/install/nav2_amcl/lib:/usr/lib/x86_64-linux-gnu/gazebo-11/plugins:/opt/ros/humble/opt/rviz_ogre_vendor/lib:/opt/ros/humble/lib/x86_64-linux-gnu:/opt/ros/humble/lib /usr/bin/cmake --build /home/aurora/RM25/build/nav2_constrained_smoother -- -j20 -l20
[1.015s] -- Found ament_cmake: 1.3.10 (/opt/ros/humble/share/ament_cmake/cmake)
[1.150s] -- Override CMake install command with custom implementation using symlinks instead of copying resources
[1.181s] -- Found nav2_core: 1.1.17 (/home/aurora/RM25/install/nav2_core/share/nav2_core/cmake)
[1.413s] -- Found rosidl_generator_c: 3.1.5 (/opt/ros/humble/share/rosidl_generator_c/cmake)
[1.414s] -- Found rosidl_adapter: 3.1.5 (/opt/ros/humble/share/rosidl_adapter/cmake)
[1.418s] -- Found rosidl_generator_cpp: 3.1.5 (/opt/ros/humble/share/rosidl_generator_cpp/cmake)
[1.424s] -- Using all available rosidl_typesupport_c: rosidl_typesupport_fastrtps_c;rosidl_typesupport_introspection_c
[1.436s] -- Using all available rosidl_typesupport_cpp: rosidl_typesupport_fastrtps_cpp;rosidl_typesupport_introspection_cpp
[1.454s] -- Found rmw_implementation_cmake: 6.1.2 (/opt/ros/humble/share/rmw_implementation_cmake/cmake)
[1.456s] -- Found rmw_fastrtps_cpp: 6.2.7 (/opt/ros/humble/share/rmw_fastrtps_cpp/cmake)
[10.919s] -- Using RMW implementation 'rmw_fastrtps_cpp' as default
[11.074s] -- Ensuring Eigen3 include directory is part of orocos-kdl CMake target
[14.234s] -- Found nav2_common: 1.1.16 (/opt/ros/humble/share/nav2_common/cmake)
[14.239s] -- Found required Ceres dependency: Eigen version 3.4.0 in /usr/include/eigen3
[14.243s] -- Found required Ceres dependency: glog
[14.244s] -- Found required Ceres dependency: gflags
[14.245s] -- Found Ceres version: 2.0.0 installed in: /usr with components: [EigenSparse, SparseLinearAlgebraLibrary, LAPACK, SuiteSparse, CXSparse, SchurSpecializations, Multithreading]
[14.358s] -- Found ament_lint_auto: 0.12.11 (/opt/ros/humble/share/ament_lint_auto/cmake)
[14.443s] -- Found gtest sources under '/opt/ros/humble/src/gtest_vendor': C++ tests using 'Google Test' will be built
[14.622s] -- Added test 'cppcheck' to perform static code analysis on C / C++ code
[14.622s] -- Configured cppcheck include dirs: /home/aurora/RM25/src/rm_navigation2/nav2_constrained_smoother/include
[14.622s] -- Configured cppcheck exclude dirs and/or files: 
[14.623s] -- Added test 'cpplint' to check C / C++ code against the Google style
[14.623s] -- Configured cpplint exclude dirs and/or files: 
[14.623s] -- Added test 'lint_cmake' to check CMake code style
[14.624s] -- Added test 'uncrustify' to check C / C++ code style
[14.624s] -- Configured uncrustify additional arguments: 
[14.624s] -- Added test 'xmllint' to check XML markup files
[14.629s] -- Configuring done
[14.792s] -- Generating done
[14.795s] -- Build files have been written to: /home/aurora/RM25/build/nav2_constrained_smoother
[14.831s] [35m[1mConsolidate compiler generated dependencies of target gtest_main[0m
[14.832s] [35m[1mConsolidate compiler generated dependencies of target nav2_constrained_smoother[0m
[14.834s] [35m[1mConsolidate compiler generated dependencies of target gtest[0m
[14.848s] [ 20%] Built target gtest_main
[14.851s] [ 40%] Built target gtest
[14.859s] [ 50%] [32m[1mLinking CXX shared library libnav2_constrained_smoother.so[0m
[15.431s] [ 60%] Built target nav2_constrained_smoother
[15.442s] [35m[1mConsolidate compiler generated dependencies of target test_smoother_cost_function[0m
[15.447s] [35m[1mConsolidate compiler generated dependencies of target test_constrained_smoother[0m
[15.462s] [ 70%] [32m[1mLinking CXX executable test_smoother_cost_function[0m
[15.472s] [ 80%] [32m[1mLinking CXX executable test_constrained_smoother[0m
[16.065s] [ 90%] Built target test_smoother_cost_function
[16.202s] [100%] Built target test_constrained_smoother
[16.215s] Invoked command in '/home/aurora/RM25/build/nav2_constrained_smoother' returned '0': CMAKE_PREFIX_PATH=/home/aurora/RM25/install/nav2_core:/home/aurora/RM25/install/nav2_costmap_2d:/home/aurora/RM25/install/nav2_map_server:/home/aurora/RM25/install/nav2_lifecycle_manager:/home/aurora/RM25/install/nav2_util:/home/aurora/RM25/install/nav2_voxel_grid:/home/aurora/RM25/install/nav2_msgs:/home/aurora/RM25/install/nav2_common:/home/aurora/RM25/install/nav2_constrained_smoother:/home/aurora/RM25/install/rm_robot_description:/home/aurora/RM25/install/opennav_docking_core:/home/aurora/RM25/install/nav_2d_utils:/home/aurora/RM25/install/dwb_msgs:/home/aurora/RM25/install/nav_2d_msgs:/home/aurora/RM25/install/costmap_queue:/home/aurora/RM25/install/nav2_velocity_smoother:/home/aurora/RM25/install/nav2_rviz_plugins:/home/aurora/RM25/install/nav2_behavior_tree:/home/aurora/RM25/install/nav2_amcl:/home/aurora/ws_helloworld/install/pkg01_helloworld_cpp:/home/aurora/ws_helloworld/install/learning_tf2_cpp:/home/aurora/RM25/install/nav2_simple_commander:/home/aurora/RM25/install/nav2_loopback_sim:/home/aurora/ws_helloworld/install/pkg02_helloworld_py:/opt/ros/humble LD_LIBRARY_PATH=/home/aurora/RM25/install/nav2_costmap_2d/lib:/home/aurora/RM25/install/nav2_map_server/lib:/home/aurora/RM25/install/nav2_lifecycle_manager/lib:/home/aurora/RM25/install/nav2_util/lib:/home/aurora/RM25/install/nav2_voxel_grid/lib:/home/aurora/RM25/install/nav2_msgs/lib:/home/aurora/RM25/install/nav2_constrained_smoother/lib:/home/aurora/RM25/install/nav_2d_utils/lib:/home/aurora/RM25/install/dwb_msgs/lib:/home/aurora/RM25/install/nav_2d_msgs/lib:/home/aurora/RM25/install/costmap_queue/lib:/home/aurora/RM25/install/nav2_velocity_smoother/lib:/home/aurora/RM25/install/nav2_rviz_plugins/lib:/home/aurora/RM25/install/nav2_behavior_tree/lib:/home/aurora/RM25/install/nav2_amcl/lib:/usr/lib/x86_64-linux-gnu/gazebo-11/plugins:/opt/ros/humble/opt/rviz_ogre_vendor/lib:/opt/ros/humble/lib/x86_64-linux-gnu:/opt/ros/humble/lib /usr/bin/cmake --build /home/aurora/RM25/build/nav2_constrained_smoother -- -j20 -l20
[16.251s] Invoking command in '/home/aurora/RM25/build/nav2_constrained_smoother': CMAKE_PREFIX_PATH=/home/aurora/RM25/install/nav2_core:/home/aurora/RM25/install/nav2_costmap_2d:/home/aurora/RM25/install/nav2_map_server:/home/aurora/RM25/install/nav2_lifecycle_manager:/home/aurora/RM25/install/nav2_util:/home/aurora/RM25/install/nav2_voxel_grid:/home/aurora/RM25/install/nav2_msgs:/home/aurora/RM25/install/nav2_common:/home/aurora/RM25/install/nav2_constrained_smoother:/home/aurora/RM25/install/rm_robot_description:/home/aurora/RM25/install/opennav_docking_core:/home/aurora/RM25/install/nav_2d_utils:/home/aurora/RM25/install/dwb_msgs:/home/aurora/RM25/install/nav_2d_msgs:/home/aurora/RM25/install/costmap_queue:/home/aurora/RM25/install/nav2_velocity_smoother:/home/aurora/RM25/install/nav2_rviz_plugins:/home/aurora/RM25/install/nav2_behavior_tree:/home/aurora/RM25/install/nav2_amcl:/home/aurora/ws_helloworld/install/pkg01_helloworld_cpp:/home/aurora/ws_helloworld/install/learning_tf2_cpp:/home/aurora/RM25/install/nav2_simple_commander:/home/aurora/RM25/install/nav2_loopback_sim:/home/aurora/ws_helloworld/install/pkg02_helloworld_py:/opt/ros/humble LD_LIBRARY_PATH=/home/aurora/RM25/install/nav2_costmap_2d/lib:/home/aurora/RM25/install/nav2_map_server/lib:/home/aurora/RM25/install/nav2_lifecycle_manager/lib:/home/aurora/RM25/install/nav2_util/lib:/home/aurora/RM25/install/nav2_voxel_grid/lib:/home/aurora/RM25/install/nav2_msgs/lib:/home/aurora/RM25/install/nav2_constrained_smoother/lib:/home/aurora/RM25/install/nav_2d_utils/lib:/home/aurora/RM25/install/dwb_msgs/lib:/home/aurora/RM25/install/nav_2d_msgs/lib:/home/aurora/RM25/install/costmap_queue/lib:/home/aurora/RM25/install/nav2_velocity_smoother/lib:/home/aurora/RM25/install/nav2_rviz_plugins/lib:/home/aurora/RM25/install/nav2_behavior_tree/lib:/home/aurora/RM25/install/nav2_amcl/lib:/usr/lib/x86_64-linux-gnu/gazebo-11/plugins:/opt/ros/humble/opt/rviz_ogre_vendor/lib:/opt/ros/humble/lib/x86_64-linux-gnu:/opt/ros/humble/lib /usr/bin/cmake --install /home/aurora/RM25/build/nav2_constrained_smoother
[16.255s] -- Install configuration: "Release"
[16.255s] -- Execute custom install script
[16.256s] -- Up-to-date symlink: /home/aurora/RM25/install/nav2_constrained_smoother/lib/libnav2_constrained_smoother.so
[16.257s] -- Up-to-date symlink: /home/aurora/RM25/install/nav2_constrained_smoother/include//nav2_constrained_smoother/constrained_smoother.hpp
[16.257s] -- Up-to-date symlink: /home/aurora/RM25/install/nav2_constrained_smoother/include//nav2_constrained_smoother/options.hpp
[16.258s] -- Up-to-date symlink: /home/aurora/RM25/install/nav2_constrained_smoother/include//nav2_constrained_smoother/smoother.hpp
[16.258s] -- Up-to-date symlink: /home/aurora/RM25/install/nav2_constrained_smoother/include//nav2_constrained_smoother/smoother_cost_function.hpp
[16.258s] -- Up-to-date symlink: /home/aurora/RM25/install/nav2_constrained_smoother/include//nav2_constrained_smoother/utils.hpp
[16.259s] -- Up-to-date symlink: /home/aurora/RM25/install/nav2_constrained_smoother/share/nav2_constrained_smoother/environment/library_path.sh
[16.259s] -- Up-to-date symlink: /home/aurora/RM25/install/nav2_constrained_smoother/share/nav2_constrained_smoother/environment/library_path.dsv
[16.261s] -- Up-to-date symlink: /home/aurora/RM25/install/nav2_constrained_smoother/share/nav2_constrained_smoother//nav2_constrained_smoother.xml
[16.261s] -- Up-to-date symlink: /home/aurora/RM25/install/nav2_constrained_smoother/share/ament_index/resource_index/package_run_dependencies/nav2_constrained_smoother
[16.261s] -- Up-to-date symlink: /home/aurora/RM25/install/nav2_constrained_smoother/share/ament_index/resource_index/parent_prefix_path/nav2_constrained_smoother
[16.262s] -- Up-to-date symlink: /home/aurora/RM25/install/nav2_constrained_smoother/share/nav2_constrained_smoother/environment/ament_prefix_path.sh
[16.263s] -- Up-to-date symlink: /home/aurora/RM25/install/nav2_constrained_smoother/share/nav2_constrained_smoother/environment/ament_prefix_path.dsv
[16.263s] -- Up-to-date symlink: /home/aurora/RM25/install/nav2_constrained_smoother/share/nav2_constrained_smoother/environment/path.sh
[16.263s] -- Up-to-date symlink: /home/aurora/RM25/install/nav2_constrained_smoother/share/nav2_constrained_smoother/environment/path.dsv
[16.263s] -- Up-to-date symlink: /home/aurora/RM25/install/nav2_constrained_smoother/share/nav2_constrained_smoother/local_setup.bash
[16.264s] -- Up-to-date symlink: /home/aurora/RM25/install/nav2_constrained_smoother/share/nav2_constrained_smoother/local_setup.sh
[16.264s] -- Up-to-date symlink: /home/aurora/RM25/install/nav2_constrained_smoother/share/nav2_constrained_smoother/local_setup.zsh
[16.264s] -- Up-to-date symlink: /home/aurora/RM25/install/nav2_constrained_smoother/share/nav2_constrained_smoother/local_setup.dsv
[16.265s] -- Symlinking: /home/aurora/RM25/install/nav2_constrained_smoother/share/nav2_constrained_smoother/package.dsv
[16.273s] -- Up-to-date symlink: /home/aurora/RM25/install/nav2_constrained_smoother/share/ament_index/resource_index/packages/nav2_constrained_smoother
[16.274s] -- Up-to-date symlink: /home/aurora/RM25/install/nav2_constrained_smoother/share/ament_index/resource_index/nav2_core__pluginlib__plugin/nav2_constrained_smoother
[16.275s] -- Up-to-date symlink: /home/aurora/RM25/install/nav2_constrained_smoother/share/nav2_constrained_smoother/cmake/ament_cmake_export_include_directories-extras.cmake
[16.275s] -- Up-to-date symlink: /home/aurora/RM25/install/nav2_constrained_smoother/share/nav2_constrained_smoother/cmake/ament_cmake_export_libraries-extras.cmake
[16.275s] -- Up-to-date symlink: /home/aurora/RM25/install/nav2_constrained_smoother/share/nav2_constrained_smoother/cmake/ament_cmake_export_dependencies-extras.cmake
[16.276s] -- Up-to-date symlink: /home/aurora/RM25/install/nav2_constrained_smoother/share/nav2_constrained_smoother/cmake/nav2_constrained_smootherConfig.cmake
[16.276s] -- Up-to-date symlink: /home/aurora/RM25/install/nav2_constrained_smoother/share/nav2_constrained_smoother/cmake/nav2_constrained_smootherConfig-version.cmake
[16.276s] -- Up-to-date symlink: /home/aurora/RM25/install/nav2_constrained_smoother/share/nav2_constrained_smoother/package.xml
[16.280s] Invoked command in '/home/aurora/RM25/build/nav2_constrained_smoother' returned '0': CMAKE_PREFIX_PATH=/home/aurora/RM25/install/nav2_core:/home/aurora/RM25/install/nav2_costmap_2d:/home/aurora/RM25/install/nav2_map_server:/home/aurora/RM25/install/nav2_lifecycle_manager:/home/aurora/RM25/install/nav2_util:/home/aurora/RM25/install/nav2_voxel_grid:/home/aurora/RM25/install/nav2_msgs:/home/aurora/RM25/install/nav2_common:/home/aurora/RM25/install/nav2_constrained_smoother:/home/aurora/RM25/install/rm_robot_description:/home/aurora/RM25/install/opennav_docking_core:/home/aurora/RM25/install/nav_2d_utils:/home/aurora/RM25/install/dwb_msgs:/home/aurora/RM25/install/nav_2d_msgs:/home/aurora/RM25/install/costmap_queue:/home/aurora/RM25/install/nav2_velocity_smoother:/home/aurora/RM25/install/nav2_rviz_plugins:/home/aurora/RM25/install/nav2_behavior_tree:/home/aurora/RM25/install/nav2_amcl:/home/aurora/ws_helloworld/install/pkg01_helloworld_cpp:/home/aurora/ws_helloworld/install/learning_tf2_cpp:/home/aurora/RM25/install/nav2_simple_commander:/home/aurora/RM25/install/nav2_loopback_sim:/home/aurora/ws_helloworld/install/pkg02_helloworld_py:/opt/ros/humble LD_LIBRARY_PATH=/home/aurora/RM25/install/nav2_costmap_2d/lib:/home/aurora/RM25/install/nav2_map_server/lib:/home/aurora/RM25/install/nav2_lifecycle_manager/lib:/home/aurora/RM25/install/nav2_util/lib:/home/aurora/RM25/install/nav2_voxel_grid/lib:/home/aurora/RM25/install/nav2_msgs/lib:/home/aurora/RM25/install/nav2_constrained_smoother/lib:/home/aurora/RM25/install/nav_2d_utils/lib:/home/aurora/RM25/install/dwb_msgs/lib:/home/aurora/RM25/install/nav_2d_msgs/lib:/home/aurora/RM25/install/costmap_queue/lib:/home/aurora/RM25/install/nav2_velocity_smoother/lib:/home/aurora/RM25/install/nav2_rviz_plugins/lib:/home/aurora/RM25/install/nav2_behavior_tree/lib:/home/aurora/RM25/install/nav2_amcl/lib:/usr/lib/x86_64-linux-gnu/gazebo-11/plugins:/opt/ros/humble/opt/rviz_ogre_vendor/lib:/opt/ros/humble/lib/x86_64-linux-gnu:/opt/ros/humble/lib /usr/bin/cmake --install /home/aurora/RM25/build/nav2_constrained_smoother
