[0.010s] Invoking command in '/home/aurora/RM25/build/rm_robot_description': CMAKE_PREFIX_PATH=/home/aurora/RM25/install/livox_interfaces:/home/aurora/RM25/install/ros2_livox_simulation:/home/aurora/RM25/install/rm_robot_description_sim:/home/aurora/RM25/install/rm_robot_description:/home/aurora/RM25/install/fast_lio:/home/aurora/RM25/install/livox_ros_driver2:/home/aurora/ros_ws/install/rmul24_gazebo_simulator:/home/aurora/ros_ws/install/rmoss_gz_cam:/home/aurora/ros_ws/install/rmoss_core:/home/aurora/ros_ws/install/rmoss_cam:/home/aurora/ros_ws/install/rmoss_util:/home/aurora/ros_ws/install/rmoss_projectile_motion:/home/aurora/ros_ws/install/rmoss_gz_bridge:/home/aurora/ros_ws/install/rmoss_gz_base:/home/aurora/ros_ws/install/rmoss_base:/home/aurora/ros_ws/install/rmoss_interfaces:/home/aurora/ros_ws/install/rmoss_gz_resources:/home/aurora/ros_ws/install/rmoss_gz_plugins:/home/aurora/RM25_aim/install/rm_vision_bringup:/home/aurora/RM25_aim/install/rm_serial_driver:/home/aurora/RM25_aim/install/rm_gimbal_description:/home/aurora/RM25_aim/install/hik_camera:/home/aurora/RM25_aim/install/armor_tracker:/home/aurora/RM25_aim/install/armor_detector:/home/aurora/RM25_aim/install/auto_aim_interfaces:/home/aurora/RM25/src/install/ros2_livox_simulation:/home/aurora/RM25/src/install/rm_robot_description_sim:/home/aurora/RM25/src/install/rm_robot_description:/home/aurora/RM25/src/install/livox_ros_driver2:/home/aurora/ros_ws/install/sdformat_tools:/opt/ros/humble LD_LIBRARY_PATH=/home/aurora/RM25/install/livox_interfaces/lib:/home/aurora/RM25/install/ros2_livox_simulation/lib:/home/aurora/RM25/install/livox_sdk2/lib:/home/aurora/RM25/install/fast_lio/lib:/home/aurora/RM25/install/livox_ros_driver2/lib:/home/aurora/ros_ws/install/rmoss_gz_cam/lib:/home/aurora/ros_ws/install/rmoss_cam/lib:/home/aurora/ros_ws/install/rmoss_util/lib:/home/aurora/ros_ws/install/rmoss_projectile_motion/lib:/home/aurora/ros_ws/install/rmoss_gz_base/lib:/home/aurora/ros_ws/install/rmoss_base/lib:/home/aurora/ros_ws/install/rmoss_interfaces/lib:/home/aurora/RM25_aim/install/rm_serial_driver/lib:/home/aurora/RM25_aim/install/hik_camera/lib:/home/aurora/RM25_aim/install/armor_tracker/lib:/home/aurora/RM25_aim/install/armor_detector/lib:/home/aurora/RM25_aim/install/auto_aim_interfaces/lib:/home/aurora/RM25/src/install/ros2_livox_simulation/lib:/home/aurora/RM25/src/install/livox_sdk2/lib:/home/aurora/RM25/src/install/livox_ros_driver2/lib:/usr/lib/x86_64-linux-gnu/gazebo-11/plugins:/opt/ros/humble/opt/rviz_ogre_vendor/lib:/opt/ros/humble/lib/x86_64-linux-gnu:/opt/ros/humble/lib /usr/bin/cmake /home/aurora/RM25/src/rm_robot_description -DCMAKE_INSTALL_PREFIX=/home/aurora/RM25/install/rm_robot_description
[0.019s] -- Found ament_cmake_auto: 1.3.10 (/opt/ros/humble/share/ament_cmake_auto/cmake)
[0.105s] -- Override CMake install command with custom implementation using symlinks instead of copying resources
[0.161s] -- Found rosidl_generator_c: 3.1.5 (/opt/ros/humble/share/rosidl_generator_c/cmake)
[0.163s] -- Found rosidl_adapter: 3.1.5 (/opt/ros/humble/share/rosidl_adapter/cmake)
[0.166s] -- Found rosidl_generator_cpp: 3.1.5 (/opt/ros/humble/share/rosidl_generator_cpp/cmake)
[0.172s] -- Using all available rosidl_typesupport_c: rosidl_typesupport_fastrtps_c;rosidl_typesupport_introspection_c
[0.179s] -- Using all available rosidl_typesupport_cpp: rosidl_typesupport_fastrtps_cpp;rosidl_typesupport_introspection_cpp
[0.199s] -- Found ament_lint_auto: 0.12.11 (/opt/ros/humble/share/ament_lint_auto/cmake)
[0.203s] -- Configuring done
[0.204s] -- Generating done
[0.205s] -- Build files have been written to: /home/aurora/RM25/build/rm_robot_description
[0.208s] Invoked command in '/home/aurora/RM25/build/rm_robot_description' returned '0': CMAKE_PREFIX_PATH=/home/aurora/RM25/install/livox_interfaces:/home/aurora/RM25/install/ros2_livox_simulation:/home/aurora/RM25/install/rm_robot_description_sim:/home/aurora/RM25/install/rm_robot_description:/home/aurora/RM25/install/fast_lio:/home/aurora/RM25/install/livox_ros_driver2:/home/aurora/ros_ws/install/rmul24_gazebo_simulator:/home/aurora/ros_ws/install/rmoss_gz_cam:/home/aurora/ros_ws/install/rmoss_core:/home/aurora/ros_ws/install/rmoss_cam:/home/aurora/ros_ws/install/rmoss_util:/home/aurora/ros_ws/install/rmoss_projectile_motion:/home/aurora/ros_ws/install/rmoss_gz_bridge:/home/aurora/ros_ws/install/rmoss_gz_base:/home/aurora/ros_ws/install/rmoss_base:/home/aurora/ros_ws/install/rmoss_interfaces:/home/aurora/ros_ws/install/rmoss_gz_resources:/home/aurora/ros_ws/install/rmoss_gz_plugins:/home/aurora/RM25_aim/install/rm_vision_bringup:/home/aurora/RM25_aim/install/rm_serial_driver:/home/aurora/RM25_aim/install/rm_gimbal_description:/home/aurora/RM25_aim/install/hik_camera:/home/aurora/RM25_aim/install/armor_tracker:/home/aurora/RM25_aim/install/armor_detector:/home/aurora/RM25_aim/install/auto_aim_interfaces:/home/aurora/RM25/src/install/ros2_livox_simulation:/home/aurora/RM25/src/install/rm_robot_description_sim:/home/aurora/RM25/src/install/rm_robot_description:/home/aurora/RM25/src/install/livox_ros_driver2:/home/aurora/ros_ws/install/sdformat_tools:/opt/ros/humble LD_LIBRARY_PATH=/home/aurora/RM25/install/livox_interfaces/lib:/home/aurora/RM25/install/ros2_livox_simulation/lib:/home/aurora/RM25/install/livox_sdk2/lib:/home/aurora/RM25/install/fast_lio/lib:/home/aurora/RM25/install/livox_ros_driver2/lib:/home/aurora/ros_ws/install/rmoss_gz_cam/lib:/home/aurora/ros_ws/install/rmoss_cam/lib:/home/aurora/ros_ws/install/rmoss_util/lib:/home/aurora/ros_ws/install/rmoss_projectile_motion/lib:/home/aurora/ros_ws/install/rmoss_gz_base/lib:/home/aurora/ros_ws/install/rmoss_base/lib:/home/aurora/ros_ws/install/rmoss_interfaces/lib:/home/aurora/RM25_aim/install/rm_serial_driver/lib:/home/aurora/RM25_aim/install/hik_camera/lib:/home/aurora/RM25_aim/install/armor_tracker/lib:/home/aurora/RM25_aim/install/armor_detector/lib:/home/aurora/RM25_aim/install/auto_aim_interfaces/lib:/home/aurora/RM25/src/install/ros2_livox_simulation/lib:/home/aurora/RM25/src/install/livox_sdk2/lib:/home/aurora/RM25/src/install/livox_ros_driver2/lib:/usr/lib/x86_64-linux-gnu/gazebo-11/plugins:/opt/ros/humble/opt/rviz_ogre_vendor/lib:/opt/ros/humble/lib/x86_64-linux-gnu:/opt/ros/humble/lib /usr/bin/cmake /home/aurora/RM25/src/rm_robot_description -DCMAKE_INSTALL_PREFIX=/home/aurora/RM25/install/rm_robot_description
[0.209s] Invoking command in '/home/aurora/RM25/build/rm_robot_description': CMAKE_PREFIX_PATH=/home/aurora/RM25/install/livox_interfaces:/home/aurora/RM25/install/ros2_livox_simulation:/home/aurora/RM25/install/rm_robot_description_sim:/home/aurora/RM25/install/rm_robot_description:/home/aurora/RM25/install/fast_lio:/home/aurora/RM25/install/livox_ros_driver2:/home/aurora/ros_ws/install/rmul24_gazebo_simulator:/home/aurora/ros_ws/install/rmoss_gz_cam:/home/aurora/ros_ws/install/rmoss_core:/home/aurora/ros_ws/install/rmoss_cam:/home/aurora/ros_ws/install/rmoss_util:/home/aurora/ros_ws/install/rmoss_projectile_motion:/home/aurora/ros_ws/install/rmoss_gz_bridge:/home/aurora/ros_ws/install/rmoss_gz_base:/home/aurora/ros_ws/install/rmoss_base:/home/aurora/ros_ws/install/rmoss_interfaces:/home/aurora/ros_ws/install/rmoss_gz_resources:/home/aurora/ros_ws/install/rmoss_gz_plugins:/home/aurora/RM25_aim/install/rm_vision_bringup:/home/aurora/RM25_aim/install/rm_serial_driver:/home/aurora/RM25_aim/install/rm_gimbal_description:/home/aurora/RM25_aim/install/hik_camera:/home/aurora/RM25_aim/install/armor_tracker:/home/aurora/RM25_aim/install/armor_detector:/home/aurora/RM25_aim/install/auto_aim_interfaces:/home/aurora/RM25/src/install/ros2_livox_simulation:/home/aurora/RM25/src/install/rm_robot_description_sim:/home/aurora/RM25/src/install/rm_robot_description:/home/aurora/RM25/src/install/livox_ros_driver2:/home/aurora/ros_ws/install/sdformat_tools:/opt/ros/humble LD_LIBRARY_PATH=/home/aurora/RM25/install/livox_interfaces/lib:/home/aurora/RM25/install/ros2_livox_simulation/lib:/home/aurora/RM25/install/livox_sdk2/lib:/home/aurora/RM25/install/fast_lio/lib:/home/aurora/RM25/install/livox_ros_driver2/lib:/home/aurora/ros_ws/install/rmoss_gz_cam/lib:/home/aurora/ros_ws/install/rmoss_cam/lib:/home/aurora/ros_ws/install/rmoss_util/lib:/home/aurora/ros_ws/install/rmoss_projectile_motion/lib:/home/aurora/ros_ws/install/rmoss_gz_base/lib:/home/aurora/ros_ws/install/rmoss_base/lib:/home/aurora/ros_ws/install/rmoss_interfaces/lib:/home/aurora/RM25_aim/install/rm_serial_driver/lib:/home/aurora/RM25_aim/install/hik_camera/lib:/home/aurora/RM25_aim/install/armor_tracker/lib:/home/aurora/RM25_aim/install/armor_detector/lib:/home/aurora/RM25_aim/install/auto_aim_interfaces/lib:/home/aurora/RM25/src/install/ros2_livox_simulation/lib:/home/aurora/RM25/src/install/livox_sdk2/lib:/home/aurora/RM25/src/install/livox_ros_driver2/lib:/usr/lib/x86_64-linux-gnu/gazebo-11/plugins:/opt/ros/humble/opt/rviz_ogre_vendor/lib:/opt/ros/humble/lib/x86_64-linux-gnu:/opt/ros/humble/lib /usr/bin/cmake --build /home/aurora/RM25/build/rm_robot_description -- -j20 -l20
[0.238s] Invoked command in '/home/aurora/RM25/build/rm_robot_description' returned '0': CMAKE_PREFIX_PATH=/home/aurora/RM25/install/livox_interfaces:/home/aurora/RM25/install/ros2_livox_simulation:/home/aurora/RM25/install/rm_robot_description_sim:/home/aurora/RM25/install/rm_robot_description:/home/aurora/RM25/install/fast_lio:/home/aurora/RM25/install/livox_ros_driver2:/home/aurora/ros_ws/install/rmul24_gazebo_simulator:/home/aurora/ros_ws/install/rmoss_gz_cam:/home/aurora/ros_ws/install/rmoss_core:/home/aurora/ros_ws/install/rmoss_cam:/home/aurora/ros_ws/install/rmoss_util:/home/aurora/ros_ws/install/rmoss_projectile_motion:/home/aurora/ros_ws/install/rmoss_gz_bridge:/home/aurora/ros_ws/install/rmoss_gz_base:/home/aurora/ros_ws/install/rmoss_base:/home/aurora/ros_ws/install/rmoss_interfaces:/home/aurora/ros_ws/install/rmoss_gz_resources:/home/aurora/ros_ws/install/rmoss_gz_plugins:/home/aurora/RM25_aim/install/rm_vision_bringup:/home/aurora/RM25_aim/install/rm_serial_driver:/home/aurora/RM25_aim/install/rm_gimbal_description:/home/aurora/RM25_aim/install/hik_camera:/home/aurora/RM25_aim/install/armor_tracker:/home/aurora/RM25_aim/install/armor_detector:/home/aurora/RM25_aim/install/auto_aim_interfaces:/home/aurora/RM25/src/install/ros2_livox_simulation:/home/aurora/RM25/src/install/rm_robot_description_sim:/home/aurora/RM25/src/install/rm_robot_description:/home/aurora/RM25/src/install/livox_ros_driver2:/home/aurora/ros_ws/install/sdformat_tools:/opt/ros/humble LD_LIBRARY_PATH=/home/aurora/RM25/install/livox_interfaces/lib:/home/aurora/RM25/install/ros2_livox_simulation/lib:/home/aurora/RM25/install/livox_sdk2/lib:/home/aurora/RM25/install/fast_lio/lib:/home/aurora/RM25/install/livox_ros_driver2/lib:/home/aurora/ros_ws/install/rmoss_gz_cam/lib:/home/aurora/ros_ws/install/rmoss_cam/lib:/home/aurora/ros_ws/install/rmoss_util/lib:/home/aurora/ros_ws/install/rmoss_projectile_motion/lib:/home/aurora/ros_ws/install/rmoss_gz_base/lib:/home/aurora/ros_ws/install/rmoss_base/lib:/home/aurora/ros_ws/install/rmoss_interfaces/lib:/home/aurora/RM25_aim/install/rm_serial_driver/lib:/home/aurora/RM25_aim/install/hik_camera/lib:/home/aurora/RM25_aim/install/armor_tracker/lib:/home/aurora/RM25_aim/install/armor_detector/lib:/home/aurora/RM25_aim/install/auto_aim_interfaces/lib:/home/aurora/RM25/src/install/ros2_livox_simulation/lib:/home/aurora/RM25/src/install/livox_sdk2/lib:/home/aurora/RM25/src/install/livox_ros_driver2/lib:/usr/lib/x86_64-linux-gnu/gazebo-11/plugins:/opt/ros/humble/opt/rviz_ogre_vendor/lib:/opt/ros/humble/lib/x86_64-linux-gnu:/opt/ros/humble/lib /usr/bin/cmake --build /home/aurora/RM25/build/rm_robot_description -- -j20 -l20
[0.249s] Invoking command in '/home/aurora/RM25/build/rm_robot_description': CMAKE_PREFIX_PATH=/home/aurora/RM25/install/livox_interfaces:/home/aurora/RM25/install/ros2_livox_simulation:/home/aurora/RM25/install/rm_robot_description_sim:/home/aurora/RM25/install/rm_robot_description:/home/aurora/RM25/install/fast_lio:/home/aurora/RM25/install/livox_ros_driver2:/home/aurora/ros_ws/install/rmul24_gazebo_simulator:/home/aurora/ros_ws/install/rmoss_gz_cam:/home/aurora/ros_ws/install/rmoss_core:/home/aurora/ros_ws/install/rmoss_cam:/home/aurora/ros_ws/install/rmoss_util:/home/aurora/ros_ws/install/rmoss_projectile_motion:/home/aurora/ros_ws/install/rmoss_gz_bridge:/home/aurora/ros_ws/install/rmoss_gz_base:/home/aurora/ros_ws/install/rmoss_base:/home/aurora/ros_ws/install/rmoss_interfaces:/home/aurora/ros_ws/install/rmoss_gz_resources:/home/aurora/ros_ws/install/rmoss_gz_plugins:/home/aurora/RM25_aim/install/rm_vision_bringup:/home/aurora/RM25_aim/install/rm_serial_driver:/home/aurora/RM25_aim/install/rm_gimbal_description:/home/aurora/RM25_aim/install/hik_camera:/home/aurora/RM25_aim/install/armor_tracker:/home/aurora/RM25_aim/install/armor_detector:/home/aurora/RM25_aim/install/auto_aim_interfaces:/home/aurora/RM25/src/install/ros2_livox_simulation:/home/aurora/RM25/src/install/rm_robot_description_sim:/home/aurora/RM25/src/install/rm_robot_description:/home/aurora/RM25/src/install/livox_ros_driver2:/home/aurora/ros_ws/install/sdformat_tools:/opt/ros/humble LD_LIBRARY_PATH=/home/aurora/RM25/install/livox_interfaces/lib:/home/aurora/RM25/install/ros2_livox_simulation/lib:/home/aurora/RM25/install/livox_sdk2/lib:/home/aurora/RM25/install/fast_lio/lib:/home/aurora/RM25/install/livox_ros_driver2/lib:/home/aurora/ros_ws/install/rmoss_gz_cam/lib:/home/aurora/ros_ws/install/rmoss_cam/lib:/home/aurora/ros_ws/install/rmoss_util/lib:/home/aurora/ros_ws/install/rmoss_projectile_motion/lib:/home/aurora/ros_ws/install/rmoss_gz_base/lib:/home/aurora/ros_ws/install/rmoss_base/lib:/home/aurora/ros_ws/install/rmoss_interfaces/lib:/home/aurora/RM25_aim/install/rm_serial_driver/lib:/home/aurora/RM25_aim/install/hik_camera/lib:/home/aurora/RM25_aim/install/armor_tracker/lib:/home/aurora/RM25_aim/install/armor_detector/lib:/home/aurora/RM25_aim/install/auto_aim_interfaces/lib:/home/aurora/RM25/src/install/ros2_livox_simulation/lib:/home/aurora/RM25/src/install/livox_sdk2/lib:/home/aurora/RM25/src/install/livox_ros_driver2/lib:/usr/lib/x86_64-linux-gnu/gazebo-11/plugins:/opt/ros/humble/opt/rviz_ogre_vendor/lib:/opt/ros/humble/lib/x86_64-linux-gnu:/opt/ros/humble/lib /usr/bin/cmake --install /home/aurora/RM25/build/rm_robot_description
[0.255s] -- Install configuration: ""
[0.256s] -- Execute custom install script
[0.256s] -- Up-to-date symlink: /home/aurora/RM25/install/rm_robot_description/share/rm_robot_description/urdf/four_omniwheel_robot.urdf
[0.256s] -- Up-to-date symlink: /home/aurora/RM25/install/rm_robot_description/share/rm_robot_description/urdf/mid360.xacro
[0.256s] -- Up-to-date symlink: /home/aurora/RM25/install/rm_robot_description/share/rm_robot_description/urdf/robot.urdf
[0.256s] -- Up-to-date symlink: /home/aurora/RM25/install/rm_robot_description/share/rm_robot_description/urdf/robot.urdf.xacro
[0.256s] -- Up-to-date symlink: /home/aurora/RM25/install/rm_robot_description/share/rm_robot_description/urdf/sim_robot.urdf
[0.256s] -- Up-to-date symlink: /home/aurora/RM25/install/rm_robot_description/share/rm_robot_description/urdf/simulation.urdf
[0.256s] -- Up-to-date symlink: /home/aurora/RM25/install/rm_robot_description/share/rm_robot_description/urdf/simulation_waking_robot.xacro
[0.256s] -- Up-to-date symlink: /home/aurora/RM25/install/rm_robot_description/share/rm_robot_description/world/25UL/RMUL25.world
[0.256s] -- Up-to-date symlink: /home/aurora/RM25/install/rm_robot_description/share/rm_robot_description/world/25UL/model.config
[0.257s] -- Up-to-date symlink: /home/aurora/RM25/install/rm_robot_description/share/rm_robot_description/world/25UL/model.sdf
[0.257s] -- Up-to-date symlink: /home/aurora/RM25/install/rm_robot_description/share/rm_robot_description/world/RMUC24_world.world
[0.257s] -- Up-to-date symlink: /home/aurora/RM25/install/rm_robot_description/share/rm_robot_description/world/RMUL25.world
[0.257s] -- Up-to-date symlink: /home/aurora/RM25/install/rm_robot_description/share/rm_robot_description/world/my_world.world
[0.257s] -- Up-to-date symlink: /home/aurora/RM25/install/rm_robot_description/share/rm_robot_description/world/rmul/RMUL25.world
[0.257s] -- Up-to-date symlink: /home/aurora/RM25/install/rm_robot_description/share/rm_robot_description/world/rmul/model.config
[0.257s] -- Up-to-date symlink: /home/aurora/RM25/install/rm_robot_description/share/rm_robot_description/world/rmul/model.sdf
[0.257s] -- Up-to-date symlink: /home/aurora/RM25/install/rm_robot_description/share/rm_robot_description/rviz/fastlio.rviz
[0.257s] -- Up-to-date symlink: /home/aurora/RM25/install/rm_robot_description/share/rm_robot_description/rviz/rviz.launch.py
[0.257s] -- Up-to-date symlink: /home/aurora/RM25/install/rm_robot_description/share/rm_robot_description/rviz/rviz2.rviz
[0.257s] -- Up-to-date symlink: /home/aurora/RM25/install/rm_robot_description/share/rm_robot_description/rviz/urdf_config.rviz
[0.257s] [33mCMake Warning (dev) at ament_cmake_symlink_install/ament_cmake_symlink_install.cmake:62 (file):
[0.257s]   Policy CMP0009 is not set: FILE GLOB_RECURSE calls should not follow
[0.257s]   symlinks by default.  Run "cmake --help-policy CMP0009" for policy details.
[0.257s]   Use the cmake_policy command to set the policy and suppress this warning.
[0.257s] Call Stack (most recent call first):
[0.257s]   ament_cmake_symlink_install/ament_cmake_symlink_install.cmake:314 (ament_cmake_symlink_install_directory)
[0.257s]   cmake_install.cmake:46 (include)
[0.257s] This warning is for project developers.  Use -Wno-dev to suppress it.
[0.257s] [0m
[0.257s] -- Up-to-date symlink: /home/aurora/RM25/install/rm_robot_description/share/rm_robot_description/launch/build/.built_by
[0.258s] -- Up-to-date symlink: /home/aurora/RM25/install/rm_robot_description/share/rm_robot_description/launch/build/COLCON_IGNORE
[0.258s] -- Up-to-date symlink: /home/aurora/RM25/install/rm_robot_description/share/rm_robot_description/launch/gazebo_spawn.launch.py
[0.258s] -- Up-to-date symlink: /home/aurora/RM25/install/rm_robot_description/share/rm_robot_description/launch/install/.colcon_install_layout
[0.258s] -- Up-to-date symlink: /home/aurora/RM25/install/rm_robot_description/share/rm_robot_description/launch/install/COLCON_IGNORE
[0.258s] -- Up-to-date symlink: /home/aurora/RM25/install/rm_robot_description/share/rm_robot_description/launch/install/_local_setup_util_ps1.py
[0.258s] -- Up-to-date symlink: /home/aurora/RM25/install/rm_robot_description/share/rm_robot_description/launch/install/_local_setup_util_sh.py
[0.258s] -- Up-to-date symlink: /home/aurora/RM25/install/rm_robot_description/share/rm_robot_description/launch/install/local_setup.bash
[0.258s] -- Up-to-date symlink: /home/aurora/RM25/install/rm_robot_description/share/rm_robot_description/launch/install/local_setup.ps1
[0.258s] -- Up-to-date symlink: /home/aurora/RM25/install/rm_robot_description/share/rm_robot_description/launch/install/local_setup.sh
[0.258s] -- Up-to-date symlink: /home/aurora/RM25/install/rm_robot_description/share/rm_robot_description/launch/install/local_setup.zsh
[0.258s] -- Up-to-date symlink: /home/aurora/RM25/install/rm_robot_description/share/rm_robot_description/launch/install/setup.bash
[0.258s] -- Up-to-date symlink: /home/aurora/RM25/install/rm_robot_description/share/rm_robot_description/launch/install/setup.ps1
[0.258s] -- Up-to-date symlink: /home/aurora/RM25/install/rm_robot_description/share/rm_robot_description/launch/install/setup.sh
[0.258s] -- Up-to-date symlink: /home/aurora/RM25/install/rm_robot_description/share/rm_robot_description/launch/install/setup.zsh
[0.258s] -- Up-to-date symlink: /home/aurora/RM25/install/rm_robot_description/share/rm_robot_description/launch/joint_state_publisher.launch.py
[0.258s] -- Up-to-date symlink: /home/aurora/RM25/install/rm_robot_description/share/rm_robot_description/launch/log/COLCON_IGNORE
[0.258s] -- Up-to-date symlink: /home/aurora/RM25/install/rm_robot_description/share/rm_robot_description/launch/log/build_2024-11-12_20-59-25/events.log
[0.258s] -- Up-to-date symlink: /home/aurora/RM25/install/rm_robot_description/share/rm_robot_description/launch/log/build_2024-11-12_20-59-25/logger_all.log
[0.258s] -- Up-to-date symlink: /home/aurora/RM25/install/rm_robot_description/share/rm_robot_description/launch/log/build_2024-11-14_12-02-55/events.log
[0.258s] -- Up-to-date symlink: /home/aurora/RM25/install/rm_robot_description/share/rm_robot_description/launch/log/build_2024-11-14_12-02-55/logger_all.log
[0.258s] -- Up-to-date symlink: /home/aurora/RM25/install/rm_robot_description/share/rm_robot_description/launch/log/latest/events.log
[0.258s] -- Up-to-date symlink: /home/aurora/RM25/install/rm_robot_description/share/rm_robot_description/launch/log/latest/logger_all.log
[0.258s] -- Up-to-date symlink: /home/aurora/RM25/install/rm_robot_description/share/rm_robot_description/launch/log/latest_build/events.log
[0.258s] -- Up-to-date symlink: /home/aurora/RM25/install/rm_robot_description/share/rm_robot_description/launch/log/latest_build/logger_all.log
[0.258s] -- Up-to-date symlink: /home/aurora/RM25/install/rm_robot_description/share/rm_robot_description/launch/rm_simulation.launch.py
[0.258s] -- Up-to-date symlink: /home/aurora/RM25/install/rm_robot_description/share/rm_robot_description/launch/robot.launch.py
[0.258s] -- Up-to-date symlink: /home/aurora/RM25/install/rm_robot_description/share/rm_robot_description/launch/robot_state_publisher.launch.py
[0.258s] -- Up-to-date symlink: /home/aurora/RM25/install/rm_robot_description/share/rm_robot_description/launch/robotv2.launch.py
[0.258s] -- Up-to-date symlink: /home/aurora/RM25/install/rm_robot_description/share/rm_robot_description/launch/rviz.launch.py
[0.259s] -- Up-to-date symlink: /home/aurora/RM25/install/rm_robot_description/share/rm_robot_description/meshes/RMUC_2024.stl
[0.259s] -- Up-to-date symlink: /home/aurora/RM25/install/rm_robot_description/share/rm_robot_description/meshes/RMUL_2024.stl
[0.259s] -- Up-to-date symlink: /home/aurora/RM25/install/rm_robot_description/share/rm_robot_description/meshes/base_link.STL
[0.259s] -- Up-to-date symlink: /home/aurora/RM25/install/rm_robot_description/share/rm_robot_description/meshes/controller_link.STL
[0.259s] -- Up-to-date symlink: /home/aurora/RM25/install/rm_robot_description/share/rm_robot_description/meshes/display.launch
[0.259s] -- Up-to-date symlink: /home/aurora/RM25/install/rm_robot_description/share/rm_robot_description/meshes/display.launch.py
[0.259s] -- Up-to-date symlink: /home/aurora/RM25/install/rm_robot_description/share/rm_robot_description/meshes/gazebo.launch
[0.259s] -- Up-to-date symlink: /home/aurora/RM25/install/rm_robot_description/share/rm_robot_description/meshes/gazebo.launch.py
[0.259s] -- Up-to-date symlink: /home/aurora/RM25/install/rm_robot_description/share/rm_robot_description/meshes/mid360.stl
[0.259s] -- Up-to-date symlink: /home/aurora/RM25/install/rm_robot_description/share/rm_robot_description/meshes/mid360laser_link.STL
[0.259s] -- Up-to-date symlink: /home/aurora/RM25/install/rm_robot_description/share/rm_robot_description/meshes/obstacles/obstacle1/model.config
[0.259s] -- Up-to-date symlink: /home/aurora/RM25/install/rm_robot_description/share/rm_robot_description/meshes/obstacles/obstacle1/model.sdf
[0.259s] -- Up-to-date symlink: /home/aurora/RM25/install/rm_robot_description/share/rm_robot_description/meshes/obstacles/obstacle10/model.config
[0.259s] -- Up-to-date symlink: /home/aurora/RM25/install/rm_robot_description/share/rm_robot_description/meshes/obstacles/obstacle10/model.sdf
[0.259s] -- Up-to-date symlink: /home/aurora/RM25/install/rm_robot_description/share/rm_robot_description/meshes/obstacles/obstacle11/model.config
[0.259s] -- Up-to-date symlink: /home/aurora/RM25/install/rm_robot_description/share/rm_robot_description/meshes/obstacles/obstacle11/model.sdf
[0.259s] -- Up-to-date symlink: /home/aurora/RM25/install/rm_robot_description/share/rm_robot_description/meshes/obstacles/obstacle12/model.config
[0.260s] -- Up-to-date symlink: /home/aurora/RM25/install/rm_robot_description/share/rm_robot_description/meshes/obstacles/obstacle12/model.sdf
[0.260s] -- Up-to-date symlink: /home/aurora/RM25/install/rm_robot_description/share/rm_robot_description/meshes/obstacles/obstacle2/model.config
[0.260s] -- Up-to-date symlink: /home/aurora/RM25/install/rm_robot_description/share/rm_robot_description/meshes/obstacles/obstacle2/model.sdf
[0.260s] -- Up-to-date symlink: /home/aurora/RM25/install/rm_robot_description/share/rm_robot_description/meshes/obstacles/obstacle3/model.config
[0.260s] -- Up-to-date symlink: /home/aurora/RM25/install/rm_robot_description/share/rm_robot_description/meshes/obstacles/obstacle3/model.sdf
[0.260s] -- Up-to-date symlink: /home/aurora/RM25/install/rm_robot_description/share/rm_robot_description/meshes/obstacles/obstacle4/model.config
[0.260s] -- Up-to-date symlink: /home/aurora/RM25/install/rm_robot_description/share/rm_robot_description/meshes/obstacles/obstacle4/model.sdf
[0.260s] -- Up-to-date symlink: /home/aurora/RM25/install/rm_robot_description/share/rm_robot_description/meshes/obstacles/obstacle5/model.config
[0.260s] -- Up-to-date symlink: /home/aurora/RM25/install/rm_robot_description/share/rm_robot_description/meshes/obstacles/obstacle5/model.sdf
[0.260s] -- Up-to-date symlink: /home/aurora/RM25/install/rm_robot_description/share/rm_robot_description/meshes/obstacles/obstacle6/model.config
[0.260s] -- Up-to-date symlink: /home/aurora/RM25/install/rm_robot_description/share/rm_robot_description/meshes/obstacles/obstacle6/model.sdf
[0.260s] -- Up-to-date symlink: /home/aurora/RM25/install/rm_robot_description/share/rm_robot_description/meshes/obstacles/obstacle7/model.config
[0.260s] -- Up-to-date symlink: /home/aurora/RM25/install/rm_robot_description/share/rm_robot_description/meshes/obstacles/obstacle7/model.sdf
[0.260s] -- Up-to-date symlink: /home/aurora/RM25/install/rm_robot_description/share/rm_robot_description/meshes/obstacles/obstacle8/model.config
[0.260s] -- Up-to-date symlink: /home/aurora/RM25/install/rm_robot_description/share/rm_robot_description/meshes/obstacles/obstacle8/model.sdf
[0.260s] -- Up-to-date symlink: /home/aurora/RM25/install/rm_robot_description/share/rm_robot_description/meshes/obstacles/obstacle9/model.config
[0.260s] -- Up-to-date symlink: /home/aurora/RM25/install/rm_robot_description/share/rm_robot_description/meshes/obstacles/obstacle9/model.sdf
[0.260s] -- Up-to-date symlink: /home/aurora/RM25/install/rm_robot_description/share/rm_robot_description/meshes/obstacles/obstacle_plugin/CMakeLists.txt
[0.260s] -- Up-to-date symlink: /home/aurora/RM25/install/rm_robot_description/share/rm_robot_description/meshes/obstacles/obstacle_plugin/lib/libobstacle1.so
[0.260s] -- Up-to-date symlink: /home/aurora/RM25/install/rm_robot_description/share/rm_robot_description/meshes/obstacles/obstacle_plugin/lib/libobstacle10.so
[0.260s] -- Up-to-date symlink: /home/aurora/RM25/install/rm_robot_description/share/rm_robot_description/meshes/obstacles/obstacle_plugin/lib/libobstacle11.so
[0.260s] -- Up-to-date symlink: /home/aurora/RM25/install/rm_robot_description/share/rm_robot_description/meshes/obstacles/obstacle_plugin/lib/libobstacle12.so
[0.260s] -- Up-to-date symlink: /home/aurora/RM25/install/rm_robot_description/share/rm_robot_description/meshes/obstacles/obstacle_plugin/lib/libobstacle2.so
[0.260s] -- Up-to-date symlink: /home/aurora/RM25/install/rm_robot_description/share/rm_robot_description/meshes/obstacles/obstacle_plugin/lib/libobstacle3.so
[0.260s] -- Up-to-date symlink: /home/aurora/RM25/install/rm_robot_description/share/rm_robot_description/meshes/obstacles/obstacle_plugin/lib/libobstacle4.so
[0.261s] -- Up-to-date symlink: /home/aurora/RM25/install/rm_robot_description/share/rm_robot_description/meshes/obstacles/obstacle_plugin/lib/libobstacle5.so
[0.261s] -- Up-to-date symlink: /home/aurora/RM25/install/rm_robot_description/share/rm_robot_description/meshes/obstacles/obstacle_plugin/lib/libobstacle6.so
[0.261s] -- Up-to-date symlink: /home/aurora/RM25/install/rm_robot_description/share/rm_robot_description/meshes/obstacles/obstacle_plugin/lib/libobstacle7.so
[0.261s] -- Up-to-date symlink: /home/aurora/RM25/install/rm_robot_description/share/rm_robot_description/meshes/obstacles/obstacle_plugin/lib/libobstacle8.so
[0.261s] -- Up-to-date symlink: /home/aurora/RM25/install/rm_robot_description/share/rm_robot_description/meshes/obstacles/obstacle_plugin/lib/libobstacle9.so
[0.261s] -- Up-to-date symlink: /home/aurora/RM25/install/rm_robot_description/share/rm_robot_description/meshes/obstacles/obstacle_plugin/lib/libobstacles.so
[0.261s] -- Up-to-date symlink: /home/aurora/RM25/install/rm_robot_description/share/rm_robot_description/meshes/obstacles/obstacle_plugin/obstacle1.cc
[0.261s] -- Up-to-date symlink: /home/aurora/RM25/install/rm_robot_description/share/rm_robot_description/meshes/obstacles/obstacle_plugin/obstacle10.cc
[0.261s] -- Up-to-date symlink: /home/aurora/RM25/install/rm_robot_description/share/rm_robot_description/meshes/obstacles/obstacle_plugin/obstacle11.cc
[0.261s] -- Up-to-date symlink: /home/aurora/RM25/install/rm_robot_description/share/rm_robot_description/meshes/obstacles/obstacle_plugin/obstacle12.cc
[0.261s] -- Up-to-date symlink: /home/aurora/RM25/install/rm_robot_description/share/rm_robot_description/meshes/obstacles/obstacle_plugin/obstacle13.cc
[0.261s] -- Up-to-date symlink: /home/aurora/RM25/install/rm_robot_description/share/rm_robot_description/meshes/obstacles/obstacle_plugin/obstacle2.cc
[0.261s] -- Up-to-date symlink: /home/aurora/RM25/install/rm_robot_description/share/rm_robot_description/meshes/obstacles/obstacle_plugin/obstacle3.cc
[0.261s] -- Up-to-date symlink: /home/aurora/RM25/install/rm_robot_description/share/rm_robot_description/meshes/obstacles/obstacle_plugin/obstacle4.cc
[0.261s] -- Up-to-date symlink: /home/aurora/RM25/install/rm_robot_description/share/rm_robot_description/meshes/obstacles/obstacle_plugin/obstacle5.cc
[0.261s] -- Up-to-date symlink: /home/aurora/RM25/install/rm_robot_description/share/rm_robot_description/meshes/obstacles/obstacle_plugin/obstacle6.cc
[0.261s] -- Up-to-date symlink: /home/aurora/RM25/install/rm_robot_description/share/rm_robot_description/meshes/obstacles/obstacle_plugin/obstacle7.cc
[0.261s] -- Up-to-date symlink: /home/aurora/RM25/install/rm_robot_description/share/rm_robot_description/meshes/obstacles/obstacle_plugin/obstacle8.cc
[0.261s] -- Up-to-date symlink: /home/aurora/RM25/install/rm_robot_description/share/rm_robot_description/meshes/obstacles/obstacle_plugin/obstacle9.cc
[0.261s] -- Up-to-date symlink: /home/aurora/RM25/install/rm_robot_description/share/rm_robot_description/meshes/obstacles/obstacle_plugin/obstacles.cc
[0.261s] -- Up-to-date symlink: /home/aurora/RM25/install/rm_robot_description/share/rm_robot_description/meshes/omniwheel1_link.STL
[0.261s] -- Up-to-date symlink: /home/aurora/RM25/install/rm_robot_description/share/rm_robot_description/meshes/omniwheel2_link.STL
[0.261s] -- Up-to-date symlink: /home/aurora/RM25/install/rm_robot_description/share/rm_robot_description/meshes/omniwheel3_link.STL
[0.261s] -- Up-to-date symlink: /home/aurora/RM25/install/rm_robot_description/share/rm_robot_description/meshes/omniwheel4_link.STL
[0.262s] [33mCMake Warning (dev) at ament_cmake_symlink_install/ament_cmake_symlink_install.cmake:62 (file):
[0.262s]   Policy CMP0009 is not set: FILE GLOB_RECURSE calls should not follow
[0.262s]   symlinks by default.  Run "cmake --help-policy CMP0009" for policy details.
[0.262s]   Use the cmake_policy command to set the policy and suppress this warning.
[0.262s] Call Stack (most recent call first):
[0.262s]   ament_cmake_symlink_install/ament_cmake_symlink_install.cmake:323 (ament_cmake_symlink_install_directory)
[0.262s]   cmake_install.cmake:46 (include)
[0.262s] This warning is for project developers.  Use -Wno-dev to suppress it.
[0.262s] [0m
[0.262s] -- Up-to-date symlink: /home/aurora/RM25/install/rm_robot_description/share/rm_robot_description/launch/build/.built_by
[0.262s] -- Up-to-date symlink: /home/aurora/RM25/install/rm_robot_description/share/rm_robot_description/launch/build/COLCON_IGNORE
[0.262s] -- Up-to-date symlink: /home/aurora/RM25/install/rm_robot_description/share/rm_robot_description/launch/gazebo_spawn.launch.py
[0.262s] -- Up-to-date symlink: /home/aurora/RM25/install/rm_robot_description/share/rm_robot_description/launch/install/.colcon_install_layout
[0.262s] -- Up-to-date symlink: /home/aurora/RM25/install/rm_robot_description/share/rm_robot_description/launch/install/COLCON_IGNORE
[0.262s] -- Up-to-date symlink: /home/aurora/RM25/install/rm_robot_description/share/rm_robot_description/launch/install/_local_setup_util_ps1.py
[0.262s] -- Up-to-date symlink: /home/aurora/RM25/install/rm_robot_description/share/rm_robot_description/launch/install/_local_setup_util_sh.py
[0.262s] -- Up-to-date symlink: /home/aurora/RM25/install/rm_robot_description/share/rm_robot_description/launch/install/local_setup.bash
[0.262s] -- Up-to-date symlink: /home/aurora/RM25/install/rm_robot_description/share/rm_robot_description/launch/install/local_setup.ps1
[0.262s] -- Up-to-date symlink: /home/aurora/RM25/install/rm_robot_description/share/rm_robot_description/launch/install/local_setup.sh
[0.262s] -- Up-to-date symlink: /home/aurora/RM25/install/rm_robot_description/share/rm_robot_description/launch/install/local_setup.zsh
[0.262s] -- Up-to-date symlink: /home/aurora/RM25/install/rm_robot_description/share/rm_robot_description/launch/install/setup.bash
[0.262s] -- Up-to-date symlink: /home/aurora/RM25/install/rm_robot_description/share/rm_robot_description/launch/install/setup.ps1
[0.262s] -- Up-to-date symlink: /home/aurora/RM25/install/rm_robot_description/share/rm_robot_description/launch/install/setup.sh
[0.262s] -- Up-to-date symlink: /home/aurora/RM25/install/rm_robot_description/share/rm_robot_description/launch/install/setup.zsh
[0.262s] -- Up-to-date symlink: /home/aurora/RM25/install/rm_robot_description/share/rm_robot_description/launch/joint_state_publisher.launch.py
[0.262s] -- Up-to-date symlink: /home/aurora/RM25/install/rm_robot_description/share/rm_robot_description/launch/log/COLCON_IGNORE
[0.262s] -- Up-to-date symlink: /home/aurora/RM25/install/rm_robot_description/share/rm_robot_description/launch/log/build_2024-11-12_20-59-25/events.log
[0.263s] -- Up-to-date symlink: /home/aurora/RM25/install/rm_robot_description/share/rm_robot_description/launch/log/build_2024-11-12_20-59-25/logger_all.log
[0.263s] -- Up-to-date symlink: /home/aurora/RM25/install/rm_robot_description/share/rm_robot_description/launch/log/build_2024-11-14_12-02-55/events.log
[0.263s] -- Up-to-date symlink: /home/aurora/RM25/install/rm_robot_description/share/rm_robot_description/launch/log/build_2024-11-14_12-02-55/logger_all.log
[0.263s] -- Up-to-date symlink: /home/aurora/RM25/install/rm_robot_description/share/rm_robot_description/launch/log/latest/events.log
[0.263s] -- Up-to-date symlink: /home/aurora/RM25/install/rm_robot_description/share/rm_robot_description/launch/log/latest/logger_all.log
[0.263s] -- Up-to-date symlink: /home/aurora/RM25/install/rm_robot_description/share/rm_robot_description/launch/log/latest_build/events.log
[0.263s] -- Up-to-date symlink: /home/aurora/RM25/install/rm_robot_description/share/rm_robot_description/launch/log/latest_build/logger_all.log
[0.263s] -- Up-to-date symlink: /home/aurora/RM25/install/rm_robot_description/share/rm_robot_description/launch/rm_simulation.launch.py
[0.263s] -- Up-to-date symlink: /home/aurora/RM25/install/rm_robot_description/share/rm_robot_description/launch/robot.launch.py
[0.263s] -- Up-to-date symlink: /home/aurora/RM25/install/rm_robot_description/share/rm_robot_description/launch/robot_state_publisher.launch.py
[0.263s] -- Up-to-date symlink: /home/aurora/RM25/install/rm_robot_description/share/rm_robot_description/launch/robotv2.launch.py
[0.263s] -- Up-to-date symlink: /home/aurora/RM25/install/rm_robot_description/share/rm_robot_description/launch/rviz.launch.py
[0.264s] -- Up-to-date symlink: /home/aurora/RM25/install/rm_robot_description/share/rm_robot_description/urdf/four_omniwheel_robot.urdf
[0.264s] -- Up-to-date symlink: /home/aurora/RM25/install/rm_robot_description/share/rm_robot_description/urdf/mid360.xacro
[0.264s] -- Up-to-date symlink: /home/aurora/RM25/install/rm_robot_description/share/rm_robot_description/urdf/robot.urdf
[0.264s] -- Up-to-date symlink: /home/aurora/RM25/install/rm_robot_description/share/rm_robot_description/urdf/robot.urdf.xacro
[0.264s] -- Up-to-date symlink: /home/aurora/RM25/install/rm_robot_description/share/rm_robot_description/urdf/sim_robot.urdf
[0.264s] -- Up-to-date symlink: /home/aurora/RM25/install/rm_robot_description/share/rm_robot_description/urdf/simulation.urdf
[0.264s] -- Up-to-date symlink: /home/aurora/RM25/install/rm_robot_description/share/rm_robot_description/urdf/simulation_waking_robot.xacro
[0.264s] -- Up-to-date symlink: /home/aurora/RM25/install/rm_robot_description/share/rm_robot_description/meshes/RMUC_2024.stl
[0.264s] -- Up-to-date symlink: /home/aurora/RM25/install/rm_robot_description/share/rm_robot_description/meshes/RMUL_2024.stl
[0.264s] -- Up-to-date symlink: /home/aurora/RM25/install/rm_robot_description/share/rm_robot_description/meshes/base_link.STL
[0.264s] -- Up-to-date symlink: /home/aurora/RM25/install/rm_robot_description/share/rm_robot_description/meshes/controller_link.STL
[0.264s] -- Up-to-date symlink: /home/aurora/RM25/install/rm_robot_description/share/rm_robot_description/meshes/display.launch
[0.264s] -- Up-to-date symlink: /home/aurora/RM25/install/rm_robot_description/share/rm_robot_description/meshes/display.launch.py
[0.264s] -- Up-to-date symlink: /home/aurora/RM25/install/rm_robot_description/share/rm_robot_description/meshes/gazebo.launch
[0.264s] -- Up-to-date symlink: /home/aurora/RM25/install/rm_robot_description/share/rm_robot_description/meshes/gazebo.launch.py
[0.264s] -- Up-to-date symlink: /home/aurora/RM25/install/rm_robot_description/share/rm_robot_description/meshes/mid360.stl
[0.264s] -- Up-to-date symlink: /home/aurora/RM25/install/rm_robot_description/share/rm_robot_description/meshes/mid360laser_link.STL
[0.264s] -- Up-to-date symlink: /home/aurora/RM25/install/rm_robot_description/share/rm_robot_description/meshes/obstacles/obstacle1/model.config
[0.264s] -- Up-to-date symlink: /home/aurora/RM25/install/rm_robot_description/share/rm_robot_description/meshes/obstacles/obstacle1/model.sdf
[0.264s] -- Up-to-date symlink: /home/aurora/RM25/install/rm_robot_description/share/rm_robot_description/meshes/obstacles/obstacle10/model.config
[0.264s] -- Up-to-date symlink: /home/aurora/RM25/install/rm_robot_description/share/rm_robot_description/meshes/obstacles/obstacle10/model.sdf
[0.264s] -- Up-to-date symlink: /home/aurora/RM25/install/rm_robot_description/share/rm_robot_description/meshes/obstacles/obstacle11/model.config
[0.264s] -- Up-to-date symlink: /home/aurora/RM25/install/rm_robot_description/share/rm_robot_description/meshes/obstacles/obstacle11/model.sdf
[0.265s] -- Up-to-date symlink: /home/aurora/RM25/install/rm_robot_description/share/rm_robot_description/meshes/obstacles/obstacle12/model.config
[0.265s] -- Up-to-date symlink: /home/aurora/RM25/install/rm_robot_description/share/rm_robot_description/meshes/obstacles/obstacle12/model.sdf
[0.265s] -- Up-to-date symlink: /home/aurora/RM25/install/rm_robot_description/share/rm_robot_description/meshes/obstacles/obstacle2/model.config
[0.265s] -- Up-to-date symlink: /home/aurora/RM25/install/rm_robot_description/share/rm_robot_description/meshes/obstacles/obstacle2/model.sdf
[0.265s] -- Up-to-date symlink: /home/aurora/RM25/install/rm_robot_description/share/rm_robot_description/meshes/obstacles/obstacle3/model.config
[0.265s] -- Up-to-date symlink: /home/aurora/RM25/install/rm_robot_description/share/rm_robot_description/meshes/obstacles/obstacle3/model.sdf
[0.265s] -- Up-to-date symlink: /home/aurora/RM25/install/rm_robot_description/share/rm_robot_description/meshes/obstacles/obstacle4/model.config
[0.265s] -- Up-to-date symlink: /home/aurora/RM25/install/rm_robot_description/share/rm_robot_description/meshes/obstacles/obstacle4/model.sdf
[0.265s] -- Up-to-date symlink: /home/aurora/RM25/install/rm_robot_description/share/rm_robot_description/meshes/obstacles/obstacle5/model.config
[0.265s] -- Up-to-date symlink: /home/aurora/RM25/install/rm_robot_description/share/rm_robot_description/meshes/obstacles/obstacle5/model.sdf
[0.265s] -- Up-to-date symlink: /home/aurora/RM25/install/rm_robot_description/share/rm_robot_description/meshes/obstacles/obstacle6/model.config
[0.265s] -- Up-to-date symlink: /home/aurora/RM25/install/rm_robot_description/share/rm_robot_description/meshes/obstacles/obstacle6/model.sdf
[0.265s] -- Up-to-date symlink: /home/aurora/RM25/install/rm_robot_description/share/rm_robot_description/meshes/obstacles/obstacle7/model.config
[0.265s] -- Up-to-date symlink: /home/aurora/RM25/install/rm_robot_description/share/rm_robot_description/meshes/obstacles/obstacle7/model.sdf
[0.265s] -- Up-to-date symlink: /home/aurora/RM25/install/rm_robot_description/share/rm_robot_description/meshes/obstacles/obstacle8/model.config
[0.265s] -- Up-to-date symlink: /home/aurora/RM25/install/rm_robot_description/share/rm_robot_description/meshes/obstacles/obstacle8/model.sdf
[0.265s] -- Up-to-date symlink: /home/aurora/RM25/install/rm_robot_description/share/rm_robot_description/meshes/obstacles/obstacle9/model.config
[0.265s] -- Up-to-date symlink: /home/aurora/RM25/install/rm_robot_description/share/rm_robot_description/meshes/obstacles/obstacle9/model.sdf
[0.265s] -- Up-to-date symlink: /home/aurora/RM25/install/rm_robot_description/share/rm_robot_description/meshes/obstacles/obstacle_plugin/CMakeLists.txt
[0.265s] -- Up-to-date symlink: /home/aurora/RM25/install/rm_robot_description/share/rm_robot_description/meshes/obstacles/obstacle_plugin/lib/libobstacle1.so
[0.265s] -- Up-to-date symlink: /home/aurora/RM25/install/rm_robot_description/share/rm_robot_description/meshes/obstacles/obstacle_plugin/lib/libobstacle10.so
[0.265s] -- Up-to-date symlink: /home/aurora/RM25/install/rm_robot_description/share/rm_robot_description/meshes/obstacles/obstacle_plugin/lib/libobstacle11.so
[0.265s] -- Up-to-date symlink: /home/aurora/RM25/install/rm_robot_description/share/rm_robot_description/meshes/obstacles/obstacle_plugin/lib/libobstacle12.so
[0.265s] -- Up-to-date symlink: /home/aurora/RM25/install/rm_robot_description/share/rm_robot_description/meshes/obstacles/obstacle_plugin/lib/libobstacle2.so
[0.265s] -- Up-to-date symlink: /home/aurora/RM25/install/rm_robot_description/share/rm_robot_description/meshes/obstacles/obstacle_plugin/lib/libobstacle3.so
[0.265s] -- Up-to-date symlink: /home/aurora/RM25/install/rm_robot_description/share/rm_robot_description/meshes/obstacles/obstacle_plugin/lib/libobstacle4.so
[0.265s] -- Up-to-date symlink: /home/aurora/RM25/install/rm_robot_description/share/rm_robot_description/meshes/obstacles/obstacle_plugin/lib/libobstacle5.so
[0.265s] -- Up-to-date symlink: /home/aurora/RM25/install/rm_robot_description/share/rm_robot_description/meshes/obstacles/obstacle_plugin/lib/libobstacle6.so
[0.265s] -- Up-to-date symlink: /home/aurora/RM25/install/rm_robot_description/share/rm_robot_description/meshes/obstacles/obstacle_plugin/lib/libobstacle7.so
[0.265s] -- Up-to-date symlink: /home/aurora/RM25/install/rm_robot_description/share/rm_robot_description/meshes/obstacles/obstacle_plugin/lib/libobstacle8.so
[0.265s] -- Up-to-date symlink: /home/aurora/RM25/install/rm_robot_description/share/rm_robot_description/meshes/obstacles/obstacle_plugin/lib/libobstacle9.so
[0.265s] -- Up-to-date symlink: /home/aurora/RM25/install/rm_robot_description/share/rm_robot_description/meshes/obstacles/obstacle_plugin/lib/libobstacles.so
[0.266s] -- Up-to-date symlink: /home/aurora/RM25/install/rm_robot_description/share/rm_robot_description/meshes/obstacles/obstacle_plugin/obstacle1.cc
[0.266s] -- Up-to-date symlink: /home/aurora/RM25/install/rm_robot_description/share/rm_robot_description/meshes/obstacles/obstacle_plugin/obstacle10.cc
[0.266s] -- Up-to-date symlink: /home/aurora/RM25/install/rm_robot_description/share/rm_robot_description/meshes/obstacles/obstacle_plugin/obstacle11.cc
[0.266s] -- Up-to-date symlink: /home/aurora/RM25/install/rm_robot_description/share/rm_robot_description/meshes/obstacles/obstacle_plugin/obstacle12.cc
[0.266s] -- Up-to-date symlink: /home/aurora/RM25/install/rm_robot_description/share/rm_robot_description/meshes/obstacles/obstacle_plugin/obstacle13.cc
[0.266s] -- Up-to-date symlink: /home/aurora/RM25/install/rm_robot_description/share/rm_robot_description/meshes/obstacles/obstacle_plugin/obstacle2.cc
[0.266s] -- Up-to-date symlink: /home/aurora/RM25/install/rm_robot_description/share/rm_robot_description/meshes/obstacles/obstacle_plugin/obstacle3.cc
[0.266s] -- Up-to-date symlink: /home/aurora/RM25/install/rm_robot_description/share/rm_robot_description/meshes/obstacles/obstacle_plugin/obstacle4.cc
[0.266s] -- Up-to-date symlink: /home/aurora/RM25/install/rm_robot_description/share/rm_robot_description/meshes/obstacles/obstacle_plugin/obstacle5.cc
[0.266s] -- Up-to-date symlink: /home/aurora/RM25/install/rm_robot_description/share/rm_robot_description/meshes/obstacles/obstacle_plugin/obstacle6.cc
[0.266s] -- Up-to-date symlink: /home/aurora/RM25/install/rm_robot_description/share/rm_robot_description/meshes/obstacles/obstacle_plugin/obstacle7.cc
[0.266s] -- Up-to-date symlink: /home/aurora/RM25/install/rm_robot_description/share/rm_robot_description/meshes/obstacles/obstacle_plugin/obstacle8.cc
[0.266s] -- Up-to-date symlink: /home/aurora/RM25/install/rm_robot_description/share/rm_robot_description/meshes/obstacles/obstacle_plugin/obstacle9.cc
[0.266s] -- Up-to-date symlink: /home/aurora/RM25/install/rm_robot_description/share/rm_robot_description/meshes/obstacles/obstacle_plugin/obstacles.cc
[0.266s] -- Up-to-date symlink: /home/aurora/RM25/install/rm_robot_description/share/rm_robot_description/meshes/omniwheel1_link.STL
[0.266s] -- Up-to-date symlink: /home/aurora/RM25/install/rm_robot_description/share/rm_robot_description/meshes/omniwheel2_link.STL
[0.266s] -- Up-to-date symlink: /home/aurora/RM25/install/rm_robot_description/share/rm_robot_description/meshes/omniwheel3_link.STL
[0.266s] -- Up-to-date symlink: /home/aurora/RM25/install/rm_robot_description/share/rm_robot_description/meshes/omniwheel4_link.STL
[0.266s] -- Up-to-date symlink: /home/aurora/RM25/install/rm_robot_description/share/rm_robot_description/world/25UL/RMUL25.world
[0.266s] -- Up-to-date symlink: /home/aurora/RM25/install/rm_robot_description/share/rm_robot_description/world/25UL/model.config
[0.266s] -- Up-to-date symlink: /home/aurora/RM25/install/rm_robot_description/share/rm_robot_description/world/25UL/model.sdf
[0.266s] -- Up-to-date symlink: /home/aurora/RM25/install/rm_robot_description/share/rm_robot_description/world/RMUC24_world.world
[0.266s] -- Up-to-date symlink: /home/aurora/RM25/install/rm_robot_description/share/rm_robot_description/world/RMUL25.world
[0.267s] -- Up-to-date symlink: /home/aurora/RM25/install/rm_robot_description/share/rm_robot_description/world/my_world.world
[0.267s] -- Up-to-date symlink: /home/aurora/RM25/install/rm_robot_description/share/rm_robot_description/world/rmul/RMUL25.world
[0.267s] -- Up-to-date symlink: /home/aurora/RM25/install/rm_robot_description/share/rm_robot_description/world/rmul/model.config
[0.267s] -- Up-to-date symlink: /home/aurora/RM25/install/rm_robot_description/share/rm_robot_description/world/rmul/model.sdf
[0.267s] -- Up-to-date symlink: /home/aurora/RM25/install/rm_robot_description/share/rm_robot_description/rviz/fastlio.rviz
[0.267s] -- Up-to-date symlink: /home/aurora/RM25/install/rm_robot_description/share/rm_robot_description/rviz/rviz.launch.py
[0.267s] -- Up-to-date symlink: /home/aurora/RM25/install/rm_robot_description/share/rm_robot_description/rviz/rviz2.rviz
[0.267s] -- Up-to-date symlink: /home/aurora/RM25/install/rm_robot_description/share/rm_robot_description/rviz/urdf_config.rviz
[0.267s] -- Up-to-date symlink: /home/aurora/RM25/install/rm_robot_description/share/ament_index/resource_index/package_run_dependencies/rm_robot_description
[0.267s] -- Up-to-date symlink: /home/aurora/RM25/install/rm_robot_description/share/ament_index/resource_index/parent_prefix_path/rm_robot_description
[0.267s] -- Up-to-date symlink: /home/aurora/RM25/install/rm_robot_description/share/rm_robot_description/environment/ament_prefix_path.sh
[0.267s] -- Up-to-date symlink: /home/aurora/RM25/install/rm_robot_description/share/rm_robot_description/environment/ament_prefix_path.dsv
[0.267s] -- Up-to-date symlink: /home/aurora/RM25/install/rm_robot_description/share/rm_robot_description/environment/path.sh
[0.267s] -- Up-to-date symlink: /home/aurora/RM25/install/rm_robot_description/share/rm_robot_description/environment/path.dsv
[0.267s] -- Up-to-date symlink: /home/aurora/RM25/install/rm_robot_description/share/rm_robot_description/local_setup.bash
[0.267s] -- Up-to-date symlink: /home/aurora/RM25/install/rm_robot_description/share/rm_robot_description/local_setup.sh
[0.268s] -- Up-to-date symlink: /home/aurora/RM25/install/rm_robot_description/share/rm_robot_description/local_setup.zsh
[0.268s] -- Up-to-date symlink: /home/aurora/RM25/install/rm_robot_description/share/rm_robot_description/local_setup.dsv
[0.268s] -- Symlinking: /home/aurora/RM25/install/rm_robot_description/share/rm_robot_description/package.dsv
[0.274s] -- Up-to-date symlink: /home/aurora/RM25/install/rm_robot_description/share/ament_index/resource_index/packages/rm_robot_description
[0.274s] -- Up-to-date symlink: /home/aurora/RM25/install/rm_robot_description/share/rm_robot_description/cmake/ament_cmake_export_dependencies-extras.cmake
[0.274s] -- Up-to-date symlink: /home/aurora/RM25/install/rm_robot_description/share/rm_robot_description/cmake/rm_robot_descriptionConfig.cmake
[0.274s] -- Up-to-date symlink: /home/aurora/RM25/install/rm_robot_description/share/rm_robot_description/cmake/rm_robot_descriptionConfig-version.cmake
[0.274s] -- Up-to-date symlink: /home/aurora/RM25/install/rm_robot_description/share/rm_robot_description/package.xml
[0.275s] Invoked command in '/home/aurora/RM25/build/rm_robot_description' returned '0': CMAKE_PREFIX_PATH=/home/aurora/RM25/install/livox_interfaces:/home/aurora/RM25/install/ros2_livox_simulation:/home/aurora/RM25/install/rm_robot_description_sim:/home/aurora/RM25/install/rm_robot_description:/home/aurora/RM25/install/fast_lio:/home/aurora/RM25/install/livox_ros_driver2:/home/aurora/ros_ws/install/rmul24_gazebo_simulator:/home/aurora/ros_ws/install/rmoss_gz_cam:/home/aurora/ros_ws/install/rmoss_core:/home/aurora/ros_ws/install/rmoss_cam:/home/aurora/ros_ws/install/rmoss_util:/home/aurora/ros_ws/install/rmoss_projectile_motion:/home/aurora/ros_ws/install/rmoss_gz_bridge:/home/aurora/ros_ws/install/rmoss_gz_base:/home/aurora/ros_ws/install/rmoss_base:/home/aurora/ros_ws/install/rmoss_interfaces:/home/aurora/ros_ws/install/rmoss_gz_resources:/home/aurora/ros_ws/install/rmoss_gz_plugins:/home/aurora/RM25_aim/install/rm_vision_bringup:/home/aurora/RM25_aim/install/rm_serial_driver:/home/aurora/RM25_aim/install/rm_gimbal_description:/home/aurora/RM25_aim/install/hik_camera:/home/aurora/RM25_aim/install/armor_tracker:/home/aurora/RM25_aim/install/armor_detector:/home/aurora/RM25_aim/install/auto_aim_interfaces:/home/aurora/RM25/src/install/ros2_livox_simulation:/home/aurora/RM25/src/install/rm_robot_description_sim:/home/aurora/RM25/src/install/rm_robot_description:/home/aurora/RM25/src/install/livox_ros_driver2:/home/aurora/ros_ws/install/sdformat_tools:/opt/ros/humble LD_LIBRARY_PATH=/home/aurora/RM25/install/livox_interfaces/lib:/home/aurora/RM25/install/ros2_livox_simulation/lib:/home/aurora/RM25/install/livox_sdk2/lib:/home/aurora/RM25/install/fast_lio/lib:/home/aurora/RM25/install/livox_ros_driver2/lib:/home/aurora/ros_ws/install/rmoss_gz_cam/lib:/home/aurora/ros_ws/install/rmoss_cam/lib:/home/aurora/ros_ws/install/rmoss_util/lib:/home/aurora/ros_ws/install/rmoss_projectile_motion/lib:/home/aurora/ros_ws/install/rmoss_gz_base/lib:/home/aurora/ros_ws/install/rmoss_base/lib:/home/aurora/ros_ws/install/rmoss_interfaces/lib:/home/aurora/RM25_aim/install/rm_serial_driver/lib:/home/aurora/RM25_aim/install/hik_camera/lib:/home/aurora/RM25_aim/install/armor_tracker/lib:/home/aurora/RM25_aim/install/armor_detector/lib:/home/aurora/RM25_aim/install/auto_aim_interfaces/lib:/home/aurora/RM25/src/install/ros2_livox_simulation/lib:/home/aurora/RM25/src/install/livox_sdk2/lib:/home/aurora/RM25/src/install/livox_ros_driver2/lib:/usr/lib/x86_64-linux-gnu/gazebo-11/plugins:/opt/ros/humble/opt/rviz_ogre_vendor/lib:/opt/ros/humble/lib/x86_64-linux-gnu:/opt/ros/humble/lib /usr/bin/cmake --install /home/aurora/RM25/build/rm_robot_description
