[0.422s] Invoking command in '/home/aurora/RM25/build/nav2_velocity_smoother': AMENT_PREFIX_PATH=/home/aurora/RM25/install/nav2_util:/home/aurora/RM25/install/nav2_common:${AMENT_PREFIX_PATH} CMAKE_PREFIX_PATH=/home/aurora/RM25/install/nav2_util:/home/aurora/RM25/install/nav2_msgs:/home/aurora/RM25/install/nav2_common:/home/aurora/RM25/install/rm_robot_description:/home/aurora/RM25/install/nav2_bringup:/home/aurora/RM25/install/four_omniwheel_robot:/home/aurora/ws_helloworld/install/pkg01_helloworld_cpp:/home/aurora/ws_helloworld/install/learning_tf2_cpp:/home/aurora/ws_helloworld/install/pkg02_helloworld_py:/opt/ros/humble LD_LIBRARY_PATH=/home/aurora/RM25/install/nav2_util/lib:${LD_LIBRARY_PATH} PYTHONPATH=/home/aurora/RM25/install/nav2_common/local/lib/python3.10/dist-packages:${PYTHONPATH} /usr/bin/cmake --build /home/aurora/RM25/build/nav2_velocity_smoother -- -j20 -l20
[0.471s] [35m[1mConsolidate compiler generated dependencies of target velocity_smoother_core[0m
[0.481s] [ 20%] Built target gtest_main
[0.481s] [ 40%] Built target gtest
[0.492s] [ 60%] Built target velocity_smoother_core
[0.506s] [35m[1mConsolidate compiler generated dependencies of target velocity_smoother[0m
[0.507s] [35m[1mConsolidate compiler generated dependencies of target velocity_smoother_tests[0m
[0.527s] [ 80%] Built target velocity_smoother
[0.533s] [100%] Built target velocity_smoother_tests
[0.546s] Invoked command in '/home/aurora/RM25/build/nav2_velocity_smoother' returned '0': AMENT_PREFIX_PATH=/home/aurora/RM25/install/nav2_util:/home/aurora/RM25/install/nav2_common:${AMENT_PREFIX_PATH} CMAKE_PREFIX_PATH=/home/aurora/RM25/install/nav2_util:/home/aurora/RM25/install/nav2_msgs:/home/aurora/RM25/install/nav2_common:/home/aurora/RM25/install/rm_robot_description:/home/aurora/RM25/install/nav2_bringup:/home/aurora/RM25/install/four_omniwheel_robot:/home/aurora/ws_helloworld/install/pkg01_helloworld_cpp:/home/aurora/ws_helloworld/install/learning_tf2_cpp:/home/aurora/ws_helloworld/install/pkg02_helloworld_py:/opt/ros/humble LD_LIBRARY_PATH=/home/aurora/RM25/install/nav2_util/lib:${LD_LIBRARY_PATH} PYTHONPATH=/home/aurora/RM25/install/nav2_common/local/lib/python3.10/dist-packages:${PYTHONPATH} /usr/bin/cmake --build /home/aurora/RM25/build/nav2_velocity_smoother -- -j20 -l20
[0.631s] Invoking command in '/home/aurora/RM25/build/nav2_velocity_smoother': AMENT_PREFIX_PATH=/home/aurora/RM25/install/nav2_util:/home/aurora/RM25/install/nav2_common:${AMENT_PREFIX_PATH} CMAKE_PREFIX_PATH=/home/aurora/RM25/install/nav2_util:/home/aurora/RM25/install/nav2_msgs:/home/aurora/RM25/install/nav2_common:/home/aurora/RM25/install/rm_robot_description:/home/aurora/RM25/install/nav2_bringup:/home/aurora/RM25/install/four_omniwheel_robot:/home/aurora/ws_helloworld/install/pkg01_helloworld_cpp:/home/aurora/ws_helloworld/install/learning_tf2_cpp:/home/aurora/ws_helloworld/install/pkg02_helloworld_py:/opt/ros/humble LD_LIBRARY_PATH=/home/aurora/RM25/install/nav2_util/lib:${LD_LIBRARY_PATH} PYTHONPATH=/home/aurora/RM25/install/nav2_common/local/lib/python3.10/dist-packages:${PYTHONPATH} /usr/bin/cmake --install /home/aurora/RM25/build/nav2_velocity_smoother
[0.641s] -- Install configuration: "Release"
[0.641s] -- Execute custom install script
[0.642s] -- Up-to-date symlink: /home/aurora/RM25/install/nav2_velocity_smoother/lib/libvelocity_smoother_core.so
[0.643s] -- Up-to-date symlink: /home/aurora/RM25/install/nav2_velocity_smoother/lib/nav2_velocity_smoother/velocity_smoother
[0.645s] -- Up-to-date symlink: /home/aurora/RM25/install/nav2_velocity_smoother/include//nav2_velocity_smoother/velocity_smoother.hpp
[0.645s] -- Up-to-date symlink: /home/aurora/RM25/install/nav2_velocity_smoother/share/nav2_velocity_smoother/environment/library_path.sh
[0.646s] -- Up-to-date symlink: /home/aurora/RM25/install/nav2_velocity_smoother/share/nav2_velocity_smoother/environment/library_path.dsv
[0.646s] -- Up-to-date symlink: /home/aurora/RM25/install/nav2_velocity_smoother/share/ament_index/resource_index/package_run_dependencies/nav2_velocity_smoother
[0.646s] -- Up-to-date symlink: /home/aurora/RM25/install/nav2_velocity_smoother/share/ament_index/resource_index/parent_prefix_path/nav2_velocity_smoother
[0.646s] -- Up-to-date symlink: /home/aurora/RM25/install/nav2_velocity_smoother/share/nav2_velocity_smoother/environment/ament_prefix_path.sh
[0.646s] -- Up-to-date symlink: /home/aurora/RM25/install/nav2_velocity_smoother/share/nav2_velocity_smoother/environment/ament_prefix_path.dsv
[0.646s] -- Up-to-date symlink: /home/aurora/RM25/install/nav2_velocity_smoother/share/nav2_velocity_smoother/environment/path.sh
[0.646s] -- Up-to-date symlink: /home/aurora/RM25/install/nav2_velocity_smoother/share/nav2_velocity_smoother/environment/path.dsv
[0.646s] -- Up-to-date symlink: /home/aurora/RM25/install/nav2_velocity_smoother/share/nav2_velocity_smoother/local_setup.bash
[0.646s] -- Up-to-date symlink: /home/aurora/RM25/install/nav2_velocity_smoother/share/nav2_velocity_smoother/local_setup.sh
[0.647s] -- Up-to-date symlink: /home/aurora/RM25/install/nav2_velocity_smoother/share/nav2_velocity_smoother/local_setup.zsh
[0.647s] -- Up-to-date symlink: /home/aurora/RM25/install/nav2_velocity_smoother/share/nav2_velocity_smoother/local_setup.dsv
[0.647s] -- Symlinking: /home/aurora/RM25/install/nav2_velocity_smoother/share/nav2_velocity_smoother/package.dsv
[0.657s] -- Up-to-date symlink: /home/aurora/RM25/install/nav2_velocity_smoother/share/ament_index/resource_index/packages/nav2_velocity_smoother
[0.657s] -- Up-to-date symlink: /home/aurora/RM25/install/nav2_velocity_smoother/share/ament_index/resource_index/rclcpp_components/nav2_velocity_smoother
[0.657s] -- Up-to-date symlink: /home/aurora/RM25/install/nav2_velocity_smoother/share/nav2_velocity_smoother/cmake/ament_cmake_export_include_directories-extras.cmake
[0.658s] -- Up-to-date symlink: /home/aurora/RM25/install/nav2_velocity_smoother/share/nav2_velocity_smoother/cmake/ament_cmake_export_libraries-extras.cmake
[0.658s] -- Up-to-date symlink: /home/aurora/RM25/install/nav2_velocity_smoother/share/nav2_velocity_smoother/cmake/ament_cmake_export_dependencies-extras.cmake
[0.658s] -- Up-to-date symlink: /home/aurora/RM25/install/nav2_velocity_smoother/share/nav2_velocity_smoother/cmake/nav2_velocity_smootherConfig.cmake
[0.658s] -- Up-to-date symlink: /home/aurora/RM25/install/nav2_velocity_smoother/share/nav2_velocity_smoother/cmake/nav2_velocity_smootherConfig-version.cmake
[0.659s] -- Up-to-date symlink: /home/aurora/RM25/install/nav2_velocity_smoother/share/nav2_velocity_smoother/package.xml
[0.668s] Invoked command in '/home/aurora/RM25/build/nav2_velocity_smoother' returned '0': AMENT_PREFIX_PATH=/home/aurora/RM25/install/nav2_util:/home/aurora/RM25/install/nav2_common:${AMENT_PREFIX_PATH} CMAKE_PREFIX_PATH=/home/aurora/RM25/install/nav2_util:/home/aurora/RM25/install/nav2_msgs:/home/aurora/RM25/install/nav2_common:/home/aurora/RM25/install/rm_robot_description:/home/aurora/RM25/install/nav2_bringup:/home/aurora/RM25/install/four_omniwheel_robot:/home/aurora/ws_helloworld/install/pkg01_helloworld_cpp:/home/aurora/ws_helloworld/install/learning_tf2_cpp:/home/aurora/ws_helloworld/install/pkg02_helloworld_py:/opt/ros/humble LD_LIBRARY_PATH=/home/aurora/RM25/install/nav2_util/lib:${LD_LIBRARY_PATH} PYTHONPATH=/home/aurora/RM25/install/nav2_common/local/lib/python3.10/dist-packages:${PYTHONPATH} /usr/bin/cmake --install /home/aurora/RM25/build/nav2_velocity_smoother
