[0.686s] Invoking command in '/home/aurora/RM25/build/nav2_core': AMENT_PREFIX_PATH=/home/aurora/RM25/install/nav2_costmap_2d:/home/aurora/RM25/install/nav2_map_server:/home/aurora/RM25/install/nav2_lifecycle_manager:/home/aurora/RM25/install/nav2_util:/home/aurora/RM25/install/nav2_voxel_grid:/home/aurora/RM25/install/nav2_common:${AMENT_PREFIX_PATH} CMAKE_PREFIX_PATH=/home/aurora/RM25/install/nav2_costmap_2d:/home/aurora/RM25/install/nav2_map_server:/home/aurora/RM25/install/nav2_lifecycle_manager:/home/aurora/RM25/install/nav2_util:/home/aurora/RM25/install/nav2_voxel_grid:/home/aurora/RM25/install/nav2_msgs:/home/aurora/RM25/install/nav2_common:/home/aurora/RM25/install/rm_robot_description:/home/aurora/RM25/install/nav2_bringup:/home/aurora/RM25/install/four_omniwheel_robot:/home/aurora/ws_helloworld/install/pkg01_helloworld_cpp:/home/aurora/ws_helloworld/install/learning_tf2_cpp:/home/aurora/ws_helloworld/install/pkg02_helloworld_py:/opt/ros/humble LD_LIBRARY_PATH=/home/aurora/RM25/install/nav2_costmap_2d/lib:/home/aurora/RM25/install/nav2_map_server/lib:/home/aurora/RM25/install/nav2_lifecycle_manager/lib:/home/aurora/RM25/install/nav2_util/lib:/home/aurora/RM25/install/nav2_voxel_grid/lib:${LD_LIBRARY_PATH} PYTHONPATH=/home/aurora/RM25/install/nav2_common/local/lib/python3.10/dist-packages:${PYTHONPATH} /usr/bin/cmake --build /home/aurora/RM25/build/nav2_core -- -j20 -l20
[0.713s] Invoked command in '/home/aurora/RM25/build/nav2_core' returned '0': AMENT_PREFIX_PATH=/home/aurora/RM25/install/nav2_costmap_2d:/home/aurora/RM25/install/nav2_map_server:/home/aurora/RM25/install/nav2_lifecycle_manager:/home/aurora/RM25/install/nav2_util:/home/aurora/RM25/install/nav2_voxel_grid:/home/aurora/RM25/install/nav2_common:${AMENT_PREFIX_PATH} CMAKE_PREFIX_PATH=/home/aurora/RM25/install/nav2_costmap_2d:/home/aurora/RM25/install/nav2_map_server:/home/aurora/RM25/install/nav2_lifecycle_manager:/home/aurora/RM25/install/nav2_util:/home/aurora/RM25/install/nav2_voxel_grid:/home/aurora/RM25/install/nav2_msgs:/home/aurora/RM25/install/nav2_common:/home/aurora/RM25/install/rm_robot_description:/home/aurora/RM25/install/nav2_bringup:/home/aurora/RM25/install/four_omniwheel_robot:/home/aurora/ws_helloworld/install/pkg01_helloworld_cpp:/home/aurora/ws_helloworld/install/learning_tf2_cpp:/home/aurora/ws_helloworld/install/pkg02_helloworld_py:/opt/ros/humble LD_LIBRARY_PATH=/home/aurora/RM25/install/nav2_costmap_2d/lib:/home/aurora/RM25/install/nav2_map_server/lib:/home/aurora/RM25/install/nav2_lifecycle_manager/lib:/home/aurora/RM25/install/nav2_util/lib:/home/aurora/RM25/install/nav2_voxel_grid/lib:${LD_LIBRARY_PATH} PYTHONPATH=/home/aurora/RM25/install/nav2_common/local/lib/python3.10/dist-packages:${PYTHONPATH} /usr/bin/cmake --build /home/aurora/RM25/build/nav2_core -- -j20 -l20
[0.728s] Invoking command in '/home/aurora/RM25/build/nav2_core': AMENT_PREFIX_PATH=/home/aurora/RM25/install/nav2_costmap_2d:/home/aurora/RM25/install/nav2_map_server:/home/aurora/RM25/install/nav2_lifecycle_manager:/home/aurora/RM25/install/nav2_util:/home/aurora/RM25/install/nav2_voxel_grid:/home/aurora/RM25/install/nav2_common:${AMENT_PREFIX_PATH} CMAKE_PREFIX_PATH=/home/aurora/RM25/install/nav2_costmap_2d:/home/aurora/RM25/install/nav2_map_server:/home/aurora/RM25/install/nav2_lifecycle_manager:/home/aurora/RM25/install/nav2_util:/home/aurora/RM25/install/nav2_voxel_grid:/home/aurora/RM25/install/nav2_msgs:/home/aurora/RM25/install/nav2_common:/home/aurora/RM25/install/rm_robot_description:/home/aurora/RM25/install/nav2_bringup:/home/aurora/RM25/install/four_omniwheel_robot:/home/aurora/ws_helloworld/install/pkg01_helloworld_cpp:/home/aurora/ws_helloworld/install/learning_tf2_cpp:/home/aurora/ws_helloworld/install/pkg02_helloworld_py:/opt/ros/humble LD_LIBRARY_PATH=/home/aurora/RM25/install/nav2_costmap_2d/lib:/home/aurora/RM25/install/nav2_map_server/lib:/home/aurora/RM25/install/nav2_lifecycle_manager/lib:/home/aurora/RM25/install/nav2_util/lib:/home/aurora/RM25/install/nav2_voxel_grid/lib:${LD_LIBRARY_PATH} PYTHONPATH=/home/aurora/RM25/install/nav2_common/local/lib/python3.10/dist-packages:${PYTHONPATH} /usr/bin/cmake --install /home/aurora/RM25/build/nav2_core
[0.732s] -- Install configuration: "Release"
[0.732s] -- Execute custom install script
[0.733s] -- Up-to-date symlink: /home/aurora/RM25/install/nav2_core/include//nav2_core/behavior.hpp
[0.733s] -- Up-to-date symlink: /home/aurora/RM25/install/nav2_core/include//nav2_core/controller.hpp
[0.733s] -- Up-to-date symlink: /home/aurora/RM25/install/nav2_core/include//nav2_core/exceptions.hpp
[0.733s] -- Up-to-date symlink: /home/aurora/RM25/install/nav2_core/include//nav2_core/global_planner.hpp
[0.733s] -- Up-to-date symlink: /home/aurora/RM25/install/nav2_core/include//nav2_core/goal_checker.hpp
[0.733s] -- Up-to-date symlink: /home/aurora/RM25/install/nav2_core/include//nav2_core/progress_checker.hpp
[0.734s] -- Up-to-date symlink: /home/aurora/RM25/install/nav2_core/include//nav2_core/smoother.hpp
[0.734s] -- Up-to-date symlink: /home/aurora/RM25/install/nav2_core/include//nav2_core/waypoint_task_executor.hpp
[0.734s] -- Up-to-date symlink: /home/aurora/RM25/install/nav2_core/share/ament_index/resource_index/package_run_dependencies/nav2_core
[0.734s] -- Up-to-date symlink: /home/aurora/RM25/install/nav2_core/share/ament_index/resource_index/parent_prefix_path/nav2_core
[0.734s] -- Up-to-date symlink: /home/aurora/RM25/install/nav2_core/share/nav2_core/environment/ament_prefix_path.sh
[0.734s] -- Up-to-date symlink: /home/aurora/RM25/install/nav2_core/share/nav2_core/environment/ament_prefix_path.dsv
[0.735s] -- Up-to-date symlink: /home/aurora/RM25/install/nav2_core/share/nav2_core/environment/path.sh
[0.735s] -- Up-to-date symlink: /home/aurora/RM25/install/nav2_core/share/nav2_core/environment/path.dsv
[0.735s] -- Up-to-date symlink: /home/aurora/RM25/install/nav2_core/share/nav2_core/local_setup.bash
[0.735s] -- Up-to-date symlink: /home/aurora/RM25/install/nav2_core/share/nav2_core/local_setup.sh
[0.735s] -- Up-to-date symlink: /home/aurora/RM25/install/nav2_core/share/nav2_core/local_setup.zsh
[0.735s] -- Up-to-date symlink: /home/aurora/RM25/install/nav2_core/share/nav2_core/local_setup.dsv
[0.735s] -- Symlinking: /home/aurora/RM25/install/nav2_core/share/nav2_core/package.dsv
[0.739s] -- Up-to-date symlink: /home/aurora/RM25/install/nav2_core/share/ament_index/resource_index/packages/nav2_core
[0.740s] -- Up-to-date symlink: /home/aurora/RM25/install/nav2_core/share/nav2_core/cmake/ament_cmake_export_include_directories-extras.cmake
[0.740s] -- Up-to-date symlink: /home/aurora/RM25/install/nav2_core/share/nav2_core/cmake/ament_cmake_export_dependencies-extras.cmake
[0.740s] -- Up-to-date symlink: /home/aurora/RM25/install/nav2_core/share/nav2_core/cmake/nav2_coreConfig.cmake
[0.740s] -- Up-to-date symlink: /home/aurora/RM25/install/nav2_core/share/nav2_core/cmake/nav2_coreConfig-version.cmake
[0.740s] -- Up-to-date symlink: /home/aurora/RM25/install/nav2_core/share/nav2_core/package.xml
[0.741s] Invoked command in '/home/aurora/RM25/build/nav2_core' returned '0': AMENT_PREFIX_PATH=/home/aurora/RM25/install/nav2_costmap_2d:/home/aurora/RM25/install/nav2_map_server:/home/aurora/RM25/install/nav2_lifecycle_manager:/home/aurora/RM25/install/nav2_util:/home/aurora/RM25/install/nav2_voxel_grid:/home/aurora/RM25/install/nav2_common:${AMENT_PREFIX_PATH} CMAKE_PREFIX_PATH=/home/aurora/RM25/install/nav2_costmap_2d:/home/aurora/RM25/install/nav2_map_server:/home/aurora/RM25/install/nav2_lifecycle_manager:/home/aurora/RM25/install/nav2_util:/home/aurora/RM25/install/nav2_voxel_grid:/home/aurora/RM25/install/nav2_msgs:/home/aurora/RM25/install/nav2_common:/home/aurora/RM25/install/rm_robot_description:/home/aurora/RM25/install/nav2_bringup:/home/aurora/RM25/install/four_omniwheel_robot:/home/aurora/ws_helloworld/install/pkg01_helloworld_cpp:/home/aurora/ws_helloworld/install/learning_tf2_cpp:/home/aurora/ws_helloworld/install/pkg02_helloworld_py:/opt/ros/humble LD_LIBRARY_PATH=/home/aurora/RM25/install/nav2_costmap_2d/lib:/home/aurora/RM25/install/nav2_map_server/lib:/home/aurora/RM25/install/nav2_lifecycle_manager/lib:/home/aurora/RM25/install/nav2_util/lib:/home/aurora/RM25/install/nav2_voxel_grid/lib:${LD_LIBRARY_PATH} PYTHONPATH=/home/aurora/RM25/install/nav2_common/local/lib/python3.10/dist-packages:${PYTHONPATH} /usr/bin/cmake --install /home/aurora/RM25/build/nav2_core
