[0.173s] Invoking command in '/home/aurora/RM25/build/dwb_msgs': AMENT_PREFIX_PATH=/home/aurora/RM25/install/nav_2d_msgs:${AMENT_PREFIX_PATH} CMAKE_PREFIX_PATH=/home/aurora/RM25/install/nav_2d_msgs:/home/aurora/RM25/install/rm_robot_description:/home/aurora/RM25/install/nav2_msgs:/home/aurora/RM25/install/nav2_bringup:/home/aurora/RM25/install/four_omniwheel_robot:/home/aurora/ws_helloworld/install/pkg01_helloworld_cpp:/home/aurora/ws_helloworld/install/learning_tf2_cpp:/home/aurora/ws_helloworld/install/pkg02_helloworld_py:/opt/ros/humble LD_LIBRARY_PATH=/home/aurora/RM25/install/nav_2d_msgs/lib:${LD_LIBRARY_PATH} PYTHONPATH=/home/aurora/RM25/install/nav_2d_msgs/local/lib/python3.10/dist-packages:${PYTHONPATH} /usr/bin/cmake /home/aurora/RM25/src/rm_navigation2/nav2_dwb_controller/dwb_msgs -DAMENT_CMAKE_SYMLINK_INSTALL=1 -DCMAKE_INSTALL_PREFIX=/home/aurora/RM25/install/dwb_msgs
[0.376s] -- The C compiler identification is GNU 11.4.0
[1.300s] -- The CXX compiler identification is GNU 11.4.0
[2.018s] -- Detecting C compiler ABI info
[2.323s] -- Detecting C compiler ABI info - done
[2.323s] -- Check for working C compiler: /usr/bin/cc - skipped
[2.323s] -- Detecting C compile features
[2.323s] -- Detecting C compile features - done
[2.326s] -- Detecting CXX compiler ABI info
[2.538s] -- Detecting CXX compiler ABI info - done
[2.546s] -- Check for working CXX compiler: /usr/bin/c++ - skipped
[2.546s] -- Detecting CXX compile features
[2.546s] -- Detecting CXX compile features - done
[2.548s] -- Found builtin_interfaces: 1.2.1 (/opt/ros/humble/share/builtin_interfaces/cmake)
[2.660s] -- Found Python3: /usr/bin/python3 (found version "3.10.12") found components: Interpreter 
[2.705s] -- Override CMake install command with custom implementation using symlinks instead of copying resources
[2.986s] -- Found rosidl_generator_c: 3.1.5 (/opt/ros/humble/share/rosidl_generator_c/cmake)
[2.989s] -- Found rosidl_adapter: 3.1.5 (/opt/ros/humble/share/rosidl_adapter/cmake)
[2.997s] -- Found rosidl_generator_cpp: 3.1.5 (/opt/ros/humble/share/rosidl_generator_cpp/cmake)
[3.007s] -- Using all available rosidl_typesupport_c: rosidl_typesupport_fastrtps_c;rosidl_typesupport_introspection_c
[3.023s] -- Using all available rosidl_typesupport_cpp: rosidl_typesupport_fastrtps_cpp;rosidl_typesupport_introspection_cpp
[3.038s] -- Found geometry_msgs: 4.2.4 (/opt/ros/humble/share/geometry_msgs/cmake)
[3.063s] -- Found nav_2d_msgs: 1.3.1 (/home/aurora/RM25/install/nav_2d_msgs/share/nav_2d_msgs/cmake)
[3.078s] -- Found nav_msgs: 4.2.4 (/opt/ros/humble/share/nav_msgs/cmake)
[3.095s] -- Found rosidl_default_generators: 1.2.0 (/opt/ros/humble/share/rosidl_default_generators/cmake)
[3.423s] -- Found ament_cmake_ros: 0.10.0 (/opt/ros/humble/share/ament_cmake_ros/cmake)
[3.791s] -- Using all available rosidl_typesupport_c: rosidl_typesupport_fastrtps_c;rosidl_typesupport_introspection_c
[3.933s] -- Using all available rosidl_typesupport_cpp: rosidl_typesupport_fastrtps_cpp;rosidl_typesupport_introspection_cpp
[4.198s] -- Found PythonInterp: /usr/bin/python3 (found suitable version "3.10.12", minimum required is "3.6") 
[4.199s] -- Found python_cmake_module: 0.10.0 (/opt/ros/humble/share/python_cmake_module/cmake)
[4.975s] -- Found PythonLibs: /usr/lib/x86_64-linux-gnu/libpython3.10.so (found suitable version "3.10.12", minimum required is "3.5") 
[4.975s] -- Using PYTHON_EXECUTABLE: /usr/bin/python3
[4.975s] -- Using PYTHON_INCLUDE_DIRS: /usr/include/python3.10
[4.975s] -- Using PYTHON_LIBRARIES: /usr/lib/x86_64-linux-gnu/libpython3.10.so
[5.053s] -- Found PythonExtra: .so  
[5.232s] -- Configuring done
[5.326s] -- Generating done
[5.329s] -- Build files have been written to: /home/aurora/RM25/build/dwb_msgs
[5.373s] Invoked command in '/home/aurora/RM25/build/dwb_msgs' returned '0': AMENT_PREFIX_PATH=/home/aurora/RM25/install/nav_2d_msgs:${AMENT_PREFIX_PATH} CMAKE_PREFIX_PATH=/home/aurora/RM25/install/nav_2d_msgs:/home/aurora/RM25/install/rm_robot_description:/home/aurora/RM25/install/nav2_msgs:/home/aurora/RM25/install/nav2_bringup:/home/aurora/RM25/install/four_omniwheel_robot:/home/aurora/ws_helloworld/install/pkg01_helloworld_cpp:/home/aurora/ws_helloworld/install/learning_tf2_cpp:/home/aurora/ws_helloworld/install/pkg02_helloworld_py:/opt/ros/humble LD_LIBRARY_PATH=/home/aurora/RM25/install/nav_2d_msgs/lib:${LD_LIBRARY_PATH} PYTHONPATH=/home/aurora/RM25/install/nav_2d_msgs/local/lib/python3.10/dist-packages:${PYTHONPATH} /usr/bin/cmake /home/aurora/RM25/src/rm_navigation2/nav2_dwb_controller/dwb_msgs -DAMENT_CMAKE_SYMLINK_INSTALL=1 -DCMAKE_INSTALL_PREFIX=/home/aurora/RM25/install/dwb_msgs
[5.374s] Invoking command in '/home/aurora/RM25/build/dwb_msgs': AMENT_PREFIX_PATH=/home/aurora/RM25/install/nav_2d_msgs:${AMENT_PREFIX_PATH} CMAKE_PREFIX_PATH=/home/aurora/RM25/install/nav_2d_msgs:/home/aurora/RM25/install/rm_robot_description:/home/aurora/RM25/install/nav2_msgs:/home/aurora/RM25/install/nav2_bringup:/home/aurora/RM25/install/four_omniwheel_robot:/home/aurora/ws_helloworld/install/pkg01_helloworld_cpp:/home/aurora/ws_helloworld/install/learning_tf2_cpp:/home/aurora/ws_helloworld/install/pkg02_helloworld_py:/opt/ros/humble LD_LIBRARY_PATH=/home/aurora/RM25/install/nav_2d_msgs/lib:${LD_LIBRARY_PATH} PYTHONPATH=/home/aurora/RM25/install/nav_2d_msgs/local/lib/python3.10/dist-packages:${PYTHONPATH} /usr/bin/cmake --build /home/aurora/RM25/build/dwb_msgs -- -j20 -l20
[5.489s] [  1%] [34m[1mGenerating C code for ROS interfaces[0m
[5.504s] [  2%] [34m[1mGenerating C++ code for ROS interfaces[0m
[5.559s] [  2%] Built target ament_cmake_python_symlink_dwb_msgs
[6.158s] running egg_info
[6.160s] creating dwb_msgs.egg-info
[6.161s] writing dwb_msgs.egg-info/PKG-INFO
[6.162s] writing dependency_links to dwb_msgs.egg-info/dependency_links.txt
[6.163s] writing top-level names to dwb_msgs.egg-info/top_level.txt
[6.164s] writing manifest file 'dwb_msgs.egg-info/SOURCES.txt'
[6.168s] reading manifest file 'dwb_msgs.egg-info/SOURCES.txt'
[6.170s] writing manifest file 'dwb_msgs.egg-info/SOURCES.txt'
[6.207s] [  2%] Built target ament_cmake_python_build_dwb_msgs_egg
[6.985s] [  2%] Built target dwb_msgs__cpp
[7.041s] [  3%] [34m[1mGenerating C++ type support dispatch for ROS interfaces[0m
[7.049s] [  4%] [34m[1mGenerating C++ type support for eProsima Fast-RTPS[0m
[7.079s] [  5%] [34m[1mGenerating C++ introspection for ROS interfaces[0m
[7.163s] [  6%] [32mBuilding C object CMakeFiles/dwb_msgs__rosidl_generator_c.dir/rosidl_generator_c/dwb_msgs/msg/detail/critic_score__functions.c.o[0m
[7.190s] [  7%] [32mBuilding C object CMakeFiles/dwb_msgs__rosidl_generator_c.dir/rosidl_generator_c/dwb_msgs/msg/detail/local_plan_evaluation__functions.c.o[0m
[7.196s] [  8%] [32mBuilding C object CMakeFiles/dwb_msgs__rosidl_generator_c.dir/rosidl_generator_c/dwb_msgs/msg/detail/trajectory2_d__functions.c.o[0m
[7.200s] [  9%] [32mBuilding C object CMakeFiles/dwb_msgs__rosidl_generator_c.dir/rosidl_generator_c/dwb_msgs/msg/detail/trajectory_score__functions.c.o[0m
[7.211s] [ 10%] [32mBuilding C object CMakeFiles/dwb_msgs__rosidl_generator_c.dir/rosidl_generator_c/dwb_msgs/srv/detail/score_trajectory__functions.c.o[0m
[7.228s] [ 12%] [32mBuilding C object CMakeFiles/dwb_msgs__rosidl_generator_c.dir/rosidl_generator_c/dwb_msgs/srv/detail/generate_trajectory__functions.c.o[0m
[7.229s] [ 12%] [32mBuilding C object CMakeFiles/dwb_msgs__rosidl_generator_c.dir/rosidl_generator_c/dwb_msgs/srv/detail/generate_twists__functions.c.o[0m
[7.229s] [ 13%] [32mBuilding C object CMakeFiles/dwb_msgs__rosidl_generator_c.dir/rosidl_generator_c/dwb_msgs/srv/detail/debug_local_plan__functions.c.o[0m
[7.239s] [ 14%] [32mBuilding C object CMakeFiles/dwb_msgs__rosidl_generator_c.dir/rosidl_generator_c/dwb_msgs/srv/detail/get_critic_score__functions.c.o[0m
[7.464s] [ 15%] [32m[1mLinking C shared library libdwb_msgs__rosidl_generator_c.so[0m
[7.802s] [ 15%] Built target dwb_msgs__rosidl_generator_c
[7.841s] [ 16%] [34m[1mGenerating C type support for eProsima Fast-RTPS[0m
[7.849s] [ 17%] [34m[1mGenerating C introspection for ROS interfaces[0m
[7.892s] [ 18%] [34m[1mGenerating C type support dispatch for ROS interfaces[0m
[8.203s] [ 20%] [32mBuilding CXX object CMakeFiles/dwb_msgs__rosidl_typesupport_introspection_cpp.dir/rosidl_typesupport_introspection_cpp/dwb_msgs/msg/detail/critic_score__type_support.cpp.o[0m
[8.210s] [ 21%] [32mBuilding CXX object CMakeFiles/dwb_msgs__rosidl_typesupport_introspection_cpp.dir/rosidl_typesupport_introspection_cpp/dwb_msgs/msg/detail/local_plan_evaluation__type_support.cpp.o[0m
[8.246s] [ 22%] [32mBuilding CXX object CMakeFiles/dwb_msgs__rosidl_typesupport_introspection_cpp.dir/rosidl_typesupport_introspection_cpp/dwb_msgs/msg/detail/trajectory2_d__type_support.cpp.o[0m
[8.259s] [ 23%] [32mBuilding CXX object CMakeFiles/dwb_msgs__rosidl_typesupport_introspection_cpp.dir/rosidl_typesupport_introspection_cpp/dwb_msgs/msg/detail/trajectory_score__type_support.cpp.o[0m
[8.281s] [ 24%] [32mBuilding CXX object CMakeFiles/dwb_msgs__rosidl_typesupport_introspection_cpp.dir/rosidl_typesupport_introspection_cpp/dwb_msgs/srv/detail/debug_local_plan__type_support.cpp.o[0m
[8.289s] [ 25%] [32mBuilding CXX object CMakeFiles/dwb_msgs__rosidl_typesupport_cpp.dir/rosidl_typesupport_cpp/dwb_msgs/msg/critic_score__type_support.cpp.o[0m
[8.308s] [ 26%] [32mBuilding CXX object CMakeFiles/dwb_msgs__rosidl_typesupport_cpp.dir/rosidl_typesupport_cpp/dwb_msgs/msg/local_plan_evaluation__type_support.cpp.o[0m
[8.329s] [ 27%] [32mBuilding CXX object CMakeFiles/dwb_msgs__rosidl_typesupport_cpp.dir/rosidl_typesupport_cpp/dwb_msgs/msg/trajectory2_d__type_support.cpp.o[0m
[8.353s] [ 28%] [32mBuilding CXX object CMakeFiles/dwb_msgs__rosidl_typesupport_introspection_cpp.dir/rosidl_typesupport_introspection_cpp/dwb_msgs/srv/detail/generate_trajectory__type_support.cpp.o[0m
[8.359s] [ 30%] [32mBuilding CXX object CMakeFiles/dwb_msgs__rosidl_typesupport_introspection_cpp.dir/rosidl_typesupport_introspection_cpp/dwb_msgs/srv/detail/get_critic_score__type_support.cpp.o[0m
[8.359s] [ 30%] [32mBuilding CXX object CMakeFiles/dwb_msgs__rosidl_typesupport_introspection_cpp.dir/rosidl_typesupport_introspection_cpp/dwb_msgs/srv/detail/generate_twists__type_support.cpp.o[0m
[8.368s] [ 31%] [32mBuilding CXX object CMakeFiles/dwb_msgs__rosidl_typesupport_cpp.dir/rosidl_typesupport_cpp/dwb_msgs/msg/trajectory_score__type_support.cpp.o[0m
[8.389s] [ 32%] [32mBuilding CXX object CMakeFiles/dwb_msgs__rosidl_typesupport_introspection_cpp.dir/rosidl_typesupport_introspection_cpp/dwb_msgs/srv/detail/score_trajectory__type_support.cpp.o[0m
[8.459s] [ 33%] [32mBuilding CXX object CMakeFiles/dwb_msgs__rosidl_typesupport_cpp.dir/rosidl_typesupport_cpp/dwb_msgs/srv/generate_trajectory__type_support.cpp.o[0m
[8.459s] [ 34%] [32mBuilding CXX object CMakeFiles/dwb_msgs__rosidl_typesupport_cpp.dir/rosidl_typesupport_cpp/dwb_msgs/srv/debug_local_plan__type_support.cpp.o[0m
[8.478s] [ 35%] [32mBuilding CXX object CMakeFiles/dwb_msgs__rosidl_typesupport_cpp.dir/rosidl_typesupport_cpp/dwb_msgs/srv/generate_twists__type_support.cpp.o[0m
[8.782s] [ 36%] [32mBuilding CXX object CMakeFiles/dwb_msgs__rosidl_typesupport_fastrtps_cpp.dir/rosidl_typesupport_fastrtps_cpp/dwb_msgs/msg/detail/dds_fastrtps/critic_score__type_support.cpp.o[0m
[8.828s] [ 37%] [32mBuilding CXX object CMakeFiles/dwb_msgs__rosidl_typesupport_cpp.dir/rosidl_typesupport_cpp/dwb_msgs/srv/get_critic_score__type_support.cpp.o[0m
[8.841s] [ 38%] [32mBuilding CXX object CMakeFiles/dwb_msgs__rosidl_typesupport_cpp.dir/rosidl_typesupport_cpp/dwb_msgs/srv/score_trajectory__type_support.cpp.o[0m
[8.933s] [ 40%] [32mBuilding CXX object CMakeFiles/dwb_msgs__rosidl_typesupport_fastrtps_cpp.dir/rosidl_typesupport_fastrtps_cpp/dwb_msgs/msg/detail/dds_fastrtps/local_plan_evaluation__type_support.cpp.o[0m
[8.962s] [ 41%] [32mBuilding CXX object CMakeFiles/dwb_msgs__rosidl_typesupport_fastrtps_cpp.dir/rosidl_typesupport_fastrtps_cpp/dwb_msgs/msg/detail/dds_fastrtps/trajectory2_d__type_support.cpp.o[0m
[8.969s] [ 42%] [32mBuilding CXX object CMakeFiles/dwb_msgs__rosidl_typesupport_fastrtps_cpp.dir/rosidl_typesupport_fastrtps_cpp/dwb_msgs/msg/detail/dds_fastrtps/trajectory_score__type_support.cpp.o[0m
[8.985s] [ 43%] [32mBuilding CXX object CMakeFiles/dwb_msgs__rosidl_typesupport_fastrtps_cpp.dir/rosidl_typesupport_fastrtps_cpp/dwb_msgs/srv/detail/dds_fastrtps/debug_local_plan__type_support.cpp.o[0m
[9.030s] [ 44%] [32mBuilding CXX object CMakeFiles/dwb_msgs__rosidl_typesupport_fastrtps_cpp.dir/rosidl_typesupport_fastrtps_cpp/dwb_msgs/srv/detail/dds_fastrtps/generate_trajectory__type_support.cpp.o[0m
[9.052s] [ 45%] [32mBuilding CXX object CMakeFiles/dwb_msgs__rosidl_typesupport_fastrtps_cpp.dir/rosidl_typesupport_fastrtps_cpp/dwb_msgs/srv/detail/dds_fastrtps/generate_twists__type_support.cpp.o[0m
[9.089s] [ 46%] [32mBuilding CXX object CMakeFiles/dwb_msgs__rosidl_typesupport_fastrtps_cpp.dir/rosidl_typesupport_fastrtps_cpp/dwb_msgs/srv/detail/dds_fastrtps/get_critic_score__type_support.cpp.o[0m
[9.103s] [ 47%] [32mBuilding CXX object CMakeFiles/dwb_msgs__rosidl_typesupport_c.dir/rosidl_typesupport_c/dwb_msgs/msg/critic_score__type_support.cpp.o[0m
[9.108s] [ 48%] [32mBuilding CXX object CMakeFiles/dwb_msgs__rosidl_typesupport_fastrtps_cpp.dir/rosidl_typesupport_fastrtps_cpp/dwb_msgs/srv/detail/dds_fastrtps/score_trajectory__type_support.cpp.o[0m
[9.129s] [ 49%] [32mBuilding CXX object CMakeFiles/dwb_msgs__rosidl_typesupport_c.dir/rosidl_typesupport_c/dwb_msgs/msg/local_plan_evaluation__type_support.cpp.o[0m
[9.160s] [ 50%] [32mBuilding CXX object CMakeFiles/dwb_msgs__rosidl_typesupport_c.dir/rosidl_typesupport_c/dwb_msgs/msg/trajectory2_d__type_support.cpp.o[0m
[9.229s] [ 51%] [32mBuilding CXX object CMakeFiles/dwb_msgs__rosidl_typesupport_c.dir/rosidl_typesupport_c/dwb_msgs/msg/trajectory_score__type_support.cpp.o[0m
[9.253s] [ 52%] [32mBuilding CXX object CMakeFiles/dwb_msgs__rosidl_typesupport_c.dir/rosidl_typesupport_c/dwb_msgs/srv/generate_trajectory__type_support.cpp.o[0m
[9.259s] [ 53%] [32m[1mLinking CXX shared library libdwb_msgs__rosidl_typesupport_introspection_cpp.so[0m
[9.259s] [ 54%] [32mBuilding CXX object CMakeFiles/dwb_msgs__rosidl_typesupport_c.dir/rosidl_typesupport_c/dwb_msgs/srv/debug_local_plan__type_support.cpp.o[0m
[9.268s] [ 55%] [32mBuilding CXX object CMakeFiles/dwb_msgs__rosidl_typesupport_c.dir/rosidl_typesupport_c/dwb_msgs/srv/generate_twists__type_support.cpp.o[0m
[9.306s] [ 57%] [32mBuilding C object CMakeFiles/dwb_msgs__rosidl_typesupport_introspection_c.dir/rosidl_typesupport_introspection_c/dwb_msgs/msg/detail/critic_score__type_support.c.o[0m
[9.313s] [ 56%] [32mBuilding C object CMakeFiles/dwb_msgs__rosidl_typesupport_introspection_c.dir/rosidl_typesupport_introspection_c/dwb_msgs/msg/detail/local_plan_evaluation__type_support.c.o[0m
[9.316s] [ 58%] [32mBuilding C object CMakeFiles/dwb_msgs__rosidl_typesupport_introspection_c.dir/rosidl_typesupport_introspection_c/dwb_msgs/msg/detail/trajectory2_d__type_support.c.o[0m
[9.361s] [ 61%] [32mBuilding CXX object CMakeFiles/dwb_msgs__rosidl_typesupport_c.dir/rosidl_typesupport_c/dwb_msgs/srv/score_trajectory__type_support.cpp.o[0m
[9.361s] [ 61%] [32mBuilding CXX object CMakeFiles/dwb_msgs__rosidl_typesupport_c.dir/rosidl_typesupport_c/dwb_msgs/srv/get_critic_score__type_support.cpp.o[0m
[9.422s] [ 62%] [32mBuilding C object CMakeFiles/dwb_msgs__rosidl_typesupport_introspection_c.dir/rosidl_typesupport_introspection_c/dwb_msgs/msg/detail/trajectory_score__type_support.c.o[0m
[9.429s] [ 63%] [32mBuilding C object CMakeFiles/dwb_msgs__rosidl_typesupport_introspection_c.dir/rosidl_typesupport_introspection_c/dwb_msgs/srv/detail/debug_local_plan__type_support.c.o[0m
[9.448s] [ 64%] [32mBuilding C object CMakeFiles/dwb_msgs__rosidl_typesupport_introspection_c.dir/rosidl_typesupport_introspection_c/dwb_msgs/srv/detail/generate_trajectory__type_support.c.o[0m
[9.503s] [ 65%] [32mBuilding C object CMakeFiles/dwb_msgs__rosidl_typesupport_introspection_c.dir/rosidl_typesupport_introspection_c/dwb_msgs/srv/detail/generate_twists__type_support.c.o[0m
[9.511s] [ 66%] [32m[1mLinking CXX shared library libdwb_msgs__rosidl_typesupport_c.so[0m
[9.593s] [ 67%] [32mBuilding C object CMakeFiles/dwb_msgs__rosidl_typesupport_introspection_c.dir/rosidl_typesupport_introspection_c/dwb_msgs/srv/detail/get_critic_score__type_support.c.o[0m
[9.598s] [ 68%] [32mBuilding C object CMakeFiles/dwb_msgs__rosidl_typesupport_introspection_c.dir/rosidl_typesupport_introspection_c/dwb_msgs/srv/detail/score_trajectory__type_support.c.o[0m
[9.598s] [ 69%] [32m[1mLinking CXX shared library libdwb_msgs__rosidl_typesupport_cpp.so[0m
[9.696s] [ 70%] [32mBuilding CXX object CMakeFiles/dwb_msgs__rosidl_typesupport_fastrtps_c.dir/rosidl_typesupport_fastrtps_c/dwb_msgs/msg/detail/critic_score__type_support_c.cpp.o[0m
[9.705s] [ 70%] Built target dwb_msgs__rosidl_typesupport_introspection_cpp
[9.738s] [ 71%] [32mBuilding CXX object CMakeFiles/dwb_msgs__rosidl_typesupport_fastrtps_c.dir/rosidl_typesupport_fastrtps_c/dwb_msgs/msg/detail/local_plan_evaluation__type_support_c.cpp.o[0m
[9.758s] [ 72%] [32m[1mLinking C shared library libdwb_msgs__rosidl_typesupport_introspection_c.so[0m
[9.766s] [ 73%] [32mBuilding CXX object CMakeFiles/dwb_msgs__rosidl_typesupport_fastrtps_c.dir/rosidl_typesupport_fastrtps_c/dwb_msgs/msg/detail/trajectory2_d__type_support_c.cpp.o[0m
[9.792s] [ 73%] Built target dwb_msgs__rosidl_typesupport_c
[9.800s] [ 74%] [32mBuilding CXX object CMakeFiles/dwb_msgs__rosidl_typesupport_fastrtps_c.dir/rosidl_typesupport_fastrtps_c/dwb_msgs/msg/detail/trajectory_score__type_support_c.cpp.o[0m
[9.815s] [ 75%] [32mBuilding CXX object CMakeFiles/dwb_msgs__rosidl_typesupport_fastrtps_c.dir/rosidl_typesupport_fastrtps_c/dwb_msgs/srv/detail/generate_twists__type_support_c.cpp.o[0m
[9.827s] [ 76%] [32mBuilding CXX object CMakeFiles/dwb_msgs__rosidl_typesupport_fastrtps_c.dir/rosidl_typesupport_fastrtps_c/dwb_msgs/srv/detail/debug_local_plan__type_support_c.cpp.o[0m
[9.828s] [ 77%] [32mBuilding CXX object CMakeFiles/dwb_msgs__rosidl_typesupport_fastrtps_c.dir/rosidl_typesupport_fastrtps_c/dwb_msgs/srv/detail/generate_trajectory__type_support_c.cpp.o[0m
[9.838s] [ 78%] [32mBuilding CXX object CMakeFiles/dwb_msgs__rosidl_typesupport_fastrtps_c.dir/rosidl_typesupport_fastrtps_c/dwb_msgs/srv/detail/get_critic_score__type_support_c.cpp.o[0m
[9.850s] [ 80%] [32mBuilding CXX object CMakeFiles/dwb_msgs__rosidl_typesupport_fastrtps_c.dir/rosidl_typesupport_fastrtps_c/dwb_msgs/srv/detail/score_trajectory__type_support_c.cpp.o[0m
[9.856s] [ 80%] Built target dwb_msgs__rosidl_typesupport_cpp
[9.973s] [ 80%] Built target dwb_msgs__rosidl_typesupport_introspection_c
[10.359s] [ 81%] [32m[1mLinking CXX shared library libdwb_msgs__rosidl_typesupport_fastrtps_cpp.so[0m
[10.670s] [ 81%] Built target dwb_msgs__rosidl_typesupport_fastrtps_cpp
[10.678s] [ 82%] [32m[1mLinking CXX shared library libdwb_msgs__rosidl_typesupport_fastrtps_c.so[0m
[11.006s] [ 82%] Built target dwb_msgs__rosidl_typesupport_fastrtps_c
[11.079s] [ 82%] Built target dwb_msgs
[11.175s] [ 83%] [34m[1mGenerating Python code for ROS interfaces[0m
[12.797s] [ 83%] Built target dwb_msgs__py
[12.807s] [ 84%] [32mBuilding C object CMakeFiles/dwb_msgs__rosidl_generator_py.dir/rosidl_generator_py/dwb_msgs/msg/_local_plan_evaluation_s.c.o[0m
[12.808s] [ 85%] [32mBuilding C object CMakeFiles/dwb_msgs__rosidl_generator_py.dir/rosidl_generator_py/dwb_msgs/msg/_critic_score_s.c.o[0m
[12.809s] [ 86%] [32mBuilding C object CMakeFiles/dwb_msgs__rosidl_generator_py.dir/rosidl_generator_py/dwb_msgs/srv/_get_critic_score_s.c.o[0m
[12.809s] [ 88%] [32mBuilding C object CMakeFiles/dwb_msgs__rosidl_generator_py.dir/rosidl_generator_py/dwb_msgs/msg/_trajectory_score_s.c.o[0m
[12.809s] [ 88%] [32mBuilding C object CMakeFiles/dwb_msgs__rosidl_generator_py.dir/rosidl_generator_py/dwb_msgs/srv/_debug_local_plan_s.c.o[0m
[12.809s] [ 89%] [32mBuilding C object CMakeFiles/dwb_msgs__rosidl_generator_py.dir/rosidl_generator_py/dwb_msgs/msg/_trajectory2_d_s.c.o[0m
[12.809s] [ 90%] [32mBuilding C object CMakeFiles/dwb_msgs__rosidl_generator_py.dir/rosidl_generator_py/dwb_msgs/srv/_generate_trajectory_s.c.o[0m
[12.809s] [ 91%] [32mBuilding C object CMakeFiles/dwb_msgs__rosidl_generator_py.dir/rosidl_generator_py/dwb_msgs/srv/_score_trajectory_s.c.o[0m
[12.811s] [ 92%] [32mBuilding C object CMakeFiles/dwb_msgs__rosidl_generator_py.dir/rosidl_generator_py/dwb_msgs/srv/_generate_twists_s.c.o[0m
[12.904s] [ 93%] [32m[1mLinking C shared library rosidl_generator_py/dwb_msgs/libdwb_msgs__rosidl_generator_py.so[0m
[13.083s] [ 93%] Built target dwb_msgs__rosidl_generator_py
[13.095s] [ 95%] [32mBuilding C object CMakeFiles/dwb_msgs__rosidl_typesupport_introspection_c__pyext.dir/rosidl_generator_py/dwb_msgs/_dwb_msgs_s.ep.rosidl_typesupport_introspection_c.c.o[0m
[13.095s] [ 95%] [32mBuilding C object CMakeFiles/dwb_msgs__rosidl_typesupport_fastrtps_c__pyext.dir/rosidl_generator_py/dwb_msgs/_dwb_msgs_s.ep.rosidl_typesupport_fastrtps_c.c.o[0m
[13.096s] [ 96%] [32mBuilding C object CMakeFiles/dwb_msgs__rosidl_typesupport_c__pyext.dir/rosidl_generator_py/dwb_msgs/_dwb_msgs_s.ep.rosidl_typesupport_c.c.o[0m
[13.175s] [ 97%] [32m[1mLinking C shared library rosidl_generator_py/dwb_msgs/dwb_msgs_s__rosidl_typesupport_fastrtps_c.cpython-310-x86_64-linux-gnu.so[0m
[13.177s] [ 98%] [32m[1mLinking C shared library rosidl_generator_py/dwb_msgs/dwb_msgs_s__rosidl_typesupport_introspection_c.cpython-310-x86_64-linux-gnu.so[0m
[13.177s] [100%] [32m[1mLinking C shared library rosidl_generator_py/dwb_msgs/dwb_msgs_s__rosidl_typesupport_c.cpython-310-x86_64-linux-gnu.so[0m
[13.292s] [100%] Built target dwb_msgs__rosidl_typesupport_c__pyext
[13.292s] [100%] Built target dwb_msgs__rosidl_typesupport_introspection_c__pyext
[13.293s] [100%] Built target dwb_msgs__rosidl_typesupport_fastrtps_c__pyext
[13.300s] Invoked command in '/home/aurora/RM25/build/dwb_msgs' returned '0': AMENT_PREFIX_PATH=/home/aurora/RM25/install/nav_2d_msgs:${AMENT_PREFIX_PATH} CMAKE_PREFIX_PATH=/home/aurora/RM25/install/nav_2d_msgs:/home/aurora/RM25/install/rm_robot_description:/home/aurora/RM25/install/nav2_msgs:/home/aurora/RM25/install/nav2_bringup:/home/aurora/RM25/install/four_omniwheel_robot:/home/aurora/ws_helloworld/install/pkg01_helloworld_cpp:/home/aurora/ws_helloworld/install/learning_tf2_cpp:/home/aurora/ws_helloworld/install/pkg02_helloworld_py:/opt/ros/humble LD_LIBRARY_PATH=/home/aurora/RM25/install/nav_2d_msgs/lib:${LD_LIBRARY_PATH} PYTHONPATH=/home/aurora/RM25/install/nav_2d_msgs/local/lib/python3.10/dist-packages:${PYTHONPATH} /usr/bin/cmake --build /home/aurora/RM25/build/dwb_msgs -- -j20 -l20
[13.408s] Invoking command in '/home/aurora/RM25/build/dwb_msgs': AMENT_PREFIX_PATH=/home/aurora/RM25/install/nav_2d_msgs:${AMENT_PREFIX_PATH} CMAKE_PREFIX_PATH=/home/aurora/RM25/install/nav_2d_msgs:/home/aurora/RM25/install/rm_robot_description:/home/aurora/RM25/install/nav2_msgs:/home/aurora/RM25/install/nav2_bringup:/home/aurora/RM25/install/four_omniwheel_robot:/home/aurora/ws_helloworld/install/pkg01_helloworld_cpp:/home/aurora/ws_helloworld/install/learning_tf2_cpp:/home/aurora/ws_helloworld/install/pkg02_helloworld_py:/opt/ros/humble LD_LIBRARY_PATH=/home/aurora/RM25/install/nav_2d_msgs/lib:${LD_LIBRARY_PATH} PYTHONPATH=/home/aurora/RM25/install/nav_2d_msgs/local/lib/python3.10/dist-packages:${PYTHONPATH} /usr/bin/cmake --install /home/aurora/RM25/build/dwb_msgs
[13.412s] -- Install configuration: ""
[13.413s] -- Execute custom install script
[13.413s] -- Symlinking: /home/aurora/RM25/install/dwb_msgs/share/ament_index/resource_index/rosidl_interfaces/dwb_msgs
[13.418s] -- Symlinking: /home/aurora/RM25/install/dwb_msgs/include/dwb_msgs/dwb_msgs/msg/critic_score.h
[13.423s] -- Symlinking: /home/aurora/RM25/install/dwb_msgs/include/dwb_msgs/dwb_msgs/msg/detail/critic_score__functions.h
[13.427s] -- Symlinking: /home/aurora/RM25/install/dwb_msgs/include/dwb_msgs/dwb_msgs/msg/detail/critic_score__struct.h
[13.431s] -- Symlinking: /home/aurora/RM25/install/dwb_msgs/include/dwb_msgs/dwb_msgs/msg/detail/critic_score__type_support.h
[13.435s] -- Symlinking: /home/aurora/RM25/install/dwb_msgs/include/dwb_msgs/dwb_msgs/msg/detail/local_plan_evaluation__functions.h
[13.440s] -- Symlinking: /home/aurora/RM25/install/dwb_msgs/include/dwb_msgs/dwb_msgs/msg/detail/local_plan_evaluation__struct.h
[13.444s] -- Symlinking: /home/aurora/RM25/install/dwb_msgs/include/dwb_msgs/dwb_msgs/msg/detail/local_plan_evaluation__type_support.h
[13.448s] -- Symlinking: /home/aurora/RM25/install/dwb_msgs/include/dwb_msgs/dwb_msgs/msg/detail/trajectory2_d__functions.h
[13.452s] -- Symlinking: /home/aurora/RM25/install/dwb_msgs/include/dwb_msgs/dwb_msgs/msg/detail/trajectory2_d__struct.h
[13.457s] -- Symlinking: /home/aurora/RM25/install/dwb_msgs/include/dwb_msgs/dwb_msgs/msg/detail/trajectory2_d__type_support.h
[13.461s] -- Symlinking: /home/aurora/RM25/install/dwb_msgs/include/dwb_msgs/dwb_msgs/msg/detail/trajectory_score__functions.h
[13.465s] -- Symlinking: /home/aurora/RM25/install/dwb_msgs/include/dwb_msgs/dwb_msgs/msg/detail/trajectory_score__struct.h
[13.470s] -- Symlinking: /home/aurora/RM25/install/dwb_msgs/include/dwb_msgs/dwb_msgs/msg/detail/trajectory_score__type_support.h
[13.475s] -- Symlinking: /home/aurora/RM25/install/dwb_msgs/include/dwb_msgs/dwb_msgs/msg/local_plan_evaluation.h
[13.480s] -- Symlinking: /home/aurora/RM25/install/dwb_msgs/include/dwb_msgs/dwb_msgs/msg/rosidl_generator_c__visibility_control.h
[13.484s] -- Symlinking: /home/aurora/RM25/install/dwb_msgs/include/dwb_msgs/dwb_msgs/msg/trajectory2_d.h
[13.488s] -- Symlinking: /home/aurora/RM25/install/dwb_msgs/include/dwb_msgs/dwb_msgs/msg/trajectory_score.h
[13.493s] -- Symlinking: /home/aurora/RM25/install/dwb_msgs/include/dwb_msgs/dwb_msgs/srv/debug_local_plan.h
[13.497s] -- Symlinking: /home/aurora/RM25/install/dwb_msgs/include/dwb_msgs/dwb_msgs/srv/detail/debug_local_plan__functions.h
[13.501s] -- Symlinking: /home/aurora/RM25/install/dwb_msgs/include/dwb_msgs/dwb_msgs/srv/detail/debug_local_plan__struct.h
[13.506s] -- Symlinking: /home/aurora/RM25/install/dwb_msgs/include/dwb_msgs/dwb_msgs/srv/detail/debug_local_plan__type_support.h
[13.510s] -- Symlinking: /home/aurora/RM25/install/dwb_msgs/include/dwb_msgs/dwb_msgs/srv/detail/generate_trajectory__functions.h
[13.515s] -- Symlinking: /home/aurora/RM25/install/dwb_msgs/include/dwb_msgs/dwb_msgs/srv/detail/generate_trajectory__struct.h
[13.519s] -- Symlinking: /home/aurora/RM25/install/dwb_msgs/include/dwb_msgs/dwb_msgs/srv/detail/generate_trajectory__type_support.h
[13.524s] -- Symlinking: /home/aurora/RM25/install/dwb_msgs/include/dwb_msgs/dwb_msgs/srv/detail/generate_twists__functions.h
[13.528s] -- Symlinking: /home/aurora/RM25/install/dwb_msgs/include/dwb_msgs/dwb_msgs/srv/detail/generate_twists__struct.h
[13.533s] -- Symlinking: /home/aurora/RM25/install/dwb_msgs/include/dwb_msgs/dwb_msgs/srv/detail/generate_twists__type_support.h
[13.537s] -- Symlinking: /home/aurora/RM25/install/dwb_msgs/include/dwb_msgs/dwb_msgs/srv/detail/get_critic_score__functions.h
[13.541s] -- Symlinking: /home/aurora/RM25/install/dwb_msgs/include/dwb_msgs/dwb_msgs/srv/detail/get_critic_score__struct.h
[13.545s] -- Symlinking: /home/aurora/RM25/install/dwb_msgs/include/dwb_msgs/dwb_msgs/srv/detail/get_critic_score__type_support.h
[13.550s] -- Symlinking: /home/aurora/RM25/install/dwb_msgs/include/dwb_msgs/dwb_msgs/srv/detail/score_trajectory__functions.h
[13.554s] -- Symlinking: /home/aurora/RM25/install/dwb_msgs/include/dwb_msgs/dwb_msgs/srv/detail/score_trajectory__struct.h
[13.558s] -- Symlinking: /home/aurora/RM25/install/dwb_msgs/include/dwb_msgs/dwb_msgs/srv/detail/score_trajectory__type_support.h
[13.563s] -- Symlinking: /home/aurora/RM25/install/dwb_msgs/include/dwb_msgs/dwb_msgs/srv/generate_trajectory.h
[13.569s] -- Symlinking: /home/aurora/RM25/install/dwb_msgs/include/dwb_msgs/dwb_msgs/srv/generate_twists.h
[13.574s] -- Symlinking: /home/aurora/RM25/install/dwb_msgs/include/dwb_msgs/dwb_msgs/srv/get_critic_score.h
[13.578s] -- Symlinking: /home/aurora/RM25/install/dwb_msgs/include/dwb_msgs/dwb_msgs/srv/score_trajectory.h
[13.582s] -- Symlinking: /home/aurora/RM25/install/dwb_msgs/share/dwb_msgs/environment/library_path.sh
[13.587s] -- Symlinking: /home/aurora/RM25/install/dwb_msgs/share/dwb_msgs/environment/library_path.dsv
[13.592s] -- Symlinking: /home/aurora/RM25/install/dwb_msgs/include/dwb_msgs/dwb_msgs/msg/detail/critic_score__rosidl_typesupport_fastrtps_c.h
[13.597s] -- Symlinking: /home/aurora/RM25/install/dwb_msgs/include/dwb_msgs/dwb_msgs/msg/detail/local_plan_evaluation__rosidl_typesupport_fastrtps_c.h
[13.602s] -- Symlinking: /home/aurora/RM25/install/dwb_msgs/include/dwb_msgs/dwb_msgs/msg/detail/trajectory2_d__rosidl_typesupport_fastrtps_c.h
[13.606s] -- Symlinking: /home/aurora/RM25/install/dwb_msgs/include/dwb_msgs/dwb_msgs/msg/detail/trajectory_score__rosidl_typesupport_fastrtps_c.h
[13.610s] -- Symlinking: /home/aurora/RM25/install/dwb_msgs/include/dwb_msgs/dwb_msgs/msg/rosidl_typesupport_fastrtps_c__visibility_control.h
[13.614s] -- Symlinking: /home/aurora/RM25/install/dwb_msgs/include/dwb_msgs/dwb_msgs/srv/detail/debug_local_plan__rosidl_typesupport_fastrtps_c.h
[13.619s] -- Symlinking: /home/aurora/RM25/install/dwb_msgs/include/dwb_msgs/dwb_msgs/srv/detail/generate_trajectory__rosidl_typesupport_fastrtps_c.h
[13.623s] -- Symlinking: /home/aurora/RM25/install/dwb_msgs/include/dwb_msgs/dwb_msgs/srv/detail/generate_twists__rosidl_typesupport_fastrtps_c.h
[13.627s] -- Symlinking: /home/aurora/RM25/install/dwb_msgs/include/dwb_msgs/dwb_msgs/srv/detail/get_critic_score__rosidl_typesupport_fastrtps_c.h
[13.632s] -- Symlinking: /home/aurora/RM25/install/dwb_msgs/include/dwb_msgs/dwb_msgs/srv/detail/score_trajectory__rosidl_typesupport_fastrtps_c.h
[13.636s] -- Symlinking: /home/aurora/RM25/install/dwb_msgs/include/dwb_msgs/dwb_msgs/msg/critic_score.hpp
[13.641s] -- Symlinking: /home/aurora/RM25/install/dwb_msgs/include/dwb_msgs/dwb_msgs/msg/detail/critic_score__builder.hpp
[13.646s] -- Symlinking: /home/aurora/RM25/install/dwb_msgs/include/dwb_msgs/dwb_msgs/msg/detail/critic_score__struct.hpp
[13.650s] -- Symlinking: /home/aurora/RM25/install/dwb_msgs/include/dwb_msgs/dwb_msgs/msg/detail/critic_score__traits.hpp
[13.655s] -- Symlinking: /home/aurora/RM25/install/dwb_msgs/include/dwb_msgs/dwb_msgs/msg/detail/local_plan_evaluation__builder.hpp
[13.659s] -- Symlinking: /home/aurora/RM25/install/dwb_msgs/include/dwb_msgs/dwb_msgs/msg/detail/local_plan_evaluation__struct.hpp
[13.664s] -- Symlinking: /home/aurora/RM25/install/dwb_msgs/include/dwb_msgs/dwb_msgs/msg/detail/local_plan_evaluation__traits.hpp
[13.669s] -- Symlinking: /home/aurora/RM25/install/dwb_msgs/include/dwb_msgs/dwb_msgs/msg/detail/trajectory2_d__builder.hpp
[13.673s] -- Symlinking: /home/aurora/RM25/install/dwb_msgs/include/dwb_msgs/dwb_msgs/msg/detail/trajectory2_d__struct.hpp
[13.678s] -- Symlinking: /home/aurora/RM25/install/dwb_msgs/include/dwb_msgs/dwb_msgs/msg/detail/trajectory2_d__traits.hpp
[13.682s] -- Symlinking: /home/aurora/RM25/install/dwb_msgs/include/dwb_msgs/dwb_msgs/msg/detail/trajectory_score__builder.hpp
[13.687s] -- Symlinking: /home/aurora/RM25/install/dwb_msgs/include/dwb_msgs/dwb_msgs/msg/detail/trajectory_score__struct.hpp
[13.692s] -- Symlinking: /home/aurora/RM25/install/dwb_msgs/include/dwb_msgs/dwb_msgs/msg/detail/trajectory_score__traits.hpp
[13.697s] -- Symlinking: /home/aurora/RM25/install/dwb_msgs/include/dwb_msgs/dwb_msgs/msg/local_plan_evaluation.hpp
[13.701s] -- Symlinking: /home/aurora/RM25/install/dwb_msgs/include/dwb_msgs/dwb_msgs/msg/trajectory2_d.hpp
[13.705s] -- Symlinking: /home/aurora/RM25/install/dwb_msgs/include/dwb_msgs/dwb_msgs/msg/trajectory_score.hpp
[13.710s] -- Symlinking: /home/aurora/RM25/install/dwb_msgs/include/dwb_msgs/dwb_msgs/srv/debug_local_plan.hpp
[13.714s] -- Symlinking: /home/aurora/RM25/install/dwb_msgs/include/dwb_msgs/dwb_msgs/srv/detail/debug_local_plan__builder.hpp
[13.718s] -- Symlinking: /home/aurora/RM25/install/dwb_msgs/include/dwb_msgs/dwb_msgs/srv/detail/debug_local_plan__struct.hpp
[13.723s] -- Symlinking: /home/aurora/RM25/install/dwb_msgs/include/dwb_msgs/dwb_msgs/srv/detail/debug_local_plan__traits.hpp
[13.728s] -- Symlinking: /home/aurora/RM25/install/dwb_msgs/include/dwb_msgs/dwb_msgs/srv/detail/generate_trajectory__builder.hpp
[13.732s] -- Symlinking: /home/aurora/RM25/install/dwb_msgs/include/dwb_msgs/dwb_msgs/srv/detail/generate_trajectory__struct.hpp
[13.736s] -- Symlinking: /home/aurora/RM25/install/dwb_msgs/include/dwb_msgs/dwb_msgs/srv/detail/generate_trajectory__traits.hpp
[13.740s] -- Symlinking: /home/aurora/RM25/install/dwb_msgs/include/dwb_msgs/dwb_msgs/srv/detail/generate_twists__builder.hpp
[13.745s] -- Symlinking: /home/aurora/RM25/install/dwb_msgs/include/dwb_msgs/dwb_msgs/srv/detail/generate_twists__struct.hpp
[13.749s] -- Symlinking: /home/aurora/RM25/install/dwb_msgs/include/dwb_msgs/dwb_msgs/srv/detail/generate_twists__traits.hpp
[13.754s] -- Symlinking: /home/aurora/RM25/install/dwb_msgs/include/dwb_msgs/dwb_msgs/srv/detail/get_critic_score__builder.hpp
[13.758s] -- Symlinking: /home/aurora/RM25/install/dwb_msgs/include/dwb_msgs/dwb_msgs/srv/detail/get_critic_score__struct.hpp
[13.763s] -- Symlinking: /home/aurora/RM25/install/dwb_msgs/include/dwb_msgs/dwb_msgs/srv/detail/get_critic_score__traits.hpp
[13.769s] -- Symlinking: /home/aurora/RM25/install/dwb_msgs/include/dwb_msgs/dwb_msgs/srv/detail/score_trajectory__builder.hpp
[13.773s] -- Symlinking: /home/aurora/RM25/install/dwb_msgs/include/dwb_msgs/dwb_msgs/srv/detail/score_trajectory__struct.hpp
[13.777s] -- Symlinking: /home/aurora/RM25/install/dwb_msgs/include/dwb_msgs/dwb_msgs/srv/detail/score_trajectory__traits.hpp
[13.781s] -- Symlinking: /home/aurora/RM25/install/dwb_msgs/include/dwb_msgs/dwb_msgs/srv/generate_trajectory.hpp
[13.785s] -- Symlinking: /home/aurora/RM25/install/dwb_msgs/include/dwb_msgs/dwb_msgs/srv/generate_twists.hpp
[13.790s] -- Symlinking: /home/aurora/RM25/install/dwb_msgs/include/dwb_msgs/dwb_msgs/srv/get_critic_score.hpp
[13.794s] -- Symlinking: /home/aurora/RM25/install/dwb_msgs/include/dwb_msgs/dwb_msgs/srv/score_trajectory.hpp
[13.798s] -- Symlinking: /home/aurora/RM25/install/dwb_msgs/include/dwb_msgs/dwb_msgs/msg/detail/critic_score__rosidl_typesupport_fastrtps_cpp.hpp
[13.802s] -- Symlinking: /home/aurora/RM25/install/dwb_msgs/include/dwb_msgs/dwb_msgs/msg/detail/local_plan_evaluation__rosidl_typesupport_fastrtps_cpp.hpp
[13.806s] -- Symlinking: /home/aurora/RM25/install/dwb_msgs/include/dwb_msgs/dwb_msgs/msg/detail/trajectory2_d__rosidl_typesupport_fastrtps_cpp.hpp
[13.810s] -- Symlinking: /home/aurora/RM25/install/dwb_msgs/include/dwb_msgs/dwb_msgs/msg/detail/trajectory_score__rosidl_typesupport_fastrtps_cpp.hpp
[13.815s] -- Symlinking: /home/aurora/RM25/install/dwb_msgs/include/dwb_msgs/dwb_msgs/msg/rosidl_typesupport_fastrtps_cpp__visibility_control.h
[13.819s] -- Symlinking: /home/aurora/RM25/install/dwb_msgs/include/dwb_msgs/dwb_msgs/srv/detail/debug_local_plan__rosidl_typesupport_fastrtps_cpp.hpp
[13.823s] -- Symlinking: /home/aurora/RM25/install/dwb_msgs/include/dwb_msgs/dwb_msgs/srv/detail/generate_trajectory__rosidl_typesupport_fastrtps_cpp.hpp
[13.827s] -- Symlinking: /home/aurora/RM25/install/dwb_msgs/include/dwb_msgs/dwb_msgs/srv/detail/generate_twists__rosidl_typesupport_fastrtps_cpp.hpp
[13.832s] -- Symlinking: /home/aurora/RM25/install/dwb_msgs/include/dwb_msgs/dwb_msgs/srv/detail/get_critic_score__rosidl_typesupport_fastrtps_cpp.hpp
[13.836s] -- Symlinking: /home/aurora/RM25/install/dwb_msgs/include/dwb_msgs/dwb_msgs/srv/detail/score_trajectory__rosidl_typesupport_fastrtps_cpp.hpp
[13.840s] -- Symlinking: /home/aurora/RM25/install/dwb_msgs/include/dwb_msgs/dwb_msgs/msg/detail/critic_score__rosidl_typesupport_introspection_c.h
[13.845s] -- Symlinking: /home/aurora/RM25/install/dwb_msgs/include/dwb_msgs/dwb_msgs/msg/detail/local_plan_evaluation__rosidl_typesupport_introspection_c.h
[13.849s] -- Symlinking: /home/aurora/RM25/install/dwb_msgs/include/dwb_msgs/dwb_msgs/msg/detail/trajectory2_d__rosidl_typesupport_introspection_c.h
[13.853s] -- Symlinking: /home/aurora/RM25/install/dwb_msgs/include/dwb_msgs/dwb_msgs/msg/detail/trajectory_score__rosidl_typesupport_introspection_c.h
[13.858s] -- Symlinking: /home/aurora/RM25/install/dwb_msgs/include/dwb_msgs/dwb_msgs/msg/rosidl_typesupport_introspection_c__visibility_control.h
[13.864s] -- Symlinking: /home/aurora/RM25/install/dwb_msgs/include/dwb_msgs/dwb_msgs/srv/detail/debug_local_plan__rosidl_typesupport_introspection_c.h
[13.870s] -- Symlinking: /home/aurora/RM25/install/dwb_msgs/include/dwb_msgs/dwb_msgs/srv/detail/generate_trajectory__rosidl_typesupport_introspection_c.h
[13.875s] -- Symlinking: /home/aurora/RM25/install/dwb_msgs/include/dwb_msgs/dwb_msgs/srv/detail/generate_twists__rosidl_typesupport_introspection_c.h
[13.879s] -- Symlinking: /home/aurora/RM25/install/dwb_msgs/include/dwb_msgs/dwb_msgs/srv/detail/get_critic_score__rosidl_typesupport_introspection_c.h
[13.884s] -- Symlinking: /home/aurora/RM25/install/dwb_msgs/include/dwb_msgs/dwb_msgs/srv/detail/score_trajectory__rosidl_typesupport_introspection_c.h
[13.890s] -- Symlinking: /home/aurora/RM25/install/dwb_msgs/include/dwb_msgs/dwb_msgs/msg/detail/critic_score__rosidl_typesupport_introspection_cpp.hpp
[13.895s] -- Symlinking: /home/aurora/RM25/install/dwb_msgs/include/dwb_msgs/dwb_msgs/msg/detail/local_plan_evaluation__rosidl_typesupport_introspection_cpp.hpp
[13.899s] -- Symlinking: /home/aurora/RM25/install/dwb_msgs/include/dwb_msgs/dwb_msgs/msg/detail/trajectory2_d__rosidl_typesupport_introspection_cpp.hpp
[13.904s] -- Symlinking: /home/aurora/RM25/install/dwb_msgs/include/dwb_msgs/dwb_msgs/msg/detail/trajectory_score__rosidl_typesupport_introspection_cpp.hpp
[13.909s] -- Symlinking: /home/aurora/RM25/install/dwb_msgs/include/dwb_msgs/dwb_msgs/srv/detail/debug_local_plan__rosidl_typesupport_introspection_cpp.hpp
[13.914s] -- Symlinking: /home/aurora/RM25/install/dwb_msgs/include/dwb_msgs/dwb_msgs/srv/detail/generate_trajectory__rosidl_typesupport_introspection_cpp.hpp
[13.919s] -- Symlinking: /home/aurora/RM25/install/dwb_msgs/include/dwb_msgs/dwb_msgs/srv/detail/generate_twists__rosidl_typesupport_introspection_cpp.hpp
[13.924s] -- Symlinking: /home/aurora/RM25/install/dwb_msgs/include/dwb_msgs/dwb_msgs/srv/detail/get_critic_score__rosidl_typesupport_introspection_cpp.hpp
[13.930s] -- Symlinking: /home/aurora/RM25/install/dwb_msgs/include/dwb_msgs/dwb_msgs/srv/detail/score_trajectory__rosidl_typesupport_introspection_cpp.hpp
[13.934s] -- Symlinking: /home/aurora/RM25/install/dwb_msgs/share/dwb_msgs/environment/pythonpath.sh
[13.939s] -- Symlinking: /home/aurora/RM25/install/dwb_msgs/share/dwb_msgs/environment/pythonpath.dsv
[13.943s] -- Symlinking: /home/aurora/RM25/install/dwb_msgs/local/lib/python3.10/dist-packages/dwb_msgs-1.3.1-py3.10.egg-info/PKG-INFO
[13.947s] -- Symlinking: /home/aurora/RM25/install/dwb_msgs/local/lib/python3.10/dist-packages/dwb_msgs-1.3.1-py3.10.egg-info/SOURCES.txt
[13.952s] -- Symlinking: /home/aurora/RM25/install/dwb_msgs/local/lib/python3.10/dist-packages/dwb_msgs-1.3.1-py3.10.egg-info/dependency_links.txt
[13.956s] -- Symlinking: /home/aurora/RM25/install/dwb_msgs/local/lib/python3.10/dist-packages/dwb_msgs-1.3.1-py3.10.egg-info/top_level.txt
[13.961s] -- Symlinking: /home/aurora/RM25/install/dwb_msgs/local/lib/python3.10/dist-packages/dwb_msgs/__init__.py
[13.967s] -- Symlinking: /home/aurora/RM25/install/dwb_msgs/local/lib/python3.10/dist-packages/dwb_msgs/_dwb_msgs_s.ep.rosidl_typesupport_c.c
[13.972s] -- Symlinking: /home/aurora/RM25/install/dwb_msgs/local/lib/python3.10/dist-packages/dwb_msgs/_dwb_msgs_s.ep.rosidl_typesupport_fastrtps_c.c
[13.977s] -- Symlinking: /home/aurora/RM25/install/dwb_msgs/local/lib/python3.10/dist-packages/dwb_msgs/_dwb_msgs_s.ep.rosidl_typesupport_introspection_c.c
[13.981s] -- Symlinking: /home/aurora/RM25/install/dwb_msgs/local/lib/python3.10/dist-packages/dwb_msgs/dwb_msgs_s__rosidl_typesupport_c.cpython-310-x86_64-linux-gnu.so
[13.986s] -- Symlinking: /home/aurora/RM25/install/dwb_msgs/local/lib/python3.10/dist-packages/dwb_msgs/dwb_msgs_s__rosidl_typesupport_fastrtps_c.cpython-310-x86_64-linux-gnu.so
[13.990s] -- Symlinking: /home/aurora/RM25/install/dwb_msgs/local/lib/python3.10/dist-packages/dwb_msgs/dwb_msgs_s__rosidl_typesupport_introspection_c.cpython-310-x86_64-linux-gnu.so
[13.995s] -- Symlinking: /home/aurora/RM25/install/dwb_msgs/local/lib/python3.10/dist-packages/dwb_msgs/libdwb_msgs__rosidl_generator_py.so
[14.000s] -- Symlinking: /home/aurora/RM25/install/dwb_msgs/local/lib/python3.10/dist-packages/dwb_msgs/msg/__init__.py
[14.004s] -- Symlinking: /home/aurora/RM25/install/dwb_msgs/local/lib/python3.10/dist-packages/dwb_msgs/msg/_critic_score.py
[14.010s] -- Symlinking: /home/aurora/RM25/install/dwb_msgs/local/lib/python3.10/dist-packages/dwb_msgs/msg/_critic_score_s.c
[14.015s] -- Symlinking: /home/aurora/RM25/install/dwb_msgs/local/lib/python3.10/dist-packages/dwb_msgs/msg/_local_plan_evaluation.py
[14.019s] -- Symlinking: /home/aurora/RM25/install/dwb_msgs/local/lib/python3.10/dist-packages/dwb_msgs/msg/_local_plan_evaluation_s.c
[14.023s] -- Symlinking: /home/aurora/RM25/install/dwb_msgs/local/lib/python3.10/dist-packages/dwb_msgs/msg/_trajectory2_d.py
[14.027s] -- Symlinking: /home/aurora/RM25/install/dwb_msgs/local/lib/python3.10/dist-packages/dwb_msgs/msg/_trajectory2_d_s.c
[14.032s] -- Symlinking: /home/aurora/RM25/install/dwb_msgs/local/lib/python3.10/dist-packages/dwb_msgs/msg/_trajectory_score.py
[14.037s] -- Symlinking: /home/aurora/RM25/install/dwb_msgs/local/lib/python3.10/dist-packages/dwb_msgs/msg/_trajectory_score_s.c
[14.041s] -- Symlinking: /home/aurora/RM25/install/dwb_msgs/local/lib/python3.10/dist-packages/dwb_msgs/srv/__init__.py
[14.045s] -- Symlinking: /home/aurora/RM25/install/dwb_msgs/local/lib/python3.10/dist-packages/dwb_msgs/srv/_debug_local_plan.py
[14.049s] -- Symlinking: /home/aurora/RM25/install/dwb_msgs/local/lib/python3.10/dist-packages/dwb_msgs/srv/_debug_local_plan_s.c
[14.053s] -- Symlinking: /home/aurora/RM25/install/dwb_msgs/local/lib/python3.10/dist-packages/dwb_msgs/srv/_generate_trajectory.py
[14.058s] -- Symlinking: /home/aurora/RM25/install/dwb_msgs/local/lib/python3.10/dist-packages/dwb_msgs/srv/_generate_trajectory_s.c
[14.062s] -- Symlinking: /home/aurora/RM25/install/dwb_msgs/local/lib/python3.10/dist-packages/dwb_msgs/srv/_generate_twists.py
[14.067s] -- Symlinking: /home/aurora/RM25/install/dwb_msgs/local/lib/python3.10/dist-packages/dwb_msgs/srv/_generate_twists_s.c
[14.072s] -- Symlinking: /home/aurora/RM25/install/dwb_msgs/local/lib/python3.10/dist-packages/dwb_msgs/srv/_get_critic_score.py
[14.079s] -- Symlinking: /home/aurora/RM25/install/dwb_msgs/local/lib/python3.10/dist-packages/dwb_msgs/srv/_get_critic_score_s.c
[14.085s] -- Symlinking: /home/aurora/RM25/install/dwb_msgs/local/lib/python3.10/dist-packages/dwb_msgs/srv/_score_trajectory.py
[14.090s] -- Symlinking: /home/aurora/RM25/install/dwb_msgs/local/lib/python3.10/dist-packages/dwb_msgs/srv/_score_trajectory_s.c
[14.096s] -- Up-to-date symlink: /home/aurora/RM25/install/dwb_msgs/local/lib/python3.10/dist-packages/dwb_msgs/dwb_msgs_s__rosidl_typesupport_fastrtps_c.cpython-310-x86_64-linux-gnu.so
[14.096s] -- Up-to-date symlink: /home/aurora/RM25/install/dwb_msgs/local/lib/python3.10/dist-packages/dwb_msgs/dwb_msgs_s__rosidl_typesupport_introspection_c.cpython-310-x86_64-linux-gnu.so
[14.096s] -- Up-to-date symlink: /home/aurora/RM25/install/dwb_msgs/local/lib/python3.10/dist-packages/dwb_msgs/dwb_msgs_s__rosidl_typesupport_c.cpython-310-x86_64-linux-gnu.so
[14.096s] -- Symlinking: /home/aurora/RM25/install/dwb_msgs/share/dwb_msgs/msg/CriticScore.idl
[14.104s] -- Symlinking: /home/aurora/RM25/install/dwb_msgs/share/dwb_msgs/msg/LocalPlanEvaluation.idl
[14.112s] -- Symlinking: /home/aurora/RM25/install/dwb_msgs/share/dwb_msgs/msg/Trajectory2D.idl
[14.122s] -- Symlinking: /home/aurora/RM25/install/dwb_msgs/share/dwb_msgs/msg/TrajectoryScore.idl
[14.129s] -- Symlinking: /home/aurora/RM25/install/dwb_msgs/share/dwb_msgs/srv/DebugLocalPlan.idl
[14.137s] -- Symlinking: /home/aurora/RM25/install/dwb_msgs/share/dwb_msgs/srv/GenerateTrajectory.idl
[14.142s] -- Symlinking: /home/aurora/RM25/install/dwb_msgs/share/dwb_msgs/srv/GenerateTwists.idl
[14.148s] -- Symlinking: /home/aurora/RM25/install/dwb_msgs/share/dwb_msgs/srv/GetCriticScore.idl
[14.154s] -- Symlinking: /home/aurora/RM25/install/dwb_msgs/share/dwb_msgs/srv/ScoreTrajectory.idl
[14.159s] -- Symlinking: /home/aurora/RM25/install/dwb_msgs/share/dwb_msgs/msg/CriticScore.msg
[14.164s] -- Symlinking: /home/aurora/RM25/install/dwb_msgs/share/dwb_msgs/msg/LocalPlanEvaluation.msg
[14.171s] -- Symlinking: /home/aurora/RM25/install/dwb_msgs/share/dwb_msgs/msg/Trajectory2D.msg
[14.175s] -- Symlinking: /home/aurora/RM25/install/dwb_msgs/share/dwb_msgs/msg/TrajectoryScore.msg
[14.180s] -- Symlinking: /home/aurora/RM25/install/dwb_msgs/share/dwb_msgs/srv/DebugLocalPlan.srv
[14.184s] -- Symlinking: /home/aurora/RM25/install/dwb_msgs/share/dwb_msgs/srv/DebugLocalPlan_Request.msg
[14.189s] -- Symlinking: /home/aurora/RM25/install/dwb_msgs/share/dwb_msgs/srv/DebugLocalPlan_Response.msg
[14.194s] -- Symlinking: /home/aurora/RM25/install/dwb_msgs/share/dwb_msgs/srv/GenerateTrajectory.srv
[14.198s] -- Symlinking: /home/aurora/RM25/install/dwb_msgs/share/dwb_msgs/srv/GenerateTrajectory_Request.msg
[14.202s] -- Symlinking: /home/aurora/RM25/install/dwb_msgs/share/dwb_msgs/srv/GenerateTrajectory_Response.msg
[14.207s] -- Symlinking: /home/aurora/RM25/install/dwb_msgs/share/dwb_msgs/srv/GenerateTwists.srv
[14.212s] -- Symlinking: /home/aurora/RM25/install/dwb_msgs/share/dwb_msgs/srv/GenerateTwists_Request.msg
[14.217s] -- Symlinking: /home/aurora/RM25/install/dwb_msgs/share/dwb_msgs/srv/GenerateTwists_Response.msg
[14.222s] -- Symlinking: /home/aurora/RM25/install/dwb_msgs/share/dwb_msgs/srv/GetCriticScore.srv
[14.227s] -- Symlinking: /home/aurora/RM25/install/dwb_msgs/share/dwb_msgs/srv/GetCriticScore_Request.msg
[14.232s] -- Symlinking: /home/aurora/RM25/install/dwb_msgs/share/dwb_msgs/srv/GetCriticScore_Response.msg
[14.237s] -- Symlinking: /home/aurora/RM25/install/dwb_msgs/share/dwb_msgs/srv/ScoreTrajectory.srv
[14.241s] -- Symlinking: /home/aurora/RM25/install/dwb_msgs/share/dwb_msgs/srv/ScoreTrajectory_Request.msg
[14.246s] -- Symlinking: /home/aurora/RM25/install/dwb_msgs/share/dwb_msgs/srv/ScoreTrajectory_Response.msg
[14.252s] -- Symlinking: /home/aurora/RM25/install/dwb_msgs/share/ament_index/resource_index/package_run_dependencies/dwb_msgs
[14.257s] -- Symlinking: /home/aurora/RM25/install/dwb_msgs/share/ament_index/resource_index/parent_prefix_path/dwb_msgs
[14.265s] -- Symlinking: /home/aurora/RM25/install/dwb_msgs/share/dwb_msgs/environment/ament_prefix_path.sh
[14.271s] -- Symlinking: /home/aurora/RM25/install/dwb_msgs/share/dwb_msgs/environment/ament_prefix_path.dsv
[14.277s] -- Symlinking: /home/aurora/RM25/install/dwb_msgs/share/dwb_msgs/environment/path.sh
[14.285s] -- Symlinking: /home/aurora/RM25/install/dwb_msgs/share/dwb_msgs/environment/path.dsv
[14.291s] -- Symlinking: /home/aurora/RM25/install/dwb_msgs/share/dwb_msgs/local_setup.bash
[14.296s] -- Symlinking: /home/aurora/RM25/install/dwb_msgs/share/dwb_msgs/local_setup.sh
[14.300s] -- Symlinking: /home/aurora/RM25/install/dwb_msgs/share/dwb_msgs/local_setup.zsh
[14.305s] -- Symlinking: /home/aurora/RM25/install/dwb_msgs/share/dwb_msgs/local_setup.dsv
[14.310s] -- Symlinking: /home/aurora/RM25/install/dwb_msgs/share/dwb_msgs/package.dsv
[14.315s] -- Symlinking: /home/aurora/RM25/install/dwb_msgs/share/ament_index/resource_index/packages/dwb_msgs
[14.320s] -- Symlinking: /home/aurora/RM25/install/dwb_msgs/share/dwb_msgs/cmake/rosidl_cmake-extras.cmake
[14.324s] -- Symlinking: /home/aurora/RM25/install/dwb_msgs/share/dwb_msgs/cmake/ament_cmake_export_dependencies-extras.cmake
[14.329s] -- Symlinking: /home/aurora/RM25/install/dwb_msgs/share/dwb_msgs/cmake/ament_cmake_export_include_directories-extras.cmake
[14.333s] -- Symlinking: /home/aurora/RM25/install/dwb_msgs/share/dwb_msgs/cmake/ament_cmake_export_libraries-extras.cmake
[14.338s] -- Symlinking: /home/aurora/RM25/install/dwb_msgs/share/dwb_msgs/cmake/ament_cmake_export_targets-extras.cmake
[14.342s] -- Symlinking: /home/aurora/RM25/install/dwb_msgs/share/dwb_msgs/cmake/rosidl_cmake_export_typesupport_targets-extras.cmake
[14.347s] -- Symlinking: /home/aurora/RM25/install/dwb_msgs/share/dwb_msgs/cmake/rosidl_cmake_export_typesupport_libraries-extras.cmake
[14.352s] -- Symlinking: /home/aurora/RM25/install/dwb_msgs/share/dwb_msgs/cmake/dwb_msgsConfig.cmake
[14.357s] -- Symlinking: /home/aurora/RM25/install/dwb_msgs/share/dwb_msgs/cmake/dwb_msgsConfig-version.cmake
[14.362s] -- Symlinking: /home/aurora/RM25/install/dwb_msgs/share/dwb_msgs/package.xml
[14.367s] -- Installing: /home/aurora/RM25/install/dwb_msgs/lib/libdwb_msgs__rosidl_generator_c.so
[14.367s] -- Set runtime path of "/home/aurora/RM25/install/dwb_msgs/lib/libdwb_msgs__rosidl_generator_c.so" to ""
[14.368s] -- Installing: /home/aurora/RM25/install/dwb_msgs/lib/libdwb_msgs__rosidl_typesupport_fastrtps_c.so
[14.368s] -- Set runtime path of "/home/aurora/RM25/install/dwb_msgs/lib/libdwb_msgs__rosidl_typesupport_fastrtps_c.so" to ""
[14.368s] -- Installing: /home/aurora/RM25/install/dwb_msgs/lib/libdwb_msgs__rosidl_typesupport_fastrtps_cpp.so
[14.368s] -- Set runtime path of "/home/aurora/RM25/install/dwb_msgs/lib/libdwb_msgs__rosidl_typesupport_fastrtps_cpp.so" to ""
[14.368s] -- Installing: /home/aurora/RM25/install/dwb_msgs/lib/libdwb_msgs__rosidl_typesupport_introspection_c.so
[14.368s] -- Set runtime path of "/home/aurora/RM25/install/dwb_msgs/lib/libdwb_msgs__rosidl_typesupport_introspection_c.so" to ""
[14.368s] -- Installing: /home/aurora/RM25/install/dwb_msgs/lib/libdwb_msgs__rosidl_typesupport_c.so
[14.368s] -- Set runtime path of "/home/aurora/RM25/install/dwb_msgs/lib/libdwb_msgs__rosidl_typesupport_c.so" to ""
[14.368s] -- Installing: /home/aurora/RM25/install/dwb_msgs/lib/libdwb_msgs__rosidl_typesupport_introspection_cpp.so
[14.369s] -- Set runtime path of "/home/aurora/RM25/install/dwb_msgs/lib/libdwb_msgs__rosidl_typesupport_introspection_cpp.so" to ""
[14.369s] -- Installing: /home/aurora/RM25/install/dwb_msgs/lib/libdwb_msgs__rosidl_typesupport_cpp.so
[14.369s] -- Set runtime path of "/home/aurora/RM25/install/dwb_msgs/lib/libdwb_msgs__rosidl_typesupport_cpp.so" to ""
[14.403s] Listing '/home/aurora/RM25/install/dwb_msgs/local/lib/python3.10/dist-packages/dwb_msgs'...
[14.403s] Compiling '/home/aurora/RM25/install/dwb_msgs/local/lib/python3.10/dist-packages/dwb_msgs/__init__.py'...
[14.403s] Listing '/home/aurora/RM25/install/dwb_msgs/local/lib/python3.10/dist-packages/dwb_msgs/msg'...
[14.403s] Compiling '/home/aurora/RM25/install/dwb_msgs/local/lib/python3.10/dist-packages/dwb_msgs/msg/__init__.py'...
[14.403s] Compiling '/home/aurora/RM25/install/dwb_msgs/local/lib/python3.10/dist-packages/dwb_msgs/msg/_critic_score.py'...
[14.403s] Compiling '/home/aurora/RM25/install/dwb_msgs/local/lib/python3.10/dist-packages/dwb_msgs/msg/_local_plan_evaluation.py'...
[14.403s] Compiling '/home/aurora/RM25/install/dwb_msgs/local/lib/python3.10/dist-packages/dwb_msgs/msg/_trajectory2_d.py'...
[14.403s] Compiling '/home/aurora/RM25/install/dwb_msgs/local/lib/python3.10/dist-packages/dwb_msgs/msg/_trajectory_score.py'...
[14.403s] Listing '/home/aurora/RM25/install/dwb_msgs/local/lib/python3.10/dist-packages/dwb_msgs/srv'...
[14.403s] Compiling '/home/aurora/RM25/install/dwb_msgs/local/lib/python3.10/dist-packages/dwb_msgs/srv/__init__.py'...
[14.403s] Compiling '/home/aurora/RM25/install/dwb_msgs/local/lib/python3.10/dist-packages/dwb_msgs/srv/_debug_local_plan.py'...
[14.403s] Compiling '/home/aurora/RM25/install/dwb_msgs/local/lib/python3.10/dist-packages/dwb_msgs/srv/_generate_trajectory.py'...
[14.403s] Compiling '/home/aurora/RM25/install/dwb_msgs/local/lib/python3.10/dist-packages/dwb_msgs/srv/_generate_twists.py'...
[14.403s] Compiling '/home/aurora/RM25/install/dwb_msgs/local/lib/python3.10/dist-packages/dwb_msgs/srv/_get_critic_score.py'...
[14.403s] Compiling '/home/aurora/RM25/install/dwb_msgs/local/lib/python3.10/dist-packages/dwb_msgs/srv/_score_trajectory.py'...
[14.409s] -- Installing: /home/aurora/RM25/install/dwb_msgs/lib/libdwb_msgs__rosidl_generator_py.so
[14.409s] -- Set runtime path of "/home/aurora/RM25/install/dwb_msgs/lib/libdwb_msgs__rosidl_generator_py.so" to ""
[14.409s] -- Installing: /home/aurora/RM25/install/dwb_msgs/share/dwb_msgs/cmake/export_dwb_msgs__rosidl_generator_cExport.cmake
[14.409s] -- Installing: /home/aurora/RM25/install/dwb_msgs/share/dwb_msgs/cmake/export_dwb_msgs__rosidl_generator_cExport-noconfig.cmake
[14.410s] -- Installing: /home/aurora/RM25/install/dwb_msgs/share/dwb_msgs/cmake/export_dwb_msgs__rosidl_typesupport_fastrtps_cExport.cmake
[14.410s] -- Installing: /home/aurora/RM25/install/dwb_msgs/share/dwb_msgs/cmake/export_dwb_msgs__rosidl_typesupport_fastrtps_cExport-noconfig.cmake
[14.410s] -- Installing: /home/aurora/RM25/install/dwb_msgs/share/dwb_msgs/cmake/export_dwb_msgs__rosidl_generator_cppExport.cmake
[14.410s] -- Installing: /home/aurora/RM25/install/dwb_msgs/share/dwb_msgs/cmake/export_dwb_msgs__rosidl_typesupport_fastrtps_cppExport.cmake
[14.410s] -- Installing: /home/aurora/RM25/install/dwb_msgs/share/dwb_msgs/cmake/export_dwb_msgs__rosidl_typesupport_fastrtps_cppExport-noconfig.cmake
[14.410s] -- Installing: /home/aurora/RM25/install/dwb_msgs/share/dwb_msgs/cmake/dwb_msgs__rosidl_typesupport_introspection_cExport.cmake
[14.410s] -- Installing: /home/aurora/RM25/install/dwb_msgs/share/dwb_msgs/cmake/dwb_msgs__rosidl_typesupport_introspection_cExport-noconfig.cmake
[14.410s] -- Installing: /home/aurora/RM25/install/dwb_msgs/share/dwb_msgs/cmake/dwb_msgs__rosidl_typesupport_cExport.cmake
[14.411s] -- Installing: /home/aurora/RM25/install/dwb_msgs/share/dwb_msgs/cmake/dwb_msgs__rosidl_typesupport_cExport-noconfig.cmake
[14.411s] -- Installing: /home/aurora/RM25/install/dwb_msgs/share/dwb_msgs/cmake/dwb_msgs__rosidl_typesupport_introspection_cppExport.cmake
[14.411s] -- Installing: /home/aurora/RM25/install/dwb_msgs/share/dwb_msgs/cmake/dwb_msgs__rosidl_typesupport_introspection_cppExport-noconfig.cmake
[14.411s] -- Installing: /home/aurora/RM25/install/dwb_msgs/share/dwb_msgs/cmake/dwb_msgs__rosidl_typesupport_cppExport.cmake
[14.411s] -- Installing: /home/aurora/RM25/install/dwb_msgs/share/dwb_msgs/cmake/dwb_msgs__rosidl_typesupport_cppExport-noconfig.cmake
[14.411s] -- Installing: /home/aurora/RM25/install/dwb_msgs/share/dwb_msgs/cmake/export_dwb_msgs__rosidl_generator_pyExport.cmake
[14.411s] -- Installing: /home/aurora/RM25/install/dwb_msgs/share/dwb_msgs/cmake/export_dwb_msgs__rosidl_generator_pyExport-noconfig.cmake
[14.413s] Invoked command in '/home/aurora/RM25/build/dwb_msgs' returned '0': AMENT_PREFIX_PATH=/home/aurora/RM25/install/nav_2d_msgs:${AMENT_PREFIX_PATH} CMAKE_PREFIX_PATH=/home/aurora/RM25/install/nav_2d_msgs:/home/aurora/RM25/install/rm_robot_description:/home/aurora/RM25/install/nav2_msgs:/home/aurora/RM25/install/nav2_bringup:/home/aurora/RM25/install/four_omniwheel_robot:/home/aurora/ws_helloworld/install/pkg01_helloworld_cpp:/home/aurora/ws_helloworld/install/learning_tf2_cpp:/home/aurora/ws_helloworld/install/pkg02_helloworld_py:/opt/ros/humble LD_LIBRARY_PATH=/home/aurora/RM25/install/nav_2d_msgs/lib:${LD_LIBRARY_PATH} PYTHONPATH=/home/aurora/RM25/install/nav_2d_msgs/local/lib/python3.10/dist-packages:${PYTHONPATH} /usr/bin/cmake --install /home/aurora/RM25/build/dwb_msgs
