-- The C compiler identification is GNU 11.4.0
-- The CXX compiler identification is GNU 11.4.0
-- Detecting C compiler ABI info
-- Detecting C compiler ABI info - done
-- Check for working C compiler: /usr/bin/cc - skipped
-- Detecting C compile features
-- Detecting C compile features - done
-- Detecting CXX compiler ABI info
-- Detecting CXX compiler ABI info - done
-- Check for working CXX compiler: /usr/bin/c++ - skipped
-- Detecting CXX compile features
-- Detecting CXX compile features - done
-- Found ament_cmake_auto: 1.3.10 (/opt/ros/humble/share/ament_cmake_auto/cmake)
-- Found Python3: /usr/bin/python3 (found version "3.10.12") found components: Interpreter 
-- Found ament_lint_auto: 0.12.11 (/opt/ros/humble/share/ament_lint_auto/cmake)
-- Configuring done
-- Generating done
-- Build files have been written to: /home/aurora/RM25/src/build/rm_robot_description
-- Install configuration: ""
-- Installing: /home/aurora/RM25/src/install/rm_robot_description/share/rm_robot_description/urdf
-- Installing: /home/aurora/RM25/src/install/rm_robot_description/share/rm_robot_description/urdf/robot.urdf.xacro
-- Installing: /home/aurora/RM25/src/install/rm_robot_description/share/rm_robot_description/urdf/mid360.xacro
-- Installing: /home/aurora/RM25/src/install/rm_robot_description/share/rm_robot_description/urdf/four_omniwheel_robot.urdf
-- Installing: /home/aurora/RM25/src/install/rm_robot_description/share/rm_robot_description/urdf/simulation.urdf
-- Installing: /home/aurora/RM25/src/install/rm_robot_description/share/rm_robot_description/urdf/robot.urdf
-- Installing: /home/aurora/RM25/src/install/rm_robot_description/share/rm_robot_description/urdf/sim_robot.urdf
-- Installing: /home/aurora/RM25/src/install/rm_robot_description/share/rm_robot_description/urdf/simulation_waking_robot.xacro
-- Installing: /home/aurora/RM25/src/install/rm_robot_description/share/rm_robot_description/world
-- Installing: /home/aurora/RM25/src/install/rm_robot_description/share/rm_robot_description/world/rmul
-- Installing: /home/aurora/RM25/src/install/rm_robot_description/share/rm_robot_description/world/rmul/RMUL25.world
-- Installing: /home/aurora/RM25/src/install/rm_robot_description/share/rm_robot_description/world/rmul/model.sdf
-- Installing: /home/aurora/RM25/src/install/rm_robot_description/share/rm_robot_description/world/rmul/model.config
-- Installing: /home/aurora/RM25/src/install/rm_robot_description/share/rm_robot_description/world/RMUL25.world
-- Installing: /home/aurora/RM25/src/install/rm_robot_description/share/rm_robot_description/world/RMUC24_world.world
-- Installing: /home/aurora/RM25/src/install/rm_robot_description/share/rm_robot_description/world/my_world.world
-- Installing: /home/aurora/RM25/src/install/rm_robot_description/share/rm_robot_description/world/25UL
-- Installing: /home/aurora/RM25/src/install/rm_robot_description/share/rm_robot_description/world/25UL/RMUL25.world
-- Installing: /home/aurora/RM25/src/install/rm_robot_description/share/rm_robot_description/world/25UL/model.sdf
-- Installing: /home/aurora/RM25/src/install/rm_robot_description/share/rm_robot_description/world/25UL/model.config
-- Installing: /home/aurora/RM25/src/install/rm_robot_description/share/rm_robot_description/rviz
-- Installing: /home/aurora/RM25/src/install/rm_robot_description/share/rm_robot_description/rviz/fastlio.rviz
-- Installing: /home/aurora/RM25/src/install/rm_robot_description/share/rm_robot_description/rviz/rviz2.rviz
-- Installing: /home/aurora/RM25/src/install/rm_robot_description/share/rm_robot_description/rviz/urdf_config.rviz
-- Installing: /home/aurora/RM25/src/install/rm_robot_description/share/rm_robot_description/launch
-- Installing: /home/aurora/RM25/src/install/rm_robot_description/share/rm_robot_description/launch/rm_simulation.launch.py
-- Installing: /home/aurora/RM25/src/install/rm_robot_description/share/rm_robot_description/launch/build
-- Installing: /home/aurora/RM25/src/install/rm_robot_description/share/rm_robot_description/launch/build/COLCON_IGNORE
-- Installing: /home/aurora/RM25/src/install/rm_robot_description/share/rm_robot_description/launch/build/.built_by
-- Installing: /home/aurora/RM25/src/install/rm_robot_description/share/rm_robot_description/launch/robotv2.launch.py
-- Installing: /home/aurora/RM25/src/install/rm_robot_description/share/rm_robot_description/launch/log
-- Installing: /home/aurora/RM25/src/install/rm_robot_description/share/rm_robot_description/launch/log/latest_build
-- Installing: /home/aurora/RM25/src/install/rm_robot_description/share/rm_robot_description/launch/log/COLCON_IGNORE
-- Installing: /home/aurora/RM25/src/install/rm_robot_description/share/rm_robot_description/launch/log/build_2024-11-12_20-59-25
-- Installing: /home/aurora/RM25/src/install/rm_robot_description/share/rm_robot_description/launch/log/build_2024-11-12_20-59-25/logger_all.log
-- Installing: /home/aurora/RM25/src/install/rm_robot_description/share/rm_robot_description/launch/log/build_2024-11-12_20-59-25/events.log
-- Installing: /home/aurora/RM25/src/install/rm_robot_description/share/rm_robot_description/launch/log/latest
-- Installing: /home/aurora/RM25/src/install/rm_robot_description/share/rm_robot_description/launch/log/build_2024-11-14_12-02-55
-- Installing: /home/aurora/RM25/src/install/rm_robot_description/share/rm_robot_description/launch/log/build_2024-11-14_12-02-55/logger_all.log
-- Installing: /home/aurora/RM25/src/install/rm_robot_description/share/rm_robot_description/launch/log/build_2024-11-14_12-02-55/events.log
-- Installing: /home/aurora/RM25/src/install/rm_robot_description/share/rm_robot_description/launch/install
-- Installing: /home/aurora/RM25/src/install/rm_robot_description/share/rm_robot_description/launch/install/COLCON_IGNORE
-- Installing: /home/aurora/RM25/src/install/rm_robot_description/share/rm_robot_description/launch/install/setup.ps1
-- Installing: /home/aurora/RM25/src/install/rm_robot_description/share/rm_robot_description/launch/install/_local_setup_util_sh.py
-- Installing: /home/aurora/RM25/src/install/rm_robot_description/share/rm_robot_description/launch/install/local_setup.ps1
-- Installing: /home/aurora/RM25/src/install/rm_robot_description/share/rm_robot_description/launch/install/local_setup.bash
-- Installing: /home/aurora/RM25/src/install/rm_robot_description/share/rm_robot_description/launch/install/_local_setup_util_ps1.py
-- Installing: /home/aurora/RM25/src/install/rm_robot_description/share/rm_robot_description/launch/install/setup.zsh
-- Installing: /home/aurora/RM25/src/install/rm_robot_description/share/rm_robot_description/launch/install/.colcon_install_layout
-- Installing: /home/aurora/RM25/src/install/rm_robot_description/share/rm_robot_description/launch/install/local_setup.sh
-- Installing: /home/aurora/RM25/src/install/rm_robot_description/share/rm_robot_description/launch/install/local_setup.zsh
-- Installing: /home/aurora/RM25/src/install/rm_robot_description/share/rm_robot_description/launch/install/setup.sh
-- Installing: /home/aurora/RM25/src/install/rm_robot_description/share/rm_robot_description/launch/install/setup.bash
-- Installing: /home/aurora/RM25/src/install/rm_robot_description/share/rm_robot_description/launch/robot.launch.py
-- Installing: /home/aurora/RM25/src/install/rm_robot_description/share/rm_robot_description/meshes
-- Installing: /home/aurora/RM25/src/install/rm_robot_description/share/rm_robot_description/meshes/obstacles
-- Installing: /home/aurora/RM25/src/install/rm_robot_description/share/rm_robot_description/meshes/obstacles/obstacle2
-- Installing: /home/aurora/RM25/src/install/rm_robot_description/share/rm_robot_description/meshes/obstacles/obstacle2/model.sdf
-- Installing: /home/aurora/RM25/src/install/rm_robot_description/share/rm_robot_description/meshes/obstacles/obstacle2/model.config
-- Installing: /home/aurora/RM25/src/install/rm_robot_description/share/rm_robot_description/meshes/obstacles/obstacle5
-- Installing: /home/aurora/RM25/src/install/rm_robot_description/share/rm_robot_description/meshes/obstacles/obstacle5/model.sdf
-- Installing: /home/aurora/RM25/src/install/rm_robot_description/share/rm_robot_description/meshes/obstacles/obstacle5/model.config
-- Installing: /home/aurora/RM25/src/install/rm_robot_description/share/rm_robot_description/meshes/obstacles/obstacle4
-- Installing: /home/aurora/RM25/src/install/rm_robot_description/share/rm_robot_description/meshes/obstacles/obstacle4/model.sdf
-- Installing: /home/aurora/RM25/src/install/rm_robot_description/share/rm_robot_description/meshes/obstacles/obstacle4/model.config
-- Installing: /home/aurora/RM25/src/install/rm_robot_description/share/rm_robot_description/meshes/obstacles/obstacle11
-- Installing: /home/aurora/RM25/src/install/rm_robot_description/share/rm_robot_description/meshes/obstacles/obstacle11/model.sdf
-- Installing: /home/aurora/RM25/src/install/rm_robot_description/share/rm_robot_description/meshes/obstacles/obstacle11/model.config
-- Installing: /home/aurora/RM25/src/install/rm_robot_description/share/rm_robot_description/meshes/obstacles/obstacle10
-- Installing: /home/aurora/RM25/src/install/rm_robot_description/share/rm_robot_description/meshes/obstacles/obstacle10/model.sdf
-- Installing: /home/aurora/RM25/src/install/rm_robot_description/share/rm_robot_description/meshes/obstacles/obstacle10/model.config
-- Installing: /home/aurora/RM25/src/install/rm_robot_description/share/rm_robot_description/meshes/obstacles/obstacle3
-- Installing: /home/aurora/RM25/src/install/rm_robot_description/share/rm_robot_description/meshes/obstacles/obstacle3/model.sdf
-- Installing: /home/aurora/RM25/src/install/rm_robot_description/share/rm_robot_description/meshes/obstacles/obstacle3/model.config
-- Installing: /home/aurora/RM25/src/install/rm_robot_description/share/rm_robot_description/meshes/obstacles/obstacle_plugin
-- Installing: /home/aurora/RM25/src/install/rm_robot_description/share/rm_robot_description/meshes/obstacles/obstacle_plugin/obstacle1.cc
-- Installing: /home/aurora/RM25/src/install/rm_robot_description/share/rm_robot_description/meshes/obstacles/obstacle_plugin/obstacle3.cc
-- Installing: /home/aurora/RM25/src/install/rm_robot_description/share/rm_robot_description/meshes/obstacles/obstacle_plugin/obstacle4.cc
-- Installing: /home/aurora/RM25/src/install/rm_robot_description/share/rm_robot_description/meshes/obstacles/obstacle_plugin/obstacle8.cc
-- Installing: /home/aurora/RM25/src/install/rm_robot_description/share/rm_robot_description/meshes/obstacles/obstacle_plugin/lib
-- Installing: /home/aurora/RM25/src/install/rm_robot_description/share/rm_robot_description/meshes/obstacles/obstacle_plugin/lib/libobstacles.so
-- Installing: /home/aurora/RM25/src/install/rm_robot_description/share/rm_robot_description/meshes/obstacles/obstacle_plugin/lib/libobstacle4.so
-- Installing: /home/aurora/RM25/src/install/rm_robot_description/share/rm_robot_description/meshes/obstacles/obstacle_plugin/lib/libobstacle5.so
-- Installing: /home/aurora/RM25/src/install/rm_robot_description/share/rm_robot_description/meshes/obstacles/obstacle_plugin/lib/libobstacle12.so
-- Installing: /home/aurora/RM25/src/install/rm_robot_description/share/rm_robot_description/meshes/obstacles/obstacle_plugin/lib/libobstacle8.so
-- Installing: /home/aurora/RM25/src/install/rm_robot_description/share/rm_robot_description/meshes/obstacles/obstacle_plugin/lib/libobstacle7.so
-- Installing: /home/aurora/RM25/src/install/rm_robot_description/share/rm_robot_description/meshes/obstacles/obstacle_plugin/lib/libobstacle9.so
-- Installing: /home/aurora/RM25/src/install/rm_robot_description/share/rm_robot_description/meshes/obstacles/obstacle_plugin/lib/libobstacle6.so
-- Installing: /home/aurora/RM25/src/install/rm_robot_description/share/rm_robot_description/meshes/obstacles/obstacle_plugin/lib/libobstacle11.so
-- Installing: /home/aurora/RM25/src/install/rm_robot_description/share/rm_robot_description/meshes/obstacles/obstacle_plugin/lib/libobstacle3.so
-- Installing: /home/aurora/RM25/src/install/rm_robot_description/share/rm_robot_description/meshes/obstacles/obstacle_plugin/lib/libobstacle1.so
-- Installing: /home/aurora/RM25/src/install/rm_robot_description/share/rm_robot_description/meshes/obstacles/obstacle_plugin/lib/libobstacle2.so
-- Installing: /home/aurora/RM25/src/install/rm_robot_description/share/rm_robot_description/meshes/obstacles/obstacle_plugin/lib/libobstacle10.so
-- Installing: /home/aurora/RM25/src/install/rm_robot_description/share/rm_robot_description/meshes/obstacles/obstacle_plugin/obstacle10.cc
-- Installing: /home/aurora/RM25/src/install/rm_robot_description/share/rm_robot_description/meshes/obstacles/obstacle_plugin/obstacle6.cc
-- Installing: /home/aurora/RM25/src/install/rm_robot_description/share/rm_robot_description/meshes/obstacles/obstacle_plugin/obstacle5.cc
-- Installing: /home/aurora/RM25/src/install/rm_robot_description/share/rm_robot_description/meshes/obstacles/obstacle_plugin/obstacle11.cc
-- Installing: /home/aurora/RM25/src/install/rm_robot_description/share/rm_robot_description/meshes/obstacles/obstacle_plugin/CMakeLists.txt
-- Installing: /home/aurora/RM25/src/install/rm_robot_description/share/rm_robot_description/meshes/obstacles/obstacle_plugin/obstacle2.cc
-- Installing: /home/aurora/RM25/src/install/rm_robot_description/share/rm_robot_description/meshes/obstacles/obstacle_plugin/obstacle9.cc
-- Installing: /home/aurora/RM25/src/install/rm_robot_description/share/rm_robot_description/meshes/obstacles/obstacle_plugin/obstacles.cc
-- Installing: /home/aurora/RM25/src/install/rm_robot_description/share/rm_robot_description/meshes/obstacles/obstacle_plugin/obstacle7.cc
-- Installing: /home/aurora/RM25/src/install/rm_robot_description/share/rm_robot_description/meshes/obstacles/obstacle_plugin/obstacle12.cc
-- Installing: /home/aurora/RM25/src/install/rm_robot_description/share/rm_robot_description/meshes/obstacles/obstacle_plugin/obstacle13.cc
-- Installing: /home/aurora/RM25/src/install/rm_robot_description/share/rm_robot_description/meshes/obstacles/obstacle6
-- Installing: /home/aurora/RM25/src/install/rm_robot_description/share/rm_robot_description/meshes/obstacles/obstacle6/model.sdf
-- Installing: /home/aurora/RM25/src/install/rm_robot_description/share/rm_robot_description/meshes/obstacles/obstacle6/model.config
-- Installing: /home/aurora/RM25/src/install/rm_robot_description/share/rm_robot_description/meshes/obstacles/obstacle1
-- Installing: /home/aurora/RM25/src/install/rm_robot_description/share/rm_robot_description/meshes/obstacles/obstacle1/model.sdf
-- Installing: /home/aurora/RM25/src/install/rm_robot_description/share/rm_robot_description/meshes/obstacles/obstacle1/model.config
-- Installing: /home/aurora/RM25/src/install/rm_robot_description/share/rm_robot_description/meshes/obstacles/obstacle12
-- Installing: /home/aurora/RM25/src/install/rm_robot_description/share/rm_robot_description/meshes/obstacles/obstacle12/model.sdf
-- Installing: /home/aurora/RM25/src/install/rm_robot_description/share/rm_robot_description/meshes/obstacles/obstacle12/model.config
-- Installing: /home/aurora/RM25/src/install/rm_robot_description/share/rm_robot_description/meshes/obstacles/obstacle7
-- Installing: /home/aurora/RM25/src/install/rm_robot_description/share/rm_robot_description/meshes/obstacles/obstacle7/model.sdf
-- Installing: /home/aurora/RM25/src/install/rm_robot_description/share/rm_robot_description/meshes/obstacles/obstacle7/model.config
-- Installing: /home/aurora/RM25/src/install/rm_robot_description/share/rm_robot_description/meshes/obstacles/obstacle8
-- Installing: /home/aurora/RM25/src/install/rm_robot_description/share/rm_robot_description/meshes/obstacles/obstacle8/model.sdf
-- Installing: /home/aurora/RM25/src/install/rm_robot_description/share/rm_robot_description/meshes/obstacles/obstacle8/model.config
-- Installing: /home/aurora/RM25/src/install/rm_robot_description/share/rm_robot_description/meshes/obstacles/obstacle9
-- Installing: /home/aurora/RM25/src/install/rm_robot_description/share/rm_robot_description/meshes/obstacles/obstacle9/model.sdf
-- Installing: /home/aurora/RM25/src/install/rm_robot_description/share/rm_robot_description/meshes/obstacles/obstacle9/model.config
-- Installing: /home/aurora/RM25/src/install/rm_robot_description/share/rm_robot_description/meshes/display.launch
-- Installing: /home/aurora/RM25/src/install/rm_robot_description/share/rm_robot_description/meshes/gazebo.launch.py
-- Installing: /home/aurora/RM25/src/install/rm_robot_description/share/rm_robot_description/meshes/omniwheel3_link.STL
-- Installing: /home/aurora/RM25/src/install/rm_robot_description/share/rm_robot_description/meshes/RMUC_2024.stl
-- Installing: /home/aurora/RM25/src/install/rm_robot_description/share/rm_robot_description/meshes/mid360.stl
-- Installing: /home/aurora/RM25/src/install/rm_robot_description/share/rm_robot_description/meshes/RMUL_2024.stl
-- Installing: /home/aurora/RM25/src/install/rm_robot_description/share/rm_robot_description/meshes/controller_link.STL
-- Installing: /home/aurora/RM25/src/install/rm_robot_description/share/rm_robot_description/meshes/display.launch.py
-- Installing: /home/aurora/RM25/src/install/rm_robot_description/share/rm_robot_description/meshes/gazebo.launch
-- Installing: /home/aurora/RM25/src/install/rm_robot_description/share/rm_robot_description/meshes/omniwheel1_link.STL
-- Installing: /home/aurora/RM25/src/install/rm_robot_description/share/rm_robot_description/meshes/omniwheel4_link.STL
-- Installing: /home/aurora/RM25/src/install/rm_robot_description/share/rm_robot_description/meshes/base_link.STL
-- Installing: /home/aurora/RM25/src/install/rm_robot_description/share/rm_robot_description/meshes/mid360laser_link.STL
-- Installing: /home/aurora/RM25/src/install/rm_robot_description/share/rm_robot_description/meshes/omniwheel2_link.STL
-- Up-to-date: /home/aurora/RM25/src/install/rm_robot_description/share/rm_robot_description/launch
-- Up-to-date: /home/aurora/RM25/src/install/rm_robot_description/share/rm_robot_description/launch/rm_simulation.launch.py
-- Up-to-date: /home/aurora/RM25/src/install/rm_robot_description/share/rm_robot_description/launch/build
-- Up-to-date: /home/aurora/RM25/src/install/rm_robot_description/share/rm_robot_description/launch/build/COLCON_IGNORE
-- Up-to-date: /home/aurora/RM25/src/install/rm_robot_description/share/rm_robot_description/launch/build/.built_by
-- Up-to-date: /home/aurora/RM25/src/install/rm_robot_description/share/rm_robot_description/launch/robotv2.launch.py
-- Up-to-date: /home/aurora/RM25/src/install/rm_robot_description/share/rm_robot_description/launch/log
-- Up-to-date: /home/aurora/RM25/src/install/rm_robot_description/share/rm_robot_description/launch/log/latest_build
-- Up-to-date: /home/aurora/RM25/src/install/rm_robot_description/share/rm_robot_description/launch/log/COLCON_IGNORE
-- Up-to-date: /home/aurora/RM25/src/install/rm_robot_description/share/rm_robot_description/launch/log/build_2024-11-12_20-59-25
-- Up-to-date: /home/aurora/RM25/src/install/rm_robot_description/share/rm_robot_description/launch/log/build_2024-11-12_20-59-25/logger_all.log
-- Up-to-date: /home/aurora/RM25/src/install/rm_robot_description/share/rm_robot_description/launch/log/build_2024-11-12_20-59-25/events.log
-- Up-to-date: /home/aurora/RM25/src/install/rm_robot_description/share/rm_robot_description/launch/log/latest
-- Up-to-date: /home/aurora/RM25/src/install/rm_robot_description/share/rm_robot_description/launch/log/build_2024-11-14_12-02-55
-- Up-to-date: /home/aurora/RM25/src/install/rm_robot_description/share/rm_robot_description/launch/log/build_2024-11-14_12-02-55/logger_all.log
-- Up-to-date: /home/aurora/RM25/src/install/rm_robot_description/share/rm_robot_description/launch/log/build_2024-11-14_12-02-55/events.log
-- Up-to-date: /home/aurora/RM25/src/install/rm_robot_description/share/rm_robot_description/launch/install
-- Up-to-date: /home/aurora/RM25/src/install/rm_robot_description/share/rm_robot_description/launch/install/COLCON_IGNORE
-- Up-to-date: /home/aurora/RM25/src/install/rm_robot_description/share/rm_robot_description/launch/install/setup.ps1
-- Up-to-date: /home/aurora/RM25/src/install/rm_robot_description/share/rm_robot_description/launch/install/_local_setup_util_sh.py
-- Up-to-date: /home/aurora/RM25/src/install/rm_robot_description/share/rm_robot_description/launch/install/local_setup.ps1
-- Up-to-date: /home/aurora/RM25/src/install/rm_robot_description/share/rm_robot_description/launch/install/local_setup.bash
-- Up-to-date: /home/aurora/RM25/src/install/rm_robot_description/share/rm_robot_description/launch/install/_local_setup_util_ps1.py
-- Up-to-date: /home/aurora/RM25/src/install/rm_robot_description/share/rm_robot_description/launch/install/setup.zsh
-- Up-to-date: /home/aurora/RM25/src/install/rm_robot_description/share/rm_robot_description/launch/install/.colcon_install_layout
-- Up-to-date: /home/aurora/RM25/src/install/rm_robot_description/share/rm_robot_description/launch/install/local_setup.sh
-- Up-to-date: /home/aurora/RM25/src/install/rm_robot_description/share/rm_robot_description/launch/install/local_setup.zsh
-- Up-to-date: /home/aurora/RM25/src/install/rm_robot_description/share/rm_robot_description/launch/install/setup.sh
-- Up-to-date: /home/aurora/RM25/src/install/rm_robot_description/share/rm_robot_description/launch/install/setup.bash
-- Up-to-date: /home/aurora/RM25/src/install/rm_robot_description/share/rm_robot_description/launch/robot.launch.py
-- Up-to-date: /home/aurora/RM25/src/install/rm_robot_description/share/rm_robot_description/urdf
-- Up-to-date: /home/aurora/RM25/src/install/rm_robot_description/share/rm_robot_description/urdf/robot.urdf.xacro
-- Up-to-date: /home/aurora/RM25/src/install/rm_robot_description/share/rm_robot_description/urdf/mid360.xacro
-- Up-to-date: /home/aurora/RM25/src/install/rm_robot_description/share/rm_robot_description/urdf/four_omniwheel_robot.urdf
-- Up-to-date: /home/aurora/RM25/src/install/rm_robot_description/share/rm_robot_description/urdf/simulation.urdf
-- Up-to-date: /home/aurora/RM25/src/install/rm_robot_description/share/rm_robot_description/urdf/robot.urdf
-- Up-to-date: /home/aurora/RM25/src/install/rm_robot_description/share/rm_robot_description/urdf/sim_robot.urdf
-- Up-to-date: /home/aurora/RM25/src/install/rm_robot_description/share/rm_robot_description/urdf/simulation_waking_robot.xacro
-- Up-to-date: /home/aurora/RM25/src/install/rm_robot_description/share/rm_robot_description/meshes
-- Up-to-date: /home/aurora/RM25/src/install/rm_robot_description/share/rm_robot_description/meshes/obstacles
-- Up-to-date: /home/aurora/RM25/src/install/rm_robot_description/share/rm_robot_description/meshes/obstacles/obstacle2
-- Up-to-date: /home/aurora/RM25/src/install/rm_robot_description/share/rm_robot_description/meshes/obstacles/obstacle2/model.sdf
-- Up-to-date: /home/aurora/RM25/src/install/rm_robot_description/share/rm_robot_description/meshes/obstacles/obstacle2/model.config
-- Up-to-date: /home/aurora/RM25/src/install/rm_robot_description/share/rm_robot_description/meshes/obstacles/obstacle5
-- Up-to-date: /home/aurora/RM25/src/install/rm_robot_description/share/rm_robot_description/meshes/obstacles/obstacle5/model.sdf
-- Up-to-date: /home/aurora/RM25/src/install/rm_robot_description/share/rm_robot_description/meshes/obstacles/obstacle5/model.config
-- Up-to-date: /home/aurora/RM25/src/install/rm_robot_description/share/rm_robot_description/meshes/obstacles/obstacle4
-- Up-to-date: /home/aurora/RM25/src/install/rm_robot_description/share/rm_robot_description/meshes/obstacles/obstacle4/model.sdf
-- Up-to-date: /home/aurora/RM25/src/install/rm_robot_description/share/rm_robot_description/meshes/obstacles/obstacle4/model.config
-- Up-to-date: /home/aurora/RM25/src/install/rm_robot_description/share/rm_robot_description/meshes/obstacles/obstacle11
-- Up-to-date: /home/aurora/RM25/src/install/rm_robot_description/share/rm_robot_description/meshes/obstacles/obstacle11/model.sdf
-- Up-to-date: /home/aurora/RM25/src/install/rm_robot_description/share/rm_robot_description/meshes/obstacles/obstacle11/model.config
-- Up-to-date: /home/aurora/RM25/src/install/rm_robot_description/share/rm_robot_description/meshes/obstacles/obstacle10
-- Up-to-date: /home/aurora/RM25/src/install/rm_robot_description/share/rm_robot_description/meshes/obstacles/obstacle10/model.sdf
-- Up-to-date: /home/aurora/RM25/src/install/rm_robot_description/share/rm_robot_description/meshes/obstacles/obstacle10/model.config
-- Up-to-date: /home/aurora/RM25/src/install/rm_robot_description/share/rm_robot_description/meshes/obstacles/obstacle3
-- Up-to-date: /home/aurora/RM25/src/install/rm_robot_description/share/rm_robot_description/meshes/obstacles/obstacle3/model.sdf
-- Up-to-date: /home/aurora/RM25/src/install/rm_robot_description/share/rm_robot_description/meshes/obstacles/obstacle3/model.config
-- Up-to-date: /home/aurora/RM25/src/install/rm_robot_description/share/rm_robot_description/meshes/obstacles/obstacle_plugin
-- Up-to-date: /home/aurora/RM25/src/install/rm_robot_description/share/rm_robot_description/meshes/obstacles/obstacle_plugin/obstacle1.cc
-- Up-to-date: /home/aurora/RM25/src/install/rm_robot_description/share/rm_robot_description/meshes/obstacles/obstacle_plugin/obstacle3.cc
-- Up-to-date: /home/aurora/RM25/src/install/rm_robot_description/share/rm_robot_description/meshes/obstacles/obstacle_plugin/obstacle4.cc
-- Up-to-date: /home/aurora/RM25/src/install/rm_robot_description/share/rm_robot_description/meshes/obstacles/obstacle_plugin/obstacle8.cc
-- Up-to-date: /home/aurora/RM25/src/install/rm_robot_description/share/rm_robot_description/meshes/obstacles/obstacle_plugin/lib
-- Up-to-date: /home/aurora/RM25/src/install/rm_robot_description/share/rm_robot_description/meshes/obstacles/obstacle_plugin/lib/libobstacles.so
-- Up-to-date: /home/aurora/RM25/src/install/rm_robot_description/share/rm_robot_description/meshes/obstacles/obstacle_plugin/lib/libobstacle4.so
-- Up-to-date: /home/aurora/RM25/src/install/rm_robot_description/share/rm_robot_description/meshes/obstacles/obstacle_plugin/lib/libobstacle5.so
-- Up-to-date: /home/aurora/RM25/src/install/rm_robot_description/share/rm_robot_description/meshes/obstacles/obstacle_plugin/lib/libobstacle12.so
-- Up-to-date: /home/aurora/RM25/src/install/rm_robot_description/share/rm_robot_description/meshes/obstacles/obstacle_plugin/lib/libobstacle8.so
-- Up-to-date: /home/aurora/RM25/src/install/rm_robot_description/share/rm_robot_description/meshes/obstacles/obstacle_plugin/lib/libobstacle7.so
-- Up-to-date: /home/aurora/RM25/src/install/rm_robot_description/share/rm_robot_description/meshes/obstacles/obstacle_plugin/lib/libobstacle9.so
-- Up-to-date: /home/aurora/RM25/src/install/rm_robot_description/share/rm_robot_description/meshes/obstacles/obstacle_plugin/lib/libobstacle6.so
-- Up-to-date: /home/aurora/RM25/src/install/rm_robot_description/share/rm_robot_description/meshes/obstacles/obstacle_plugin/lib/libobstacle11.so
-- Up-to-date: /home/aurora/RM25/src/install/rm_robot_description/share/rm_robot_description/meshes/obstacles/obstacle_plugin/lib/libobstacle3.so
-- Up-to-date: /home/aurora/RM25/src/install/rm_robot_description/share/rm_robot_description/meshes/obstacles/obstacle_plugin/lib/libobstacle1.so
-- Up-to-date: /home/aurora/RM25/src/install/rm_robot_description/share/rm_robot_description/meshes/obstacles/obstacle_plugin/lib/libobstacle2.so
-- Up-to-date: /home/aurora/RM25/src/install/rm_robot_description/share/rm_robot_description/meshes/obstacles/obstacle_plugin/lib/libobstacle10.so
-- Up-to-date: /home/aurora/RM25/src/install/rm_robot_description/share/rm_robot_description/meshes/obstacles/obstacle_plugin/obstacle10.cc
-- Up-to-date: /home/aurora/RM25/src/install/rm_robot_description/share/rm_robot_description/meshes/obstacles/obstacle_plugin/obstacle6.cc
-- Up-to-date: /home/aurora/RM25/src/install/rm_robot_description/share/rm_robot_description/meshes/obstacles/obstacle_plugin/obstacle5.cc
-- Up-to-date: /home/aurora/RM25/src/install/rm_robot_description/share/rm_robot_description/meshes/obstacles/obstacle_plugin/obstacle11.cc
-- Up-to-date: /home/aurora/RM25/src/install/rm_robot_description/share/rm_robot_description/meshes/obstacles/obstacle_plugin/CMakeLists.txt
-- Up-to-date: /home/aurora/RM25/src/install/rm_robot_description/share/rm_robot_description/meshes/obstacles/obstacle_plugin/obstacle2.cc
-- Up-to-date: /home/aurora/RM25/src/install/rm_robot_description/share/rm_robot_description/meshes/obstacles/obstacle_plugin/obstacle9.cc
-- Up-to-date: /home/aurora/RM25/src/install/rm_robot_description/share/rm_robot_description/meshes/obstacles/obstacle_plugin/obstacles.cc
-- Up-to-date: /home/aurora/RM25/src/install/rm_robot_description/share/rm_robot_description/meshes/obstacles/obstacle_plugin/obstacle7.cc
-- Up-to-date: /home/aurora/RM25/src/install/rm_robot_description/share/rm_robot_description/meshes/obstacles/obstacle_plugin/obstacle12.cc
-- Up-to-date: /home/aurora/RM25/src/install/rm_robot_description/share/rm_robot_description/meshes/obstacles/obstacle_plugin/obstacle13.cc
-- Up-to-date: /home/aurora/RM25/src/install/rm_robot_description/share/rm_robot_description/meshes/obstacles/obstacle6
-- Up-to-date: /home/aurora/RM25/src/install/rm_robot_description/share/rm_robot_description/meshes/obstacles/obstacle6/model.sdf
-- Up-to-date: /home/aurora/RM25/src/install/rm_robot_description/share/rm_robot_description/meshes/obstacles/obstacle6/model.config
-- Up-to-date: /home/aurora/RM25/src/install/rm_robot_description/share/rm_robot_description/meshes/obstacles/obstacle1
-- Up-to-date: /home/aurora/RM25/src/install/rm_robot_description/share/rm_robot_description/meshes/obstacles/obstacle1/model.sdf
-- Up-to-date: /home/aurora/RM25/src/install/rm_robot_description/share/rm_robot_description/meshes/obstacles/obstacle1/model.config
-- Up-to-date: /home/aurora/RM25/src/install/rm_robot_description/share/rm_robot_description/meshes/obstacles/obstacle12
-- Up-to-date: /home/aurora/RM25/src/install/rm_robot_description/share/rm_robot_description/meshes/obstacles/obstacle12/model.sdf
-- Up-to-date: /home/aurora/RM25/src/install/rm_robot_description/share/rm_robot_description/meshes/obstacles/obstacle12/model.config
-- Up-to-date: /home/aurora/RM25/src/install/rm_robot_description/share/rm_robot_description/meshes/obstacles/obstacle7
-- Up-to-date: /home/aurora/RM25/src/install/rm_robot_description/share/rm_robot_description/meshes/obstacles/obstacle7/model.sdf
-- Up-to-date: /home/aurora/RM25/src/install/rm_robot_description/share/rm_robot_description/meshes/obstacles/obstacle7/model.config
-- Up-to-date: /home/aurora/RM25/src/install/rm_robot_description/share/rm_robot_description/meshes/obstacles/obstacle8
-- Up-to-date: /home/aurora/RM25/src/install/rm_robot_description/share/rm_robot_description/meshes/obstacles/obstacle8/model.sdf
-- Up-to-date: /home/aurora/RM25/src/install/rm_robot_description/share/rm_robot_description/meshes/obstacles/obstacle8/model.config
-- Up-to-date: /home/aurora/RM25/src/install/rm_robot_description/share/rm_robot_description/meshes/obstacles/obstacle9
-- Up-to-date: /home/aurora/RM25/src/install/rm_robot_description/share/rm_robot_description/meshes/obstacles/obstacle9/model.sdf
-- Up-to-date: /home/aurora/RM25/src/install/rm_robot_description/share/rm_robot_description/meshes/obstacles/obstacle9/model.config
-- Up-to-date: /home/aurora/RM25/src/install/rm_robot_description/share/rm_robot_description/meshes/display.launch
-- Up-to-date: /home/aurora/RM25/src/install/rm_robot_description/share/rm_robot_description/meshes/gazebo.launch.py
-- Up-to-date: /home/aurora/RM25/src/install/rm_robot_description/share/rm_robot_description/meshes/omniwheel3_link.STL
-- Up-to-date: /home/aurora/RM25/src/install/rm_robot_description/share/rm_robot_description/meshes/RMUC_2024.stl
-- Up-to-date: /home/aurora/RM25/src/install/rm_robot_description/share/rm_robot_description/meshes/mid360.stl
-- Up-to-date: /home/aurora/RM25/src/install/rm_robot_description/share/rm_robot_description/meshes/RMUL_2024.stl
-- Up-to-date: /home/aurora/RM25/src/install/rm_robot_description/share/rm_robot_description/meshes/controller_link.STL
-- Up-to-date: /home/aurora/RM25/src/install/rm_robot_description/share/rm_robot_description/meshes/display.launch.py
-- Up-to-date: /home/aurora/RM25/src/install/rm_robot_description/share/rm_robot_description/meshes/gazebo.launch
-- Up-to-date: /home/aurora/RM25/src/install/rm_robot_description/share/rm_robot_description/meshes/omniwheel1_link.STL
-- Up-to-date: /home/aurora/RM25/src/install/rm_robot_description/share/rm_robot_description/meshes/omniwheel4_link.STL
-- Up-to-date: /home/aurora/RM25/src/install/rm_robot_description/share/rm_robot_description/meshes/base_link.STL
-- Up-to-date: /home/aurora/RM25/src/install/rm_robot_description/share/rm_robot_description/meshes/mid360laser_link.STL
-- Up-to-date: /home/aurora/RM25/src/install/rm_robot_description/share/rm_robot_description/meshes/omniwheel2_link.STL
-- Up-to-date: /home/aurora/RM25/src/install/rm_robot_description/share/rm_robot_description/world
-- Up-to-date: /home/aurora/RM25/src/install/rm_robot_description/share/rm_robot_description/world/rmul
-- Up-to-date: /home/aurora/RM25/src/install/rm_robot_description/share/rm_robot_description/world/rmul/RMUL25.world
-- Up-to-date: /home/aurora/RM25/src/install/rm_robot_description/share/rm_robot_description/world/rmul/model.sdf
-- Up-to-date: /home/aurora/RM25/src/install/rm_robot_description/share/rm_robot_description/world/rmul/model.config
-- Up-to-date: /home/aurora/RM25/src/install/rm_robot_description/share/rm_robot_description/world/RMUL25.world
-- Up-to-date: /home/aurora/RM25/src/install/rm_robot_description/share/rm_robot_description/world/RMUC24_world.world
-- Up-to-date: /home/aurora/RM25/src/install/rm_robot_description/share/rm_robot_description/world/my_world.world
-- Up-to-date: /home/aurora/RM25/src/install/rm_robot_description/share/rm_robot_description/world/25UL
-- Up-to-date: /home/aurora/RM25/src/install/rm_robot_description/share/rm_robot_description/world/25UL/RMUL25.world
-- Up-to-date: /home/aurora/RM25/src/install/rm_robot_description/share/rm_robot_description/world/25UL/model.sdf
-- Up-to-date: /home/aurora/RM25/src/install/rm_robot_description/share/rm_robot_description/world/25UL/model.config
-- Up-to-date: /home/aurora/RM25/src/install/rm_robot_description/share/rm_robot_description/rviz
-- Up-to-date: /home/aurora/RM25/src/install/rm_robot_description/share/rm_robot_description/rviz/fastlio.rviz
-- Up-to-date: /home/aurora/RM25/src/install/rm_robot_description/share/rm_robot_description/rviz/rviz2.rviz
-- Up-to-date: /home/aurora/RM25/src/install/rm_robot_description/share/rm_robot_description/rviz/urdf_config.rviz
-- Installing: /home/aurora/RM25/src/install/rm_robot_description/share/rm_robot_description/xacro
-- Installing: /home/aurora/RM25/src/install/rm_robot_description/share/rm_robot_description/xacro/four_omniwheel_robot.xacro
-- Installing: /home/aurora/RM25/src/install/rm_robot_description/share/rm_robot_description/xacro/livox_mid360.xacro
-- Installing: /home/aurora/RM25/src/install/rm_robot_description/share/ament_index/resource_index/package_run_dependencies/rm_robot_description
-- Installing: /home/aurora/RM25/src/install/rm_robot_description/share/ament_index/resource_index/parent_prefix_path/rm_robot_description
-- Installing: /home/aurora/RM25/src/install/rm_robot_description/share/rm_robot_description/environment/ament_prefix_path.sh
-- Installing: /home/aurora/RM25/src/install/rm_robot_description/share/rm_robot_description/environment/ament_prefix_path.dsv
-- Installing: /home/aurora/RM25/src/install/rm_robot_description/share/rm_robot_description/environment/path.sh
-- Installing: /home/aurora/RM25/src/install/rm_robot_description/share/rm_robot_description/environment/path.dsv
-- Installing: /home/aurora/RM25/src/install/rm_robot_description/share/rm_robot_description/local_setup.bash
-- Installing: /home/aurora/RM25/src/install/rm_robot_description/share/rm_robot_description/local_setup.sh
-- Installing: /home/aurora/RM25/src/install/rm_robot_description/share/rm_robot_description/local_setup.zsh
-- Installing: /home/aurora/RM25/src/install/rm_robot_description/share/rm_robot_description/local_setup.dsv
-- Installing: /home/aurora/RM25/src/install/rm_robot_description/share/rm_robot_description/package.dsv
-- Installing: /home/aurora/RM25/src/install/rm_robot_description/share/ament_index/resource_index/packages/rm_robot_description
-- Installing: /home/aurora/RM25/src/install/rm_robot_description/share/rm_robot_description/cmake/rm_robot_descriptionConfig.cmake
-- Installing: /home/aurora/RM25/src/install/rm_robot_description/share/rm_robot_description/cmake/rm_robot_descriptionConfig-version.cmake
-- Installing: /home/aurora/RM25/src/install/rm_robot_description/share/rm_robot_description/package.xml
