[0.011s] Invoking command in '/home/aurora/RM25/src/build/rm_robot_description': CMAKE_PREFIX_PATH=${CMAKE_PREFIX_PATH}:/opt/ros/humble /usr/bin/cmake /home/aurora/RM25/src/rm_robot_description -DROS_EDITION=ROS2 -DHUMBLE_ROS=humble -DCMAKE_INSTALL_PREFIX=/home/aurora/RM25/src/install/rm_robot_description
[0.048s] -- The C compiler identification is GNU 11.4.0
[0.084s] -- The CXX compiler identification is GNU 11.4.0
[0.089s] -- Detecting C compiler ABI info
[0.138s] -- Detecting C compiler ABI info - done
[0.143s] -- Check for working C compiler: /usr/bin/cc - skipped
[0.143s] -- Detecting C compile features
[0.143s] -- Detecting C compile features - done
[0.145s] -- Detecting CXX compiler ABI info
[0.202s] -- Detecting CXX compiler ABI info - done
[0.209s] -- Check for working CXX compiler: /usr/bin/c++ - skipped
[0.210s] -- Detecting CXX compile features
[0.210s] -- Detecting CXX compile features - done
[0.212s] -- Found ament_cmake_auto: 1.3.10 (/opt/ros/humble/share/ament_cmake_auto/cmake)
[0.339s] -- Found Python3: /usr/bin/python3 (found version "3.10.12") found components: Interpreter 
[0.535s] -- Found ament_lint_auto: 0.12.11 (/opt/ros/humble/share/ament_lint_auto/cmake)
[0.553s] -- Configuring done
[0.555s] -- Generating done
[0.556s] -- Build files have been written to: /home/aurora/RM25/src/build/rm_robot_description
[0.559s] [33mCMake Warning:
[0.559s]   Manually-specified variables were not used by the project:
[0.560s] 
[0.560s]     HUMBLE_ROS
[0.560s]     ROS_EDITION
[0.560s] 
[0.560s] [0m
[0.568s] Invoked command in '/home/aurora/RM25/src/build/rm_robot_description' returned '0': CMAKE_PREFIX_PATH=${CMAKE_PREFIX_PATH}:/opt/ros/humble /usr/bin/cmake /home/aurora/RM25/src/rm_robot_description -DROS_EDITION=ROS2 -DHUMBLE_ROS=humble -DCMAKE_INSTALL_PREFIX=/home/aurora/RM25/src/install/rm_robot_description
[0.572s] Invoking command in '/home/aurora/RM25/src/build/rm_robot_description': CMAKE_PREFIX_PATH=${CMAKE_PREFIX_PATH}:/opt/ros/humble /usr/bin/cmake --build /home/aurora/RM25/src/build/rm_robot_description -- -j20 -l20
[0.658s] Invoked command in '/home/aurora/RM25/src/build/rm_robot_description' returned '0': CMAKE_PREFIX_PATH=${CMAKE_PREFIX_PATH}:/opt/ros/humble /usr/bin/cmake --build /home/aurora/RM25/src/build/rm_robot_description -- -j20 -l20
[0.679s] Invoking command in '/home/aurora/RM25/src/build/rm_robot_description': CMAKE_PREFIX_PATH=${CMAKE_PREFIX_PATH}:/opt/ros/humble /usr/bin/cmake --install /home/aurora/RM25/src/build/rm_robot_description
[0.688s] -- Install configuration: ""
[0.688s] -- Installing: /home/aurora/RM25/src/install/rm_robot_description/share/rm_robot_description/urdf
[0.688s] -- Installing: /home/aurora/RM25/src/install/rm_robot_description/share/rm_robot_description/urdf/robot.urdf.xacro
[0.688s] -- Installing: /home/aurora/RM25/src/install/rm_robot_description/share/rm_robot_description/urdf/mid360.xacro
[0.688s] -- Installing: /home/aurora/RM25/src/install/rm_robot_description/share/rm_robot_description/urdf/four_omniwheel_robot.urdf
[0.688s] -- Installing: /home/aurora/RM25/src/install/rm_robot_description/share/rm_robot_description/urdf/simulation.urdf
[0.688s] -- Installing: /home/aurora/RM25/src/install/rm_robot_description/share/rm_robot_description/urdf/robot.urdf
[0.689s] -- Installing: /home/aurora/RM25/src/install/rm_robot_description/share/rm_robot_description/urdf/sim_robot.urdf
[0.689s] -- Installing: /home/aurora/RM25/src/install/rm_robot_description/share/rm_robot_description/urdf/simulation_waking_robot.xacro
[0.689s] -- Installing: /home/aurora/RM25/src/install/rm_robot_description/share/rm_robot_description/world
[0.689s] -- Installing: /home/aurora/RM25/src/install/rm_robot_description/share/rm_robot_description/world/rmul
[0.689s] -- Installing: /home/aurora/RM25/src/install/rm_robot_description/share/rm_robot_description/world/rmul/RMUL25.world
[0.689s] -- Installing: /home/aurora/RM25/src/install/rm_robot_description/share/rm_robot_description/world/rmul/model.sdf
[0.689s] -- Installing: /home/aurora/RM25/src/install/rm_robot_description/share/rm_robot_description/world/rmul/model.config
[0.689s] -- Installing: /home/aurora/RM25/src/install/rm_robot_description/share/rm_robot_description/world/RMUL25.world
[0.689s] -- Installing: /home/aurora/RM25/src/install/rm_robot_description/share/rm_robot_description/world/RMUC24_world.world
[0.691s] -- Installing: /home/aurora/RM25/src/install/rm_robot_description/share/rm_robot_description/world/my_world.world
[0.693s] -- Installing: /home/aurora/RM25/src/install/rm_robot_description/share/rm_robot_description/world/25UL
[0.693s] -- Installing: /home/aurora/RM25/src/install/rm_robot_description/share/rm_robot_description/world/25UL/RMUL25.world
[0.693s] -- Installing: /home/aurora/RM25/src/install/rm_robot_description/share/rm_robot_description/world/25UL/model.sdf
[0.693s] -- Installing: /home/aurora/RM25/src/install/rm_robot_description/share/rm_robot_description/world/25UL/model.config
[0.693s] -- Installing: /home/aurora/RM25/src/install/rm_robot_description/share/rm_robot_description/rviz
[0.693s] -- Installing: /home/aurora/RM25/src/install/rm_robot_description/share/rm_robot_description/rviz/fastlio.rviz
[0.693s] -- Installing: /home/aurora/RM25/src/install/rm_robot_description/share/rm_robot_description/rviz/rviz2.rviz
[0.693s] -- Installing: /home/aurora/RM25/src/install/rm_robot_description/share/rm_robot_description/rviz/urdf_config.rviz
[0.693s] -- Installing: /home/aurora/RM25/src/install/rm_robot_description/share/rm_robot_description/launch
[0.693s] -- Installing: /home/aurora/RM25/src/install/rm_robot_description/share/rm_robot_description/launch/rm_simulation.launch.py
[0.694s] -- Installing: /home/aurora/RM25/src/install/rm_robot_description/share/rm_robot_description/launch/build
[0.694s] -- Installing: /home/aurora/RM25/src/install/rm_robot_description/share/rm_robot_description/launch/build/COLCON_IGNORE
[0.694s] -- Installing: /home/aurora/RM25/src/install/rm_robot_description/share/rm_robot_description/launch/build/.built_by
[0.694s] -- Installing: /home/aurora/RM25/src/install/rm_robot_description/share/rm_robot_description/launch/robotv2.launch.py
[0.694s] -- Installing: /home/aurora/RM25/src/install/rm_robot_description/share/rm_robot_description/launch/log
[0.694s] -- Installing: /home/aurora/RM25/src/install/rm_robot_description/share/rm_robot_description/launch/log/latest_build
[0.694s] -- Installing: /home/aurora/RM25/src/install/rm_robot_description/share/rm_robot_description/launch/log/COLCON_IGNORE
[0.694s] -- Installing: /home/aurora/RM25/src/install/rm_robot_description/share/rm_robot_description/launch/log/build_2024-11-12_20-59-25
[0.694s] -- Installing: /home/aurora/RM25/src/install/rm_robot_description/share/rm_robot_description/launch/log/build_2024-11-12_20-59-25/logger_all.log
[0.694s] -- Installing: /home/aurora/RM25/src/install/rm_robot_description/share/rm_robot_description/launch/log/build_2024-11-12_20-59-25/events.log
[0.694s] -- Installing: /home/aurora/RM25/src/install/rm_robot_description/share/rm_robot_description/launch/log/latest
[0.695s] -- Installing: /home/aurora/RM25/src/install/rm_robot_description/share/rm_robot_description/launch/log/build_2024-11-14_12-02-55
[0.695s] -- Installing: /home/aurora/RM25/src/install/rm_robot_description/share/rm_robot_description/launch/log/build_2024-11-14_12-02-55/logger_all.log
[0.695s] -- Installing: /home/aurora/RM25/src/install/rm_robot_description/share/rm_robot_description/launch/log/build_2024-11-14_12-02-55/events.log
[0.695s] -- Installing: /home/aurora/RM25/src/install/rm_robot_description/share/rm_robot_description/launch/install
[0.695s] -- Installing: /home/aurora/RM25/src/install/rm_robot_description/share/rm_robot_description/launch/install/COLCON_IGNORE
[0.695s] -- Installing: /home/aurora/RM25/src/install/rm_robot_description/share/rm_robot_description/launch/install/setup.ps1
[0.695s] -- Installing: /home/aurora/RM25/src/install/rm_robot_description/share/rm_robot_description/launch/install/_local_setup_util_sh.py
[0.695s] -- Installing: /home/aurora/RM25/src/install/rm_robot_description/share/rm_robot_description/launch/install/local_setup.ps1
[0.695s] -- Installing: /home/aurora/RM25/src/install/rm_robot_description/share/rm_robot_description/launch/install/local_setup.bash
[0.696s] -- Installing: /home/aurora/RM25/src/install/rm_robot_description/share/rm_robot_description/launch/install/_local_setup_util_ps1.py
[0.696s] -- Installing: /home/aurora/RM25/src/install/rm_robot_description/share/rm_robot_description/launch/install/setup.zsh
[0.696s] -- Installing: /home/aurora/RM25/src/install/rm_robot_description/share/rm_robot_description/launch/install/.colcon_install_layout
[0.696s] -- Installing: /home/aurora/RM25/src/install/rm_robot_description/share/rm_robot_description/launch/install/local_setup.sh
[0.696s] -- Installing: /home/aurora/RM25/src/install/rm_robot_description/share/rm_robot_description/launch/install/local_setup.zsh
[0.696s] -- Installing: /home/aurora/RM25/src/install/rm_robot_description/share/rm_robot_description/launch/install/setup.sh
[0.696s] -- Installing: /home/aurora/RM25/src/install/rm_robot_description/share/rm_robot_description/launch/install/setup.bash
[0.696s] -- Installing: /home/aurora/RM25/src/install/rm_robot_description/share/rm_robot_description/launch/robot.launch.py
[0.696s] -- Installing: /home/aurora/RM25/src/install/rm_robot_description/share/rm_robot_description/meshes
[0.696s] -- Installing: /home/aurora/RM25/src/install/rm_robot_description/share/rm_robot_description/meshes/obstacles
[0.696s] -- Installing: /home/aurora/RM25/src/install/rm_robot_description/share/rm_robot_description/meshes/obstacles/obstacle2
[0.696s] -- Installing: /home/aurora/RM25/src/install/rm_robot_description/share/rm_robot_description/meshes/obstacles/obstacle2/model.sdf
[0.696s] -- Installing: /home/aurora/RM25/src/install/rm_robot_description/share/rm_robot_description/meshes/obstacles/obstacle2/model.config
[0.696s] -- Installing: /home/aurora/RM25/src/install/rm_robot_description/share/rm_robot_description/meshes/obstacles/obstacle5
[0.697s] -- Installing: /home/aurora/RM25/src/install/rm_robot_description/share/rm_robot_description/meshes/obstacles/obstacle5/model.sdf
[0.697s] -- Installing: /home/aurora/RM25/src/install/rm_robot_description/share/rm_robot_description/meshes/obstacles/obstacle5/model.config
[0.697s] -- Installing: /home/aurora/RM25/src/install/rm_robot_description/share/rm_robot_description/meshes/obstacles/obstacle4
[0.700s] -- Installing: /home/aurora/RM25/src/install/rm_robot_description/share/rm_robot_description/meshes/obstacles/obstacle4/model.sdf
[0.700s] -- Installing: /home/aurora/RM25/src/install/rm_robot_description/share/rm_robot_description/meshes/obstacles/obstacle4/model.config
[0.700s] -- Installing: /home/aurora/RM25/src/install/rm_robot_description/share/rm_robot_description/meshes/obstacles/obstacle11
[0.700s] -- Installing: /home/aurora/RM25/src/install/rm_robot_description/share/rm_robot_description/meshes/obstacles/obstacle11/model.sdf
[0.700s] -- Installing: /home/aurora/RM25/src/install/rm_robot_description/share/rm_robot_description/meshes/obstacles/obstacle11/model.config
[0.700s] -- Installing: /home/aurora/RM25/src/install/rm_robot_description/share/rm_robot_description/meshes/obstacles/obstacle10
[0.700s] -- Installing: /home/aurora/RM25/src/install/rm_robot_description/share/rm_robot_description/meshes/obstacles/obstacle10/model.sdf
[0.700s] -- Installing: /home/aurora/RM25/src/install/rm_robot_description/share/rm_robot_description/meshes/obstacles/obstacle10/model.config
[0.700s] -- Installing: /home/aurora/RM25/src/install/rm_robot_description/share/rm_robot_description/meshes/obstacles/obstacle3
[0.700s] -- Installing: /home/aurora/RM25/src/install/rm_robot_description/share/rm_robot_description/meshes/obstacles/obstacle3/model.sdf
[0.700s] -- Installing: /home/aurora/RM25/src/install/rm_robot_description/share/rm_robot_description/meshes/obstacles/obstacle3/model.config
[0.700s] -- Installing: /home/aurora/RM25/src/install/rm_robot_description/share/rm_robot_description/meshes/obstacles/obstacle_plugin
[0.701s] -- Installing: /home/aurora/RM25/src/install/rm_robot_description/share/rm_robot_description/meshes/obstacles/obstacle_plugin/obstacle1.cc
[0.701s] -- Installing: /home/aurora/RM25/src/install/rm_robot_description/share/rm_robot_description/meshes/obstacles/obstacle_plugin/obstacle3.cc
[0.701s] -- Installing: /home/aurora/RM25/src/install/rm_robot_description/share/rm_robot_description/meshes/obstacles/obstacle_plugin/obstacle4.cc
[0.701s] -- Installing: /home/aurora/RM25/src/install/rm_robot_description/share/rm_robot_description/meshes/obstacles/obstacle_plugin/obstacle8.cc
[0.702s] -- Installing: /home/aurora/RM25/src/install/rm_robot_description/share/rm_robot_description/meshes/obstacles/obstacle_plugin/lib
[0.703s] -- Installing: /home/aurora/RM25/src/install/rm_robot_description/share/rm_robot_description/meshes/obstacles/obstacle_plugin/lib/libobstacles.so
[0.703s] -- Installing: /home/aurora/RM25/src/install/rm_robot_description/share/rm_robot_description/meshes/obstacles/obstacle_plugin/lib/libobstacle4.so
[0.703s] -- Installing: /home/aurora/RM25/src/install/rm_robot_description/share/rm_robot_description/meshes/obstacles/obstacle_plugin/lib/libobstacle5.so
[0.703s] -- Installing: /home/aurora/RM25/src/install/rm_robot_description/share/rm_robot_description/meshes/obstacles/obstacle_plugin/lib/libobstacle12.so
[0.703s] -- Installing: /home/aurora/RM25/src/install/rm_robot_description/share/rm_robot_description/meshes/obstacles/obstacle_plugin/lib/libobstacle8.so
[0.708s] -- Installing: /home/aurora/RM25/src/install/rm_robot_description/share/rm_robot_description/meshes/obstacles/obstacle_plugin/lib/libobstacle7.so
[0.709s] -- Installing: /home/aurora/RM25/src/install/rm_robot_description/share/rm_robot_description/meshes/obstacles/obstacle_plugin/lib/libobstacle9.so
[0.709s] -- Installing: /home/aurora/RM25/src/install/rm_robot_description/share/rm_robot_description/meshes/obstacles/obstacle_plugin/lib/libobstacle6.so
[0.713s] -- Installing: /home/aurora/RM25/src/install/rm_robot_description/share/rm_robot_description/meshes/obstacles/obstacle_plugin/lib/libobstacle11.so
[0.713s] -- Installing: /home/aurora/RM25/src/install/rm_robot_description/share/rm_robot_description/meshes/obstacles/obstacle_plugin/lib/libobstacle3.so
[0.715s] -- Installing: /home/aurora/RM25/src/install/rm_robot_description/share/rm_robot_description/meshes/obstacles/obstacle_plugin/lib/libobstacle1.so
[0.715s] -- Installing: /home/aurora/RM25/src/install/rm_robot_description/share/rm_robot_description/meshes/obstacles/obstacle_plugin/lib/libobstacle2.so
[0.718s] -- Installing: /home/aurora/RM25/src/install/rm_robot_description/share/rm_robot_description/meshes/obstacles/obstacle_plugin/lib/libobstacle10.so
[0.728s] -- Installing: /home/aurora/RM25/src/install/rm_robot_description/share/rm_robot_description/meshes/obstacles/obstacle_plugin/obstacle10.cc
[0.728s] -- Installing: /home/aurora/RM25/src/install/rm_robot_description/share/rm_robot_description/meshes/obstacles/obstacle_plugin/obstacle6.cc
[0.728s] -- Installing: /home/aurora/RM25/src/install/rm_robot_description/share/rm_robot_description/meshes/obstacles/obstacle_plugin/obstacle5.cc
[0.728s] -- Installing: /home/aurora/RM25/src/install/rm_robot_description/share/rm_robot_description/meshes/obstacles/obstacle_plugin/obstacle11.cc
[0.728s] -- Installing: /home/aurora/RM25/src/install/rm_robot_description/share/rm_robot_description/meshes/obstacles/obstacle_plugin/CMakeLists.txt
[0.728s] -- Installing: /home/aurora/RM25/src/install/rm_robot_description/share/rm_robot_description/meshes/obstacles/obstacle_plugin/obstacle2.cc
[0.728s] -- Installing: /home/aurora/RM25/src/install/rm_robot_description/share/rm_robot_description/meshes/obstacles/obstacle_plugin/obstacle9.cc
[0.728s] -- Installing: /home/aurora/RM25/src/install/rm_robot_description/share/rm_robot_description/meshes/obstacles/obstacle_plugin/obstacles.cc
[0.728s] -- Installing: /home/aurora/RM25/src/install/rm_robot_description/share/rm_robot_description/meshes/obstacles/obstacle_plugin/obstacle7.cc
[0.728s] -- Installing: /home/aurora/RM25/src/install/rm_robot_description/share/rm_robot_description/meshes/obstacles/obstacle_plugin/obstacle12.cc
[0.729s] -- Installing: /home/aurora/RM25/src/install/rm_robot_description/share/rm_robot_description/meshes/obstacles/obstacle_plugin/obstacle13.cc
[0.729s] -- Installing: /home/aurora/RM25/src/install/rm_robot_description/share/rm_robot_description/meshes/obstacles/obstacle6
[0.729s] -- Installing: /home/aurora/RM25/src/install/rm_robot_description/share/rm_robot_description/meshes/obstacles/obstacle6/model.sdf
[0.729s] -- Installing: /home/aurora/RM25/src/install/rm_robot_description/share/rm_robot_description/meshes/obstacles/obstacle6/model.config
[0.729s] -- Installing: /home/aurora/RM25/src/install/rm_robot_description/share/rm_robot_description/meshes/obstacles/obstacle1
[0.729s] -- Installing: /home/aurora/RM25/src/install/rm_robot_description/share/rm_robot_description/meshes/obstacles/obstacle1/model.sdf
[0.729s] -- Installing: /home/aurora/RM25/src/install/rm_robot_description/share/rm_robot_description/meshes/obstacles/obstacle1/model.config
[0.729s] -- Installing: /home/aurora/RM25/src/install/rm_robot_description/share/rm_robot_description/meshes/obstacles/obstacle12
[0.729s] -- Installing: /home/aurora/RM25/src/install/rm_robot_description/share/rm_robot_description/meshes/obstacles/obstacle12/model.sdf
[0.729s] -- Installing: /home/aurora/RM25/src/install/rm_robot_description/share/rm_robot_description/meshes/obstacles/obstacle12/model.config
[0.729s] -- Installing: /home/aurora/RM25/src/install/rm_robot_description/share/rm_robot_description/meshes/obstacles/obstacle7
[0.729s] -- Installing: /home/aurora/RM25/src/install/rm_robot_description/share/rm_robot_description/meshes/obstacles/obstacle7/model.sdf
[0.729s] -- Installing: /home/aurora/RM25/src/install/rm_robot_description/share/rm_robot_description/meshes/obstacles/obstacle7/model.config
[0.729s] -- Installing: /home/aurora/RM25/src/install/rm_robot_description/share/rm_robot_description/meshes/obstacles/obstacle8
[0.730s] -- Installing: /home/aurora/RM25/src/install/rm_robot_description/share/rm_robot_description/meshes/obstacles/obstacle8/model.sdf
[0.730s] -- Installing: /home/aurora/RM25/src/install/rm_robot_description/share/rm_robot_description/meshes/obstacles/obstacle8/model.config
[0.730s] -- Installing: /home/aurora/RM25/src/install/rm_robot_description/share/rm_robot_description/meshes/obstacles/obstacle9
[0.730s] -- Installing: /home/aurora/RM25/src/install/rm_robot_description/share/rm_robot_description/meshes/obstacles/obstacle9/model.sdf
[0.730s] -- Installing: /home/aurora/RM25/src/install/rm_robot_description/share/rm_robot_description/meshes/obstacles/obstacle9/model.config
[0.737s] -- Installing: /home/aurora/RM25/src/install/rm_robot_description/share/rm_robot_description/meshes/display.launch
[0.737s] -- Installing: /home/aurora/RM25/src/install/rm_robot_description/share/rm_robot_description/meshes/gazebo.launch.py
[0.737s] -- Installing: /home/aurora/RM25/src/install/rm_robot_description/share/rm_robot_description/meshes/omniwheel3_link.STL
[0.738s] -- Installing: /home/aurora/RM25/src/install/rm_robot_description/share/rm_robot_description/meshes/RMUC_2024.stl
[0.738s] -- Installing: /home/aurora/RM25/src/install/rm_robot_description/share/rm_robot_description/meshes/mid360.stl
[0.743s] -- Installing: /home/aurora/RM25/src/install/rm_robot_description/share/rm_robot_description/meshes/RMUL_2024.stl
[0.765s] -- Installing: /home/aurora/RM25/src/install/rm_robot_description/share/rm_robot_description/meshes/controller_link.STL
[0.765s] -- Installing: /home/aurora/RM25/src/install/rm_robot_description/share/rm_robot_description/meshes/display.launch.py
[0.765s] -- Installing: /home/aurora/RM25/src/install/rm_robot_description/share/rm_robot_description/meshes/gazebo.launch
[0.765s] -- Installing: /home/aurora/RM25/src/install/rm_robot_description/share/rm_robot_description/meshes/omniwheel1_link.STL
[0.768s] -- Installing: /home/aurora/RM25/src/install/rm_robot_description/share/rm_robot_description/meshes/omniwheel4_link.STL
[0.771s] -- Installing: /home/aurora/RM25/src/install/rm_robot_description/share/rm_robot_description/meshes/base_link.STL
[0.771s] -- Installing: /home/aurora/RM25/src/install/rm_robot_description/share/rm_robot_description/meshes/mid360laser_link.STL
[0.775s] -- Installing: /home/aurora/RM25/src/install/rm_robot_description/share/rm_robot_description/meshes/omniwheel2_link.STL
[0.782s] -- Up-to-date: /home/aurora/RM25/src/install/rm_robot_description/share/rm_robot_description/launch
[0.782s] -- Up-to-date: /home/aurora/RM25/src/install/rm_robot_description/share/rm_robot_description/launch/rm_simulation.launch.py
[0.782s] -- Up-to-date: /home/aurora/RM25/src/install/rm_robot_description/share/rm_robot_description/launch/build
[0.782s] -- Up-to-date: /home/aurora/RM25/src/install/rm_robot_description/share/rm_robot_description/launch/build/COLCON_IGNORE
[0.782s] -- Up-to-date: /home/aurora/RM25/src/install/rm_robot_description/share/rm_robot_description/launch/build/.built_by
[0.782s] -- Up-to-date: /home/aurora/RM25/src/install/rm_robot_description/share/rm_robot_description/launch/robotv2.launch.py
[0.782s] -- Up-to-date: /home/aurora/RM25/src/install/rm_robot_description/share/rm_robot_description/launch/log
[0.782s] -- Up-to-date: /home/aurora/RM25/src/install/rm_robot_description/share/rm_robot_description/launch/log/latest_build
[0.782s] -- Up-to-date: /home/aurora/RM25/src/install/rm_robot_description/share/rm_robot_description/launch/log/COLCON_IGNORE
[0.782s] -- Up-to-date: /home/aurora/RM25/src/install/rm_robot_description/share/rm_robot_description/launch/log/build_2024-11-12_20-59-25
[0.783s] -- Up-to-date: /home/aurora/RM25/src/install/rm_robot_description/share/rm_robot_description/launch/log/build_2024-11-12_20-59-25/logger_all.log
[0.783s] -- Up-to-date: /home/aurora/RM25/src/install/rm_robot_description/share/rm_robot_description/launch/log/build_2024-11-12_20-59-25/events.log
[0.783s] -- Up-to-date: /home/aurora/RM25/src/install/rm_robot_description/share/rm_robot_description/launch/log/latest
[0.783s] -- Up-to-date: /home/aurora/RM25/src/install/rm_robot_description/share/rm_robot_description/launch/log/build_2024-11-14_12-02-55
[0.783s] -- Up-to-date: /home/aurora/RM25/src/install/rm_robot_description/share/rm_robot_description/launch/log/build_2024-11-14_12-02-55/logger_all.log
[0.783s] -- Up-to-date: /home/aurora/RM25/src/install/rm_robot_description/share/rm_robot_description/launch/log/build_2024-11-14_12-02-55/events.log
[0.783s] -- Up-to-date: /home/aurora/RM25/src/install/rm_robot_description/share/rm_robot_description/launch/install
[0.783s] -- Up-to-date: /home/aurora/RM25/src/install/rm_robot_description/share/rm_robot_description/launch/install/COLCON_IGNORE
[0.783s] -- Up-to-date: /home/aurora/RM25/src/install/rm_robot_description/share/rm_robot_description/launch/install/setup.ps1
[0.783s] -- Up-to-date: /home/aurora/RM25/src/install/rm_robot_description/share/rm_robot_description/launch/install/_local_setup_util_sh.py
[0.783s] -- Up-to-date: /home/aurora/RM25/src/install/rm_robot_description/share/rm_robot_description/launch/install/local_setup.ps1
[0.783s] -- Up-to-date: /home/aurora/RM25/src/install/rm_robot_description/share/rm_robot_description/launch/install/local_setup.bash
[0.783s] -- Up-to-date: /home/aurora/RM25/src/install/rm_robot_description/share/rm_robot_description/launch/install/_local_setup_util_ps1.py
[0.783s] -- Up-to-date: /home/aurora/RM25/src/install/rm_robot_description/share/rm_robot_description/launch/install/setup.zsh
[0.783s] -- Up-to-date: /home/aurora/RM25/src/install/rm_robot_description/share/rm_robot_description/launch/install/.colcon_install_layout
[0.784s] -- Up-to-date: /home/aurora/RM25/src/install/rm_robot_description/share/rm_robot_description/launch/install/local_setup.sh
[0.784s] -- Up-to-date: /home/aurora/RM25/src/install/rm_robot_description/share/rm_robot_description/launch/install/local_setup.zsh
[0.784s] -- Up-to-date: /home/aurora/RM25/src/install/rm_robot_description/share/rm_robot_description/launch/install/setup.sh
[0.784s] -- Up-to-date: /home/aurora/RM25/src/install/rm_robot_description/share/rm_robot_description/launch/install/setup.bash
[0.784s] -- Up-to-date: /home/aurora/RM25/src/install/rm_robot_description/share/rm_robot_description/launch/robot.launch.py
[0.784s] -- Up-to-date: /home/aurora/RM25/src/install/rm_robot_description/share/rm_robot_description/urdf
[0.784s] -- Up-to-date: /home/aurora/RM25/src/install/rm_robot_description/share/rm_robot_description/urdf/robot.urdf.xacro
[0.784s] -- Up-to-date: /home/aurora/RM25/src/install/rm_robot_description/share/rm_robot_description/urdf/mid360.xacro
[0.784s] -- Up-to-date: /home/aurora/RM25/src/install/rm_robot_description/share/rm_robot_description/urdf/four_omniwheel_robot.urdf
[0.784s] -- Up-to-date: /home/aurora/RM25/src/install/rm_robot_description/share/rm_robot_description/urdf/simulation.urdf
[0.788s] -- Up-to-date: /home/aurora/RM25/src/install/rm_robot_description/share/rm_robot_description/urdf/robot.urdf
[0.789s] -- Up-to-date: /home/aurora/RM25/src/install/rm_robot_description/share/rm_robot_description/urdf/sim_robot.urdf
[0.789s] -- Up-to-date: /home/aurora/RM25/src/install/rm_robot_description/share/rm_robot_description/urdf/simulation_waking_robot.xacro
[0.789s] -- Up-to-date: /home/aurora/RM25/src/install/rm_robot_description/share/rm_robot_description/meshes
[0.789s] -- Up-to-date: /home/aurora/RM25/src/install/rm_robot_description/share/rm_robot_description/meshes/obstacles
[0.789s] -- Up-to-date: /home/aurora/RM25/src/install/rm_robot_description/share/rm_robot_description/meshes/obstacles/obstacle2
[0.789s] -- Up-to-date: /home/aurora/RM25/src/install/rm_robot_description/share/rm_robot_description/meshes/obstacles/obstacle2/model.sdf
[0.789s] -- Up-to-date: /home/aurora/RM25/src/install/rm_robot_description/share/rm_robot_description/meshes/obstacles/obstacle2/model.config
[0.789s] -- Up-to-date: /home/aurora/RM25/src/install/rm_robot_description/share/rm_robot_description/meshes/obstacles/obstacle5
[0.790s] -- Up-to-date: /home/aurora/RM25/src/install/rm_robot_description/share/rm_robot_description/meshes/obstacles/obstacle5/model.sdf
[0.790s] -- Up-to-date: /home/aurora/RM25/src/install/rm_robot_description/share/rm_robot_description/meshes/obstacles/obstacle5/model.config
[0.790s] -- Up-to-date: /home/aurora/RM25/src/install/rm_robot_description/share/rm_robot_description/meshes/obstacles/obstacle4
[0.790s] -- Up-to-date: /home/aurora/RM25/src/install/rm_robot_description/share/rm_robot_description/meshes/obstacles/obstacle4/model.sdf
[0.790s] -- Up-to-date: /home/aurora/RM25/src/install/rm_robot_description/share/rm_robot_description/meshes/obstacles/obstacle4/model.config
[0.790s] -- Up-to-date: /home/aurora/RM25/src/install/rm_robot_description/share/rm_robot_description/meshes/obstacles/obstacle11
[0.790s] -- Up-to-date: /home/aurora/RM25/src/install/rm_robot_description/share/rm_robot_description/meshes/obstacles/obstacle11/model.sdf
[0.790s] -- Up-to-date: /home/aurora/RM25/src/install/rm_robot_description/share/rm_robot_description/meshes/obstacles/obstacle11/model.config
[0.790s] -- Up-to-date: /home/aurora/RM25/src/install/rm_robot_description/share/rm_robot_description/meshes/obstacles/obstacle10
[0.790s] -- Up-to-date: /home/aurora/RM25/src/install/rm_robot_description/share/rm_robot_description/meshes/obstacles/obstacle10/model.sdf
[0.793s] -- Up-to-date: /home/aurora/RM25/src/install/rm_robot_description/share/rm_robot_description/meshes/obstacles/obstacle10/model.config
[0.793s] -- Up-to-date: /home/aurora/RM25/src/install/rm_robot_description/share/rm_robot_description/meshes/obstacles/obstacle3
[0.793s] -- Up-to-date: /home/aurora/RM25/src/install/rm_robot_description/share/rm_robot_description/meshes/obstacles/obstacle3/model.sdf
[0.793s] -- Up-to-date: /home/aurora/RM25/src/install/rm_robot_description/share/rm_robot_description/meshes/obstacles/obstacle3/model.config
[0.793s] -- Up-to-date: /home/aurora/RM25/src/install/rm_robot_description/share/rm_robot_description/meshes/obstacles/obstacle_plugin
[0.794s] -- Up-to-date: /home/aurora/RM25/src/install/rm_robot_description/share/rm_robot_description/meshes/obstacles/obstacle_plugin/obstacle1.cc
[0.794s] -- Up-to-date: /home/aurora/RM25/src/install/rm_robot_description/share/rm_robot_description/meshes/obstacles/obstacle_plugin/obstacle3.cc
[0.794s] -- Up-to-date: /home/aurora/RM25/src/install/rm_robot_description/share/rm_robot_description/meshes/obstacles/obstacle_plugin/obstacle4.cc
[0.794s] -- Up-to-date: /home/aurora/RM25/src/install/rm_robot_description/share/rm_robot_description/meshes/obstacles/obstacle_plugin/obstacle8.cc
[0.794s] -- Up-to-date: /home/aurora/RM25/src/install/rm_robot_description/share/rm_robot_description/meshes/obstacles/obstacle_plugin/lib
[0.794s] -- Up-to-date: /home/aurora/RM25/src/install/rm_robot_description/share/rm_robot_description/meshes/obstacles/obstacle_plugin/lib/libobstacles.so
[0.794s] -- Up-to-date: /home/aurora/RM25/src/install/rm_robot_description/share/rm_robot_description/meshes/obstacles/obstacle_plugin/lib/libobstacle4.so
[0.794s] -- Up-to-date: /home/aurora/RM25/src/install/rm_robot_description/share/rm_robot_description/meshes/obstacles/obstacle_plugin/lib/libobstacle5.so
[0.794s] -- Up-to-date: /home/aurora/RM25/src/install/rm_robot_description/share/rm_robot_description/meshes/obstacles/obstacle_plugin/lib/libobstacle12.so
[0.795s] -- Up-to-date: /home/aurora/RM25/src/install/rm_robot_description/share/rm_robot_description/meshes/obstacles/obstacle_plugin/lib/libobstacle8.so
[0.809s] -- Up-to-date: /home/aurora/RM25/src/install/rm_robot_description/share/rm_robot_description/meshes/obstacles/obstacle_plugin/lib/libobstacle7.so
[0.810s] -- Up-to-date: /home/aurora/RM25/src/install/rm_robot_description/share/rm_robot_description/meshes/obstacles/obstacle_plugin/lib/libobstacle9.so
[0.810s] -- Up-to-date: /home/aurora/RM25/src/install/rm_robot_description/share/rm_robot_description/meshes/obstacles/obstacle_plugin/lib/libobstacle6.so
[0.810s] -- Up-to-date: /home/aurora/RM25/src/install/rm_robot_description/share/rm_robot_description/meshes/obstacles/obstacle_plugin/lib/libobstacle11.so
[0.810s] -- Up-to-date: /home/aurora/RM25/src/install/rm_robot_description/share/rm_robot_description/meshes/obstacles/obstacle_plugin/lib/libobstacle3.so
[0.810s] -- Up-to-date: /home/aurora/RM25/src/install/rm_robot_description/share/rm_robot_description/meshes/obstacles/obstacle_plugin/lib/libobstacle1.so
[0.810s] -- Up-to-date: /home/aurora/RM25/src/install/rm_robot_description/share/rm_robot_description/meshes/obstacles/obstacle_plugin/lib/libobstacle2.so
[0.810s] -- Up-to-date: /home/aurora/RM25/src/install/rm_robot_description/share/rm_robot_description/meshes/obstacles/obstacle_plugin/lib/libobstacle10.so
[0.810s] -- Up-to-date: /home/aurora/RM25/src/install/rm_robot_description/share/rm_robot_description/meshes/obstacles/obstacle_plugin/obstacle10.cc
[0.810s] -- Up-to-date: /home/aurora/RM25/src/install/rm_robot_description/share/rm_robot_description/meshes/obstacles/obstacle_plugin/obstacle6.cc
[0.810s] -- Up-to-date: /home/aurora/RM25/src/install/rm_robot_description/share/rm_robot_description/meshes/obstacles/obstacle_plugin/obstacle5.cc
[0.811s] -- Up-to-date: /home/aurora/RM25/src/install/rm_robot_description/share/rm_robot_description/meshes/obstacles/obstacle_plugin/obstacle11.cc
[0.811s] -- Up-to-date: /home/aurora/RM25/src/install/rm_robot_description/share/rm_robot_description/meshes/obstacles/obstacle_plugin/CMakeLists.txt
[0.811s] -- Up-to-date: /home/aurora/RM25/src/install/rm_robot_description/share/rm_robot_description/meshes/obstacles/obstacle_plugin/obstacle2.cc
[0.811s] -- Up-to-date: /home/aurora/RM25/src/install/rm_robot_description/share/rm_robot_description/meshes/obstacles/obstacle_plugin/obstacle9.cc
[0.811s] -- Up-to-date: /home/aurora/RM25/src/install/rm_robot_description/share/rm_robot_description/meshes/obstacles/obstacle_plugin/obstacles.cc
[0.811s] -- Up-to-date: /home/aurora/RM25/src/install/rm_robot_description/share/rm_robot_description/meshes/obstacles/obstacle_plugin/obstacle7.cc
[0.811s] -- Up-to-date: /home/aurora/RM25/src/install/rm_robot_description/share/rm_robot_description/meshes/obstacles/obstacle_plugin/obstacle12.cc
[0.815s] -- Up-to-date: /home/aurora/RM25/src/install/rm_robot_description/share/rm_robot_description/meshes/obstacles/obstacle_plugin/obstacle13.cc
[0.815s] -- Up-to-date: /home/aurora/RM25/src/install/rm_robot_description/share/rm_robot_description/meshes/obstacles/obstacle6
[0.815s] -- Up-to-date: /home/aurora/RM25/src/install/rm_robot_description/share/rm_robot_description/meshes/obstacles/obstacle6/model.sdf
[0.815s] -- Up-to-date: /home/aurora/RM25/src/install/rm_robot_description/share/rm_robot_description/meshes/obstacles/obstacle6/model.config
[0.815s] -- Up-to-date: /home/aurora/RM25/src/install/rm_robot_description/share/rm_robot_description/meshes/obstacles/obstacle1
[0.815s] -- Up-to-date: /home/aurora/RM25/src/install/rm_robot_description/share/rm_robot_description/meshes/obstacles/obstacle1/model.sdf
[0.815s] -- Up-to-date: /home/aurora/RM25/src/install/rm_robot_description/share/rm_robot_description/meshes/obstacles/obstacle1/model.config
[0.815s] -- Up-to-date: /home/aurora/RM25/src/install/rm_robot_description/share/rm_robot_description/meshes/obstacles/obstacle12
[0.815s] -- Up-to-date: /home/aurora/RM25/src/install/rm_robot_description/share/rm_robot_description/meshes/obstacles/obstacle12/model.sdf
[0.815s] -- Up-to-date: /home/aurora/RM25/src/install/rm_robot_description/share/rm_robot_description/meshes/obstacles/obstacle12/model.config
[0.815s] -- Up-to-date: /home/aurora/RM25/src/install/rm_robot_description/share/rm_robot_description/meshes/obstacles/obstacle7
[0.816s] -- Up-to-date: /home/aurora/RM25/src/install/rm_robot_description/share/rm_robot_description/meshes/obstacles/obstacle7/model.sdf
[0.816s] -- Up-to-date: /home/aurora/RM25/src/install/rm_robot_description/share/rm_robot_description/meshes/obstacles/obstacle7/model.config
[0.816s] -- Up-to-date: /home/aurora/RM25/src/install/rm_robot_description/share/rm_robot_description/meshes/obstacles/obstacle8
[0.816s] -- Up-to-date: /home/aurora/RM25/src/install/rm_robot_description/share/rm_robot_description/meshes/obstacles/obstacle8/model.sdf
[0.816s] -- Up-to-date: /home/aurora/RM25/src/install/rm_robot_description/share/rm_robot_description/meshes/obstacles/obstacle8/model.config
[0.816s] -- Up-to-date: /home/aurora/RM25/src/install/rm_robot_description/share/rm_robot_description/meshes/obstacles/obstacle9
[0.816s] -- Up-to-date: /home/aurora/RM25/src/install/rm_robot_description/share/rm_robot_description/meshes/obstacles/obstacle9/model.sdf
[0.816s] -- Up-to-date: /home/aurora/RM25/src/install/rm_robot_description/share/rm_robot_description/meshes/obstacles/obstacle9/model.config
[0.816s] -- Up-to-date: /home/aurora/RM25/src/install/rm_robot_description/share/rm_robot_description/meshes/display.launch
[0.816s] -- Up-to-date: /home/aurora/RM25/src/install/rm_robot_description/share/rm_robot_description/meshes/gazebo.launch.py
[0.816s] -- Up-to-date: /home/aurora/RM25/src/install/rm_robot_description/share/rm_robot_description/meshes/omniwheel3_link.STL
[0.816s] -- Up-to-date: /home/aurora/RM25/src/install/rm_robot_description/share/rm_robot_description/meshes/RMUC_2024.stl
[0.816s] -- Up-to-date: /home/aurora/RM25/src/install/rm_robot_description/share/rm_robot_description/meshes/mid360.stl
[0.816s] -- Up-to-date: /home/aurora/RM25/src/install/rm_robot_description/share/rm_robot_description/meshes/RMUL_2024.stl
[0.816s] -- Up-to-date: /home/aurora/RM25/src/install/rm_robot_description/share/rm_robot_description/meshes/controller_link.STL
[0.816s] -- Up-to-date: /home/aurora/RM25/src/install/rm_robot_description/share/rm_robot_description/meshes/display.launch.py
[0.817s] -- Up-to-date: /home/aurora/RM25/src/install/rm_robot_description/share/rm_robot_description/meshes/gazebo.launch
[0.817s] -- Up-to-date: /home/aurora/RM25/src/install/rm_robot_description/share/rm_robot_description/meshes/omniwheel1_link.STL
[0.817s] -- Up-to-date: /home/aurora/RM25/src/install/rm_robot_description/share/rm_robot_description/meshes/omniwheel4_link.STL
[0.817s] -- Up-to-date: /home/aurora/RM25/src/install/rm_robot_description/share/rm_robot_description/meshes/base_link.STL
[0.817s] -- Up-to-date: /home/aurora/RM25/src/install/rm_robot_description/share/rm_robot_description/meshes/mid360laser_link.STL
[0.817s] -- Up-to-date: /home/aurora/RM25/src/install/rm_robot_description/share/rm_robot_description/meshes/omniwheel2_link.STL
[0.817s] -- Up-to-date: /home/aurora/RM25/src/install/rm_robot_description/share/rm_robot_description/world
[0.817s] -- Up-to-date: /home/aurora/RM25/src/install/rm_robot_description/share/rm_robot_description/world/rmul
[0.817s] -- Up-to-date: /home/aurora/RM25/src/install/rm_robot_description/share/rm_robot_description/world/rmul/RMUL25.world
[0.817s] -- Up-to-date: /home/aurora/RM25/src/install/rm_robot_description/share/rm_robot_description/world/rmul/model.sdf
[0.817s] -- Up-to-date: /home/aurora/RM25/src/install/rm_robot_description/share/rm_robot_description/world/rmul/model.config
[0.817s] -- Up-to-date: /home/aurora/RM25/src/install/rm_robot_description/share/rm_robot_description/world/RMUL25.world
[0.817s] -- Up-to-date: /home/aurora/RM25/src/install/rm_robot_description/share/rm_robot_description/world/RMUC24_world.world
[0.818s] -- Up-to-date: /home/aurora/RM25/src/install/rm_robot_description/share/rm_robot_description/world/my_world.world
[0.819s] -- Up-to-date: /home/aurora/RM25/src/install/rm_robot_description/share/rm_robot_description/world/25UL
[0.819s] -- Up-to-date: /home/aurora/RM25/src/install/rm_robot_description/share/rm_robot_description/world/25UL/RMUL25.world
[0.819s] -- Up-to-date: /home/aurora/RM25/src/install/rm_robot_description/share/rm_robot_description/world/25UL/model.sdf
[0.819s] -- Up-to-date: /home/aurora/RM25/src/install/rm_robot_description/share/rm_robot_description/world/25UL/model.config
[0.819s] -- Up-to-date: /home/aurora/RM25/src/install/rm_robot_description/share/rm_robot_description/rviz
[0.819s] -- Up-to-date: /home/aurora/RM25/src/install/rm_robot_description/share/rm_robot_description/rviz/fastlio.rviz
[0.819s] -- Up-to-date: /home/aurora/RM25/src/install/rm_robot_description/share/rm_robot_description/rviz/rviz2.rviz
[0.819s] -- Up-to-date: /home/aurora/RM25/src/install/rm_robot_description/share/rm_robot_description/rviz/urdf_config.rviz
[0.819s] -- Installing: /home/aurora/RM25/src/install/rm_robot_description/share/rm_robot_description/xacro
[0.819s] -- Installing: /home/aurora/RM25/src/install/rm_robot_description/share/rm_robot_description/xacro/four_omniwheel_robot.xacro
[0.819s] -- Installing: /home/aurora/RM25/src/install/rm_robot_description/share/rm_robot_description/xacro/livox_mid360.xacro
[0.819s] -- Installing: /home/aurora/RM25/src/install/rm_robot_description/share/ament_index/resource_index/package_run_dependencies/rm_robot_description
[0.819s] -- Installing: /home/aurora/RM25/src/install/rm_robot_description/share/ament_index/resource_index/parent_prefix_path/rm_robot_description
[0.819s] -- Installing: /home/aurora/RM25/src/install/rm_robot_description/share/rm_robot_description/environment/ament_prefix_path.sh
[0.819s] -- Installing: /home/aurora/RM25/src/install/rm_robot_description/share/rm_robot_description/environment/ament_prefix_path.dsv
[0.819s] -- Installing: /home/aurora/RM25/src/install/rm_robot_description/share/rm_robot_description/environment/path.sh
[0.820s] -- Installing: /home/aurora/RM25/src/install/rm_robot_description/share/rm_robot_description/environment/path.dsv
[0.820s] -- Installing: /home/aurora/RM25/src/install/rm_robot_description/share/rm_robot_description/local_setup.bash
[0.820s] -- Installing: /home/aurora/RM25/src/install/rm_robot_description/share/rm_robot_description/local_setup.sh
[0.820s] -- Installing: /home/aurora/RM25/src/install/rm_robot_description/share/rm_robot_description/local_setup.zsh
[0.820s] -- Installing: /home/aurora/RM25/src/install/rm_robot_description/share/rm_robot_description/local_setup.dsv
[0.825s] -- Installing: /home/aurora/RM25/src/install/rm_robot_description/share/rm_robot_description/package.dsv
[0.829s] -- Installing: /home/aurora/RM25/src/install/rm_robot_description/share/ament_index/resource_index/packages/rm_robot_description
[0.829s] -- Installing: /home/aurora/RM25/src/install/rm_robot_description/share/rm_robot_description/cmake/rm_robot_descriptionConfig.cmake
[0.829s] -- Installing: /home/aurora/RM25/src/install/rm_robot_description/share/rm_robot_description/cmake/rm_robot_descriptionConfig-version.cmake
[0.829s] -- Installing: /home/aurora/RM25/src/install/rm_robot_description/share/rm_robot_description/package.xml
[0.830s] Invoked command in '/home/aurora/RM25/src/build/rm_robot_description' returned '0': CMAKE_PREFIX_PATH=${CMAKE_PREFIX_PATH}:/opt/ros/humble /usr/bin/cmake --install /home/aurora/RM25/src/build/rm_robot_description
