[0.435s] Invoking command in '/home/aurora/RM25/build/nav2_map_server': CMAKE_PREFIX_PATH=/home/aurora/RM25/install/nav2_util:/home/aurora/RM25/install/nav2_msgs:/home/aurora/RM25/install/nav2_common:/home/aurora/RM25/install/nav2_constrained_smoother:/home/aurora/RM25/install/rm_robot_description:/home/aurora/RM25/install/opennav_docking_core:/home/aurora/RM25/install/nav_2d_utils:/home/aurora/RM25/install/dwb_msgs:/home/aurora/RM25/install/nav_2d_msgs:/home/aurora/RM25/install/nav2_core:/home/aurora/RM25/install/costmap_queue:/home/aurora/RM25/install/nav2_costmap_2d:/home/aurora/RM25/install/nav2_voxel_grid:/home/aurora/RM25/install/nav2_velocity_smoother:/home/aurora/RM25/install/nav2_rviz_plugins:/home/aurora/RM25/install/nav2_map_server:/home/aurora/RM25/install/nav2_lifecycle_manager:/home/aurora/RM25/install/nav2_behavior_tree:/home/aurora/RM25/install/nav2_amcl:/home/aurora/ws_helloworld/install/pkg01_helloworld_cpp:/home/aurora/ws_helloworld/install/learning_tf2_cpp:/home/aurora/RM25/install/nav2_simple_commander:/home/aurora/RM25/install/nav2_loopback_sim:/home/aurora/ws_helloworld/install/pkg02_helloworld_py:/opt/ros/humble LD_LIBRARY_PATH=/home/aurora/RM25/install/nav2_util/lib:/home/aurora/RM25/install/nav2_msgs/lib:/home/aurora/RM25/install/nav2_constrained_smoother/lib:/home/aurora/RM25/install/nav_2d_utils/lib:/home/aurora/RM25/install/dwb_msgs/lib:/home/aurora/RM25/install/nav_2d_msgs/lib:/home/aurora/RM25/install/costmap_queue/lib:/home/aurora/RM25/install/nav2_costmap_2d/lib:/home/aurora/RM25/install/nav2_voxel_grid/lib:/home/aurora/RM25/install/nav2_velocity_smoother/lib:/home/aurora/RM25/install/nav2_rviz_plugins/lib:/home/aurora/RM25/install/nav2_map_server/lib:/home/aurora/RM25/install/nav2_lifecycle_manager/lib:/home/aurora/RM25/install/nav2_behavior_tree/lib:/home/aurora/RM25/install/nav2_amcl/lib:/usr/lib/x86_64-linux-gnu/gazebo-11/plugins:/opt/ros/humble/opt/rviz_ogre_vendor/lib:/opt/ros/humble/lib/x86_64-linux-gnu:/opt/ros/humble/lib /usr/bin/cmake --build /home/aurora/RM25/build/nav2_map_server -- -j20 -l20
[0.466s] [  5%] Built target gtest_main
[0.468s] [ 11%] Built target gtest
[0.472s] [ 19%] Built target map_io
[0.486s] [ 27%] Built target test_map_saver_cli
[0.489s] [ 36%] Built target test_map_io
[0.490s] [ 44%] Built target test_map_saver_publisher
[0.493s] [ 55%] Built target map_server_core
[0.517s] [ 61%] Built target costmap_filter_info_server
[0.517s] [ 69%] Built target test_map_server_node
[0.518s] [ 75%] Built target map_server
[0.518s] [ 80%] Built target map_saver_server
[0.519s] [ 91%] Built target test_costmap_filter_info_server
[0.519s] [ 91%] Built target map_saver_cli
[0.520s] [100%] Built target test_map_saver_node
[0.533s] Invoked command in '/home/aurora/RM25/build/nav2_map_server' returned '0': CMAKE_PREFIX_PATH=/home/aurora/RM25/install/nav2_util:/home/aurora/RM25/install/nav2_msgs:/home/aurora/RM25/install/nav2_common:/home/aurora/RM25/install/nav2_constrained_smoother:/home/aurora/RM25/install/rm_robot_description:/home/aurora/RM25/install/opennav_docking_core:/home/aurora/RM25/install/nav_2d_utils:/home/aurora/RM25/install/dwb_msgs:/home/aurora/RM25/install/nav_2d_msgs:/home/aurora/RM25/install/nav2_core:/home/aurora/RM25/install/costmap_queue:/home/aurora/RM25/install/nav2_costmap_2d:/home/aurora/RM25/install/nav2_voxel_grid:/home/aurora/RM25/install/nav2_velocity_smoother:/home/aurora/RM25/install/nav2_rviz_plugins:/home/aurora/RM25/install/nav2_map_server:/home/aurora/RM25/install/nav2_lifecycle_manager:/home/aurora/RM25/install/nav2_behavior_tree:/home/aurora/RM25/install/nav2_amcl:/home/aurora/ws_helloworld/install/pkg01_helloworld_cpp:/home/aurora/ws_helloworld/install/learning_tf2_cpp:/home/aurora/RM25/install/nav2_simple_commander:/home/aurora/RM25/install/nav2_loopback_sim:/home/aurora/ws_helloworld/install/pkg02_helloworld_py:/opt/ros/humble LD_LIBRARY_PATH=/home/aurora/RM25/install/nav2_util/lib:/home/aurora/RM25/install/nav2_msgs/lib:/home/aurora/RM25/install/nav2_constrained_smoother/lib:/home/aurora/RM25/install/nav_2d_utils/lib:/home/aurora/RM25/install/dwb_msgs/lib:/home/aurora/RM25/install/nav_2d_msgs/lib:/home/aurora/RM25/install/costmap_queue/lib:/home/aurora/RM25/install/nav2_costmap_2d/lib:/home/aurora/RM25/install/nav2_voxel_grid/lib:/home/aurora/RM25/install/nav2_velocity_smoother/lib:/home/aurora/RM25/install/nav2_rviz_plugins/lib:/home/aurora/RM25/install/nav2_map_server/lib:/home/aurora/RM25/install/nav2_lifecycle_manager/lib:/home/aurora/RM25/install/nav2_behavior_tree/lib:/home/aurora/RM25/install/nav2_amcl/lib:/usr/lib/x86_64-linux-gnu/gazebo-11/plugins:/opt/ros/humble/opt/rviz_ogre_vendor/lib:/opt/ros/humble/lib/x86_64-linux-gnu:/opt/ros/humble/lib /usr/bin/cmake --build /home/aurora/RM25/build/nav2_map_server -- -j20 -l20
[0.585s] Invoking command in '/home/aurora/RM25/build/nav2_map_server': CMAKE_PREFIX_PATH=/home/aurora/RM25/install/nav2_util:/home/aurora/RM25/install/nav2_msgs:/home/aurora/RM25/install/nav2_common:/home/aurora/RM25/install/nav2_constrained_smoother:/home/aurora/RM25/install/rm_robot_description:/home/aurora/RM25/install/opennav_docking_core:/home/aurora/RM25/install/nav_2d_utils:/home/aurora/RM25/install/dwb_msgs:/home/aurora/RM25/install/nav_2d_msgs:/home/aurora/RM25/install/nav2_core:/home/aurora/RM25/install/costmap_queue:/home/aurora/RM25/install/nav2_costmap_2d:/home/aurora/RM25/install/nav2_voxel_grid:/home/aurora/RM25/install/nav2_velocity_smoother:/home/aurora/RM25/install/nav2_rviz_plugins:/home/aurora/RM25/install/nav2_map_server:/home/aurora/RM25/install/nav2_lifecycle_manager:/home/aurora/RM25/install/nav2_behavior_tree:/home/aurora/RM25/install/nav2_amcl:/home/aurora/ws_helloworld/install/pkg01_helloworld_cpp:/home/aurora/ws_helloworld/install/learning_tf2_cpp:/home/aurora/RM25/install/nav2_simple_commander:/home/aurora/RM25/install/nav2_loopback_sim:/home/aurora/ws_helloworld/install/pkg02_helloworld_py:/opt/ros/humble LD_LIBRARY_PATH=/home/aurora/RM25/install/nav2_util/lib:/home/aurora/RM25/install/nav2_msgs/lib:/home/aurora/RM25/install/nav2_constrained_smoother/lib:/home/aurora/RM25/install/nav_2d_utils/lib:/home/aurora/RM25/install/dwb_msgs/lib:/home/aurora/RM25/install/nav_2d_msgs/lib:/home/aurora/RM25/install/costmap_queue/lib:/home/aurora/RM25/install/nav2_costmap_2d/lib:/home/aurora/RM25/install/nav2_voxel_grid/lib:/home/aurora/RM25/install/nav2_velocity_smoother/lib:/home/aurora/RM25/install/nav2_rviz_plugins/lib:/home/aurora/RM25/install/nav2_map_server/lib:/home/aurora/RM25/install/nav2_lifecycle_manager/lib:/home/aurora/RM25/install/nav2_behavior_tree/lib:/home/aurora/RM25/install/nav2_amcl/lib:/usr/lib/x86_64-linux-gnu/gazebo-11/plugins:/opt/ros/humble/opt/rviz_ogre_vendor/lib:/opt/ros/humble/lib/x86_64-linux-gnu:/opt/ros/humble/lib /usr/bin/cmake --install /home/aurora/RM25/build/nav2_map_server
[0.592s] -- Install configuration: "Release"
[0.592s] -- Execute custom install script
[0.593s] -- Up-to-date symlink: /home/aurora/RM25/install/nav2_map_server/lib/libmap_server_core.so
[0.593s] -- Up-to-date symlink: /home/aurora/RM25/install/nav2_map_server/lib/libmap_io.so
[0.593s] -- Up-to-date symlink: /home/aurora/RM25/install/nav2_map_server/lib/nav2_map_server/map_server
[0.593s] -- Up-to-date symlink: /home/aurora/RM25/install/nav2_map_server/lib/nav2_map_server/map_saver_cli
[0.593s] -- Up-to-date symlink: /home/aurora/RM25/install/nav2_map_server/lib/nav2_map_server/map_saver_server
[0.594s] -- Up-to-date symlink: /home/aurora/RM25/install/nav2_map_server/lib/nav2_map_server/costmap_filter_info_server
[0.595s] -- Up-to-date symlink: /home/aurora/RM25/install/nav2_map_server/include//nav2_map_server/costmap_filter_info_server.hpp
[0.595s] -- Up-to-date symlink: /home/aurora/RM25/install/nav2_map_server/include//nav2_map_server/map_io.hpp
[0.595s] -- Up-to-date symlink: /home/aurora/RM25/install/nav2_map_server/include//nav2_map_server/map_mode.hpp
[0.595s] -- Up-to-date symlink: /home/aurora/RM25/install/nav2_map_server/include//nav2_map_server/map_saver.hpp
[0.596s] -- Up-to-date symlink: /home/aurora/RM25/install/nav2_map_server/include//nav2_map_server/map_server.hpp
[0.596s] -- Up-to-date symlink: /home/aurora/RM25/install/nav2_map_server/share/nav2_map_server/launch/map_saver_server.launch.py
[0.596s] -- Up-to-date symlink: /home/aurora/RM25/install/nav2_map_server/share/nav2_map_server/environment/library_path.sh
[0.596s] -- Up-to-date symlink: /home/aurora/RM25/install/nav2_map_server/share/nav2_map_server/environment/library_path.dsv
[0.596s] -- Up-to-date symlink: /home/aurora/RM25/install/nav2_map_server/share/ament_index/resource_index/package_run_dependencies/nav2_map_server
[0.596s] -- Up-to-date symlink: /home/aurora/RM25/install/nav2_map_server/share/ament_index/resource_index/parent_prefix_path/nav2_map_server
[0.597s] -- Up-to-date symlink: /home/aurora/RM25/install/nav2_map_server/share/nav2_map_server/environment/ament_prefix_path.sh
[0.597s] -- Up-to-date symlink: /home/aurora/RM25/install/nav2_map_server/share/nav2_map_server/environment/ament_prefix_path.dsv
[0.598s] -- Up-to-date symlink: /home/aurora/RM25/install/nav2_map_server/share/nav2_map_server/environment/path.sh
[0.598s] -- Up-to-date symlink: /home/aurora/RM25/install/nav2_map_server/share/nav2_map_server/environment/path.dsv
[0.598s] -- Up-to-date symlink: /home/aurora/RM25/install/nav2_map_server/share/nav2_map_server/local_setup.bash
[0.598s] -- Up-to-date symlink: /home/aurora/RM25/install/nav2_map_server/share/nav2_map_server/local_setup.sh
[0.598s] -- Up-to-date symlink: /home/aurora/RM25/install/nav2_map_server/share/nav2_map_server/local_setup.zsh
[0.598s] -- Up-to-date symlink: /home/aurora/RM25/install/nav2_map_server/share/nav2_map_server/local_setup.dsv
[0.599s] -- Symlinking: /home/aurora/RM25/install/nav2_map_server/share/nav2_map_server/package.dsv
[0.606s] -- Up-to-date symlink: /home/aurora/RM25/install/nav2_map_server/share/ament_index/resource_index/packages/nav2_map_server
[0.606s] -- Up-to-date symlink: /home/aurora/RM25/install/nav2_map_server/share/ament_index/resource_index/rclcpp_components/nav2_map_server
[0.607s] -- Up-to-date symlink: /home/aurora/RM25/install/nav2_map_server/share/nav2_map_server/cmake/ament_cmake_export_include_directories-extras.cmake
[0.607s] -- Up-to-date symlink: /home/aurora/RM25/install/nav2_map_server/share/nav2_map_server/cmake/ament_cmake_export_libraries-extras.cmake
[0.607s] -- Up-to-date symlink: /home/aurora/RM25/install/nav2_map_server/share/nav2_map_server/cmake/ament_cmake_export_dependencies-extras.cmake
[0.607s] -- Up-to-date symlink: /home/aurora/RM25/install/nav2_map_server/share/nav2_map_server/cmake/nav2_map_serverConfig.cmake
[0.607s] -- Up-to-date symlink: /home/aurora/RM25/install/nav2_map_server/share/nav2_map_server/cmake/nav2_map_serverConfig-version.cmake
[0.608s] -- Up-to-date symlink: /home/aurora/RM25/install/nav2_map_server/share/nav2_map_server/package.xml
[0.610s] Invoked command in '/home/aurora/RM25/build/nav2_map_server' returned '0': CMAKE_PREFIX_PATH=/home/aurora/RM25/install/nav2_util:/home/aurora/RM25/install/nav2_msgs:/home/aurora/RM25/install/nav2_common:/home/aurora/RM25/install/nav2_constrained_smoother:/home/aurora/RM25/install/rm_robot_description:/home/aurora/RM25/install/opennav_docking_core:/home/aurora/RM25/install/nav_2d_utils:/home/aurora/RM25/install/dwb_msgs:/home/aurora/RM25/install/nav_2d_msgs:/home/aurora/RM25/install/nav2_core:/home/aurora/RM25/install/costmap_queue:/home/aurora/RM25/install/nav2_costmap_2d:/home/aurora/RM25/install/nav2_voxel_grid:/home/aurora/RM25/install/nav2_velocity_smoother:/home/aurora/RM25/install/nav2_rviz_plugins:/home/aurora/RM25/install/nav2_map_server:/home/aurora/RM25/install/nav2_lifecycle_manager:/home/aurora/RM25/install/nav2_behavior_tree:/home/aurora/RM25/install/nav2_amcl:/home/aurora/ws_helloworld/install/pkg01_helloworld_cpp:/home/aurora/ws_helloworld/install/learning_tf2_cpp:/home/aurora/RM25/install/nav2_simple_commander:/home/aurora/RM25/install/nav2_loopback_sim:/home/aurora/ws_helloworld/install/pkg02_helloworld_py:/opt/ros/humble LD_LIBRARY_PATH=/home/aurora/RM25/install/nav2_util/lib:/home/aurora/RM25/install/nav2_msgs/lib:/home/aurora/RM25/install/nav2_constrained_smoother/lib:/home/aurora/RM25/install/nav_2d_utils/lib:/home/aurora/RM25/install/dwb_msgs/lib:/home/aurora/RM25/install/nav_2d_msgs/lib:/home/aurora/RM25/install/costmap_queue/lib:/home/aurora/RM25/install/nav2_costmap_2d/lib:/home/aurora/RM25/install/nav2_voxel_grid/lib:/home/aurora/RM25/install/nav2_velocity_smoother/lib:/home/aurora/RM25/install/nav2_rviz_plugins/lib:/home/aurora/RM25/install/nav2_map_server/lib:/home/aurora/RM25/install/nav2_lifecycle_manager/lib:/home/aurora/RM25/install/nav2_behavior_tree/lib:/home/aurora/RM25/install/nav2_amcl/lib:/usr/lib/x86_64-linux-gnu/gazebo-11/plugins:/opt/ros/humble/opt/rviz_ogre_vendor/lib:/opt/ros/humble/lib/x86_64-linux-gnu:/opt/ros/humble/lib /usr/bin/cmake --install /home/aurora/RM25/build/nav2_map_server
