[0.025s] Invoking command in '/home/aurora/RM25/build/nav_2d_msgs': CMAKE_PREFIX_PATH=${CMAKE_PREFIX_PATH}:/home/aurora/RM25/install/nav2_simple_commander:/home/aurora/RM25/install/nav2_loopback_sim:/home/aurora/ws_helloworld/install/pkg02_helloworld_py:/opt/ros/humble /usr/bin/cmake /home/aurora/RM25/src/rm_navigation2/nav2_dwb_controller/nav_2d_msgs -DCMAKE_INSTALL_PREFIX=/home/aurora/RM25/install/nav_2d_msgs
[0.076s] -- Found geometry_msgs: 4.2.4 (/opt/ros/humble/share/geometry_msgs/cmake)
[0.167s] -- Override CMake install command with custom implementation using symlinks instead of copying resources
[0.455s] -- Found rosidl_generator_c: 3.1.5 (/opt/ros/humble/share/rosidl_generator_c/cmake)
[0.460s] -- Found rosidl_adapter: 3.1.5 (/opt/ros/humble/share/rosidl_adapter/cmake)
[0.466s] -- Found rosidl_generator_cpp: 3.1.5 (/opt/ros/humble/share/rosidl_generator_cpp/cmake)
[0.477s] -- Using all available rosidl_typesupport_c: rosidl_typesupport_fastrtps_c;rosidl_typesupport_introspection_c
[0.493s] -- Using all available rosidl_typesupport_cpp: rosidl_typesupport_fastrtps_cpp;rosidl_typesupport_introspection_cpp
[0.533s] -- Found rosidl_default_generators: 1.2.0 (/opt/ros/humble/share/rosidl_default_generators/cmake)
[0.768s] -- Found ament_cmake_ros: 0.10.0 (/opt/ros/humble/share/ament_cmake_ros/cmake)
[1.039s] -- Using all available rosidl_typesupport_c: rosidl_typesupport_fastrtps_c;rosidl_typesupport_introspection_c
[1.147s] -- Using all available rosidl_typesupport_cpp: rosidl_typesupport_fastrtps_cpp;rosidl_typesupport_introspection_cpp
[1.162s] -- Found python_cmake_module: 0.10.0 (/opt/ros/humble/share/python_cmake_module/cmake)
[1.181s] -- Using PYTHON_EXECUTABLE: /usr/bin/python3
[1.181s] -- Using PYTHON_INCLUDE_DIRS: /usr/include/python3.10
[1.181s] -- Using PYTHON_LIBRARIES: /usr/lib/x86_64-linux-gnu/libpython3.10.so
[1.224s] -- Configuring done
[1.281s] -- Generating done
[1.282s] -- Build files have been written to: /home/aurora/RM25/build/nav_2d_msgs
[1.287s] Invoked command in '/home/aurora/RM25/build/nav_2d_msgs' returned '0': CMAKE_PREFIX_PATH=${CMAKE_PREFIX_PATH}:/home/aurora/RM25/install/nav2_simple_commander:/home/aurora/RM25/install/nav2_loopback_sim:/home/aurora/ws_helloworld/install/pkg02_helloworld_py:/opt/ros/humble /usr/bin/cmake /home/aurora/RM25/src/rm_navigation2/nav2_dwb_controller/nav_2d_msgs -DCMAKE_INSTALL_PREFIX=/home/aurora/RM25/install/nav_2d_msgs
[1.290s] Invoking command in '/home/aurora/RM25/build/nav_2d_msgs': CMAKE_PREFIX_PATH=${CMAKE_PREFIX_PATH}:/home/aurora/RM25/install/nav2_simple_commander:/home/aurora/RM25/install/nav2_loopback_sim:/home/aurora/ws_helloworld/install/pkg02_helloworld_py:/opt/ros/humble /usr/bin/cmake --build /home/aurora/RM25/build/nav_2d_msgs -- -j20 -l20
[1.315s] [35m[1mConsolidate compiler generated dependencies of target nav_2d_msgs__rosidl_generator_c[0m
[1.320s] [  1%] Built target nav_2d_msgs__cpp
[1.322s] [ 12%] Built target nav_2d_msgs__rosidl_generator_c
[1.323s] [ 12%] Built target ament_cmake_python_symlink_nav_2d_msgs
[1.328s] [35m[1mConsolidate compiler generated dependencies of target nav_2d_msgs__rosidl_typesupport_cpp[0m
[1.329s] [35m[1mConsolidate compiler generated dependencies of target nav_2d_msgs__rosidl_typesupport_fastrtps_cpp[0m
[1.329s] [35m[1mConsolidate compiler generated dependencies of target nav_2d_msgs__rosidl_typesupport_c[0m
[1.330s] [35m[1mConsolidate compiler generated dependencies of target nav_2d_msgs__rosidl_typesupport_fastrtps_c[0m
[1.331s] [35m[1mConsolidate compiler generated dependencies of target nav_2d_msgs__rosidl_typesupport_introspection_cpp[0m
[1.333s] [35m[1mConsolidate compiler generated dependencies of target nav_2d_msgs__rosidl_typesupport_introspection_c[0m
[1.339s] [ 25%] Built target nav_2d_msgs__rosidl_typesupport_c
[1.339s] [ 35%] Built target nav_2d_msgs__rosidl_typesupport_cpp
[1.342s] [ 46%] Built target nav_2d_msgs__rosidl_typesupport_introspection_c
[1.342s] [ 57%] Built target nav_2d_msgs__rosidl_typesupport_fastrtps_c
[1.343s] [ 69%] Built target nav_2d_msgs__rosidl_typesupport_fastrtps_cpp
[1.344s] [ 80%] Built target nav_2d_msgs__rosidl_typesupport_introspection_cpp
[1.359s] [ 80%] Built target nav_2d_msgs
[1.373s] [ 81%] Built target nav_2d_msgs__py
[1.382s] [35m[1mConsolidate compiler generated dependencies of target nav_2d_msgs__rosidl_generator_py[0m
[1.393s] [ 91%] Built target nav_2d_msgs__rosidl_generator_py
[1.399s] [35m[1mConsolidate compiler generated dependencies of target nav_2d_msgs__rosidl_typesupport_c__pyext[0m
[1.400s] [35m[1mConsolidate compiler generated dependencies of target nav_2d_msgs__rosidl_typesupport_fastrtps_c__pyext[0m
[1.400s] [35m[1mConsolidate compiler generated dependencies of target nav_2d_msgs__rosidl_typesupport_introspection_c__pyext[0m
[1.408s] [ 94%] Built target nav_2d_msgs__rosidl_typesupport_c__pyext
[1.408s] [ 97%] Built target nav_2d_msgs__rosidl_typesupport_fastrtps_c__pyext
[1.409s] [100%] Built target nav_2d_msgs__rosidl_typesupport_introspection_c__pyext
[1.466s] running egg_info
[1.468s] writing nav_2d_msgs.egg-info/PKG-INFO
[1.468s] writing dependency_links to nav_2d_msgs.egg-info/dependency_links.txt
[1.469s] writing top-level names to nav_2d_msgs.egg-info/top_level.txt
[1.469s] reading manifest file 'nav_2d_msgs.egg-info/SOURCES.txt'
[1.469s] writing manifest file 'nav_2d_msgs.egg-info/SOURCES.txt'
[1.485s] [100%] Built target ament_cmake_python_build_nav_2d_msgs_egg
[1.492s] Invoked command in '/home/aurora/RM25/build/nav_2d_msgs' returned '0': CMAKE_PREFIX_PATH=${CMAKE_PREFIX_PATH}:/home/aurora/RM25/install/nav2_simple_commander:/home/aurora/RM25/install/nav2_loopback_sim:/home/aurora/ws_helloworld/install/pkg02_helloworld_py:/opt/ros/humble /usr/bin/cmake --build /home/aurora/RM25/build/nav_2d_msgs -- -j20 -l20
[1.585s] Invoking command in '/home/aurora/RM25/build/nav_2d_msgs': CMAKE_PREFIX_PATH=${CMAKE_PREFIX_PATH}:/home/aurora/RM25/install/nav2_simple_commander:/home/aurora/RM25/install/nav2_loopback_sim:/home/aurora/ws_helloworld/install/pkg02_helloworld_py:/opt/ros/humble /usr/bin/cmake --install /home/aurora/RM25/build/nav_2d_msgs
[1.590s] -- Install configuration: ""
[1.591s] -- Execute custom install script
[1.592s] -- Up-to-date symlink: /home/aurora/RM25/install/nav_2d_msgs/share/ament_index/resource_index/rosidl_interfaces/nav_2d_msgs
[1.594s] -- Up-to-date symlink: /home/aurora/RM25/install/nav_2d_msgs/include/nav_2d_msgs/nav_2d_msgs/msg/detail/path2_d__functions.h
[1.594s] -- Up-to-date symlink: /home/aurora/RM25/install/nav_2d_msgs/include/nav_2d_msgs/nav_2d_msgs/msg/detail/path2_d__struct.h
[1.594s] -- Up-to-date symlink: /home/aurora/RM25/install/nav_2d_msgs/include/nav_2d_msgs/nav_2d_msgs/msg/detail/path2_d__type_support.h
[1.594s] -- Up-to-date symlink: /home/aurora/RM25/install/nav_2d_msgs/include/nav_2d_msgs/nav_2d_msgs/msg/detail/pose2_d32__functions.h
[1.595s] -- Up-to-date symlink: /home/aurora/RM25/install/nav_2d_msgs/include/nav_2d_msgs/nav_2d_msgs/msg/detail/pose2_d32__struct.h
[1.595s] -- Up-to-date symlink: /home/aurora/RM25/install/nav_2d_msgs/include/nav_2d_msgs/nav_2d_msgs/msg/detail/pose2_d32__type_support.h
[1.595s] -- Up-to-date symlink: /home/aurora/RM25/install/nav_2d_msgs/include/nav_2d_msgs/nav_2d_msgs/msg/detail/pose2_d_stamped__functions.h
[1.595s] -- Up-to-date symlink: /home/aurora/RM25/install/nav_2d_msgs/include/nav_2d_msgs/nav_2d_msgs/msg/detail/pose2_d_stamped__struct.h
[1.596s] -- Up-to-date symlink: /home/aurora/RM25/install/nav_2d_msgs/include/nav_2d_msgs/nav_2d_msgs/msg/detail/pose2_d_stamped__type_support.h
[1.596s] -- Up-to-date symlink: /home/aurora/RM25/install/nav_2d_msgs/include/nav_2d_msgs/nav_2d_msgs/msg/detail/twist2_d32__functions.h
[1.596s] -- Up-to-date symlink: /home/aurora/RM25/install/nav_2d_msgs/include/nav_2d_msgs/nav_2d_msgs/msg/detail/twist2_d32__struct.h
[1.597s] -- Up-to-date symlink: /home/aurora/RM25/install/nav_2d_msgs/include/nav_2d_msgs/nav_2d_msgs/msg/detail/twist2_d32__type_support.h
[1.597s] -- Up-to-date symlink: /home/aurora/RM25/install/nav_2d_msgs/include/nav_2d_msgs/nav_2d_msgs/msg/detail/twist2_d__functions.h
[1.597s] -- Up-to-date symlink: /home/aurora/RM25/install/nav_2d_msgs/include/nav_2d_msgs/nav_2d_msgs/msg/detail/twist2_d__struct.h
[1.597s] -- Up-to-date symlink: /home/aurora/RM25/install/nav_2d_msgs/include/nav_2d_msgs/nav_2d_msgs/msg/detail/twist2_d__type_support.h
[1.597s] -- Up-to-date symlink: /home/aurora/RM25/install/nav_2d_msgs/include/nav_2d_msgs/nav_2d_msgs/msg/detail/twist2_d_stamped__functions.h
[1.598s] -- Up-to-date symlink: /home/aurora/RM25/install/nav_2d_msgs/include/nav_2d_msgs/nav_2d_msgs/msg/detail/twist2_d_stamped__struct.h
[1.598s] -- Up-to-date symlink: /home/aurora/RM25/install/nav_2d_msgs/include/nav_2d_msgs/nav_2d_msgs/msg/detail/twist2_d_stamped__type_support.h
[1.598s] -- Up-to-date symlink: /home/aurora/RM25/install/nav_2d_msgs/include/nav_2d_msgs/nav_2d_msgs/msg/path2_d.h
[1.598s] -- Up-to-date symlink: /home/aurora/RM25/install/nav_2d_msgs/include/nav_2d_msgs/nav_2d_msgs/msg/pose2_d32.h
[1.599s] -- Up-to-date symlink: /home/aurora/RM25/install/nav_2d_msgs/include/nav_2d_msgs/nav_2d_msgs/msg/pose2_d_stamped.h
[1.599s] -- Up-to-date symlink: /home/aurora/RM25/install/nav_2d_msgs/include/nav_2d_msgs/nav_2d_msgs/msg/rosidl_generator_c__visibility_control.h
[1.599s] -- Up-to-date symlink: /home/aurora/RM25/install/nav_2d_msgs/include/nav_2d_msgs/nav_2d_msgs/msg/twist2_d.h
[1.600s] -- Up-to-date symlink: /home/aurora/RM25/install/nav_2d_msgs/include/nav_2d_msgs/nav_2d_msgs/msg/twist2_d32.h
[1.600s] -- Up-to-date symlink: /home/aurora/RM25/install/nav_2d_msgs/include/nav_2d_msgs/nav_2d_msgs/msg/twist2_d_stamped.h
[1.600s] -- Up-to-date symlink: /home/aurora/RM25/install/nav_2d_msgs/share/nav_2d_msgs/environment/library_path.sh
[1.601s] -- Up-to-date symlink: /home/aurora/RM25/install/nav_2d_msgs/share/nav_2d_msgs/environment/library_path.dsv
[1.601s] -- Up-to-date symlink: /home/aurora/RM25/install/nav_2d_msgs/include/nav_2d_msgs/nav_2d_msgs/msg/detail/path2_d__rosidl_typesupport_fastrtps_c.h
[1.601s] -- Up-to-date symlink: /home/aurora/RM25/install/nav_2d_msgs/include/nav_2d_msgs/nav_2d_msgs/msg/detail/pose2_d32__rosidl_typesupport_fastrtps_c.h
[1.602s] -- Up-to-date symlink: /home/aurora/RM25/install/nav_2d_msgs/include/nav_2d_msgs/nav_2d_msgs/msg/detail/pose2_d_stamped__rosidl_typesupport_fastrtps_c.h
[1.602s] -- Up-to-date symlink: /home/aurora/RM25/install/nav_2d_msgs/include/nav_2d_msgs/nav_2d_msgs/msg/detail/twist2_d32__rosidl_typesupport_fastrtps_c.h
[1.602s] -- Up-to-date symlink: /home/aurora/RM25/install/nav_2d_msgs/include/nav_2d_msgs/nav_2d_msgs/msg/detail/twist2_d__rosidl_typesupport_fastrtps_c.h
[1.602s] -- Up-to-date symlink: /home/aurora/RM25/install/nav_2d_msgs/include/nav_2d_msgs/nav_2d_msgs/msg/detail/twist2_d_stamped__rosidl_typesupport_fastrtps_c.h
[1.603s] -- Up-to-date symlink: /home/aurora/RM25/install/nav_2d_msgs/include/nav_2d_msgs/nav_2d_msgs/msg/rosidl_typesupport_fastrtps_c__visibility_control.h
[1.603s] -- Up-to-date symlink: /home/aurora/RM25/install/nav_2d_msgs/include/nav_2d_msgs/nav_2d_msgs/msg/detail/path2_d__builder.hpp
[1.603s] -- Up-to-date symlink: /home/aurora/RM25/install/nav_2d_msgs/include/nav_2d_msgs/nav_2d_msgs/msg/detail/path2_d__struct.hpp
[1.604s] -- Up-to-date symlink: /home/aurora/RM25/install/nav_2d_msgs/include/nav_2d_msgs/nav_2d_msgs/msg/detail/path2_d__traits.hpp
[1.604s] -- Up-to-date symlink: /home/aurora/RM25/install/nav_2d_msgs/include/nav_2d_msgs/nav_2d_msgs/msg/detail/pose2_d32__builder.hpp
[1.604s] -- Up-to-date symlink: /home/aurora/RM25/install/nav_2d_msgs/include/nav_2d_msgs/nav_2d_msgs/msg/detail/pose2_d32__struct.hpp
[1.604s] -- Up-to-date symlink: /home/aurora/RM25/install/nav_2d_msgs/include/nav_2d_msgs/nav_2d_msgs/msg/detail/pose2_d32__traits.hpp
[1.604s] -- Up-to-date symlink: /home/aurora/RM25/install/nav_2d_msgs/include/nav_2d_msgs/nav_2d_msgs/msg/detail/pose2_d_stamped__builder.hpp
[1.605s] -- Up-to-date symlink: /home/aurora/RM25/install/nav_2d_msgs/include/nav_2d_msgs/nav_2d_msgs/msg/detail/pose2_d_stamped__struct.hpp
[1.605s] -- Up-to-date symlink: /home/aurora/RM25/install/nav_2d_msgs/include/nav_2d_msgs/nav_2d_msgs/msg/detail/pose2_d_stamped__traits.hpp
[1.605s] -- Up-to-date symlink: /home/aurora/RM25/install/nav_2d_msgs/include/nav_2d_msgs/nav_2d_msgs/msg/detail/twist2_d32__builder.hpp
[1.605s] -- Up-to-date symlink: /home/aurora/RM25/install/nav_2d_msgs/include/nav_2d_msgs/nav_2d_msgs/msg/detail/twist2_d32__struct.hpp
[1.606s] -- Up-to-date symlink: /home/aurora/RM25/install/nav_2d_msgs/include/nav_2d_msgs/nav_2d_msgs/msg/detail/twist2_d32__traits.hpp
[1.606s] -- Up-to-date symlink: /home/aurora/RM25/install/nav_2d_msgs/include/nav_2d_msgs/nav_2d_msgs/msg/detail/twist2_d__builder.hpp
[1.606s] -- Up-to-date symlink: /home/aurora/RM25/install/nav_2d_msgs/include/nav_2d_msgs/nav_2d_msgs/msg/detail/twist2_d__struct.hpp
[1.606s] -- Up-to-date symlink: /home/aurora/RM25/install/nav_2d_msgs/include/nav_2d_msgs/nav_2d_msgs/msg/detail/twist2_d__traits.hpp
[1.607s] -- Up-to-date symlink: /home/aurora/RM25/install/nav_2d_msgs/include/nav_2d_msgs/nav_2d_msgs/msg/detail/twist2_d_stamped__builder.hpp
[1.607s] -- Up-to-date symlink: /home/aurora/RM25/install/nav_2d_msgs/include/nav_2d_msgs/nav_2d_msgs/msg/detail/twist2_d_stamped__struct.hpp
[1.607s] -- Up-to-date symlink: /home/aurora/RM25/install/nav_2d_msgs/include/nav_2d_msgs/nav_2d_msgs/msg/detail/twist2_d_stamped__traits.hpp
[1.608s] -- Up-to-date symlink: /home/aurora/RM25/install/nav_2d_msgs/include/nav_2d_msgs/nav_2d_msgs/msg/path2_d.hpp
[1.608s] -- Up-to-date symlink: /home/aurora/RM25/install/nav_2d_msgs/include/nav_2d_msgs/nav_2d_msgs/msg/pose2_d32.hpp
[1.608s] -- Up-to-date symlink: /home/aurora/RM25/install/nav_2d_msgs/include/nav_2d_msgs/nav_2d_msgs/msg/pose2_d_stamped.hpp
[1.608s] -- Up-to-date symlink: /home/aurora/RM25/install/nav_2d_msgs/include/nav_2d_msgs/nav_2d_msgs/msg/twist2_d.hpp
[1.609s] -- Up-to-date symlink: /home/aurora/RM25/install/nav_2d_msgs/include/nav_2d_msgs/nav_2d_msgs/msg/twist2_d32.hpp
[1.609s] -- Up-to-date symlink: /home/aurora/RM25/install/nav_2d_msgs/include/nav_2d_msgs/nav_2d_msgs/msg/twist2_d_stamped.hpp
[1.610s] -- Up-to-date symlink: /home/aurora/RM25/install/nav_2d_msgs/include/nav_2d_msgs/nav_2d_msgs/msg/detail/path2_d__rosidl_typesupport_fastrtps_cpp.hpp
[1.610s] -- Up-to-date symlink: /home/aurora/RM25/install/nav_2d_msgs/include/nav_2d_msgs/nav_2d_msgs/msg/detail/pose2_d32__rosidl_typesupport_fastrtps_cpp.hpp
[1.610s] -- Up-to-date symlink: /home/aurora/RM25/install/nav_2d_msgs/include/nav_2d_msgs/nav_2d_msgs/msg/detail/pose2_d_stamped__rosidl_typesupport_fastrtps_cpp.hpp
[1.610s] -- Up-to-date symlink: /home/aurora/RM25/install/nav_2d_msgs/include/nav_2d_msgs/nav_2d_msgs/msg/detail/twist2_d32__rosidl_typesupport_fastrtps_cpp.hpp
[1.611s] -- Up-to-date symlink: /home/aurora/RM25/install/nav_2d_msgs/include/nav_2d_msgs/nav_2d_msgs/msg/detail/twist2_d__rosidl_typesupport_fastrtps_cpp.hpp
[1.611s] -- Up-to-date symlink: /home/aurora/RM25/install/nav_2d_msgs/include/nav_2d_msgs/nav_2d_msgs/msg/detail/twist2_d_stamped__rosidl_typesupport_fastrtps_cpp.hpp
[1.611s] -- Up-to-date symlink: /home/aurora/RM25/install/nav_2d_msgs/include/nav_2d_msgs/nav_2d_msgs/msg/rosidl_typesupport_fastrtps_cpp__visibility_control.h
[1.612s] -- Up-to-date symlink: /home/aurora/RM25/install/nav_2d_msgs/include/nav_2d_msgs/nav_2d_msgs/msg/detail/path2_d__rosidl_typesupport_introspection_c.h
[1.612s] -- Up-to-date symlink: /home/aurora/RM25/install/nav_2d_msgs/include/nav_2d_msgs/nav_2d_msgs/msg/detail/pose2_d32__rosidl_typesupport_introspection_c.h
[1.612s] -- Up-to-date symlink: /home/aurora/RM25/install/nav_2d_msgs/include/nav_2d_msgs/nav_2d_msgs/msg/detail/pose2_d_stamped__rosidl_typesupport_introspection_c.h
[1.613s] -- Up-to-date symlink: /home/aurora/RM25/install/nav_2d_msgs/include/nav_2d_msgs/nav_2d_msgs/msg/detail/twist2_d32__rosidl_typesupport_introspection_c.h
[1.613s] -- Up-to-date symlink: /home/aurora/RM25/install/nav_2d_msgs/include/nav_2d_msgs/nav_2d_msgs/msg/detail/twist2_d__rosidl_typesupport_introspection_c.h
[1.614s] -- Up-to-date symlink: /home/aurora/RM25/install/nav_2d_msgs/include/nav_2d_msgs/nav_2d_msgs/msg/detail/twist2_d_stamped__rosidl_typesupport_introspection_c.h
[1.614s] -- Up-to-date symlink: /home/aurora/RM25/install/nav_2d_msgs/include/nav_2d_msgs/nav_2d_msgs/msg/rosidl_typesupport_introspection_c__visibility_control.h
[1.615s] -- Up-to-date symlink: /home/aurora/RM25/install/nav_2d_msgs/include/nav_2d_msgs/nav_2d_msgs/msg/detail/path2_d__rosidl_typesupport_introspection_cpp.hpp
[1.615s] -- Up-to-date symlink: /home/aurora/RM25/install/nav_2d_msgs/include/nav_2d_msgs/nav_2d_msgs/msg/detail/pose2_d32__rosidl_typesupport_introspection_cpp.hpp
[1.615s] -- Up-to-date symlink: /home/aurora/RM25/install/nav_2d_msgs/include/nav_2d_msgs/nav_2d_msgs/msg/detail/pose2_d_stamped__rosidl_typesupport_introspection_cpp.hpp
[1.615s] -- Up-to-date symlink: /home/aurora/RM25/install/nav_2d_msgs/include/nav_2d_msgs/nav_2d_msgs/msg/detail/twist2_d32__rosidl_typesupport_introspection_cpp.hpp
[1.615s] -- Up-to-date symlink: /home/aurora/RM25/install/nav_2d_msgs/include/nav_2d_msgs/nav_2d_msgs/msg/detail/twist2_d__rosidl_typesupport_introspection_cpp.hpp
[1.616s] -- Up-to-date symlink: /home/aurora/RM25/install/nav_2d_msgs/include/nav_2d_msgs/nav_2d_msgs/msg/detail/twist2_d_stamped__rosidl_typesupport_introspection_cpp.hpp
[1.616s] -- Up-to-date symlink: /home/aurora/RM25/install/nav_2d_msgs/share/nav_2d_msgs/environment/pythonpath.sh
[1.616s] -- Up-to-date symlink: /home/aurora/RM25/install/nav_2d_msgs/share/nav_2d_msgs/environment/pythonpath.dsv
[1.616s] -- Up-to-date symlink: /home/aurora/RM25/install/nav_2d_msgs/local/lib/python3.10/dist-packages/nav_2d_msgs-1.1.17-py3.10.egg-info/PKG-INFO
[1.616s] -- Up-to-date symlink: /home/aurora/RM25/install/nav_2d_msgs/local/lib/python3.10/dist-packages/nav_2d_msgs-1.1.17-py3.10.egg-info/SOURCES.txt
[1.617s] -- Up-to-date symlink: /home/aurora/RM25/install/nav_2d_msgs/local/lib/python3.10/dist-packages/nav_2d_msgs-1.1.17-py3.10.egg-info/dependency_links.txt
[1.617s] -- Up-to-date symlink: /home/aurora/RM25/install/nav_2d_msgs/local/lib/python3.10/dist-packages/nav_2d_msgs-1.1.17-py3.10.egg-info/top_level.txt
[1.618s] -- Up-to-date symlink: /home/aurora/RM25/install/nav_2d_msgs/local/lib/python3.10/dist-packages/nav_2d_msgs/__init__.py
[1.618s] -- Up-to-date symlink: /home/aurora/RM25/install/nav_2d_msgs/local/lib/python3.10/dist-packages/nav_2d_msgs/_nav_2d_msgs_s.ep.rosidl_typesupport_c.c
[1.618s] -- Up-to-date symlink: /home/aurora/RM25/install/nav_2d_msgs/local/lib/python3.10/dist-packages/nav_2d_msgs/_nav_2d_msgs_s.ep.rosidl_typesupport_fastrtps_c.c
[1.618s] -- Up-to-date symlink: /home/aurora/RM25/install/nav_2d_msgs/local/lib/python3.10/dist-packages/nav_2d_msgs/_nav_2d_msgs_s.ep.rosidl_typesupport_introspection_c.c
[1.619s] -- Up-to-date symlink: /home/aurora/RM25/install/nav_2d_msgs/local/lib/python3.10/dist-packages/nav_2d_msgs/libnav_2d_msgs__rosidl_generator_py.so
[1.619s] -- Up-to-date symlink: /home/aurora/RM25/install/nav_2d_msgs/local/lib/python3.10/dist-packages/nav_2d_msgs/msg/__init__.py
[1.620s] -- Up-to-date symlink: /home/aurora/RM25/install/nav_2d_msgs/local/lib/python3.10/dist-packages/nav_2d_msgs/msg/_path2_d.py
[1.620s] -- Up-to-date symlink: /home/aurora/RM25/install/nav_2d_msgs/local/lib/python3.10/dist-packages/nav_2d_msgs/msg/_path2_d_s.c
[1.620s] -- Up-to-date symlink: /home/aurora/RM25/install/nav_2d_msgs/local/lib/python3.10/dist-packages/nav_2d_msgs/msg/_pose2_d32.py
[1.620s] -- Up-to-date symlink: /home/aurora/RM25/install/nav_2d_msgs/local/lib/python3.10/dist-packages/nav_2d_msgs/msg/_pose2_d32_s.c
[1.620s] -- Up-to-date symlink: /home/aurora/RM25/install/nav_2d_msgs/local/lib/python3.10/dist-packages/nav_2d_msgs/msg/_pose2_d_stamped.py
[1.621s] -- Up-to-date symlink: /home/aurora/RM25/install/nav_2d_msgs/local/lib/python3.10/dist-packages/nav_2d_msgs/msg/_pose2_d_stamped_s.c
[1.621s] -- Up-to-date symlink: /home/aurora/RM25/install/nav_2d_msgs/local/lib/python3.10/dist-packages/nav_2d_msgs/msg/_twist2_d.py
[1.621s] -- Up-to-date symlink: /home/aurora/RM25/install/nav_2d_msgs/local/lib/python3.10/dist-packages/nav_2d_msgs/msg/_twist2_d32.py
[1.621s] -- Up-to-date symlink: /home/aurora/RM25/install/nav_2d_msgs/local/lib/python3.10/dist-packages/nav_2d_msgs/msg/_twist2_d32_s.c
[1.621s] -- Up-to-date symlink: /home/aurora/RM25/install/nav_2d_msgs/local/lib/python3.10/dist-packages/nav_2d_msgs/msg/_twist2_d_s.c
[1.622s] -- Up-to-date symlink: /home/aurora/RM25/install/nav_2d_msgs/local/lib/python3.10/dist-packages/nav_2d_msgs/msg/_twist2_d_stamped.py
[1.622s] -- Up-to-date symlink: /home/aurora/RM25/install/nav_2d_msgs/local/lib/python3.10/dist-packages/nav_2d_msgs/msg/_twist2_d_stamped_s.c
[1.622s] -- Up-to-date symlink: /home/aurora/RM25/install/nav_2d_msgs/local/lib/python3.10/dist-packages/nav_2d_msgs/nav_2d_msgs_s__rosidl_typesupport_c.cpython-310-x86_64-linux-gnu.so
[1.622s] -- Up-to-date symlink: /home/aurora/RM25/install/nav_2d_msgs/local/lib/python3.10/dist-packages/nav_2d_msgs/nav_2d_msgs_s__rosidl_typesupport_fastrtps_c.cpython-310-x86_64-linux-gnu.so
[1.623s] -- Up-to-date symlink: /home/aurora/RM25/install/nav_2d_msgs/local/lib/python3.10/dist-packages/nav_2d_msgs/nav_2d_msgs_s__rosidl_typesupport_introspection_c.cpython-310-x86_64-linux-gnu.so
[1.623s] -- Up-to-date symlink: /home/aurora/RM25/install/nav_2d_msgs/local/lib/python3.10/dist-packages/nav_2d_msgs/nav_2d_msgs_s__rosidl_typesupport_fastrtps_c.cpython-310-x86_64-linux-gnu.so
[1.623s] -- Up-to-date symlink: /home/aurora/RM25/install/nav_2d_msgs/local/lib/python3.10/dist-packages/nav_2d_msgs/nav_2d_msgs_s__rosidl_typesupport_introspection_c.cpython-310-x86_64-linux-gnu.so
[1.623s] -- Up-to-date symlink: /home/aurora/RM25/install/nav_2d_msgs/local/lib/python3.10/dist-packages/nav_2d_msgs/nav_2d_msgs_s__rosidl_typesupport_c.cpython-310-x86_64-linux-gnu.so
[1.624s] -- Up-to-date symlink: /home/aurora/RM25/install/nav_2d_msgs/share/nav_2d_msgs/msg/Path2D.idl
[1.624s] -- Up-to-date symlink: /home/aurora/RM25/install/nav_2d_msgs/share/nav_2d_msgs/msg/Pose2D32.idl
[1.624s] -- Up-to-date symlink: /home/aurora/RM25/install/nav_2d_msgs/share/nav_2d_msgs/msg/Pose2DStamped.idl
[1.624s] -- Up-to-date symlink: /home/aurora/RM25/install/nav_2d_msgs/share/nav_2d_msgs/msg/Twist2D.idl
[1.625s] -- Up-to-date symlink: /home/aurora/RM25/install/nav_2d_msgs/share/nav_2d_msgs/msg/Twist2D32.idl
[1.625s] -- Up-to-date symlink: /home/aurora/RM25/install/nav_2d_msgs/share/nav_2d_msgs/msg/Twist2DStamped.idl
[1.625s] -- Up-to-date symlink: /home/aurora/RM25/install/nav_2d_msgs/share/nav_2d_msgs/msg/Path2D.msg
[1.626s] -- Up-to-date symlink: /home/aurora/RM25/install/nav_2d_msgs/share/nav_2d_msgs/msg/Pose2D32.msg
[1.627s] -- Up-to-date symlink: /home/aurora/RM25/install/nav_2d_msgs/share/nav_2d_msgs/msg/Pose2DStamped.msg
[1.627s] -- Up-to-date symlink: /home/aurora/RM25/install/nav_2d_msgs/share/nav_2d_msgs/msg/Twist2D.msg
[1.627s] -- Up-to-date symlink: /home/aurora/RM25/install/nav_2d_msgs/share/nav_2d_msgs/msg/Twist2D32.msg
[1.627s] -- Up-to-date symlink: /home/aurora/RM25/install/nav_2d_msgs/share/nav_2d_msgs/msg/Twist2DStamped.msg
[1.627s] -- Up-to-date symlink: /home/aurora/RM25/install/nav_2d_msgs/share/ament_index/resource_index/package_run_dependencies/nav_2d_msgs
[1.628s] -- Up-to-date symlink: /home/aurora/RM25/install/nav_2d_msgs/share/ament_index/resource_index/parent_prefix_path/nav_2d_msgs
[1.629s] -- Up-to-date symlink: /home/aurora/RM25/install/nav_2d_msgs/share/nav_2d_msgs/environment/ament_prefix_path.sh
[1.629s] -- Up-to-date symlink: /home/aurora/RM25/install/nav_2d_msgs/share/nav_2d_msgs/environment/ament_prefix_path.dsv
[1.629s] -- Up-to-date symlink: /home/aurora/RM25/install/nav_2d_msgs/share/nav_2d_msgs/environment/path.sh
[1.629s] -- Up-to-date symlink: /home/aurora/RM25/install/nav_2d_msgs/share/nav_2d_msgs/environment/path.dsv
[1.630s] -- Up-to-date symlink: /home/aurora/RM25/install/nav_2d_msgs/share/nav_2d_msgs/local_setup.bash
[1.630s] -- Up-to-date symlink: /home/aurora/RM25/install/nav_2d_msgs/share/nav_2d_msgs/local_setup.sh
[1.631s] -- Up-to-date symlink: /home/aurora/RM25/install/nav_2d_msgs/share/nav_2d_msgs/local_setup.zsh
[1.631s] -- Up-to-date symlink: /home/aurora/RM25/install/nav_2d_msgs/share/nav_2d_msgs/local_setup.dsv
[1.631s] -- Symlinking: /home/aurora/RM25/install/nav_2d_msgs/share/nav_2d_msgs/package.dsv
[1.637s] -- Up-to-date symlink: /home/aurora/RM25/install/nav_2d_msgs/share/ament_index/resource_index/packages/nav_2d_msgs
[1.637s] -- Up-to-date symlink: /home/aurora/RM25/install/nav_2d_msgs/share/nav_2d_msgs/cmake/rosidl_cmake-extras.cmake
[1.637s] -- Up-to-date symlink: /home/aurora/RM25/install/nav_2d_msgs/share/nav_2d_msgs/cmake/ament_cmake_export_dependencies-extras.cmake
[1.637s] -- Up-to-date symlink: /home/aurora/RM25/install/nav_2d_msgs/share/nav_2d_msgs/cmake/ament_cmake_export_include_directories-extras.cmake
[1.637s] -- Up-to-date symlink: /home/aurora/RM25/install/nav_2d_msgs/share/nav_2d_msgs/cmake/ament_cmake_export_libraries-extras.cmake
[1.638s] -- Up-to-date symlink: /home/aurora/RM25/install/nav_2d_msgs/share/nav_2d_msgs/cmake/ament_cmake_export_targets-extras.cmake
[1.638s] -- Up-to-date symlink: /home/aurora/RM25/install/nav_2d_msgs/share/nav_2d_msgs/cmake/rosidl_cmake_export_typesupport_targets-extras.cmake
[1.638s] -- Up-to-date symlink: /home/aurora/RM25/install/nav_2d_msgs/share/nav_2d_msgs/cmake/rosidl_cmake_export_typesupport_libraries-extras.cmake
[1.639s] -- Up-to-date symlink: /home/aurora/RM25/install/nav_2d_msgs/share/nav_2d_msgs/cmake/nav_2d_msgsConfig.cmake
[1.639s] -- Up-to-date symlink: /home/aurora/RM25/install/nav_2d_msgs/share/nav_2d_msgs/cmake/nav_2d_msgsConfig-version.cmake
[1.639s] -- Up-to-date symlink: /home/aurora/RM25/install/nav_2d_msgs/share/nav_2d_msgs/package.xml
[1.641s] -- Up-to-date: /home/aurora/RM25/install/nav_2d_msgs/lib/libnav_2d_msgs__rosidl_generator_c.so
[1.642s] -- Up-to-date: /home/aurora/RM25/install/nav_2d_msgs/lib/libnav_2d_msgs__rosidl_typesupport_fastrtps_c.so
[1.642s] -- Up-to-date: /home/aurora/RM25/install/nav_2d_msgs/lib/libnav_2d_msgs__rosidl_typesupport_fastrtps_cpp.so
[1.642s] -- Up-to-date: /home/aurora/RM25/install/nav_2d_msgs/lib/libnav_2d_msgs__rosidl_typesupport_introspection_c.so
[1.643s] -- Up-to-date: /home/aurora/RM25/install/nav_2d_msgs/lib/libnav_2d_msgs__rosidl_typesupport_c.so
[1.644s] -- Up-to-date: /home/aurora/RM25/install/nav_2d_msgs/lib/libnav_2d_msgs__rosidl_typesupport_introspection_cpp.so
[1.644s] -- Up-to-date: /home/aurora/RM25/install/nav_2d_msgs/lib/libnav_2d_msgs__rosidl_typesupport_cpp.so
[1.668s] Listing '/home/aurora/RM25/install/nav_2d_msgs/local/lib/python3.10/dist-packages/nav_2d_msgs'...
[1.668s] Compiling '/home/aurora/RM25/install/nav_2d_msgs/local/lib/python3.10/dist-packages/nav_2d_msgs/__init__.py'...
[1.668s] Listing '/home/aurora/RM25/install/nav_2d_msgs/local/lib/python3.10/dist-packages/nav_2d_msgs/msg'...
[1.672s] -- Up-to-date: /home/aurora/RM25/install/nav_2d_msgs/lib/libnav_2d_msgs__rosidl_generator_py.so
[1.672s] -- Up-to-date: /home/aurora/RM25/install/nav_2d_msgs/share/nav_2d_msgs/cmake/export_nav_2d_msgs__rosidl_generator_cExport.cmake
[1.673s] -- Up-to-date: /home/aurora/RM25/install/nav_2d_msgs/share/nav_2d_msgs/cmake/export_nav_2d_msgs__rosidl_generator_cExport-noconfig.cmake
[1.673s] -- Up-to-date: /home/aurora/RM25/install/nav_2d_msgs/share/nav_2d_msgs/cmake/export_nav_2d_msgs__rosidl_typesupport_fastrtps_cExport.cmake
[1.673s] -- Up-to-date: /home/aurora/RM25/install/nav_2d_msgs/share/nav_2d_msgs/cmake/export_nav_2d_msgs__rosidl_typesupport_fastrtps_cExport-noconfig.cmake
[1.673s] -- Up-to-date: /home/aurora/RM25/install/nav_2d_msgs/share/nav_2d_msgs/cmake/export_nav_2d_msgs__rosidl_generator_cppExport.cmake
[1.673s] -- Up-to-date: /home/aurora/RM25/install/nav_2d_msgs/share/nav_2d_msgs/cmake/export_nav_2d_msgs__rosidl_typesupport_fastrtps_cppExport.cmake
[1.673s] -- Up-to-date: /home/aurora/RM25/install/nav_2d_msgs/share/nav_2d_msgs/cmake/export_nav_2d_msgs__rosidl_typesupport_fastrtps_cppExport-noconfig.cmake
[1.673s] -- Up-to-date: /home/aurora/RM25/install/nav_2d_msgs/share/nav_2d_msgs/cmake/nav_2d_msgs__rosidl_typesupport_introspection_cExport.cmake
[1.674s] -- Up-to-date: /home/aurora/RM25/install/nav_2d_msgs/share/nav_2d_msgs/cmake/nav_2d_msgs__rosidl_typesupport_introspection_cExport-noconfig.cmake
[1.674s] -- Up-to-date: /home/aurora/RM25/install/nav_2d_msgs/share/nav_2d_msgs/cmake/nav_2d_msgs__rosidl_typesupport_cExport.cmake
[1.674s] -- Up-to-date: /home/aurora/RM25/install/nav_2d_msgs/share/nav_2d_msgs/cmake/nav_2d_msgs__rosidl_typesupport_cExport-noconfig.cmake
[1.674s] -- Up-to-date: /home/aurora/RM25/install/nav_2d_msgs/share/nav_2d_msgs/cmake/nav_2d_msgs__rosidl_typesupport_introspection_cppExport.cmake
[1.674s] -- Up-to-date: /home/aurora/RM25/install/nav_2d_msgs/share/nav_2d_msgs/cmake/nav_2d_msgs__rosidl_typesupport_introspection_cppExport-noconfig.cmake
[1.674s] -- Up-to-date: /home/aurora/RM25/install/nav_2d_msgs/share/nav_2d_msgs/cmake/nav_2d_msgs__rosidl_typesupport_cppExport.cmake
[1.674s] -- Up-to-date: /home/aurora/RM25/install/nav_2d_msgs/share/nav_2d_msgs/cmake/nav_2d_msgs__rosidl_typesupport_cppExport-noconfig.cmake
[1.675s] -- Up-to-date: /home/aurora/RM25/install/nav_2d_msgs/share/nav_2d_msgs/cmake/export_nav_2d_msgs__rosidl_generator_pyExport.cmake
[1.675s] -- Up-to-date: /home/aurora/RM25/install/nav_2d_msgs/share/nav_2d_msgs/cmake/export_nav_2d_msgs__rosidl_generator_pyExport-noconfig.cmake
[1.675s] Invoked command in '/home/aurora/RM25/build/nav_2d_msgs' returned '0': CMAKE_PREFIX_PATH=${CMAKE_PREFIX_PATH}:/home/aurora/RM25/install/nav2_simple_commander:/home/aurora/RM25/install/nav2_loopback_sim:/home/aurora/ws_helloworld/install/pkg02_helloworld_py:/opt/ros/humble /usr/bin/cmake --install /home/aurora/RM25/build/nav_2d_msgs
