[0.021s] Invoking command in '/home/aurora/RM25/build/nav_2d_msgs': CMAKE_PREFIX_PATH=${CMAKE_PREFIX_PATH}:/home/aurora/ws_helloworld/install/pkg02_helloworld_py:/opt/ros/humble /usr/bin/cmake --build /home/aurora/RM25/build/nav_2d_msgs -- -j20 -l20
[0.079s] -- Found geometry_msgs: 4.2.4 (/opt/ros/humble/share/geometry_msgs/cmake)
[0.158s] -- Override CMake install command with custom implementation using symlinks instead of copying resources
[0.388s] -- Found rosidl_generator_c: 3.1.5 (/opt/ros/humble/share/rosidl_generator_c/cmake)
[0.392s] -- Found rosidl_adapter: 3.1.5 (/opt/ros/humble/share/rosidl_adapter/cmake)
[0.400s] -- Found rosidl_generator_cpp: 3.1.5 (/opt/ros/humble/share/rosidl_generator_cpp/cmake)
[0.413s] -- Using all available rosidl_typesupport_c: rosidl_typesupport_fastrtps_c;rosidl_typesupport_introspection_c
[0.426s] -- Using all available rosidl_typesupport_cpp: rosidl_typesupport_fastrtps_cpp;rosidl_typesupport_introspection_cpp
[0.461s] -- Found rosidl_default_generators: 1.2.0 (/opt/ros/humble/share/rosidl_default_generators/cmake)
[0.648s] -- Found ament_cmake_ros: 0.10.0 (/opt/ros/humble/share/ament_cmake_ros/cmake)
[0.894s] -- Using all available rosidl_typesupport_c: rosidl_typesupport_fastrtps_c;rosidl_typesupport_introspection_c
[0.996s] -- Using all available rosidl_typesupport_cpp: rosidl_typesupport_fastrtps_cpp;rosidl_typesupport_introspection_cpp
[1.012s] -- Found python_cmake_module: 0.10.0 (/opt/ros/humble/share/python_cmake_module/cmake)
[1.027s] -- Using PYTHON_EXECUTABLE: /usr/bin/python3
[1.027s] -- Using PYTHON_INCLUDE_DIRS: /usr/include/python3.10
[1.027s] -- Using PYTHON_LIBRARIES: /usr/lib/x86_64-linux-gnu/libpython3.10.so
[1.063s] -- Configuring done
[1.104s] -- Generating done
[1.106s] -- Build files have been written to: /home/aurora/RM25/build/nav_2d_msgs
[1.127s] [35m[1mConsolidate compiler generated dependencies of target nav_2d_msgs__rosidl_generator_c[0m
[1.133s] [  1%] Built target nav_2d_msgs__cpp
[1.138s] [  1%] Built target ament_cmake_python_symlink_nav_2d_msgs
[1.139s] [ 12%] Built target nav_2d_msgs__rosidl_generator_c
[1.145s] [35m[1mConsolidate compiler generated dependencies of target nav_2d_msgs__rosidl_typesupport_cpp[0m
[1.149s] [35m[1mConsolidate compiler generated dependencies of target nav_2d_msgs__rosidl_typesupport_introspection_cpp[0m
[1.149s] [35m[1mConsolidate compiler generated dependencies of target nav_2d_msgs__rosidl_typesupport_fastrtps_cpp[0m
[1.150s] [35m[1mConsolidate compiler generated dependencies of target nav_2d_msgs__rosidl_typesupport_introspection_c[0m
[1.151s] [35m[1mConsolidate compiler generated dependencies of target nav_2d_msgs__rosidl_typesupport_fastrtps_c[0m
[1.151s] [35m[1mConsolidate compiler generated dependencies of target nav_2d_msgs__rosidl_typesupport_c[0m
[1.158s] [ 23%] Built target nav_2d_msgs__rosidl_typesupport_cpp
[1.163s] [ 46%] Built target nav_2d_msgs__rosidl_typesupport_fastrtps_cpp
[1.163s] [ 45%] Built target nav_2d_msgs__rosidl_typesupport_introspection_c
[1.163s] [ 57%] Built target nav_2d_msgs__rosidl_typesupport_introspection_cpp
[1.163s] [ 69%] Built target nav_2d_msgs__rosidl_typesupport_fastrtps_c
[1.164s] [ 80%] Built target nav_2d_msgs__rosidl_typesupport_c
[1.176s] [ 80%] Built target nav_2d_msgs
[1.189s] [ 81%] Built target nav_2d_msgs__py
[1.199s] [35m[1mConsolidate compiler generated dependencies of target nav_2d_msgs__rosidl_generator_py[0m
[1.210s] [ 91%] Built target nav_2d_msgs__rosidl_generator_py
[1.219s] [35m[1mConsolidate compiler generated dependencies of target nav_2d_msgs__rosidl_typesupport_c__pyext[0m
[1.219s] [35m[1mConsolidate compiler generated dependencies of target nav_2d_msgs__rosidl_typesupport_fastrtps_c__pyext[0m
[1.220s] [35m[1mConsolidate compiler generated dependencies of target nav_2d_msgs__rosidl_typesupport_introspection_c__pyext[0m
[1.228s] [ 94%] Built target nav_2d_msgs__rosidl_typesupport_introspection_c__pyext
[1.229s] [ 97%] Built target nav_2d_msgs__rosidl_typesupport_c__pyext
[1.231s] [100%] Built target nav_2d_msgs__rosidl_typesupport_fastrtps_c__pyext
[1.292s] running egg_info
[1.293s] writing nav_2d_msgs.egg-info/PKG-INFO
[1.293s] writing dependency_links to nav_2d_msgs.egg-info/dependency_links.txt
[1.294s] writing top-level names to nav_2d_msgs.egg-info/top_level.txt
[1.295s] reading manifest file 'nav_2d_msgs.egg-info/SOURCES.txt'
[1.296s] writing manifest file 'nav_2d_msgs.egg-info/SOURCES.txt'
[1.322s] [100%] Built target ament_cmake_python_build_nav_2d_msgs_egg
[1.331s] Invoked command in '/home/aurora/RM25/build/nav_2d_msgs' returned '0': CMAKE_PREFIX_PATH=${CMAKE_PREFIX_PATH}:/home/aurora/ws_helloworld/install/pkg02_helloworld_py:/opt/ros/humble /usr/bin/cmake --build /home/aurora/RM25/build/nav_2d_msgs -- -j20 -l20
[1.432s] Invoking command in '/home/aurora/RM25/build/nav_2d_msgs': CMAKE_PREFIX_PATH=${CMAKE_PREFIX_PATH}:/home/aurora/ws_helloworld/install/pkg02_helloworld_py:/opt/ros/humble /usr/bin/cmake --install /home/aurora/RM25/build/nav_2d_msgs
[1.436s] -- Install configuration: ""
[1.436s] -- Execute custom install script
[1.436s] -- Up-to-date symlink: /home/aurora/RM25/install/nav_2d_msgs/share/ament_index/resource_index/rosidl_interfaces/nav_2d_msgs
[1.437s] -- Up-to-date symlink: /home/aurora/RM25/install/nav_2d_msgs/include/nav_2d_msgs/nav_2d_msgs/msg/detail/path2_d__functions.h
[1.437s] -- Up-to-date symlink: /home/aurora/RM25/install/nav_2d_msgs/include/nav_2d_msgs/nav_2d_msgs/msg/detail/path2_d__struct.h
[1.437s] -- Up-to-date symlink: /home/aurora/RM25/install/nav_2d_msgs/include/nav_2d_msgs/nav_2d_msgs/msg/detail/path2_d__type_support.h
[1.437s] -- Up-to-date symlink: /home/aurora/RM25/install/nav_2d_msgs/include/nav_2d_msgs/nav_2d_msgs/msg/detail/pose2_d32__functions.h
[1.437s] -- Up-to-date symlink: /home/aurora/RM25/install/nav_2d_msgs/include/nav_2d_msgs/nav_2d_msgs/msg/detail/pose2_d32__struct.h
[1.437s] -- Up-to-date symlink: /home/aurora/RM25/install/nav_2d_msgs/include/nav_2d_msgs/nav_2d_msgs/msg/detail/pose2_d32__type_support.h
[1.438s] -- Up-to-date symlink: /home/aurora/RM25/install/nav_2d_msgs/include/nav_2d_msgs/nav_2d_msgs/msg/detail/pose2_d_stamped__functions.h
[1.438s] -- Up-to-date symlink: /home/aurora/RM25/install/nav_2d_msgs/include/nav_2d_msgs/nav_2d_msgs/msg/detail/pose2_d_stamped__struct.h
[1.438s] -- Up-to-date symlink: /home/aurora/RM25/install/nav_2d_msgs/include/nav_2d_msgs/nav_2d_msgs/msg/detail/pose2_d_stamped__type_support.h
[1.438s] -- Up-to-date symlink: /home/aurora/RM25/install/nav_2d_msgs/include/nav_2d_msgs/nav_2d_msgs/msg/detail/twist2_d32__functions.h
[1.438s] -- Up-to-date symlink: /home/aurora/RM25/install/nav_2d_msgs/include/nav_2d_msgs/nav_2d_msgs/msg/detail/twist2_d32__struct.h
[1.438s] -- Up-to-date symlink: /home/aurora/RM25/install/nav_2d_msgs/include/nav_2d_msgs/nav_2d_msgs/msg/detail/twist2_d32__type_support.h
[1.438s] -- Up-to-date symlink: /home/aurora/RM25/install/nav_2d_msgs/include/nav_2d_msgs/nav_2d_msgs/msg/detail/twist2_d__functions.h
[1.438s] -- Up-to-date symlink: /home/aurora/RM25/install/nav_2d_msgs/include/nav_2d_msgs/nav_2d_msgs/msg/detail/twist2_d__struct.h
[1.438s] -- Up-to-date symlink: /home/aurora/RM25/install/nav_2d_msgs/include/nav_2d_msgs/nav_2d_msgs/msg/detail/twist2_d__type_support.h
[1.438s] -- Up-to-date symlink: /home/aurora/RM25/install/nav_2d_msgs/include/nav_2d_msgs/nav_2d_msgs/msg/detail/twist2_d_stamped__functions.h
[1.438s] -- Up-to-date symlink: /home/aurora/RM25/install/nav_2d_msgs/include/nav_2d_msgs/nav_2d_msgs/msg/detail/twist2_d_stamped__struct.h
[1.439s] -- Up-to-date symlink: /home/aurora/RM25/install/nav_2d_msgs/include/nav_2d_msgs/nav_2d_msgs/msg/detail/twist2_d_stamped__type_support.h
[1.439s] -- Up-to-date symlink: /home/aurora/RM25/install/nav_2d_msgs/include/nav_2d_msgs/nav_2d_msgs/msg/path2_d.h
[1.439s] -- Up-to-date symlink: /home/aurora/RM25/install/nav_2d_msgs/include/nav_2d_msgs/nav_2d_msgs/msg/pose2_d32.h
[1.439s] -- Up-to-date symlink: /home/aurora/RM25/install/nav_2d_msgs/include/nav_2d_msgs/nav_2d_msgs/msg/pose2_d_stamped.h
[1.439s] -- Up-to-date symlink: /home/aurora/RM25/install/nav_2d_msgs/include/nav_2d_msgs/nav_2d_msgs/msg/rosidl_generator_c__visibility_control.h
[1.439s] -- Up-to-date symlink: /home/aurora/RM25/install/nav_2d_msgs/include/nav_2d_msgs/nav_2d_msgs/msg/twist2_d.h
[1.439s] -- Up-to-date symlink: /home/aurora/RM25/install/nav_2d_msgs/include/nav_2d_msgs/nav_2d_msgs/msg/twist2_d32.h
[1.439s] -- Up-to-date symlink: /home/aurora/RM25/install/nav_2d_msgs/include/nav_2d_msgs/nav_2d_msgs/msg/twist2_d_stamped.h
[1.439s] -- Up-to-date symlink: /home/aurora/RM25/install/nav_2d_msgs/share/nav_2d_msgs/environment/library_path.sh
[1.439s] -- Up-to-date symlink: /home/aurora/RM25/install/nav_2d_msgs/share/nav_2d_msgs/environment/library_path.dsv
[1.439s] -- Up-to-date symlink: /home/aurora/RM25/install/nav_2d_msgs/include/nav_2d_msgs/nav_2d_msgs/msg/detail/path2_d__rosidl_typesupport_fastrtps_c.h
[1.440s] -- Up-to-date symlink: /home/aurora/RM25/install/nav_2d_msgs/include/nav_2d_msgs/nav_2d_msgs/msg/detail/pose2_d32__rosidl_typesupport_fastrtps_c.h
[1.440s] -- Up-to-date symlink: /home/aurora/RM25/install/nav_2d_msgs/include/nav_2d_msgs/nav_2d_msgs/msg/detail/pose2_d_stamped__rosidl_typesupport_fastrtps_c.h
[1.440s] -- Up-to-date symlink: /home/aurora/RM25/install/nav_2d_msgs/include/nav_2d_msgs/nav_2d_msgs/msg/detail/twist2_d32__rosidl_typesupport_fastrtps_c.h
[1.440s] -- Up-to-date symlink: /home/aurora/RM25/install/nav_2d_msgs/include/nav_2d_msgs/nav_2d_msgs/msg/detail/twist2_d__rosidl_typesupport_fastrtps_c.h
[1.440s] -- Up-to-date symlink: /home/aurora/RM25/install/nav_2d_msgs/include/nav_2d_msgs/nav_2d_msgs/msg/detail/twist2_d_stamped__rosidl_typesupport_fastrtps_c.h
[1.440s] -- Up-to-date symlink: /home/aurora/RM25/install/nav_2d_msgs/include/nav_2d_msgs/nav_2d_msgs/msg/rosidl_typesupport_fastrtps_c__visibility_control.h
[1.441s] -- Up-to-date symlink: /home/aurora/RM25/install/nav_2d_msgs/include/nav_2d_msgs/nav_2d_msgs/msg/detail/path2_d__builder.hpp
[1.441s] -- Up-to-date symlink: /home/aurora/RM25/install/nav_2d_msgs/include/nav_2d_msgs/nav_2d_msgs/msg/detail/path2_d__struct.hpp
[1.441s] -- Up-to-date symlink: /home/aurora/RM25/install/nav_2d_msgs/include/nav_2d_msgs/nav_2d_msgs/msg/detail/path2_d__traits.hpp
[1.441s] -- Up-to-date symlink: /home/aurora/RM25/install/nav_2d_msgs/include/nav_2d_msgs/nav_2d_msgs/msg/detail/pose2_d32__builder.hpp
[1.441s] -- Up-to-date symlink: /home/aurora/RM25/install/nav_2d_msgs/include/nav_2d_msgs/nav_2d_msgs/msg/detail/pose2_d32__struct.hpp
[1.441s] -- Up-to-date symlink: /home/aurora/RM25/install/nav_2d_msgs/include/nav_2d_msgs/nav_2d_msgs/msg/detail/pose2_d32__traits.hpp
[1.441s] -- Up-to-date symlink: /home/aurora/RM25/install/nav_2d_msgs/include/nav_2d_msgs/nav_2d_msgs/msg/detail/pose2_d_stamped__builder.hpp
[1.441s] -- Up-to-date symlink: /home/aurora/RM25/install/nav_2d_msgs/include/nav_2d_msgs/nav_2d_msgs/msg/detail/pose2_d_stamped__struct.hpp
[1.442s] -- Up-to-date symlink: /home/aurora/RM25/install/nav_2d_msgs/include/nav_2d_msgs/nav_2d_msgs/msg/detail/pose2_d_stamped__traits.hpp
[1.442s] -- Up-to-date symlink: /home/aurora/RM25/install/nav_2d_msgs/include/nav_2d_msgs/nav_2d_msgs/msg/detail/twist2_d32__builder.hpp
[1.442s] -- Up-to-date symlink: /home/aurora/RM25/install/nav_2d_msgs/include/nav_2d_msgs/nav_2d_msgs/msg/detail/twist2_d32__struct.hpp
[1.442s] -- Up-to-date symlink: /home/aurora/RM25/install/nav_2d_msgs/include/nav_2d_msgs/nav_2d_msgs/msg/detail/twist2_d32__traits.hpp
[1.442s] -- Up-to-date symlink: /home/aurora/RM25/install/nav_2d_msgs/include/nav_2d_msgs/nav_2d_msgs/msg/detail/twist2_d__builder.hpp
[1.442s] -- Up-to-date symlink: /home/aurora/RM25/install/nav_2d_msgs/include/nav_2d_msgs/nav_2d_msgs/msg/detail/twist2_d__struct.hpp
[1.442s] -- Up-to-date symlink: /home/aurora/RM25/install/nav_2d_msgs/include/nav_2d_msgs/nav_2d_msgs/msg/detail/twist2_d__traits.hpp
[1.443s] -- Up-to-date symlink: /home/aurora/RM25/install/nav_2d_msgs/include/nav_2d_msgs/nav_2d_msgs/msg/detail/twist2_d_stamped__builder.hpp
[1.443s] -- Up-to-date symlink: /home/aurora/RM25/install/nav_2d_msgs/include/nav_2d_msgs/nav_2d_msgs/msg/detail/twist2_d_stamped__struct.hpp
[1.443s] -- Up-to-date symlink: /home/aurora/RM25/install/nav_2d_msgs/include/nav_2d_msgs/nav_2d_msgs/msg/detail/twist2_d_stamped__traits.hpp
[1.443s] -- Up-to-date symlink: /home/aurora/RM25/install/nav_2d_msgs/include/nav_2d_msgs/nav_2d_msgs/msg/path2_d.hpp
[1.443s] -- Up-to-date symlink: /home/aurora/RM25/install/nav_2d_msgs/include/nav_2d_msgs/nav_2d_msgs/msg/pose2_d32.hpp
[1.443s] -- Up-to-date symlink: /home/aurora/RM25/install/nav_2d_msgs/include/nav_2d_msgs/nav_2d_msgs/msg/pose2_d_stamped.hpp
[1.443s] -- Up-to-date symlink: /home/aurora/RM25/install/nav_2d_msgs/include/nav_2d_msgs/nav_2d_msgs/msg/twist2_d.hpp
[1.443s] -- Up-to-date symlink: /home/aurora/RM25/install/nav_2d_msgs/include/nav_2d_msgs/nav_2d_msgs/msg/twist2_d32.hpp
[1.443s] -- Up-to-date symlink: /home/aurora/RM25/install/nav_2d_msgs/include/nav_2d_msgs/nav_2d_msgs/msg/twist2_d_stamped.hpp
[1.443s] -- Up-to-date symlink: /home/aurora/RM25/install/nav_2d_msgs/include/nav_2d_msgs/nav_2d_msgs/msg/detail/path2_d__rosidl_typesupport_fastrtps_cpp.hpp
[1.444s] -- Up-to-date symlink: /home/aurora/RM25/install/nav_2d_msgs/include/nav_2d_msgs/nav_2d_msgs/msg/detail/pose2_d32__rosidl_typesupport_fastrtps_cpp.hpp
[1.444s] -- Up-to-date symlink: /home/aurora/RM25/install/nav_2d_msgs/include/nav_2d_msgs/nav_2d_msgs/msg/detail/pose2_d_stamped__rosidl_typesupport_fastrtps_cpp.hpp
[1.444s] -- Up-to-date symlink: /home/aurora/RM25/install/nav_2d_msgs/include/nav_2d_msgs/nav_2d_msgs/msg/detail/twist2_d32__rosidl_typesupport_fastrtps_cpp.hpp
[1.444s] -- Up-to-date symlink: /home/aurora/RM25/install/nav_2d_msgs/include/nav_2d_msgs/nav_2d_msgs/msg/detail/twist2_d__rosidl_typesupport_fastrtps_cpp.hpp
[1.444s] -- Up-to-date symlink: /home/aurora/RM25/install/nav_2d_msgs/include/nav_2d_msgs/nav_2d_msgs/msg/detail/twist2_d_stamped__rosidl_typesupport_fastrtps_cpp.hpp
[1.444s] -- Up-to-date symlink: /home/aurora/RM25/install/nav_2d_msgs/include/nav_2d_msgs/nav_2d_msgs/msg/rosidl_typesupport_fastrtps_cpp__visibility_control.h
[1.444s] -- Up-to-date symlink: /home/aurora/RM25/install/nav_2d_msgs/include/nav_2d_msgs/nav_2d_msgs/msg/detail/path2_d__rosidl_typesupport_introspection_c.h
[1.444s] -- Up-to-date symlink: /home/aurora/RM25/install/nav_2d_msgs/include/nav_2d_msgs/nav_2d_msgs/msg/detail/pose2_d32__rosidl_typesupport_introspection_c.h
[1.444s] -- Up-to-date symlink: /home/aurora/RM25/install/nav_2d_msgs/include/nav_2d_msgs/nav_2d_msgs/msg/detail/pose2_d_stamped__rosidl_typesupport_introspection_c.h
[1.444s] -- Up-to-date symlink: /home/aurora/RM25/install/nav_2d_msgs/include/nav_2d_msgs/nav_2d_msgs/msg/detail/twist2_d32__rosidl_typesupport_introspection_c.h
[1.444s] -- Up-to-date symlink: /home/aurora/RM25/install/nav_2d_msgs/include/nav_2d_msgs/nav_2d_msgs/msg/detail/twist2_d__rosidl_typesupport_introspection_c.h
[1.444s] -- Up-to-date symlink: /home/aurora/RM25/install/nav_2d_msgs/include/nav_2d_msgs/nav_2d_msgs/msg/detail/twist2_d_stamped__rosidl_typesupport_introspection_c.h
[1.444s] -- Up-to-date symlink: /home/aurora/RM25/install/nav_2d_msgs/include/nav_2d_msgs/nav_2d_msgs/msg/rosidl_typesupport_introspection_c__visibility_control.h
[1.444s] -- Up-to-date symlink: /home/aurora/RM25/install/nav_2d_msgs/include/nav_2d_msgs/nav_2d_msgs/msg/detail/path2_d__rosidl_typesupport_introspection_cpp.hpp
[1.444s] -- Up-to-date symlink: /home/aurora/RM25/install/nav_2d_msgs/include/nav_2d_msgs/nav_2d_msgs/msg/detail/pose2_d32__rosidl_typesupport_introspection_cpp.hpp
[1.444s] -- Up-to-date symlink: /home/aurora/RM25/install/nav_2d_msgs/include/nav_2d_msgs/nav_2d_msgs/msg/detail/pose2_d_stamped__rosidl_typesupport_introspection_cpp.hpp
[1.444s] -- Up-to-date symlink: /home/aurora/RM25/install/nav_2d_msgs/include/nav_2d_msgs/nav_2d_msgs/msg/detail/twist2_d32__rosidl_typesupport_introspection_cpp.hpp
[1.444s] -- Up-to-date symlink: /home/aurora/RM25/install/nav_2d_msgs/include/nav_2d_msgs/nav_2d_msgs/msg/detail/twist2_d__rosidl_typesupport_introspection_cpp.hpp
[1.444s] -- Up-to-date symlink: /home/aurora/RM25/install/nav_2d_msgs/include/nav_2d_msgs/nav_2d_msgs/msg/detail/twist2_d_stamped__rosidl_typesupport_introspection_cpp.hpp
[1.444s] -- Up-to-date symlink: /home/aurora/RM25/install/nav_2d_msgs/share/nav_2d_msgs/environment/pythonpath.sh
[1.444s] -- Up-to-date symlink: /home/aurora/RM25/install/nav_2d_msgs/share/nav_2d_msgs/environment/pythonpath.dsv
[1.444s] -- Symlinking: /home/aurora/RM25/install/nav_2d_msgs/local/lib/python3.10/dist-packages/nav_2d_msgs-1.1.17-py3.10.egg-info/PKG-INFO
[1.449s] -- Symlinking: /home/aurora/RM25/install/nav_2d_msgs/local/lib/python3.10/dist-packages/nav_2d_msgs-1.1.17-py3.10.egg-info/SOURCES.txt
[1.455s] -- Symlinking: /home/aurora/RM25/install/nav_2d_msgs/local/lib/python3.10/dist-packages/nav_2d_msgs-1.1.17-py3.10.egg-info/dependency_links.txt
[1.461s] -- Symlinking: /home/aurora/RM25/install/nav_2d_msgs/local/lib/python3.10/dist-packages/nav_2d_msgs-1.1.17-py3.10.egg-info/top_level.txt
[1.466s] -- Up-to-date symlink: /home/aurora/RM25/install/nav_2d_msgs/local/lib/python3.10/dist-packages/nav_2d_msgs/__init__.py
[1.467s] -- Up-to-date symlink: /home/aurora/RM25/install/nav_2d_msgs/local/lib/python3.10/dist-packages/nav_2d_msgs/_nav_2d_msgs_s.ep.rosidl_typesupport_c.c
[1.467s] -- Up-to-date symlink: /home/aurora/RM25/install/nav_2d_msgs/local/lib/python3.10/dist-packages/nav_2d_msgs/_nav_2d_msgs_s.ep.rosidl_typesupport_fastrtps_c.c
[1.467s] -- Up-to-date symlink: /home/aurora/RM25/install/nav_2d_msgs/local/lib/python3.10/dist-packages/nav_2d_msgs/_nav_2d_msgs_s.ep.rosidl_typesupport_introspection_c.c
[1.468s] -- Up-to-date symlink: /home/aurora/RM25/install/nav_2d_msgs/local/lib/python3.10/dist-packages/nav_2d_msgs/libnav_2d_msgs__rosidl_generator_py.so
[1.468s] -- Up-to-date symlink: /home/aurora/RM25/install/nav_2d_msgs/local/lib/python3.10/dist-packages/nav_2d_msgs/msg/__init__.py
[1.468s] -- Up-to-date symlink: /home/aurora/RM25/install/nav_2d_msgs/local/lib/python3.10/dist-packages/nav_2d_msgs/msg/_path2_d.py
[1.468s] -- Up-to-date symlink: /home/aurora/RM25/install/nav_2d_msgs/local/lib/python3.10/dist-packages/nav_2d_msgs/msg/_path2_d_s.c
[1.468s] -- Up-to-date symlink: /home/aurora/RM25/install/nav_2d_msgs/local/lib/python3.10/dist-packages/nav_2d_msgs/msg/_pose2_d32.py
[1.468s] -- Up-to-date symlink: /home/aurora/RM25/install/nav_2d_msgs/local/lib/python3.10/dist-packages/nav_2d_msgs/msg/_pose2_d32_s.c
[1.468s] -- Up-to-date symlink: /home/aurora/RM25/install/nav_2d_msgs/local/lib/python3.10/dist-packages/nav_2d_msgs/msg/_pose2_d_stamped.py
[1.468s] -- Up-to-date symlink: /home/aurora/RM25/install/nav_2d_msgs/local/lib/python3.10/dist-packages/nav_2d_msgs/msg/_pose2_d_stamped_s.c
[1.468s] -- Up-to-date symlink: /home/aurora/RM25/install/nav_2d_msgs/local/lib/python3.10/dist-packages/nav_2d_msgs/msg/_twist2_d.py
[1.468s] -- Up-to-date symlink: /home/aurora/RM25/install/nav_2d_msgs/local/lib/python3.10/dist-packages/nav_2d_msgs/msg/_twist2_d32.py
[1.468s] -- Up-to-date symlink: /home/aurora/RM25/install/nav_2d_msgs/local/lib/python3.10/dist-packages/nav_2d_msgs/msg/_twist2_d32_s.c
[1.469s] -- Up-to-date symlink: /home/aurora/RM25/install/nav_2d_msgs/local/lib/python3.10/dist-packages/nav_2d_msgs/msg/_twist2_d_s.c
[1.469s] -- Up-to-date symlink: /home/aurora/RM25/install/nav_2d_msgs/local/lib/python3.10/dist-packages/nav_2d_msgs/msg/_twist2_d_stamped.py
[1.469s] -- Up-to-date symlink: /home/aurora/RM25/install/nav_2d_msgs/local/lib/python3.10/dist-packages/nav_2d_msgs/msg/_twist2_d_stamped_s.c
[1.469s] -- Up-to-date symlink: /home/aurora/RM25/install/nav_2d_msgs/local/lib/python3.10/dist-packages/nav_2d_msgs/nav_2d_msgs_s__rosidl_typesupport_c.cpython-310-x86_64-linux-gnu.so
[1.469s] -- Up-to-date symlink: /home/aurora/RM25/install/nav_2d_msgs/local/lib/python3.10/dist-packages/nav_2d_msgs/nav_2d_msgs_s__rosidl_typesupport_fastrtps_c.cpython-310-x86_64-linux-gnu.so
[1.469s] -- Up-to-date symlink: /home/aurora/RM25/install/nav_2d_msgs/local/lib/python3.10/dist-packages/nav_2d_msgs/nav_2d_msgs_s__rosidl_typesupport_introspection_c.cpython-310-x86_64-linux-gnu.so
[1.469s] -- Up-to-date symlink: /home/aurora/RM25/install/nav_2d_msgs/local/lib/python3.10/dist-packages/nav_2d_msgs/nav_2d_msgs_s__rosidl_typesupport_fastrtps_c.cpython-310-x86_64-linux-gnu.so
[1.469s] -- Up-to-date symlink: /home/aurora/RM25/install/nav_2d_msgs/local/lib/python3.10/dist-packages/nav_2d_msgs/nav_2d_msgs_s__rosidl_typesupport_introspection_c.cpython-310-x86_64-linux-gnu.so
[1.469s] -- Up-to-date symlink: /home/aurora/RM25/install/nav_2d_msgs/local/lib/python3.10/dist-packages/nav_2d_msgs/nav_2d_msgs_s__rosidl_typesupport_c.cpython-310-x86_64-linux-gnu.so
[1.469s] -- Up-to-date symlink: /home/aurora/RM25/install/nav_2d_msgs/share/nav_2d_msgs/msg/Path2D.idl
[1.469s] -- Up-to-date symlink: /home/aurora/RM25/install/nav_2d_msgs/share/nav_2d_msgs/msg/Pose2D32.idl
[1.469s] -- Up-to-date symlink: /home/aurora/RM25/install/nav_2d_msgs/share/nav_2d_msgs/msg/Pose2DStamped.idl
[1.469s] -- Up-to-date symlink: /home/aurora/RM25/install/nav_2d_msgs/share/nav_2d_msgs/msg/Twist2D.idl
[1.469s] -- Up-to-date symlink: /home/aurora/RM25/install/nav_2d_msgs/share/nav_2d_msgs/msg/Twist2D32.idl
[1.469s] -- Up-to-date symlink: /home/aurora/RM25/install/nav_2d_msgs/share/nav_2d_msgs/msg/Twist2DStamped.idl
[1.470s] -- Up-to-date symlink: /home/aurora/RM25/install/nav_2d_msgs/share/nav_2d_msgs/msg/Path2D.msg
[1.470s] -- Up-to-date symlink: /home/aurora/RM25/install/nav_2d_msgs/share/nav_2d_msgs/msg/Pose2D32.msg
[1.470s] -- Up-to-date symlink: /home/aurora/RM25/install/nav_2d_msgs/share/nav_2d_msgs/msg/Pose2DStamped.msg
[1.470s] -- Up-to-date symlink: /home/aurora/RM25/install/nav_2d_msgs/share/nav_2d_msgs/msg/Twist2D.msg
[1.470s] -- Up-to-date symlink: /home/aurora/RM25/install/nav_2d_msgs/share/nav_2d_msgs/msg/Twist2D32.msg
[1.470s] -- Up-to-date symlink: /home/aurora/RM25/install/nav_2d_msgs/share/nav_2d_msgs/msg/Twist2DStamped.msg
[1.470s] -- Up-to-date symlink: /home/aurora/RM25/install/nav_2d_msgs/share/ament_index/resource_index/package_run_dependencies/nav_2d_msgs
[1.470s] -- Up-to-date symlink: /home/aurora/RM25/install/nav_2d_msgs/share/ament_index/resource_index/parent_prefix_path/nav_2d_msgs
[1.470s] -- Up-to-date symlink: /home/aurora/RM25/install/nav_2d_msgs/share/nav_2d_msgs/environment/ament_prefix_path.sh
[1.470s] -- Up-to-date symlink: /home/aurora/RM25/install/nav_2d_msgs/share/nav_2d_msgs/environment/ament_prefix_path.dsv
[1.470s] -- Up-to-date symlink: /home/aurora/RM25/install/nav_2d_msgs/share/nav_2d_msgs/environment/path.sh
[1.470s] -- Up-to-date symlink: /home/aurora/RM25/install/nav_2d_msgs/share/nav_2d_msgs/environment/path.dsv
[1.470s] -- Up-to-date symlink: /home/aurora/RM25/install/nav_2d_msgs/share/nav_2d_msgs/local_setup.bash
[1.471s] -- Up-to-date symlink: /home/aurora/RM25/install/nav_2d_msgs/share/nav_2d_msgs/local_setup.sh
[1.471s] -- Up-to-date symlink: /home/aurora/RM25/install/nav_2d_msgs/share/nav_2d_msgs/local_setup.zsh
[1.471s] -- Up-to-date symlink: /home/aurora/RM25/install/nav_2d_msgs/share/nav_2d_msgs/local_setup.dsv
[1.471s] -- Symlinking: /home/aurora/RM25/install/nav_2d_msgs/share/nav_2d_msgs/package.dsv
[1.476s] -- Up-to-date symlink: /home/aurora/RM25/install/nav_2d_msgs/share/ament_index/resource_index/packages/nav_2d_msgs
[1.476s] -- Up-to-date symlink: /home/aurora/RM25/install/nav_2d_msgs/share/nav_2d_msgs/cmake/rosidl_cmake-extras.cmake
[1.476s] -- Up-to-date symlink: /home/aurora/RM25/install/nav_2d_msgs/share/nav_2d_msgs/cmake/ament_cmake_export_dependencies-extras.cmake
[1.476s] -- Up-to-date symlink: /home/aurora/RM25/install/nav_2d_msgs/share/nav_2d_msgs/cmake/ament_cmake_export_include_directories-extras.cmake
[1.476s] -- Up-to-date symlink: /home/aurora/RM25/install/nav_2d_msgs/share/nav_2d_msgs/cmake/ament_cmake_export_libraries-extras.cmake
[1.476s] -- Up-to-date symlink: /home/aurora/RM25/install/nav_2d_msgs/share/nav_2d_msgs/cmake/ament_cmake_export_targets-extras.cmake
[1.476s] -- Up-to-date symlink: /home/aurora/RM25/install/nav_2d_msgs/share/nav_2d_msgs/cmake/rosidl_cmake_export_typesupport_targets-extras.cmake
[1.476s] -- Up-to-date symlink: /home/aurora/RM25/install/nav_2d_msgs/share/nav_2d_msgs/cmake/rosidl_cmake_export_typesupport_libraries-extras.cmake
[1.476s] -- Up-to-date symlink: /home/aurora/RM25/install/nav_2d_msgs/share/nav_2d_msgs/cmake/nav_2d_msgsConfig.cmake
[1.477s] -- Up-to-date symlink: /home/aurora/RM25/install/nav_2d_msgs/share/nav_2d_msgs/cmake/nav_2d_msgsConfig-version.cmake
[1.477s] -- Up-to-date symlink: /home/aurora/RM25/install/nav_2d_msgs/share/nav_2d_msgs/package.xml
[1.477s] -- Up-to-date: /home/aurora/RM25/install/nav_2d_msgs/lib/libnav_2d_msgs__rosidl_generator_c.so
[1.478s] -- Up-to-date: /home/aurora/RM25/install/nav_2d_msgs/lib/libnav_2d_msgs__rosidl_typesupport_fastrtps_c.so
[1.479s] -- Up-to-date: /home/aurora/RM25/install/nav_2d_msgs/lib/libnav_2d_msgs__rosidl_typesupport_fastrtps_cpp.so
[1.479s] -- Up-to-date: /home/aurora/RM25/install/nav_2d_msgs/lib/libnav_2d_msgs__rosidl_typesupport_introspection_c.so
[1.479s] -- Up-to-date: /home/aurora/RM25/install/nav_2d_msgs/lib/libnav_2d_msgs__rosidl_typesupport_c.so
[1.480s] -- Up-to-date: /home/aurora/RM25/install/nav_2d_msgs/lib/libnav_2d_msgs__rosidl_typesupport_introspection_cpp.so
[1.481s] -- Up-to-date: /home/aurora/RM25/install/nav_2d_msgs/lib/libnav_2d_msgs__rosidl_typesupport_cpp.so
[1.503s] Listing '/home/aurora/RM25/install/nav_2d_msgs/local/lib/python3.10/dist-packages/nav_2d_msgs'...
[1.503s] Compiling '/home/aurora/RM25/install/nav_2d_msgs/local/lib/python3.10/dist-packages/nav_2d_msgs/__init__.py'...
[1.503s] Listing '/home/aurora/RM25/install/nav_2d_msgs/local/lib/python3.10/dist-packages/nav_2d_msgs/msg'...
[1.507s] -- Up-to-date: /home/aurora/RM25/install/nav_2d_msgs/lib/libnav_2d_msgs__rosidl_generator_py.so
[1.507s] -- Up-to-date: /home/aurora/RM25/install/nav_2d_msgs/share/nav_2d_msgs/cmake/export_nav_2d_msgs__rosidl_generator_cExport.cmake
[1.507s] -- Up-to-date: /home/aurora/RM25/install/nav_2d_msgs/share/nav_2d_msgs/cmake/export_nav_2d_msgs__rosidl_generator_cExport-noconfig.cmake
[1.508s] -- Up-to-date: /home/aurora/RM25/install/nav_2d_msgs/share/nav_2d_msgs/cmake/export_nav_2d_msgs__rosidl_typesupport_fastrtps_cExport.cmake
[1.508s] -- Up-to-date: /home/aurora/RM25/install/nav_2d_msgs/share/nav_2d_msgs/cmake/export_nav_2d_msgs__rosidl_typesupport_fastrtps_cExport-noconfig.cmake
[1.508s] -- Up-to-date: /home/aurora/RM25/install/nav_2d_msgs/share/nav_2d_msgs/cmake/export_nav_2d_msgs__rosidl_generator_cppExport.cmake
[1.508s] -- Up-to-date: /home/aurora/RM25/install/nav_2d_msgs/share/nav_2d_msgs/cmake/export_nav_2d_msgs__rosidl_typesupport_fastrtps_cppExport.cmake
[1.508s] -- Up-to-date: /home/aurora/RM25/install/nav_2d_msgs/share/nav_2d_msgs/cmake/export_nav_2d_msgs__rosidl_typesupport_fastrtps_cppExport-noconfig.cmake
[1.508s] -- Up-to-date: /home/aurora/RM25/install/nav_2d_msgs/share/nav_2d_msgs/cmake/nav_2d_msgs__rosidl_typesupport_introspection_cExport.cmake
[1.509s] -- Up-to-date: /home/aurora/RM25/install/nav_2d_msgs/share/nav_2d_msgs/cmake/nav_2d_msgs__rosidl_typesupport_introspection_cExport-noconfig.cmake
[1.509s] -- Up-to-date: /home/aurora/RM25/install/nav_2d_msgs/share/nav_2d_msgs/cmake/nav_2d_msgs__rosidl_typesupport_cExport.cmake
[1.509s] -- Up-to-date: /home/aurora/RM25/install/nav_2d_msgs/share/nav_2d_msgs/cmake/nav_2d_msgs__rosidl_typesupport_cExport-noconfig.cmake
[1.509s] -- Up-to-date: /home/aurora/RM25/install/nav_2d_msgs/share/nav_2d_msgs/cmake/nav_2d_msgs__rosidl_typesupport_introspection_cppExport.cmake
[1.509s] -- Up-to-date: /home/aurora/RM25/install/nav_2d_msgs/share/nav_2d_msgs/cmake/nav_2d_msgs__rosidl_typesupport_introspection_cppExport-noconfig.cmake
[1.509s] -- Up-to-date: /home/aurora/RM25/install/nav_2d_msgs/share/nav_2d_msgs/cmake/nav_2d_msgs__rosidl_typesupport_cppExport.cmake
[1.510s] -- Up-to-date: /home/aurora/RM25/install/nav_2d_msgs/share/nav_2d_msgs/cmake/nav_2d_msgs__rosidl_typesupport_cppExport-noconfig.cmake
[1.510s] -- Up-to-date: /home/aurora/RM25/install/nav_2d_msgs/share/nav_2d_msgs/cmake/export_nav_2d_msgs__rosidl_generator_pyExport.cmake
[1.510s] -- Up-to-date: /home/aurora/RM25/install/nav_2d_msgs/share/nav_2d_msgs/cmake/export_nav_2d_msgs__rosidl_generator_pyExport-noconfig.cmake
[1.513s] Invoked command in '/home/aurora/RM25/build/nav_2d_msgs' returned '0': CMAKE_PREFIX_PATH=${CMAKE_PREFIX_PATH}:/home/aurora/ws_helloworld/install/pkg02_helloworld_py:/opt/ros/humble /usr/bin/cmake --install /home/aurora/RM25/build/nav_2d_msgs
