[35m[1mConsolidate compiler generated dependencies of target mppi_controller[0m
[  4%] Built target gtest
[  8%] Built target gtest_main
[ 10%] [32mBuilding CXX object CMakeFiles/mppi_controller.dir/src/critic_manager.cpp.o[0m
[ 36%] Built target mppi_critics
[ 38%] [32mBuilding CXX object CMakeFiles/mppi_controller.dir/src/trajectory_visualizer.cpp.o[0m
[ 40%] [32mBuilding CXX object CMakeFiles/mppi_controller.dir/src/optimizer.cpp.o[0m
[ 42%] [32m[1mLinking CXX shared library libmppi_controller.so[0m
[ 51%] Built target mppi_controller
[ 53%] [32mBuilding CXX object test/CMakeFiles/optimizer_smoke_test.dir/optimizer_smoke_test.cpp.o[0m
[ 55%] [32m[1mLinking CXX executable optimizer_smoke_test[0m
[ 55%] Built target optimizer_smoke_test
[ 57%] [32mBuilding CXX object test/CMakeFiles/optimizer_unit_tests.dir/optimizer_unit_tests.cpp.o[0m
[ 59%] [32mBuilding CXX object test/CMakeFiles/critic_manager_test.dir/critic_manager_test.cpp.o[0m
[ 61%] [32mBuilding CXX object test/CMakeFiles/trajectory_visualizer_tests.dir/trajectory_visualizer_tests.cpp.o[0m
[ 63%] [32mBuilding CXX object test/CMakeFiles/utils_test.dir/utils_test.cpp.o[0m
[ 65%] [32mBuilding CXX object test/CMakeFiles/motion_model_tests.dir/motion_model_tests.cpp.o[0m
[ 67%] [32mBuilding CXX object test/CMakeFiles/critics_tests.dir/critics_tests.cpp.o[0m
[ 69%] [32mBuilding CXX object test/CMakeFiles/path_handler_test.dir/path_handler_test.cpp.o[0m
[ 71%] [32mBuilding CXX object test/CMakeFiles/parameter_handler_test.dir/parameter_handler_test.cpp.o[0m
[ 73%] [32mBuilding CXX object test/CMakeFiles/noise_generator_test.dir/noise_generator_test.cpp.o[0m
[ 75%] [32m[1mLinking CXX executable parameter_handler_test[0m
[ 75%] Built target parameter_handler_test
[ 77%] [32mBuilding CXX object test/CMakeFiles/models_test.dir/models_test.cpp.o[0m
[ 79%] [32mBuilding CXX object test/CMakeFiles/controller_state_transition_test.dir/controller_state_transition_test.cpp.o[0m
[ 81%] [32m[1mLinking CXX executable noise_generator_test[0m
[ 81%] Built target noise_generator_test
[ 83%] [32m[1mLinking CXX executable path_handler_test[0m
[ 85%] [32m[1mLinking CXX executable motion_model_tests[0m
[ 85%] Built target path_handler_test
[ 85%] Built target motion_model_tests
[ 87%] [32m[1mLinking CXX executable models_test[0m
[ 87%] Built target models_test
[ 89%] [32m[1mLinking CXX executable utils_test[0m
[ 91%] [32m[1mLinking CXX executable critic_manager_test[0m
[ 91%] Built target utils_test
[ 91%] Built target critic_manager_test
[ 93%] [32m[1mLinking CXX executable optimizer_unit_tests[0m
[ 93%] Built target optimizer_unit_tests
[ 95%] [32m[1mLinking CXX executable critics_tests[0m
[ 95%] Built target critics_tests
[ 97%] [32m[1mLinking CXX executable controller_state_transition_test[0m
[ 97%] Built target controller_state_transition_test
[100%] [32m[1mLinking CXX executable trajectory_visualizer_tests[0m
[100%] Built target trajectory_visualizer_tests
