[1.008s] Invoking command in '/home/aurora/RM25/build/nav2_mppi_controller': CMAKE_PREFIX_PATH=/home/aurora/RM25/install/nav2_core:/home/aurora/RM25/install/nav2_costmap_2d:/home/aurora/RM25/install/nav2_map_server:/home/aurora/RM25/install/nav2_lifecycle_manager:/home/aurora/RM25/install/nav2_util:/home/aurora/RM25/install/nav2_voxel_grid:/home/aurora/RM25/install/nav2_msgs:/home/aurora/RM25/install/nav2_common:/home/aurora/RM25/install/rm_robot_description:/home/aurora/RM25/install/opennav_docking_core:/home/aurora/RM25/install/nav_2d_utils:/home/aurora/RM25/install/dwb_msgs:/home/aurora/RM25/install/nav_2d_msgs:/home/aurora/RM25/install/costmap_queue:/home/aurora/RM25/install/nav2_velocity_smoother:/home/aurora/RM25/install/nav2_rviz_plugins:/home/aurora/RM25/install/nav2_behavior_tree:/home/aurora/RM25/install/nav2_amcl:/home/aurora/ws_helloworld/install/pkg01_helloworld_cpp:/home/aurora/ws_helloworld/install/learning_tf2_cpp:/home/aurora/RM25/install/nav2_simple_commander:/home/aurora/RM25/install/nav2_loopback_sim:/home/aurora/ws_helloworld/install/pkg02_helloworld_py:/opt/ros/humble LD_LIBRARY_PATH=/home/aurora/RM25/install/nav2_costmap_2d/lib:/home/aurora/RM25/install/nav2_map_server/lib:/home/aurora/RM25/install/nav2_lifecycle_manager/lib:/home/aurora/RM25/install/nav2_util/lib:/home/aurora/RM25/install/nav2_voxel_grid/lib:/home/aurora/RM25/install/nav2_msgs/lib:/home/aurora/RM25/install/nav_2d_utils/lib:/home/aurora/RM25/install/dwb_msgs/lib:/home/aurora/RM25/install/nav_2d_msgs/lib:/home/aurora/RM25/install/costmap_queue/lib:/home/aurora/RM25/install/nav2_velocity_smoother/lib:/home/aurora/RM25/install/nav2_rviz_plugins/lib:/home/aurora/RM25/install/nav2_behavior_tree/lib:/home/aurora/RM25/install/nav2_amcl/lib:/usr/lib/x86_64-linux-gnu/gazebo-11/plugins:/opt/ros/humble/opt/rviz_ogre_vendor/lib:/opt/ros/humble/lib/x86_64-linux-gnu:/opt/ros/humble/lib /usr/bin/cmake --build /home/aurora/RM25/build/nav2_mppi_controller -- -j20 -l20
[1.060s] [35m[1mConsolidate compiler generated dependencies of target mppi_controller[0m
[1.061s] [  4%] Built target gtest
[1.061s] [  8%] Built target gtest_main
[1.086s] [ 10%] [32mBuilding CXX object CMakeFiles/mppi_controller.dir/src/critic_manager.cpp.o[0m
[1.086s] [ 36%] Built target mppi_critics
[1.089s] [ 38%] [32mBuilding CXX object CMakeFiles/mppi_controller.dir/src/trajectory_visualizer.cpp.o[0m
[1.092s] [ 40%] [32mBuilding CXX object CMakeFiles/mppi_controller.dir/src/optimizer.cpp.o[0m
[468.189s] [ 42%] [32m[1mLinking CXX shared library libmppi_controller.so[0m
[468.597s] [ 51%] Built target mppi_controller
[468.617s] [ 53%] [32mBuilding CXX object test/CMakeFiles/optimizer_smoke_test.dir/optimizer_smoke_test.cpp.o[0m
[478.433s] [ 55%] [32m[1mLinking CXX executable optimizer_smoke_test[0m
[478.976s] [ 55%] Built target optimizer_smoke_test
[478.991s] [ 57%] [32mBuilding CXX object test/CMakeFiles/optimizer_unit_tests.dir/optimizer_unit_tests.cpp.o[0m
[478.992s] [ 59%] [32mBuilding CXX object test/CMakeFiles/critic_manager_test.dir/critic_manager_test.cpp.o[0m
[478.993s] [ 61%] [32mBuilding CXX object test/CMakeFiles/trajectory_visualizer_tests.dir/trajectory_visualizer_tests.cpp.o[0m
[478.993s] [ 63%] [32mBuilding CXX object test/CMakeFiles/utils_test.dir/utils_test.cpp.o[0m
[478.995s] [ 65%] [32mBuilding CXX object test/CMakeFiles/motion_model_tests.dir/motion_model_tests.cpp.o[0m
[478.995s] [ 67%] [32mBuilding CXX object test/CMakeFiles/critics_tests.dir/critics_tests.cpp.o[0m
[478.996s] [ 69%] [32mBuilding CXX object test/CMakeFiles/path_handler_test.dir/path_handler_test.cpp.o[0m
[478.998s] [ 71%] [32mBuilding CXX object test/CMakeFiles/parameter_handler_test.dir/parameter_handler_test.cpp.o[0m
[478.999s] [ 73%] [32mBuilding CXX object test/CMakeFiles/noise_generator_test.dir/noise_generator_test.cpp.o[0m
[484.614s] [ 75%] [32m[1mLinking CXX executable parameter_handler_test[0m
[485.091s] [ 75%] Built target parameter_handler_test
[485.114s] [ 77%] [32mBuilding CXX object test/CMakeFiles/models_test.dir/models_test.cpp.o[0m
[485.114s] [ 79%] [32mBuilding CXX object test/CMakeFiles/controller_state_transition_test.dir/controller_state_transition_test.cpp.o[0m
[485.726s] [ 81%] [32m[1mLinking CXX executable noise_generator_test[0m
[486.254s] [ 81%] Built target noise_generator_test
[486.986s] [ 83%] [32m[1mLinking CXX executable path_handler_test[0m
[487.492s] [ 85%] [32m[1mLinking CXX executable motion_model_tests[0m
[487.505s] [ 85%] Built target path_handler_test
[487.973s] [ 85%] Built target motion_model_tests
[490.423s] [ 87%] [32m[1mLinking CXX executable models_test[0m
[490.790s] [ 87%] Built target models_test
[490.942s] [ 89%] [32m[1mLinking CXX executable utils_test[0m
[491.290s] [ 91%] [32m[1mLinking CXX executable critic_manager_test[0m
[491.377s] [ 91%] Built target utils_test
[491.741s] [ 91%] Built target critic_manager_test
[493.156s] [ 93%] [32m[1mLinking CXX executable optimizer_unit_tests[0m
[493.589s] [ 93%] Built target optimizer_unit_tests
[493.719s] [ 95%] [32m[1mLinking CXX executable critics_tests[0m
[494.138s] [ 95%] Built target critics_tests
[495.221s] [ 97%] [32m[1mLinking CXX executable controller_state_transition_test[0m
[495.572s] [ 97%] Built target controller_state_transition_test
[496.360s] [100%] [32m[1mLinking CXX executable trajectory_visualizer_tests[0m
[496.808s] [100%] Built target trajectory_visualizer_tests
