[1.556s] Invoking command in '/home/aurora/RM25/build/nav2_controller': CMAKE_PREFIX_PATH=/home/aurora/RM25/install/nav2_core:/home/aurora/RM25/install/nav2_costmap_2d:/home/aurora/RM25/install/nav_2d_utils:/home/aurora/RM25/install/nav2_map_server:/home/aurora/RM25/install/nav2_lifecycle_manager:/home/aurora/RM25/install/nav2_util:/home/aurora/RM25/install/nav2_voxel_grid:/home/aurora/RM25/install/nav2_msgs:/home/aurora/RM25/install/nav_2d_msgs:/home/aurora/RM25/install/nav2_common:/home/aurora/RM25/install/nav2_constrained_smoother:/home/aurora/RM25/install/rm_robot_description:/home/aurora/RM25/install/opennav_docking_core:/home/aurora/RM25/install/dwb_msgs:/home/aurora/RM25/install/costmap_queue:/home/aurora/RM25/install/nav2_velocity_smoother:/home/aurora/RM25/install/nav2_rviz_plugins:/home/aurora/RM25/install/nav2_behavior_tree:/home/aurora/RM25/install/nav2_amcl:/home/aurora/ws_helloworld/install/pkg01_helloworld_cpp:/home/aurora/ws_helloworld/install/learning_tf2_cpp:/home/aurora/RM25/install/nav2_simple_commander:/home/aurora/RM25/install/nav2_loopback_sim:/home/aurora/ws_helloworld/install/pkg02_helloworld_py:/opt/ros/humble LD_LIBRARY_PATH=/home/aurora/RM25/install/nav2_costmap_2d/lib:/home/aurora/RM25/install/nav_2d_utils/lib:/home/aurora/RM25/install/nav2_map_server/lib:/home/aurora/RM25/install/nav2_lifecycle_manager/lib:/home/aurora/RM25/install/nav2_util/lib:/home/aurora/RM25/install/nav2_voxel_grid/lib:/home/aurora/RM25/install/nav2_msgs/lib:/home/aurora/RM25/install/nav_2d_msgs/lib:/home/aurora/RM25/install/nav2_constrained_smoother/lib:/home/aurora/RM25/install/dwb_msgs/lib:/home/aurora/RM25/install/costmap_queue/lib:/home/aurora/RM25/install/nav2_velocity_smoother/lib:/home/aurora/RM25/install/nav2_rviz_plugins/lib:/home/aurora/RM25/install/nav2_behavior_tree/lib:/home/aurora/RM25/install/nav2_amcl/lib:/usr/lib/x86_64-linux-gnu/gazebo-11/plugins:/opt/ros/humble/opt/rviz_ogre_vendor/lib:/opt/ros/humble/lib/x86_64-linux-gnu:/opt/ros/humble/lib /usr/bin/cmake --build /home/aurora/RM25/build/nav2_controller -- -j20 -l20
[1.598s] [  9%] Built target gtest_main
[1.598s] [ 18%] Built target gtest
[1.598s] [ 27%] Built target simple_progress_checker
[1.598s] [ 36%] Built target simple_goal_checker
[1.598s] [ 45%] Built target controller_server_core
[1.615s] [ 63%] Built target pose_progress_checker
[1.616s] [ 63%] Built target stopped_goal_checker
[1.616s] [ 72%] Built target test_dynamic_parameters
[1.616s] [ 81%] Built target controller_server
[1.632s] [ 90%] Built target gctest
[1.633s] [100%] Built target pctest
[1.663s] Invoked command in '/home/aurora/RM25/build/nav2_controller' returned '0': CMAKE_PREFIX_PATH=/home/aurora/RM25/install/nav2_core:/home/aurora/RM25/install/nav2_costmap_2d:/home/aurora/RM25/install/nav_2d_utils:/home/aurora/RM25/install/nav2_map_server:/home/aurora/RM25/install/nav2_lifecycle_manager:/home/aurora/RM25/install/nav2_util:/home/aurora/RM25/install/nav2_voxel_grid:/home/aurora/RM25/install/nav2_msgs:/home/aurora/RM25/install/nav_2d_msgs:/home/aurora/RM25/install/nav2_common:/home/aurora/RM25/install/nav2_constrained_smoother:/home/aurora/RM25/install/rm_robot_description:/home/aurora/RM25/install/opennav_docking_core:/home/aurora/RM25/install/dwb_msgs:/home/aurora/RM25/install/costmap_queue:/home/aurora/RM25/install/nav2_velocity_smoother:/home/aurora/RM25/install/nav2_rviz_plugins:/home/aurora/RM25/install/nav2_behavior_tree:/home/aurora/RM25/install/nav2_amcl:/home/aurora/ws_helloworld/install/pkg01_helloworld_cpp:/home/aurora/ws_helloworld/install/learning_tf2_cpp:/home/aurora/RM25/install/nav2_simple_commander:/home/aurora/RM25/install/nav2_loopback_sim:/home/aurora/ws_helloworld/install/pkg02_helloworld_py:/opt/ros/humble LD_LIBRARY_PATH=/home/aurora/RM25/install/nav2_costmap_2d/lib:/home/aurora/RM25/install/nav_2d_utils/lib:/home/aurora/RM25/install/nav2_map_server/lib:/home/aurora/RM25/install/nav2_lifecycle_manager/lib:/home/aurora/RM25/install/nav2_util/lib:/home/aurora/RM25/install/nav2_voxel_grid/lib:/home/aurora/RM25/install/nav2_msgs/lib:/home/aurora/RM25/install/nav_2d_msgs/lib:/home/aurora/RM25/install/nav2_constrained_smoother/lib:/home/aurora/RM25/install/dwb_msgs/lib:/home/aurora/RM25/install/costmap_queue/lib:/home/aurora/RM25/install/nav2_velocity_smoother/lib:/home/aurora/RM25/install/nav2_rviz_plugins/lib:/home/aurora/RM25/install/nav2_behavior_tree/lib:/home/aurora/RM25/install/nav2_amcl/lib:/usr/lib/x86_64-linux-gnu/gazebo-11/plugins:/opt/ros/humble/opt/rviz_ogre_vendor/lib:/opt/ros/humble/lib/x86_64-linux-gnu:/opt/ros/humble/lib /usr/bin/cmake --build /home/aurora/RM25/build/nav2_controller -- -j20 -l20
[1.711s] Invoking command in '/home/aurora/RM25/build/nav2_controller': CMAKE_PREFIX_PATH=/home/aurora/RM25/install/nav2_core:/home/aurora/RM25/install/nav2_costmap_2d:/home/aurora/RM25/install/nav_2d_utils:/home/aurora/RM25/install/nav2_map_server:/home/aurora/RM25/install/nav2_lifecycle_manager:/home/aurora/RM25/install/nav2_util:/home/aurora/RM25/install/nav2_voxel_grid:/home/aurora/RM25/install/nav2_msgs:/home/aurora/RM25/install/nav_2d_msgs:/home/aurora/RM25/install/nav2_common:/home/aurora/RM25/install/nav2_constrained_smoother:/home/aurora/RM25/install/rm_robot_description:/home/aurora/RM25/install/opennav_docking_core:/home/aurora/RM25/install/dwb_msgs:/home/aurora/RM25/install/costmap_queue:/home/aurora/RM25/install/nav2_velocity_smoother:/home/aurora/RM25/install/nav2_rviz_plugins:/home/aurora/RM25/install/nav2_behavior_tree:/home/aurora/RM25/install/nav2_amcl:/home/aurora/ws_helloworld/install/pkg01_helloworld_cpp:/home/aurora/ws_helloworld/install/learning_tf2_cpp:/home/aurora/RM25/install/nav2_simple_commander:/home/aurora/RM25/install/nav2_loopback_sim:/home/aurora/ws_helloworld/install/pkg02_helloworld_py:/opt/ros/humble LD_LIBRARY_PATH=/home/aurora/RM25/install/nav2_costmap_2d/lib:/home/aurora/RM25/install/nav_2d_utils/lib:/home/aurora/RM25/install/nav2_map_server/lib:/home/aurora/RM25/install/nav2_lifecycle_manager/lib:/home/aurora/RM25/install/nav2_util/lib:/home/aurora/RM25/install/nav2_voxel_grid/lib:/home/aurora/RM25/install/nav2_msgs/lib:/home/aurora/RM25/install/nav_2d_msgs/lib:/home/aurora/RM25/install/nav2_constrained_smoother/lib:/home/aurora/RM25/install/dwb_msgs/lib:/home/aurora/RM25/install/costmap_queue/lib:/home/aurora/RM25/install/nav2_velocity_smoother/lib:/home/aurora/RM25/install/nav2_rviz_plugins/lib:/home/aurora/RM25/install/nav2_behavior_tree/lib:/home/aurora/RM25/install/nav2_amcl/lib:/usr/lib/x86_64-linux-gnu/gazebo-11/plugins:/opt/ros/humble/opt/rviz_ogre_vendor/lib:/opt/ros/humble/lib/x86_64-linux-gnu:/opt/ros/humble/lib /usr/bin/cmake --install /home/aurora/RM25/build/nav2_controller
[1.715s] -- Install configuration: "Release"
[1.715s] -- Execute custom install script
[1.716s] -- Up-to-date symlink: /home/aurora/RM25/install/nav2_controller/lib/libsimple_progress_checker.so
[1.716s] -- Up-to-date symlink: /home/aurora/RM25/install/nav2_controller/lib/libpose_progress_checker.so
[1.716s] -- Up-to-date symlink: /home/aurora/RM25/install/nav2_controller/lib/libsimple_goal_checker.so
[1.716s] -- Up-to-date symlink: /home/aurora/RM25/install/nav2_controller/lib/libstopped_goal_checker.so
[1.717s] -- Up-to-date symlink: /home/aurora/RM25/install/nav2_controller/lib/libcontroller_server_core.so
[1.717s] -- Up-to-date symlink: /home/aurora/RM25/install/nav2_controller/lib/nav2_controller/controller_server
[1.717s] -- Up-to-date symlink: /home/aurora/RM25/install/nav2_controller/include//nav2_controller/controller_server.hpp
[1.718s] -- Up-to-date symlink: /home/aurora/RM25/install/nav2_controller/include//nav2_controller/plugins/pose_progress_checker.hpp
[1.718s] -- Up-to-date symlink: /home/aurora/RM25/install/nav2_controller/include//nav2_controller/plugins/simple_goal_checker.hpp
[1.718s] -- Up-to-date symlink: /home/aurora/RM25/install/nav2_controller/include//nav2_controller/plugins/simple_progress_checker.hpp
[1.718s] -- Up-to-date symlink: /home/aurora/RM25/install/nav2_controller/include//nav2_controller/plugins/stopped_goal_checker.hpp
[1.718s] -- Up-to-date symlink: /home/aurora/RM25/install/nav2_controller/share/nav2_controller/environment/library_path.sh
[1.719s] -- Up-to-date symlink: /home/aurora/RM25/install/nav2_controller/share/nav2_controller/environment/library_path.dsv
[1.720s] -- Up-to-date symlink: /home/aurora/RM25/install/nav2_controller/share/nav2_controller//plugins.xml
[1.720s] -- Up-to-date symlink: /home/aurora/RM25/install/nav2_controller/share/ament_index/resource_index/package_run_dependencies/nav2_controller
[1.720s] -- Up-to-date symlink: /home/aurora/RM25/install/nav2_controller/share/ament_index/resource_index/parent_prefix_path/nav2_controller
[1.721s] -- Up-to-date symlink: /home/aurora/RM25/install/nav2_controller/share/nav2_controller/environment/ament_prefix_path.sh
[1.721s] -- Up-to-date symlink: /home/aurora/RM25/install/nav2_controller/share/nav2_controller/environment/ament_prefix_path.dsv
[1.721s] -- Up-to-date symlink: /home/aurora/RM25/install/nav2_controller/share/nav2_controller/environment/path.sh
[1.721s] -- Up-to-date symlink: /home/aurora/RM25/install/nav2_controller/share/nav2_controller/environment/path.dsv
[1.721s] -- Up-to-date symlink: /home/aurora/RM25/install/nav2_controller/share/nav2_controller/local_setup.bash
[1.721s] -- Up-to-date symlink: /home/aurora/RM25/install/nav2_controller/share/nav2_controller/local_setup.sh
[1.722s] -- Up-to-date symlink: /home/aurora/RM25/install/nav2_controller/share/nav2_controller/local_setup.zsh
[1.722s] -- Up-to-date symlink: /home/aurora/RM25/install/nav2_controller/share/nav2_controller/local_setup.dsv
[1.722s] -- Symlinking: /home/aurora/RM25/install/nav2_controller/share/nav2_controller/package.dsv
[1.724s] -- Up-to-date symlink: /home/aurora/RM25/install/nav2_controller/share/ament_index/resource_index/packages/nav2_controller
[1.725s] -- Up-to-date symlink: /home/aurora/RM25/install/nav2_controller/share/ament_index/resource_index/nav2_core__pluginlib__plugin/nav2_controller
[1.725s] -- Up-to-date symlink: /home/aurora/RM25/install/nav2_controller/share/ament_index/resource_index/rclcpp_components/nav2_controller
[1.725s] -- Up-to-date symlink: /home/aurora/RM25/install/nav2_controller/share/nav2_controller/cmake/ament_cmake_export_include_directories-extras.cmake
[1.725s] -- Up-to-date symlink: /home/aurora/RM25/install/nav2_controller/share/nav2_controller/cmake/ament_cmake_export_libraries-extras.cmake
[1.725s] -- Up-to-date symlink: /home/aurora/RM25/install/nav2_controller/share/nav2_controller/cmake/ament_cmake_export_dependencies-extras.cmake
[1.725s] -- Up-to-date symlink: /home/aurora/RM25/install/nav2_controller/share/nav2_controller/cmake/nav2_controllerConfig.cmake
[1.725s] -- Up-to-date symlink: /home/aurora/RM25/install/nav2_controller/share/nav2_controller/cmake/nav2_controllerConfig-version.cmake
[1.725s] -- Up-to-date symlink: /home/aurora/RM25/install/nav2_controller/share/nav2_controller/package.xml
[1.743s] Invoked command in '/home/aurora/RM25/build/nav2_controller' returned '0': CMAKE_PREFIX_PATH=/home/aurora/RM25/install/nav2_core:/home/aurora/RM25/install/nav2_costmap_2d:/home/aurora/RM25/install/nav_2d_utils:/home/aurora/RM25/install/nav2_map_server:/home/aurora/RM25/install/nav2_lifecycle_manager:/home/aurora/RM25/install/nav2_util:/home/aurora/RM25/install/nav2_voxel_grid:/home/aurora/RM25/install/nav2_msgs:/home/aurora/RM25/install/nav_2d_msgs:/home/aurora/RM25/install/nav2_common:/home/aurora/RM25/install/nav2_constrained_smoother:/home/aurora/RM25/install/rm_robot_description:/home/aurora/RM25/install/opennav_docking_core:/home/aurora/RM25/install/dwb_msgs:/home/aurora/RM25/install/costmap_queue:/home/aurora/RM25/install/nav2_velocity_smoother:/home/aurora/RM25/install/nav2_rviz_plugins:/home/aurora/RM25/install/nav2_behavior_tree:/home/aurora/RM25/install/nav2_amcl:/home/aurora/ws_helloworld/install/pkg01_helloworld_cpp:/home/aurora/ws_helloworld/install/learning_tf2_cpp:/home/aurora/RM25/install/nav2_simple_commander:/home/aurora/RM25/install/nav2_loopback_sim:/home/aurora/ws_helloworld/install/pkg02_helloworld_py:/opt/ros/humble LD_LIBRARY_PATH=/home/aurora/RM25/install/nav2_costmap_2d/lib:/home/aurora/RM25/install/nav_2d_utils/lib:/home/aurora/RM25/install/nav2_map_server/lib:/home/aurora/RM25/install/nav2_lifecycle_manager/lib:/home/aurora/RM25/install/nav2_util/lib:/home/aurora/RM25/install/nav2_voxel_grid/lib:/home/aurora/RM25/install/nav2_msgs/lib:/home/aurora/RM25/install/nav_2d_msgs/lib:/home/aurora/RM25/install/nav2_constrained_smoother/lib:/home/aurora/RM25/install/dwb_msgs/lib:/home/aurora/RM25/install/costmap_queue/lib:/home/aurora/RM25/install/nav2_velocity_smoother/lib:/home/aurora/RM25/install/nav2_rviz_plugins/lib:/home/aurora/RM25/install/nav2_behavior_tree/lib:/home/aurora/RM25/install/nav2_amcl/lib:/usr/lib/x86_64-linux-gnu/gazebo-11/plugins:/opt/ros/humble/opt/rviz_ogre_vendor/lib:/opt/ros/humble/lib/x86_64-linux-gnu:/opt/ros/humble/lib /usr/bin/cmake --install /home/aurora/RM25/build/nav2_controller
