[0.025s] Invoking command in '/home/aurora/RM25/build/rm_robot_description': CMAKE_PREFIX_PATH=${CMAKE_PREFIX_PATH}:/home/aurora/RM25/install/nav2_simple_commander:/home/aurora/RM25/install/nav2_loopback_sim:/home/aurora/ws_helloworld/install/pkg02_helloworld_py:/opt/ros/humble /usr/bin/cmake /home/aurora/RM25/src/rm_robot_description -DCMAKE_INSTALL_PREFIX=/home/aurora/RM25/install/rm_robot_description
[0.071s] -- Found ament_cmake_auto: 1.3.10 (/opt/ros/humble/share/ament_cmake_auto/cmake)
[0.162s] -- Override CMake install command with custom implementation using symlinks instead of copying resources
[0.220s] -- Found ament_lint_auto: 0.12.11 (/opt/ros/humble/share/ament_lint_auto/cmake)
[0.227s] -- Configuring done
[0.232s] -- Generating done
[0.232s] -- Build files have been written to: /home/aurora/RM25/build/rm_robot_description
[0.234s] Invoked command in '/home/aurora/RM25/build/rm_robot_description' returned '0': CMAKE_PREFIX_PATH=${CMAKE_PREFIX_PATH}:/home/aurora/RM25/install/nav2_simple_commander:/home/aurora/RM25/install/nav2_loopback_sim:/home/aurora/ws_helloworld/install/pkg02_helloworld_py:/opt/ros/humble /usr/bin/cmake /home/aurora/RM25/src/rm_robot_description -DCMAKE_INSTALL_PREFIX=/home/aurora/RM25/install/rm_robot_description
[0.235s] Invoking command in '/home/aurora/RM25/build/rm_robot_description': CMAKE_PREFIX_PATH=${CMAKE_PREFIX_PATH}:/home/aurora/RM25/install/nav2_simple_commander:/home/aurora/RM25/install/nav2_loopback_sim:/home/aurora/ws_helloworld/install/pkg02_helloworld_py:/opt/ros/humble /usr/bin/cmake --build /home/aurora/RM25/build/rm_robot_description -- -j20 -l20
[0.258s] Invoked command in '/home/aurora/RM25/build/rm_robot_description' returned '0': CMAKE_PREFIX_PATH=${CMAKE_PREFIX_PATH}:/home/aurora/RM25/install/nav2_simple_commander:/home/aurora/RM25/install/nav2_loopback_sim:/home/aurora/ws_helloworld/install/pkg02_helloworld_py:/opt/ros/humble /usr/bin/cmake --build /home/aurora/RM25/build/rm_robot_description -- -j20 -l20
[0.280s] Invoking command in '/home/aurora/RM25/build/rm_robot_description': CMAKE_PREFIX_PATH=${CMAKE_PREFIX_PATH}:/home/aurora/RM25/install/nav2_simple_commander:/home/aurora/RM25/install/nav2_loopback_sim:/home/aurora/ws_helloworld/install/pkg02_helloworld_py:/opt/ros/humble /usr/bin/cmake --install /home/aurora/RM25/build/rm_robot_description
[0.285s] -- Install configuration: ""
[0.285s] -- Execute custom install script
[0.288s] [33mCMake Warning (dev) at ament_cmake_symlink_install/ament_cmake_symlink_install.cmake:62 (file):
[0.288s]   Policy CMP0009 is not set: FILE GLOB_RECURSE calls should not follow
[0.288s]   symlinks by default.  Run "cmake --help-policy CMP0009" for policy details.
[0.288s]   Use the cmake_policy command to set the policy and suppress this warning.
[0.288s] Call Stack (most recent call first):
[0.288s]   ament_cmake_symlink_install/ament_cmake_symlink_install.cmake:320 (ament_cmake_symlink_install_directory)
[0.288s]   cmake_install.cmake:46 (include)
[0.288s] This warning is for project developers.  Use -Wno-dev to suppress it.
[0.288s] [0m
[0.288s] -- Up-to-date symlink: /home/aurora/RM25/install/rm_robot_description/share/rm_robot_description/launch/__pycache__/robot.launch.cpython-310.pyc
[0.288s] -- Up-to-date symlink: /home/aurora/RM25/install/rm_robot_description/share/rm_robot_description/launch/__pycache__/robotv2.launch.cpython-310.pyc
[0.289s] -- Up-to-date symlink: /home/aurora/RM25/install/rm_robot_description/share/rm_robot_description/launch/build/.built_by
[0.289s] -- Up-to-date symlink: /home/aurora/RM25/install/rm_robot_description/share/rm_robot_description/launch/build/COLCON_IGNORE
[0.289s] -- Up-to-date symlink: /home/aurora/RM25/install/rm_robot_description/share/rm_robot_description/launch/install/.colcon_install_layout
[0.289s] -- Up-to-date symlink: /home/aurora/RM25/install/rm_robot_description/share/rm_robot_description/launch/install/COLCON_IGNORE
[0.290s] -- Up-to-date symlink: /home/aurora/RM25/install/rm_robot_description/share/rm_robot_description/launch/install/_local_setup_util_ps1.py
[0.290s] -- Up-to-date symlink: /home/aurora/RM25/install/rm_robot_description/share/rm_robot_description/launch/install/_local_setup_util_sh.py
[0.290s] -- Up-to-date symlink: /home/aurora/RM25/install/rm_robot_description/share/rm_robot_description/launch/install/local_setup.bash
[0.290s] -- Up-to-date symlink: /home/aurora/RM25/install/rm_robot_description/share/rm_robot_description/launch/install/local_setup.ps1
[0.290s] -- Up-to-date symlink: /home/aurora/RM25/install/rm_robot_description/share/rm_robot_description/launch/install/local_setup.sh
[0.291s] -- Up-to-date symlink: /home/aurora/RM25/install/rm_robot_description/share/rm_robot_description/launch/install/local_setup.zsh
[0.291s] -- Up-to-date symlink: /home/aurora/RM25/install/rm_robot_description/share/rm_robot_description/launch/install/setup.bash
[0.291s] -- Up-to-date symlink: /home/aurora/RM25/install/rm_robot_description/share/rm_robot_description/launch/install/setup.ps1
[0.291s] -- Up-to-date symlink: /home/aurora/RM25/install/rm_robot_description/share/rm_robot_description/launch/install/setup.sh
[0.291s] -- Up-to-date symlink: /home/aurora/RM25/install/rm_robot_description/share/rm_robot_description/launch/install/setup.zsh
[0.292s] -- Up-to-date symlink: /home/aurora/RM25/install/rm_robot_description/share/rm_robot_description/launch/log/COLCON_IGNORE
[0.292s] -- Up-to-date symlink: /home/aurora/RM25/install/rm_robot_description/share/rm_robot_description/launch/log/build_2024-11-12_20-59-25/events.log
[0.292s] -- Up-to-date symlink: /home/aurora/RM25/install/rm_robot_description/share/rm_robot_description/launch/log/build_2024-11-12_20-59-25/logger_all.log
[0.293s] -- Up-to-date symlink: /home/aurora/RM25/install/rm_robot_description/share/rm_robot_description/launch/log/latest/events.log
[0.293s] -- Up-to-date symlink: /home/aurora/RM25/install/rm_robot_description/share/rm_robot_description/launch/log/latest/logger_all.log
[0.293s] -- Up-to-date symlink: /home/aurora/RM25/install/rm_robot_description/share/rm_robot_description/launch/log/latest_build/events.log
[0.294s] -- Up-to-date symlink: /home/aurora/RM25/install/rm_robot_description/share/rm_robot_description/launch/log/latest_build/logger_all.log
[0.294s] -- Up-to-date symlink: /home/aurora/RM25/install/rm_robot_description/share/rm_robot_description/launch/rm_simulation.launch.py
[0.294s] -- Up-to-date symlink: /home/aurora/RM25/install/rm_robot_description/share/rm_robot_description/launch/robot.launch.py
[0.295s] -- Up-to-date symlink: /home/aurora/RM25/install/rm_robot_description/share/rm_robot_description/launch/robotv2.launch.py
[0.296s] -- Up-to-date symlink: /home/aurora/RM25/install/rm_robot_description/share/rm_robot_description/urdf/four_omniwheel_robot.urdf
[0.296s] -- Up-to-date symlink: /home/aurora/RM25/install/rm_robot_description/share/rm_robot_description/urdf/robot.urdf
[0.296s] -- Up-to-date symlink: /home/aurora/RM25/install/rm_robot_description/share/rm_robot_description/urdf/robot.urdf.xacro
[0.296s] -- Up-to-date symlink: /home/aurora/RM25/install/rm_robot_description/share/rm_robot_description/urdf/robotv2.urdf
[0.297s] -- Up-to-date symlink: /home/aurora/RM25/install/rm_robot_description/share/rm_robot_description/urdf/simulation_robot.xacro
[0.297s] -- Up-to-date symlink: /home/aurora/RM25/install/rm_robot_description/share/rm_robot_description/meshes/RMUC_2024.stl
[0.298s] -- Up-to-date symlink: /home/aurora/RM25/install/rm_robot_description/share/rm_robot_description/meshes/RMUL_2024.stl
[0.298s] -- Up-to-date symlink: /home/aurora/RM25/install/rm_robot_description/share/rm_robot_description/meshes/base_link.STL
[0.298s] -- Up-to-date symlink: /home/aurora/RM25/install/rm_robot_description/share/rm_robot_description/meshes/controller_link.STL
[0.298s] -- Up-to-date symlink: /home/aurora/RM25/install/rm_robot_description/share/rm_robot_description/meshes/display.launch
[0.299s] -- Up-to-date symlink: /home/aurora/RM25/install/rm_robot_description/share/rm_robot_description/meshes/display.launch.py
[0.299s] -- Up-to-date symlink: /home/aurora/RM25/install/rm_robot_description/share/rm_robot_description/meshes/gazebo.launch
[0.299s] -- Up-to-date symlink: /home/aurora/RM25/install/rm_robot_description/share/rm_robot_description/meshes/gazebo.launch.py
[0.299s] -- Up-to-date symlink: /home/aurora/RM25/install/rm_robot_description/share/rm_robot_description/meshes/mid360.stl
[0.301s] -- Up-to-date symlink: /home/aurora/RM25/install/rm_robot_description/share/rm_robot_description/meshes/mid360laser_link.STL
[0.302s] -- Up-to-date symlink: /home/aurora/RM25/install/rm_robot_description/share/rm_robot_description/meshes/omniwheel1_link.STL
[0.302s] -- Up-to-date symlink: /home/aurora/RM25/install/rm_robot_description/share/rm_robot_description/meshes/omniwheel2_link.STL
[0.302s] -- Up-to-date symlink: /home/aurora/RM25/install/rm_robot_description/share/rm_robot_description/meshes/omniwheel3_link.STL
[0.302s] -- Up-to-date symlink: /home/aurora/RM25/install/rm_robot_description/share/rm_robot_description/meshes/omniwheel4_link.STL
[0.303s] -- Up-to-date symlink: /home/aurora/RM25/install/rm_robot_description/share/rm_robot_description/world/RMUC2024_world.world
[0.303s] -- Up-to-date symlink: /home/aurora/RM25/install/rm_robot_description/share/rm_robot_description/world/RMUL2024_world.world
[0.303s] -- Up-to-date symlink: /home/aurora/RM25/install/rm_robot_description/share/rm_robot_description/world/my_world.world
[0.303s] -- Up-to-date symlink: /home/aurora/RM25/install/rm_robot_description/share/rm_robot_description/rviz/rviz2.rviz
[0.303s] -- Up-to-date symlink: /home/aurora/RM25/install/rm_robot_description/share/ament_index/resource_index/package_run_dependencies/rm_robot_description
[0.304s] -- Up-to-date symlink: /home/aurora/RM25/install/rm_robot_description/share/ament_index/resource_index/parent_prefix_path/rm_robot_description
[0.304s] -- Up-to-date symlink: /home/aurora/RM25/install/rm_robot_description/share/rm_robot_description/environment/ament_prefix_path.sh
[0.304s] -- Up-to-date symlink: /home/aurora/RM25/install/rm_robot_description/share/rm_robot_description/environment/ament_prefix_path.dsv
[0.305s] -- Up-to-date symlink: /home/aurora/RM25/install/rm_robot_description/share/rm_robot_description/environment/path.sh
[0.305s] -- Up-to-date symlink: /home/aurora/RM25/install/rm_robot_description/share/rm_robot_description/environment/path.dsv
[0.305s] -- Up-to-date symlink: /home/aurora/RM25/install/rm_robot_description/share/rm_robot_description/local_setup.bash
[0.305s] -- Up-to-date symlink: /home/aurora/RM25/install/rm_robot_description/share/rm_robot_description/local_setup.sh
[0.306s] -- Up-to-date symlink: /home/aurora/RM25/install/rm_robot_description/share/rm_robot_description/local_setup.zsh
[0.306s] -- Up-to-date symlink: /home/aurora/RM25/install/rm_robot_description/share/rm_robot_description/local_setup.dsv
[0.306s] -- Symlinking: /home/aurora/RM25/install/rm_robot_description/share/rm_robot_description/package.dsv
[0.313s] -- Up-to-date symlink: /home/aurora/RM25/install/rm_robot_description/share/ament_index/resource_index/packages/rm_robot_description
[0.314s] -- Up-to-date symlink: /home/aurora/RM25/install/rm_robot_description/share/rm_robot_description/cmake/ament_cmake_export_dependencies-extras.cmake
[0.314s] -- Up-to-date symlink: /home/aurora/RM25/install/rm_robot_description/share/rm_robot_description/cmake/rm_robot_descriptionConfig.cmake
[0.314s] -- Up-to-date symlink: /home/aurora/RM25/install/rm_robot_description/share/rm_robot_description/cmake/rm_robot_descriptionConfig-version.cmake
[0.314s] -- Up-to-date symlink: /home/aurora/RM25/install/rm_robot_description/share/rm_robot_description/package.xml
[0.316s] Invoked command in '/home/aurora/RM25/build/rm_robot_description' returned '0': CMAKE_PREFIX_PATH=${CMAKE_PREFIX_PATH}:/home/aurora/RM25/install/nav2_simple_commander:/home/aurora/RM25/install/nav2_loopback_sim:/home/aurora/ws_helloworld/install/pkg02_helloworld_py:/opt/ros/humble /usr/bin/cmake --install /home/aurora/RM25/build/rm_robot_description
