[2.625s] Invoking command in '/home/aurora/RM25/build/nav2_smoother': AMENT_PREFIX_PATH=/home/aurora/RM25/install/nav2_core:/home/aurora/RM25/install/nav2_costmap_2d:/home/aurora/RM25/install/nav_2d_utils:/home/aurora/RM25/install/nav2_map_server:/home/aurora/RM25/install/nav2_lifecycle_manager:/home/aurora/RM25/install/nav2_util:/home/aurora/RM25/install/nav2_voxel_grid:/home/aurora/RM25/install/nav_2d_msgs:/home/aurora/RM25/install/nav2_common:${AMENT_PREFIX_PATH} CMAKE_PREFIX_PATH=/home/aurora/RM25/install/nav2_core:/home/aurora/RM25/install/nav2_costmap_2d:/home/aurora/RM25/install/nav_2d_utils:/home/aurora/RM25/install/nav2_map_server:/home/aurora/RM25/install/nav2_lifecycle_manager:/home/aurora/RM25/install/nav2_util:/home/aurora/RM25/install/nav2_voxel_grid:/home/aurora/RM25/install/nav2_msgs:/home/aurora/RM25/install/nav_2d_msgs:/home/aurora/RM25/install/nav2_common:/home/aurora/RM25/install/rm_robot_description:/home/aurora/RM25/install/nav2_bringup:/home/aurora/RM25/install/four_omniwheel_robot:/home/aurora/ws_helloworld/install/pkg01_helloworld_cpp:/home/aurora/ws_helloworld/install/learning_tf2_cpp:/home/aurora/ws_helloworld/install/pkg02_helloworld_py:/opt/ros/humble LD_LIBRARY_PATH=/home/aurora/RM25/install/nav2_costmap_2d/lib:/home/aurora/RM25/install/nav_2d_utils/lib:/home/aurora/RM25/install/nav2_map_server/lib:/home/aurora/RM25/install/nav2_lifecycle_manager/lib:/home/aurora/RM25/install/nav2_util/lib:/home/aurora/RM25/install/nav2_voxel_grid/lib:/home/aurora/RM25/install/nav2_msgs/lib:/home/aurora/RM25/install/nav_2d_msgs/lib:/usr/lib/x86_64-linux-gnu/gazebo-11/plugins:/opt/ros/humble/opt/rviz_ogre_vendor/lib:/opt/ros/humble/lib/x86_64-linux-gnu:/opt/ros/humble/lib PYTHONPATH=/home/aurora/RM25/install/nav_2d_msgs/local/lib/python3.10/dist-packages:/home/aurora/RM25/install/nav2_common/local/lib/python3.10/dist-packages:${PYTHONPATH} /usr/bin/cmake /home/aurora/RM25/src/rm_navigation2/nav2_smoother -DAMENT_CMAKE_SYMLINK_INSTALL=1 -DCMAKE_INSTALL_PREFIX=/home/aurora/RM25/install/nav2_smoother
[18.590s] -- The C compiler identification is GNU 11.4.0
[18.592s] -- The CXX compiler identification is GNU 11.4.0
[18.592s] -- Detecting C compiler ABI info
[18.592s] -- Detecting C compiler ABI info - done
[18.592s] -- Check for working C compiler: /usr/bin/cc - skipped
[18.592s] -- Detecting C compile features
[18.593s] -- Detecting C compile features - done
[18.593s] -- Detecting CXX compiler ABI info
[18.593s] -- Detecting CXX compiler ABI info - done
[18.593s] -- Check for working CXX compiler: /usr/bin/c++ - skipped
[18.593s] -- Detecting CXX compile features
[18.593s] -- Detecting CXX compile features - done
[18.593s] -- Found ament_cmake: 1.3.10 (/opt/ros/humble/share/ament_cmake/cmake)
[18.593s] -- Found Python3: /usr/bin/python3 (found version "3.10.12") found components: Interpreter 
[18.593s] -- Override CMake install command with custom implementation using symlinks instead of copying resources
[18.593s] -- Found nav2_core: 1.1.17 (/home/aurora/RM25/install/nav2_core/share/nav2_core/cmake)
[18.593s] -- Found rosidl_generator_c: 3.1.5 (/opt/ros/humble/share/rosidl_generator_c/cmake)
[18.593s] -- Found rosidl_adapter: 3.1.5 (/opt/ros/humble/share/rosidl_adapter/cmake)
[18.593s] -- Found rosidl_generator_cpp: 3.1.5 (/opt/ros/humble/share/rosidl_generator_cpp/cmake)
[18.593s] -- Using all available rosidl_typesupport_c: rosidl_typesupport_fastrtps_c;rosidl_typesupport_introspection_c
[18.593s] -- Using all available rosidl_typesupport_cpp: rosidl_typesupport_fastrtps_cpp;rosidl_typesupport_introspection_cpp
[18.593s] -- Found rmw_implementation_cmake: 6.1.2 (/opt/ros/humble/share/rmw_implementation_cmake/cmake)
[18.593s] -- Found rmw_fastrtps_cpp: 6.2.7 (/opt/ros/humble/share/rmw_fastrtps_cpp/cmake)
[18.593s] -- Found OpenSSL: /usr/lib/x86_64-linux-gnu/libcrypto.so (found version "3.0.2")  
[18.593s] -- Found FastRTPS: /opt/ros/humble/include  
[18.593s] -- Using RMW implementation 'rmw_fastrtps_cpp' as default
[18.593s] -- Looking for pthread.h
[18.593s] -- Looking for pthread.h - found
[18.594s] -- Performing Test CMAKE_HAVE_LIBC_PTHREAD
[18.594s] -- Performing Test CMAKE_HAVE_LIBC_PTHREAD - Success
[18.594s] -- Found Threads: TRUE  
[18.900s] -- Found Eigen3: TRUE (found version "3.4.0") 
[18.900s] -- Ensuring Eigen3 include directory is part of orocos-kdl CMake target
[23.982s] -- Found nav2_common: 1.1.16 (/opt/ros/humble/share/nav2_common/cmake)
[24.037s] -- Found nav_2d_utils: 1.1.17 (/home/aurora/RM25/install/nav_2d_utils/share/nav_2d_utils/cmake)
[24.156s] -- Setting build type to Release as none was specified.
[25.495s] -- Found ament_lint_auto: 0.12.11 (/opt/ros/humble/share/ament_lint_auto/cmake)
[26.032s] -- Found gtest sources under '/opt/ros/humble/src/gtest_vendor': C++ tests using 'Google Test' will be built
[26.842s] -- Added test 'cppcheck' to perform static code analysis on C / C++ code
[26.843s] -- Configured cppcheck include dirs: /home/aurora/RM25/src/rm_navigation2/nav2_smoother/include
[26.843s] -- Configured cppcheck exclude dirs and/or files: 
[26.869s] -- Added test 'cpplint' to check C / C++ code against the Google style
[26.869s] -- Configured cpplint exclude dirs and/or files: 
[26.870s] -- Added test 'lint_cmake' to check CMake code style
[26.875s] -- Added test 'uncrustify' to check C / C++ code style
[26.876s] -- Configured uncrustify additional arguments: 
[26.887s] -- Added test 'xmllint' to check XML markup files
[26.994s] -- Configuring done
[53.243s] -- Generating done
[53.335s] -- Build files have been written to: /home/aurora/RM25/build/nav2_smoother
