[1.306s] Invoking command in '/home/aurora/RM25/build/nav2_smoother': CMAKE_PREFIX_PATH=/home/aurora/RM25/install/nav2_core:/home/aurora/RM25/install/nav2_costmap_2d:/home/aurora/RM25/install/nav_2d_utils:/home/aurora/RM25/install/nav2_map_server:/home/aurora/RM25/install/nav2_lifecycle_manager:/home/aurora/RM25/install/nav2_util:/home/aurora/RM25/install/nav2_voxel_grid:/home/aurora/RM25/install/nav2_msgs:/home/aurora/RM25/install/nav_2d_msgs:/home/aurora/RM25/install/nav2_common:/home/aurora/RM25/install/nav2_constrained_smoother:/home/aurora/RM25/install/rm_robot_description:/home/aurora/RM25/install/opennav_docking_core:/home/aurora/RM25/install/dwb_msgs:/home/aurora/RM25/install/costmap_queue:/home/aurora/RM25/install/nav2_velocity_smoother:/home/aurora/RM25/install/nav2_rviz_plugins:/home/aurora/RM25/install/nav2_behavior_tree:/home/aurora/RM25/install/nav2_amcl:/home/aurora/ws_helloworld/install/pkg01_helloworld_cpp:/home/aurora/ws_helloworld/install/learning_tf2_cpp:/home/aurora/RM25/install/nav2_simple_commander:/home/aurora/RM25/install/nav2_loopback_sim:/home/aurora/ws_helloworld/install/pkg02_helloworld_py:/opt/ros/humble LD_LIBRARY_PATH=/home/aurora/RM25/install/nav2_costmap_2d/lib:/home/aurora/RM25/install/nav_2d_utils/lib:/home/aurora/RM25/install/nav2_map_server/lib:/home/aurora/RM25/install/nav2_lifecycle_manager/lib:/home/aurora/RM25/install/nav2_util/lib:/home/aurora/RM25/install/nav2_voxel_grid/lib:/home/aurora/RM25/install/nav2_msgs/lib:/home/aurora/RM25/install/nav_2d_msgs/lib:/home/aurora/RM25/install/nav2_constrained_smoother/lib:/home/aurora/RM25/install/dwb_msgs/lib:/home/aurora/RM25/install/costmap_queue/lib:/home/aurora/RM25/install/nav2_velocity_smoother/lib:/home/aurora/RM25/install/nav2_rviz_plugins/lib:/home/aurora/RM25/install/nav2_behavior_tree/lib:/home/aurora/RM25/install/nav2_amcl/lib:/usr/lib/x86_64-linux-gnu/gazebo-11/plugins:/opt/ros/humble/opt/rviz_ogre_vendor/lib:/opt/ros/humble/lib/x86_64-linux-gnu:/opt/ros/humble/lib /usr/bin/cmake --build /home/aurora/RM25/build/nav2_smoother -- -j20 -l20
[1.341s] [35m[1mConsolidate compiler generated dependencies of target simple_smoother[0m
[1.342s] [35m[1mConsolidate compiler generated dependencies of target smoother_server_core[0m
[1.342s] [35m[1mConsolidate compiler generated dependencies of target savitzky_golay_smoother[0m
[1.346s] [ 11%] Built target gtest_main
[1.346s] [ 22%] Built target gtest
[1.355s] [ 33%] Built target savitzky_golay_smoother
[1.355s] [ 44%] Built target simple_smoother
[1.357s] [ 55%] Built target smoother_server_core
[1.366s] [35m[1mConsolidate compiler generated dependencies of target test_simple_smoother[0m
[1.368s] [35m[1mConsolidate compiler generated dependencies of target test_savitzky_golay_smoother[0m
[1.370s] [35m[1mConsolidate compiler generated dependencies of target test_smoother_server[0m
[1.370s] [35m[1mConsolidate compiler generated dependencies of target smoother_server[0m
[1.379s] [ 66%] Built target test_simple_smoother
[1.383s] [ 77%] Built target test_savitzky_golay_smoother
[1.384s] [ 88%] Built target test_smoother_server
[1.386s] [100%] Built target smoother_server
[1.394s] Invoked command in '/home/aurora/RM25/build/nav2_smoother' returned '0': CMAKE_PREFIX_PATH=/home/aurora/RM25/install/nav2_core:/home/aurora/RM25/install/nav2_costmap_2d:/home/aurora/RM25/install/nav_2d_utils:/home/aurora/RM25/install/nav2_map_server:/home/aurora/RM25/install/nav2_lifecycle_manager:/home/aurora/RM25/install/nav2_util:/home/aurora/RM25/install/nav2_voxel_grid:/home/aurora/RM25/install/nav2_msgs:/home/aurora/RM25/install/nav_2d_msgs:/home/aurora/RM25/install/nav2_common:/home/aurora/RM25/install/nav2_constrained_smoother:/home/aurora/RM25/install/rm_robot_description:/home/aurora/RM25/install/opennav_docking_core:/home/aurora/RM25/install/dwb_msgs:/home/aurora/RM25/install/costmap_queue:/home/aurora/RM25/install/nav2_velocity_smoother:/home/aurora/RM25/install/nav2_rviz_plugins:/home/aurora/RM25/install/nav2_behavior_tree:/home/aurora/RM25/install/nav2_amcl:/home/aurora/ws_helloworld/install/pkg01_helloworld_cpp:/home/aurora/ws_helloworld/install/learning_tf2_cpp:/home/aurora/RM25/install/nav2_simple_commander:/home/aurora/RM25/install/nav2_loopback_sim:/home/aurora/ws_helloworld/install/pkg02_helloworld_py:/opt/ros/humble LD_LIBRARY_PATH=/home/aurora/RM25/install/nav2_costmap_2d/lib:/home/aurora/RM25/install/nav_2d_utils/lib:/home/aurora/RM25/install/nav2_map_server/lib:/home/aurora/RM25/install/nav2_lifecycle_manager/lib:/home/aurora/RM25/install/nav2_util/lib:/home/aurora/RM25/install/nav2_voxel_grid/lib:/home/aurora/RM25/install/nav2_msgs/lib:/home/aurora/RM25/install/nav_2d_msgs/lib:/home/aurora/RM25/install/nav2_constrained_smoother/lib:/home/aurora/RM25/install/dwb_msgs/lib:/home/aurora/RM25/install/costmap_queue/lib:/home/aurora/RM25/install/nav2_velocity_smoother/lib:/home/aurora/RM25/install/nav2_rviz_plugins/lib:/home/aurora/RM25/install/nav2_behavior_tree/lib:/home/aurora/RM25/install/nav2_amcl/lib:/usr/lib/x86_64-linux-gnu/gazebo-11/plugins:/opt/ros/humble/opt/rviz_ogre_vendor/lib:/opt/ros/humble/lib/x86_64-linux-gnu:/opt/ros/humble/lib /usr/bin/cmake --build /home/aurora/RM25/build/nav2_smoother -- -j20 -l20
[1.422s] Invoking command in '/home/aurora/RM25/build/nav2_smoother': CMAKE_PREFIX_PATH=/home/aurora/RM25/install/nav2_core:/home/aurora/RM25/install/nav2_costmap_2d:/home/aurora/RM25/install/nav_2d_utils:/home/aurora/RM25/install/nav2_map_server:/home/aurora/RM25/install/nav2_lifecycle_manager:/home/aurora/RM25/install/nav2_util:/home/aurora/RM25/install/nav2_voxel_grid:/home/aurora/RM25/install/nav2_msgs:/home/aurora/RM25/install/nav_2d_msgs:/home/aurora/RM25/install/nav2_common:/home/aurora/RM25/install/nav2_constrained_smoother:/home/aurora/RM25/install/rm_robot_description:/home/aurora/RM25/install/opennav_docking_core:/home/aurora/RM25/install/dwb_msgs:/home/aurora/RM25/install/costmap_queue:/home/aurora/RM25/install/nav2_velocity_smoother:/home/aurora/RM25/install/nav2_rviz_plugins:/home/aurora/RM25/install/nav2_behavior_tree:/home/aurora/RM25/install/nav2_amcl:/home/aurora/ws_helloworld/install/pkg01_helloworld_cpp:/home/aurora/ws_helloworld/install/learning_tf2_cpp:/home/aurora/RM25/install/nav2_simple_commander:/home/aurora/RM25/install/nav2_loopback_sim:/home/aurora/ws_helloworld/install/pkg02_helloworld_py:/opt/ros/humble LD_LIBRARY_PATH=/home/aurora/RM25/install/nav2_costmap_2d/lib:/home/aurora/RM25/install/nav_2d_utils/lib:/home/aurora/RM25/install/nav2_map_server/lib:/home/aurora/RM25/install/nav2_lifecycle_manager/lib:/home/aurora/RM25/install/nav2_util/lib:/home/aurora/RM25/install/nav2_voxel_grid/lib:/home/aurora/RM25/install/nav2_msgs/lib:/home/aurora/RM25/install/nav_2d_msgs/lib:/home/aurora/RM25/install/nav2_constrained_smoother/lib:/home/aurora/RM25/install/dwb_msgs/lib:/home/aurora/RM25/install/costmap_queue/lib:/home/aurora/RM25/install/nav2_velocity_smoother/lib:/home/aurora/RM25/install/nav2_rviz_plugins/lib:/home/aurora/RM25/install/nav2_behavior_tree/lib:/home/aurora/RM25/install/nav2_amcl/lib:/usr/lib/x86_64-linux-gnu/gazebo-11/plugins:/opt/ros/humble/opt/rviz_ogre_vendor/lib:/opt/ros/humble/lib/x86_64-linux-gnu:/opt/ros/humble/lib /usr/bin/cmake --install /home/aurora/RM25/build/nav2_smoother
[1.426s] -- Install configuration: "Release"
[1.427s] -- Execute custom install script
[1.427s] -- Up-to-date symlink: /home/aurora/RM25/install/nav2_smoother/share/nav2_smoother//plugins.xml
[1.428s] -- Up-to-date symlink: /home/aurora/RM25/install/nav2_smoother/lib/libsmoother_server_core.so
[1.428s] -- Up-to-date symlink: /home/aurora/RM25/install/nav2_smoother/lib/libsimple_smoother.so
[1.428s] -- Up-to-date symlink: /home/aurora/RM25/install/nav2_smoother/lib/libsavitzky_golay_smoother.so
[1.429s] -- Up-to-date symlink: /home/aurora/RM25/install/nav2_smoother/lib/nav2_smoother/smoother_server
[1.429s] -- Up-to-date symlink: /home/aurora/RM25/install/nav2_smoother/include//nav2_smoother/nav2_smoother.hpp
[1.430s] -- Up-to-date symlink: /home/aurora/RM25/install/nav2_smoother/include//nav2_smoother/savitzky_golay_smoother.hpp
[1.430s] -- Up-to-date symlink: /home/aurora/RM25/install/nav2_smoother/include//nav2_smoother/simple_smoother.hpp
[1.430s] -- Up-to-date symlink: /home/aurora/RM25/install/nav2_smoother/include//nav2_smoother/smoother_utils.hpp
[1.430s] -- Up-to-date symlink: /home/aurora/RM25/install/nav2_smoother/share/nav2_smoother/environment/library_path.sh
[1.431s] -- Up-to-date symlink: /home/aurora/RM25/install/nav2_smoother/share/nav2_smoother/environment/library_path.dsv
[1.431s] -- Up-to-date symlink: /home/aurora/RM25/install/nav2_smoother/share/ament_index/resource_index/package_run_dependencies/nav2_smoother
[1.431s] -- Up-to-date symlink: /home/aurora/RM25/install/nav2_smoother/share/ament_index/resource_index/parent_prefix_path/nav2_smoother
[1.432s] -- Up-to-date symlink: /home/aurora/RM25/install/nav2_smoother/share/nav2_smoother/environment/ament_prefix_path.sh
[1.432s] -- Up-to-date symlink: /home/aurora/RM25/install/nav2_smoother/share/nav2_smoother/environment/ament_prefix_path.dsv
[1.432s] -- Up-to-date symlink: /home/aurora/RM25/install/nav2_smoother/share/nav2_smoother/environment/path.sh
[1.432s] -- Up-to-date symlink: /home/aurora/RM25/install/nav2_smoother/share/nav2_smoother/environment/path.dsv
[1.433s] -- Up-to-date symlink: /home/aurora/RM25/install/nav2_smoother/share/nav2_smoother/local_setup.bash
[1.433s] -- Up-to-date symlink: /home/aurora/RM25/install/nav2_smoother/share/nav2_smoother/local_setup.sh
[1.433s] -- Up-to-date symlink: /home/aurora/RM25/install/nav2_smoother/share/nav2_smoother/local_setup.zsh
[1.433s] -- Up-to-date symlink: /home/aurora/RM25/install/nav2_smoother/share/nav2_smoother/local_setup.dsv
[1.433s] -- Symlinking: /home/aurora/RM25/install/nav2_smoother/share/nav2_smoother/package.dsv
[1.438s] -- Up-to-date symlink: /home/aurora/RM25/install/nav2_smoother/share/ament_index/resource_index/packages/nav2_smoother
[1.439s] -- Up-to-date symlink: /home/aurora/RM25/install/nav2_smoother/share/ament_index/resource_index/nav2_core__pluginlib__plugin/nav2_smoother
[1.439s] -- Up-to-date symlink: /home/aurora/RM25/install/nav2_smoother/share/ament_index/resource_index/rclcpp_components/nav2_smoother
[1.439s] -- Up-to-date symlink: /home/aurora/RM25/install/nav2_smoother/share/nav2_smoother/cmake/ament_cmake_export_include_directories-extras.cmake
[1.440s] -- Up-to-date symlink: /home/aurora/RM25/install/nav2_smoother/share/nav2_smoother/cmake/ament_cmake_export_libraries-extras.cmake
[1.440s] -- Up-to-date symlink: /home/aurora/RM25/install/nav2_smoother/share/nav2_smoother/cmake/ament_cmake_export_dependencies-extras.cmake
[1.440s] -- Up-to-date symlink: /home/aurora/RM25/install/nav2_smoother/share/nav2_smoother/cmake/nav2_smootherConfig.cmake
[1.440s] -- Up-to-date symlink: /home/aurora/RM25/install/nav2_smoother/share/nav2_smoother/cmake/nav2_smootherConfig-version.cmake
[1.440s] -- Up-to-date symlink: /home/aurora/RM25/install/nav2_smoother/share/nav2_smoother/package.xml
[1.442s] Invoked command in '/home/aurora/RM25/build/nav2_smoother' returned '0': CMAKE_PREFIX_PATH=/home/aurora/RM25/install/nav2_core:/home/aurora/RM25/install/nav2_costmap_2d:/home/aurora/RM25/install/nav_2d_utils:/home/aurora/RM25/install/nav2_map_server:/home/aurora/RM25/install/nav2_lifecycle_manager:/home/aurora/RM25/install/nav2_util:/home/aurora/RM25/install/nav2_voxel_grid:/home/aurora/RM25/install/nav2_msgs:/home/aurora/RM25/install/nav_2d_msgs:/home/aurora/RM25/install/nav2_common:/home/aurora/RM25/install/nav2_constrained_smoother:/home/aurora/RM25/install/rm_robot_description:/home/aurora/RM25/install/opennav_docking_core:/home/aurora/RM25/install/dwb_msgs:/home/aurora/RM25/install/costmap_queue:/home/aurora/RM25/install/nav2_velocity_smoother:/home/aurora/RM25/install/nav2_rviz_plugins:/home/aurora/RM25/install/nav2_behavior_tree:/home/aurora/RM25/install/nav2_amcl:/home/aurora/ws_helloworld/install/pkg01_helloworld_cpp:/home/aurora/ws_helloworld/install/learning_tf2_cpp:/home/aurora/RM25/install/nav2_simple_commander:/home/aurora/RM25/install/nav2_loopback_sim:/home/aurora/ws_helloworld/install/pkg02_helloworld_py:/opt/ros/humble LD_LIBRARY_PATH=/home/aurora/RM25/install/nav2_costmap_2d/lib:/home/aurora/RM25/install/nav_2d_utils/lib:/home/aurora/RM25/install/nav2_map_server/lib:/home/aurora/RM25/install/nav2_lifecycle_manager/lib:/home/aurora/RM25/install/nav2_util/lib:/home/aurora/RM25/install/nav2_voxel_grid/lib:/home/aurora/RM25/install/nav2_msgs/lib:/home/aurora/RM25/install/nav_2d_msgs/lib:/home/aurora/RM25/install/nav2_constrained_smoother/lib:/home/aurora/RM25/install/dwb_msgs/lib:/home/aurora/RM25/install/costmap_queue/lib:/home/aurora/RM25/install/nav2_velocity_smoother/lib:/home/aurora/RM25/install/nav2_rviz_plugins/lib:/home/aurora/RM25/install/nav2_behavior_tree/lib:/home/aurora/RM25/install/nav2_amcl/lib:/usr/lib/x86_64-linux-gnu/gazebo-11/plugins:/opt/ros/humble/opt/rviz_ogre_vendor/lib:/opt/ros/humble/lib/x86_64-linux-gnu:/opt/ros/humble/lib /usr/bin/cmake --install /home/aurora/RM25/build/nav2_smoother
