[0.162s] Invoking command in '/home/aurora/RM25/build/dwb_msgs': AMENT_PREFIX_PATH=/home/aurora/RM25/install/nav_2d_msgs:${AMENT_PREFIX_PATH} CMAKE_PREFIX_PATH=/home/aurora/RM25/install/nav_2d_msgs:/home/aurora/RM25/install/rm_robot_description:/home/aurora/RM25/install/nav2_msgs:/home/aurora/RM25/install/nav2_bringup:/home/aurora/RM25/install/four_omniwheel_robot:/home/aurora/ws_helloworld/install/pkg01_helloworld_cpp:/home/aurora/ws_helloworld/install/learning_tf2_cpp:/home/aurora/ws_helloworld/install/pkg02_helloworld_py:/opt/ros/humble LD_LIBRARY_PATH=/home/aurora/RM25/install/nav_2d_msgs/lib:${LD_LIBRARY_PATH} PYTHONPATH=/home/aurora/RM25/install/nav_2d_msgs/local/lib/python3.10/dist-packages:${PYTHONPATH} /usr/bin/cmake --build /home/aurora/RM25/build/dwb_msgs -- -j20 -l20
[0.179s] -- Found builtin_interfaces: 1.2.1 (/opt/ros/humble/share/builtin_interfaces/cmake)
[0.267s] -- Override CMake install command with custom implementation using symlinks instead of copying resources
[0.512s] -- Found rosidl_generator_c: 3.1.5 (/opt/ros/humble/share/rosidl_generator_c/cmake)
[0.513s] -- Found rosidl_adapter: 3.1.5 (/opt/ros/humble/share/rosidl_adapter/cmake)
[0.517s] -- Found rosidl_generator_cpp: 3.1.5 (/opt/ros/humble/share/rosidl_generator_cpp/cmake)
[0.523s] -- Using all available rosidl_typesupport_c: rosidl_typesupport_fastrtps_c;rosidl_typesupport_introspection_c
[0.530s] -- Using all available rosidl_typesupport_cpp: rosidl_typesupport_fastrtps_cpp;rosidl_typesupport_introspection_cpp
[0.537s] -- Found geometry_msgs: 4.2.4 (/opt/ros/humble/share/geometry_msgs/cmake)
[0.551s] -- Found nav_2d_msgs: 1.1.17 (/home/aurora/RM25/install/nav_2d_msgs/share/nav_2d_msgs/cmake)
[0.562s] -- Found nav_msgs: 4.2.4 (/opt/ros/humble/share/nav_msgs/cmake)
[0.571s] -- Found rosidl_default_generators: 1.2.0 (/opt/ros/humble/share/rosidl_default_generators/cmake)
[0.807s] -- Found ament_cmake_ros: 0.10.0 (/opt/ros/humble/share/ament_cmake_ros/cmake)
[1.103s] -- Using all available rosidl_typesupport_c: rosidl_typesupport_fastrtps_c;rosidl_typesupport_introspection_c
[1.218s] -- Using all available rosidl_typesupport_cpp: rosidl_typesupport_fastrtps_cpp;rosidl_typesupport_introspection_cpp
[1.233s] -- Found python_cmake_module: 0.10.0 (/opt/ros/humble/share/python_cmake_module/cmake)
[1.247s] -- Using PYTHON_EXECUTABLE: /usr/bin/python3
[1.247s] -- Using PYTHON_INCLUDE_DIRS: /usr/include/python3.10
[1.247s] -- Using PYTHON_LIBRARIES: /usr/lib/x86_64-linux-gnu/libpython3.10.so
[1.290s] -- Configuring done
[1.350s] -- Generating done
[1.352s] -- Build files have been written to: /home/aurora/RM25/build/dwb_msgs
[1.372s] [35m[1mConsolidate compiler generated dependencies of target dwb_msgs__rosidl_generator_c[0m
[1.376s] [  1%] Built target dwb_msgs__cpp
[1.383s] [  1%] Built target ament_cmake_python_symlink_dwb_msgs
[1.384s] [ 12%] Built target dwb_msgs__rosidl_generator_c
[1.389s] [35m[1mConsolidate compiler generated dependencies of target dwb_msgs__rosidl_typesupport_introspection_cpp[0m
[1.389s] [35m[1mConsolidate compiler generated dependencies of target dwb_msgs__rosidl_typesupport_cpp[0m
[1.389s] [35m[1mConsolidate compiler generated dependencies of target dwb_msgs__rosidl_typesupport_fastrtps_cpp[0m
[1.395s] [35m[1mConsolidate compiler generated dependencies of target dwb_msgs__rosidl_typesupport_c[0m
[1.396s] [35m[1mConsolidate compiler generated dependencies of target dwb_msgs__rosidl_typesupport_introspection_c[0m
[1.396s] [35m[1mConsolidate compiler generated dependencies of target dwb_msgs__rosidl_typesupport_fastrtps_c[0m
[1.405s] [ 24%] Built target dwb_msgs__rosidl_typesupport_introspection_cpp
[1.405s] [ 35%] Built target dwb_msgs__rosidl_typesupport_cpp
[1.408s] [ 47%] Built target dwb_msgs__rosidl_typesupport_c
[1.410s] [ 61%] Built target dwb_msgs__rosidl_typesupport_fastrtps_cpp
[1.411s] [ 70%] Built target dwb_msgs__rosidl_typesupport_introspection_c
[1.413s] [ 82%] Built target dwb_msgs__rosidl_typesupport_fastrtps_c
[1.427s] [ 82%] Built target dwb_msgs
[1.444s] [ 83%] Built target dwb_msgs__py
[1.455s] [35m[1mConsolidate compiler generated dependencies of target dwb_msgs__rosidl_generator_py[0m
[1.468s] [ 93%] Built target dwb_msgs__rosidl_generator_py
[1.475s] [35m[1mConsolidate compiler generated dependencies of target dwb_msgs__rosidl_typesupport_introspection_c__pyext[0m
[1.475s] [35m[1mConsolidate compiler generated dependencies of target dwb_msgs__rosidl_typesupport_fastrtps_c__pyext[0m
[1.476s] [35m[1mConsolidate compiler generated dependencies of target dwb_msgs__rosidl_typesupport_c__pyext[0m
[1.483s] [ 95%] Built target dwb_msgs__rosidl_typesupport_fastrtps_c__pyext
[1.484s] [ 97%] Built target dwb_msgs__rosidl_typesupport_introspection_c__pyext
[1.485s] [100%] Built target dwb_msgs__rosidl_typesupport_c__pyext
[1.562s] running egg_info
[1.562s] writing dwb_msgs.egg-info/PKG-INFO
[1.562s] writing dependency_links to dwb_msgs.egg-info/dependency_links.txt
[1.563s] writing top-level names to dwb_msgs.egg-info/top_level.txt
[1.566s] reading manifest file 'dwb_msgs.egg-info/SOURCES.txt'
[1.566s] writing manifest file 'dwb_msgs.egg-info/SOURCES.txt'
[1.584s] [100%] Built target ament_cmake_python_build_dwb_msgs_egg
[1.593s] Invoked command in '/home/aurora/RM25/build/dwb_msgs' returned '0': AMENT_PREFIX_PATH=/home/aurora/RM25/install/nav_2d_msgs:${AMENT_PREFIX_PATH} CMAKE_PREFIX_PATH=/home/aurora/RM25/install/nav_2d_msgs:/home/aurora/RM25/install/rm_robot_description:/home/aurora/RM25/install/nav2_msgs:/home/aurora/RM25/install/nav2_bringup:/home/aurora/RM25/install/four_omniwheel_robot:/home/aurora/ws_helloworld/install/pkg01_helloworld_cpp:/home/aurora/ws_helloworld/install/learning_tf2_cpp:/home/aurora/ws_helloworld/install/pkg02_helloworld_py:/opt/ros/humble LD_LIBRARY_PATH=/home/aurora/RM25/install/nav_2d_msgs/lib:${LD_LIBRARY_PATH} PYTHONPATH=/home/aurora/RM25/install/nav_2d_msgs/local/lib/python3.10/dist-packages:${PYTHONPATH} /usr/bin/cmake --build /home/aurora/RM25/build/dwb_msgs -- -j20 -l20
[1.733s] Invoking command in '/home/aurora/RM25/build/dwb_msgs': AMENT_PREFIX_PATH=/home/aurora/RM25/install/nav_2d_msgs:${AMENT_PREFIX_PATH} CMAKE_PREFIX_PATH=/home/aurora/RM25/install/nav_2d_msgs:/home/aurora/RM25/install/rm_robot_description:/home/aurora/RM25/install/nav2_msgs:/home/aurora/RM25/install/nav2_bringup:/home/aurora/RM25/install/four_omniwheel_robot:/home/aurora/ws_helloworld/install/pkg01_helloworld_cpp:/home/aurora/ws_helloworld/install/learning_tf2_cpp:/home/aurora/ws_helloworld/install/pkg02_helloworld_py:/opt/ros/humble LD_LIBRARY_PATH=/home/aurora/RM25/install/nav_2d_msgs/lib:${LD_LIBRARY_PATH} PYTHONPATH=/home/aurora/RM25/install/nav_2d_msgs/local/lib/python3.10/dist-packages:${PYTHONPATH} /usr/bin/cmake --install /home/aurora/RM25/build/dwb_msgs
[1.739s] -- Install configuration: ""
[1.739s] -- Execute custom install script
[1.739s] -- Up-to-date symlink: /home/aurora/RM25/install/dwb_msgs/share/ament_index/resource_index/rosidl_interfaces/dwb_msgs
[1.740s] -- Up-to-date symlink: /home/aurora/RM25/install/dwb_msgs/include/dwb_msgs/dwb_msgs/msg/critic_score.h
[1.740s] -- Up-to-date symlink: /home/aurora/RM25/install/dwb_msgs/include/dwb_msgs/dwb_msgs/msg/detail/critic_score__functions.h
[1.740s] -- Up-to-date symlink: /home/aurora/RM25/install/dwb_msgs/include/dwb_msgs/dwb_msgs/msg/detail/critic_score__struct.h
[1.741s] -- Up-to-date symlink: /home/aurora/RM25/install/dwb_msgs/include/dwb_msgs/dwb_msgs/msg/detail/critic_score__type_support.h
[1.741s] -- Up-to-date symlink: /home/aurora/RM25/install/dwb_msgs/include/dwb_msgs/dwb_msgs/msg/detail/local_plan_evaluation__functions.h
[1.741s] -- Up-to-date symlink: /home/aurora/RM25/install/dwb_msgs/include/dwb_msgs/dwb_msgs/msg/detail/local_plan_evaluation__struct.h
[1.741s] -- Up-to-date symlink: /home/aurora/RM25/install/dwb_msgs/include/dwb_msgs/dwb_msgs/msg/detail/local_plan_evaluation__type_support.h
[1.741s] -- Up-to-date symlink: /home/aurora/RM25/install/dwb_msgs/include/dwb_msgs/dwb_msgs/msg/detail/trajectory2_d__functions.h
[1.742s] -- Up-to-date symlink: /home/aurora/RM25/install/dwb_msgs/include/dwb_msgs/dwb_msgs/msg/detail/trajectory2_d__struct.h
[1.742s] -- Up-to-date symlink: /home/aurora/RM25/install/dwb_msgs/include/dwb_msgs/dwb_msgs/msg/detail/trajectory2_d__type_support.h
[1.742s] -- Up-to-date symlink: /home/aurora/RM25/install/dwb_msgs/include/dwb_msgs/dwb_msgs/msg/detail/trajectory_score__functions.h
[1.743s] -- Up-to-date symlink: /home/aurora/RM25/install/dwb_msgs/include/dwb_msgs/dwb_msgs/msg/detail/trajectory_score__struct.h
[1.743s] -- Up-to-date symlink: /home/aurora/RM25/install/dwb_msgs/include/dwb_msgs/dwb_msgs/msg/detail/trajectory_score__type_support.h
[1.743s] -- Up-to-date symlink: /home/aurora/RM25/install/dwb_msgs/include/dwb_msgs/dwb_msgs/msg/local_plan_evaluation.h
[1.743s] -- Up-to-date symlink: /home/aurora/RM25/install/dwb_msgs/include/dwb_msgs/dwb_msgs/msg/rosidl_generator_c__visibility_control.h
[1.743s] -- Up-to-date symlink: /home/aurora/RM25/install/dwb_msgs/include/dwb_msgs/dwb_msgs/msg/trajectory2_d.h
[1.744s] -- Up-to-date symlink: /home/aurora/RM25/install/dwb_msgs/include/dwb_msgs/dwb_msgs/msg/trajectory_score.h
[1.744s] -- Up-to-date symlink: /home/aurora/RM25/install/dwb_msgs/include/dwb_msgs/dwb_msgs/srv/debug_local_plan.h
[1.744s] -- Up-to-date symlink: /home/aurora/RM25/install/dwb_msgs/include/dwb_msgs/dwb_msgs/srv/detail/debug_local_plan__functions.h
[1.744s] -- Up-to-date symlink: /home/aurora/RM25/install/dwb_msgs/include/dwb_msgs/dwb_msgs/srv/detail/debug_local_plan__struct.h
[1.745s] -- Up-to-date symlink: /home/aurora/RM25/install/dwb_msgs/include/dwb_msgs/dwb_msgs/srv/detail/debug_local_plan__type_support.h
[1.745s] -- Up-to-date symlink: /home/aurora/RM25/install/dwb_msgs/include/dwb_msgs/dwb_msgs/srv/detail/generate_trajectory__functions.h
[1.745s] -- Up-to-date symlink: /home/aurora/RM25/install/dwb_msgs/include/dwb_msgs/dwb_msgs/srv/detail/generate_trajectory__struct.h
[1.745s] -- Up-to-date symlink: /home/aurora/RM25/install/dwb_msgs/include/dwb_msgs/dwb_msgs/srv/detail/generate_trajectory__type_support.h
[1.745s] -- Up-to-date symlink: /home/aurora/RM25/install/dwb_msgs/include/dwb_msgs/dwb_msgs/srv/detail/generate_twists__functions.h
[1.746s] -- Up-to-date symlink: /home/aurora/RM25/install/dwb_msgs/include/dwb_msgs/dwb_msgs/srv/detail/generate_twists__struct.h
[1.746s] -- Up-to-date symlink: /home/aurora/RM25/install/dwb_msgs/include/dwb_msgs/dwb_msgs/srv/detail/generate_twists__type_support.h
[1.746s] -- Up-to-date symlink: /home/aurora/RM25/install/dwb_msgs/include/dwb_msgs/dwb_msgs/srv/detail/get_critic_score__functions.h
[1.746s] -- Up-to-date symlink: /home/aurora/RM25/install/dwb_msgs/include/dwb_msgs/dwb_msgs/srv/detail/get_critic_score__struct.h
[1.746s] -- Up-to-date symlink: /home/aurora/RM25/install/dwb_msgs/include/dwb_msgs/dwb_msgs/srv/detail/get_critic_score__type_support.h
[1.746s] -- Up-to-date symlink: /home/aurora/RM25/install/dwb_msgs/include/dwb_msgs/dwb_msgs/srv/detail/score_trajectory__functions.h
[1.746s] -- Up-to-date symlink: /home/aurora/RM25/install/dwb_msgs/include/dwb_msgs/dwb_msgs/srv/detail/score_trajectory__struct.h
[1.747s] -- Up-to-date symlink: /home/aurora/RM25/install/dwb_msgs/include/dwb_msgs/dwb_msgs/srv/detail/score_trajectory__type_support.h
[1.747s] -- Up-to-date symlink: /home/aurora/RM25/install/dwb_msgs/include/dwb_msgs/dwb_msgs/srv/generate_trajectory.h
[1.747s] -- Up-to-date symlink: /home/aurora/RM25/install/dwb_msgs/include/dwb_msgs/dwb_msgs/srv/generate_twists.h
[1.747s] -- Up-to-date symlink: /home/aurora/RM25/install/dwb_msgs/include/dwb_msgs/dwb_msgs/srv/get_critic_score.h
[1.747s] -- Up-to-date symlink: /home/aurora/RM25/install/dwb_msgs/include/dwb_msgs/dwb_msgs/srv/score_trajectory.h
[1.748s] -- Up-to-date symlink: /home/aurora/RM25/install/dwb_msgs/share/dwb_msgs/environment/library_path.sh
[1.748s] -- Up-to-date symlink: /home/aurora/RM25/install/dwb_msgs/share/dwb_msgs/environment/library_path.dsv
[1.748s] -- Up-to-date symlink: /home/aurora/RM25/install/dwb_msgs/include/dwb_msgs/dwb_msgs/msg/detail/critic_score__rosidl_typesupport_fastrtps_c.h
[1.748s] -- Up-to-date symlink: /home/aurora/RM25/install/dwb_msgs/include/dwb_msgs/dwb_msgs/msg/detail/local_plan_evaluation__rosidl_typesupport_fastrtps_c.h
[1.748s] -- Up-to-date symlink: /home/aurora/RM25/install/dwb_msgs/include/dwb_msgs/dwb_msgs/msg/detail/trajectory2_d__rosidl_typesupport_fastrtps_c.h
[1.748s] -- Up-to-date symlink: /home/aurora/RM25/install/dwb_msgs/include/dwb_msgs/dwb_msgs/msg/detail/trajectory_score__rosidl_typesupport_fastrtps_c.h
[1.749s] -- Up-to-date symlink: /home/aurora/RM25/install/dwb_msgs/include/dwb_msgs/dwb_msgs/msg/rosidl_typesupport_fastrtps_c__visibility_control.h
[1.749s] -- Up-to-date symlink: /home/aurora/RM25/install/dwb_msgs/include/dwb_msgs/dwb_msgs/srv/detail/debug_local_plan__rosidl_typesupport_fastrtps_c.h
[1.749s] -- Up-to-date symlink: /home/aurora/RM25/install/dwb_msgs/include/dwb_msgs/dwb_msgs/srv/detail/generate_trajectory__rosidl_typesupport_fastrtps_c.h
[1.749s] -- Up-to-date symlink: /home/aurora/RM25/install/dwb_msgs/include/dwb_msgs/dwb_msgs/srv/detail/generate_twists__rosidl_typesupport_fastrtps_c.h
[1.749s] -- Up-to-date symlink: /home/aurora/RM25/install/dwb_msgs/include/dwb_msgs/dwb_msgs/srv/detail/get_critic_score__rosidl_typesupport_fastrtps_c.h
[1.749s] -- Up-to-date symlink: /home/aurora/RM25/install/dwb_msgs/include/dwb_msgs/dwb_msgs/srv/detail/score_trajectory__rosidl_typesupport_fastrtps_c.h
[1.749s] -- Up-to-date symlink: /home/aurora/RM25/install/dwb_msgs/include/dwb_msgs/dwb_msgs/msg/critic_score.hpp
[1.749s] -- Up-to-date symlink: /home/aurora/RM25/install/dwb_msgs/include/dwb_msgs/dwb_msgs/msg/detail/critic_score__builder.hpp
[1.749s] -- Up-to-date symlink: /home/aurora/RM25/install/dwb_msgs/include/dwb_msgs/dwb_msgs/msg/detail/critic_score__struct.hpp
[1.749s] -- Up-to-date symlink: /home/aurora/RM25/install/dwb_msgs/include/dwb_msgs/dwb_msgs/msg/detail/critic_score__traits.hpp
[1.750s] -- Up-to-date symlink: /home/aurora/RM25/install/dwb_msgs/include/dwb_msgs/dwb_msgs/msg/detail/local_plan_evaluation__builder.hpp
[1.750s] -- Up-to-date symlink: /home/aurora/RM25/install/dwb_msgs/include/dwb_msgs/dwb_msgs/msg/detail/local_plan_evaluation__struct.hpp
[1.750s] -- Up-to-date symlink: /home/aurora/RM25/install/dwb_msgs/include/dwb_msgs/dwb_msgs/msg/detail/local_plan_evaluation__traits.hpp
[1.750s] -- Up-to-date symlink: /home/aurora/RM25/install/dwb_msgs/include/dwb_msgs/dwb_msgs/msg/detail/trajectory2_d__builder.hpp
[1.750s] -- Up-to-date symlink: /home/aurora/RM25/install/dwb_msgs/include/dwb_msgs/dwb_msgs/msg/detail/trajectory2_d__struct.hpp
[1.750s] -- Up-to-date symlink: /home/aurora/RM25/install/dwb_msgs/include/dwb_msgs/dwb_msgs/msg/detail/trajectory2_d__traits.hpp
[1.750s] -- Up-to-date symlink: /home/aurora/RM25/install/dwb_msgs/include/dwb_msgs/dwb_msgs/msg/detail/trajectory_score__builder.hpp
[1.750s] -- Up-to-date symlink: /home/aurora/RM25/install/dwb_msgs/include/dwb_msgs/dwb_msgs/msg/detail/trajectory_score__struct.hpp
[1.750s] -- Up-to-date symlink: /home/aurora/RM25/install/dwb_msgs/include/dwb_msgs/dwb_msgs/msg/detail/trajectory_score__traits.hpp
[1.750s] -- Up-to-date symlink: /home/aurora/RM25/install/dwb_msgs/include/dwb_msgs/dwb_msgs/msg/local_plan_evaluation.hpp
[1.750s] -- Up-to-date symlink: /home/aurora/RM25/install/dwb_msgs/include/dwb_msgs/dwb_msgs/msg/trajectory2_d.hpp
[1.750s] -- Up-to-date symlink: /home/aurora/RM25/install/dwb_msgs/include/dwb_msgs/dwb_msgs/msg/trajectory_score.hpp
[1.751s] -- Up-to-date symlink: /home/aurora/RM25/install/dwb_msgs/include/dwb_msgs/dwb_msgs/srv/debug_local_plan.hpp
[1.751s] -- Up-to-date symlink: /home/aurora/RM25/install/dwb_msgs/include/dwb_msgs/dwb_msgs/srv/detail/debug_local_plan__builder.hpp
[1.751s] -- Up-to-date symlink: /home/aurora/RM25/install/dwb_msgs/include/dwb_msgs/dwb_msgs/srv/detail/debug_local_plan__struct.hpp
[1.751s] -- Up-to-date symlink: /home/aurora/RM25/install/dwb_msgs/include/dwb_msgs/dwb_msgs/srv/detail/debug_local_plan__traits.hpp
[1.751s] -- Up-to-date symlink: /home/aurora/RM25/install/dwb_msgs/include/dwb_msgs/dwb_msgs/srv/detail/generate_trajectory__builder.hpp
[1.751s] -- Up-to-date symlink: /home/aurora/RM25/install/dwb_msgs/include/dwb_msgs/dwb_msgs/srv/detail/generate_trajectory__struct.hpp
[1.751s] -- Up-to-date symlink: /home/aurora/RM25/install/dwb_msgs/include/dwb_msgs/dwb_msgs/srv/detail/generate_trajectory__traits.hpp
[1.751s] -- Up-to-date symlink: /home/aurora/RM25/install/dwb_msgs/include/dwb_msgs/dwb_msgs/srv/detail/generate_twists__builder.hpp
[1.751s] -- Up-to-date symlink: /home/aurora/RM25/install/dwb_msgs/include/dwb_msgs/dwb_msgs/srv/detail/generate_twists__struct.hpp
[1.751s] -- Up-to-date symlink: /home/aurora/RM25/install/dwb_msgs/include/dwb_msgs/dwb_msgs/srv/detail/generate_twists__traits.hpp
[1.751s] -- Up-to-date symlink: /home/aurora/RM25/install/dwb_msgs/include/dwb_msgs/dwb_msgs/srv/detail/get_critic_score__builder.hpp
[1.751s] -- Up-to-date symlink: /home/aurora/RM25/install/dwb_msgs/include/dwb_msgs/dwb_msgs/srv/detail/get_critic_score__struct.hpp
[1.751s] -- Up-to-date symlink: /home/aurora/RM25/install/dwb_msgs/include/dwb_msgs/dwb_msgs/srv/detail/get_critic_score__traits.hpp
[1.751s] -- Up-to-date symlink: /home/aurora/RM25/install/dwb_msgs/include/dwb_msgs/dwb_msgs/srv/detail/score_trajectory__builder.hpp
[1.751s] -- Up-to-date symlink: /home/aurora/RM25/install/dwb_msgs/include/dwb_msgs/dwb_msgs/srv/detail/score_trajectory__struct.hpp
[1.751s] -- Up-to-date symlink: /home/aurora/RM25/install/dwb_msgs/include/dwb_msgs/dwb_msgs/srv/detail/score_trajectory__traits.hpp
[1.751s] -- Up-to-date symlink: /home/aurora/RM25/install/dwb_msgs/include/dwb_msgs/dwb_msgs/srv/generate_trajectory.hpp
[1.751s] -- Up-to-date symlink: /home/aurora/RM25/install/dwb_msgs/include/dwb_msgs/dwb_msgs/srv/generate_twists.hpp
[1.751s] -- Up-to-date symlink: /home/aurora/RM25/install/dwb_msgs/include/dwb_msgs/dwb_msgs/srv/get_critic_score.hpp
[1.751s] -- Up-to-date symlink: /home/aurora/RM25/install/dwb_msgs/include/dwb_msgs/dwb_msgs/srv/score_trajectory.hpp
[1.751s] -- Up-to-date symlink: /home/aurora/RM25/install/dwb_msgs/include/dwb_msgs/dwb_msgs/msg/detail/critic_score__rosidl_typesupport_fastrtps_cpp.hpp
[1.751s] -- Up-to-date symlink: /home/aurora/RM25/install/dwb_msgs/include/dwb_msgs/dwb_msgs/msg/detail/local_plan_evaluation__rosidl_typesupport_fastrtps_cpp.hpp
[1.751s] -- Up-to-date symlink: /home/aurora/RM25/install/dwb_msgs/include/dwb_msgs/dwb_msgs/msg/detail/trajectory2_d__rosidl_typesupport_fastrtps_cpp.hpp
[1.751s] -- Up-to-date symlink: /home/aurora/RM25/install/dwb_msgs/include/dwb_msgs/dwb_msgs/msg/detail/trajectory_score__rosidl_typesupport_fastrtps_cpp.hpp
[1.751s] -- Up-to-date symlink: /home/aurora/RM25/install/dwb_msgs/include/dwb_msgs/dwb_msgs/msg/rosidl_typesupport_fastrtps_cpp__visibility_control.h
[1.751s] -- Up-to-date symlink: /home/aurora/RM25/install/dwb_msgs/include/dwb_msgs/dwb_msgs/srv/detail/debug_local_plan__rosidl_typesupport_fastrtps_cpp.hpp
[1.751s] -- Up-to-date symlink: /home/aurora/RM25/install/dwb_msgs/include/dwb_msgs/dwb_msgs/srv/detail/generate_trajectory__rosidl_typesupport_fastrtps_cpp.hpp
[1.751s] -- Up-to-date symlink: /home/aurora/RM25/install/dwb_msgs/include/dwb_msgs/dwb_msgs/srv/detail/generate_twists__rosidl_typesupport_fastrtps_cpp.hpp
[1.751s] -- Up-to-date symlink: /home/aurora/RM25/install/dwb_msgs/include/dwb_msgs/dwb_msgs/srv/detail/get_critic_score__rosidl_typesupport_fastrtps_cpp.hpp
[1.752s] -- Up-to-date symlink: /home/aurora/RM25/install/dwb_msgs/include/dwb_msgs/dwb_msgs/srv/detail/score_trajectory__rosidl_typesupport_fastrtps_cpp.hpp
[1.752s] -- Up-to-date symlink: /home/aurora/RM25/install/dwb_msgs/include/dwb_msgs/dwb_msgs/msg/detail/critic_score__rosidl_typesupport_introspection_c.h
[1.752s] -- Up-to-date symlink: /home/aurora/RM25/install/dwb_msgs/include/dwb_msgs/dwb_msgs/msg/detail/local_plan_evaluation__rosidl_typesupport_introspection_c.h
[1.752s] -- Up-to-date symlink: /home/aurora/RM25/install/dwb_msgs/include/dwb_msgs/dwb_msgs/msg/detail/trajectory2_d__rosidl_typesupport_introspection_c.h
[1.752s] -- Up-to-date symlink: /home/aurora/RM25/install/dwb_msgs/include/dwb_msgs/dwb_msgs/msg/detail/trajectory_score__rosidl_typesupport_introspection_c.h
[1.752s] -- Up-to-date symlink: /home/aurora/RM25/install/dwb_msgs/include/dwb_msgs/dwb_msgs/msg/rosidl_typesupport_introspection_c__visibility_control.h
[1.752s] -- Up-to-date symlink: /home/aurora/RM25/install/dwb_msgs/include/dwb_msgs/dwb_msgs/srv/detail/debug_local_plan__rosidl_typesupport_introspection_c.h
[1.752s] -- Up-to-date symlink: /home/aurora/RM25/install/dwb_msgs/include/dwb_msgs/dwb_msgs/srv/detail/generate_trajectory__rosidl_typesupport_introspection_c.h
[1.752s] -- Up-to-date symlink: /home/aurora/RM25/install/dwb_msgs/include/dwb_msgs/dwb_msgs/srv/detail/generate_twists__rosidl_typesupport_introspection_c.h
[1.752s] -- Up-to-date symlink: /home/aurora/RM25/install/dwb_msgs/include/dwb_msgs/dwb_msgs/srv/detail/get_critic_score__rosidl_typesupport_introspection_c.h
[1.752s] -- Up-to-date symlink: /home/aurora/RM25/install/dwb_msgs/include/dwb_msgs/dwb_msgs/srv/detail/score_trajectory__rosidl_typesupport_introspection_c.h
[1.752s] -- Up-to-date symlink: /home/aurora/RM25/install/dwb_msgs/include/dwb_msgs/dwb_msgs/msg/detail/critic_score__rosidl_typesupport_introspection_cpp.hpp
[1.752s] -- Up-to-date symlink: /home/aurora/RM25/install/dwb_msgs/include/dwb_msgs/dwb_msgs/msg/detail/local_plan_evaluation__rosidl_typesupport_introspection_cpp.hpp
[1.752s] -- Up-to-date symlink: /home/aurora/RM25/install/dwb_msgs/include/dwb_msgs/dwb_msgs/msg/detail/trajectory2_d__rosidl_typesupport_introspection_cpp.hpp
[1.752s] -- Up-to-date symlink: /home/aurora/RM25/install/dwb_msgs/include/dwb_msgs/dwb_msgs/msg/detail/trajectory_score__rosidl_typesupport_introspection_cpp.hpp
[1.752s] -- Up-to-date symlink: /home/aurora/RM25/install/dwb_msgs/include/dwb_msgs/dwb_msgs/srv/detail/debug_local_plan__rosidl_typesupport_introspection_cpp.hpp
[1.752s] -- Up-to-date symlink: /home/aurora/RM25/install/dwb_msgs/include/dwb_msgs/dwb_msgs/srv/detail/generate_trajectory__rosidl_typesupport_introspection_cpp.hpp
[1.752s] -- Up-to-date symlink: /home/aurora/RM25/install/dwb_msgs/include/dwb_msgs/dwb_msgs/srv/detail/generate_twists__rosidl_typesupport_introspection_cpp.hpp
[1.752s] -- Up-to-date symlink: /home/aurora/RM25/install/dwb_msgs/include/dwb_msgs/dwb_msgs/srv/detail/get_critic_score__rosidl_typesupport_introspection_cpp.hpp
[1.752s] -- Up-to-date symlink: /home/aurora/RM25/install/dwb_msgs/include/dwb_msgs/dwb_msgs/srv/detail/score_trajectory__rosidl_typesupport_introspection_cpp.hpp
[1.752s] -- Up-to-date symlink: /home/aurora/RM25/install/dwb_msgs/share/dwb_msgs/environment/pythonpath.sh
[1.752s] -- Up-to-date symlink: /home/aurora/RM25/install/dwb_msgs/share/dwb_msgs/environment/pythonpath.dsv
[1.752s] -- Symlinking: /home/aurora/RM25/install/dwb_msgs/local/lib/python3.10/dist-packages/dwb_msgs-1.1.17-py3.10.egg-info/PKG-INFO
[1.758s] -- Symlinking: /home/aurora/RM25/install/dwb_msgs/local/lib/python3.10/dist-packages/dwb_msgs-1.1.17-py3.10.egg-info/SOURCES.txt
[1.763s] -- Symlinking: /home/aurora/RM25/install/dwb_msgs/local/lib/python3.10/dist-packages/dwb_msgs-1.1.17-py3.10.egg-info/dependency_links.txt
[1.768s] -- Symlinking: /home/aurora/RM25/install/dwb_msgs/local/lib/python3.10/dist-packages/dwb_msgs-1.1.17-py3.10.egg-info/top_level.txt
[1.774s] -- Up-to-date symlink: /home/aurora/RM25/install/dwb_msgs/local/lib/python3.10/dist-packages/dwb_msgs/__init__.py
[1.775s] -- Up-to-date symlink: /home/aurora/RM25/install/dwb_msgs/local/lib/python3.10/dist-packages/dwb_msgs/_dwb_msgs_s.ep.rosidl_typesupport_c.c
[1.775s] -- Up-to-date symlink: /home/aurora/RM25/install/dwb_msgs/local/lib/python3.10/dist-packages/dwb_msgs/_dwb_msgs_s.ep.rosidl_typesupport_fastrtps_c.c
[1.775s] -- Up-to-date symlink: /home/aurora/RM25/install/dwb_msgs/local/lib/python3.10/dist-packages/dwb_msgs/_dwb_msgs_s.ep.rosidl_typesupport_introspection_c.c
[1.775s] -- Up-to-date symlink: /home/aurora/RM25/install/dwb_msgs/local/lib/python3.10/dist-packages/dwb_msgs/dwb_msgs_s__rosidl_typesupport_c.cpython-310-x86_64-linux-gnu.so
[1.776s] -- Up-to-date symlink: /home/aurora/RM25/install/dwb_msgs/local/lib/python3.10/dist-packages/dwb_msgs/dwb_msgs_s__rosidl_typesupport_fastrtps_c.cpython-310-x86_64-linux-gnu.so
[1.776s] -- Up-to-date symlink: /home/aurora/RM25/install/dwb_msgs/local/lib/python3.10/dist-packages/dwb_msgs/dwb_msgs_s__rosidl_typesupport_introspection_c.cpython-310-x86_64-linux-gnu.so
[1.776s] -- Up-to-date symlink: /home/aurora/RM25/install/dwb_msgs/local/lib/python3.10/dist-packages/dwb_msgs/libdwb_msgs__rosidl_generator_py.so
[1.776s] -- Up-to-date symlink: /home/aurora/RM25/install/dwb_msgs/local/lib/python3.10/dist-packages/dwb_msgs/msg/__init__.py
[1.776s] -- Up-to-date symlink: /home/aurora/RM25/install/dwb_msgs/local/lib/python3.10/dist-packages/dwb_msgs/msg/_critic_score.py
[1.777s] -- Up-to-date symlink: /home/aurora/RM25/install/dwb_msgs/local/lib/python3.10/dist-packages/dwb_msgs/msg/_critic_score_s.c
[1.777s] -- Up-to-date symlink: /home/aurora/RM25/install/dwb_msgs/local/lib/python3.10/dist-packages/dwb_msgs/msg/_local_plan_evaluation.py
[1.777s] -- Up-to-date symlink: /home/aurora/RM25/install/dwb_msgs/local/lib/python3.10/dist-packages/dwb_msgs/msg/_local_plan_evaluation_s.c
[1.777s] -- Up-to-date symlink: /home/aurora/RM25/install/dwb_msgs/local/lib/python3.10/dist-packages/dwb_msgs/msg/_trajectory2_d.py
[1.777s] -- Up-to-date symlink: /home/aurora/RM25/install/dwb_msgs/local/lib/python3.10/dist-packages/dwb_msgs/msg/_trajectory2_d_s.c
[1.778s] -- Up-to-date symlink: /home/aurora/RM25/install/dwb_msgs/local/lib/python3.10/dist-packages/dwb_msgs/msg/_trajectory_score.py
[1.778s] -- Up-to-date symlink: /home/aurora/RM25/install/dwb_msgs/local/lib/python3.10/dist-packages/dwb_msgs/msg/_trajectory_score_s.c
[1.778s] -- Up-to-date symlink: /home/aurora/RM25/install/dwb_msgs/local/lib/python3.10/dist-packages/dwb_msgs/srv/__init__.py
[1.778s] -- Up-to-date symlink: /home/aurora/RM25/install/dwb_msgs/local/lib/python3.10/dist-packages/dwb_msgs/srv/_debug_local_plan.py
[1.778s] -- Up-to-date symlink: /home/aurora/RM25/install/dwb_msgs/local/lib/python3.10/dist-packages/dwb_msgs/srv/_debug_local_plan_s.c
[1.778s] -- Up-to-date symlink: /home/aurora/RM25/install/dwb_msgs/local/lib/python3.10/dist-packages/dwb_msgs/srv/_generate_trajectory.py
[1.778s] -- Up-to-date symlink: /home/aurora/RM25/install/dwb_msgs/local/lib/python3.10/dist-packages/dwb_msgs/srv/_generate_trajectory_s.c
[1.778s] -- Up-to-date symlink: /home/aurora/RM25/install/dwb_msgs/local/lib/python3.10/dist-packages/dwb_msgs/srv/_generate_twists.py
[1.778s] -- Up-to-date symlink: /home/aurora/RM25/install/dwb_msgs/local/lib/python3.10/dist-packages/dwb_msgs/srv/_generate_twists_s.c
[1.779s] -- Up-to-date symlink: /home/aurora/RM25/install/dwb_msgs/local/lib/python3.10/dist-packages/dwb_msgs/srv/_get_critic_score.py
[1.779s] -- Up-to-date symlink: /home/aurora/RM25/install/dwb_msgs/local/lib/python3.10/dist-packages/dwb_msgs/srv/_get_critic_score_s.c
[1.779s] -- Up-to-date symlink: /home/aurora/RM25/install/dwb_msgs/local/lib/python3.10/dist-packages/dwb_msgs/srv/_score_trajectory.py
[1.779s] -- Up-to-date symlink: /home/aurora/RM25/install/dwb_msgs/local/lib/python3.10/dist-packages/dwb_msgs/srv/_score_trajectory_s.c
[1.779s] -- Up-to-date symlink: /home/aurora/RM25/install/dwb_msgs/local/lib/python3.10/dist-packages/dwb_msgs/dwb_msgs_s__rosidl_typesupport_fastrtps_c.cpython-310-x86_64-linux-gnu.so
[1.779s] -- Up-to-date symlink: /home/aurora/RM25/install/dwb_msgs/local/lib/python3.10/dist-packages/dwb_msgs/dwb_msgs_s__rosidl_typesupport_introspection_c.cpython-310-x86_64-linux-gnu.so
[1.780s] -- Up-to-date symlink: /home/aurora/RM25/install/dwb_msgs/local/lib/python3.10/dist-packages/dwb_msgs/dwb_msgs_s__rosidl_typesupport_c.cpython-310-x86_64-linux-gnu.so
[1.780s] -- Up-to-date symlink: /home/aurora/RM25/install/dwb_msgs/share/dwb_msgs/msg/CriticScore.idl
[1.780s] -- Up-to-date symlink: /home/aurora/RM25/install/dwb_msgs/share/dwb_msgs/msg/LocalPlanEvaluation.idl
[1.780s] -- Up-to-date symlink: /home/aurora/RM25/install/dwb_msgs/share/dwb_msgs/msg/Trajectory2D.idl
[1.780s] -- Up-to-date symlink: /home/aurora/RM25/install/dwb_msgs/share/dwb_msgs/msg/TrajectoryScore.idl
[1.780s] -- Up-to-date symlink: /home/aurora/RM25/install/dwb_msgs/share/dwb_msgs/srv/DebugLocalPlan.idl
[1.780s] -- Up-to-date symlink: /home/aurora/RM25/install/dwb_msgs/share/dwb_msgs/srv/GenerateTrajectory.idl
[1.780s] -- Up-to-date symlink: /home/aurora/RM25/install/dwb_msgs/share/dwb_msgs/srv/GenerateTwists.idl
[1.780s] -- Up-to-date symlink: /home/aurora/RM25/install/dwb_msgs/share/dwb_msgs/srv/GetCriticScore.idl
[1.780s] -- Up-to-date symlink: /home/aurora/RM25/install/dwb_msgs/share/dwb_msgs/srv/ScoreTrajectory.idl
[1.780s] -- Up-to-date symlink: /home/aurora/RM25/install/dwb_msgs/share/dwb_msgs/msg/CriticScore.msg
[1.780s] -- Up-to-date symlink: /home/aurora/RM25/install/dwb_msgs/share/dwb_msgs/msg/LocalPlanEvaluation.msg
[1.780s] -- Up-to-date symlink: /home/aurora/RM25/install/dwb_msgs/share/dwb_msgs/msg/Trajectory2D.msg
[1.780s] -- Up-to-date symlink: /home/aurora/RM25/install/dwb_msgs/share/dwb_msgs/msg/TrajectoryScore.msg
[1.781s] -- Up-to-date symlink: /home/aurora/RM25/install/dwb_msgs/share/dwb_msgs/srv/DebugLocalPlan.srv
[1.781s] -- Up-to-date symlink: /home/aurora/RM25/install/dwb_msgs/share/dwb_msgs/srv/DebugLocalPlan_Request.msg
[1.781s] -- Up-to-date symlink: /home/aurora/RM25/install/dwb_msgs/share/dwb_msgs/srv/DebugLocalPlan_Response.msg
[1.781s] -- Up-to-date symlink: /home/aurora/RM25/install/dwb_msgs/share/dwb_msgs/srv/GenerateTrajectory.srv
[1.781s] -- Up-to-date symlink: /home/aurora/RM25/install/dwb_msgs/share/dwb_msgs/srv/GenerateTrajectory_Request.msg
[1.781s] -- Up-to-date symlink: /home/aurora/RM25/install/dwb_msgs/share/dwb_msgs/srv/GenerateTrajectory_Response.msg
[1.781s] -- Up-to-date symlink: /home/aurora/RM25/install/dwb_msgs/share/dwb_msgs/srv/GenerateTwists.srv
[1.781s] -- Up-to-date symlink: /home/aurora/RM25/install/dwb_msgs/share/dwb_msgs/srv/GenerateTwists_Request.msg
[1.781s] -- Up-to-date symlink: /home/aurora/RM25/install/dwb_msgs/share/dwb_msgs/srv/GenerateTwists_Response.msg
[1.781s] -- Up-to-date symlink: /home/aurora/RM25/install/dwb_msgs/share/dwb_msgs/srv/GetCriticScore.srv
[1.781s] -- Up-to-date symlink: /home/aurora/RM25/install/dwb_msgs/share/dwb_msgs/srv/GetCriticScore_Request.msg
[1.782s] -- Up-to-date symlink: /home/aurora/RM25/install/dwb_msgs/share/dwb_msgs/srv/GetCriticScore_Response.msg
[1.782s] -- Up-to-date symlink: /home/aurora/RM25/install/dwb_msgs/share/dwb_msgs/srv/ScoreTrajectory.srv
[1.782s] -- Up-to-date symlink: /home/aurora/RM25/install/dwb_msgs/share/dwb_msgs/srv/ScoreTrajectory_Request.msg
[1.782s] -- Up-to-date symlink: /home/aurora/RM25/install/dwb_msgs/share/dwb_msgs/srv/ScoreTrajectory_Response.msg
[1.782s] -- Up-to-date symlink: /home/aurora/RM25/install/dwb_msgs/share/ament_index/resource_index/package_run_dependencies/dwb_msgs
[1.782s] -- Up-to-date symlink: /home/aurora/RM25/install/dwb_msgs/share/ament_index/resource_index/parent_prefix_path/dwb_msgs
[1.782s] -- Up-to-date symlink: /home/aurora/RM25/install/dwb_msgs/share/dwb_msgs/environment/ament_prefix_path.sh
[1.782s] -- Up-to-date symlink: /home/aurora/RM25/install/dwb_msgs/share/dwb_msgs/environment/ament_prefix_path.dsv
[1.782s] -- Up-to-date symlink: /home/aurora/RM25/install/dwb_msgs/share/dwb_msgs/environment/path.sh
[1.782s] -- Up-to-date symlink: /home/aurora/RM25/install/dwb_msgs/share/dwb_msgs/environment/path.dsv
[1.782s] -- Up-to-date symlink: /home/aurora/RM25/install/dwb_msgs/share/dwb_msgs/local_setup.bash
[1.782s] -- Up-to-date symlink: /home/aurora/RM25/install/dwb_msgs/share/dwb_msgs/local_setup.sh
[1.782s] -- Up-to-date symlink: /home/aurora/RM25/install/dwb_msgs/share/dwb_msgs/local_setup.zsh
[1.782s] -- Up-to-date symlink: /home/aurora/RM25/install/dwb_msgs/share/dwb_msgs/local_setup.dsv
[1.782s] -- Symlinking: /home/aurora/RM25/install/dwb_msgs/share/dwb_msgs/package.dsv
[1.786s] -- Up-to-date symlink: /home/aurora/RM25/install/dwb_msgs/share/ament_index/resource_index/packages/dwb_msgs
[1.787s] -- Up-to-date symlink: /home/aurora/RM25/install/dwb_msgs/share/dwb_msgs/cmake/rosidl_cmake-extras.cmake
[1.787s] -- Up-to-date symlink: /home/aurora/RM25/install/dwb_msgs/share/dwb_msgs/cmake/ament_cmake_export_dependencies-extras.cmake
[1.787s] -- Up-to-date symlink: /home/aurora/RM25/install/dwb_msgs/share/dwb_msgs/cmake/ament_cmake_export_include_directories-extras.cmake
[1.787s] -- Up-to-date symlink: /home/aurora/RM25/install/dwb_msgs/share/dwb_msgs/cmake/ament_cmake_export_libraries-extras.cmake
[1.787s] -- Up-to-date symlink: /home/aurora/RM25/install/dwb_msgs/share/dwb_msgs/cmake/ament_cmake_export_targets-extras.cmake
[1.787s] -- Up-to-date symlink: /home/aurora/RM25/install/dwb_msgs/share/dwb_msgs/cmake/rosidl_cmake_export_typesupport_targets-extras.cmake
[1.787s] -- Up-to-date symlink: /home/aurora/RM25/install/dwb_msgs/share/dwb_msgs/cmake/rosidl_cmake_export_typesupport_libraries-extras.cmake
[1.787s] -- Up-to-date symlink: /home/aurora/RM25/install/dwb_msgs/share/dwb_msgs/cmake/dwb_msgsConfig.cmake
[1.787s] -- Up-to-date symlink: /home/aurora/RM25/install/dwb_msgs/share/dwb_msgs/cmake/dwb_msgsConfig-version.cmake
[1.787s] -- Up-to-date symlink: /home/aurora/RM25/install/dwb_msgs/share/dwb_msgs/package.xml
[1.788s] -- Up-to-date: /home/aurora/RM25/install/dwb_msgs/lib/libdwb_msgs__rosidl_generator_c.so
[1.789s] -- Up-to-date: /home/aurora/RM25/install/dwb_msgs/lib/libdwb_msgs__rosidl_typesupport_fastrtps_c.so
[1.791s] -- Up-to-date: /home/aurora/RM25/install/dwb_msgs/lib/libdwb_msgs__rosidl_typesupport_fastrtps_cpp.so
[1.792s] -- Up-to-date: /home/aurora/RM25/install/dwb_msgs/lib/libdwb_msgs__rosidl_typesupport_introspection_c.so
[1.793s] -- Up-to-date: /home/aurora/RM25/install/dwb_msgs/lib/libdwb_msgs__rosidl_typesupport_c.so
[1.794s] -- Up-to-date: /home/aurora/RM25/install/dwb_msgs/lib/libdwb_msgs__rosidl_typesupport_introspection_cpp.so
[1.795s] -- Up-to-date: /home/aurora/RM25/install/dwb_msgs/lib/libdwb_msgs__rosidl_typesupport_cpp.so
[1.833s] Listing '/home/aurora/RM25/install/dwb_msgs/local/lib/python3.10/dist-packages/dwb_msgs'...
[1.833s] Compiling '/home/aurora/RM25/install/dwb_msgs/local/lib/python3.10/dist-packages/dwb_msgs/__init__.py'...
[1.833s] Listing '/home/aurora/RM25/install/dwb_msgs/local/lib/python3.10/dist-packages/dwb_msgs/msg'...
[1.833s] Listing '/home/aurora/RM25/install/dwb_msgs/local/lib/python3.10/dist-packages/dwb_msgs/srv'...
[1.837s] -- Up-to-date: /home/aurora/RM25/install/dwb_msgs/lib/libdwb_msgs__rosidl_generator_py.so
[1.838s] -- Up-to-date: /home/aurora/RM25/install/dwb_msgs/share/dwb_msgs/cmake/export_dwb_msgs__rosidl_generator_cExport.cmake
[1.838s] -- Up-to-date: /home/aurora/RM25/install/dwb_msgs/share/dwb_msgs/cmake/export_dwb_msgs__rosidl_generator_cExport-noconfig.cmake
[1.838s] -- Up-to-date: /home/aurora/RM25/install/dwb_msgs/share/dwb_msgs/cmake/export_dwb_msgs__rosidl_typesupport_fastrtps_cExport.cmake
[1.838s] -- Up-to-date: /home/aurora/RM25/install/dwb_msgs/share/dwb_msgs/cmake/export_dwb_msgs__rosidl_typesupport_fastrtps_cExport-noconfig.cmake
[1.838s] -- Up-to-date: /home/aurora/RM25/install/dwb_msgs/share/dwb_msgs/cmake/export_dwb_msgs__rosidl_generator_cppExport.cmake
[1.839s] -- Up-to-date: /home/aurora/RM25/install/dwb_msgs/share/dwb_msgs/cmake/export_dwb_msgs__rosidl_typesupport_fastrtps_cppExport.cmake
[1.839s] -- Up-to-date: /home/aurora/RM25/install/dwb_msgs/share/dwb_msgs/cmake/export_dwb_msgs__rosidl_typesupport_fastrtps_cppExport-noconfig.cmake
[1.839s] -- Up-to-date: /home/aurora/RM25/install/dwb_msgs/share/dwb_msgs/cmake/dwb_msgs__rosidl_typesupport_introspection_cExport.cmake
[1.839s] -- Up-to-date: /home/aurora/RM25/install/dwb_msgs/share/dwb_msgs/cmake/dwb_msgs__rosidl_typesupport_introspection_cExport-noconfig.cmake
[1.839s] -- Up-to-date: /home/aurora/RM25/install/dwb_msgs/share/dwb_msgs/cmake/dwb_msgs__rosidl_typesupport_cExport.cmake
[1.840s] -- Up-to-date: /home/aurora/RM25/install/dwb_msgs/share/dwb_msgs/cmake/dwb_msgs__rosidl_typesupport_cExport-noconfig.cmake
[1.840s] -- Up-to-date: /home/aurora/RM25/install/dwb_msgs/share/dwb_msgs/cmake/dwb_msgs__rosidl_typesupport_introspection_cppExport.cmake
[1.840s] -- Up-to-date: /home/aurora/RM25/install/dwb_msgs/share/dwb_msgs/cmake/dwb_msgs__rosidl_typesupport_introspection_cppExport-noconfig.cmake
[1.840s] -- Up-to-date: /home/aurora/RM25/install/dwb_msgs/share/dwb_msgs/cmake/dwb_msgs__rosidl_typesupport_cppExport.cmake
[1.840s] -- Up-to-date: /home/aurora/RM25/install/dwb_msgs/share/dwb_msgs/cmake/dwb_msgs__rosidl_typesupport_cppExport-noconfig.cmake
[1.841s] -- Up-to-date: /home/aurora/RM25/install/dwb_msgs/share/dwb_msgs/cmake/export_dwb_msgs__rosidl_generator_pyExport.cmake
[1.841s] -- Up-to-date: /home/aurora/RM25/install/dwb_msgs/share/dwb_msgs/cmake/export_dwb_msgs__rosidl_generator_pyExport-noconfig.cmake
[1.844s] Invoked command in '/home/aurora/RM25/build/dwb_msgs' returned '0': AMENT_PREFIX_PATH=/home/aurora/RM25/install/nav_2d_msgs:${AMENT_PREFIX_PATH} CMAKE_PREFIX_PATH=/home/aurora/RM25/install/nav_2d_msgs:/home/aurora/RM25/install/rm_robot_description:/home/aurora/RM25/install/nav2_msgs:/home/aurora/RM25/install/nav2_bringup:/home/aurora/RM25/install/four_omniwheel_robot:/home/aurora/ws_helloworld/install/pkg01_helloworld_cpp:/home/aurora/ws_helloworld/install/learning_tf2_cpp:/home/aurora/ws_helloworld/install/pkg02_helloworld_py:/opt/ros/humble LD_LIBRARY_PATH=/home/aurora/RM25/install/nav_2d_msgs/lib:${LD_LIBRARY_PATH} PYTHONPATH=/home/aurora/RM25/install/nav_2d_msgs/local/lib/python3.10/dist-packages:${PYTHONPATH} /usr/bin/cmake --install /home/aurora/RM25/build/dwb_msgs
