[0.007s] Invoking command in '/home/aurora/RM25/build/rm_robot_description': CMAKE_PREFIX_PATH=${CMAKE_PREFIX_PATH}:/home/aurora/ws_helloworld/install/pkg02_helloworld_py:/opt/ros/humble /usr/bin/cmake /home/aurora/RM25/src/rm_robot_description -DCMAKE_INSTALL_PREFIX=/home/aurora/RM25/install/rm_robot_description
[0.014s] -- Found ament_cmake_auto: 1.3.10 (/opt/ros/humble/share/ament_cmake_auto/cmake)
[0.077s] -- Override CMake install command with custom implementation using symlinks instead of copying resources
[0.111s] -- Found ament_lint_auto: 0.12.11 (/opt/ros/humble/share/ament_lint_auto/cmake)
[0.114s] -- Configuring done
[0.115s] -- Generating done
[0.116s] -- Build files have been written to: /home/aurora/RM25/build/rm_robot_description
[0.118s] Invoked command in '/home/aurora/RM25/build/rm_robot_description' returned '0': CMAKE_PREFIX_PATH=${CMAKE_PREFIX_PATH}:/home/aurora/ws_helloworld/install/pkg02_helloworld_py:/opt/ros/humble /usr/bin/cmake /home/aurora/RM25/src/rm_robot_description -DCMAKE_INSTALL_PREFIX=/home/aurora/RM25/install/rm_robot_description
[0.119s] Invoking command in '/home/aurora/RM25/build/rm_robot_description': CMAKE_PREFIX_PATH=${CMAKE_PREFIX_PATH}:/home/aurora/ws_helloworld/install/pkg02_helloworld_py:/opt/ros/humble /usr/bin/cmake --build /home/aurora/RM25/build/rm_robot_description -- -j20 -l20
[0.134s] Invoked command in '/home/aurora/RM25/build/rm_robot_description' returned '0': CMAKE_PREFIX_PATH=${CMAKE_PREFIX_PATH}:/home/aurora/ws_helloworld/install/pkg02_helloworld_py:/opt/ros/humble /usr/bin/cmake --build /home/aurora/RM25/build/rm_robot_description -- -j20 -l20
[0.146s] Invoking command in '/home/aurora/RM25/build/rm_robot_description': CMAKE_PREFIX_PATH=${CMAKE_PREFIX_PATH}:/home/aurora/ws_helloworld/install/pkg02_helloworld_py:/opt/ros/humble /usr/bin/cmake --install /home/aurora/RM25/build/rm_robot_description
[0.149s] -- Install configuration: ""
[0.149s] -- Execute custom install script
[0.149s] -- Up-to-date symlink: /home/aurora/RM25/install/rm_robot_description/share/rm_robot_description/urdf/four_omniwheel_robot.urdf
[0.149s] -- Up-to-date symlink: /home/aurora/RM25/install/rm_robot_description/share/rm_robot_description/urdf/mid360.xacro
[0.150s] -- Up-to-date symlink: /home/aurora/RM25/install/rm_robot_description/share/rm_robot_description/urdf/robot.urdf
[0.150s] -- Up-to-date symlink: /home/aurora/RM25/install/rm_robot_description/share/rm_robot_description/urdf/robot.urdf.xacro
[0.150s] -- Up-to-date symlink: /home/aurora/RM25/install/rm_robot_description/share/rm_robot_description/urdf/sim_robot.urdf
[0.150s] -- Up-to-date symlink: /home/aurora/RM25/install/rm_robot_description/share/rm_robot_description/urdf/simulation.urdf
[0.150s] -- Up-to-date symlink: /home/aurora/RM25/install/rm_robot_description/share/rm_robot_description/urdf/simulation_robot.xacro
[0.150s] -- Up-to-date symlink: /home/aurora/RM25/install/rm_robot_description/share/rm_robot_description/world/25UL/RMUL25.world
[0.150s] -- Up-to-date symlink: /home/aurora/RM25/install/rm_robot_description/share/rm_robot_description/world/25UL/model.config
[0.150s] -- Up-to-date symlink: /home/aurora/RM25/install/rm_robot_description/share/rm_robot_description/world/25UL/model.sdf
[0.150s] -- Up-to-date symlink: /home/aurora/RM25/install/rm_robot_description/share/rm_robot_description/world/RMUL25.world
[0.151s] -- Up-to-date symlink: /home/aurora/RM25/install/rm_robot_description/share/rm_robot_description/world/my_world.world
[0.151s] [33mCMake Warning (dev) at ament_cmake_symlink_install/ament_cmake_symlink_install.cmake:62 (file):
[0.151s]   Policy CMP0009 is not set: FILE GLOB_RECURSE calls should not follow
[0.151s]   symlinks by default.  Run "cmake --help-policy CMP0009" for policy details.
[0.151s]   Use the cmake_policy command to set the policy and suppress this warning.
[0.151s] Call Stack (most recent call first):
[0.151s]   ament_cmake_symlink_install/ament_cmake_symlink_install.cmake:314 (ament_cmake_symlink_install_directory)
[0.151s]   cmake_install.cmake:46 (include)
[0.151s] This warning is for project developers.  Use -Wno-dev to suppress it.
[0.151s] [0m
[0.151s] -- Up-to-date symlink: /home/aurora/RM25/install/rm_robot_description/share/rm_robot_description/world/rmul/RMUL25.world
[0.152s] -- Up-to-date symlink: /home/aurora/RM25/install/rm_robot_description/share/rm_robot_description/world/rmul/model.config
[0.152s] -- Up-to-date symlink: /home/aurora/RM25/install/rm_robot_description/share/rm_robot_description/world/rmul/model.sdf
[0.152s] -- Up-to-date symlink: /home/aurora/RM25/install/rm_robot_description/share/rm_robot_description/rviz/fastlio.rviz
[0.152s] -- Up-to-date symlink: /home/aurora/RM25/install/rm_robot_description/share/rm_robot_description/rviz/rviz2.rviz
[0.152s] -- Up-to-date symlink: /home/aurora/RM25/install/rm_robot_description/share/rm_robot_description/rviz/urdf_config.rviz
[0.152s] -- Up-to-date symlink: /home/aurora/RM25/install/rm_robot_description/share/rm_robot_description/launch/__pycache__/display.launch.cpython-310.pyc
[0.152s] -- Up-to-date symlink: /home/aurora/RM25/install/rm_robot_description/share/rm_robot_description/launch/__pycache__/rm_simulation.launch.cpython-310.pyc
[0.152s] -- Up-to-date symlink: /home/aurora/RM25/install/rm_robot_description/share/rm_robot_description/launch/__pycache__/robot.launch.cpython-310.pyc
[0.152s] -- Up-to-date symlink: /home/aurora/RM25/install/rm_robot_description/share/rm_robot_description/launch/__pycache__/robotv2.launch.cpython-310.pyc
[0.152s] -- Up-to-date symlink: /home/aurora/RM25/install/rm_robot_description/share/rm_robot_description/launch/build/.built_by
[0.152s] -- Up-to-date symlink: /home/aurora/RM25/install/rm_robot_description/share/rm_robot_description/launch/build/COLCON_IGNORE
[0.153s] -- Up-to-date symlink: /home/aurora/RM25/install/rm_robot_description/share/rm_robot_description/launch/display.launch.py
[0.153s] -- Up-to-date symlink: /home/aurora/RM25/install/rm_robot_description/share/rm_robot_description/launch/install/.colcon_install_layout
[0.153s] -- Up-to-date symlink: /home/aurora/RM25/install/rm_robot_description/share/rm_robot_description/launch/install/COLCON_IGNORE
[0.153s] -- Up-to-date symlink: /home/aurora/RM25/install/rm_robot_description/share/rm_robot_description/launch/install/_local_setup_util_ps1.py
[0.153s] -- Up-to-date symlink: /home/aurora/RM25/install/rm_robot_description/share/rm_robot_description/launch/install/_local_setup_util_sh.py
[0.153s] -- Up-to-date symlink: /home/aurora/RM25/install/rm_robot_description/share/rm_robot_description/launch/install/local_setup.bash
[0.153s] -- Up-to-date symlink: /home/aurora/RM25/install/rm_robot_description/share/rm_robot_description/launch/install/local_setup.ps1
[0.153s] -- Up-to-date symlink: /home/aurora/RM25/install/rm_robot_description/share/rm_robot_description/launch/install/local_setup.sh
[0.153s] -- Up-to-date symlink: /home/aurora/RM25/install/rm_robot_description/share/rm_robot_description/launch/install/local_setup.zsh
[0.153s] -- Up-to-date symlink: /home/aurora/RM25/install/rm_robot_description/share/rm_robot_description/launch/install/setup.bash
[0.153s] -- Up-to-date symlink: /home/aurora/RM25/install/rm_robot_description/share/rm_robot_description/launch/install/setup.ps1
[0.153s] -- Up-to-date symlink: /home/aurora/RM25/install/rm_robot_description/share/rm_robot_description/launch/install/setup.sh
[0.153s] -- Up-to-date symlink: /home/aurora/RM25/install/rm_robot_description/share/rm_robot_description/launch/install/setup.zsh
[0.154s] -- Up-to-date symlink: /home/aurora/RM25/install/rm_robot_description/share/rm_robot_description/launch/log/COLCON_IGNORE
[0.154s] -- Up-to-date symlink: /home/aurora/RM25/install/rm_robot_description/share/rm_robot_description/launch/log/build_2024-11-12_20-59-25/events.log
[0.154s] -- Up-to-date symlink: /home/aurora/RM25/install/rm_robot_description/share/rm_robot_description/launch/log/build_2024-11-12_20-59-25/logger_all.log
[0.154s] -- Up-to-date symlink: /home/aurora/RM25/install/rm_robot_description/share/rm_robot_description/launch/log/build_2024-11-14_12-02-55/events.log
[0.154s] -- Up-to-date symlink: /home/aurora/RM25/install/rm_robot_description/share/rm_robot_description/launch/log/build_2024-11-14_12-02-55/logger_all.log
[0.154s] -- Up-to-date symlink: /home/aurora/RM25/install/rm_robot_description/share/rm_robot_description/launch/log/latest/events.log
[0.154s] -- Up-to-date symlink: /home/aurora/RM25/install/rm_robot_description/share/rm_robot_description/launch/log/latest/logger_all.log
[0.154s] -- Up-to-date symlink: /home/aurora/RM25/install/rm_robot_description/share/rm_robot_description/launch/log/latest_build/events.log
[0.154s] -- Up-to-date symlink: /home/aurora/RM25/install/rm_robot_description/share/rm_robot_description/launch/log/latest_build/logger_all.log
[0.154s] -- Up-to-date symlink: /home/aurora/RM25/install/rm_robot_description/share/rm_robot_description/launch/rm_simulation.launch.py
[0.154s] -- Up-to-date symlink: /home/aurora/RM25/install/rm_robot_description/share/rm_robot_description/launch/robot.launch.py
[0.154s] -- Up-to-date symlink: /home/aurora/RM25/install/rm_robot_description/share/rm_robot_description/launch/robotv2.launch.py
[0.154s] -- Up-to-date symlink: /home/aurora/RM25/install/rm_robot_description/share/rm_robot_description/meshes/RMUC_2024.stl
[0.155s] -- Up-to-date symlink: /home/aurora/RM25/install/rm_robot_description/share/rm_robot_description/meshes/RMUL_2024.stl
[0.155s] -- Up-to-date symlink: /home/aurora/RM25/install/rm_robot_description/share/rm_robot_description/meshes/base_link.STL
[0.155s] [33mCMake Warning (dev) at ament_cmake_symlink_install/ament_cmake_symlink_install.cmake:62 (file):
[0.155s]   Policy CMP0009 is not set: FILE GLOB_RECURSE calls should not follow
[0.155s]   symlinks by default.  Run "cmake --help-policy CMP0009" for policy details.
[0.155s]   Use the cmake_policy command to set the policy and suppress this warning.
[0.155s] Call Stack (most recent call first):
[0.155s]   ament_cmake_symlink_install/ament_cmake_symlink_install.cmake:323 (ament_cmake_symlink_install_directory)
[0.155s]   cmake_install.cmake:46 (include)
[0.155s] This warning is for project developers.  Use -Wno-dev to suppress it.
[0.155s] [0m
[0.156s] -- Up-to-date symlink: /home/aurora/RM25/install/rm_robot_description/share/rm_robot_description/meshes/controller_link.STL
[0.156s] -- Up-to-date symlink: /home/aurora/RM25/install/rm_robot_description/share/rm_robot_description/meshes/display.launch
[0.156s] -- Up-to-date symlink: /home/aurora/RM25/install/rm_robot_description/share/rm_robot_description/meshes/display.launch.py
[0.156s] -- Up-to-date symlink: /home/aurora/RM25/install/rm_robot_description/share/rm_robot_description/meshes/gazebo.launch
[0.156s] -- Up-to-date symlink: /home/aurora/RM25/install/rm_robot_description/share/rm_robot_description/meshes/gazebo.launch.py
[0.156s] -- Up-to-date symlink: /home/aurora/RM25/install/rm_robot_description/share/rm_robot_description/meshes/mid360.stl
[0.156s] -- Up-to-date symlink: /home/aurora/RM25/install/rm_robot_description/share/rm_robot_description/meshes/mid360laser_link.STL
[0.156s] -- Up-to-date symlink: /home/aurora/RM25/install/rm_robot_description/share/rm_robot_description/meshes/omniwheel1_link.STL
[0.156s] -- Up-to-date symlink: /home/aurora/RM25/install/rm_robot_description/share/rm_robot_description/meshes/omniwheel2_link.STL
[0.156s] -- Up-to-date symlink: /home/aurora/RM25/install/rm_robot_description/share/rm_robot_description/meshes/omniwheel3_link.STL
[0.156s] -- Up-to-date symlink: /home/aurora/RM25/install/rm_robot_description/share/rm_robot_description/meshes/omniwheel4_link.STL
[0.156s] -- Up-to-date symlink: /home/aurora/RM25/install/rm_robot_description/share/rm_robot_description/launch/__pycache__/display.launch.cpython-310.pyc
[0.156s] -- Up-to-date symlink: /home/aurora/RM25/install/rm_robot_description/share/rm_robot_description/launch/__pycache__/rm_simulation.launch.cpython-310.pyc
[0.157s] -- Up-to-date symlink: /home/aurora/RM25/install/rm_robot_description/share/rm_robot_description/launch/__pycache__/robot.launch.cpython-310.pyc
[0.157s] -- Up-to-date symlink: /home/aurora/RM25/install/rm_robot_description/share/rm_robot_description/launch/__pycache__/robotv2.launch.cpython-310.pyc
[0.157s] -- Up-to-date symlink: /home/aurora/RM25/install/rm_robot_description/share/rm_robot_description/launch/build/.built_by
[0.157s] -- Up-to-date symlink: /home/aurora/RM25/install/rm_robot_description/share/rm_robot_description/launch/build/COLCON_IGNORE
[0.157s] -- Up-to-date symlink: /home/aurora/RM25/install/rm_robot_description/share/rm_robot_description/launch/display.launch.py
[0.157s] -- Up-to-date symlink: /home/aurora/RM25/install/rm_robot_description/share/rm_robot_description/launch/install/.colcon_install_layout
[0.157s] -- Up-to-date symlink: /home/aurora/RM25/install/rm_robot_description/share/rm_robot_description/launch/install/COLCON_IGNORE
[0.157s] -- Up-to-date symlink: /home/aurora/RM25/install/rm_robot_description/share/rm_robot_description/launch/install/_local_setup_util_ps1.py
[0.157s] -- Up-to-date symlink: /home/aurora/RM25/install/rm_robot_description/share/rm_robot_description/launch/install/_local_setup_util_sh.py
[0.157s] -- Up-to-date symlink: /home/aurora/RM25/install/rm_robot_description/share/rm_robot_description/launch/install/local_setup.bash
[0.157s] -- Up-to-date symlink: /home/aurora/RM25/install/rm_robot_description/share/rm_robot_description/launch/install/local_setup.ps1
[0.157s] -- Up-to-date symlink: /home/aurora/RM25/install/rm_robot_description/share/rm_robot_description/launch/install/local_setup.sh
[0.157s] -- Up-to-date symlink: /home/aurora/RM25/install/rm_robot_description/share/rm_robot_description/launch/install/local_setup.zsh
[0.158s] -- Up-to-date symlink: /home/aurora/RM25/install/rm_robot_description/share/rm_robot_description/launch/install/setup.bash
[0.158s] -- Up-to-date symlink: /home/aurora/RM25/install/rm_robot_description/share/rm_robot_description/launch/install/setup.ps1
[0.158s] -- Up-to-date symlink: /home/aurora/RM25/install/rm_robot_description/share/rm_robot_description/launch/install/setup.sh
[0.158s] -- Up-to-date symlink: /home/aurora/RM25/install/rm_robot_description/share/rm_robot_description/launch/install/setup.zsh
[0.158s] -- Up-to-date symlink: /home/aurora/RM25/install/rm_robot_description/share/rm_robot_description/launch/log/COLCON_IGNORE
[0.158s] -- Up-to-date symlink: /home/aurora/RM25/install/rm_robot_description/share/rm_robot_description/launch/log/build_2024-11-12_20-59-25/events.log
[0.158s] -- Up-to-date symlink: /home/aurora/RM25/install/rm_robot_description/share/rm_robot_description/launch/log/build_2024-11-12_20-59-25/logger_all.log
[0.158s] -- Up-to-date symlink: /home/aurora/RM25/install/rm_robot_description/share/rm_robot_description/launch/log/build_2024-11-14_12-02-55/events.log
[0.158s] -- Up-to-date symlink: /home/aurora/RM25/install/rm_robot_description/share/rm_robot_description/launch/log/build_2024-11-14_12-02-55/logger_all.log
[0.158s] -- Up-to-date symlink: /home/aurora/RM25/install/rm_robot_description/share/rm_robot_description/launch/log/latest/events.log
[0.158s] -- Up-to-date symlink: /home/aurora/RM25/install/rm_robot_description/share/rm_robot_description/launch/log/latest/logger_all.log
[0.158s] -- Up-to-date symlink: /home/aurora/RM25/install/rm_robot_description/share/rm_robot_description/launch/log/latest_build/events.log
[0.158s] -- Up-to-date symlink: /home/aurora/RM25/install/rm_robot_description/share/rm_robot_description/launch/log/latest_build/logger_all.log
[0.159s] -- Up-to-date symlink: /home/aurora/RM25/install/rm_robot_description/share/rm_robot_description/launch/rm_simulation.launch.py
[0.159s] -- Up-to-date symlink: /home/aurora/RM25/install/rm_robot_description/share/rm_robot_description/launch/robot.launch.py
[0.159s] -- Up-to-date symlink: /home/aurora/RM25/install/rm_robot_description/share/rm_robot_description/launch/robotv2.launch.py
[0.159s] -- Up-to-date symlink: /home/aurora/RM25/install/rm_robot_description/share/rm_robot_description/urdf/four_omniwheel_robot.urdf
[0.159s] -- Up-to-date symlink: /home/aurora/RM25/install/rm_robot_description/share/rm_robot_description/urdf/mid360.xacro
[0.159s] -- Up-to-date symlink: /home/aurora/RM25/install/rm_robot_description/share/rm_robot_description/urdf/robot.urdf
[0.159s] -- Up-to-date symlink: /home/aurora/RM25/install/rm_robot_description/share/rm_robot_description/urdf/robot.urdf.xacro
[0.159s] -- Up-to-date symlink: /home/aurora/RM25/install/rm_robot_description/share/rm_robot_description/urdf/sim_robot.urdf
[0.159s] -- Up-to-date symlink: /home/aurora/RM25/install/rm_robot_description/share/rm_robot_description/urdf/simulation.urdf
[0.159s] -- Up-to-date symlink: /home/aurora/RM25/install/rm_robot_description/share/rm_robot_description/urdf/simulation_robot.xacro
[0.159s] -- Up-to-date symlink: /home/aurora/RM25/install/rm_robot_description/share/rm_robot_description/meshes/RMUC_2024.stl
[0.159s] -- Up-to-date symlink: /home/aurora/RM25/install/rm_robot_description/share/rm_robot_description/meshes/RMUL_2024.stl
[0.159s] -- Up-to-date symlink: /home/aurora/RM25/install/rm_robot_description/share/rm_robot_description/meshes/base_link.STL
[0.159s] -- Up-to-date symlink: /home/aurora/RM25/install/rm_robot_description/share/rm_robot_description/meshes/controller_link.STL
[0.160s] -- Up-to-date symlink: /home/aurora/RM25/install/rm_robot_description/share/rm_robot_description/meshes/display.launch
[0.160s] -- Up-to-date symlink: /home/aurora/RM25/install/rm_robot_description/share/rm_robot_description/meshes/display.launch.py
[0.160s] -- Up-to-date symlink: /home/aurora/RM25/install/rm_robot_description/share/rm_robot_description/meshes/gazebo.launch
[0.160s] -- Up-to-date symlink: /home/aurora/RM25/install/rm_robot_description/share/rm_robot_description/meshes/gazebo.launch.py
[0.160s] -- Up-to-date symlink: /home/aurora/RM25/install/rm_robot_description/share/rm_robot_description/meshes/mid360.stl
[0.160s] -- Up-to-date symlink: /home/aurora/RM25/install/rm_robot_description/share/rm_robot_description/meshes/mid360laser_link.STL
[0.160s] -- Up-to-date symlink: /home/aurora/RM25/install/rm_robot_description/share/rm_robot_description/meshes/omniwheel1_link.STL
[0.160s] -- Up-to-date symlink: /home/aurora/RM25/install/rm_robot_description/share/rm_robot_description/meshes/omniwheel2_link.STL
[0.160s] -- Up-to-date symlink: /home/aurora/RM25/install/rm_robot_description/share/rm_robot_description/meshes/omniwheel3_link.STL
[0.160s] -- Up-to-date symlink: /home/aurora/RM25/install/rm_robot_description/share/rm_robot_description/meshes/omniwheel4_link.STL
[0.160s] -- Up-to-date symlink: /home/aurora/RM25/install/rm_robot_description/share/rm_robot_description/world/25UL/RMUL25.world
[0.160s] -- Up-to-date symlink: /home/aurora/RM25/install/rm_robot_description/share/rm_robot_description/world/25UL/model.config
[0.160s] -- Up-to-date symlink: /home/aurora/RM25/install/rm_robot_description/share/rm_robot_description/world/25UL/model.sdf
[0.160s] -- Up-to-date symlink: /home/aurora/RM25/install/rm_robot_description/share/rm_robot_description/world/RMUL25.world
[0.160s] -- Up-to-date symlink: /home/aurora/RM25/install/rm_robot_description/share/rm_robot_description/world/my_world.world
[0.160s] -- Up-to-date symlink: /home/aurora/RM25/install/rm_robot_description/share/rm_robot_description/world/rmul/RMUL25.world
[0.160s] -- Up-to-date symlink: /home/aurora/RM25/install/rm_robot_description/share/rm_robot_description/world/rmul/model.config
[0.160s] -- Up-to-date symlink: /home/aurora/RM25/install/rm_robot_description/share/rm_robot_description/world/rmul/model.sdf
[0.160s] -- Up-to-date symlink: /home/aurora/RM25/install/rm_robot_description/share/rm_robot_description/rviz/fastlio.rviz
[0.160s] -- Up-to-date symlink: /home/aurora/RM25/install/rm_robot_description/share/rm_robot_description/rviz/rviz2.rviz
[0.160s] -- Up-to-date symlink: /home/aurora/RM25/install/rm_robot_description/share/rm_robot_description/rviz/urdf_config.rviz
[0.160s] -- Up-to-date symlink: /home/aurora/RM25/install/rm_robot_description/share/rm_robot_description/xacro/four_omniwheel_robot.xacro
[0.160s] -- Up-to-date symlink: /home/aurora/RM25/install/rm_robot_description/share/rm_robot_description/xacro/livox_mid360.xacro
[0.160s] -- Up-to-date symlink: /home/aurora/RM25/install/rm_robot_description/share/rm_robot_description/xacro/mid360.xacro
[0.160s] -- Up-to-date symlink: /home/aurora/RM25/install/rm_robot_description/share/rm_robot_description/xacro/simulation_robot.xacro
[0.160s] -- Up-to-date symlink: /home/aurora/RM25/install/rm_robot_description/share/ament_index/resource_index/package_run_dependencies/rm_robot_description
[0.160s] -- Up-to-date symlink: /home/aurora/RM25/install/rm_robot_description/share/ament_index/resource_index/parent_prefix_path/rm_robot_description
[0.160s] -- Up-to-date symlink: /home/aurora/RM25/install/rm_robot_description/share/rm_robot_description/environment/ament_prefix_path.sh
[0.160s] -- Up-to-date symlink: /home/aurora/RM25/install/rm_robot_description/share/rm_robot_description/environment/ament_prefix_path.dsv
[0.161s] -- Up-to-date symlink: /home/aurora/RM25/install/rm_robot_description/share/rm_robot_description/environment/path.sh
[0.161s] -- Up-to-date symlink: /home/aurora/RM25/install/rm_robot_description/share/rm_robot_description/environment/path.dsv
[0.161s] -- Up-to-date symlink: /home/aurora/RM25/install/rm_robot_description/share/rm_robot_description/local_setup.bash
[0.161s] -- Up-to-date symlink: /home/aurora/RM25/install/rm_robot_description/share/rm_robot_description/local_setup.sh
[0.161s] -- Up-to-date symlink: /home/aurora/RM25/install/rm_robot_description/share/rm_robot_description/local_setup.zsh
[0.161s] -- Up-to-date symlink: /home/aurora/RM25/install/rm_robot_description/share/rm_robot_description/local_setup.dsv
[0.161s] -- Symlinking: /home/aurora/RM25/install/rm_robot_description/share/rm_robot_description/package.dsv
[0.163s] -- Up-to-date symlink: /home/aurora/RM25/install/rm_robot_description/share/ament_index/resource_index/packages/rm_robot_description
[0.163s] -- Up-to-date symlink: /home/aurora/RM25/install/rm_robot_description/share/rm_robot_description/cmake/ament_cmake_export_dependencies-extras.cmake
[0.163s] -- Up-to-date symlink: /home/aurora/RM25/install/rm_robot_description/share/rm_robot_description/cmake/rm_robot_descriptionConfig.cmake
[0.163s] -- Up-to-date symlink: /home/aurora/RM25/install/rm_robot_description/share/rm_robot_description/cmake/rm_robot_descriptionConfig-version.cmake
[0.163s] -- Up-to-date symlink: /home/aurora/RM25/install/rm_robot_description/share/rm_robot_description/package.xml
[0.164s] Invoked command in '/home/aurora/RM25/build/rm_robot_description' returned '0': CMAKE_PREFIX_PATH=${CMAKE_PREFIX_PATH}:/home/aurora/ws_helloworld/install/pkg02_helloworld_py:/opt/ros/humble /usr/bin/cmake --install /home/aurora/RM25/build/rm_robot_description
