[0.717s] Invoking command in '/home/aurora/RM25/build/costmap_queue': AMENT_PREFIX_PATH=/home/aurora/RM25/install/nav2_costmap_2d:/home/aurora/RM25/install/nav2_map_server:/home/aurora/RM25/install/nav2_lifecycle_manager:/home/aurora/RM25/install/nav2_util:/home/aurora/RM25/install/nav2_voxel_grid:/home/aurora/RM25/install/nav2_common:${AMENT_PREFIX_PATH} CMAKE_PREFIX_PATH=/home/aurora/RM25/install/nav2_costmap_2d:/home/aurora/RM25/install/nav2_map_server:/home/aurora/RM25/install/nav2_lifecycle_manager:/home/aurora/RM25/install/nav2_util:/home/aurora/RM25/install/nav2_voxel_grid:/home/aurora/RM25/install/nav2_msgs:/home/aurora/RM25/install/nav2_common:/home/aurora/RM25/install/rm_robot_description:/home/aurora/RM25/install/nav2_bringup:/home/aurora/RM25/install/four_omniwheel_robot:/home/aurora/ws_helloworld/install/pkg01_helloworld_cpp:/home/aurora/ws_helloworld/install/learning_tf2_cpp:/home/aurora/ws_helloworld/install/pkg02_helloworld_py:/opt/ros/humble LD_LIBRARY_PATH=/home/aurora/RM25/install/nav2_costmap_2d/lib:/home/aurora/RM25/install/nav2_map_server/lib:/home/aurora/RM25/install/nav2_lifecycle_manager/lib:/home/aurora/RM25/install/nav2_util/lib:/home/aurora/RM25/install/nav2_voxel_grid/lib:${LD_LIBRARY_PATH} PYTHONPATH=/home/aurora/RM25/install/nav2_common/local/lib/python3.10/dist-packages:${PYTHONPATH} /usr/bin/cmake /home/aurora/RM25/src/rm_navigation2/nav2_dwb_controller/costmap_queue -DAMENT_CMAKE_SYMLINK_INSTALL=1 -DCMAKE_INSTALL_PREFIX=/home/aurora/RM25/install/costmap_queue
[0.889s] -- The C compiler identification is GNU 11.4.0
[1.807s] -- The CXX compiler identification is GNU 11.4.0
[2.437s] -- Detecting C compiler ABI info
[2.676s] -- Detecting C compiler ABI info - done
[2.680s] -- Check for working C compiler: /usr/bin/cc - skipped
[2.681s] -- Detecting C compile features
[2.681s] -- Detecting C compile features - done
[2.684s] -- Detecting CXX compiler ABI info
[2.873s] -- Detecting CXX compiler ABI info - done
[2.877s] -- Check for working CXX compiler: /usr/bin/c++ - skipped
[2.877s] -- Detecting CXX compile features
[2.877s] -- Detecting CXX compile features - done
[2.888s] -- Found ament_cmake: 1.3.10 (/opt/ros/humble/share/ament_cmake/cmake)
[3.014s] -- Found Python3: /usr/bin/python3 (found version "3.10.12") found components: Interpreter 
[3.082s] -- Override CMake install command with custom implementation using symlinks instead of copying resources
[3.114s] -- Found nav2_common: 1.1.16 (/opt/ros/humble/share/nav2_common/cmake)
[3.115s] -- Found nav2_costmap_2d: 1.1.17 (/home/aurora/RM25/install/nav2_costmap_2d/share/nav2_costmap_2d/cmake)
[3.408s] -- Found rosidl_generator_c: 3.1.5 (/opt/ros/humble/share/rosidl_generator_c/cmake)
[3.414s] -- Found rosidl_adapter: 3.1.5 (/opt/ros/humble/share/rosidl_adapter/cmake)
[3.424s] -- Found rosidl_generator_cpp: 3.1.5 (/opt/ros/humble/share/rosidl_generator_cpp/cmake)
[3.442s] -- Using all available rosidl_typesupport_c: rosidl_typesupport_fastrtps_c;rosidl_typesupport_introspection_c
[3.461s] -- Using all available rosidl_typesupport_cpp: rosidl_typesupport_fastrtps_cpp;rosidl_typesupport_introspection_cpp
[3.551s] -- Found rmw_implementation_cmake: 6.1.2 (/opt/ros/humble/share/rmw_implementation_cmake/cmake)
[3.555s] -- Found rmw_fastrtps_cpp: 6.2.7 (/opt/ros/humble/share/rmw_fastrtps_cpp/cmake)
[4.784s] -- Found OpenSSL: /usr/lib/x86_64-linux-gnu/libcrypto.so (found version "3.0.2")  
[5.939s] -- Found FastRTPS: /opt/ros/humble/include  
[11.315s] -- Using RMW implementation 'rmw_fastrtps_cpp' as default
[11.320s] -- Looking for pthread.h
[11.558s] -- Looking for pthread.h - found
[11.558s] -- Performing Test CMAKE_HAVE_LIBC_PTHREAD
[11.768s] -- Performing Test CMAKE_HAVE_LIBC_PTHREAD - Success
[11.768s] -- Found Threads: TRUE  
[12.034s] -- Found Eigen3: TRUE (found version "3.4.0") 
[12.035s] -- Ensuring Eigen3 include directory is part of orocos-kdl CMake target
[15.194s] -- Setting build type to Release as none was specified.
[15.199s] -- Found ament_lint_auto: 0.12.11 (/opt/ros/humble/share/ament_lint_auto/cmake)
[15.294s] -- Found gtest sources under '/opt/ros/humble/src/gtest_vendor': C++ tests using 'Google Test' will be built
[15.319s] -- Added test 'cppcheck' to perform static code analysis on C / C++ code
[15.320s] -- Configured cppcheck include dirs: /home/aurora/RM25/src/rm_navigation2/nav2_dwb_controller/costmap_queue/include
[15.320s] -- Configured cppcheck exclude dirs and/or files: 
[15.324s] -- Added test 'cpplint' to check C / C++ code against the Google style
[15.324s] -- Configured cpplint exclude dirs and/or files: 
[15.325s] -- Added test 'lint_cmake' to check CMake code style
[15.327s] -- Added test 'uncrustify' to check C / C++ code style
[15.327s] -- Configured uncrustify additional arguments: 
[15.329s] -- Added test 'xmllint' to check XML markup files
[15.334s] -- Configuring done
[15.445s] -- Generating done
[15.448s] -- Build files have been written to: /home/aurora/RM25/build/costmap_queue
[15.472s] Invoked command in '/home/aurora/RM25/build/costmap_queue' returned '0': AMENT_PREFIX_PATH=/home/aurora/RM25/install/nav2_costmap_2d:/home/aurora/RM25/install/nav2_map_server:/home/aurora/RM25/install/nav2_lifecycle_manager:/home/aurora/RM25/install/nav2_util:/home/aurora/RM25/install/nav2_voxel_grid:/home/aurora/RM25/install/nav2_common:${AMENT_PREFIX_PATH} CMAKE_PREFIX_PATH=/home/aurora/RM25/install/nav2_costmap_2d:/home/aurora/RM25/install/nav2_map_server:/home/aurora/RM25/install/nav2_lifecycle_manager:/home/aurora/RM25/install/nav2_util:/home/aurora/RM25/install/nav2_voxel_grid:/home/aurora/RM25/install/nav2_msgs:/home/aurora/RM25/install/nav2_common:/home/aurora/RM25/install/rm_robot_description:/home/aurora/RM25/install/nav2_bringup:/home/aurora/RM25/install/four_omniwheel_robot:/home/aurora/ws_helloworld/install/pkg01_helloworld_cpp:/home/aurora/ws_helloworld/install/learning_tf2_cpp:/home/aurora/ws_helloworld/install/pkg02_helloworld_py:/opt/ros/humble LD_LIBRARY_PATH=/home/aurora/RM25/install/nav2_costmap_2d/lib:/home/aurora/RM25/install/nav2_map_server/lib:/home/aurora/RM25/install/nav2_lifecycle_manager/lib:/home/aurora/RM25/install/nav2_util/lib:/home/aurora/RM25/install/nav2_voxel_grid/lib:${LD_LIBRARY_PATH} PYTHONPATH=/home/aurora/RM25/install/nav2_common/local/lib/python3.10/dist-packages:${PYTHONPATH} /usr/bin/cmake /home/aurora/RM25/src/rm_navigation2/nav2_dwb_controller/costmap_queue -DAMENT_CMAKE_SYMLINK_INSTALL=1 -DCMAKE_INSTALL_PREFIX=/home/aurora/RM25/install/costmap_queue
[15.475s] Invoking command in '/home/aurora/RM25/build/costmap_queue': AMENT_PREFIX_PATH=/home/aurora/RM25/install/nav2_costmap_2d:/home/aurora/RM25/install/nav2_map_server:/home/aurora/RM25/install/nav2_lifecycle_manager:/home/aurora/RM25/install/nav2_util:/home/aurora/RM25/install/nav2_voxel_grid:/home/aurora/RM25/install/nav2_common:${AMENT_PREFIX_PATH} CMAKE_PREFIX_PATH=/home/aurora/RM25/install/nav2_costmap_2d:/home/aurora/RM25/install/nav2_map_server:/home/aurora/RM25/install/nav2_lifecycle_manager:/home/aurora/RM25/install/nav2_util:/home/aurora/RM25/install/nav2_voxel_grid:/home/aurora/RM25/install/nav2_msgs:/home/aurora/RM25/install/nav2_common:/home/aurora/RM25/install/rm_robot_description:/home/aurora/RM25/install/nav2_bringup:/home/aurora/RM25/install/four_omniwheel_robot:/home/aurora/ws_helloworld/install/pkg01_helloworld_cpp:/home/aurora/ws_helloworld/install/learning_tf2_cpp:/home/aurora/ws_helloworld/install/pkg02_helloworld_py:/opt/ros/humble LD_LIBRARY_PATH=/home/aurora/RM25/install/nav2_costmap_2d/lib:/home/aurora/RM25/install/nav2_map_server/lib:/home/aurora/RM25/install/nav2_lifecycle_manager/lib:/home/aurora/RM25/install/nav2_util/lib:/home/aurora/RM25/install/nav2_voxel_grid/lib:${LD_LIBRARY_PATH} PYTHONPATH=/home/aurora/RM25/install/nav2_common/local/lib/python3.10/dist-packages:${PYTHONPATH} /usr/bin/cmake --build /home/aurora/RM25/build/costmap_queue -- -j20 -l20
[15.531s] [  9%] [32mBuilding CXX object CMakeFiles/costmap_queue.dir/src/limited_costmap_queue.cpp.o[0m
[15.532s] [ 18%] [32mBuilding CXX object gtest/CMakeFiles/gtest.dir/src/gtest-all.cc.o[0m
[15.532s] [ 27%] [32mBuilding CXX object gtest/CMakeFiles/gtest_main.dir/src/gtest_main.cc.o[0m
[15.533s] [ 36%] [32mBuilding CXX object CMakeFiles/costmap_queue.dir/src/costmap_queue.cpp.o[0m
[16.692s] [ 45%] [32m[1mLinking CXX static library libgtest_main.a[0m
[16.733s] [ 45%] Built target gtest_main
[17.020s] [ 54%] [32m[1mLinking CXX shared library libcostmap_queue.so[0m
[17.517s] [ 54%] Built target costmap_queue
[24.539s] [ 63%] [32m[1mLinking CXX static library libgtest.a[0m
[24.571s] [ 63%] Built target gtest
[24.590s] [ 81%] [32mBuilding CXX object CMakeFiles/mbq_test.dir/test/mbq_test.cpp.o[0m
[24.591s] [ 81%] [32mBuilding CXX object CMakeFiles/utest.dir/test/utest.cpp.o[0m
[26.432s] [ 90%] [32m[1mLinking CXX executable mbq_test[0m
[27.718s] [ 90%] Built target mbq_test
[29.145s] [100%] [32m[1mLinking CXX executable utest[0m
[29.650s] [100%] Built target utest
[29.658s] Invoked command in '/home/aurora/RM25/build/costmap_queue' returned '0': AMENT_PREFIX_PATH=/home/aurora/RM25/install/nav2_costmap_2d:/home/aurora/RM25/install/nav2_map_server:/home/aurora/RM25/install/nav2_lifecycle_manager:/home/aurora/RM25/install/nav2_util:/home/aurora/RM25/install/nav2_voxel_grid:/home/aurora/RM25/install/nav2_common:${AMENT_PREFIX_PATH} CMAKE_PREFIX_PATH=/home/aurora/RM25/install/nav2_costmap_2d:/home/aurora/RM25/install/nav2_map_server:/home/aurora/RM25/install/nav2_lifecycle_manager:/home/aurora/RM25/install/nav2_util:/home/aurora/RM25/install/nav2_voxel_grid:/home/aurora/RM25/install/nav2_msgs:/home/aurora/RM25/install/nav2_common:/home/aurora/RM25/install/rm_robot_description:/home/aurora/RM25/install/nav2_bringup:/home/aurora/RM25/install/four_omniwheel_robot:/home/aurora/ws_helloworld/install/pkg01_helloworld_cpp:/home/aurora/ws_helloworld/install/learning_tf2_cpp:/home/aurora/ws_helloworld/install/pkg02_helloworld_py:/opt/ros/humble LD_LIBRARY_PATH=/home/aurora/RM25/install/nav2_costmap_2d/lib:/home/aurora/RM25/install/nav2_map_server/lib:/home/aurora/RM25/install/nav2_lifecycle_manager/lib:/home/aurora/RM25/install/nav2_util/lib:/home/aurora/RM25/install/nav2_voxel_grid/lib:${LD_LIBRARY_PATH} PYTHONPATH=/home/aurora/RM25/install/nav2_common/local/lib/python3.10/dist-packages:${PYTHONPATH} /usr/bin/cmake --build /home/aurora/RM25/build/costmap_queue -- -j20 -l20
[29.679s] Invoking command in '/home/aurora/RM25/build/costmap_queue': AMENT_PREFIX_PATH=/home/aurora/RM25/install/nav2_costmap_2d:/home/aurora/RM25/install/nav2_map_server:/home/aurora/RM25/install/nav2_lifecycle_manager:/home/aurora/RM25/install/nav2_util:/home/aurora/RM25/install/nav2_voxel_grid:/home/aurora/RM25/install/nav2_common:${AMENT_PREFIX_PATH} CMAKE_PREFIX_PATH=/home/aurora/RM25/install/nav2_costmap_2d:/home/aurora/RM25/install/nav2_map_server:/home/aurora/RM25/install/nav2_lifecycle_manager:/home/aurora/RM25/install/nav2_util:/home/aurora/RM25/install/nav2_voxel_grid:/home/aurora/RM25/install/nav2_msgs:/home/aurora/RM25/install/nav2_common:/home/aurora/RM25/install/rm_robot_description:/home/aurora/RM25/install/nav2_bringup:/home/aurora/RM25/install/four_omniwheel_robot:/home/aurora/ws_helloworld/install/pkg01_helloworld_cpp:/home/aurora/ws_helloworld/install/learning_tf2_cpp:/home/aurora/ws_helloworld/install/pkg02_helloworld_py:/opt/ros/humble LD_LIBRARY_PATH=/home/aurora/RM25/install/nav2_costmap_2d/lib:/home/aurora/RM25/install/nav2_map_server/lib:/home/aurora/RM25/install/nav2_lifecycle_manager/lib:/home/aurora/RM25/install/nav2_util/lib:/home/aurora/RM25/install/nav2_voxel_grid/lib:${LD_LIBRARY_PATH} PYTHONPATH=/home/aurora/RM25/install/nav2_common/local/lib/python3.10/dist-packages:${PYTHONPATH} /usr/bin/cmake --install /home/aurora/RM25/build/costmap_queue
[44.338s] -- Install configuration: "Release"
[44.344s] -- Execute custom install script
[44.346s] -- Symlinking: /home/aurora/RM25/install/costmap_queue/lib/libcostmap_queue.so
[44.347s] -- Symlinking: /home/aurora/RM25/install/costmap_queue/include//costmap_queue/costmap_queue.hpp
[44.347s] -- Symlinking: /home/aurora/RM25/install/costmap_queue/include//costmap_queue/limited_costmap_queue.hpp
[44.347s] -- Symlinking: /home/aurora/RM25/install/costmap_queue/include//costmap_queue/map_based_queue.hpp
[44.347s] -- Symlinking: /home/aurora/RM25/install/costmap_queue/share/costmap_queue/environment/library_path.sh
[44.348s] -- Symlinking: /home/aurora/RM25/install/costmap_queue/share/costmap_queue/environment/library_path.dsv
[44.349s] -- Symlinking: /home/aurora/RM25/install/costmap_queue/share/ament_index/resource_index/package_run_dependencies/costmap_queue
[44.350s] -- Symlinking: /home/aurora/RM25/install/costmap_queue/share/ament_index/resource_index/parent_prefix_path/costmap_queue
[44.351s] -- Symlinking: /home/aurora/RM25/install/costmap_queue/share/costmap_queue/environment/ament_prefix_path.sh
[44.351s] -- Symlinking: /home/aurora/RM25/install/costmap_queue/share/costmap_queue/environment/ament_prefix_path.dsv
[44.351s] -- Symlinking: /home/aurora/RM25/install/costmap_queue/share/costmap_queue/environment/path.sh
[44.351s] -- Symlinking: /home/aurora/RM25/install/costmap_queue/share/costmap_queue/environment/path.dsv
[44.352s] -- Symlinking: /home/aurora/RM25/install/costmap_queue/share/costmap_queue/local_setup.bash
[44.352s] -- Symlinking: /home/aurora/RM25/install/costmap_queue/share/costmap_queue/local_setup.sh
[44.352s] -- Symlinking: /home/aurora/RM25/install/costmap_queue/share/costmap_queue/local_setup.zsh
[44.352s] -- Symlinking: /home/aurora/RM25/install/costmap_queue/share/costmap_queue/local_setup.dsv
[44.352s] -- Symlinking: /home/aurora/RM25/install/costmap_queue/share/costmap_queue/package.dsv
[44.353s] -- Symlinking: /home/aurora/RM25/install/costmap_queue/share/ament_index/resource_index/packages/costmap_queue
[44.353s] -- Symlinking: /home/aurora/RM25/install/costmap_queue/share/costmap_queue/cmake/ament_cmake_export_include_directories-extras.cmake
[44.354s] -- Symlinking: /home/aurora/RM25/install/costmap_queue/share/costmap_queue/cmake/ament_cmake_export_libraries-extras.cmake
[44.354s] -- Symlinking: /home/aurora/RM25/install/costmap_queue/share/costmap_queue/cmake/costmap_queueConfig.cmake
[44.354s] -- Symlinking: /home/aurora/RM25/install/costmap_queue/share/costmap_queue/cmake/costmap_queueConfig-version.cmake
[44.354s] -- Symlinking: /home/aurora/RM25/install/costmap_queue/share/costmap_queue/package.xml
[44.357s] Invoked command in '/home/aurora/RM25/build/costmap_queue' returned '0': AMENT_PREFIX_PATH=/home/aurora/RM25/install/nav2_costmap_2d:/home/aurora/RM25/install/nav2_map_server:/home/aurora/RM25/install/nav2_lifecycle_manager:/home/aurora/RM25/install/nav2_util:/home/aurora/RM25/install/nav2_voxel_grid:/home/aurora/RM25/install/nav2_common:${AMENT_PREFIX_PATH} CMAKE_PREFIX_PATH=/home/aurora/RM25/install/nav2_costmap_2d:/home/aurora/RM25/install/nav2_map_server:/home/aurora/RM25/install/nav2_lifecycle_manager:/home/aurora/RM25/install/nav2_util:/home/aurora/RM25/install/nav2_voxel_grid:/home/aurora/RM25/install/nav2_msgs:/home/aurora/RM25/install/nav2_common:/home/aurora/RM25/install/rm_robot_description:/home/aurora/RM25/install/nav2_bringup:/home/aurora/RM25/install/four_omniwheel_robot:/home/aurora/ws_helloworld/install/pkg01_helloworld_cpp:/home/aurora/ws_helloworld/install/learning_tf2_cpp:/home/aurora/ws_helloworld/install/pkg02_helloworld_py:/opt/ros/humble LD_LIBRARY_PATH=/home/aurora/RM25/install/nav2_costmap_2d/lib:/home/aurora/RM25/install/nav2_map_server/lib:/home/aurora/RM25/install/nav2_lifecycle_manager/lib:/home/aurora/RM25/install/nav2_util/lib:/home/aurora/RM25/install/nav2_voxel_grid/lib:${LD_LIBRARY_PATH} PYTHONPATH=/home/aurora/RM25/install/nav2_common/local/lib/python3.10/dist-packages:${PYTHONPATH} /usr/bin/cmake --install /home/aurora/RM25/build/costmap_queue
