running develop
/usr/lib/python3/dist-packages/setuptools/command/easy_install.py:158: EasyInstallDeprecationWarning: easy_install command is deprecated. Use build and pip and other standards-based tools.
  warnings.warn(
running egg_info
writing nav2_simple_commander.egg-info/PKG-INFO
writing dependency_links to nav2_simple_commander.egg-info/dependency_links.txt
writing entry points to nav2_simple_commander.egg-info/entry_points.txt
writing requirements to nav2_simple_commander.egg-info/requires.txt
writing top-level names to nav2_simple_commander.egg-info/top_level.txt
reading manifest file 'nav2_simple_commander.egg-info/SOURCES.txt'
writing manifest file 'nav2_simple_commander.egg-info/SOURCES.txt'
running build_ext
Creating /home/aurora/RM25/install/nav2_simple_commander/lib/python3.10/site-packages/nav2-simple-commander.egg-link (link to .)
Installing demo_inspection script to /home/aurora/RM25/install/nav2_simple_commander/lib/nav2_simple_commander
Installing demo_picking script to /home/aurora/RM25/install/nav2_simple_commander/lib/nav2_simple_commander
Installing demo_recoveries script to /home/aurora/RM25/install/nav2_simple_commander/lib/nav2_simple_commander
Installing demo_security script to /home/aurora/RM25/install/nav2_simple_commander/lib/nav2_simple_commander
Installing example_assisted_teleop script to /home/aurora/RM25/install/nav2_simple_commander/lib/nav2_simple_commander
Installing example_follow_path script to /home/aurora/RM25/install/nav2_simple_commander/lib/nav2_simple_commander
Installing example_nav_through_poses script to /home/aurora/RM25/install/nav2_simple_commander/lib/nav2_simple_commander
Installing example_nav_to_pose script to /home/aurora/RM25/install/nav2_simple_commander/lib/nav2_simple_commander
Installing example_waypoint_follower script to /home/aurora/RM25/install/nav2_simple_commander/lib/nav2_simple_commander

Installed /home/aurora/RM25/build/nav2_simple_commander
running symlink_data
