[0.861s] Invoking command in '/home/aurora/RM25/build/nav2_simple_commander': CMAKE_PREFIX_PATH=/home/aurora/RM25/install/nav2_msgs:/home/aurora/RM25/install/nav2_common:/home/aurora/RM25/install/rm_robot_description:/home/aurora/RM25/install/opennav_docking_core:/home/aurora/RM25/install/nav_2d_utils:/home/aurora/RM25/install/dwb_msgs:/home/aurora/RM25/install/nav_2d_msgs:/home/aurora/RM25/install/nav2_core:/home/aurora/RM25/install/costmap_queue:/home/aurora/RM25/install/nav2_costmap_2d:/home/aurora/RM25/install/nav2_voxel_grid:/home/aurora/RM25/install/nav2_velocity_smoother:/home/aurora/RM25/install/nav2_rviz_plugins:/home/aurora/RM25/install/nav2_map_server:/home/aurora/RM25/install/nav2_lifecycle_manager:/home/aurora/RM25/install/nav2_behavior_tree:/home/aurora/RM25/install/nav2_amcl:/home/aurora/RM25/install/nav2_util:/home/aurora/ws_helloworld/install/pkg01_helloworld_cpp:/home/aurora/ws_helloworld/install/learning_tf2_cpp LD_LIBRARY_PATH=/home/aurora/RM25/install/nav2_msgs/lib:/home/aurora/RM25/install/nav_2d_utils/lib:/home/aurora/RM25/install/dwb_msgs/lib:/home/aurora/RM25/install/nav_2d_msgs/lib:/home/aurora/RM25/install/costmap_queue/lib:/home/aurora/RM25/install/nav2_costmap_2d/lib:/home/aurora/RM25/install/nav2_voxel_grid/lib:/home/aurora/RM25/install/nav2_velocity_smoother/lib:/home/aurora/RM25/install/nav2_rviz_plugins/lib:/home/aurora/RM25/install/nav2_map_server/lib:/home/aurora/RM25/install/nav2_lifecycle_manager/lib:/home/aurora/RM25/install/nav2_behavior_tree/lib:/home/aurora/RM25/install/nav2_amcl/lib:/home/aurora/RM25/install/nav2_util/lib:/usr/lib/x86_64-linux-gnu/gazebo-11/plugins:/opt/ros/humble/opt/rviz_ogre_vendor/lib:/opt/ros/humble/lib/x86_64-linux-gnu:/opt/ros/humble/lib PYTHONPATH=/home/aurora/RM25/build/nav2_simple_commander/prefix_override:/usr/lib/python3/dist-packages/colcon_core/task/python/colcon_distutils_commands:/home/aurora/RM25/install/nav2_simple_commander/lib/python3.10/site-packages:${PYTHONPATH} /usr/bin/python3 -W ignore:setup.py install is deprecated setup.py develop --editable --build-directory /home/aurora/RM25/build/nav2_simple_commander/build --no-deps symlink_data
[1.114s] running develop
[1.114s] /usr/lib/python3/dist-packages/setuptools/command/easy_install.py:158: EasyInstallDeprecationWarning: easy_install command is deprecated. Use build and pip and other standards-based tools.
[1.115s]   warnings.warn(
[1.260s] running egg_info
[1.261s] writing nav2_simple_commander.egg-info/PKG-INFO
[1.261s] writing dependency_links to nav2_simple_commander.egg-info/dependency_links.txt
[1.261s] writing entry points to nav2_simple_commander.egg-info/entry_points.txt
[1.261s] writing requirements to nav2_simple_commander.egg-info/requires.txt
[1.261s] writing top-level names to nav2_simple_commander.egg-info/top_level.txt
[1.262s] reading manifest file 'nav2_simple_commander.egg-info/SOURCES.txt'
[1.263s] writing manifest file 'nav2_simple_commander.egg-info/SOURCES.txt'
[1.264s] running build_ext
[1.264s] Creating /home/aurora/RM25/install/nav2_simple_commander/lib/python3.10/site-packages/nav2-simple-commander.egg-link (link to .)
[1.265s] Installing demo_inspection script to /home/aurora/RM25/install/nav2_simple_commander/lib/nav2_simple_commander
[1.265s] Installing demo_picking script to /home/aurora/RM25/install/nav2_simple_commander/lib/nav2_simple_commander
[1.265s] Installing demo_recoveries script to /home/aurora/RM25/install/nav2_simple_commander/lib/nav2_simple_commander
[1.265s] Installing demo_security script to /home/aurora/RM25/install/nav2_simple_commander/lib/nav2_simple_commander
[1.266s] Installing example_assisted_teleop script to /home/aurora/RM25/install/nav2_simple_commander/lib/nav2_simple_commander
[1.266s] Installing example_follow_path script to /home/aurora/RM25/install/nav2_simple_commander/lib/nav2_simple_commander
[1.266s] Installing example_nav_through_poses script to /home/aurora/RM25/install/nav2_simple_commander/lib/nav2_simple_commander
[1.266s] Installing example_nav_to_pose script to /home/aurora/RM25/install/nav2_simple_commander/lib/nav2_simple_commander
[1.266s] Installing example_waypoint_follower script to /home/aurora/RM25/install/nav2_simple_commander/lib/nav2_simple_commander
[1.266s] 
[1.266s] Installed /home/aurora/RM25/build/nav2_simple_commander
[1.266s] running symlink_data
[1.295s] Invoked command in '/home/aurora/RM25/build/nav2_simple_commander' returned '0': CMAKE_PREFIX_PATH=/home/aurora/RM25/install/nav2_msgs:/home/aurora/RM25/install/nav2_common:/home/aurora/RM25/install/rm_robot_description:/home/aurora/RM25/install/opennav_docking_core:/home/aurora/RM25/install/nav_2d_utils:/home/aurora/RM25/install/dwb_msgs:/home/aurora/RM25/install/nav_2d_msgs:/home/aurora/RM25/install/nav2_core:/home/aurora/RM25/install/costmap_queue:/home/aurora/RM25/install/nav2_costmap_2d:/home/aurora/RM25/install/nav2_voxel_grid:/home/aurora/RM25/install/nav2_velocity_smoother:/home/aurora/RM25/install/nav2_rviz_plugins:/home/aurora/RM25/install/nav2_map_server:/home/aurora/RM25/install/nav2_lifecycle_manager:/home/aurora/RM25/install/nav2_behavior_tree:/home/aurora/RM25/install/nav2_amcl:/home/aurora/RM25/install/nav2_util:/home/aurora/ws_helloworld/install/pkg01_helloworld_cpp:/home/aurora/ws_helloworld/install/learning_tf2_cpp LD_LIBRARY_PATH=/home/aurora/RM25/install/nav2_msgs/lib:/home/aurora/RM25/install/nav_2d_utils/lib:/home/aurora/RM25/install/dwb_msgs/lib:/home/aurora/RM25/install/nav_2d_msgs/lib:/home/aurora/RM25/install/costmap_queue/lib:/home/aurora/RM25/install/nav2_costmap_2d/lib:/home/aurora/RM25/install/nav2_voxel_grid/lib:/home/aurora/RM25/install/nav2_velocity_smoother/lib:/home/aurora/RM25/install/nav2_rviz_plugins/lib:/home/aurora/RM25/install/nav2_map_server/lib:/home/aurora/RM25/install/nav2_lifecycle_manager/lib:/home/aurora/RM25/install/nav2_behavior_tree/lib:/home/aurora/RM25/install/nav2_amcl/lib:/home/aurora/RM25/install/nav2_util/lib:/usr/lib/x86_64-linux-gnu/gazebo-11/plugins:/opt/ros/humble/opt/rviz_ogre_vendor/lib:/opt/ros/humble/lib/x86_64-linux-gnu:/opt/ros/humble/lib PYTHONPATH=/home/aurora/RM25/build/nav2_simple_commander/prefix_override:/usr/lib/python3/dist-packages/colcon_core/task/python/colcon_distutils_commands:/home/aurora/RM25/install/nav2_simple_commander/lib/python3.10/site-packages:${PYTHONPATH} /usr/bin/python3 -W ignore:setup.py install is deprecated setup.py develop --editable --build-directory /home/aurora/RM25/build/nav2_simple_commander/build --no-deps symlink_data
