[0.009s] Invoking command in '/home/aurora/RM25/build/rm_robot_description_sim': CMAKE_PREFIX_PATH=/home/aurora/turtlebot3_ws/install/turtlebot3_simulations:/home/aurora/turtlebot3_ws/install/turtlebot3_gazebo:/home/aurora/turtlebot3_ws/install/turtlebot3_fake_node:/home/aurora/ros_ws/install/rmul24_gazebo_simulator:/home/aurora/ros_ws/install/rmoss_gz_cam:/home/aurora/ros_ws/install/rmoss_core:/home/aurora/ros_ws/install/rmoss_cam:/home/aurora/ros_ws/install/rmoss_util:/home/aurora/ros_ws/install/rmoss_projectile_motion:/home/aurora/ros_ws/install/rmoss_gz_bridge:/home/aurora/ros_ws/install/rmoss_gz_base:/home/aurora/ros_ws/install/rmoss_base:/home/aurora/ros_ws/install/rmoss_interfaces:/home/aurora/ros_ws/install/rmoss_gz_resources:/home/aurora/ros_ws/install/rmoss_gz_plugins:/home/aurora/RM25_aim/install/rm_vision_bringup:/home/aurora/RM25_aim/install/rm_serial_driver:/home/aurora/RM25_aim/install/rm_gimbal_description:/home/aurora/RM25_aim/install/hik_camera:/home/aurora/RM25_aim/install/armor_tracker:/home/aurora/RM25_aim/install/armor_detector:/home/aurora/RM25_aim/install/auto_aim_interfaces:/home/aurora/RM25/install/ros2_livox_simulation:/home/aurora/RM25/install/rm_robot_description_sim:/home/aurora/RM25/install/rm_robot_description:/home/aurora/ros_ws/install/sdformat_tools:/opt/ros/humble:/home/aurora/RM25/install/rm_localization:/home/aurora/RM25/install/livox_ros_driver2:/home/aurora/RM25/install/livox_interfaces:/home/aurora/RM25/src/install/ros2_livox_simulation:/home/aurora/RM25/src/install/rm_robot_description_sim:/home/aurora/RM25/src/install/rm_robot_description:/home/aurora/RM25/src/install/livox_ros_driver2 /usr/bin/cmake --build /home/aurora/RM25/build/rm_robot_description_sim -- -j20 -l20
[0.073s] [ 50%] [32mBuilding CXX object CMakeFiles/rm_robot_description_sim.dir/src/control_robot_keyboard.cpp.o[0m
[5.976s] [100%] [32m[1mLinking CXX executable rm_robot_description_sim[0m
[6.263s] [100%] Built target rm_robot_description_sim
[6.274s] Invoked command in '/home/aurora/RM25/build/rm_robot_description_sim' returned '0': CMAKE_PREFIX_PATH=/home/aurora/turtlebot3_ws/install/turtlebot3_simulations:/home/aurora/turtlebot3_ws/install/turtlebot3_gazebo:/home/aurora/turtlebot3_ws/install/turtlebot3_fake_node:/home/aurora/ros_ws/install/rmul24_gazebo_simulator:/home/aurora/ros_ws/install/rmoss_gz_cam:/home/aurora/ros_ws/install/rmoss_core:/home/aurora/ros_ws/install/rmoss_cam:/home/aurora/ros_ws/install/rmoss_util:/home/aurora/ros_ws/install/rmoss_projectile_motion:/home/aurora/ros_ws/install/rmoss_gz_bridge:/home/aurora/ros_ws/install/rmoss_gz_base:/home/aurora/ros_ws/install/rmoss_base:/home/aurora/ros_ws/install/rmoss_interfaces:/home/aurora/ros_ws/install/rmoss_gz_resources:/home/aurora/ros_ws/install/rmoss_gz_plugins:/home/aurora/RM25_aim/install/rm_vision_bringup:/home/aurora/RM25_aim/install/rm_serial_driver:/home/aurora/RM25_aim/install/rm_gimbal_description:/home/aurora/RM25_aim/install/hik_camera:/home/aurora/RM25_aim/install/armor_tracker:/home/aurora/RM25_aim/install/armor_detector:/home/aurora/RM25_aim/install/auto_aim_interfaces:/home/aurora/RM25/install/ros2_livox_simulation:/home/aurora/RM25/install/rm_robot_description_sim:/home/aurora/RM25/install/rm_robot_description:/home/aurora/ros_ws/install/sdformat_tools:/opt/ros/humble:/home/aurora/RM25/install/rm_localization:/home/aurora/RM25/install/livox_ros_driver2:/home/aurora/RM25/install/livox_interfaces:/home/aurora/RM25/src/install/ros2_livox_simulation:/home/aurora/RM25/src/install/rm_robot_description_sim:/home/aurora/RM25/src/install/rm_robot_description:/home/aurora/RM25/src/install/livox_ros_driver2 /usr/bin/cmake --build /home/aurora/RM25/build/rm_robot_description_sim -- -j20 -l20
[6.283s] Invoking command in '/home/aurora/RM25/build/rm_robot_description_sim': CMAKE_PREFIX_PATH=/home/aurora/turtlebot3_ws/install/turtlebot3_simulations:/home/aurora/turtlebot3_ws/install/turtlebot3_gazebo:/home/aurora/turtlebot3_ws/install/turtlebot3_fake_node:/home/aurora/ros_ws/install/rmul24_gazebo_simulator:/home/aurora/ros_ws/install/rmoss_gz_cam:/home/aurora/ros_ws/install/rmoss_core:/home/aurora/ros_ws/install/rmoss_cam:/home/aurora/ros_ws/install/rmoss_util:/home/aurora/ros_ws/install/rmoss_projectile_motion:/home/aurora/ros_ws/install/rmoss_gz_bridge:/home/aurora/ros_ws/install/rmoss_gz_base:/home/aurora/ros_ws/install/rmoss_base:/home/aurora/ros_ws/install/rmoss_interfaces:/home/aurora/ros_ws/install/rmoss_gz_resources:/home/aurora/ros_ws/install/rmoss_gz_plugins:/home/aurora/RM25_aim/install/rm_vision_bringup:/home/aurora/RM25_aim/install/rm_serial_driver:/home/aurora/RM25_aim/install/rm_gimbal_description:/home/aurora/RM25_aim/install/hik_camera:/home/aurora/RM25_aim/install/armor_tracker:/home/aurora/RM25_aim/install/armor_detector:/home/aurora/RM25_aim/install/auto_aim_interfaces:/home/aurora/RM25/install/ros2_livox_simulation:/home/aurora/RM25/install/rm_robot_description_sim:/home/aurora/RM25/install/rm_robot_description:/home/aurora/ros_ws/install/sdformat_tools:/opt/ros/humble:/home/aurora/RM25/install/rm_localization:/home/aurora/RM25/install/livox_ros_driver2:/home/aurora/RM25/install/livox_interfaces:/home/aurora/RM25/src/install/ros2_livox_simulation:/home/aurora/RM25/src/install/rm_robot_description_sim:/home/aurora/RM25/src/install/rm_robot_description:/home/aurora/RM25/src/install/livox_ros_driver2 /usr/bin/cmake --install /home/aurora/RM25/build/rm_robot_description_sim
[6.292s] -- Install configuration: ""
[6.292s] -- Installing: /home/aurora/RM25/install/rm_robot_description_sim/lib/rm_robot_description_sim/rm_robot_description_sim
[6.297s] -- Set runtime path of "/home/aurora/RM25/install/rm_robot_description_sim/lib/rm_robot_description_sim/rm_robot_description_sim" to ""
[6.297s] -- Up-to-date: /home/aurora/RM25/install/rm_robot_description_sim/share/rm_robot_description_sim/launch
[6.297s] -- Up-to-date: /home/aurora/RM25/install/rm_robot_description_sim/share/rm_robot_description_sim/launch/rm_simulation.launch.py
[6.297s] -- Up-to-date: /home/aurora/RM25/install/rm_robot_description_sim/share/rm_robot_description_sim/launch/build
[6.297s] -- Up-to-date: /home/aurora/RM25/install/rm_robot_description_sim/share/rm_robot_description_sim/launch/build/COLCON_IGNORE
[6.297s] -- Up-to-date: /home/aurora/RM25/install/rm_robot_description_sim/share/rm_robot_description_sim/launch/build/.built_by
[6.298s] -- Up-to-date: /home/aurora/RM25/install/rm_robot_description_sim/share/rm_robot_description_sim/launch/robotv2.launch.py
[6.298s] -- Up-to-date: /home/aurora/RM25/install/rm_robot_description_sim/share/rm_robot_description_sim/launch/robot,launch.py
[6.298s] -- Up-to-date: /home/aurora/RM25/install/rm_robot_description_sim/share/rm_robot_description_sim/launch/log
[6.298s] -- Up-to-date: /home/aurora/RM25/install/rm_robot_description_sim/share/rm_robot_description_sim/launch/log/latest_build
[6.298s] -- Up-to-date: /home/aurora/RM25/install/rm_robot_description_sim/share/rm_robot_description_sim/launch/log/COLCON_IGNORE
[6.298s] -- Up-to-date: /home/aurora/RM25/install/rm_robot_description_sim/share/rm_robot_description_sim/launch/log/build_2024-11-12_20-59-25
[6.298s] -- Up-to-date: /home/aurora/RM25/install/rm_robot_description_sim/share/rm_robot_description_sim/launch/log/build_2024-11-12_20-59-25/logger_all.log
[6.298s] -- Up-to-date: /home/aurora/RM25/install/rm_robot_description_sim/share/rm_robot_description_sim/launch/log/build_2024-11-12_20-59-25/events.log
[6.298s] -- Up-to-date: /home/aurora/RM25/install/rm_robot_description_sim/share/rm_robot_description_sim/launch/log/latest
[6.298s] -- Up-to-date: /home/aurora/RM25/install/rm_robot_description_sim/share/rm_robot_description_sim/launch/log/build_2024-11-14_12-02-55
[6.298s] -- Up-to-date: /home/aurora/RM25/install/rm_robot_description_sim/share/rm_robot_description_sim/launch/log/build_2024-11-14_12-02-55/logger_all.log
[6.298s] -- Up-to-date: /home/aurora/RM25/install/rm_robot_description_sim/share/rm_robot_description_sim/launch/log/build_2024-11-14_12-02-55/events.log
[6.298s] -- Up-to-date: /home/aurora/RM25/install/rm_robot_description_sim/share/rm_robot_description_sim/launch/install
[6.298s] -- Up-to-date: /home/aurora/RM25/install/rm_robot_description_sim/share/rm_robot_description_sim/launch/install/COLCON_IGNORE
[6.298s] -- Up-to-date: /home/aurora/RM25/install/rm_robot_description_sim/share/rm_robot_description_sim/launch/install/setup.ps1
[6.298s] -- Up-to-date: /home/aurora/RM25/install/rm_robot_description_sim/share/rm_robot_description_sim/launch/install/_local_setup_util_sh.py
[6.298s] -- Up-to-date: /home/aurora/RM25/install/rm_robot_description_sim/share/rm_robot_description_sim/launch/install/local_setup.ps1
[6.298s] -- Up-to-date: /home/aurora/RM25/install/rm_robot_description_sim/share/rm_robot_description_sim/launch/install/local_setup.bash
[6.298s] -- Up-to-date: /home/aurora/RM25/install/rm_robot_description_sim/share/rm_robot_description_sim/launch/install/_local_setup_util_ps1.py
[6.298s] -- Up-to-date: /home/aurora/RM25/install/rm_robot_description_sim/share/rm_robot_description_sim/launch/install/setup.zsh
[6.298s] -- Up-to-date: /home/aurora/RM25/install/rm_robot_description_sim/share/rm_robot_description_sim/launch/install/.colcon_install_layout
[6.298s] -- Up-to-date: /home/aurora/RM25/install/rm_robot_description_sim/share/rm_robot_description_sim/launch/install/local_setup.sh
[6.298s] -- Up-to-date: /home/aurora/RM25/install/rm_robot_description_sim/share/rm_robot_description_sim/launch/install/local_setup.zsh
[6.298s] -- Up-to-date: /home/aurora/RM25/install/rm_robot_description_sim/share/rm_robot_description_sim/launch/install/setup.sh
[6.299s] -- Up-to-date: /home/aurora/RM25/install/rm_robot_description_sim/share/rm_robot_description_sim/launch/install/setup.bash
[6.299s] -- Up-to-date: /home/aurora/RM25/install/rm_robot_description_sim/share/rm_robot_description_sim/launch/robot.launch.py
[6.299s] -- Up-to-date: /home/aurora/RM25/install/rm_robot_description_sim/share/rm_robot_description_sim/launch/mid360.launch.py
[6.299s] -- Up-to-date: /home/aurora/RM25/install/rm_robot_description_sim/share/rm_robot_description_sim/urdf
[6.299s] -- Up-to-date: /home/aurora/RM25/install/rm_robot_description_sim/share/rm_robot_description_sim/urdf/robot.urdf.xacro
[6.299s] -- Up-to-date: /home/aurora/RM25/install/rm_robot_description_sim/share/rm_robot_description_sim/urdf/mid360.urdf
[6.299s] -- Up-to-date: /home/aurora/RM25/install/rm_robot_description_sim/share/rm_robot_description_sim/urdf/mid360.xacro
[6.299s] -- Up-to-date: /home/aurora/RM25/install/rm_robot_description_sim/share/rm_robot_description_sim/urdf/omni.urdf
[6.299s] -- Up-to-date: /home/aurora/RM25/install/rm_robot_description_sim/share/rm_robot_description_sim/urdf/four_omniwheel_robot.urdf
[6.299s] -- Up-to-date: /home/aurora/RM25/install/rm_robot_description_sim/share/rm_robot_description_sim/urdf/sim_robot.urdf
[6.299s] -- Up-to-date: /home/aurora/RM25/install/rm_robot_description_sim/share/rm_robot_description_sim/urdf/omni.sdf
[6.299s] -- Up-to-date: /home/aurora/RM25/install/rm_robot_description_sim/share/rm_robot_description_sim/urdf/simulation_waking_robot.xacro
[6.299s] -- Up-to-date: /home/aurora/RM25/install/rm_robot_description_sim/share/rm_robot_description_sim/meshes
[6.299s] -- Up-to-date: /home/aurora/RM25/install/rm_robot_description_sim/share/rm_robot_description_sim/meshes/obstacles
[6.299s] -- Up-to-date: /home/aurora/RM25/install/rm_robot_description_sim/share/rm_robot_description_sim/meshes/obstacles/obstacle2
[6.299s] -- Up-to-date: /home/aurora/RM25/install/rm_robot_description_sim/share/rm_robot_description_sim/meshes/obstacles/obstacle2/model.sdf
[6.299s] -- Up-to-date: /home/aurora/RM25/install/rm_robot_description_sim/share/rm_robot_description_sim/meshes/obstacles/obstacle2/model.config
[6.299s] -- Up-to-date: /home/aurora/RM25/install/rm_robot_description_sim/share/rm_robot_description_sim/meshes/obstacles/obstacle5
[6.299s] -- Up-to-date: /home/aurora/RM25/install/rm_robot_description_sim/share/rm_robot_description_sim/meshes/obstacles/obstacle5/model.sdf
[6.299s] -- Up-to-date: /home/aurora/RM25/install/rm_robot_description_sim/share/rm_robot_description_sim/meshes/obstacles/obstacle5/model.config
[6.299s] -- Up-to-date: /home/aurora/RM25/install/rm_robot_description_sim/share/rm_robot_description_sim/meshes/obstacles/obstacle4
[6.299s] -- Up-to-date: /home/aurora/RM25/install/rm_robot_description_sim/share/rm_robot_description_sim/meshes/obstacles/obstacle4/model.sdf
[6.299s] -- Up-to-date: /home/aurora/RM25/install/rm_robot_description_sim/share/rm_robot_description_sim/meshes/obstacles/obstacle4/model.config
[6.299s] -- Up-to-date: /home/aurora/RM25/install/rm_robot_description_sim/share/rm_robot_description_sim/meshes/obstacles/obstacle11
[6.299s] -- Up-to-date: /home/aurora/RM25/install/rm_robot_description_sim/share/rm_robot_description_sim/meshes/obstacles/obstacle11/model.sdf
[6.299s] -- Up-to-date: /home/aurora/RM25/install/rm_robot_description_sim/share/rm_robot_description_sim/meshes/obstacles/obstacle11/model.config
[6.299s] -- Up-to-date: /home/aurora/RM25/install/rm_robot_description_sim/share/rm_robot_description_sim/meshes/obstacles/obstacle10
[6.299s] -- Up-to-date: /home/aurora/RM25/install/rm_robot_description_sim/share/rm_robot_description_sim/meshes/obstacles/obstacle10/model.sdf
[6.299s] -- Up-to-date: /home/aurora/RM25/install/rm_robot_description_sim/share/rm_robot_description_sim/meshes/obstacles/obstacle10/model.config
[6.299s] -- Up-to-date: /home/aurora/RM25/install/rm_robot_description_sim/share/rm_robot_description_sim/meshes/obstacles/obstacle3
[6.299s] -- Up-to-date: /home/aurora/RM25/install/rm_robot_description_sim/share/rm_robot_description_sim/meshes/obstacles/obstacle3/model.sdf
[6.299s] -- Up-to-date: /home/aurora/RM25/install/rm_robot_description_sim/share/rm_robot_description_sim/meshes/obstacles/obstacle3/model.config
[6.299s] -- Up-to-date: /home/aurora/RM25/install/rm_robot_description_sim/share/rm_robot_description_sim/meshes/obstacles/obstacle_plugin
[6.299s] -- Up-to-date: /home/aurora/RM25/install/rm_robot_description_sim/share/rm_robot_description_sim/meshes/obstacles/obstacle_plugin/obstacle1.cc
[6.299s] -- Up-to-date: /home/aurora/RM25/install/rm_robot_description_sim/share/rm_robot_description_sim/meshes/obstacles/obstacle_plugin/obstacle3.cc
[6.299s] -- Up-to-date: /home/aurora/RM25/install/rm_robot_description_sim/share/rm_robot_description_sim/meshes/obstacles/obstacle_plugin/obstacle4.cc
[6.300s] -- Up-to-date: /home/aurora/RM25/install/rm_robot_description_sim/share/rm_robot_description_sim/meshes/obstacles/obstacle_plugin/obstacle8.cc
[6.300s] -- Up-to-date: /home/aurora/RM25/install/rm_robot_description_sim/share/rm_robot_description_sim/meshes/obstacles/obstacle_plugin/lib
[6.300s] -- Up-to-date: /home/aurora/RM25/install/rm_robot_description_sim/share/rm_robot_description_sim/meshes/obstacles/obstacle_plugin/lib/libobstacles.so
[6.300s] -- Up-to-date: /home/aurora/RM25/install/rm_robot_description_sim/share/rm_robot_description_sim/meshes/obstacles/obstacle_plugin/lib/libobstacle4.so
[6.300s] -- Up-to-date: /home/aurora/RM25/install/rm_robot_description_sim/share/rm_robot_description_sim/meshes/obstacles/obstacle_plugin/lib/libobstacle5.so
[6.300s] -- Up-to-date: /home/aurora/RM25/install/rm_robot_description_sim/share/rm_robot_description_sim/meshes/obstacles/obstacle_plugin/lib/libobstacle12.so
[6.300s] -- Up-to-date: /home/aurora/RM25/install/rm_robot_description_sim/share/rm_robot_description_sim/meshes/obstacles/obstacle_plugin/lib/libobstacle8.so
[6.300s] -- Up-to-date: /home/aurora/RM25/install/rm_robot_description_sim/share/rm_robot_description_sim/meshes/obstacles/obstacle_plugin/lib/libobstacle7.so
[6.300s] -- Up-to-date: /home/aurora/RM25/install/rm_robot_description_sim/share/rm_robot_description_sim/meshes/obstacles/obstacle_plugin/lib/libobstacle9.so
[6.300s] -- Up-to-date: /home/aurora/RM25/install/rm_robot_description_sim/share/rm_robot_description_sim/meshes/obstacles/obstacle_plugin/lib/libobstacle6.so
[6.300s] -- Up-to-date: /home/aurora/RM25/install/rm_robot_description_sim/share/rm_robot_description_sim/meshes/obstacles/obstacle_plugin/lib/libobstacle11.so
[6.300s] -- Up-to-date: /home/aurora/RM25/install/rm_robot_description_sim/share/rm_robot_description_sim/meshes/obstacles/obstacle_plugin/lib/libobstacle3.so
[6.300s] -- Up-to-date: /home/aurora/RM25/install/rm_robot_description_sim/share/rm_robot_description_sim/meshes/obstacles/obstacle_plugin/lib/libobstacle1.so
[6.300s] -- Up-to-date: /home/aurora/RM25/install/rm_robot_description_sim/share/rm_robot_description_sim/meshes/obstacles/obstacle_plugin/lib/libobstacle2.so
[6.300s] -- Up-to-date: /home/aurora/RM25/install/rm_robot_description_sim/share/rm_robot_description_sim/meshes/obstacles/obstacle_plugin/lib/libobstacle10.so
[6.300s] -- Up-to-date: /home/aurora/RM25/install/rm_robot_description_sim/share/rm_robot_description_sim/meshes/obstacles/obstacle_plugin/obstacle10.cc
[6.300s] -- Up-to-date: /home/aurora/RM25/install/rm_robot_description_sim/share/rm_robot_description_sim/meshes/obstacles/obstacle_plugin/obstacle6.cc
[6.300s] -- Up-to-date: /home/aurora/RM25/install/rm_robot_description_sim/share/rm_robot_description_sim/meshes/obstacles/obstacle_plugin/obstacle5.cc
[6.300s] -- Up-to-date: /home/aurora/RM25/install/rm_robot_description_sim/share/rm_robot_description_sim/meshes/obstacles/obstacle_plugin/obstacle11.cc
[6.300s] -- Up-to-date: /home/aurora/RM25/install/rm_robot_description_sim/share/rm_robot_description_sim/meshes/obstacles/obstacle_plugin/CMakeLists.txt
[6.300s] -- Up-to-date: /home/aurora/RM25/install/rm_robot_description_sim/share/rm_robot_description_sim/meshes/obstacles/obstacle_plugin/obstacle2.cc
[6.300s] -- Up-to-date: /home/aurora/RM25/install/rm_robot_description_sim/share/rm_robot_description_sim/meshes/obstacles/obstacle_plugin/obstacle9.cc
[6.300s] -- Up-to-date: /home/aurora/RM25/install/rm_robot_description_sim/share/rm_robot_description_sim/meshes/obstacles/obstacle_plugin/obstacles.cc
[6.300s] -- Up-to-date: /home/aurora/RM25/install/rm_robot_description_sim/share/rm_robot_description_sim/meshes/obstacles/obstacle_plugin/obstacle7.cc
[6.300s] -- Up-to-date: /home/aurora/RM25/install/rm_robot_description_sim/share/rm_robot_description_sim/meshes/obstacles/obstacle_plugin/obstacle12.cc
[6.300s] -- Up-to-date: /home/aurora/RM25/install/rm_robot_description_sim/share/rm_robot_description_sim/meshes/obstacles/obstacle_plugin/obstacle13.cc
[6.300s] -- Up-to-date: /home/aurora/RM25/install/rm_robot_description_sim/share/rm_robot_description_sim/meshes/obstacles/obstacle6
[6.300s] -- Up-to-date: /home/aurora/RM25/install/rm_robot_description_sim/share/rm_robot_description_sim/meshes/obstacles/obstacle6/model.sdf
[6.300s] -- Up-to-date: /home/aurora/RM25/install/rm_robot_description_sim/share/rm_robot_description_sim/meshes/obstacles/obstacle6/model.config
[6.300s] -- Up-to-date: /home/aurora/RM25/install/rm_robot_description_sim/share/rm_robot_description_sim/meshes/obstacles/obstacle1
[6.300s] -- Up-to-date: /home/aurora/RM25/install/rm_robot_description_sim/share/rm_robot_description_sim/meshes/obstacles/obstacle1/model.sdf
[6.300s] -- Up-to-date: /home/aurora/RM25/install/rm_robot_description_sim/share/rm_robot_description_sim/meshes/obstacles/obstacle1/model.config
[6.300s] -- Up-to-date: /home/aurora/RM25/install/rm_robot_description_sim/share/rm_robot_description_sim/meshes/obstacles/obstacle12
[6.301s] -- Up-to-date: /home/aurora/RM25/install/rm_robot_description_sim/share/rm_robot_description_sim/meshes/obstacles/obstacle12/model.sdf
[6.301s] -- Up-to-date: /home/aurora/RM25/install/rm_robot_description_sim/share/rm_robot_description_sim/meshes/obstacles/obstacle12/model.config
[6.301s] -- Up-to-date: /home/aurora/RM25/install/rm_robot_description_sim/share/rm_robot_description_sim/meshes/obstacles/obstacle7
[6.301s] -- Up-to-date: /home/aurora/RM25/install/rm_robot_description_sim/share/rm_robot_description_sim/meshes/obstacles/obstacle7/model.sdf
[6.301s] -- Up-to-date: /home/aurora/RM25/install/rm_robot_description_sim/share/rm_robot_description_sim/meshes/obstacles/obstacle7/model.config
[6.301s] -- Up-to-date: /home/aurora/RM25/install/rm_robot_description_sim/share/rm_robot_description_sim/meshes/obstacles/obstacle8
[6.301s] -- Up-to-date: /home/aurora/RM25/install/rm_robot_description_sim/share/rm_robot_description_sim/meshes/obstacles/obstacle8/model.sdf
[6.301s] -- Up-to-date: /home/aurora/RM25/install/rm_robot_description_sim/share/rm_robot_description_sim/meshes/obstacles/obstacle8/model.config
[6.301s] -- Up-to-date: /home/aurora/RM25/install/rm_robot_description_sim/share/rm_robot_description_sim/meshes/obstacles/obstacle9
[6.301s] -- Up-to-date: /home/aurora/RM25/install/rm_robot_description_sim/share/rm_robot_description_sim/meshes/obstacles/obstacle9/model.sdf
[6.301s] -- Up-to-date: /home/aurora/RM25/install/rm_robot_description_sim/share/rm_robot_description_sim/meshes/obstacles/obstacle9/model.config
[6.301s] -- Up-to-date: /home/aurora/RM25/install/rm_robot_description_sim/share/rm_robot_description_sim/meshes/display.launch
[6.301s] -- Up-to-date: /home/aurora/RM25/install/rm_robot_description_sim/share/rm_robot_description_sim/meshes/gazebo.launch.py
[6.301s] -- Up-to-date: /home/aurora/RM25/install/rm_robot_description_sim/share/rm_robot_description_sim/meshes/omniwheel3_link.STL
[6.301s] -- Up-to-date: /home/aurora/RM25/install/rm_robot_description_sim/share/rm_robot_description_sim/meshes/RMUC_2024.stl
[6.301s] -- Up-to-date: /home/aurora/RM25/install/rm_robot_description_sim/share/rm_robot_description_sim/meshes/mid360.stl
[6.301s] -- Up-to-date: /home/aurora/RM25/install/rm_robot_description_sim/share/rm_robot_description_sim/meshes/RMUL_2024.stl
[6.301s] -- Up-to-date: /home/aurora/RM25/install/rm_robot_description_sim/share/rm_robot_description_sim/meshes/controller_link.STL
[6.301s] -- Up-to-date: /home/aurora/RM25/install/rm_robot_description_sim/share/rm_robot_description_sim/meshes/display.launch.py
[6.301s] -- Up-to-date: /home/aurora/RM25/install/rm_robot_description_sim/share/rm_robot_description_sim/meshes/gazebo.launch
[6.301s] -- Up-to-date: /home/aurora/RM25/install/rm_robot_description_sim/share/rm_robot_description_sim/meshes/omniwheel1_link.STL
[6.302s] -- Up-to-date: /home/aurora/RM25/install/rm_robot_description_sim/share/rm_robot_description_sim/meshes/omniwheel4_link.STL
[6.302s] -- Up-to-date: /home/aurora/RM25/install/rm_robot_description_sim/share/rm_robot_description_sim/meshes/base_link.STL
[6.302s] -- Up-to-date: /home/aurora/RM25/install/rm_robot_description_sim/share/rm_robot_description_sim/meshes/mid360laser_link.STL
[6.302s] -- Up-to-date: /home/aurora/RM25/install/rm_robot_description_sim/share/rm_robot_description_sim/meshes/omniwheel2_link.STL
[6.302s] -- Up-to-date: /home/aurora/RM25/install/rm_robot_description_sim/share/rm_robot_description_sim/world
[6.302s] -- Up-to-date: /home/aurora/RM25/install/rm_robot_description_sim/share/rm_robot_description_sim/world/rmul
[6.302s] -- Up-to-date: /home/aurora/RM25/install/rm_robot_description_sim/share/rm_robot_description_sim/world/rmul/RMUL25.world
[6.302s] -- Up-to-date: /home/aurora/RM25/install/rm_robot_description_sim/share/rm_robot_description_sim/world/rmul/model.sdf
[6.302s] -- Up-to-date: /home/aurora/RM25/install/rm_robot_description_sim/share/rm_robot_description_sim/world/rmul/model.config
[6.302s] -- Up-to-date: /home/aurora/RM25/install/rm_robot_description_sim/share/rm_robot_description_sim/world/RMUL25.world
[6.302s] -- Up-to-date: /home/aurora/RM25/install/rm_robot_description_sim/share/rm_robot_description_sim/world/RMUC24_world.world
[6.302s] -- Up-to-date: /home/aurora/RM25/install/rm_robot_description_sim/share/rm_robot_description_sim/world/my_world.world
[6.302s] -- Up-to-date: /home/aurora/RM25/install/rm_robot_description_sim/share/rm_robot_description_sim/world/25UL
[6.302s] -- Up-to-date: /home/aurora/RM25/install/rm_robot_description_sim/share/rm_robot_description_sim/world/25UL/RMUL25.world
[6.302s] -- Up-to-date: /home/aurora/RM25/install/rm_robot_description_sim/share/rm_robot_description_sim/world/25UL/model.sdf
[6.302s] -- Up-to-date: /home/aurora/RM25/install/rm_robot_description_sim/share/rm_robot_description_sim/world/25UL/model.config
[6.302s] -- Up-to-date: /home/aurora/RM25/install/rm_robot_description_sim/share/rm_robot_description_sim/rviz
[6.302s] -- Up-to-date: /home/aurora/RM25/install/rm_robot_description_sim/share/rm_robot_description_sim/rviz/fastlio.rviz
[6.302s] -- Up-to-date: /home/aurora/RM25/install/rm_robot_description_sim/share/rm_robot_description_sim/rviz/rviz2.rviz
[6.302s] -- Up-to-date: /home/aurora/RM25/install/rm_robot_description_sim/share/rm_robot_description_sim/rviz/urdf_config.rviz
[6.302s] -- Up-to-date: /home/aurora/RM25/install/rm_robot_description_sim/share/ament_index/resource_index/package_run_dependencies/rm_robot_description_sim
[6.302s] -- Up-to-date: /home/aurora/RM25/install/rm_robot_description_sim/share/ament_index/resource_index/parent_prefix_path/rm_robot_description_sim
[6.302s] -- Up-to-date: /home/aurora/RM25/install/rm_robot_description_sim/share/rm_robot_description_sim/environment/ament_prefix_path.sh
[6.302s] -- Up-to-date: /home/aurora/RM25/install/rm_robot_description_sim/share/rm_robot_description_sim/environment/ament_prefix_path.dsv
[6.302s] -- Up-to-date: /home/aurora/RM25/install/rm_robot_description_sim/share/rm_robot_description_sim/environment/path.sh
[6.302s] -- Up-to-date: /home/aurora/RM25/install/rm_robot_description_sim/share/rm_robot_description_sim/environment/path.dsv
[6.302s] -- Up-to-date: /home/aurora/RM25/install/rm_robot_description_sim/share/rm_robot_description_sim/local_setup.bash
[6.302s] -- Up-to-date: /home/aurora/RM25/install/rm_robot_description_sim/share/rm_robot_description_sim/local_setup.sh
[6.302s] -- Up-to-date: /home/aurora/RM25/install/rm_robot_description_sim/share/rm_robot_description_sim/local_setup.zsh
[6.302s] -- Up-to-date: /home/aurora/RM25/install/rm_robot_description_sim/share/rm_robot_description_sim/local_setup.dsv
[6.302s] -- Installing: /home/aurora/RM25/install/rm_robot_description_sim/share/rm_robot_description_sim/package.dsv
[6.303s] -- Up-to-date: /home/aurora/RM25/install/rm_robot_description_sim/share/ament_index/resource_index/packages/rm_robot_description_sim
[6.303s] -- Up-to-date: /home/aurora/RM25/install/rm_robot_description_sim/share/rm_robot_description_sim/cmake/rm_robot_description_simConfig.cmake
[6.303s] -- Up-to-date: /home/aurora/RM25/install/rm_robot_description_sim/share/rm_robot_description_sim/cmake/rm_robot_description_simConfig-version.cmake
[6.303s] -- Up-to-date: /home/aurora/RM25/install/rm_robot_description_sim/share/rm_robot_description_sim/package.xml
[6.303s] Invoked command in '/home/aurora/RM25/build/rm_robot_description_sim' returned '0': CMAKE_PREFIX_PATH=/home/aurora/turtlebot3_ws/install/turtlebot3_simulations:/home/aurora/turtlebot3_ws/install/turtlebot3_gazebo:/home/aurora/turtlebot3_ws/install/turtlebot3_fake_node:/home/aurora/ros_ws/install/rmul24_gazebo_simulator:/home/aurora/ros_ws/install/rmoss_gz_cam:/home/aurora/ros_ws/install/rmoss_core:/home/aurora/ros_ws/install/rmoss_cam:/home/aurora/ros_ws/install/rmoss_util:/home/aurora/ros_ws/install/rmoss_projectile_motion:/home/aurora/ros_ws/install/rmoss_gz_bridge:/home/aurora/ros_ws/install/rmoss_gz_base:/home/aurora/ros_ws/install/rmoss_base:/home/aurora/ros_ws/install/rmoss_interfaces:/home/aurora/ros_ws/install/rmoss_gz_resources:/home/aurora/ros_ws/install/rmoss_gz_plugins:/home/aurora/RM25_aim/install/rm_vision_bringup:/home/aurora/RM25_aim/install/rm_serial_driver:/home/aurora/RM25_aim/install/rm_gimbal_description:/home/aurora/RM25_aim/install/hik_camera:/home/aurora/RM25_aim/install/armor_tracker:/home/aurora/RM25_aim/install/armor_detector:/home/aurora/RM25_aim/install/auto_aim_interfaces:/home/aurora/RM25/install/ros2_livox_simulation:/home/aurora/RM25/install/rm_robot_description_sim:/home/aurora/RM25/install/rm_robot_description:/home/aurora/ros_ws/install/sdformat_tools:/opt/ros/humble:/home/aurora/RM25/install/rm_localization:/home/aurora/RM25/install/livox_ros_driver2:/home/aurora/RM25/install/livox_interfaces:/home/aurora/RM25/src/install/ros2_livox_simulation:/home/aurora/RM25/src/install/rm_robot_description_sim:/home/aurora/RM25/src/install/rm_robot_description:/home/aurora/RM25/src/install/livox_ros_driver2 /usr/bin/cmake --install /home/aurora/RM25/build/rm_robot_description_sim
