[0.009s] Invoking command in '/home/aurora/RM25/build/rm_robot_description': CMAKE_PREFIX_PATH=${CMAKE_PREFIX_PATH}:/home/aurora/ws_helloworld/install/pkg02_helloworld_py:/opt/ros/humble /usr/bin/cmake /home/aurora/RM25/src/rm_robot_description -DAMENT_CMAKE_SYMLINK_INSTALL=1 -DCMAKE_INSTALL_PREFIX=/home/aurora/RM25/install/rm_robot_description
[0.122s] -- The C compiler identification is GNU 11.4.0
[0.623s] -- The CXX compiler identification is GNU 11.4.0
[0.940s] -- Detecting C compiler ABI info
[1.035s] -- Detecting C compiler ABI info - done
[1.038s] -- Check for working C compiler: /usr/bin/cc - skipped
[1.040s] -- Detecting C compile features
[1.040s] -- Detecting C compile features - done
[1.042s] -- Detecting CXX compiler ABI info
[1.138s] -- Detecting CXX compiler ABI info - done
[1.141s] -- Check for working CXX compiler: /usr/bin/c++ - skipped
[1.142s] -- Detecting CXX compile features
[1.142s] -- Detecting CXX compile features - done
[1.144s] -- Found ament_cmake_auto: 1.3.10 (/opt/ros/humble/share/ament_cmake_auto/cmake)
[1.242s] -- Found Python3: /usr/bin/python3 (found version "3.10.12") found components: Interpreter 
[1.279s] -- Override CMake install command with custom implementation using symlinks instead of copying resources
[1.336s] -- Found ament_lint_auto: 0.12.11 (/opt/ros/humble/share/ament_lint_auto/cmake)
[1.340s] -- Configuring done
[1.342s] -- Generating done
[1.342s] -- Build files have been written to: /home/aurora/RM25/build/rm_robot_description
[1.346s] Invoked command in '/home/aurora/RM25/build/rm_robot_description' returned '0': CMAKE_PREFIX_PATH=${CMAKE_PREFIX_PATH}:/home/aurora/ws_helloworld/install/pkg02_helloworld_py:/opt/ros/humble /usr/bin/cmake /home/aurora/RM25/src/rm_robot_description -DAMENT_CMAKE_SYMLINK_INSTALL=1 -DCMAKE_INSTALL_PREFIX=/home/aurora/RM25/install/rm_robot_description
[1.347s] Invoking command in '/home/aurora/RM25/build/rm_robot_description': CMAKE_PREFIX_PATH=${CMAKE_PREFIX_PATH}:/home/aurora/ws_helloworld/install/pkg02_helloworld_py:/opt/ros/humble /usr/bin/cmake --build /home/aurora/RM25/build/rm_robot_description -- -j20 -l20
[1.367s] Invoked command in '/home/aurora/RM25/build/rm_robot_description' returned '0': CMAKE_PREFIX_PATH=${CMAKE_PREFIX_PATH}:/home/aurora/ws_helloworld/install/pkg02_helloworld_py:/opt/ros/humble /usr/bin/cmake --build /home/aurora/RM25/build/rm_robot_description -- -j20 -l20
[1.382s] Invoking command in '/home/aurora/RM25/build/rm_robot_description': CMAKE_PREFIX_PATH=${CMAKE_PREFIX_PATH}:/home/aurora/ws_helloworld/install/pkg02_helloworld_py:/opt/ros/humble /usr/bin/cmake --install /home/aurora/RM25/build/rm_robot_description
[1.385s] -- Install configuration: ""
[1.385s] -- Execute custom install script
[1.386s] -- Symlinking: /home/aurora/RM25/install/rm_robot_description/share/rm_robot_description/urdf/four_omniwheel_robot.urdf
[1.391s] -- Symlinking: /home/aurora/RM25/install/rm_robot_description/share/rm_robot_description/urdf/mid360.xacro
[1.395s] -- Symlinking: /home/aurora/RM25/install/rm_robot_description/share/rm_robot_description/urdf/robot.urdf
[1.399s] -- Symlinking: /home/aurora/RM25/install/rm_robot_description/share/rm_robot_description/urdf/robot.urdf.xacro
[1.403s] -- Symlinking: /home/aurora/RM25/install/rm_robot_description/share/rm_robot_description/urdf/sim_robot.urdf
[1.407s] -- Symlinking: /home/aurora/RM25/install/rm_robot_description/share/rm_robot_description/urdf/simulation.urdf
[1.411s] -- Symlinking: /home/aurora/RM25/install/rm_robot_description/share/rm_robot_description/urdf/simulation_robot.xacro
[1.416s] -- Symlinking: /home/aurora/RM25/install/rm_robot_description/share/rm_robot_description/world/25UL/RMUL25.world
[1.420s] -- Symlinking: /home/aurora/RM25/install/rm_robot_description/share/rm_robot_description/world/25UL/model.config
[1.424s] -- Symlinking: /home/aurora/RM25/install/rm_robot_description/share/rm_robot_description/world/25UL/model.sdf
[1.428s] -- Symlinking: /home/aurora/RM25/install/rm_robot_description/share/rm_robot_description/world/RMUL25.world
[1.432s] -- Symlinking: /home/aurora/RM25/install/rm_robot_description/share/rm_robot_description/world/my_world.world
[1.436s] -- Symlinking: /home/aurora/RM25/install/rm_robot_description/share/rm_robot_description/world/rmul/RMUL25.world
[1.439s] -- Symlinking: /home/aurora/RM25/install/rm_robot_description/share/rm_robot_description/world/rmul/model.config
[1.443s] -- Symlinking: /home/aurora/RM25/install/rm_robot_description/share/rm_robot_description/world/rmul/model.sdf
[1.448s] -- Symlinking: /home/aurora/RM25/install/rm_robot_description/share/rm_robot_description/rviz/fastlio.rviz
[1.451s] -- Symlinking: /home/aurora/RM25/install/rm_robot_description/share/rm_robot_description/rviz/rviz2.rviz
[1.455s] -- Symlinking: /home/aurora/RM25/install/rm_robot_description/share/rm_robot_description/rviz/urdf_config.rviz
[1.460s] [33mCMake Warning (dev) at ament_cmake_symlink_install/ament_cmake_symlink_install.cmake:62 (file):
[1.460s]   Policy CMP0009 is not set: FILE GLOB_RECURSE calls should not follow
[1.460s]   symlinks by default.  Run "cmake --help-policy CMP0009" for policy details.
[1.460s]   Use the cmake_policy command to set the policy and suppress this warning.
[1.460s] Call Stack (most recent call first):
[1.460s]   ament_cmake_symlink_install/ament_cmake_symlink_install.cmake:314 (ament_cmake_symlink_install_directory)
[1.460s]   cmake_install.cmake:46 (include)
[1.460s] This warning is for project developers.  Use -Wno-dev to suppress it.
[1.460s] [0m
[1.460s] -- Symlinking: /home/aurora/RM25/install/rm_robot_description/share/rm_robot_description/launch/__pycache__/display.launch.cpython-310.pyc
[1.464s] -- Symlinking: /home/aurora/RM25/install/rm_robot_description/share/rm_robot_description/launch/__pycache__/rm_simulation.launch.cpython-310.pyc
[1.469s] -- Symlinking: /home/aurora/RM25/install/rm_robot_description/share/rm_robot_description/launch/__pycache__/robot.launch.cpython-310.pyc
[1.473s] -- Symlinking: /home/aurora/RM25/install/rm_robot_description/share/rm_robot_description/launch/__pycache__/robotv2.launch.cpython-310.pyc
[1.477s] -- Symlinking: /home/aurora/RM25/install/rm_robot_description/share/rm_robot_description/launch/build/.built_by
[1.481s] -- Symlinking: /home/aurora/RM25/install/rm_robot_description/share/rm_robot_description/launch/build/COLCON_IGNORE
[1.485s] -- Symlinking: /home/aurora/RM25/install/rm_robot_description/share/rm_robot_description/launch/display.launch.py
[1.490s] -- Symlinking: /home/aurora/RM25/install/rm_robot_description/share/rm_robot_description/launch/install/.colcon_install_layout
[1.494s] -- Symlinking: /home/aurora/RM25/install/rm_robot_description/share/rm_robot_description/launch/install/COLCON_IGNORE
[1.498s] -- Symlinking: /home/aurora/RM25/install/rm_robot_description/share/rm_robot_description/launch/install/_local_setup_util_ps1.py
[1.502s] -- Symlinking: /home/aurora/RM25/install/rm_robot_description/share/rm_robot_description/launch/install/_local_setup_util_sh.py
[1.506s] -- Symlinking: /home/aurora/RM25/install/rm_robot_description/share/rm_robot_description/launch/install/local_setup.bash
[1.510s] -- Symlinking: /home/aurora/RM25/install/rm_robot_description/share/rm_robot_description/launch/install/local_setup.ps1
[1.514s] -- Symlinking: /home/aurora/RM25/install/rm_robot_description/share/rm_robot_description/launch/install/local_setup.sh
[1.518s] -- Symlinking: /home/aurora/RM25/install/rm_robot_description/share/rm_robot_description/launch/install/local_setup.zsh
[1.522s] -- Symlinking: /home/aurora/RM25/install/rm_robot_description/share/rm_robot_description/launch/install/setup.bash
[1.526s] -- Symlinking: /home/aurora/RM25/install/rm_robot_description/share/rm_robot_description/launch/install/setup.ps1
[1.529s] -- Symlinking: /home/aurora/RM25/install/rm_robot_description/share/rm_robot_description/launch/install/setup.sh
[1.533s] -- Symlinking: /home/aurora/RM25/install/rm_robot_description/share/rm_robot_description/launch/install/setup.zsh
[1.537s] -- Symlinking: /home/aurora/RM25/install/rm_robot_description/share/rm_robot_description/launch/log/COLCON_IGNORE
[1.541s] -- Symlinking: /home/aurora/RM25/install/rm_robot_description/share/rm_robot_description/launch/log/build_2024-11-12_20-59-25/events.log
[1.546s] -- Symlinking: /home/aurora/RM25/install/rm_robot_description/share/rm_robot_description/launch/log/build_2024-11-12_20-59-25/logger_all.log
[1.550s] -- Symlinking: /home/aurora/RM25/install/rm_robot_description/share/rm_robot_description/launch/log/build_2024-11-14_12-02-55/events.log
[1.556s] -- Symlinking: /home/aurora/RM25/install/rm_robot_description/share/rm_robot_description/launch/log/build_2024-11-14_12-02-55/logger_all.log
[1.561s] -- Symlinking: /home/aurora/RM25/install/rm_robot_description/share/rm_robot_description/launch/log/latest/events.log
[1.565s] -- Symlinking: /home/aurora/RM25/install/rm_robot_description/share/rm_robot_description/launch/log/latest/logger_all.log
[1.569s] -- Symlinking: /home/aurora/RM25/install/rm_robot_description/share/rm_robot_description/launch/log/latest_build/events.log
[1.573s] -- Symlinking: /home/aurora/RM25/install/rm_robot_description/share/rm_robot_description/launch/log/latest_build/logger_all.log
[1.577s] -- Symlinking: /home/aurora/RM25/install/rm_robot_description/share/rm_robot_description/launch/rm_simulation.launch.py
[1.581s] -- Symlinking: /home/aurora/RM25/install/rm_robot_description/share/rm_robot_description/launch/robot.launch.py
[1.586s] -- Symlinking: /home/aurora/RM25/install/rm_robot_description/share/rm_robot_description/launch/robotv2.launch.py
[1.590s] -- Symlinking: /home/aurora/RM25/install/rm_robot_description/share/rm_robot_description/meshes/RMUC_2024.stl
[1.594s] -- Symlinking: /home/aurora/RM25/install/rm_robot_description/share/rm_robot_description/meshes/RMUL_2024.stl
[1.598s] -- Symlinking: /home/aurora/RM25/install/rm_robot_description/share/rm_robot_description/meshes/base_link.STL
[1.602s] -- Symlinking: /home/aurora/RM25/install/rm_robot_description/share/rm_robot_description/meshes/controller_link.STL
[1.607s] -- Symlinking: /home/aurora/RM25/install/rm_robot_description/share/rm_robot_description/meshes/display.launch
[1.612s] -- Symlinking: /home/aurora/RM25/install/rm_robot_description/share/rm_robot_description/meshes/display.launch.py
[1.619s] -- Symlinking: /home/aurora/RM25/install/rm_robot_description/share/rm_robot_description/meshes/gazebo.launch
[1.623s] -- Symlinking: /home/aurora/RM25/install/rm_robot_description/share/rm_robot_description/meshes/gazebo.launch.py
[1.629s] -- Symlinking: /home/aurora/RM25/install/rm_robot_description/share/rm_robot_description/meshes/mid360.stl
[1.633s] -- Symlinking: /home/aurora/RM25/install/rm_robot_description/share/rm_robot_description/meshes/mid360laser_link.STL
[1.638s] -- Symlinking: /home/aurora/RM25/install/rm_robot_description/share/rm_robot_description/meshes/omniwheel1_link.STL
[1.643s] -- Symlinking: /home/aurora/RM25/install/rm_robot_description/share/rm_robot_description/meshes/omniwheel2_link.STL
[1.648s] -- Symlinking: /home/aurora/RM25/install/rm_robot_description/share/rm_robot_description/meshes/omniwheel3_link.STL
[1.652s] -- Symlinking: /home/aurora/RM25/install/rm_robot_description/share/rm_robot_description/meshes/omniwheel4_link.STL
[1.656s] [33mCMake Warning (dev) at ament_cmake_symlink_install/ament_cmake_symlink_install.cmake:62 (file):
[1.656s]   Policy CMP0009 is not set: FILE GLOB_RECURSE calls should not follow
[1.657s]   symlinks by default.  Run "cmake --help-policy CMP0009" for policy details.
[1.657s]   Use the cmake_policy command to set the policy and suppress this warning.
[1.657s] Call Stack (most recent call first):
[1.657s]   ament_cmake_symlink_install/ament_cmake_symlink_install.cmake:323 (ament_cmake_symlink_install_directory)
[1.657s]   cmake_install.cmake:46 (include)
[1.657s] This warning is for project developers.  Use -Wno-dev to suppress it.
[1.657s] [0m
[1.657s] -- Up-to-date symlink: /home/aurora/RM25/install/rm_robot_description/share/rm_robot_description/launch/__pycache__/display.launch.cpython-310.pyc
[1.657s] -- Up-to-date symlink: /home/aurora/RM25/install/rm_robot_description/share/rm_robot_description/launch/__pycache__/rm_simulation.launch.cpython-310.pyc
[1.658s] -- Up-to-date symlink: /home/aurora/RM25/install/rm_robot_description/share/rm_robot_description/launch/__pycache__/robot.launch.cpython-310.pyc
[1.658s] -- Up-to-date symlink: /home/aurora/RM25/install/rm_robot_description/share/rm_robot_description/launch/__pycache__/robotv2.launch.cpython-310.pyc
[1.658s] -- Up-to-date symlink: /home/aurora/RM25/install/rm_robot_description/share/rm_robot_description/launch/build/.built_by
[1.658s] -- Up-to-date symlink: /home/aurora/RM25/install/rm_robot_description/share/rm_robot_description/launch/build/COLCON_IGNORE
[1.658s] -- Up-to-date symlink: /home/aurora/RM25/install/rm_robot_description/share/rm_robot_description/launch/display.launch.py
[1.658s] -- Up-to-date symlink: /home/aurora/RM25/install/rm_robot_description/share/rm_robot_description/launch/install/.colcon_install_layout
[1.658s] -- Up-to-date symlink: /home/aurora/RM25/install/rm_robot_description/share/rm_robot_description/launch/install/COLCON_IGNORE
[1.658s] -- Up-to-date symlink: /home/aurora/RM25/install/rm_robot_description/share/rm_robot_description/launch/install/_local_setup_util_ps1.py
[1.658s] -- Up-to-date symlink: /home/aurora/RM25/install/rm_robot_description/share/rm_robot_description/launch/install/_local_setup_util_sh.py
[1.658s] -- Up-to-date symlink: /home/aurora/RM25/install/rm_robot_description/share/rm_robot_description/launch/install/local_setup.bash
[1.658s] -- Up-to-date symlink: /home/aurora/RM25/install/rm_robot_description/share/rm_robot_description/launch/install/local_setup.ps1
[1.659s] -- Up-to-date symlink: /home/aurora/RM25/install/rm_robot_description/share/rm_robot_description/launch/install/local_setup.sh
[1.659s] -- Up-to-date symlink: /home/aurora/RM25/install/rm_robot_description/share/rm_robot_description/launch/install/local_setup.zsh
[1.659s] -- Up-to-date symlink: /home/aurora/RM25/install/rm_robot_description/share/rm_robot_description/launch/install/setup.bash
[1.659s] -- Up-to-date symlink: /home/aurora/RM25/install/rm_robot_description/share/rm_robot_description/launch/install/setup.ps1
[1.659s] -- Up-to-date symlink: /home/aurora/RM25/install/rm_robot_description/share/rm_robot_description/launch/install/setup.sh
[1.659s] -- Up-to-date symlink: /home/aurora/RM25/install/rm_robot_description/share/rm_robot_description/launch/install/setup.zsh
[1.659s] -- Up-to-date symlink: /home/aurora/RM25/install/rm_robot_description/share/rm_robot_description/launch/log/COLCON_IGNORE
[1.659s] -- Up-to-date symlink: /home/aurora/RM25/install/rm_robot_description/share/rm_robot_description/launch/log/build_2024-11-12_20-59-25/events.log
[1.659s] -- Up-to-date symlink: /home/aurora/RM25/install/rm_robot_description/share/rm_robot_description/launch/log/build_2024-11-12_20-59-25/logger_all.log
[1.659s] -- Up-to-date symlink: /home/aurora/RM25/install/rm_robot_description/share/rm_robot_description/launch/log/build_2024-11-14_12-02-55/events.log
[1.659s] -- Up-to-date symlink: /home/aurora/RM25/install/rm_robot_description/share/rm_robot_description/launch/log/build_2024-11-14_12-02-55/logger_all.log
[1.660s] -- Up-to-date symlink: /home/aurora/RM25/install/rm_robot_description/share/rm_robot_description/launch/log/latest/events.log
[1.660s] -- Up-to-date symlink: /home/aurora/RM25/install/rm_robot_description/share/rm_robot_description/launch/log/latest/logger_all.log
[1.660s] -- Up-to-date symlink: /home/aurora/RM25/install/rm_robot_description/share/rm_robot_description/launch/log/latest_build/events.log
[1.660s] -- Up-to-date symlink: /home/aurora/RM25/install/rm_robot_description/share/rm_robot_description/launch/log/latest_build/logger_all.log
[1.660s] -- Up-to-date symlink: /home/aurora/RM25/install/rm_robot_description/share/rm_robot_description/launch/rm_simulation.launch.py
[1.660s] -- Up-to-date symlink: /home/aurora/RM25/install/rm_robot_description/share/rm_robot_description/launch/robot.launch.py
[1.660s] -- Up-to-date symlink: /home/aurora/RM25/install/rm_robot_description/share/rm_robot_description/launch/robotv2.launch.py
[1.660s] -- Up-to-date symlink: /home/aurora/RM25/install/rm_robot_description/share/rm_robot_description/urdf/four_omniwheel_robot.urdf
[1.660s] -- Up-to-date symlink: /home/aurora/RM25/install/rm_robot_description/share/rm_robot_description/urdf/mid360.xacro
[1.660s] -- Up-to-date symlink: /home/aurora/RM25/install/rm_robot_description/share/rm_robot_description/urdf/robot.urdf
[1.661s] -- Up-to-date symlink: /home/aurora/RM25/install/rm_robot_description/share/rm_robot_description/urdf/robot.urdf.xacro
[1.661s] -- Up-to-date symlink: /home/aurora/RM25/install/rm_robot_description/share/rm_robot_description/urdf/sim_robot.urdf
[1.661s] -- Up-to-date symlink: /home/aurora/RM25/install/rm_robot_description/share/rm_robot_description/urdf/simulation.urdf
[1.661s] -- Up-to-date symlink: /home/aurora/RM25/install/rm_robot_description/share/rm_robot_description/urdf/simulation_robot.xacro
[1.661s] -- Up-to-date symlink: /home/aurora/RM25/install/rm_robot_description/share/rm_robot_description/meshes/RMUC_2024.stl
[1.661s] -- Up-to-date symlink: /home/aurora/RM25/install/rm_robot_description/share/rm_robot_description/meshes/RMUL_2024.stl
[1.661s] -- Up-to-date symlink: /home/aurora/RM25/install/rm_robot_description/share/rm_robot_description/meshes/base_link.STL
[1.661s] -- Up-to-date symlink: /home/aurora/RM25/install/rm_robot_description/share/rm_robot_description/meshes/controller_link.STL
[1.661s] -- Up-to-date symlink: /home/aurora/RM25/install/rm_robot_description/share/rm_robot_description/meshes/display.launch
[1.661s] -- Up-to-date symlink: /home/aurora/RM25/install/rm_robot_description/share/rm_robot_description/meshes/display.launch.py
[1.661s] -- Up-to-date symlink: /home/aurora/RM25/install/rm_robot_description/share/rm_robot_description/meshes/gazebo.launch
[1.661s] -- Up-to-date symlink: /home/aurora/RM25/install/rm_robot_description/share/rm_robot_description/meshes/gazebo.launch.py
[1.661s] -- Up-to-date symlink: /home/aurora/RM25/install/rm_robot_description/share/rm_robot_description/meshes/mid360.stl
[1.661s] -- Up-to-date symlink: /home/aurora/RM25/install/rm_robot_description/share/rm_robot_description/meshes/mid360laser_link.STL
[1.661s] -- Up-to-date symlink: /home/aurora/RM25/install/rm_robot_description/share/rm_robot_description/meshes/omniwheel1_link.STL
[1.661s] -- Up-to-date symlink: /home/aurora/RM25/install/rm_robot_description/share/rm_robot_description/meshes/omniwheel2_link.STL
[1.661s] -- Up-to-date symlink: /home/aurora/RM25/install/rm_robot_description/share/rm_robot_description/meshes/omniwheel3_link.STL
[1.661s] -- Up-to-date symlink: /home/aurora/RM25/install/rm_robot_description/share/rm_robot_description/meshes/omniwheel4_link.STL
[1.661s] -- Up-to-date symlink: /home/aurora/RM25/install/rm_robot_description/share/rm_robot_description/world/25UL/RMUL25.world
[1.661s] -- Up-to-date symlink: /home/aurora/RM25/install/rm_robot_description/share/rm_robot_description/world/25UL/model.config
[1.661s] -- Up-to-date symlink: /home/aurora/RM25/install/rm_robot_description/share/rm_robot_description/world/25UL/model.sdf
[1.661s] -- Up-to-date symlink: /home/aurora/RM25/install/rm_robot_description/share/rm_robot_description/world/RMUL25.world
[1.661s] -- Up-to-date symlink: /home/aurora/RM25/install/rm_robot_description/share/rm_robot_description/world/my_world.world
[1.661s] -- Up-to-date symlink: /home/aurora/RM25/install/rm_robot_description/share/rm_robot_description/world/rmul/RMUL25.world
[1.662s] -- Up-to-date symlink: /home/aurora/RM25/install/rm_robot_description/share/rm_robot_description/world/rmul/model.config
[1.662s] -- Up-to-date symlink: /home/aurora/RM25/install/rm_robot_description/share/rm_robot_description/world/rmul/model.sdf
[1.662s] -- Up-to-date symlink: /home/aurora/RM25/install/rm_robot_description/share/rm_robot_description/rviz/fastlio.rviz
[1.662s] -- Up-to-date symlink: /home/aurora/RM25/install/rm_robot_description/share/rm_robot_description/rviz/rviz2.rviz
[1.662s] -- Up-to-date symlink: /home/aurora/RM25/install/rm_robot_description/share/rm_robot_description/rviz/urdf_config.rviz
[1.662s] -- Symlinking: /home/aurora/RM25/install/rm_robot_description/share/rm_robot_description/xacro/four_omniwheel_robot.xacro
[1.665s] -- Symlinking: /home/aurora/RM25/install/rm_robot_description/share/rm_robot_description/xacro/livox_mid360.xacro
[1.669s] -- Symlinking: /home/aurora/RM25/install/rm_robot_description/share/rm_robot_description/xacro/mid360.xacro
[1.673s] -- Symlinking: /home/aurora/RM25/install/rm_robot_description/share/rm_robot_description/xacro/simulation_robot.xacro
[1.677s] -- Symlinking: /home/aurora/RM25/install/rm_robot_description/share/ament_index/resource_index/package_run_dependencies/rm_robot_description
[1.681s] -- Symlinking: /home/aurora/RM25/install/rm_robot_description/share/ament_index/resource_index/parent_prefix_path/rm_robot_description
[1.685s] -- Symlinking: /home/aurora/RM25/install/rm_robot_description/share/rm_robot_description/environment/ament_prefix_path.sh
[1.689s] -- Symlinking: /home/aurora/RM25/install/rm_robot_description/share/rm_robot_description/environment/ament_prefix_path.dsv
[1.692s] -- Symlinking: /home/aurora/RM25/install/rm_robot_description/share/rm_robot_description/environment/path.sh
[1.696s] -- Symlinking: /home/aurora/RM25/install/rm_robot_description/share/rm_robot_description/environment/path.dsv
[1.700s] -- Symlinking: /home/aurora/RM25/install/rm_robot_description/share/rm_robot_description/local_setup.bash
[1.704s] -- Symlinking: /home/aurora/RM25/install/rm_robot_description/share/rm_robot_description/local_setup.sh
[1.708s] -- Symlinking: /home/aurora/RM25/install/rm_robot_description/share/rm_robot_description/local_setup.zsh
[1.712s] -- Symlinking: /home/aurora/RM25/install/rm_robot_description/share/rm_robot_description/local_setup.dsv
[1.716s] -- Symlinking: /home/aurora/RM25/install/rm_robot_description/share/rm_robot_description/package.dsv
[1.720s] -- Symlinking: /home/aurora/RM25/install/rm_robot_description/share/ament_index/resource_index/packages/rm_robot_description
[1.724s] -- Symlinking: /home/aurora/RM25/install/rm_robot_description/share/rm_robot_description/cmake/ament_cmake_export_dependencies-extras.cmake
[1.728s] -- Symlinking: /home/aurora/RM25/install/rm_robot_description/share/rm_robot_description/cmake/rm_robot_descriptionConfig.cmake
[1.732s] -- Symlinking: /home/aurora/RM25/install/rm_robot_description/share/rm_robot_description/cmake/rm_robot_descriptionConfig-version.cmake
[1.736s] -- Symlinking: /home/aurora/RM25/install/rm_robot_description/share/rm_robot_description/package.xml
[1.741s] Invoked command in '/home/aurora/RM25/build/rm_robot_description' returned '0': CMAKE_PREFIX_PATH=${CMAKE_PREFIX_PATH}:/home/aurora/ws_helloworld/install/pkg02_helloworld_py:/opt/ros/humble /usr/bin/cmake --install /home/aurora/RM25/build/rm_robot_description
