[0.680s] Invoking command in '/home/aurora/RM25/build/costmap_queue': AMENT_PREFIX_PATH=/home/aurora/RM25/install/nav2_costmap_2d:/home/aurora/RM25/install/nav2_map_server:/home/aurora/RM25/install/nav2_lifecycle_manager:/home/aurora/RM25/install/nav2_util:/home/aurora/RM25/install/nav2_voxel_grid:/home/aurora/RM25/install/nav2_common:${AMENT_PREFIX_PATH} CMAKE_PREFIX_PATH=/home/aurora/RM25/install/nav2_costmap_2d:/home/aurora/RM25/install/nav2_map_server:/home/aurora/RM25/install/nav2_lifecycle_manager:/home/aurora/RM25/install/nav2_util:/home/aurora/RM25/install/nav2_voxel_grid:/home/aurora/RM25/install/nav2_msgs:/home/aurora/RM25/install/nav2_common:/home/aurora/RM25/install/rm_robot_description:/home/aurora/RM25/install/nav2_bringup:/home/aurora/RM25/install/four_omniwheel_robot:/home/aurora/ws_helloworld/install/pkg01_helloworld_cpp:/home/aurora/ws_helloworld/install/learning_tf2_cpp:/home/aurora/ws_helloworld/install/pkg02_helloworld_py:/opt/ros/humble LD_LIBRARY_PATH=/home/aurora/RM25/install/nav2_costmap_2d/lib:/home/aurora/RM25/install/nav2_map_server/lib:/home/aurora/RM25/install/nav2_lifecycle_manager/lib:/home/aurora/RM25/install/nav2_util/lib:/home/aurora/RM25/install/nav2_voxel_grid/lib:${LD_LIBRARY_PATH} PYTHONPATH=/home/aurora/RM25/install/nav2_common/local/lib/python3.10/dist-packages:${PYTHONPATH} /usr/bin/cmake --build /home/aurora/RM25/build/costmap_queue -- -j20 -l20
[0.707s] [35m[1mConsolidate compiler generated dependencies of target gtest_main[0m
[0.707s] [35m[1mConsolidate compiler generated dependencies of target gtest[0m
[0.710s] [35m[1mConsolidate compiler generated dependencies of target costmap_queue[0m
[0.715s] [ 18%] Built target gtest_main
[0.716s] [ 36%] Built target gtest
[0.719s] [ 63%] Built target costmap_queue
[0.724s] [35m[1mConsolidate compiler generated dependencies of target mbq_test[0m
[0.726s] [35m[1mConsolidate compiler generated dependencies of target utest[0m
[0.732s] [ 81%] Built target mbq_test
[0.737s] [100%] Built target utest
[0.742s] Invoked command in '/home/aurora/RM25/build/costmap_queue' returned '0': AMENT_PREFIX_PATH=/home/aurora/RM25/install/nav2_costmap_2d:/home/aurora/RM25/install/nav2_map_server:/home/aurora/RM25/install/nav2_lifecycle_manager:/home/aurora/RM25/install/nav2_util:/home/aurora/RM25/install/nav2_voxel_grid:/home/aurora/RM25/install/nav2_common:${AMENT_PREFIX_PATH} CMAKE_PREFIX_PATH=/home/aurora/RM25/install/nav2_costmap_2d:/home/aurora/RM25/install/nav2_map_server:/home/aurora/RM25/install/nav2_lifecycle_manager:/home/aurora/RM25/install/nav2_util:/home/aurora/RM25/install/nav2_voxel_grid:/home/aurora/RM25/install/nav2_msgs:/home/aurora/RM25/install/nav2_common:/home/aurora/RM25/install/rm_robot_description:/home/aurora/RM25/install/nav2_bringup:/home/aurora/RM25/install/four_omniwheel_robot:/home/aurora/ws_helloworld/install/pkg01_helloworld_cpp:/home/aurora/ws_helloworld/install/learning_tf2_cpp:/home/aurora/ws_helloworld/install/pkg02_helloworld_py:/opt/ros/humble LD_LIBRARY_PATH=/home/aurora/RM25/install/nav2_costmap_2d/lib:/home/aurora/RM25/install/nav2_map_server/lib:/home/aurora/RM25/install/nav2_lifecycle_manager/lib:/home/aurora/RM25/install/nav2_util/lib:/home/aurora/RM25/install/nav2_voxel_grid/lib:${LD_LIBRARY_PATH} PYTHONPATH=/home/aurora/RM25/install/nav2_common/local/lib/python3.10/dist-packages:${PYTHONPATH} /usr/bin/cmake --build /home/aurora/RM25/build/costmap_queue -- -j20 -l20
[0.810s] Invoking command in '/home/aurora/RM25/build/costmap_queue': AMENT_PREFIX_PATH=/home/aurora/RM25/install/nav2_costmap_2d:/home/aurora/RM25/install/nav2_map_server:/home/aurora/RM25/install/nav2_lifecycle_manager:/home/aurora/RM25/install/nav2_util:/home/aurora/RM25/install/nav2_voxel_grid:/home/aurora/RM25/install/nav2_common:${AMENT_PREFIX_PATH} CMAKE_PREFIX_PATH=/home/aurora/RM25/install/nav2_costmap_2d:/home/aurora/RM25/install/nav2_map_server:/home/aurora/RM25/install/nav2_lifecycle_manager:/home/aurora/RM25/install/nav2_util:/home/aurora/RM25/install/nav2_voxel_grid:/home/aurora/RM25/install/nav2_msgs:/home/aurora/RM25/install/nav2_common:/home/aurora/RM25/install/rm_robot_description:/home/aurora/RM25/install/nav2_bringup:/home/aurora/RM25/install/four_omniwheel_robot:/home/aurora/ws_helloworld/install/pkg01_helloworld_cpp:/home/aurora/ws_helloworld/install/learning_tf2_cpp:/home/aurora/ws_helloworld/install/pkg02_helloworld_py:/opt/ros/humble LD_LIBRARY_PATH=/home/aurora/RM25/install/nav2_costmap_2d/lib:/home/aurora/RM25/install/nav2_map_server/lib:/home/aurora/RM25/install/nav2_lifecycle_manager/lib:/home/aurora/RM25/install/nav2_util/lib:/home/aurora/RM25/install/nav2_voxel_grid/lib:${LD_LIBRARY_PATH} PYTHONPATH=/home/aurora/RM25/install/nav2_common/local/lib/python3.10/dist-packages:${PYTHONPATH} /usr/bin/cmake --install /home/aurora/RM25/build/costmap_queue
[0.814s] -- Install configuration: "Release"
[0.815s] -- Execute custom install script
[0.816s] -- Up-to-date symlink: /home/aurora/RM25/install/costmap_queue/lib/libcostmap_queue.so
[0.816s] -- Up-to-date symlink: /home/aurora/RM25/install/costmap_queue/include//costmap_queue/costmap_queue.hpp
[0.816s] -- Up-to-date symlink: /home/aurora/RM25/install/costmap_queue/include//costmap_queue/limited_costmap_queue.hpp
[0.816s] -- Up-to-date symlink: /home/aurora/RM25/install/costmap_queue/include//costmap_queue/map_based_queue.hpp
[0.816s] -- Up-to-date symlink: /home/aurora/RM25/install/costmap_queue/share/costmap_queue/environment/library_path.sh
[0.817s] -- Up-to-date symlink: /home/aurora/RM25/install/costmap_queue/share/costmap_queue/environment/library_path.dsv
[0.817s] -- Up-to-date symlink: /home/aurora/RM25/install/costmap_queue/share/ament_index/resource_index/package_run_dependencies/costmap_queue
[0.817s] -- Up-to-date symlink: /home/aurora/RM25/install/costmap_queue/share/ament_index/resource_index/parent_prefix_path/costmap_queue
[0.817s] -- Up-to-date symlink: /home/aurora/RM25/install/costmap_queue/share/costmap_queue/environment/ament_prefix_path.sh
[0.817s] -- Up-to-date symlink: /home/aurora/RM25/install/costmap_queue/share/costmap_queue/environment/ament_prefix_path.dsv
[0.817s] -- Up-to-date symlink: /home/aurora/RM25/install/costmap_queue/share/costmap_queue/environment/path.sh
[0.817s] -- Up-to-date symlink: /home/aurora/RM25/install/costmap_queue/share/costmap_queue/environment/path.dsv
[0.817s] -- Up-to-date symlink: /home/aurora/RM25/install/costmap_queue/share/costmap_queue/local_setup.bash
[0.818s] -- Up-to-date symlink: /home/aurora/RM25/install/costmap_queue/share/costmap_queue/local_setup.sh
[0.818s] -- Up-to-date symlink: /home/aurora/RM25/install/costmap_queue/share/costmap_queue/local_setup.zsh
[0.818s] -- Up-to-date symlink: /home/aurora/RM25/install/costmap_queue/share/costmap_queue/local_setup.dsv
[0.818s] -- Symlinking: /home/aurora/RM25/install/costmap_queue/share/costmap_queue/package.dsv
[0.823s] -- Up-to-date symlink: /home/aurora/RM25/install/costmap_queue/share/ament_index/resource_index/packages/costmap_queue
[0.823s] -- Up-to-date symlink: /home/aurora/RM25/install/costmap_queue/share/costmap_queue/cmake/ament_cmake_export_include_directories-extras.cmake
[0.823s] -- Up-to-date symlink: /home/aurora/RM25/install/costmap_queue/share/costmap_queue/cmake/ament_cmake_export_libraries-extras.cmake
[0.823s] -- Up-to-date symlink: /home/aurora/RM25/install/costmap_queue/share/costmap_queue/cmake/costmap_queueConfig.cmake
[0.823s] -- Up-to-date symlink: /home/aurora/RM25/install/costmap_queue/share/costmap_queue/cmake/costmap_queueConfig-version.cmake
[0.823s] -- Up-to-date symlink: /home/aurora/RM25/install/costmap_queue/share/costmap_queue/package.xml
[0.825s] Invoked command in '/home/aurora/RM25/build/costmap_queue' returned '0': AMENT_PREFIX_PATH=/home/aurora/RM25/install/nav2_costmap_2d:/home/aurora/RM25/install/nav2_map_server:/home/aurora/RM25/install/nav2_lifecycle_manager:/home/aurora/RM25/install/nav2_util:/home/aurora/RM25/install/nav2_voxel_grid:/home/aurora/RM25/install/nav2_common:${AMENT_PREFIX_PATH} CMAKE_PREFIX_PATH=/home/aurora/RM25/install/nav2_costmap_2d:/home/aurora/RM25/install/nav2_map_server:/home/aurora/RM25/install/nav2_lifecycle_manager:/home/aurora/RM25/install/nav2_util:/home/aurora/RM25/install/nav2_voxel_grid:/home/aurora/RM25/install/nav2_msgs:/home/aurora/RM25/install/nav2_common:/home/aurora/RM25/install/rm_robot_description:/home/aurora/RM25/install/nav2_bringup:/home/aurora/RM25/install/four_omniwheel_robot:/home/aurora/ws_helloworld/install/pkg01_helloworld_cpp:/home/aurora/ws_helloworld/install/learning_tf2_cpp:/home/aurora/ws_helloworld/install/pkg02_helloworld_py:/opt/ros/humble LD_LIBRARY_PATH=/home/aurora/RM25/install/nav2_costmap_2d/lib:/home/aurora/RM25/install/nav2_map_server/lib:/home/aurora/RM25/install/nav2_lifecycle_manager/lib:/home/aurora/RM25/install/nav2_util/lib:/home/aurora/RM25/install/nav2_voxel_grid/lib:${LD_LIBRARY_PATH} PYTHONPATH=/home/aurora/RM25/install/nav2_common/local/lib/python3.10/dist-packages:${PYTHONPATH} /usr/bin/cmake --install /home/aurora/RM25/build/costmap_queue
