[0.013s] Invoking command in '/home/aurora/RM25/build/livox_sdk2': /usr/bin/cmake --build /home/aurora/RM25/build/livox_sdk2 -- -j20 -l20
[0.047s] [35m[1mConsolidate compiler generated dependencies of target livox_lidar_sdk_shared[0m
[0.047s] [35m[1mConsolidate compiler generated dependencies of target livox_lidar_sdk_static[0m
[0.073s] [ 42%] Built target livox_lidar_sdk_static
[0.074s] [ 84%] Built target livox_lidar_sdk_shared
[0.081s] [35m[1mConsolidate compiler generated dependencies of target livox_lidar_quick_start[0m
[0.081s] [35m[1mConsolidate compiler generated dependencies of target logger[0m
[0.082s] [35m[1mConsolidate compiler generated dependencies of target multi_lidars_upgrade[0m
[0.083s] [35m[1mConsolidate compiler generated dependencies of target livox_lidar_rmc_time_sync[0m
[0.083s] [35m[1mConsolidate compiler generated dependencies of target debug_point_cloud[0m
[0.083s] [35m[1mConsolidate compiler generated dependencies of target lidar_cmd_observer[0m
[0.090s] [ 86%] Built target livox_lidar_quick_start
[0.090s] [ 89%] Built target debug_point_cloud
[0.091s] [ 92%] Built target livox_lidar_rmc_time_sync
[0.092s] [ 96%] Built target logger
[0.093s] [ 97%] Built target multi_lidars_upgrade
[0.094s] [100%] Built target lidar_cmd_observer
[0.105s] Invoked command in '/home/aurora/RM25/build/livox_sdk2' returned '0': /usr/bin/cmake --build /home/aurora/RM25/build/livox_sdk2 -- -j20 -l20
[0.115s] Invoking command in '/home/aurora/RM25/build/livox_sdk2': /usr/bin/cmake --install /home/aurora/RM25/build/livox_sdk2
[0.123s] -- Install configuration: ""
[0.123s] -- Up-to-date: /home/aurora/RM25/install/livox_sdk2/lib/liblivox_lidar_sdk_static.a
[0.123s] -- Up-to-date: /home/aurora/RM25/install/livox_sdk2/include/livox_lidar_def.h
[0.124s] -- Up-to-date: /home/aurora/RM25/install/livox_sdk2/include/livox_lidar_api.h
[0.124s] -- Up-to-date: /home/aurora/RM25/install/livox_sdk2/include/livox_lidar_cfg.h
[0.124s] -- Up-to-date: /home/aurora/RM25/install/livox_sdk2/lib/liblivox_lidar_sdk_shared.so
[0.126s] Invoked command in '/home/aurora/RM25/build/livox_sdk2' returned '0': /usr/bin/cmake --install /home/aurora/RM25/build/livox_sdk2
