[0.892s] Invoking command in '/home/aurora/RM25/build/nav2_collision_monitor': CMAKE_PREFIX_PATH=/home/aurora/RM25/install/nav2_costmap_2d:/home/aurora/RM25/install/nav2_map_server:/home/aurora/RM25/install/nav2_lifecycle_manager:/home/aurora/RM25/install/nav2_util:/home/aurora/RM25/install/nav2_voxel_grid:/home/aurora/RM25/install/nav2_msgs:/home/aurora/RM25/install/nav2_common:/home/aurora/RM25/install/nav2_constrained_smoother:/home/aurora/RM25/install/rm_robot_description:/home/aurora/RM25/install/opennav_docking_core:/home/aurora/RM25/install/nav_2d_utils:/home/aurora/RM25/install/dwb_msgs:/home/aurora/RM25/install/nav_2d_msgs:/home/aurora/RM25/install/nav2_core:/home/aurora/RM25/install/costmap_queue:/home/aurora/RM25/install/nav2_velocity_smoother:/home/aurora/RM25/install/nav2_rviz_plugins:/home/aurora/RM25/install/nav2_behavior_tree:/home/aurora/RM25/install/nav2_amcl:/home/aurora/ws_helloworld/install/pkg01_helloworld_cpp:/home/aurora/ws_helloworld/install/learning_tf2_cpp:/home/aurora/RM25/install/nav2_simple_commander:/home/aurora/RM25/install/nav2_loopback_sim:/home/aurora/ws_helloworld/install/pkg02_helloworld_py:/opt/ros/humble LD_LIBRARY_PATH=/home/aurora/RM25/install/nav2_costmap_2d/lib:/home/aurora/RM25/install/nav2_map_server/lib:/home/aurora/RM25/install/nav2_lifecycle_manager/lib:/home/aurora/RM25/install/nav2_util/lib:/home/aurora/RM25/install/nav2_voxel_grid/lib:/home/aurora/RM25/install/nav2_msgs/lib:/home/aurora/RM25/install/nav2_constrained_smoother/lib:/home/aurora/RM25/install/nav_2d_utils/lib:/home/aurora/RM25/install/dwb_msgs/lib:/home/aurora/RM25/install/nav_2d_msgs/lib:/home/aurora/RM25/install/costmap_queue/lib:/home/aurora/RM25/install/nav2_velocity_smoother/lib:/home/aurora/RM25/install/nav2_rviz_plugins/lib:/home/aurora/RM25/install/nav2_behavior_tree/lib:/home/aurora/RM25/install/nav2_amcl/lib:/usr/lib/x86_64-linux-gnu/gazebo-11/plugins:/opt/ros/humble/opt/rviz_ogre_vendor/lib:/opt/ros/humble/lib/x86_64-linux-gnu:/opt/ros/humble/lib /usr/bin/cmake --build /home/aurora/RM25/build/nav2_collision_monitor -- -j20 -l20
[0.915s] -- Found ament_cmake: 1.3.10 (/opt/ros/humble/share/ament_cmake/cmake)
[1.013s] -- Override CMake install command with custom implementation using symlinks instead of copying resources
[1.019s] -- Found rclcpp: 16.0.10 (/opt/ros/humble/share/rclcpp/cmake)
[1.197s] -- Found rosidl_generator_c: 3.1.5 (/opt/ros/humble/share/rosidl_generator_c/cmake)
[1.199s] -- Found rosidl_adapter: 3.1.5 (/opt/ros/humble/share/rosidl_adapter/cmake)
[1.203s] -- Found rosidl_generator_cpp: 3.1.5 (/opt/ros/humble/share/rosidl_generator_cpp/cmake)
[1.211s] -- Using all available rosidl_typesupport_c: rosidl_typesupport_fastrtps_c;rosidl_typesupport_introspection_c
[1.220s] -- Using all available rosidl_typesupport_cpp: rosidl_typesupport_fastrtps_cpp;rosidl_typesupport_introspection_cpp
[1.242s] -- Found rmw_implementation_cmake: 6.1.2 (/opt/ros/humble/share/rmw_implementation_cmake/cmake)
[1.243s] -- Found rmw_fastrtps_cpp: 6.2.7 (/opt/ros/humble/share/rmw_fastrtps_cpp/cmake)
[10.572s] -- Using RMW implementation 'rmw_fastrtps_cpp' as default
[10.606s] -- Found rclcpp_components: 16.0.10 (/opt/ros/humble/share/rclcpp_components/cmake)
[10.618s] -- Found sensor_msgs: 4.2.4 (/opt/ros/humble/share/sensor_msgs/cmake)
[10.641s] -- Found tf2: 0.25.8 (/opt/ros/humble/share/tf2/cmake)
[10.643s] -- Found tf2_ros: 0.25.8 (/opt/ros/humble/share/tf2_ros/cmake)
[10.683s] -- Found tf2_geometry_msgs: 0.25.8 (/opt/ros/humble/share/tf2_geometry_msgs/cmake)
[10.684s] -- Found eigen3_cmake_module: 0.1.1 (/opt/ros/humble/share/eigen3_cmake_module/cmake)
[10.686s] -- Ensuring Eigen3 include directory is part of orocos-kdl CMake target
[10.688s] -- Found nav2_common: 1.1.16 (/opt/ros/humble/share/nav2_common/cmake)
[10.688s] -- Found nav2_util: 1.1.17 (/home/aurora/RM25/install/nav2_util/share/nav2_util/cmake)
[10.748s] -- Found nav2_costmap_2d: 1.1.17 (/home/aurora/RM25/install/nav2_costmap_2d/share/nav2_costmap_2d/cmake)
[13.818s] -- Found ament_lint_auto: 0.12.11 (/opt/ros/humble/share/ament_lint_auto/cmake)
[13.862s] -- Found gtest sources under '/opt/ros/humble/src/gtest_vendor': C++ tests using 'Google Test' will be built
[13.956s] -- Added test 'cppcheck' to perform static code analysis on C / C++ code
[13.956s] -- Configured cppcheck include dirs: /home/aurora/RM25/src/rm_navigation2/nav2_collision_monitor/include
[13.956s] -- Configured cppcheck exclude dirs and/or files: 
[13.956s] -- Added test 'flake8' to check Python code syntax and style conventions
[13.957s] -- Added test 'lint_cmake' to check CMake code style
[13.957s] -- Added test 'pep257' to check Python code against some of the docstring style conventions in PEP 257
[13.958s] -- Added test 'uncrustify' to check C / C++ code style
[13.958s] -- Configured uncrustify additional arguments: 
[13.958s] -- Added test 'xmllint' to check XML markup files
[13.961s] -- Configuring done
[14.109s] -- Generating done
[14.111s] -- Build files have been written to: /home/aurora/RM25/build/nav2_collision_monitor
[14.130s] [35m[1mConsolidate compiler generated dependencies of target gtest_main[0m
[14.131s] [35m[1mConsolidate compiler generated dependencies of target gtest[0m
[14.136s] [35m[1mConsolidate compiler generated dependencies of target collision_monitor_core[0m
[14.139s] [  8%] Built target gtest_main
[14.139s] [ 17%] Built target gtest
[14.159s] [ 21%] [32m[1mLinking CXX shared library libcollision_monitor_core.so[0m
[14.719s] [ 56%] Built target collision_monitor_core
[14.727s] [35m[1mConsolidate compiler generated dependencies of target kinematics_test[0m
[14.727s] [35m[1mConsolidate compiler generated dependencies of target polygons_test[0m
[14.727s] [35m[1mConsolidate compiler generated dependencies of target sources_test[0m
[14.727s] [35m[1mConsolidate compiler generated dependencies of target collision_monitor_node_test[0m
[14.727s] [35m[1mConsolidate compiler generated dependencies of target collision_monitor[0m
[14.737s] [ 60%] [32m[1mLinking CXX executable sources_test[0m
[14.738s] [ 65%] [32m[1mLinking CXX executable kinematics_test[0m
[14.739s] [ 69%] [32m[1mLinking CXX executable collision_monitor[0m
[14.740s] [ 73%] [32m[1mLinking CXX executable polygons_test[0m
[14.740s] [ 78%] [32m[1mLinking CXX executable collision_monitor_node_test[0m
[15.161s] [ 82%] Built target collision_monitor
[15.244s] [ 86%] Built target kinematics_test
[15.276s] [ 91%] Built target polygons_test
[15.328s] [ 95%] Built target sources_test
[15.389s] [100%] Built target collision_monitor_node_test
[15.398s] Invoked command in '/home/aurora/RM25/build/nav2_collision_monitor' returned '0': CMAKE_PREFIX_PATH=/home/aurora/RM25/install/nav2_costmap_2d:/home/aurora/RM25/install/nav2_map_server:/home/aurora/RM25/install/nav2_lifecycle_manager:/home/aurora/RM25/install/nav2_util:/home/aurora/RM25/install/nav2_voxel_grid:/home/aurora/RM25/install/nav2_msgs:/home/aurora/RM25/install/nav2_common:/home/aurora/RM25/install/nav2_constrained_smoother:/home/aurora/RM25/install/rm_robot_description:/home/aurora/RM25/install/opennav_docking_core:/home/aurora/RM25/install/nav_2d_utils:/home/aurora/RM25/install/dwb_msgs:/home/aurora/RM25/install/nav_2d_msgs:/home/aurora/RM25/install/nav2_core:/home/aurora/RM25/install/costmap_queue:/home/aurora/RM25/install/nav2_velocity_smoother:/home/aurora/RM25/install/nav2_rviz_plugins:/home/aurora/RM25/install/nav2_behavior_tree:/home/aurora/RM25/install/nav2_amcl:/home/aurora/ws_helloworld/install/pkg01_helloworld_cpp:/home/aurora/ws_helloworld/install/learning_tf2_cpp:/home/aurora/RM25/install/nav2_simple_commander:/home/aurora/RM25/install/nav2_loopback_sim:/home/aurora/ws_helloworld/install/pkg02_helloworld_py:/opt/ros/humble LD_LIBRARY_PATH=/home/aurora/RM25/install/nav2_costmap_2d/lib:/home/aurora/RM25/install/nav2_map_server/lib:/home/aurora/RM25/install/nav2_lifecycle_manager/lib:/home/aurora/RM25/install/nav2_util/lib:/home/aurora/RM25/install/nav2_voxel_grid/lib:/home/aurora/RM25/install/nav2_msgs/lib:/home/aurora/RM25/install/nav2_constrained_smoother/lib:/home/aurora/RM25/install/nav_2d_utils/lib:/home/aurora/RM25/install/dwb_msgs/lib:/home/aurora/RM25/install/nav_2d_msgs/lib:/home/aurora/RM25/install/costmap_queue/lib:/home/aurora/RM25/install/nav2_velocity_smoother/lib:/home/aurora/RM25/install/nav2_rviz_plugins/lib:/home/aurora/RM25/install/nav2_behavior_tree/lib:/home/aurora/RM25/install/nav2_amcl/lib:/usr/lib/x86_64-linux-gnu/gazebo-11/plugins:/opt/ros/humble/opt/rviz_ogre_vendor/lib:/opt/ros/humble/lib/x86_64-linux-gnu:/opt/ros/humble/lib /usr/bin/cmake --build /home/aurora/RM25/build/nav2_collision_monitor -- -j20 -l20
[15.438s] Invoking command in '/home/aurora/RM25/build/nav2_collision_monitor': CMAKE_PREFIX_PATH=/home/aurora/RM25/install/nav2_costmap_2d:/home/aurora/RM25/install/nav2_map_server:/home/aurora/RM25/install/nav2_lifecycle_manager:/home/aurora/RM25/install/nav2_util:/home/aurora/RM25/install/nav2_voxel_grid:/home/aurora/RM25/install/nav2_msgs:/home/aurora/RM25/install/nav2_common:/home/aurora/RM25/install/nav2_constrained_smoother:/home/aurora/RM25/install/rm_robot_description:/home/aurora/RM25/install/opennav_docking_core:/home/aurora/RM25/install/nav_2d_utils:/home/aurora/RM25/install/dwb_msgs:/home/aurora/RM25/install/nav_2d_msgs:/home/aurora/RM25/install/nav2_core:/home/aurora/RM25/install/costmap_queue:/home/aurora/RM25/install/nav2_velocity_smoother:/home/aurora/RM25/install/nav2_rviz_plugins:/home/aurora/RM25/install/nav2_behavior_tree:/home/aurora/RM25/install/nav2_amcl:/home/aurora/ws_helloworld/install/pkg01_helloworld_cpp:/home/aurora/ws_helloworld/install/learning_tf2_cpp:/home/aurora/RM25/install/nav2_simple_commander:/home/aurora/RM25/install/nav2_loopback_sim:/home/aurora/ws_helloworld/install/pkg02_helloworld_py:/opt/ros/humble LD_LIBRARY_PATH=/home/aurora/RM25/install/nav2_costmap_2d/lib:/home/aurora/RM25/install/nav2_map_server/lib:/home/aurora/RM25/install/nav2_lifecycle_manager/lib:/home/aurora/RM25/install/nav2_util/lib:/home/aurora/RM25/install/nav2_voxel_grid/lib:/home/aurora/RM25/install/nav2_msgs/lib:/home/aurora/RM25/install/nav2_constrained_smoother/lib:/home/aurora/RM25/install/nav_2d_utils/lib:/home/aurora/RM25/install/dwb_msgs/lib:/home/aurora/RM25/install/nav_2d_msgs/lib:/home/aurora/RM25/install/costmap_queue/lib:/home/aurora/RM25/install/nav2_velocity_smoother/lib:/home/aurora/RM25/install/nav2_rviz_plugins/lib:/home/aurora/RM25/install/nav2_behavior_tree/lib:/home/aurora/RM25/install/nav2_amcl/lib:/usr/lib/x86_64-linux-gnu/gazebo-11/plugins:/opt/ros/humble/opt/rviz_ogre_vendor/lib:/opt/ros/humble/lib/x86_64-linux-gnu:/opt/ros/humble/lib /usr/bin/cmake --install /home/aurora/RM25/build/nav2_collision_monitor
[15.446s] -- Install configuration: "Release"
[15.447s] -- Execute custom install script
[15.447s] -- Up-to-date symlink: /home/aurora/RM25/install/nav2_collision_monitor/lib/libcollision_monitor_core.so
[15.447s] -- Up-to-date symlink: /home/aurora/RM25/install/nav2_collision_monitor/lib/nav2_collision_monitor/collision_monitor
[15.448s] -- Up-to-date symlink: /home/aurora/RM25/install/nav2_collision_monitor/include//nav2_collision_monitor/circle.hpp
[15.448s] -- Up-to-date symlink: /home/aurora/RM25/install/nav2_collision_monitor/include//nav2_collision_monitor/collision_monitor_node.hpp
[15.448s] -- Up-to-date symlink: /home/aurora/RM25/install/nav2_collision_monitor/include//nav2_collision_monitor/kinematics.hpp
[15.449s] -- Up-to-date symlink: /home/aurora/RM25/install/nav2_collision_monitor/include//nav2_collision_monitor/pointcloud.hpp
[15.449s] -- Up-to-date symlink: /home/aurora/RM25/install/nav2_collision_monitor/include//nav2_collision_monitor/polygon.hpp
[15.449s] -- Up-to-date symlink: /home/aurora/RM25/install/nav2_collision_monitor/include//nav2_collision_monitor/range.hpp
[15.449s] -- Up-to-date symlink: /home/aurora/RM25/install/nav2_collision_monitor/include//nav2_collision_monitor/scan.hpp
[15.450s] -- Up-to-date symlink: /home/aurora/RM25/install/nav2_collision_monitor/include//nav2_collision_monitor/source.hpp
[15.450s] -- Up-to-date symlink: /home/aurora/RM25/install/nav2_collision_monitor/include//nav2_collision_monitor/types.hpp
[15.451s] -- Up-to-date symlink: /home/aurora/RM25/install/nav2_collision_monitor/share/nav2_collision_monitor/launch/collision_monitor_node.launch.py
[15.451s] -- Up-to-date symlink: /home/aurora/RM25/install/nav2_collision_monitor/share/nav2_collision_monitor/params/collision_monitor_params.yaml
[15.451s] -- Up-to-date symlink: /home/aurora/RM25/install/nav2_collision_monitor/share/nav2_collision_monitor/environment/library_path.sh
[15.452s] -- Up-to-date symlink: /home/aurora/RM25/install/nav2_collision_monitor/share/nav2_collision_monitor/environment/library_path.dsv
[15.452s] -- Up-to-date symlink: /home/aurora/RM25/install/nav2_collision_monitor/share/ament_index/resource_index/package_run_dependencies/nav2_collision_monitor
[15.452s] -- Up-to-date symlink: /home/aurora/RM25/install/nav2_collision_monitor/share/ament_index/resource_index/parent_prefix_path/nav2_collision_monitor
[15.452s] -- Up-to-date symlink: /home/aurora/RM25/install/nav2_collision_monitor/share/nav2_collision_monitor/environment/ament_prefix_path.sh
[15.453s] -- Up-to-date symlink: /home/aurora/RM25/install/nav2_collision_monitor/share/nav2_collision_monitor/environment/ament_prefix_path.dsv
[15.453s] -- Up-to-date symlink: /home/aurora/RM25/install/nav2_collision_monitor/share/nav2_collision_monitor/environment/path.sh
[15.453s] -- Up-to-date symlink: /home/aurora/RM25/install/nav2_collision_monitor/share/nav2_collision_monitor/environment/path.dsv
[15.454s] -- Up-to-date symlink: /home/aurora/RM25/install/nav2_collision_monitor/share/nav2_collision_monitor/local_setup.bash
[15.454s] -- Up-to-date symlink: /home/aurora/RM25/install/nav2_collision_monitor/share/nav2_collision_monitor/local_setup.sh
[15.454s] -- Up-to-date symlink: /home/aurora/RM25/install/nav2_collision_monitor/share/nav2_collision_monitor/local_setup.zsh
[15.455s] -- Up-to-date symlink: /home/aurora/RM25/install/nav2_collision_monitor/share/nav2_collision_monitor/local_setup.dsv
[15.455s] -- Symlinking: /home/aurora/RM25/install/nav2_collision_monitor/share/nav2_collision_monitor/package.dsv
[15.462s] -- Up-to-date symlink: /home/aurora/RM25/install/nav2_collision_monitor/share/ament_index/resource_index/packages/nav2_collision_monitor
[15.462s] -- Up-to-date symlink: /home/aurora/RM25/install/nav2_collision_monitor/share/ament_index/resource_index/rclcpp_components/nav2_collision_monitor
[15.463s] -- Up-to-date symlink: /home/aurora/RM25/install/nav2_collision_monitor/share/nav2_collision_monitor/cmake/ament_cmake_export_include_directories-extras.cmake
[15.463s] -- Up-to-date symlink: /home/aurora/RM25/install/nav2_collision_monitor/share/nav2_collision_monitor/cmake/ament_cmake_export_libraries-extras.cmake
[15.463s] -- Up-to-date symlink: /home/aurora/RM25/install/nav2_collision_monitor/share/nav2_collision_monitor/cmake/ament_cmake_export_dependencies-extras.cmake
[15.464s] -- Up-to-date symlink: /home/aurora/RM25/install/nav2_collision_monitor/share/nav2_collision_monitor/cmake/nav2_collision_monitorConfig.cmake
[15.464s] -- Up-to-date symlink: /home/aurora/RM25/install/nav2_collision_monitor/share/nav2_collision_monitor/cmake/nav2_collision_monitorConfig-version.cmake
[15.464s] -- Up-to-date symlink: /home/aurora/RM25/install/nav2_collision_monitor/share/nav2_collision_monitor/package.xml
[15.466s] Invoked command in '/home/aurora/RM25/build/nav2_collision_monitor' returned '0': CMAKE_PREFIX_PATH=/home/aurora/RM25/install/nav2_costmap_2d:/home/aurora/RM25/install/nav2_map_server:/home/aurora/RM25/install/nav2_lifecycle_manager:/home/aurora/RM25/install/nav2_util:/home/aurora/RM25/install/nav2_voxel_grid:/home/aurora/RM25/install/nav2_msgs:/home/aurora/RM25/install/nav2_common:/home/aurora/RM25/install/nav2_constrained_smoother:/home/aurora/RM25/install/rm_robot_description:/home/aurora/RM25/install/opennav_docking_core:/home/aurora/RM25/install/nav_2d_utils:/home/aurora/RM25/install/dwb_msgs:/home/aurora/RM25/install/nav_2d_msgs:/home/aurora/RM25/install/nav2_core:/home/aurora/RM25/install/costmap_queue:/home/aurora/RM25/install/nav2_velocity_smoother:/home/aurora/RM25/install/nav2_rviz_plugins:/home/aurora/RM25/install/nav2_behavior_tree:/home/aurora/RM25/install/nav2_amcl:/home/aurora/ws_helloworld/install/pkg01_helloworld_cpp:/home/aurora/ws_helloworld/install/learning_tf2_cpp:/home/aurora/RM25/install/nav2_simple_commander:/home/aurora/RM25/install/nav2_loopback_sim:/home/aurora/ws_helloworld/install/pkg02_helloworld_py:/opt/ros/humble LD_LIBRARY_PATH=/home/aurora/RM25/install/nav2_costmap_2d/lib:/home/aurora/RM25/install/nav2_map_server/lib:/home/aurora/RM25/install/nav2_lifecycle_manager/lib:/home/aurora/RM25/install/nav2_util/lib:/home/aurora/RM25/install/nav2_voxel_grid/lib:/home/aurora/RM25/install/nav2_msgs/lib:/home/aurora/RM25/install/nav2_constrained_smoother/lib:/home/aurora/RM25/install/nav_2d_utils/lib:/home/aurora/RM25/install/dwb_msgs/lib:/home/aurora/RM25/install/nav_2d_msgs/lib:/home/aurora/RM25/install/costmap_queue/lib:/home/aurora/RM25/install/nav2_velocity_smoother/lib:/home/aurora/RM25/install/nav2_rviz_plugins/lib:/home/aurora/RM25/install/nav2_behavior_tree/lib:/home/aurora/RM25/install/nav2_amcl/lib:/usr/lib/x86_64-linux-gnu/gazebo-11/plugins:/opt/ros/humble/opt/rviz_ogre_vendor/lib:/opt/ros/humble/lib/x86_64-linux-gnu:/opt/ros/humble/lib /usr/bin/cmake --install /home/aurora/RM25/build/nav2_collision_monitor
