[0.612s] Invoking command in '/home/aurora/RM25/src/build/nav_2d_utils': AMENT_PREFIX_PATH=/home/aurora/RM25/src/install/nav2_util:/home/aurora/RM25/src/install/nav2_msgs:/home/aurora/RM25/src/install/nav_2d_msgs:/home/aurora/RM25/src/install/nav2_common:${AMENT_PREFIX_PATH} CMAKE_PREFIX_PATH=/home/aurora/RM25/src/install/nav2_util:/home/aurora/RM25/src/install/nav2_msgs:/home/aurora/RM25/src/install/nav_2d_msgs:/home/aurora/RM25/src/install/nav2_common:/home/aurora/RM25/install/rm_robot_description:/home/aurora/RM25/install/nav2_msgs:/home/aurora/RM25/install/nav2_bringup:/home/aurora/RM25/install/four_omniwheel_robot:/home/aurora/ws_helloworld/install/pkg01_helloworld_cpp:/home/aurora/ws_helloworld/install/learning_tf2_cpp:/home/aurora/ws_helloworld/install/pkg02_helloworld_py:/opt/ros/humble LD_LIBRARY_PATH=/home/aurora/RM25/src/install/nav2_util/lib:/home/aurora/RM25/src/install/nav2_msgs/lib:/home/aurora/RM25/src/install/nav_2d_msgs/lib:${LD_LIBRARY_PATH} PYTHONPATH=/home/aurora/RM25/src/install/nav2_msgs/local/lib/python3.10/dist-packages:/home/aurora/RM25/src/install/nav_2d_msgs/local/lib/python3.10/dist-packages:/home/aurora/RM25/src/install/nav2_common/local/lib/python3.10/dist-packages:${PYTHONPATH} /usr/bin/cmake /home/aurora/RM25/src/rm_navigation2/nav2_dwb_controller/nav_2d_utils -DAMENT_CMAKE_SYMLINK_INSTALL=1 -DCMAKE_INSTALL_PREFIX=/home/aurora/RM25/src/install/nav_2d_utils
[0.889s] -- The C compiler identification is GNU 11.4.0
[2.302s] -- The CXX compiler identification is GNU 11.4.0
[3.520s] -- Detecting C compiler ABI info
[3.736s] -- Detecting C compiler ABI info - done
[3.741s] -- Check for working C compiler: /usr/bin/cc - skipped
[3.741s] -- Detecting C compile features
[3.741s] -- Detecting C compile features - done
[3.743s] -- Detecting CXX compiler ABI info
[4.021s] -- Detecting CXX compiler ABI info - done
[4.025s] -- Check for working CXX compiler: /usr/bin/c++ - skipped
[4.025s] -- Detecting CXX compile features
[4.025s] -- Detecting CXX compile features - done
[4.027s] -- Found ament_cmake: 1.3.10 (/opt/ros/humble/share/ament_cmake/cmake)
[4.125s] -- Found Python3: /usr/bin/python3 (found version "3.10.12") found components: Interpreter 
[4.168s] -- Override CMake install command with custom implementation using symlinks instead of copying resources
[4.186s] -- Found nav2_common: 1.1.16 (/opt/ros/humble/share/nav2_common/cmake)
[4.187s] -- Found geometry_msgs: 4.2.4 (/opt/ros/humble/share/geometry_msgs/cmake)
[4.596s] -- Found rosidl_generator_c: 3.1.5 (/opt/ros/humble/share/rosidl_generator_c/cmake)
[4.600s] -- Found rosidl_adapter: 3.1.5 (/opt/ros/humble/share/rosidl_adapter/cmake)
[4.605s] -- Found rosidl_generator_cpp: 3.1.5 (/opt/ros/humble/share/rosidl_generator_cpp/cmake)
[4.613s] -- Using all available rosidl_typesupport_c: rosidl_typesupport_fastrtps_c;rosidl_typesupport_introspection_c
[4.624s] -- Using all available rosidl_typesupport_cpp: rosidl_typesupport_fastrtps_cpp;rosidl_typesupport_introspection_cpp
[4.647s] -- Found nav_2d_msgs: 1.1.17 (/home/aurora/RM25/src/install/nav_2d_msgs/share/nav_2d_msgs/cmake)
[4.658s] -- Found nav_msgs: 4.2.4 (/opt/ros/humble/share/nav_msgs/cmake)
[4.668s] -- Found rclcpp: 16.0.10 (/opt/ros/humble/share/rclcpp/cmake)
[4.692s] -- Found rmw_implementation_cmake: 6.1.2 (/opt/ros/humble/share/rmw_implementation_cmake/cmake)
[4.694s] -- Found rmw_fastrtps_cpp: 6.2.7 (/opt/ros/humble/share/rmw_fastrtps_cpp/cmake)
[8.390s] -- Found OpenSSL: /usr/lib/x86_64-linux-gnu/libcrypto.so (found version "3.0.2")  
[13.884s] -- Found FastRTPS: /opt/ros/humble/include  
[22.464s] -- Using RMW implementation 'rmw_fastrtps_cpp' as default
[22.471s] -- Looking for pthread.h
[22.686s] -- Looking for pthread.h - found
[22.686s] -- Performing Test CMAKE_HAVE_LIBC_PTHREAD
[22.891s] -- Performing Test CMAKE_HAVE_LIBC_PTHREAD - Success
[22.892s] -- Found Threads: TRUE  
[22.920s] -- Found tf2: 0.25.8 (/opt/ros/humble/share/tf2/cmake)
[22.926s] -- Found tf2_geometry_msgs: 0.25.8 (/opt/ros/humble/share/tf2_geometry_msgs/cmake)
[23.012s] -- Found eigen3_cmake_module: 0.1.1 (/opt/ros/humble/share/eigen3_cmake_module/cmake)
[23.013s] -- Found Eigen3: TRUE (found version "3.4.0") 
[23.013s] -- Ensuring Eigen3 include directory is part of orocos-kdl CMake target
[23.092s] -- Found nav2_msgs: 1.1.17 (/home/aurora/RM25/src/install/nav2_msgs/share/nav2_msgs/cmake)
[23.109s] -- Found nav2_util: 1.1.17 (/home/aurora/RM25/src/install/nav2_util/share/nav2_util/cmake)
[23.157s] -- Setting build type to Release as none was specified.
[23.198s] -- Found ament_lint_auto: 0.12.11 (/opt/ros/humble/share/ament_lint_auto/cmake)
[23.265s] -- Found gtest sources under '/opt/ros/humble/src/gtest_vendor': C++ tests using 'Google Test' will be built
[23.279s] -- Added test 'cppcheck' to perform static code analysis on C / C++ code
[23.279s] -- Configured cppcheck include dirs: /home/aurora/RM25/src/rm_navigation2/nav2_dwb_controller/nav_2d_utils/include
[23.279s] -- Configured cppcheck exclude dirs and/or files: 
[23.280s] -- Added test 'cpplint' to check C / C++ code against the Google style
[23.280s] -- Configured cpplint exclude dirs and/or files: 
[23.280s] -- Added test 'lint_cmake' to check CMake code style
[23.281s] -- Added test 'uncrustify' to check C / C++ code style
[23.281s] -- Configured uncrustify additional arguments: 
[23.282s] -- Added test 'xmllint' to check XML markup files
[23.286s] -- Configuring done
[23.386s] -- Generating done
[23.388s] -- Build files have been written to: /home/aurora/RM25/src/build/nav_2d_utils
[23.402s] Invoked command in '/home/aurora/RM25/src/build/nav_2d_utils' returned '0': AMENT_PREFIX_PATH=/home/aurora/RM25/src/install/nav2_util:/home/aurora/RM25/src/install/nav2_msgs:/home/aurora/RM25/src/install/nav_2d_msgs:/home/aurora/RM25/src/install/nav2_common:${AMENT_PREFIX_PATH} CMAKE_PREFIX_PATH=/home/aurora/RM25/src/install/nav2_util:/home/aurora/RM25/src/install/nav2_msgs:/home/aurora/RM25/src/install/nav_2d_msgs:/home/aurora/RM25/src/install/nav2_common:/home/aurora/RM25/install/rm_robot_description:/home/aurora/RM25/install/nav2_msgs:/home/aurora/RM25/install/nav2_bringup:/home/aurora/RM25/install/four_omniwheel_robot:/home/aurora/ws_helloworld/install/pkg01_helloworld_cpp:/home/aurora/ws_helloworld/install/learning_tf2_cpp:/home/aurora/ws_helloworld/install/pkg02_helloworld_py:/opt/ros/humble LD_LIBRARY_PATH=/home/aurora/RM25/src/install/nav2_util/lib:/home/aurora/RM25/src/install/nav2_msgs/lib:/home/aurora/RM25/src/install/nav_2d_msgs/lib:${LD_LIBRARY_PATH} PYTHONPATH=/home/aurora/RM25/src/install/nav2_msgs/local/lib/python3.10/dist-packages:/home/aurora/RM25/src/install/nav_2d_msgs/local/lib/python3.10/dist-packages:/home/aurora/RM25/src/install/nav2_common/local/lib/python3.10/dist-packages:${PYTHONPATH} /usr/bin/cmake /home/aurora/RM25/src/rm_navigation2/nav2_dwb_controller/nav_2d_utils -DAMENT_CMAKE_SYMLINK_INSTALL=1 -DCMAKE_INSTALL_PREFIX=/home/aurora/RM25/src/install/nav_2d_utils
[23.404s] Invoking command in '/home/aurora/RM25/src/build/nav_2d_utils': AMENT_PREFIX_PATH=/home/aurora/RM25/src/install/nav2_util:/home/aurora/RM25/src/install/nav2_msgs:/home/aurora/RM25/src/install/nav_2d_msgs:/home/aurora/RM25/src/install/nav2_common:${AMENT_PREFIX_PATH} CMAKE_PREFIX_PATH=/home/aurora/RM25/src/install/nav2_util:/home/aurora/RM25/src/install/nav2_msgs:/home/aurora/RM25/src/install/nav_2d_msgs:/home/aurora/RM25/src/install/nav2_common:/home/aurora/RM25/install/rm_robot_description:/home/aurora/RM25/install/nav2_msgs:/home/aurora/RM25/install/nav2_bringup:/home/aurora/RM25/install/four_omniwheel_robot:/home/aurora/ws_helloworld/install/pkg01_helloworld_cpp:/home/aurora/ws_helloworld/install/learning_tf2_cpp:/home/aurora/ws_helloworld/install/pkg02_helloworld_py:/opt/ros/humble LD_LIBRARY_PATH=/home/aurora/RM25/src/install/nav2_util/lib:/home/aurora/RM25/src/install/nav2_msgs/lib:/home/aurora/RM25/src/install/nav_2d_msgs/lib:${LD_LIBRARY_PATH} PYTHONPATH=/home/aurora/RM25/src/install/nav2_msgs/local/lib/python3.10/dist-packages:/home/aurora/RM25/src/install/nav_2d_msgs/local/lib/python3.10/dist-packages:/home/aurora/RM25/src/install/nav2_common/local/lib/python3.10/dist-packages:${PYTHONPATH} /usr/bin/cmake --build /home/aurora/RM25/src/build/nav_2d_utils -- -j20 -l20
[23.443s] [ 18%] [32mBuilding CXX object gtest/CMakeFiles/gtest.dir/src/gtest-all.cc.o[0m
[23.444s] [ 18%] [32mBuilding CXX object CMakeFiles/path_ops.dir/src/path_ops.cpp.o[0m
[23.444s] [ 18%] [32mBuilding CXX object CMakeFiles/conversions.dir/src/conversions.cpp.o[0m
[23.444s] [ 25%] [32mBuilding CXX object gtest/CMakeFiles/gtest_main.dir/src/gtest_main.cc.o[0m
[24.231s] [ 31%] [32m[1mLinking CXX shared library libpath_ops.so[0m
[24.497s] [ 37%] [32m[1mLinking CXX static library libgtest_main.a[0m
[24.532s] [ 37%] Built target gtest_main
[26.925s] [ 37%] Built target path_ops
[27.291s] [ 43%] [32m[1mLinking CXX shared library libconversions.so[0m
[27.781s] [ 43%] Built target conversions
[27.870s] [ 50%] [32mBuilding CXX object CMakeFiles/tf_help.dir/src/tf_help.cpp.o[0m
[58.827s] [ 56%] [32m[1mLinking CXX static library libgtest.a[0m
[58.965s] [ 56%] Built target gtest
[59.011s] [ 62%] [32mBuilding CXX object test/CMakeFiles/2d_utils_tests.dir/2d_utils_test.cpp.o[0m
[59.014s] [ 68%] [32mBuilding CXX object test/CMakeFiles/path_ops_tests.dir/path_ops_test.cpp.o[0m
[72.888s] [ 75%] [32m[1mLinking CXX executable path_ops_tests[0m
[72.900s] [ 81%] [32m[1mLinking CXX shared library libtf_help.so[0m
[73.432s] [ 81%] Built target tf_help
[73.460s] [ 87%] [32mBuilding CXX object test/CMakeFiles/tf_help_tests.dir/tf_help_test.cpp.o[0m
[73.699s] [ 87%] Built target path_ops_tests
[80.792s] [ 93%] [32m[1mLinking CXX executable 2d_utils_tests[0m
[81.663s] [ 93%] Built target 2d_utils_tests
[82.998s] [100%] [32m[1mLinking CXX executable tf_help_tests[0m
[83.575s] [100%] Built target tf_help_tests
