[0.155s] Invoking command in '/home/aurora/RM25/build/nav2_util': AMENT_PREFIX_PATH=/home/aurora/RM25/install/nav2_common:${AMENT_PREFIX_PATH} CMAKE_PREFIX_PATH=/home/aurora/RM25/install/nav2_msgs:/home/aurora/RM25/install/nav2_common:/home/aurora/RM25/install/rm_robot_description:/home/aurora/RM25/install/nav2_bringup:/home/aurora/RM25/install/four_omniwheel_robot:/home/aurora/ws_helloworld/install/pkg01_helloworld_cpp:/home/aurora/ws_helloworld/install/learning_tf2_cpp:/home/aurora/ws_helloworld/install/pkg02_helloworld_py:/opt/ros/humble PYTHONPATH=/home/aurora/RM25/install/nav2_common/local/lib/python3.10/dist-packages:${PYTHONPATH} /usr/bin/cmake --build /home/aurora/RM25/build/nav2_util -- -j20 -l20
[0.193s] [ 10%] Built target gtest
[0.193s] [ 10%] Built target gtest_main
[0.200s] [ 35%] Built target nav2_util_core
[0.208s] [ 40%] Built target test_execution_timer
[0.221s] [ 45%] Built target test_string_utils
[0.223s] [ 50%] Built target test_lifecycle_utils
[0.224s] [ 55%] Built target test_service_client
[0.225s] [ 60%] Built target test_actions
[0.225s] [ 65%] Built target test_lifecycle_node
[0.225s] [ 70%] Built target test_odometry_utils
[0.225s] [ 75%] Built target test_validation_messages
[0.226s] [ 80%] Built target lifecycle_bringup
[0.226s] [ 85%] Built target test_geometry_utils
[0.226s] [ 90%] Built target test_lifecycle_cli_node
[0.226s] [ 95%] Built target test_node_utils
[0.232s] [100%] Built target test_robot_utils
[0.308s] Invoked command in '/home/aurora/RM25/build/nav2_util' returned '0': AMENT_PREFIX_PATH=/home/aurora/RM25/install/nav2_common:${AMENT_PREFIX_PATH} CMAKE_PREFIX_PATH=/home/aurora/RM25/install/nav2_msgs:/home/aurora/RM25/install/nav2_common:/home/aurora/RM25/install/rm_robot_description:/home/aurora/RM25/install/nav2_bringup:/home/aurora/RM25/install/four_omniwheel_robot:/home/aurora/ws_helloworld/install/pkg01_helloworld_cpp:/home/aurora/ws_helloworld/install/learning_tf2_cpp:/home/aurora/ws_helloworld/install/pkg02_helloworld_py:/opt/ros/humble PYTHONPATH=/home/aurora/RM25/install/nav2_common/local/lib/python3.10/dist-packages:${PYTHONPATH} /usr/bin/cmake --build /home/aurora/RM25/build/nav2_util -- -j20 -l20
[0.328s] Invoking command in '/home/aurora/RM25/build/nav2_util': AMENT_PREFIX_PATH=/home/aurora/RM25/install/nav2_common:${AMENT_PREFIX_PATH} CMAKE_PREFIX_PATH=/home/aurora/RM25/install/nav2_msgs:/home/aurora/RM25/install/nav2_common:/home/aurora/RM25/install/rm_robot_description:/home/aurora/RM25/install/nav2_bringup:/home/aurora/RM25/install/four_omniwheel_robot:/home/aurora/ws_helloworld/install/pkg01_helloworld_cpp:/home/aurora/ws_helloworld/install/learning_tf2_cpp:/home/aurora/ws_helloworld/install/pkg02_helloworld_py:/opt/ros/humble PYTHONPATH=/home/aurora/RM25/install/nav2_common/local/lib/python3.10/dist-packages:${PYTHONPATH} /usr/bin/cmake --install /home/aurora/RM25/build/nav2_util
[0.333s] -- Install configuration: "Release"
[0.334s] -- Execute custom install script
[0.334s] -- Up-to-date symlink: /home/aurora/RM25/install/nav2_util/lib/libnav2_util_core.so
[0.334s] -- Up-to-date symlink: /home/aurora/RM25/install/nav2_util/lib/nav2_util/lifecycle_bringup
[0.335s] -- Up-to-date symlink: /home/aurora/RM25/install/nav2_util/include//nav2_util/clear_entirely_costmap_service_client.hpp
[0.335s] -- Up-to-date symlink: /home/aurora/RM25/install/nav2_util/include//nav2_util/costmap.hpp
[0.335s] -- Up-to-date symlink: /home/aurora/RM25/install/nav2_util/include//nav2_util/execution_timer.hpp
[0.335s] -- Up-to-date symlink: /home/aurora/RM25/install/nav2_util/include//nav2_util/geometry_utils.hpp
[0.335s] -- Up-to-date symlink: /home/aurora/RM25/install/nav2_util/include//nav2_util/lifecycle_node.hpp
[0.335s] -- Up-to-date symlink: /home/aurora/RM25/install/nav2_util/include//nav2_util/lifecycle_service_client.hpp
[0.335s] -- Up-to-date symlink: /home/aurora/RM25/install/nav2_util/include//nav2_util/lifecycle_utils.hpp
[0.336s] -- Up-to-date symlink: /home/aurora/RM25/install/nav2_util/include//nav2_util/line_iterator.hpp
[0.336s] -- Up-to-date symlink: /home/aurora/RM25/install/nav2_util/include//nav2_util/node_thread.hpp
[0.336s] -- Up-to-date symlink: /home/aurora/RM25/install/nav2_util/include//nav2_util/node_utils.hpp
[0.336s] -- Up-to-date symlink: /home/aurora/RM25/install/nav2_util/include//nav2_util/occ_grid_values.hpp
[0.336s] -- Up-to-date symlink: /home/aurora/RM25/install/nav2_util/include//nav2_util/odometry_utils.hpp
[0.336s] -- Up-to-date symlink: /home/aurora/RM25/install/nav2_util/include//nav2_util/robot_utils.hpp
[0.336s] -- Up-to-date symlink: /home/aurora/RM25/install/nav2_util/include//nav2_util/service_client.hpp
[0.336s] -- Up-to-date symlink: /home/aurora/RM25/install/nav2_util/include//nav2_util/simple_action_server.hpp
[0.336s] -- Up-to-date symlink: /home/aurora/RM25/install/nav2_util/include//nav2_util/string_utils.hpp
[0.336s] -- Up-to-date symlink: /home/aurora/RM25/install/nav2_util/include//nav2_util/validate_messages.hpp
[0.336s] -- Up-to-date symlink: /home/aurora/RM25/install/nav2_util/share/nav2_util/environment/library_path.sh
[0.337s] -- Up-to-date symlink: /home/aurora/RM25/install/nav2_util/share/nav2_util/environment/library_path.dsv
[0.337s] -- Up-to-date symlink: /home/aurora/RM25/install/nav2_util/share/ament_index/resource_index/package_run_dependencies/nav2_util
[0.337s] -- Up-to-date symlink: /home/aurora/RM25/install/nav2_util/share/ament_index/resource_index/parent_prefix_path/nav2_util
[0.337s] -- Up-to-date symlink: /home/aurora/RM25/install/nav2_util/share/nav2_util/environment/ament_prefix_path.sh
[0.337s] -- Up-to-date symlink: /home/aurora/RM25/install/nav2_util/share/nav2_util/environment/ament_prefix_path.dsv
[0.337s] -- Up-to-date symlink: /home/aurora/RM25/install/nav2_util/share/nav2_util/environment/path.sh
[0.337s] -- Up-to-date symlink: /home/aurora/RM25/install/nav2_util/share/nav2_util/environment/path.dsv
[0.337s] -- Up-to-date symlink: /home/aurora/RM25/install/nav2_util/share/nav2_util/local_setup.bash
[0.337s] -- Up-to-date symlink: /home/aurora/RM25/install/nav2_util/share/nav2_util/local_setup.sh
[0.337s] -- Up-to-date symlink: /home/aurora/RM25/install/nav2_util/share/nav2_util/local_setup.zsh
[0.337s] -- Up-to-date symlink: /home/aurora/RM25/install/nav2_util/share/nav2_util/local_setup.dsv
[0.337s] -- Symlinking: /home/aurora/RM25/install/nav2_util/share/nav2_util/package.dsv
[0.343s] -- Up-to-date symlink: /home/aurora/RM25/install/nav2_util/share/ament_index/resource_index/packages/nav2_util
[0.343s] -- Up-to-date symlink: /home/aurora/RM25/install/nav2_util/share/nav2_util/cmake/ament_cmake_export_include_directories-extras.cmake
[0.343s] -- Up-to-date symlink: /home/aurora/RM25/install/nav2_util/share/nav2_util/cmake/ament_cmake_export_libraries-extras.cmake
[0.343s] -- Up-to-date symlink: /home/aurora/RM25/install/nav2_util/share/nav2_util/cmake/ament_cmake_export_dependencies-extras.cmake
[0.343s] -- Up-to-date symlink: /home/aurora/RM25/install/nav2_util/share/nav2_util/cmake/nav2_utilConfig.cmake
[0.343s] -- Up-to-date symlink: /home/aurora/RM25/install/nav2_util/share/nav2_util/cmake/nav2_utilConfig-version.cmake
[0.343s] -- Up-to-date symlink: /home/aurora/RM25/install/nav2_util/share/nav2_util/package.xml
[0.346s] Invoked command in '/home/aurora/RM25/build/nav2_util' returned '0': AMENT_PREFIX_PATH=/home/aurora/RM25/install/nav2_common:${AMENT_PREFIX_PATH} CMAKE_PREFIX_PATH=/home/aurora/RM25/install/nav2_msgs:/home/aurora/RM25/install/nav2_common:/home/aurora/RM25/install/rm_robot_description:/home/aurora/RM25/install/nav2_bringup:/home/aurora/RM25/install/four_omniwheel_robot:/home/aurora/ws_helloworld/install/pkg01_helloworld_cpp:/home/aurora/ws_helloworld/install/learning_tf2_cpp:/home/aurora/ws_helloworld/install/pkg02_helloworld_py:/opt/ros/humble PYTHONPATH=/home/aurora/RM25/install/nav2_common/local/lib/python3.10/dist-packages:${PYTHONPATH} /usr/bin/cmake --install /home/aurora/RM25/build/nav2_util
