[0.240s] Invoking command in '/home/aurora/RM25/build/nav2_behavior_tree': CMAKE_PREFIX_PATH=/home/aurora/RM25/install/nav2_util:/home/aurora/RM25/install/nav2_msgs:/home/aurora/RM25/install/nav2_common:/home/aurora/RM25/install/nav2_constrained_smoother:/home/aurora/RM25/install/rm_robot_description:/home/aurora/RM25/install/opennav_docking_core:/home/aurora/RM25/install/nav_2d_utils:/home/aurora/RM25/install/dwb_msgs:/home/aurora/RM25/install/nav_2d_msgs:/home/aurora/RM25/install/nav2_core:/home/aurora/RM25/install/costmap_queue:/home/aurora/RM25/install/nav2_costmap_2d:/home/aurora/RM25/install/nav2_voxel_grid:/home/aurora/RM25/install/nav2_velocity_smoother:/home/aurora/RM25/install/nav2_rviz_plugins:/home/aurora/RM25/install/nav2_map_server:/home/aurora/RM25/install/nav2_lifecycle_manager:/home/aurora/RM25/install/nav2_behavior_tree:/home/aurora/RM25/install/nav2_amcl:/home/aurora/ws_helloworld/install/pkg01_helloworld_cpp:/home/aurora/ws_helloworld/install/learning_tf2_cpp:/home/aurora/RM25/install/nav2_simple_commander:/home/aurora/RM25/install/nav2_loopback_sim:/home/aurora/ws_helloworld/install/pkg02_helloworld_py:/opt/ros/humble LD_LIBRARY_PATH=/home/aurora/RM25/install/nav2_util/lib:/home/aurora/RM25/install/nav2_msgs/lib:/home/aurora/RM25/install/nav2_constrained_smoother/lib:/home/aurora/RM25/install/nav_2d_utils/lib:/home/aurora/RM25/install/dwb_msgs/lib:/home/aurora/RM25/install/nav_2d_msgs/lib:/home/aurora/RM25/install/costmap_queue/lib:/home/aurora/RM25/install/nav2_costmap_2d/lib:/home/aurora/RM25/install/nav2_voxel_grid/lib:/home/aurora/RM25/install/nav2_velocity_smoother/lib:/home/aurora/RM25/install/nav2_rviz_plugins/lib:/home/aurora/RM25/install/nav2_map_server/lib:/home/aurora/RM25/install/nav2_lifecycle_manager/lib:/home/aurora/RM25/install/nav2_behavior_tree/lib:/home/aurora/RM25/install/nav2_amcl/lib:/usr/lib/x86_64-linux-gnu/gazebo-11/plugins:/opt/ros/humble/opt/rviz_ogre_vendor/lib:/opt/ros/humble/lib/x86_64-linux-gnu:/opt/ros/humble/lib /usr/bin/cmake /home/aurora/RM25/src/rm_navigation2/nav2_behavior_tree -DCMAKE_INSTALL_PREFIX=/home/aurora/RM25/install/nav2_behavior_tree
[0.248s] -- Found ament_cmake: 1.3.10 (/opt/ros/humble/share/ament_cmake/cmake)
[0.321s] -- Override CMake install command with custom implementation using symlinks instead of copying resources
[0.326s] -- Found nav2_common: 1.1.16 (/opt/ros/humble/share/nav2_common/cmake)
[0.326s] -- Found rclcpp: 16.0.10 (/opt/ros/humble/share/rclcpp/cmake)
[0.579s] -- Found rosidl_generator_c: 3.1.5 (/opt/ros/humble/share/rosidl_generator_c/cmake)
[0.580s] -- Found rosidl_adapter: 3.1.5 (/opt/ros/humble/share/rosidl_adapter/cmake)
[0.584s] -- Found rosidl_generator_cpp: 3.1.5 (/opt/ros/humble/share/rosidl_generator_cpp/cmake)
[0.590s] -- Using all available rosidl_typesupport_c: rosidl_typesupport_fastrtps_c;rosidl_typesupport_introspection_c
[0.598s] -- Using all available rosidl_typesupport_cpp: rosidl_typesupport_fastrtps_cpp;rosidl_typesupport_introspection_cpp
[0.619s] -- Found rmw_implementation_cmake: 6.1.2 (/opt/ros/humble/share/rmw_implementation_cmake/cmake)
[0.620s] -- Found rmw_fastrtps_cpp: 6.2.7 (/opt/ros/humble/share/rmw_fastrtps_cpp/cmake)
[8.550s] -- Using RMW implementation 'rmw_fastrtps_cpp' as default
[8.579s] -- Found rclcpp_action: 16.0.10 (/opt/ros/humble/share/rclcpp_action/cmake)
[8.595s] -- Found rclcpp_lifecycle: 16.0.10 (/opt/ros/humble/share/rclcpp_lifecycle/cmake)
[8.603s] -- Found geometry_msgs: 4.2.4 (/opt/ros/humble/share/geometry_msgs/cmake)
[8.610s] -- Found sensor_msgs: 4.2.4 (/opt/ros/humble/share/sensor_msgs/cmake)
[8.619s] -- Found nav2_msgs: 1.1.17 (/home/aurora/RM25/install/nav2_msgs/share/nav2_msgs/cmake)
[8.642s] -- Found tf2_ros: 0.25.8 (/opt/ros/humble/share/tf2_ros/cmake)
[8.670s] -- Found tf2_geometry_msgs: 0.25.8 (/opt/ros/humble/share/tf2_geometry_msgs/cmake)
[8.672s] -- Found eigen3_cmake_module: 0.1.1 (/opt/ros/humble/share/eigen3_cmake_module/cmake)
[8.672s] -- Ensuring Eigen3 include directory is part of orocos-kdl CMake target
[8.673s] -- Found std_srvs: 4.2.4 (/opt/ros/humble/share/std_srvs/cmake)
[8.678s] -- Found nav2_util: 1.1.17 (/home/aurora/RM25/install/nav2_util/share/nav2_util/cmake)
[9.655s] -- Found ament_lint_auto: 0.12.11 (/opt/ros/humble/share/ament_lint_auto/cmake)
[9.714s] -- Found gtest sources under '/opt/ros/humble/src/gtest_vendor': C++ tests using 'Google Test' will be built
[10.767s] -- Added test 'copyright' to check source files copyright and LICENSE
[10.770s] -- Added test 'cppcheck' to perform static code analysis on C / C++ code
[10.776s] -- Configured cppcheck include dirs: /home/aurora/RM25/src/rm_navigation2/nav2_behavior_tree/include
[10.776s] -- Configured cppcheck exclude dirs and/or files: 
[10.778s] -- Added test 'cpplint' to check C / C++ code against the Google style
[10.778s] -- Configured cpplint exclude dirs and/or files: 
[10.779s] -- Added test 'lint_cmake' to check CMake code style
[10.782s] -- Added test 'uncrustify' to check C / C++ code style
[10.782s] -- Configured uncrustify additional arguments: 
[10.782s] -- Added test 'xmllint' to check XML markup files
[10.787s] -- Configuring done
[11.909s] -- Generating done
[11.915s] -- Build files have been written to: /home/aurora/RM25/build/nav2_behavior_tree
[11.934s] Invoked command in '/home/aurora/RM25/build/nav2_behavior_tree' returned '0': CMAKE_PREFIX_PATH=/home/aurora/RM25/install/nav2_util:/home/aurora/RM25/install/nav2_msgs:/home/aurora/RM25/install/nav2_common:/home/aurora/RM25/install/nav2_constrained_smoother:/home/aurora/RM25/install/rm_robot_description:/home/aurora/RM25/install/opennav_docking_core:/home/aurora/RM25/install/nav_2d_utils:/home/aurora/RM25/install/dwb_msgs:/home/aurora/RM25/install/nav_2d_msgs:/home/aurora/RM25/install/nav2_core:/home/aurora/RM25/install/costmap_queue:/home/aurora/RM25/install/nav2_costmap_2d:/home/aurora/RM25/install/nav2_voxel_grid:/home/aurora/RM25/install/nav2_velocity_smoother:/home/aurora/RM25/install/nav2_rviz_plugins:/home/aurora/RM25/install/nav2_map_server:/home/aurora/RM25/install/nav2_lifecycle_manager:/home/aurora/RM25/install/nav2_behavior_tree:/home/aurora/RM25/install/nav2_amcl:/home/aurora/ws_helloworld/install/pkg01_helloworld_cpp:/home/aurora/ws_helloworld/install/learning_tf2_cpp:/home/aurora/RM25/install/nav2_simple_commander:/home/aurora/RM25/install/nav2_loopback_sim:/home/aurora/ws_helloworld/install/pkg02_helloworld_py:/opt/ros/humble LD_LIBRARY_PATH=/home/aurora/RM25/install/nav2_util/lib:/home/aurora/RM25/install/nav2_msgs/lib:/home/aurora/RM25/install/nav2_constrained_smoother/lib:/home/aurora/RM25/install/nav_2d_utils/lib:/home/aurora/RM25/install/dwb_msgs/lib:/home/aurora/RM25/install/nav_2d_msgs/lib:/home/aurora/RM25/install/costmap_queue/lib:/home/aurora/RM25/install/nav2_costmap_2d/lib:/home/aurora/RM25/install/nav2_voxel_grid/lib:/home/aurora/RM25/install/nav2_velocity_smoother/lib:/home/aurora/RM25/install/nav2_rviz_plugins/lib:/home/aurora/RM25/install/nav2_map_server/lib:/home/aurora/RM25/install/nav2_lifecycle_manager/lib:/home/aurora/RM25/install/nav2_behavior_tree/lib:/home/aurora/RM25/install/nav2_amcl/lib:/usr/lib/x86_64-linux-gnu/gazebo-11/plugins:/opt/ros/humble/opt/rviz_ogre_vendor/lib:/opt/ros/humble/lib/x86_64-linux-gnu:/opt/ros/humble/lib /usr/bin/cmake /home/aurora/RM25/src/rm_navigation2/nav2_behavior_tree -DCMAKE_INSTALL_PREFIX=/home/aurora/RM25/install/nav2_behavior_tree
[11.937s] Invoking command in '/home/aurora/RM25/build/nav2_behavior_tree': CMAKE_PREFIX_PATH=/home/aurora/RM25/install/nav2_util:/home/aurora/RM25/install/nav2_msgs:/home/aurora/RM25/install/nav2_common:/home/aurora/RM25/install/nav2_constrained_smoother:/home/aurora/RM25/install/rm_robot_description:/home/aurora/RM25/install/opennav_docking_core:/home/aurora/RM25/install/nav_2d_utils:/home/aurora/RM25/install/dwb_msgs:/home/aurora/RM25/install/nav_2d_msgs:/home/aurora/RM25/install/nav2_core:/home/aurora/RM25/install/costmap_queue:/home/aurora/RM25/install/nav2_costmap_2d:/home/aurora/RM25/install/nav2_voxel_grid:/home/aurora/RM25/install/nav2_velocity_smoother:/home/aurora/RM25/install/nav2_rviz_plugins:/home/aurora/RM25/install/nav2_map_server:/home/aurora/RM25/install/nav2_lifecycle_manager:/home/aurora/RM25/install/nav2_behavior_tree:/home/aurora/RM25/install/nav2_amcl:/home/aurora/ws_helloworld/install/pkg01_helloworld_cpp:/home/aurora/ws_helloworld/install/learning_tf2_cpp:/home/aurora/RM25/install/nav2_simple_commander:/home/aurora/RM25/install/nav2_loopback_sim:/home/aurora/ws_helloworld/install/pkg02_helloworld_py:/opt/ros/humble LD_LIBRARY_PATH=/home/aurora/RM25/install/nav2_util/lib:/home/aurora/RM25/install/nav2_msgs/lib:/home/aurora/RM25/install/nav2_constrained_smoother/lib:/home/aurora/RM25/install/nav_2d_utils/lib:/home/aurora/RM25/install/dwb_msgs/lib:/home/aurora/RM25/install/nav_2d_msgs/lib:/home/aurora/RM25/install/costmap_queue/lib:/home/aurora/RM25/install/nav2_costmap_2d/lib:/home/aurora/RM25/install/nav2_voxel_grid/lib:/home/aurora/RM25/install/nav2_velocity_smoother/lib:/home/aurora/RM25/install/nav2_rviz_plugins/lib:/home/aurora/RM25/install/nav2_map_server/lib:/home/aurora/RM25/install/nav2_lifecycle_manager/lib:/home/aurora/RM25/install/nav2_behavior_tree/lib:/home/aurora/RM25/install/nav2_amcl/lib:/usr/lib/x86_64-linux-gnu/gazebo-11/plugins:/opt/ros/humble/opt/rviz_ogre_vendor/lib:/opt/ros/humble/lib/x86_64-linux-gnu:/opt/ros/humble/lib /usr/bin/cmake --build /home/aurora/RM25/build/nav2_behavior_tree -- -j20 -l20
[11.968s] [35m[1mConsolidate compiler generated dependencies of target nav2_compute_path_to_pose_action_bt_node[0m
[11.968s] [35m[1mConsolidate compiler generated dependencies of target nav2_behavior_tree[0m
[11.968s] [35m[1mConsolidate compiler generated dependencies of target nav2_spin_cancel_bt_node[0m
[11.968s] [35m[1mConsolidate compiler generated dependencies of target nav2_compute_path_through_poses_action_bt_node[0m
[11.970s] [35m[1mConsolidate compiler generated dependencies of target nav2_controller_cancel_bt_node[0m
[11.971s] [35m[1mConsolidate compiler generated dependencies of target nav2_smooth_path_action_bt_node[0m
[11.971s] [35m[1mConsolidate compiler generated dependencies of target nav2_assisted_teleop_cancel_bt_node[0m
[11.972s] [35m[1mConsolidate compiler generated dependencies of target nav2_wait_cancel_bt_node[0m
[11.972s] [35m[1mConsolidate compiler generated dependencies of target nav2_drive_on_heading_cancel_bt_node[0m
[11.972s] [35m[1mConsolidate compiler generated dependencies of target nav2_back_up_action_bt_node[0m
[11.972s] [35m[1mConsolidate compiler generated dependencies of target nav2_back_up_cancel_bt_node[0m
[11.973s] [35m[1mConsolidate compiler generated dependencies of target nav2_drive_on_heading_bt_node[0m
[11.973s] [35m[1mConsolidate compiler generated dependencies of target nav2_follow_path_action_bt_node[0m
[11.974s] [35m[1mConsolidate compiler generated dependencies of target nav2_assisted_teleop_action_bt_node[0m
[11.975s] [35m[1mConsolidate compiler generated dependencies of target nav2_transform_available_condition_bt_node[0m
[11.975s] [35m[1mConsolidate compiler generated dependencies of target nav2_is_stuck_condition_bt_node[0m
[11.976s] [35m[1mConsolidate compiler generated dependencies of target nav2_wait_action_bt_node[0m
[11.979s] [35m[1mConsolidate compiler generated dependencies of target nav2_spin_action_bt_node[0m
[11.979s] [35m[1mConsolidate compiler generated dependencies of target nav2_clear_costmap_service_bt_node[0m
[11.981s] [35m[1mConsolidate compiler generated dependencies of target nav2_goal_reached_condition_bt_node[0m
[11.984s] [  1%] Built target nav2_behavior_tree
[11.985s] [  2%] Built target nav2_compute_path_through_poses_action_bt_node
[11.985s] [  3%] Built target nav2_controller_cancel_bt_node
[11.986s] [  4%] Built target nav2_compute_path_to_pose_action_bt_node
[11.987s] [  5%] Built target nav2_spin_cancel_bt_node
[11.988s] [  6%] Built target nav2_drive_on_heading_cancel_bt_node
[11.988s] [  6%] Built target nav2_smooth_path_action_bt_node
[11.988s] [  7%] Built target nav2_back_up_action_bt_node
[11.988s] [  8%] Built target nav2_assisted_teleop_cancel_bt_node
[11.990s] [  9%] Built target nav2_back_up_cancel_bt_node
[11.991s] [ 10%] Built target nav2_follow_path_action_bt_node
[11.991s] [ 11%] Built target nav2_drive_on_heading_bt_node
[11.991s] [ 12%] Built target nav2_wait_cancel_bt_node
[11.991s] [ 13%] Built target nav2_wait_action_bt_node
[11.992s] [ 14%] Built target nav2_is_stuck_condition_bt_node
[11.993s] [ 15%] Built target nav2_assisted_teleop_action_bt_node
[11.993s] [ 16%] Built target nav2_transform_available_condition_bt_node
[11.995s] [ 17%] Built target nav2_spin_action_bt_node
[11.996s] [ 18%] Built target nav2_goal_reached_condition_bt_node
[11.996s] [35m[1mConsolidate compiler generated dependencies of target nav2_goal_updated_condition_bt_node[0m
[11.997s] [ 19%] Built target nav2_clear_costmap_service_bt_node
[11.997s] [35m[1mConsolidate compiler generated dependencies of target nav2_globally_updated_goal_condition_bt_node[0m
[11.997s] [35m[1mConsolidate compiler generated dependencies of target nav2_is_path_valid_condition_bt_node[0m
[11.998s] [35m[1mConsolidate compiler generated dependencies of target nav2_path_expiring_timer_condition[0m
[11.999s] [35m[1mConsolidate compiler generated dependencies of target nav2_time_expired_condition_bt_node[0m
[11.999s] [35m[1mConsolidate compiler generated dependencies of target nav2_initial_pose_received_condition_bt_node[0m
[12.001s] [35m[1mConsolidate compiler generated dependencies of target nav2_distance_traveled_condition_bt_node[0m
[12.001s] [35m[1mConsolidate compiler generated dependencies of target nav2_is_battery_charging_condition_bt_node[0m
[12.001s] [35m[1mConsolidate compiler generated dependencies of target nav2_rate_controller_bt_node[0m
[12.002s] [35m[1mConsolidate compiler generated dependencies of target nav2_speed_controller_bt_node[0m
[12.002s] [35m[1mConsolidate compiler generated dependencies of target nav2_is_battery_low_condition_bt_node[0m
[12.003s] [35m[1mConsolidate compiler generated dependencies of target nav2_distance_controller_bt_node[0m
[12.004s] [35m[1mConsolidate compiler generated dependencies of target nav2_truncate_path_action_bt_node[0m
[12.004s] [35m[1mConsolidate compiler generated dependencies of target nav2_reinitialize_global_localization_service_bt_node[0m
[12.005s] [35m[1mConsolidate compiler generated dependencies of target nav2_truncate_path_local_action_bt_node[0m
[12.006s] [35m[1mConsolidate compiler generated dependencies of target nav2_goal_updater_node_bt_node[0m
[12.007s] [35m[1mConsolidate compiler generated dependencies of target nav2_recovery_node_bt_node[0m
[12.007s] [35m[1mConsolidate compiler generated dependencies of target nav2_navigate_to_pose_action_bt_node[0m
[12.008s] [35m[1mConsolidate compiler generated dependencies of target nav2_path_longer_on_approach_bt_node[0m
[12.010s] [ 19%] Built target nav2_goal_updated_condition_bt_node
[12.011s] [35m[1mConsolidate compiler generated dependencies of target nav2_navigate_through_poses_action_bt_node[0m
[12.012s] [ 20%] Built target nav2_initial_pose_received_condition_bt_node
[12.013s] [ 21%] Built target nav2_globally_updated_goal_condition_bt_node
[12.013s] [ 22%] Built target nav2_rate_controller_bt_node
[12.017s] [ 23%] Built target nav2_is_path_valid_condition_bt_node
[12.020s] [ 25%] Built target nav2_speed_controller_bt_node
[12.020s] [ 25%] Built target nav2_time_expired_condition_bt_node
[12.021s] [ 26%] Built target nav2_path_expiring_timer_condition
[12.021s] [ 27%] Built target nav2_is_battery_charging_condition_bt_node
[12.022s] [ 28%] Built target nav2_is_battery_low_condition_bt_node
[12.022s] [ 29%] Built target nav2_truncate_path_local_action_bt_node
[12.022s] [ 31%] Built target nav2_distance_traveled_condition_bt_node
[12.022s] [ 31%] Built target nav2_reinitialize_global_localization_service_bt_node
[12.022s] [ 32%] Built target nav2_recovery_node_bt_node
[12.023s] [ 34%] Built target nav2_goal_updater_node_bt_node
[12.023s] [ 34%] Built target nav2_truncate_path_action_bt_node
[12.023s] [ 35%] Built target nav2_distance_controller_bt_node
[12.024s] [ 37%] Built target nav2_path_longer_on_approach_bt_node
[12.024s] [ 36%] Built target nav2_navigate_to_pose_action_bt_node
[12.026s] [ 38%] Built target nav2_navigate_through_poses_action_bt_node
[12.026s] [35m[1mConsolidate compiler generated dependencies of target nav2_remove_passed_goals_action_bt_node[0m
[12.026s] [35m[1mConsolidate compiler generated dependencies of target nav2_round_robin_node_bt_node[0m
[12.028s] [35m[1mConsolidate compiler generated dependencies of target nav2_pipeline_sequence_bt_node[0m
[12.029s] [35m[1mConsolidate compiler generated dependencies of target nav2_single_trigger_bt_node[0m
[12.031s] [35m[1mConsolidate compiler generated dependencies of target nav2_get_pose_from_path_action_bt_node[0m
[12.031s] [35m[1mConsolidate compiler generated dependencies of target nav2_planner_selector_bt_node[0m
[12.032s] [35m[1mConsolidate compiler generated dependencies of target nav2_goal_checker_selector_bt_node[0m
[12.032s] [35m[1mConsolidate compiler generated dependencies of target nav2_smoother_selector_bt_node[0m
[12.032s] [35m[1mConsolidate compiler generated dependencies of target gtest[0m
[12.033s] [35m[1mConsolidate compiler generated dependencies of target gtest_main[0m
[12.033s] [35m[1mConsolidate compiler generated dependencies of target nav2_controller_selector_bt_node[0m
[12.033s] [35m[1mConsolidate compiler generated dependencies of target nav2_progress_checker_selector_bt_node[0m
[12.035s] [35m[1mConsolidate compiler generated dependencies of target nav2_goal_updated_controller_bt_node[0m
[12.038s] [ 39%] Built target nav2_round_robin_node_bt_node
[12.042s] [ 42%] Built target nav2_remove_passed_goals_action_bt_node
[12.042s] [ 40%] Built target nav2_pipeline_sequence_bt_node
[12.042s] [ 42%] Built target nav2_single_trigger_bt_node
[12.044s] [ 42%] Built target gtest
[12.044s] [ 43%] Built target gtest_main
[12.045s] [ 44%] Built target nav2_get_pose_from_path_action_bt_node
[12.047s] [ 45%] Built target nav2_goal_checker_selector_bt_node
[12.047s] [ 46%] Built target nav2_planner_selector_bt_node
[12.047s] [ 47%] Built target nav2_goal_updated_controller_bt_node
[12.047s] [ 48%] Built target nav2_controller_selector_bt_node
[12.048s] [ 49%] Built target nav2_smoother_selector_bt_node
[12.048s] [ 50%] Built target nav2_progress_checker_selector_bt_node
[12.055s] [35m[1mConsolidate compiler generated dependencies of target test_condition_goal_reached[0m
[12.056s] [35m[1mConsolidate compiler generated dependencies of target test_condition_time_expired[0m
[12.056s] [35m[1mConsolidate compiler generated dependencies of target test_condition_transform_available[0m
[12.056s] [35m[1mConsolidate compiler generated dependencies of target test_condition_distance_traveled[0m
[12.057s] [35m[1mConsolidate compiler generated dependencies of target test_condition_initial_pose_received[0m
[12.057s] [35m[1mConsolidate compiler generated dependencies of target test_condition_goal_updated[0m
[12.057s] [35m[1mConsolidate compiler generated dependencies of target test_condition_globally_updated_goal[0m
[12.057s] [35m[1mConsolidate compiler generated dependencies of target test_condition_path_expiring_timer[0m
[12.057s] [35m[1mConsolidate compiler generated dependencies of target test_decorator_speed_controller[0m
[12.059s] [35m[1mConsolidate compiler generated dependencies of target test_decorator_rate_controller[0m
[12.059s] [35m[1mConsolidate compiler generated dependencies of target test_condition_is_path_valid[0m
[12.060s] [35m[1mConsolidate compiler generated dependencies of target test_condition_is_stuck[0m
[12.060s] [35m[1mConsolidate compiler generated dependencies of target test_decorator_path_longer_on_approach[0m
[12.060s] [35m[1mConsolidate compiler generated dependencies of target test_goal_updated_controller[0m
[12.061s] [35m[1mConsolidate compiler generated dependencies of target test_decorator_distance_controller[0m
[12.061s] [35m[1mConsolidate compiler generated dependencies of target test_goal_updater_node[0m
[12.062s] [35m[1mConsolidate compiler generated dependencies of target test_single_trigger_node[0m
[12.063s] [35m[1mConsolidate compiler generated dependencies of target test_bt_conversions[0m
[12.063s] [35m[1mConsolidate compiler generated dependencies of target test_condition_is_battery_charging[0m
[12.066s] [35m[1mConsolidate compiler generated dependencies of target test_condition_is_battery_low[0m
[12.074s] [ 51%] Built target test_condition_distance_traveled
[12.079s] [ 52%] Built target test_condition_goal_reached
[12.079s] [ 53%] Built target test_decorator_speed_controller
[12.079s] [ 53%] Built target test_condition_time_expired
[12.080s] [ 54%] Built target test_condition_transform_available
[12.080s] [ 55%] Built target test_condition_goal_updated
[12.080s] [ 56%] Built target test_condition_path_expiring_timer
[12.080s] [ 58%] Built target test_condition_globally_updated_goal
[12.080s] [ 57%] Built target test_decorator_distance_controller
[12.081s] [ 60%] Built target test_condition_is_path_valid
[12.081s] [ 62%] Built target test_bt_conversions
[12.081s] [ 62%] Built target test_goal_updated_controller
[12.081s] [ 63%] Built target test_condition_initial_pose_received
[12.081s] [ 63%] Built target test_condition_is_stuck
[12.081s] [ 64%] Built target test_condition_is_battery_low
[12.081s] [ 65%] Built target test_decorator_path_longer_on_approach
[12.081s] [ 66%] Built target test_goal_updater_node
[12.083s] [ 67%] Built target test_decorator_rate_controller
[12.086s] [ 69%] Built target test_single_trigger_node
[12.086s] [ 69%] Built target test_condition_is_battery_charging
[12.090s] [35m[1mConsolidate compiler generated dependencies of target test_control_recovery_node[0m
[12.090s] [35m[1mConsolidate compiler generated dependencies of target test_bt_action_node[0m
[12.090s] [35m[1mConsolidate compiler generated dependencies of target test_action_back_up_action[0m
[12.090s] [35m[1mConsolidate compiler generated dependencies of target test_control_round_robin_node[0m
[12.091s] [35m[1mConsolidate compiler generated dependencies of target test_action_drive_on_heading[0m
[12.092s] [35m[1mConsolidate compiler generated dependencies of target test_action_controller_cancel_action[0m
[12.092s] [35m[1mConsolidate compiler generated dependencies of target test_control_pipeline_sequence[0m
[12.092s] [35m[1mConsolidate compiler generated dependencies of target test_action_assisted_teleop_action[0m
[12.092s] [35m[1mConsolidate compiler generated dependencies of target test_action_drive_on_heading_cancel_action[0m
[12.092s] [35m[1mConsolidate compiler generated dependencies of target test_action_wait_cancel_action[0m
[12.093s] [35m[1mConsolidate compiler generated dependencies of target test_action_spin_action[0m
[12.094s] [35m[1mConsolidate compiler generated dependencies of target test_action_back_up_cancel_action[0m
[12.095s] [35m[1mConsolidate compiler generated dependencies of target test_action_wait_action[0m
[12.095s] [35m[1mConsolidate compiler generated dependencies of target test_action_assisted_teleop_cancel_action[0m
[12.095s] [35m[1mConsolidate compiler generated dependencies of target test_action_compute_path_to_pose_action[0m
[12.095s] [35m[1mConsolidate compiler generated dependencies of target test_action_reinitialize_global_localization_service[0m
[12.096s] [35m[1mConsolidate compiler generated dependencies of target test_action_clear_costmap_service[0m
[12.097s] [35m[1mConsolidate compiler generated dependencies of target test_action_compute_path_through_poses_action[0m
[12.097s] [35m[1mConsolidate compiler generated dependencies of target test_action_spin_cancel_action[0m
[12.098s] [35m[1mConsolidate compiler generated dependencies of target test_action_smooth_path_action[0m
[12.112s] [ 70%] Built target test_action_drive_on_heading
[12.112s] [ 75%] Built target test_action_wait_action
[12.112s] [ 75%] Built target test_control_recovery_node
[12.113s] [ 75%] Built target test_action_back_up_action
[12.113s] [ 75%] Built target test_control_round_robin_node
[12.113s] [ 75%] Built target test_action_spin_action
[12.113s] [ 76%] Built target test_action_assisted_teleop_action
[12.113s] [ 77%] Built target test_control_pipeline_sequence
[12.114s] [ 78%] Built target test_action_controller_cancel_action
[12.114s] [ 80%] Built target test_action_back_up_cancel_action
[12.114s] [ 80%] Built target test_action_wait_cancel_action
[12.115s] [ 81%] Built target test_bt_action_node
[12.115s] [ 82%] Built target test_action_assisted_teleop_cancel_action
[12.115s] [ 83%] Built target test_action_drive_on_heading_cancel_action
[12.116s] [ 84%] Built target test_action_reinitialize_global_localization_service
[12.116s] [ 85%] Built target test_action_clear_costmap_service
[12.116s] [ 86%] Built target test_action_compute_path_to_pose_action
[12.117s] [ 87%] Built target test_action_spin_cancel_action
[12.120s] [ 88%] Built target test_action_compute_path_through_poses_action
[12.121s] [ 89%] Built target test_action_smooth_path_action
[12.123s] [35m[1mConsolidate compiler generated dependencies of target test_truncate_path_local_action[0m
[12.124s] [35m[1mConsolidate compiler generated dependencies of target test_action_navigate_to_pose_action[0m
[12.124s] [35m[1mConsolidate compiler generated dependencies of target test_action_follow_path_action[0m
[12.124s] [35m[1mConsolidate compiler generated dependencies of target test_action_navigate_through_poses_action[0m
[12.124s] [35m[1mConsolidate compiler generated dependencies of target test_remove_passed_goals_action[0m
[12.124s] [35m[1mConsolidate compiler generated dependencies of target test_get_pose_from_path_action[0m
[12.124s] [35m[1mConsolidate compiler generated dependencies of target test_smoother_selector_node[0m
[12.125s] [35m[1mConsolidate compiler generated dependencies of target test_truncate_path_action[0m
[12.125s] [35m[1mConsolidate compiler generated dependencies of target test_planner_selector_node[0m
[12.125s] [35m[1mConsolidate compiler generated dependencies of target test_controller_selector_node[0m
[12.127s] [35m[1mConsolidate compiler generated dependencies of target test_goal_checker_selector_node[0m
[12.128s] [35m[1mConsolidate compiler generated dependencies of target test_progress_checker_selector_node[0m
[12.139s] [ 89%] Built target test_action_follow_path_action
[12.139s] [ 90%] Built target test_truncate_path_local_action
[12.140s] [ 91%] Built target test_action_navigate_through_poses_action
[12.140s] [ 92%] Built target test_action_navigate_to_pose_action
[12.140s] [ 93%] Built target test_get_pose_from_path_action
[12.140s] [ 94%] Built target test_truncate_path_action
[12.142s] [ 96%] Built target test_planner_selector_node
[12.142s] [ 96%] Built target test_remove_passed_goals_action
[12.142s] [ 97%] Built target test_controller_selector_node
[12.142s] [ 98%] Built target test_goal_checker_selector_node
[12.144s] [ 99%] Built target test_progress_checker_selector_node
[12.144s] [100%] Built target test_smoother_selector_node
[12.151s] Invoked command in '/home/aurora/RM25/build/nav2_behavior_tree' returned '0': CMAKE_PREFIX_PATH=/home/aurora/RM25/install/nav2_util:/home/aurora/RM25/install/nav2_msgs:/home/aurora/RM25/install/nav2_common:/home/aurora/RM25/install/nav2_constrained_smoother:/home/aurora/RM25/install/rm_robot_description:/home/aurora/RM25/install/opennav_docking_core:/home/aurora/RM25/install/nav_2d_utils:/home/aurora/RM25/install/dwb_msgs:/home/aurora/RM25/install/nav_2d_msgs:/home/aurora/RM25/install/nav2_core:/home/aurora/RM25/install/costmap_queue:/home/aurora/RM25/install/nav2_costmap_2d:/home/aurora/RM25/install/nav2_voxel_grid:/home/aurora/RM25/install/nav2_velocity_smoother:/home/aurora/RM25/install/nav2_rviz_plugins:/home/aurora/RM25/install/nav2_map_server:/home/aurora/RM25/install/nav2_lifecycle_manager:/home/aurora/RM25/install/nav2_behavior_tree:/home/aurora/RM25/install/nav2_amcl:/home/aurora/ws_helloworld/install/pkg01_helloworld_cpp:/home/aurora/ws_helloworld/install/learning_tf2_cpp:/home/aurora/RM25/install/nav2_simple_commander:/home/aurora/RM25/install/nav2_loopback_sim:/home/aurora/ws_helloworld/install/pkg02_helloworld_py:/opt/ros/humble LD_LIBRARY_PATH=/home/aurora/RM25/install/nav2_util/lib:/home/aurora/RM25/install/nav2_msgs/lib:/home/aurora/RM25/install/nav2_constrained_smoother/lib:/home/aurora/RM25/install/nav_2d_utils/lib:/home/aurora/RM25/install/dwb_msgs/lib:/home/aurora/RM25/install/nav_2d_msgs/lib:/home/aurora/RM25/install/costmap_queue/lib:/home/aurora/RM25/install/nav2_costmap_2d/lib:/home/aurora/RM25/install/nav2_voxel_grid/lib:/home/aurora/RM25/install/nav2_velocity_smoother/lib:/home/aurora/RM25/install/nav2_rviz_plugins/lib:/home/aurora/RM25/install/nav2_map_server/lib:/home/aurora/RM25/install/nav2_lifecycle_manager/lib:/home/aurora/RM25/install/nav2_behavior_tree/lib:/home/aurora/RM25/install/nav2_amcl/lib:/usr/lib/x86_64-linux-gnu/gazebo-11/plugins:/opt/ros/humble/opt/rviz_ogre_vendor/lib:/opt/ros/humble/lib/x86_64-linux-gnu:/opt/ros/humble/lib /usr/bin/cmake --build /home/aurora/RM25/build/nav2_behavior_tree -- -j20 -l20
[12.303s] Invoking command in '/home/aurora/RM25/build/nav2_behavior_tree': CMAKE_PREFIX_PATH=/home/aurora/RM25/install/nav2_util:/home/aurora/RM25/install/nav2_msgs:/home/aurora/RM25/install/nav2_common:/home/aurora/RM25/install/nav2_constrained_smoother:/home/aurora/RM25/install/rm_robot_description:/home/aurora/RM25/install/opennav_docking_core:/home/aurora/RM25/install/nav_2d_utils:/home/aurora/RM25/install/dwb_msgs:/home/aurora/RM25/install/nav_2d_msgs:/home/aurora/RM25/install/nav2_core:/home/aurora/RM25/install/costmap_queue:/home/aurora/RM25/install/nav2_costmap_2d:/home/aurora/RM25/install/nav2_voxel_grid:/home/aurora/RM25/install/nav2_velocity_smoother:/home/aurora/RM25/install/nav2_rviz_plugins:/home/aurora/RM25/install/nav2_map_server:/home/aurora/RM25/install/nav2_lifecycle_manager:/home/aurora/RM25/install/nav2_behavior_tree:/home/aurora/RM25/install/nav2_amcl:/home/aurora/ws_helloworld/install/pkg01_helloworld_cpp:/home/aurora/ws_helloworld/install/learning_tf2_cpp:/home/aurora/RM25/install/nav2_simple_commander:/home/aurora/RM25/install/nav2_loopback_sim:/home/aurora/ws_helloworld/install/pkg02_helloworld_py:/opt/ros/humble LD_LIBRARY_PATH=/home/aurora/RM25/install/nav2_util/lib:/home/aurora/RM25/install/nav2_msgs/lib:/home/aurora/RM25/install/nav2_constrained_smoother/lib:/home/aurora/RM25/install/nav_2d_utils/lib:/home/aurora/RM25/install/dwb_msgs/lib:/home/aurora/RM25/install/nav_2d_msgs/lib:/home/aurora/RM25/install/costmap_queue/lib:/home/aurora/RM25/install/nav2_costmap_2d/lib:/home/aurora/RM25/install/nav2_voxel_grid/lib:/home/aurora/RM25/install/nav2_velocity_smoother/lib:/home/aurora/RM25/install/nav2_rviz_plugins/lib:/home/aurora/RM25/install/nav2_map_server/lib:/home/aurora/RM25/install/nav2_lifecycle_manager/lib:/home/aurora/RM25/install/nav2_behavior_tree/lib:/home/aurora/RM25/install/nav2_amcl/lib:/usr/lib/x86_64-linux-gnu/gazebo-11/plugins:/opt/ros/humble/opt/rviz_ogre_vendor/lib:/opt/ros/humble/lib/x86_64-linux-gnu:/opt/ros/humble/lib /usr/bin/cmake --install /home/aurora/RM25/build/nav2_behavior_tree
[12.306s] -- Install configuration: "Release"
[12.307s] -- Execute custom install script
[12.307s] -- Up-to-date symlink: /home/aurora/RM25/install/nav2_behavior_tree/lib/libnav2_behavior_tree.so
[12.307s] -- Up-to-date symlink: /home/aurora/RM25/install/nav2_behavior_tree/lib/libnav2_compute_path_to_pose_action_bt_node.so
[12.307s] -- Up-to-date symlink: /home/aurora/RM25/install/nav2_behavior_tree/lib/libnav2_compute_path_through_poses_action_bt_node.so
[12.307s] -- Up-to-date symlink: /home/aurora/RM25/install/nav2_behavior_tree/lib/libnav2_controller_cancel_bt_node.so
[12.307s] -- Up-to-date symlink: /home/aurora/RM25/install/nav2_behavior_tree/lib/libnav2_wait_cancel_bt_node.so
[12.308s] -- Up-to-date symlink: /home/aurora/RM25/install/nav2_behavior_tree/lib/libnav2_spin_cancel_bt_node.so
[12.308s] -- Up-to-date symlink: /home/aurora/RM25/install/nav2_behavior_tree/lib/libnav2_back_up_cancel_bt_node.so
[12.308s] -- Up-to-date symlink: /home/aurora/RM25/install/nav2_behavior_tree/lib/libnav2_assisted_teleop_cancel_bt_node.so
[12.308s] -- Up-to-date symlink: /home/aurora/RM25/install/nav2_behavior_tree/lib/libnav2_drive_on_heading_cancel_bt_node.so
[12.308s] -- Up-to-date symlink: /home/aurora/RM25/install/nav2_behavior_tree/lib/libnav2_smooth_path_action_bt_node.so
[12.308s] -- Up-to-date symlink: /home/aurora/RM25/install/nav2_behavior_tree/lib/libnav2_follow_path_action_bt_node.so
[12.308s] -- Up-to-date symlink: /home/aurora/RM25/install/nav2_behavior_tree/lib/libnav2_back_up_action_bt_node.so
[12.309s] -- Up-to-date symlink: /home/aurora/RM25/install/nav2_behavior_tree/lib/libnav2_drive_on_heading_bt_node.so
[12.309s] -- Up-to-date symlink: /home/aurora/RM25/install/nav2_behavior_tree/lib/libnav2_spin_action_bt_node.so
[12.309s] -- Up-to-date symlink: /home/aurora/RM25/install/nav2_behavior_tree/lib/libnav2_wait_action_bt_node.so
[12.309s] -- Up-to-date symlink: /home/aurora/RM25/install/nav2_behavior_tree/lib/libnav2_assisted_teleop_action_bt_node.so
[12.309s] -- Up-to-date symlink: /home/aurora/RM25/install/nav2_behavior_tree/lib/libnav2_clear_costmap_service_bt_node.so
[12.309s] -- Up-to-date symlink: /home/aurora/RM25/install/nav2_behavior_tree/lib/libnav2_is_stuck_condition_bt_node.so
[12.309s] -- Up-to-date symlink: /home/aurora/RM25/install/nav2_behavior_tree/lib/libnav2_transform_available_condition_bt_node.so
[12.309s] -- Up-to-date symlink: /home/aurora/RM25/install/nav2_behavior_tree/lib/libnav2_goal_reached_condition_bt_node.so
[12.309s] -- Up-to-date symlink: /home/aurora/RM25/install/nav2_behavior_tree/lib/libnav2_globally_updated_goal_condition_bt_node.so
[12.310s] -- Up-to-date symlink: /home/aurora/RM25/install/nav2_behavior_tree/lib/libnav2_goal_updated_condition_bt_node.so
[12.310s] -- Up-to-date symlink: /home/aurora/RM25/install/nav2_behavior_tree/lib/libnav2_is_path_valid_condition_bt_node.so
[12.310s] -- Up-to-date symlink: /home/aurora/RM25/install/nav2_behavior_tree/lib/libnav2_time_expired_condition_bt_node.so
[12.310s] -- Up-to-date symlink: /home/aurora/RM25/install/nav2_behavior_tree/lib/libnav2_path_expiring_timer_condition.so
[12.310s] -- Up-to-date symlink: /home/aurora/RM25/install/nav2_behavior_tree/lib/libnav2_distance_traveled_condition_bt_node.so
[12.310s] -- Up-to-date symlink: /home/aurora/RM25/install/nav2_behavior_tree/lib/libnav2_initial_pose_received_condition_bt_node.so
[12.310s] -- Up-to-date symlink: /home/aurora/RM25/install/nav2_behavior_tree/lib/libnav2_is_battery_charging_condition_bt_node.so
[12.310s] -- Up-to-date symlink: /home/aurora/RM25/install/nav2_behavior_tree/lib/libnav2_is_battery_low_condition_bt_node.so
[12.310s] -- Up-to-date symlink: /home/aurora/RM25/install/nav2_behavior_tree/lib/libnav2_reinitialize_global_localization_service_bt_node.so
[12.310s] -- Up-to-date symlink: /home/aurora/RM25/install/nav2_behavior_tree/lib/libnav2_rate_controller_bt_node.so
[12.311s] -- Up-to-date symlink: /home/aurora/RM25/install/nav2_behavior_tree/lib/libnav2_distance_controller_bt_node.so
[12.311s] -- Up-to-date symlink: /home/aurora/RM25/install/nav2_behavior_tree/lib/libnav2_speed_controller_bt_node.so
[12.311s] -- Up-to-date symlink: /home/aurora/RM25/install/nav2_behavior_tree/lib/libnav2_truncate_path_action_bt_node.so
[12.311s] -- Up-to-date symlink: /home/aurora/RM25/install/nav2_behavior_tree/lib/libnav2_truncate_path_local_action_bt_node.so
[12.311s] -- Up-to-date symlink: /home/aurora/RM25/install/nav2_behavior_tree/lib/libnav2_goal_updater_node_bt_node.so
[12.311s] -- Up-to-date symlink: /home/aurora/RM25/install/nav2_behavior_tree/lib/libnav2_path_longer_on_approach_bt_node.so
[12.311s] -- Up-to-date symlink: /home/aurora/RM25/install/nav2_behavior_tree/lib/libnav2_recovery_node_bt_node.so
[12.311s] -- Up-to-date symlink: /home/aurora/RM25/install/nav2_behavior_tree/lib/libnav2_navigate_to_pose_action_bt_node.so
[12.311s] -- Up-to-date symlink: /home/aurora/RM25/install/nav2_behavior_tree/lib/libnav2_navigate_through_poses_action_bt_node.so
[12.311s] -- Up-to-date symlink: /home/aurora/RM25/install/nav2_behavior_tree/lib/libnav2_remove_passed_goals_action_bt_node.so
[12.311s] -- Up-to-date symlink: /home/aurora/RM25/install/nav2_behavior_tree/lib/libnav2_get_pose_from_path_action_bt_node.so
[12.311s] -- Up-to-date symlink: /home/aurora/RM25/install/nav2_behavior_tree/lib/libnav2_pipeline_sequence_bt_node.so
[12.311s] -- Up-to-date symlink: /home/aurora/RM25/install/nav2_behavior_tree/lib/libnav2_round_robin_node_bt_node.so
[12.311s] -- Up-to-date symlink: /home/aurora/RM25/install/nav2_behavior_tree/lib/libnav2_single_trigger_bt_node.so
[12.311s] -- Up-to-date symlink: /home/aurora/RM25/install/nav2_behavior_tree/lib/libnav2_planner_selector_bt_node.so
[12.311s] -- Up-to-date symlink: /home/aurora/RM25/install/nav2_behavior_tree/lib/libnav2_controller_selector_bt_node.so
[12.311s] -- Up-to-date symlink: /home/aurora/RM25/install/nav2_behavior_tree/lib/libnav2_smoother_selector_bt_node.so
[12.312s] -- Up-to-date symlink: /home/aurora/RM25/install/nav2_behavior_tree/lib/libnav2_goal_checker_selector_bt_node.so
[12.312s] -- Up-to-date symlink: /home/aurora/RM25/install/nav2_behavior_tree/lib/libnav2_progress_checker_selector_bt_node.so
[12.312s] -- Up-to-date symlink: /home/aurora/RM25/install/nav2_behavior_tree/lib/libnav2_goal_updated_controller_bt_node.so
[12.312s] -- Up-to-date symlink: /home/aurora/RM25/install/nav2_behavior_tree/include//nav2_behavior_tree/behavior_tree_engine.hpp
[12.313s] -- Up-to-date symlink: /home/aurora/RM25/install/nav2_behavior_tree/include//nav2_behavior_tree/bt_action_node.hpp
[12.313s] -- Up-to-date symlink: /home/aurora/RM25/install/nav2_behavior_tree/include//nav2_behavior_tree/bt_action_server.hpp
[12.313s] -- Up-to-date symlink: /home/aurora/RM25/install/nav2_behavior_tree/include//nav2_behavior_tree/bt_action_server_impl.hpp
[12.313s] -- Up-to-date symlink: /home/aurora/RM25/install/nav2_behavior_tree/include//nav2_behavior_tree/bt_cancel_action_node.hpp
[12.313s] -- Up-to-date symlink: /home/aurora/RM25/install/nav2_behavior_tree/include//nav2_behavior_tree/bt_conversions.hpp
[12.314s] -- Up-to-date symlink: /home/aurora/RM25/install/nav2_behavior_tree/include//nav2_behavior_tree/bt_service_node.hpp
[12.314s] -- Up-to-date symlink: /home/aurora/RM25/install/nav2_behavior_tree/include//nav2_behavior_tree/plugins/action/assisted_teleop_action.hpp
[12.314s] -- Up-to-date symlink: /home/aurora/RM25/install/nav2_behavior_tree/include//nav2_behavior_tree/plugins/action/assisted_teleop_cancel_node.hpp
[12.315s] -- Up-to-date symlink: /home/aurora/RM25/install/nav2_behavior_tree/include//nav2_behavior_tree/plugins/action/back_up_action.hpp
[12.315s] -- Up-to-date symlink: /home/aurora/RM25/install/nav2_behavior_tree/include//nav2_behavior_tree/plugins/action/back_up_cancel_node.hpp
[12.315s] -- Up-to-date symlink: /home/aurora/RM25/install/nav2_behavior_tree/include//nav2_behavior_tree/plugins/action/clear_costmap_service.hpp
[12.315s] -- Up-to-date symlink: /home/aurora/RM25/install/nav2_behavior_tree/include//nav2_behavior_tree/plugins/action/compute_path_through_poses_action.hpp
[12.316s] -- Up-to-date symlink: /home/aurora/RM25/install/nav2_behavior_tree/include//nav2_behavior_tree/plugins/action/compute_path_to_pose_action.hpp
[12.316s] -- Up-to-date symlink: /home/aurora/RM25/install/nav2_behavior_tree/include//nav2_behavior_tree/plugins/action/controller_cancel_node.hpp
[12.316s] -- Up-to-date symlink: /home/aurora/RM25/install/nav2_behavior_tree/include//nav2_behavior_tree/plugins/action/controller_selector_node.hpp
[12.316s] -- Up-to-date symlink: /home/aurora/RM25/install/nav2_behavior_tree/include//nav2_behavior_tree/plugins/action/drive_on_heading_action.hpp
[12.316s] -- Up-to-date symlink: /home/aurora/RM25/install/nav2_behavior_tree/include//nav2_behavior_tree/plugins/action/drive_on_heading_cancel_node.hpp
[12.317s] -- Up-to-date symlink: /home/aurora/RM25/install/nav2_behavior_tree/include//nav2_behavior_tree/plugins/action/follow_path_action.hpp
[12.317s] -- Up-to-date symlink: /home/aurora/RM25/install/nav2_behavior_tree/include//nav2_behavior_tree/plugins/action/get_pose_from_path_action.hpp
[12.317s] -- Up-to-date symlink: /home/aurora/RM25/install/nav2_behavior_tree/include//nav2_behavior_tree/plugins/action/goal_checker_selector_node.hpp
[12.317s] -- Up-to-date symlink: /home/aurora/RM25/install/nav2_behavior_tree/include//nav2_behavior_tree/plugins/action/navigate_through_poses_action.hpp
[12.317s] -- Up-to-date symlink: /home/aurora/RM25/install/nav2_behavior_tree/include//nav2_behavior_tree/plugins/action/navigate_to_pose_action.hpp
[12.317s] -- Up-to-date symlink: /home/aurora/RM25/install/nav2_behavior_tree/include//nav2_behavior_tree/plugins/action/planner_selector_node.hpp
[12.318s] -- Up-to-date symlink: /home/aurora/RM25/install/nav2_behavior_tree/include//nav2_behavior_tree/plugins/action/progress_checker_selector_node.hpp
[12.318s] -- Up-to-date symlink: /home/aurora/RM25/install/nav2_behavior_tree/include//nav2_behavior_tree/plugins/action/reinitialize_global_localization_service.hpp
[12.318s] -- Up-to-date symlink: /home/aurora/RM25/install/nav2_behavior_tree/include//nav2_behavior_tree/plugins/action/remove_passed_goals_action.hpp
[12.318s] -- Up-to-date symlink: /home/aurora/RM25/install/nav2_behavior_tree/include//nav2_behavior_tree/plugins/action/smooth_path_action.hpp
[12.318s] -- Up-to-date symlink: /home/aurora/RM25/install/nav2_behavior_tree/include//nav2_behavior_tree/plugins/action/smoother_selector_node.hpp
[12.318s] -- Up-to-date symlink: /home/aurora/RM25/install/nav2_behavior_tree/include//nav2_behavior_tree/plugins/action/spin_action.hpp
[12.319s] -- Up-to-date symlink: /home/aurora/RM25/install/nav2_behavior_tree/include//nav2_behavior_tree/plugins/action/spin_cancel_node.hpp
[12.319s] -- Up-to-date symlink: /home/aurora/RM25/install/nav2_behavior_tree/include//nav2_behavior_tree/plugins/action/truncate_path_action.hpp
[12.319s] -- Up-to-date symlink: /home/aurora/RM25/install/nav2_behavior_tree/include//nav2_behavior_tree/plugins/action/truncate_path_local_action.hpp
[12.319s] -- Up-to-date symlink: /home/aurora/RM25/install/nav2_behavior_tree/include//nav2_behavior_tree/plugins/action/wait_action.hpp
[12.319s] -- Up-to-date symlink: /home/aurora/RM25/install/nav2_behavior_tree/include//nav2_behavior_tree/plugins/action/wait_cancel_node.hpp
[12.320s] -- Up-to-date symlink: /home/aurora/RM25/install/nav2_behavior_tree/include//nav2_behavior_tree/plugins/condition/distance_traveled_condition.hpp
[12.320s] -- Up-to-date symlink: /home/aurora/RM25/install/nav2_behavior_tree/include//nav2_behavior_tree/plugins/condition/globally_updated_goal_condition.hpp
[12.320s] -- Up-to-date symlink: /home/aurora/RM25/install/nav2_behavior_tree/include//nav2_behavior_tree/plugins/condition/goal_reached_condition.hpp
[12.320s] -- Up-to-date symlink: /home/aurora/RM25/install/nav2_behavior_tree/include//nav2_behavior_tree/plugins/condition/goal_updated_condition.hpp
[12.321s] -- Up-to-date symlink: /home/aurora/RM25/install/nav2_behavior_tree/include//nav2_behavior_tree/plugins/condition/initial_pose_received_condition.hpp
[12.321s] -- Up-to-date symlink: /home/aurora/RM25/install/nav2_behavior_tree/include//nav2_behavior_tree/plugins/condition/is_battery_charging_condition.hpp
[12.321s] -- Up-to-date symlink: /home/aurora/RM25/install/nav2_behavior_tree/include//nav2_behavior_tree/plugins/condition/is_battery_low_condition.hpp
[12.322s] -- Up-to-date symlink: /home/aurora/RM25/install/nav2_behavior_tree/include//nav2_behavior_tree/plugins/condition/is_path_valid_condition.hpp
[12.322s] -- Up-to-date symlink: /home/aurora/RM25/install/nav2_behavior_tree/include//nav2_behavior_tree/plugins/condition/is_stuck_condition.hpp
[12.322s] -- Up-to-date symlink: /home/aurora/RM25/install/nav2_behavior_tree/include//nav2_behavior_tree/plugins/condition/path_expiring_timer_condition.hpp
[12.322s] -- Up-to-date symlink: /home/aurora/RM25/install/nav2_behavior_tree/include//nav2_behavior_tree/plugins/condition/time_expired_condition.hpp
[12.323s] -- Up-to-date symlink: /home/aurora/RM25/install/nav2_behavior_tree/include//nav2_behavior_tree/plugins/condition/transform_available_condition.hpp
[12.323s] -- Up-to-date symlink: /home/aurora/RM25/install/nav2_behavior_tree/include//nav2_behavior_tree/plugins/control/pipeline_sequence.hpp
[12.323s] -- Up-to-date symlink: /home/aurora/RM25/install/nav2_behavior_tree/include//nav2_behavior_tree/plugins/control/recovery_node.hpp
[12.323s] -- Up-to-date symlink: /home/aurora/RM25/install/nav2_behavior_tree/include//nav2_behavior_tree/plugins/control/round_robin_node.hpp
[12.324s] -- Up-to-date symlink: /home/aurora/RM25/install/nav2_behavior_tree/include//nav2_behavior_tree/plugins/decorator/distance_controller.hpp
[12.324s] -- Up-to-date symlink: /home/aurora/RM25/install/nav2_behavior_tree/include//nav2_behavior_tree/plugins/decorator/goal_updated_controller.hpp
[12.324s] -- Up-to-date symlink: /home/aurora/RM25/install/nav2_behavior_tree/include//nav2_behavior_tree/plugins/decorator/goal_updater_node.hpp
[12.325s] -- Up-to-date symlink: /home/aurora/RM25/install/nav2_behavior_tree/include//nav2_behavior_tree/plugins/decorator/path_longer_on_approach.hpp
[12.325s] -- Up-to-date symlink: /home/aurora/RM25/install/nav2_behavior_tree/include//nav2_behavior_tree/plugins/decorator/rate_controller.hpp
[12.325s] -- Up-to-date symlink: /home/aurora/RM25/install/nav2_behavior_tree/include//nav2_behavior_tree/plugins/decorator/single_trigger_node.hpp
[12.325s] -- Up-to-date symlink: /home/aurora/RM25/install/nav2_behavior_tree/include//nav2_behavior_tree/plugins/decorator/speed_controller.hpp
[12.325s] -- Up-to-date symlink: /home/aurora/RM25/install/nav2_behavior_tree/include//nav2_behavior_tree/ros_topic_logger.hpp
[12.325s] -- Up-to-date symlink: /home/aurora/RM25/install/nav2_behavior_tree/share/nav2_behavior_tree/nav2_tree_nodes.xml
[12.326s] -- Up-to-date symlink: /home/aurora/RM25/install/nav2_behavior_tree/share/nav2_behavior_tree/environment/library_path.sh
[12.326s] -- Up-to-date symlink: /home/aurora/RM25/install/nav2_behavior_tree/share/nav2_behavior_tree/environment/library_path.dsv
[12.326s] -- Up-to-date symlink: /home/aurora/RM25/install/nav2_behavior_tree/share/ament_index/resource_index/package_run_dependencies/nav2_behavior_tree
[12.326s] -- Up-to-date symlink: /home/aurora/RM25/install/nav2_behavior_tree/share/ament_index/resource_index/parent_prefix_path/nav2_behavior_tree
[12.326s] -- Up-to-date symlink: /home/aurora/RM25/install/nav2_behavior_tree/share/nav2_behavior_tree/environment/ament_prefix_path.sh
[12.327s] -- Up-to-date symlink: /home/aurora/RM25/install/nav2_behavior_tree/share/nav2_behavior_tree/environment/ament_prefix_path.dsv
[12.327s] -- Up-to-date symlink: /home/aurora/RM25/install/nav2_behavior_tree/share/nav2_behavior_tree/environment/path.sh
[12.327s] -- Up-to-date symlink: /home/aurora/RM25/install/nav2_behavior_tree/share/nav2_behavior_tree/environment/path.dsv
[12.327s] -- Up-to-date symlink: /home/aurora/RM25/install/nav2_behavior_tree/share/nav2_behavior_tree/local_setup.bash
[12.327s] -- Up-to-date symlink: /home/aurora/RM25/install/nav2_behavior_tree/share/nav2_behavior_tree/local_setup.sh
[12.327s] -- Up-to-date symlink: /home/aurora/RM25/install/nav2_behavior_tree/share/nav2_behavior_tree/local_setup.zsh
[12.328s] -- Up-to-date symlink: /home/aurora/RM25/install/nav2_behavior_tree/share/nav2_behavior_tree/local_setup.dsv
[12.328s] -- Symlinking: /home/aurora/RM25/install/nav2_behavior_tree/share/nav2_behavior_tree/package.dsv
[12.333s] -- Up-to-date symlink: /home/aurora/RM25/install/nav2_behavior_tree/share/ament_index/resource_index/packages/nav2_behavior_tree
[12.334s] -- Up-to-date symlink: /home/aurora/RM25/install/nav2_behavior_tree/share/nav2_behavior_tree/cmake/ament_cmake_export_include_directories-extras.cmake
[12.334s] -- Up-to-date symlink: /home/aurora/RM25/install/nav2_behavior_tree/share/nav2_behavior_tree/cmake/ament_cmake_export_libraries-extras.cmake
[12.335s] -- Up-to-date symlink: /home/aurora/RM25/install/nav2_behavior_tree/share/nav2_behavior_tree/cmake/ament_cmake_export_dependencies-extras.cmake
[12.335s] -- Up-to-date symlink: /home/aurora/RM25/install/nav2_behavior_tree/share/nav2_behavior_tree/cmake/nav2_behavior_treeConfig.cmake
[12.335s] -- Up-to-date symlink: /home/aurora/RM25/install/nav2_behavior_tree/share/nav2_behavior_tree/cmake/nav2_behavior_treeConfig-version.cmake
[12.335s] -- Up-to-date symlink: /home/aurora/RM25/install/nav2_behavior_tree/share/nav2_behavior_tree/package.xml
[12.337s] Invoked command in '/home/aurora/RM25/build/nav2_behavior_tree' returned '0': CMAKE_PREFIX_PATH=/home/aurora/RM25/install/nav2_util:/home/aurora/RM25/install/nav2_msgs:/home/aurora/RM25/install/nav2_common:/home/aurora/RM25/install/nav2_constrained_smoother:/home/aurora/RM25/install/rm_robot_description:/home/aurora/RM25/install/opennav_docking_core:/home/aurora/RM25/install/nav_2d_utils:/home/aurora/RM25/install/dwb_msgs:/home/aurora/RM25/install/nav_2d_msgs:/home/aurora/RM25/install/nav2_core:/home/aurora/RM25/install/costmap_queue:/home/aurora/RM25/install/nav2_costmap_2d:/home/aurora/RM25/install/nav2_voxel_grid:/home/aurora/RM25/install/nav2_velocity_smoother:/home/aurora/RM25/install/nav2_rviz_plugins:/home/aurora/RM25/install/nav2_map_server:/home/aurora/RM25/install/nav2_lifecycle_manager:/home/aurora/RM25/install/nav2_behavior_tree:/home/aurora/RM25/install/nav2_amcl:/home/aurora/ws_helloworld/install/pkg01_helloworld_cpp:/home/aurora/ws_helloworld/install/learning_tf2_cpp:/home/aurora/RM25/install/nav2_simple_commander:/home/aurora/RM25/install/nav2_loopback_sim:/home/aurora/ws_helloworld/install/pkg02_helloworld_py:/opt/ros/humble LD_LIBRARY_PATH=/home/aurora/RM25/install/nav2_util/lib:/home/aurora/RM25/install/nav2_msgs/lib:/home/aurora/RM25/install/nav2_constrained_smoother/lib:/home/aurora/RM25/install/nav_2d_utils/lib:/home/aurora/RM25/install/dwb_msgs/lib:/home/aurora/RM25/install/nav_2d_msgs/lib:/home/aurora/RM25/install/costmap_queue/lib:/home/aurora/RM25/install/nav2_costmap_2d/lib:/home/aurora/RM25/install/nav2_voxel_grid/lib:/home/aurora/RM25/install/nav2_velocity_smoother/lib:/home/aurora/RM25/install/nav2_rviz_plugins/lib:/home/aurora/RM25/install/nav2_map_server/lib:/home/aurora/RM25/install/nav2_lifecycle_manager/lib:/home/aurora/RM25/install/nav2_behavior_tree/lib:/home/aurora/RM25/install/nav2_amcl/lib:/usr/lib/x86_64-linux-gnu/gazebo-11/plugins:/opt/ros/humble/opt/rviz_ogre_vendor/lib:/opt/ros/humble/lib/x86_64-linux-gnu:/opt/ros/humble/lib /usr/bin/cmake --install /home/aurora/RM25/build/nav2_behavior_tree
