[0.161s] DEBUG:colcon:Command line arguments: ['/usr/bin/colcon', 'build']
[0.162s] DEBUG:colcon:Parsed command line arguments: Namespace(log_base=None, log_level=None, verb_name='build', build_base='build', install_base='install', merge_install=False, symlink_install=False, test_result_base=None, continue_on_error=False, executor='parallel', parallel_workers=20, event_handlers=None, ignore_user_meta=False, metas=['./colcon.meta'], base_paths=['.'], packages_ignore=None, packages_ignore_regex=None, paths=None, packages_up_to=None, packages_up_to_regex=None, packages_above=None, packages_above_and_dependencies=None, packages_above_depth=None, packages_select_by_dep=None, packages_skip_by_dep=None, packages_skip_up_to=None, packages_select_build_failed=False, packages_skip_build_finished=False, packages_select_test_failures=False, packages_skip_test_passed=False, packages_select=None, packages_skip=None, packages_select_regex=None, packages_skip_regex=None, packages_start=None, packages_end=None, allow_overriding=[], cmake_args=None, cmake_target=None, cmake_target_skip_unavailable=False, cmake_clean_cache=False, cmake_clean_first=False, cmake_force_configure=False, ament_cmake_args=None, catkin_cmake_args=None, catkin_skip_building_tests=False, verb_parser=<colcon_defaults.argument_parser.defaults.DefaultArgumentsDecorator object at 0x7fedd9f00700>, verb_extension=<colcon_core.verb.build.BuildVerb object at 0x7fedda071d50>, main=<bound method BuildVerb.main of <colcon_core.verb.build.BuildVerb object at 0x7fedda071d50>>)
[0.243s] Level 1:colcon.colcon_core.package_discovery:discover_packages(colcon_meta) check parameters
[0.243s] Level 1:colcon.colcon_core.package_discovery:discover_packages(recursive) check parameters
[0.243s] Level 1:colcon.colcon_core.package_discovery:discover_packages(ignore) check parameters
[0.243s] Level 1:colcon.colcon_core.package_discovery:discover_packages(path) check parameters
[0.243s] Level 1:colcon.colcon_core.package_discovery:discover_packages(colcon_meta) discover
[0.243s] Level 1:colcon.colcon_core.package_discovery:discover_packages(recursive) discover
[0.243s] INFO:colcon.colcon_core.package_discovery:Crawling recursively for packages in '/home/aurora/RM25'
[0.243s] Level 1:colcon.colcon_core.package_identification:_identify(.) by extensions ['ignore', 'ignore_ament_install']
[0.243s] Level 1:colcon.colcon_core.package_identification:_identify(.) by extension 'ignore'
[0.243s] Level 1:colcon.colcon_core.package_identification:_identify(.) by extension 'ignore_ament_install'
[0.244s] Level 1:colcon.colcon_core.package_identification:_identify(.) by extensions ['colcon_pkg']
[0.244s] Level 1:colcon.colcon_core.package_identification:_identify(.) by extension 'colcon_pkg'
[0.244s] Level 1:colcon.colcon_core.package_identification:_identify(.) by extensions ['colcon_meta']
[0.244s] Level 1:colcon.colcon_core.package_identification:_identify(.) by extension 'colcon_meta'
[0.244s] Level 1:colcon.colcon_core.package_identification:_identify(.) by extensions ['ros']
[0.244s] Level 1:colcon.colcon_core.package_identification:_identify(.) by extension 'ros'
[0.250s] Level 1:colcon.colcon_core.package_identification:_identify(.) by extensions ['cmake', 'python']
[0.250s] Level 1:colcon.colcon_core.package_identification:_identify(.) by extension 'cmake'
[0.250s] Level 1:colcon.colcon_core.package_identification:_identify(.) by extension 'python'
[0.250s] Level 1:colcon.colcon_core.package_identification:_identify(.) by extensions ['python_setup_py']
[0.250s] Level 1:colcon.colcon_core.package_identification:_identify(.) by extension 'python_setup_py'
[0.250s] Level 1:colcon.colcon_core.package_identification:_identify(build) by extensions ['ignore', 'ignore_ament_install']
[0.250s] Level 1:colcon.colcon_core.package_identification:_identify(build) by extension 'ignore'
[0.250s] Level 1:colcon.colcon_core.package_identification:_identify(build) ignored
[0.250s] Level 1:colcon.colcon_core.package_identification:_identify(imgs) by extensions ['ignore', 'ignore_ament_install']
[0.251s] Level 1:colcon.colcon_core.package_identification:_identify(imgs) by extension 'ignore'
[0.251s] Level 1:colcon.colcon_core.package_identification:_identify(imgs) by extension 'ignore_ament_install'
[0.251s] Level 1:colcon.colcon_core.package_identification:_identify(imgs) by extensions ['colcon_pkg']
[0.251s] Level 1:colcon.colcon_core.package_identification:_identify(imgs) by extension 'colcon_pkg'
[0.251s] Level 1:colcon.colcon_core.package_identification:_identify(imgs) by extensions ['colcon_meta']
[0.251s] Level 1:colcon.colcon_core.package_identification:_identify(imgs) by extension 'colcon_meta'
[0.251s] Level 1:colcon.colcon_core.package_identification:_identify(imgs) by extensions ['ros']
[0.251s] Level 1:colcon.colcon_core.package_identification:_identify(imgs) by extension 'ros'
[0.251s] Level 1:colcon.colcon_core.package_identification:_identify(imgs) by extensions ['cmake', 'python']
[0.251s] Level 1:colcon.colcon_core.package_identification:_identify(imgs) by extension 'cmake'
[0.251s] Level 1:colcon.colcon_core.package_identification:_identify(imgs) by extension 'python'
[0.251s] Level 1:colcon.colcon_core.package_identification:_identify(imgs) by extensions ['python_setup_py']
[0.251s] Level 1:colcon.colcon_core.package_identification:_identify(imgs) by extension 'python_setup_py'
[0.251s] Level 1:colcon.colcon_core.package_identification:_identify(install) by extensions ['ignore', 'ignore_ament_install']
[0.251s] Level 1:colcon.colcon_core.package_identification:_identify(install) by extension 'ignore'
[0.251s] Level 1:colcon.colcon_core.package_identification:_identify(install) ignored
[0.251s] Level 1:colcon.colcon_core.package_identification:_identify(log) by extensions ['ignore', 'ignore_ament_install']
[0.251s] Level 1:colcon.colcon_core.package_identification:_identify(log) by extension 'ignore'
[0.251s] Level 1:colcon.colcon_core.package_identification:_identify(log) ignored
[0.251s] Level 1:colcon.colcon_core.package_identification:_identify(src) by extensions ['ignore', 'ignore_ament_install']
[0.251s] Level 1:colcon.colcon_core.package_identification:_identify(src) by extension 'ignore'
[0.251s] Level 1:colcon.colcon_core.package_identification:_identify(src) by extension 'ignore_ament_install'
[0.251s] Level 1:colcon.colcon_core.package_identification:_identify(src) by extensions ['colcon_pkg']
[0.251s] Level 1:colcon.colcon_core.package_identification:_identify(src) by extension 'colcon_pkg'
[0.251s] Level 1:colcon.colcon_core.package_identification:_identify(src) by extensions ['colcon_meta']
[0.251s] Level 1:colcon.colcon_core.package_identification:_identify(src) by extension 'colcon_meta'
[0.251s] Level 1:colcon.colcon_core.package_identification:_identify(src) by extensions ['ros']
[0.251s] Level 1:colcon.colcon_core.package_identification:_identify(src) by extension 'ros'
[0.251s] Level 1:colcon.colcon_core.package_identification:_identify(src) by extensions ['cmake', 'python']
[0.251s] Level 1:colcon.colcon_core.package_identification:_identify(src) by extension 'cmake'
[0.252s] Level 1:colcon.colcon_core.package_identification:_identify(src) by extension 'python'
[0.252s] Level 1:colcon.colcon_core.package_identification:_identify(src) by extensions ['python_setup_py']
[0.252s] Level 1:colcon.colcon_core.package_identification:_identify(src) by extension 'python_setup_py'
[0.252s] Level 1:colcon.colcon_core.package_identification:_identify(src/build) by extensions ['ignore', 'ignore_ament_install']
[0.252s] Level 1:colcon.colcon_core.package_identification:_identify(src/build) by extension 'ignore'
[0.252s] Level 1:colcon.colcon_core.package_identification:_identify(src/build) ignored
[0.252s] Level 1:colcon.colcon_core.package_identification:_identify(src/config) by extensions ['ignore', 'ignore_ament_install']
[0.252s] Level 1:colcon.colcon_core.package_identification:_identify(src/config) by extension 'ignore'
[0.252s] Level 1:colcon.colcon_core.package_identification:_identify(src/config) by extension 'ignore_ament_install'
[0.252s] Level 1:colcon.colcon_core.package_identification:_identify(src/config) by extensions ['colcon_pkg']
[0.252s] Level 1:colcon.colcon_core.package_identification:_identify(src/config) by extension 'colcon_pkg'
[0.252s] Level 1:colcon.colcon_core.package_identification:_identify(src/config) by extensions ['colcon_meta']
[0.252s] Level 1:colcon.colcon_core.package_identification:_identify(src/config) by extension 'colcon_meta'
[0.252s] Level 1:colcon.colcon_core.package_identification:_identify(src/config) by extensions ['ros']
[0.252s] Level 1:colcon.colcon_core.package_identification:_identify(src/config) by extension 'ros'
[0.252s] Level 1:colcon.colcon_core.package_identification:_identify(src/config) by extensions ['cmake', 'python']
[0.252s] Level 1:colcon.colcon_core.package_identification:_identify(src/config) by extension 'cmake'
[0.252s] Level 1:colcon.colcon_core.package_identification:_identify(src/config) by extension 'python'
[0.252s] Level 1:colcon.colcon_core.package_identification:_identify(src/config) by extensions ['python_setup_py']
[0.252s] Level 1:colcon.colcon_core.package_identification:_identify(src/config) by extension 'python_setup_py'
[0.252s] Level 1:colcon.colcon_core.package_identification:_identify(src/config/real) by extensions ['ignore', 'ignore_ament_install']
[0.252s] Level 1:colcon.colcon_core.package_identification:_identify(src/config/real) by extension 'ignore'
[0.252s] Level 1:colcon.colcon_core.package_identification:_identify(src/config/real) by extension 'ignore_ament_install'
[0.252s] Level 1:colcon.colcon_core.package_identification:_identify(src/config/real) by extensions ['colcon_pkg']
[0.252s] Level 1:colcon.colcon_core.package_identification:_identify(src/config/real) by extension 'colcon_pkg'
[0.252s] Level 1:colcon.colcon_core.package_identification:_identify(src/config/real) by extensions ['colcon_meta']
[0.252s] Level 1:colcon.colcon_core.package_identification:_identify(src/config/real) by extension 'colcon_meta'
[0.252s] Level 1:colcon.colcon_core.package_identification:_identify(src/config/real) by extensions ['ros']
[0.252s] Level 1:colcon.colcon_core.package_identification:_identify(src/config/real) by extension 'ros'
[0.253s] Level 1:colcon.colcon_core.package_identification:_identify(src/config/real) by extensions ['cmake', 'python']
[0.253s] Level 1:colcon.colcon_core.package_identification:_identify(src/config/real) by extension 'cmake'
[0.253s] Level 1:colcon.colcon_core.package_identification:_identify(src/config/real) by extension 'python'
[0.253s] Level 1:colcon.colcon_core.package_identification:_identify(src/config/real) by extensions ['python_setup_py']
[0.253s] Level 1:colcon.colcon_core.package_identification:_identify(src/config/real) by extension 'python_setup_py'
[0.253s] Level 1:colcon.colcon_core.package_identification:_identify(src/config/sim) by extensions ['ignore', 'ignore_ament_install']
[0.253s] Level 1:colcon.colcon_core.package_identification:_identify(src/config/sim) by extension 'ignore'
[0.253s] Level 1:colcon.colcon_core.package_identification:_identify(src/config/sim) by extension 'ignore_ament_install'
[0.253s] Level 1:colcon.colcon_core.package_identification:_identify(src/config/sim) by extensions ['colcon_pkg']
[0.253s] Level 1:colcon.colcon_core.package_identification:_identify(src/config/sim) by extension 'colcon_pkg'
[0.253s] Level 1:colcon.colcon_core.package_identification:_identify(src/config/sim) by extensions ['colcon_meta']
[0.253s] Level 1:colcon.colcon_core.package_identification:_identify(src/config/sim) by extension 'colcon_meta'
[0.253s] Level 1:colcon.colcon_core.package_identification:_identify(src/config/sim) by extensions ['ros']
[0.253s] Level 1:colcon.colcon_core.package_identification:_identify(src/config/sim) by extension 'ros'
[0.253s] Level 1:colcon.colcon_core.package_identification:_identify(src/config/sim) by extensions ['cmake', 'python']
[0.253s] Level 1:colcon.colcon_core.package_identification:_identify(src/config/sim) by extension 'cmake'
[0.253s] Level 1:colcon.colcon_core.package_identification:_identify(src/config/sim) by extension 'python'
[0.253s] Level 1:colcon.colcon_core.package_identification:_identify(src/config/sim) by extensions ['python_setup_py']
[0.253s] Level 1:colcon.colcon_core.package_identification:_identify(src/config/sim) by extension 'python_setup_py'
[0.253s] Level 1:colcon.colcon_core.package_identification:_identify(src/install) by extensions ['ignore', 'ignore_ament_install']
[0.253s] Level 1:colcon.colcon_core.package_identification:_identify(src/install) by extension 'ignore'
[0.253s] Level 1:colcon.colcon_core.package_identification:_identify(src/install) ignored
[0.253s] Level 1:colcon.colcon_core.package_identification:_identify(src/log) by extensions ['ignore', 'ignore_ament_install']
[0.253s] Level 1:colcon.colcon_core.package_identification:_identify(src/log) by extension 'ignore'
[0.253s] Level 1:colcon.colcon_core.package_identification:_identify(src/log) ignored
[0.253s] Level 1:colcon.colcon_core.package_identification:_identify(src/rm_behavior) by extensions ['ignore', 'ignore_ament_install']
[0.253s] Level 1:colcon.colcon_core.package_identification:_identify(src/rm_behavior) by extension 'ignore'
[0.253s] Level 1:colcon.colcon_core.package_identification:_identify(src/rm_behavior) by extension 'ignore_ament_install'
[0.253s] Level 1:colcon.colcon_core.package_identification:_identify(src/rm_behavior) by extensions ['colcon_pkg']
[0.253s] Level 1:colcon.colcon_core.package_identification:_identify(src/rm_behavior) by extension 'colcon_pkg'
[0.253s] Level 1:colcon.colcon_core.package_identification:_identify(src/rm_behavior) by extensions ['colcon_meta']
[0.253s] Level 1:colcon.colcon_core.package_identification:_identify(src/rm_behavior) by extension 'colcon_meta'
[0.253s] Level 1:colcon.colcon_core.package_identification:_identify(src/rm_behavior) by extensions ['ros']
[0.253s] Level 1:colcon.colcon_core.package_identification:_identify(src/rm_behavior) by extension 'ros'
[0.253s] Level 1:colcon.colcon_core.package_identification:_identify(src/rm_behavior) by extensions ['cmake', 'python']
[0.253s] Level 1:colcon.colcon_core.package_identification:_identify(src/rm_behavior) by extension 'cmake'
[0.254s] Level 1:colcon.colcon_core.package_identification:_identify(src/rm_behavior) by extension 'python'
[0.254s] Level 1:colcon.colcon_core.package_identification:_identify(src/rm_behavior) by extensions ['python_setup_py']
[0.254s] Level 1:colcon.colcon_core.package_identification:_identify(src/rm_behavior) by extension 'python_setup_py'
[0.254s] Level 1:colcon.colcon_core.package_identification:_identify(src/rm_driver) by extensions ['ignore', 'ignore_ament_install']
[0.254s] Level 1:colcon.colcon_core.package_identification:_identify(src/rm_driver) by extension 'ignore'
[0.254s] Level 1:colcon.colcon_core.package_identification:_identify(src/rm_driver) by extension 'ignore_ament_install'
[0.254s] Level 1:colcon.colcon_core.package_identification:_identify(src/rm_driver) by extensions ['colcon_pkg']
[0.254s] Level 1:colcon.colcon_core.package_identification:_identify(src/rm_driver) by extension 'colcon_pkg'
[0.254s] Level 1:colcon.colcon_core.package_identification:_identify(src/rm_driver) by extensions ['colcon_meta']
[0.254s] Level 1:colcon.colcon_core.package_identification:_identify(src/rm_driver) by extension 'colcon_meta'
[0.254s] Level 1:colcon.colcon_core.package_identification:_identify(src/rm_driver) by extensions ['ros']
[0.254s] Level 1:colcon.colcon_core.package_identification:_identify(src/rm_driver) by extension 'ros'
[0.254s] Level 1:colcon.colcon_core.package_identification:_identify(src/rm_driver) by extensions ['cmake', 'python']
[0.254s] Level 1:colcon.colcon_core.package_identification:_identify(src/rm_driver) by extension 'cmake'
[0.254s] Level 1:colcon.colcon_core.package_identification:_identify(src/rm_driver) by extension 'python'
[0.254s] Level 1:colcon.colcon_core.package_identification:_identify(src/rm_driver) by extensions ['python_setup_py']
[0.254s] Level 1:colcon.colcon_core.package_identification:_identify(src/rm_driver) by extension 'python_setup_py'
[0.254s] Level 1:colcon.colcon_core.package_identification:_identify(src/rm_driver/Livox-SDK2) by extensions ['ignore', 'ignore_ament_install']
[0.254s] Level 1:colcon.colcon_core.package_identification:_identify(src/rm_driver/Livox-SDK2) by extension 'ignore'
[0.254s] Level 1:colcon.colcon_core.package_identification:_identify(src/rm_driver/Livox-SDK2) by extension 'ignore_ament_install'
[0.254s] Level 1:colcon.colcon_core.package_identification:_identify(src/rm_driver/Livox-SDK2) by extensions ['colcon_pkg']
[0.254s] Level 1:colcon.colcon_core.package_identification:_identify(src/rm_driver/Livox-SDK2) by extension 'colcon_pkg'
[0.254s] Level 1:colcon.colcon_core.package_identification:_identify(src/rm_driver/Livox-SDK2) by extensions ['colcon_meta']
[0.254s] Level 1:colcon.colcon_core.package_identification:_identify(src/rm_driver/Livox-SDK2) by extension 'colcon_meta'
[0.254s] Level 1:colcon.colcon_core.package_identification:_identify(src/rm_driver/Livox-SDK2) by extensions ['ros']
[0.254s] Level 1:colcon.colcon_core.package_identification:_identify(src/rm_driver/Livox-SDK2) by extension 'ros'
[0.254s] Level 1:colcon.colcon_core.package_identification:_identify(src/rm_driver/Livox-SDK2) by extensions ['cmake', 'python']
[0.254s] Level 1:colcon.colcon_core.package_identification:_identify(src/rm_driver/Livox-SDK2) by extension 'cmake'
[0.259s] Level 1:colcon.colcon_core.package_identification:_identify(src/rm_driver/Livox-SDK2) by extension 'python'
[0.259s] DEBUG:colcon.colcon_core.package_identification:Package 'src/rm_driver/Livox-SDK2' with type 'cmake' and name 'livox_sdk2'
[0.260s] Level 1:colcon.colcon_core.package_identification:_identify(src/rm_driver/livox_ros_driver2) by extensions ['ignore', 'ignore_ament_install']
[0.260s] Level 1:colcon.colcon_core.package_identification:_identify(src/rm_driver/livox_ros_driver2) by extension 'ignore'
[0.260s] Level 1:colcon.colcon_core.package_identification:_identify(src/rm_driver/livox_ros_driver2) by extension 'ignore_ament_install'
[0.260s] Level 1:colcon.colcon_core.package_identification:_identify(src/rm_driver/livox_ros_driver2) by extensions ['colcon_pkg']
[0.260s] Level 1:colcon.colcon_core.package_identification:_identify(src/rm_driver/livox_ros_driver2) by extension 'colcon_pkg'
[0.260s] Level 1:colcon.colcon_core.package_identification:_identify(src/rm_driver/livox_ros_driver2) by extensions ['colcon_meta']
[0.260s] Level 1:colcon.colcon_core.package_identification:_identify(src/rm_driver/livox_ros_driver2) by extension 'colcon_meta'
[0.260s] Level 1:colcon.colcon_core.package_identification:_identify(src/rm_driver/livox_ros_driver2) by extensions ['ros']
[0.260s] Level 1:colcon.colcon_core.package_identification:_identify(src/rm_driver/livox_ros_driver2) by extension 'ros'
[0.261s] DEBUG:colcon.colcon_core.package_identification:Package 'src/rm_driver/livox_ros_driver2' with type 'ros.ament_cmake' and name 'livox_ros_driver2'
[0.261s] Level 1:colcon.colcon_core.package_identification:_identify(src/rm_localization) by extensions ['ignore', 'ignore_ament_install']
[0.262s] Level 1:colcon.colcon_core.package_identification:_identify(src/rm_localization) by extension 'ignore'
[0.262s] Level 1:colcon.colcon_core.package_identification:_identify(src/rm_localization) by extension 'ignore_ament_install'
[0.262s] Level 1:colcon.colcon_core.package_identification:_identify(src/rm_localization) by extensions ['colcon_pkg']
[0.262s] Level 1:colcon.colcon_core.package_identification:_identify(src/rm_localization) by extension 'colcon_pkg'
[0.262s] Level 1:colcon.colcon_core.package_identification:_identify(src/rm_localization) by extensions ['colcon_meta']
[0.262s] Level 1:colcon.colcon_core.package_identification:_identify(src/rm_localization) by extension 'colcon_meta'
[0.262s] Level 1:colcon.colcon_core.package_identification:_identify(src/rm_localization) by extensions ['ros']
[0.262s] Level 1:colcon.colcon_core.package_identification:_identify(src/rm_localization) by extension 'ros'
[0.262s] Level 1:colcon.colcon_core.package_identification:_identify(src/rm_localization) by extensions ['cmake', 'python']
[0.262s] Level 1:colcon.colcon_core.package_identification:_identify(src/rm_localization) by extension 'cmake'
[0.262s] Level 1:colcon.colcon_core.package_identification:_identify(src/rm_localization) by extension 'python'
[0.262s] Level 1:colcon.colcon_core.package_identification:_identify(src/rm_localization) by extensions ['python_setup_py']
[0.262s] Level 1:colcon.colcon_core.package_identification:_identify(src/rm_localization) by extension 'python_setup_py'
[0.262s] Level 1:colcon.colcon_core.package_identification:_identify(src/rm_mapping) by extensions ['ignore', 'ignore_ament_install']
[0.262s] Level 1:colcon.colcon_core.package_identification:_identify(src/rm_mapping) by extension 'ignore'
[0.262s] Level 1:colcon.colcon_core.package_identification:_identify(src/rm_mapping) by extension 'ignore_ament_install'
[0.262s] Level 1:colcon.colcon_core.package_identification:_identify(src/rm_mapping) by extensions ['colcon_pkg']
[0.262s] Level 1:colcon.colcon_core.package_identification:_identify(src/rm_mapping) by extension 'colcon_pkg'
[0.262s] Level 1:colcon.colcon_core.package_identification:_identify(src/rm_mapping) by extensions ['colcon_meta']
[0.262s] Level 1:colcon.colcon_core.package_identification:_identify(src/rm_mapping) by extension 'colcon_meta'
[0.262s] Level 1:colcon.colcon_core.package_identification:_identify(src/rm_mapping) by extensions ['ros']
[0.262s] Level 1:colcon.colcon_core.package_identification:_identify(src/rm_mapping) by extension 'ros'
[0.262s] Level 1:colcon.colcon_core.package_identification:_identify(src/rm_mapping) by extensions ['cmake', 'python']
[0.262s] Level 1:colcon.colcon_core.package_identification:_identify(src/rm_mapping) by extension 'cmake'
[0.262s] Level 1:colcon.colcon_core.package_identification:_identify(src/rm_mapping) by extension 'python'
[0.262s] Level 1:colcon.colcon_core.package_identification:_identify(src/rm_mapping) by extensions ['python_setup_py']
[0.262s] Level 1:colcon.colcon_core.package_identification:_identify(src/rm_mapping) by extension 'python_setup_py'
[0.262s] Level 1:colcon.colcon_core.package_identification:_identify(src/rm_nav2_bringup) by extensions ['ignore', 'ignore_ament_install']
[0.262s] Level 1:colcon.colcon_core.package_identification:_identify(src/rm_nav2_bringup) by extension 'ignore'
[0.262s] Level 1:colcon.colcon_core.package_identification:_identify(src/rm_nav2_bringup) by extension 'ignore_ament_install'
[0.262s] Level 1:colcon.colcon_core.package_identification:_identify(src/rm_nav2_bringup) by extensions ['colcon_pkg']
[0.262s] Level 1:colcon.colcon_core.package_identification:_identify(src/rm_nav2_bringup) by extension 'colcon_pkg'
[0.262s] Level 1:colcon.colcon_core.package_identification:_identify(src/rm_nav2_bringup) by extensions ['colcon_meta']
[0.262s] Level 1:colcon.colcon_core.package_identification:_identify(src/rm_nav2_bringup) by extension 'colcon_meta'
[0.262s] Level 1:colcon.colcon_core.package_identification:_identify(src/rm_nav2_bringup) by extensions ['ros']
[0.262s] Level 1:colcon.colcon_core.package_identification:_identify(src/rm_nav2_bringup) by extension 'ros'
[0.262s] Level 1:colcon.colcon_core.package_identification:_identify(src/rm_nav2_bringup) by extensions ['cmake', 'python']
[0.263s] Level 1:colcon.colcon_core.package_identification:_identify(src/rm_nav2_bringup) by extension 'cmake'
[0.263s] Level 1:colcon.colcon_core.package_identification:_identify(src/rm_nav2_bringup) by extension 'python'
[0.263s] Level 1:colcon.colcon_core.package_identification:_identify(src/rm_nav2_bringup) by extensions ['python_setup_py']
[0.263s] Level 1:colcon.colcon_core.package_identification:_identify(src/rm_nav2_bringup) by extension 'python_setup_py'
[0.263s] Level 1:colcon.colcon_core.package_identification:_identify(src/rm_nav2_bringup/__pycache__) by extensions ['ignore', 'ignore_ament_install']
[0.263s] Level 1:colcon.colcon_core.package_identification:_identify(src/rm_nav2_bringup/__pycache__) by extension 'ignore'
[0.263s] Level 1:colcon.colcon_core.package_identification:_identify(src/rm_nav2_bringup/__pycache__) by extension 'ignore_ament_install'
[0.263s] Level 1:colcon.colcon_core.package_identification:_identify(src/rm_nav2_bringup/__pycache__) by extensions ['colcon_pkg']
[0.263s] Level 1:colcon.colcon_core.package_identification:_identify(src/rm_nav2_bringup/__pycache__) by extension 'colcon_pkg'
[0.263s] Level 1:colcon.colcon_core.package_identification:_identify(src/rm_nav2_bringup/__pycache__) by extensions ['colcon_meta']
[0.263s] Level 1:colcon.colcon_core.package_identification:_identify(src/rm_nav2_bringup/__pycache__) by extension 'colcon_meta'
[0.263s] Level 1:colcon.colcon_core.package_identification:_identify(src/rm_nav2_bringup/__pycache__) by extensions ['ros']
[0.263s] Level 1:colcon.colcon_core.package_identification:_identify(src/rm_nav2_bringup/__pycache__) by extension 'ros'
[0.263s] Level 1:colcon.colcon_core.package_identification:_identify(src/rm_nav2_bringup/__pycache__) by extensions ['cmake', 'python']
[0.263s] Level 1:colcon.colcon_core.package_identification:_identify(src/rm_nav2_bringup/__pycache__) by extension 'cmake'
[0.263s] Level 1:colcon.colcon_core.package_identification:_identify(src/rm_nav2_bringup/__pycache__) by extension 'python'
[0.263s] Level 1:colcon.colcon_core.package_identification:_identify(src/rm_nav2_bringup/__pycache__) by extensions ['python_setup_py']
[0.263s] Level 1:colcon.colcon_core.package_identification:_identify(src/rm_nav2_bringup/__pycache__) by extension 'python_setup_py'
[0.263s] Level 1:colcon.colcon_core.package_identification:_identify(src/rm_navigation) by extensions ['ignore', 'ignore_ament_install']
[0.263s] Level 1:colcon.colcon_core.package_identification:_identify(src/rm_navigation) by extension 'ignore'
[0.263s] Level 1:colcon.colcon_core.package_identification:_identify(src/rm_navigation) by extension 'ignore_ament_install'
[0.263s] Level 1:colcon.colcon_core.package_identification:_identify(src/rm_navigation) by extensions ['colcon_pkg']
[0.263s] Level 1:colcon.colcon_core.package_identification:_identify(src/rm_navigation) by extension 'colcon_pkg'
[0.263s] Level 1:colcon.colcon_core.package_identification:_identify(src/rm_navigation) by extensions ['colcon_meta']
[0.263s] Level 1:colcon.colcon_core.package_identification:_identify(src/rm_navigation) by extension 'colcon_meta'
[0.263s] Level 1:colcon.colcon_core.package_identification:_identify(src/rm_navigation) by extensions ['ros']
[0.263s] Level 1:colcon.colcon_core.package_identification:_identify(src/rm_navigation) by extension 'ros'
[0.263s] Level 1:colcon.colcon_core.package_identification:_identify(src/rm_navigation) by extensions ['cmake', 'python']
[0.263s] Level 1:colcon.colcon_core.package_identification:_identify(src/rm_navigation) by extension 'cmake'
[0.263s] Level 1:colcon.colcon_core.package_identification:_identify(src/rm_navigation) by extension 'python'
[0.263s] Level 1:colcon.colcon_core.package_identification:_identify(src/rm_navigation) by extensions ['python_setup_py']
[0.263s] Level 1:colcon.colcon_core.package_identification:_identify(src/rm_navigation) by extension 'python_setup_py'
[0.263s] Level 1:colcon.colcon_core.package_identification:_identify(src/rm_robot_description) by extensions ['ignore', 'ignore_ament_install']
[0.263s] Level 1:colcon.colcon_core.package_identification:_identify(src/rm_robot_description) by extension 'ignore'
[0.263s] Level 1:colcon.colcon_core.package_identification:_identify(src/rm_robot_description) by extension 'ignore_ament_install'
[0.263s] Level 1:colcon.colcon_core.package_identification:_identify(src/rm_robot_description) by extensions ['colcon_pkg']
[0.263s] Level 1:colcon.colcon_core.package_identification:_identify(src/rm_robot_description) by extension 'colcon_pkg'
[0.263s] Level 1:colcon.colcon_core.package_identification:_identify(src/rm_robot_description) by extensions ['colcon_meta']
[0.263s] Level 1:colcon.colcon_core.package_identification:_identify(src/rm_robot_description) by extension 'colcon_meta'
[0.263s] Level 1:colcon.colcon_core.package_identification:_identify(src/rm_robot_description) by extensions ['ros']
[0.263s] Level 1:colcon.colcon_core.package_identification:_identify(src/rm_robot_description) by extension 'ros'
[0.264s] DEBUG:colcon.colcon_core.package_identification:Package 'src/rm_robot_description' with type 'ros.ament_cmake' and name 'rm_robot_description'
[0.264s] Level 1:colcon.colcon_core.package_identification:_identify(src/rm_simulation) by extensions ['ignore', 'ignore_ament_install']
[0.264s] Level 1:colcon.colcon_core.package_identification:_identify(src/rm_simulation) by extension 'ignore'
[0.264s] Level 1:colcon.colcon_core.package_identification:_identify(src/rm_simulation) by extension 'ignore_ament_install'
[0.264s] Level 1:colcon.colcon_core.package_identification:_identify(src/rm_simulation) by extensions ['colcon_pkg']
[0.264s] Level 1:colcon.colcon_core.package_identification:_identify(src/rm_simulation) by extension 'colcon_pkg'
[0.264s] Level 1:colcon.colcon_core.package_identification:_identify(src/rm_simulation) by extensions ['colcon_meta']
[0.264s] Level 1:colcon.colcon_core.package_identification:_identify(src/rm_simulation) by extension 'colcon_meta'
[0.264s] Level 1:colcon.colcon_core.package_identification:_identify(src/rm_simulation) by extensions ['ros']
[0.264s] Level 1:colcon.colcon_core.package_identification:_identify(src/rm_simulation) by extension 'ros'
[0.264s] Level 1:colcon.colcon_core.package_identification:_identify(src/rm_simulation) by extensions ['cmake', 'python']
[0.264s] Level 1:colcon.colcon_core.package_identification:_identify(src/rm_simulation) by extension 'cmake'
[0.264s] Level 1:colcon.colcon_core.package_identification:_identify(src/rm_simulation) by extension 'python'
[0.264s] Level 1:colcon.colcon_core.package_identification:_identify(src/rm_simulation) by extensions ['python_setup_py']
[0.264s] Level 1:colcon.colcon_core.package_identification:_identify(src/rm_simulation) by extension 'python_setup_py'
[0.264s] Level 1:colcon.colcon_core.package_discovery:discover_packages(recursive) using defaults
[0.264s] Level 1:colcon.colcon_core.package_discovery:discover_packages(ignore) discover
[0.264s] Level 1:colcon.colcon_core.package_discovery:discover_packages(ignore) using defaults
[0.264s] Level 1:colcon.colcon_core.package_discovery:discover_packages(path) discover
[0.264s] Level 1:colcon.colcon_core.package_discovery:discover_packages(path) using defaults
[0.276s] Level 1:colcon.colcon_core.package_discovery:discover_packages(prefix_path) check parameters
[0.276s] Level 1:colcon.colcon_core.package_discovery:discover_packages(prefix_path) discover
[0.278s] DEBUG:colcon.colcon_installed_package_information.package_discovery:Found 10 installed packages in /home/aurora/pb_rm_simulation/install
[0.278s] DEBUG:colcon.colcon_installed_package_information.package_discovery:Found 0 installed packages in /home/aurora/RM25/install
[0.278s] DEBUG:colcon.colcon_installed_package_information.package_discovery:Found 2 installed packages in /home/aurora/RM25/src/install
[0.279s] DEBUG:colcon.colcon_installed_package_information.package_discovery:Found 0 installed packages in /home/aurora/RM25/src/rm_robot_description/launch/install
[0.279s] DEBUG:colcon.colcon_installed_package_information.package_discovery:Found 3 installed packages in /home/aurora/ws_helloworld/install
[0.280s] DEBUG:colcon.colcon_installed_package_information.package_discovery:Found 327 installed packages in /opt/ros/humble
[0.286s] Level 1:colcon.colcon_core.package_discovery:discover_packages(prefix_path) using defaults
[0.307s] Level 5:colcon.colcon_core.verb:set package 'livox_ros_driver2' build argument 'cmake_args' from command line to 'None'
[0.307s] Level 5:colcon.colcon_core.verb:set package 'livox_ros_driver2' build argument 'cmake_target' from command line to 'None'
[0.307s] Level 5:colcon.colcon_core.verb:set package 'livox_ros_driver2' build argument 'cmake_target_skip_unavailable' from command line to 'False'
[0.307s] Level 5:colcon.colcon_core.verb:set package 'livox_ros_driver2' build argument 'cmake_clean_cache' from command line to 'False'
[0.307s] Level 5:colcon.colcon_core.verb:set package 'livox_ros_driver2' build argument 'cmake_clean_first' from command line to 'False'
[0.307s] Level 5:colcon.colcon_core.verb:set package 'livox_ros_driver2' build argument 'cmake_force_configure' from command line to 'False'
[0.307s] Level 5:colcon.colcon_core.verb:set package 'livox_ros_driver2' build argument 'ament_cmake_args' from command line to 'None'
[0.307s] Level 5:colcon.colcon_core.verb:set package 'livox_ros_driver2' build argument 'catkin_cmake_args' from command line to 'None'
[0.307s] Level 5:colcon.colcon_core.verb:set package 'livox_ros_driver2' build argument 'catkin_skip_building_tests' from command line to 'False'
[0.307s] DEBUG:colcon.colcon_core.verb:Building package 'livox_ros_driver2' with the following arguments: {'ament_cmake_args': None, 'build_base': '/home/aurora/RM25/build/livox_ros_driver2', 'catkin_cmake_args': None, 'catkin_skip_building_tests': False, 'cmake_args': None, 'cmake_clean_cache': False, 'cmake_clean_first': False, 'cmake_force_configure': False, 'cmake_target': None, 'cmake_target_skip_unavailable': False, 'install_base': '/home/aurora/RM25/install/livox_ros_driver2', 'merge_install': False, 'path': '/home/aurora/RM25/src/rm_driver/livox_ros_driver2', 'symlink_install': False, 'test_result_base': None}
[0.307s] Level 5:colcon.colcon_core.verb:set package 'livox_sdk2' build argument 'cmake_args' from command line to 'None'
[0.307s] Level 5:colcon.colcon_core.verb:set package 'livox_sdk2' build argument 'cmake_target' from command line to 'None'
[0.308s] Level 5:colcon.colcon_core.verb:set package 'livox_sdk2' build argument 'cmake_target_skip_unavailable' from command line to 'False'
[0.308s] Level 5:colcon.colcon_core.verb:set package 'livox_sdk2' build argument 'cmake_clean_cache' from command line to 'False'
[0.308s] Level 5:colcon.colcon_core.verb:set package 'livox_sdk2' build argument 'cmake_clean_first' from command line to 'False'
[0.308s] Level 5:colcon.colcon_core.verb:set package 'livox_sdk2' build argument 'cmake_force_configure' from command line to 'False'
[0.308s] Level 5:colcon.colcon_core.verb:set package 'livox_sdk2' build argument 'ament_cmake_args' from command line to 'None'
[0.308s] Level 5:colcon.colcon_core.verb:set package 'livox_sdk2' build argument 'catkin_cmake_args' from command line to 'None'
[0.308s] Level 5:colcon.colcon_core.verb:set package 'livox_sdk2' build argument 'catkin_skip_building_tests' from command line to 'False'
[0.308s] DEBUG:colcon.colcon_core.verb:Building package 'livox_sdk2' with the following arguments: {'ament_cmake_args': None, 'build_base': '/home/aurora/RM25/build/livox_sdk2', 'catkin_cmake_args': None, 'catkin_skip_building_tests': False, 'cmake_args': None, 'cmake_clean_cache': False, 'cmake_clean_first': False, 'cmake_force_configure': False, 'cmake_target': None, 'cmake_target_skip_unavailable': False, 'install_base': '/home/aurora/RM25/install/livox_sdk2', 'merge_install': False, 'path': '/home/aurora/RM25/src/rm_driver/Livox-SDK2', 'symlink_install': False, 'test_result_base': None}
[0.308s] Level 5:colcon.colcon_core.verb:set package 'rm_robot_description' build argument 'cmake_args' from command line to 'None'
[0.308s] Level 5:colcon.colcon_core.verb:set package 'rm_robot_description' build argument 'cmake_target' from command line to 'None'
[0.308s] Level 5:colcon.colcon_core.verb:set package 'rm_robot_description' build argument 'cmake_target_skip_unavailable' from command line to 'False'
[0.308s] Level 5:colcon.colcon_core.verb:set package 'rm_robot_description' build argument 'cmake_clean_cache' from command line to 'False'
[0.308s] Level 5:colcon.colcon_core.verb:set package 'rm_robot_description' build argument 'cmake_clean_first' from command line to 'False'
[0.308s] Level 5:colcon.colcon_core.verb:set package 'rm_robot_description' build argument 'cmake_force_configure' from command line to 'False'
[0.308s] Level 5:colcon.colcon_core.verb:set package 'rm_robot_description' build argument 'ament_cmake_args' from command line to 'None'
[0.308s] Level 5:colcon.colcon_core.verb:set package 'rm_robot_description' build argument 'catkin_cmake_args' from command line to 'None'
[0.308s] Level 5:colcon.colcon_core.verb:set package 'rm_robot_description' build argument 'catkin_skip_building_tests' from command line to 'False'
[0.308s] DEBUG:colcon.colcon_core.verb:Building package 'rm_robot_description' with the following arguments: {'ament_cmake_args': None, 'build_base': '/home/aurora/RM25/build/rm_robot_description', 'catkin_cmake_args': None, 'catkin_skip_building_tests': False, 'cmake_args': None, 'cmake_clean_cache': False, 'cmake_clean_first': False, 'cmake_force_configure': False, 'cmake_target': None, 'cmake_target_skip_unavailable': False, 'install_base': '/home/aurora/RM25/install/rm_robot_description', 'merge_install': False, 'path': '/home/aurora/RM25/src/rm_robot_description', 'symlink_install': False, 'test_result_base': None}
[0.308s] INFO:colcon.colcon_core.executor:Executing jobs using 'parallel' executor
[0.309s] DEBUG:colcon.colcon_parallel_executor.executor.parallel:run_until_complete
[0.309s] INFO:colcon.colcon_ros.task.ament_cmake.build:Building ROS package in '/home/aurora/RM25/src/rm_driver/livox_ros_driver2' with build type 'ament_cmake'
[0.310s] INFO:colcon.colcon_cmake.task.cmake.build:Building CMake package in '/home/aurora/RM25/src/rm_driver/livox_ros_driver2'
[0.310s] INFO:colcon.colcon_core.plugin_system:Skipping extension 'colcon_core.shell.bat': Not used on non-Windows systems
[0.311s] INFO:colcon.colcon_core.shell:Skip shell extension 'powershell' for command environment: Not usable outside of PowerShell
[0.311s] DEBUG:colcon.colcon_core.shell:Skip shell extension 'dsv' for command environment
[0.314s] INFO:colcon.colcon_cmake.task.cmake.build:Building CMake package in '/home/aurora/RM25/src/rm_driver/Livox-SDK2'
[0.314s] INFO:colcon.colcon_core.shell:Skip shell extension 'powershell' for command environment: Not usable outside of PowerShell
[0.314s] DEBUG:colcon.colcon_core.shell:Skip shell extension 'dsv' for command environment
[0.317s] INFO:colcon.colcon_ros.task.ament_cmake.build:Building ROS package in '/home/aurora/RM25/src/rm_robot_description' with build type 'ament_cmake'
[0.317s] INFO:colcon.colcon_cmake.task.cmake.build:Building CMake package in '/home/aurora/RM25/src/rm_robot_description'
[0.317s] INFO:colcon.colcon_core.shell:Skip shell extension 'powershell' for command environment: Not usable outside of PowerShell
[0.317s] DEBUG:colcon.colcon_core.shell:Skip shell extension 'dsv' for command environment
[0.327s] DEBUG:colcon.colcon_core.event_handler.log_command:Invoking command in '/home/aurora/RM25/build/livox_ros_driver2': CMAKE_PREFIX_PATH=${CMAKE_PREFIX_PATH}:/home/aurora/ws_helloworld/install/pkg02_helloworld_py:/opt/ros/humble /usr/bin/cmake /home/aurora/RM25/src/rm_driver/livox_ros_driver2 -DCMAKE_INSTALL_PREFIX=/home/aurora/RM25/install/livox_ros_driver2
[0.328s] DEBUG:colcon.colcon_core.event_handler.log_command:Invoking command in '/home/aurora/RM25/build/livox_sdk2': /usr/bin/cmake /home/aurora/RM25/src/rm_driver/Livox-SDK2 -DCMAKE_INSTALL_PREFIX=/home/aurora/RM25/install/livox_sdk2
[0.330s] DEBUG:colcon.colcon_core.event_handler.log_command:Invoking command in '/home/aurora/RM25/build/rm_robot_description': CMAKE_PREFIX_PATH=${CMAKE_PREFIX_PATH}:/home/aurora/ws_helloworld/install/pkg02_helloworld_py:/opt/ros/humble /usr/bin/cmake /home/aurora/RM25/src/rm_robot_description -DCMAKE_INSTALL_PREFIX=/home/aurora/RM25/install/rm_robot_description
[2.147s] DEBUG:colcon.colcon_core.event_handler.log_command:Invoked command in '/home/aurora/RM25/build/livox_sdk2' returned '0': /usr/bin/cmake /home/aurora/RM25/src/rm_driver/Livox-SDK2 -DCMAKE_INSTALL_PREFIX=/home/aurora/RM25/install/livox_sdk2
[2.149s] DEBUG:colcon.colcon_core.event_handler.log_command:Invoking command in '/home/aurora/RM25/build/livox_sdk2': /usr/bin/cmake --build /home/aurora/RM25/build/livox_sdk2 -- -j20 -l20
[4.660s] DEBUG:colcon.colcon_core.event_handler.log_command:Invoked command in '/home/aurora/RM25/build/rm_robot_description' returned '0': CMAKE_PREFIX_PATH=${CMAKE_PREFIX_PATH}:/home/aurora/ws_helloworld/install/pkg02_helloworld_py:/opt/ros/humble /usr/bin/cmake /home/aurora/RM25/src/rm_robot_description -DCMAKE_INSTALL_PREFIX=/home/aurora/RM25/install/rm_robot_description
[4.660s] DEBUG:colcon.colcon_core.event_handler.log_command:Invoking command in '/home/aurora/RM25/build/rm_robot_description': CMAKE_PREFIX_PATH=${CMAKE_PREFIX_PATH}:/home/aurora/ws_helloworld/install/pkg02_helloworld_py:/opt/ros/humble /usr/bin/cmake --build /home/aurora/RM25/build/rm_robot_description -- -j20 -l20
[4.780s] DEBUG:colcon.colcon_core.event_handler.log_command:Invoked command in '/home/aurora/RM25/build/rm_robot_description' returned '0': CMAKE_PREFIX_PATH=${CMAKE_PREFIX_PATH}:/home/aurora/ws_helloworld/install/pkg02_helloworld_py:/opt/ros/humble /usr/bin/cmake --build /home/aurora/RM25/build/rm_robot_description -- -j20 -l20
[5.041s] DEBUG:colcon.colcon_core.event_handler.log_command:Invoking command in '/home/aurora/RM25/build/rm_robot_description': CMAKE_PREFIX_PATH=${CMAKE_PREFIX_PATH}:/home/aurora/ws_helloworld/install/pkg02_helloworld_py:/opt/ros/humble /usr/bin/cmake --install /home/aurora/RM25/build/rm_robot_description
[5.346s] Level 1:colcon.colcon_core.environment:create_environment_scripts_only(rm_robot_description)
[5.347s] DEBUG:colcon.colcon_core.event_handler.log_command:Invoked command in '/home/aurora/RM25/build/rm_robot_description' returned '0': CMAKE_PREFIX_PATH=${CMAKE_PREFIX_PATH}:/home/aurora/ws_helloworld/install/pkg02_helloworld_py:/opt/ros/humble /usr/bin/cmake --install /home/aurora/RM25/build/rm_robot_description
[5.349s] Level 1:colcon.colcon_core.environment:checking '/home/aurora/RM25/install/rm_robot_description' for CMake module files
[5.350s] Level 1:colcon.colcon_core.environment:checking '/home/aurora/RM25/install/rm_robot_description' for CMake config files
[5.350s] Level 1:colcon.colcon_core.shell:create_environment_hook('rm_robot_description', 'cmake_prefix_path')
[5.350s] INFO:colcon.colcon_core.shell:Creating environment hook '/home/aurora/RM25/install/rm_robot_description/share/rm_robot_description/hook/cmake_prefix_path.ps1'
[5.351s] INFO:colcon.colcon_core.shell:Creating environment descriptor '/home/aurora/RM25/install/rm_robot_description/share/rm_robot_description/hook/cmake_prefix_path.dsv'
[5.352s] INFO:colcon.colcon_core.shell:Creating environment hook '/home/aurora/RM25/install/rm_robot_description/share/rm_robot_description/hook/cmake_prefix_path.sh'
[5.353s] Level 1:colcon.colcon_core.environment:checking '/home/aurora/RM25/install/rm_robot_description/bin'
[5.353s] Level 1:colcon.colcon_core.environment:checking '/home/aurora/RM25/install/rm_robot_description/lib/pkgconfig/rm_robot_description.pc'
[5.353s] Level 1:colcon.colcon_core.environment:checking '/home/aurora/RM25/install/rm_robot_description/lib/python3.10/site-packages'
[5.353s] Level 1:colcon.colcon_core.environment:checking '/home/aurora/RM25/install/rm_robot_description/bin'
[5.354s] INFO:colcon.colcon_core.shell:Creating package script '/home/aurora/RM25/install/rm_robot_description/share/rm_robot_description/package.ps1'
[5.355s] INFO:colcon.colcon_core.shell:Creating package descriptor '/home/aurora/RM25/install/rm_robot_description/share/rm_robot_description/package.dsv'
[5.355s] INFO:colcon.colcon_core.shell:Creating package script '/home/aurora/RM25/install/rm_robot_description/share/rm_robot_description/package.sh'
[5.356s] INFO:colcon.colcon_core.shell:Creating package script '/home/aurora/RM25/install/rm_robot_description/share/rm_robot_description/package.bash'
[5.356s] INFO:colcon.colcon_core.shell:Creating package script '/home/aurora/RM25/install/rm_robot_description/share/rm_robot_description/package.zsh'
[5.357s] Level 1:colcon.colcon_core.environment:create_file_with_runtime_dependencies(/home/aurora/RM25/install/rm_robot_description/share/colcon-core/packages/rm_robot_description)
[5.502s] Level 1:colcon.colcon_core.environment:create_environment_scripts_only(rm_robot_description)
[5.502s] Level 1:colcon.colcon_core.environment:checking '/home/aurora/RM25/install/rm_robot_description' for CMake module files
[5.503s] Level 1:colcon.colcon_core.environment:checking '/home/aurora/RM25/install/rm_robot_description' for CMake config files
[5.503s] Level 1:colcon.colcon_core.shell:create_environment_hook('rm_robot_description', 'cmake_prefix_path')
[5.503s] INFO:colcon.colcon_core.shell:Creating environment hook '/home/aurora/RM25/install/rm_robot_description/share/rm_robot_description/hook/cmake_prefix_path.ps1'
[5.504s] INFO:colcon.colcon_core.shell:Creating environment descriptor '/home/aurora/RM25/install/rm_robot_description/share/rm_robot_description/hook/cmake_prefix_path.dsv'
[5.504s] INFO:colcon.colcon_core.shell:Creating environment hook '/home/aurora/RM25/install/rm_robot_description/share/rm_robot_description/hook/cmake_prefix_path.sh'
[5.505s] Level 1:colcon.colcon_core.environment:checking '/home/aurora/RM25/install/rm_robot_description/bin'
[5.505s] Level 1:colcon.colcon_core.environment:checking '/home/aurora/RM25/install/rm_robot_description/lib/pkgconfig/rm_robot_description.pc'
[5.505s] Level 1:colcon.colcon_core.environment:checking '/home/aurora/RM25/install/rm_robot_description/lib/python3.10/site-packages'
[5.506s] Level 1:colcon.colcon_core.environment:checking '/home/aurora/RM25/install/rm_robot_description/bin'
[5.506s] INFO:colcon.colcon_core.shell:Creating package script '/home/aurora/RM25/install/rm_robot_description/share/rm_robot_description/package.ps1'
[5.507s] INFO:colcon.colcon_core.shell:Creating package descriptor '/home/aurora/RM25/install/rm_robot_description/share/rm_robot_description/package.dsv'
[5.508s] INFO:colcon.colcon_core.shell:Creating package script '/home/aurora/RM25/install/rm_robot_description/share/rm_robot_description/package.sh'
[5.509s] INFO:colcon.colcon_core.shell:Creating package script '/home/aurora/RM25/install/rm_robot_description/share/rm_robot_description/package.bash'
[5.511s] INFO:colcon.colcon_core.shell:Creating package script '/home/aurora/RM25/install/rm_robot_description/share/rm_robot_description/package.zsh'
[5.512s] Level 1:colcon.colcon_core.environment:create_file_with_runtime_dependencies(/home/aurora/RM25/install/rm_robot_description/share/colcon-core/packages/rm_robot_description)
[10.642s] DEBUG:colcon.colcon_core.event_handler.log_command:Invoked command in '/home/aurora/RM25/build/livox_sdk2' returned '0': /usr/bin/cmake --build /home/aurora/RM25/build/livox_sdk2 -- -j20 -l20
[10.656s] DEBUG:colcon.colcon_core.event_handler.log_command:Invoking command in '/home/aurora/RM25/build/livox_sdk2': /usr/bin/cmake --install /home/aurora/RM25/build/livox_sdk2
[10.677s] Level 1:colcon.colcon_core.environment:create_environment_scripts_only(livox_sdk2)
[10.677s] DEBUG:colcon.colcon_core.event_handler.log_command:Invoked command in '/home/aurora/RM25/build/livox_sdk2' returned '0': /usr/bin/cmake --install /home/aurora/RM25/build/livox_sdk2
[10.678s] Level 1:colcon.colcon_core.environment:checking '/home/aurora/RM25/install/livox_sdk2' for CMake module files
[10.678s] Level 1:colcon.colcon_core.environment:checking '/home/aurora/RM25/install/livox_sdk2' for CMake config files
[10.678s] Level 1:colcon.colcon_core.environment:checking '/home/aurora/RM25/install/livox_sdk2/lib'
[10.678s] Level 1:colcon.colcon_core.shell:create_environment_hook('livox_sdk2', 'ld_library_path_lib')
[10.678s] INFO:colcon.colcon_core.shell:Creating environment hook '/home/aurora/RM25/install/livox_sdk2/share/livox_sdk2/hook/ld_library_path_lib.ps1'
[10.679s] INFO:colcon.colcon_core.shell:Creating environment descriptor '/home/aurora/RM25/install/livox_sdk2/share/livox_sdk2/hook/ld_library_path_lib.dsv'
[10.679s] INFO:colcon.colcon_core.shell:Creating environment hook '/home/aurora/RM25/install/livox_sdk2/share/livox_sdk2/hook/ld_library_path_lib.sh'
[10.679s] Level 1:colcon.colcon_core.environment:checking '/home/aurora/RM25/install/livox_sdk2/bin'
[10.679s] Level 1:colcon.colcon_core.environment:checking '/home/aurora/RM25/install/livox_sdk2/lib/pkgconfig/livox_sdk2.pc'
[10.679s] Level 1:colcon.colcon_core.environment:checking '/home/aurora/RM25/install/livox_sdk2/lib/python3.10/site-packages'
[10.679s] Level 1:colcon.colcon_core.environment:checking '/home/aurora/RM25/install/livox_sdk2/bin'
[10.680s] INFO:colcon.colcon_core.shell:Creating package script '/home/aurora/RM25/install/livox_sdk2/share/livox_sdk2/package.ps1'
[10.680s] INFO:colcon.colcon_core.shell:Creating package descriptor '/home/aurora/RM25/install/livox_sdk2/share/livox_sdk2/package.dsv'
[10.680s] INFO:colcon.colcon_core.shell:Creating package script '/home/aurora/RM25/install/livox_sdk2/share/livox_sdk2/package.sh'
[10.680s] INFO:colcon.colcon_core.shell:Creating package script '/home/aurora/RM25/install/livox_sdk2/share/livox_sdk2/package.bash'
[10.680s] INFO:colcon.colcon_core.shell:Creating package script '/home/aurora/RM25/install/livox_sdk2/share/livox_sdk2/package.zsh'
[10.680s] Level 1:colcon.colcon_core.environment:create_file_with_runtime_dependencies(/home/aurora/RM25/install/livox_sdk2/share/colcon-core/packages/livox_sdk2)
[43.118s] DEBUG:colcon.colcon_core.event_handler.log_command:Invoked command in '/home/aurora/RM25/build/livox_ros_driver2' returned '0': CMAKE_PREFIX_PATH=${CMAKE_PREFIX_PATH}:/home/aurora/ws_helloworld/install/pkg02_helloworld_py:/opt/ros/humble /usr/bin/cmake /home/aurora/RM25/src/rm_driver/livox_ros_driver2 -DCMAKE_INSTALL_PREFIX=/home/aurora/RM25/install/livox_ros_driver2
[43.119s] DEBUG:colcon.colcon_core.event_handler.log_command:Invoking command in '/home/aurora/RM25/build/livox_ros_driver2': CMAKE_PREFIX_PATH=${CMAKE_PREFIX_PATH}:/home/aurora/ws_helloworld/install/pkg02_helloworld_py:/opt/ros/humble /usr/bin/cmake --build /home/aurora/RM25/build/livox_ros_driver2 -- -j20 -l20
[45.812s] DEBUG:colcon.colcon_core.event_handler.log_command:Invoked command in '/home/aurora/RM25/build/livox_ros_driver2' returned '2': CMAKE_PREFIX_PATH=${CMAKE_PREFIX_PATH}:/home/aurora/ws_helloworld/install/pkg02_helloworld_py:/opt/ros/humble /usr/bin/cmake --build /home/aurora/RM25/build/livox_ros_driver2 -- -j20 -l20
[45.873s] Level 1:colcon.colcon_core.environment:create_environment_scripts_only(livox_ros_driver2)
[45.873s] Level 1:colcon.colcon_core.environment:checking '/home/aurora/RM25/install/livox_ros_driver2' for CMake module files
[45.874s] Level 1:colcon.colcon_core.environment:checking '/home/aurora/RM25/install/livox_ros_driver2' for CMake config files
[45.874s] Level 1:colcon.colcon_core.environment:checking '/home/aurora/RM25/install/livox_ros_driver2/bin'
[45.874s] Level 1:colcon.colcon_core.environment:checking '/home/aurora/RM25/install/livox_ros_driver2/lib/pkgconfig/livox_ros_driver2.pc'
[45.874s] Level 1:colcon.colcon_core.environment:checking '/home/aurora/RM25/install/livox_ros_driver2/lib/python3.10/site-packages'
[45.874s] Level 1:colcon.colcon_core.environment:checking '/home/aurora/RM25/install/livox_ros_driver2/bin'
[45.874s] INFO:colcon.colcon_core.shell:Creating package script '/home/aurora/RM25/install/livox_ros_driver2/share/livox_ros_driver2/package.ps1'
[45.875s] INFO:colcon.colcon_core.shell:Creating package descriptor '/home/aurora/RM25/install/livox_ros_driver2/share/livox_ros_driver2/package.dsv'
[45.875s] INFO:colcon.colcon_core.shell:Creating package script '/home/aurora/RM25/install/livox_ros_driver2/share/livox_ros_driver2/package.sh'
[45.875s] INFO:colcon.colcon_core.shell:Creating package script '/home/aurora/RM25/install/livox_ros_driver2/share/livox_ros_driver2/package.bash'
[45.875s] INFO:colcon.colcon_core.shell:Creating package script '/home/aurora/RM25/install/livox_ros_driver2/share/livox_ros_driver2/package.zsh'
[45.876s] Level 1:colcon.colcon_core.environment:create_file_with_runtime_dependencies(/home/aurora/RM25/install/livox_ros_driver2/share/colcon-core/packages/livox_ros_driver2)
[45.886s] DEBUG:colcon.colcon_parallel_executor.executor.parallel:closing loop
[45.886s] DEBUG:colcon.colcon_parallel_executor.executor.parallel:loop closed
[45.887s] DEBUG:colcon.colcon_parallel_executor.executor.parallel:run_until_complete finished with '2'
[45.887s] DEBUG:colcon.colcon_core.event_reactor:joining thread
[45.969s] INFO:colcon.colcon_core.plugin_system:Skipping extension 'colcon_notification.desktop_notification.notify_send': Could not find 'notify-send'
[45.969s] INFO:colcon.colcon_core.plugin_system:Skipping extension 'colcon_notification.desktop_notification.terminal_notifier': Not used on non-Darwin systems
[45.969s] INFO:colcon.colcon_core.plugin_system:Skipping extension 'colcon_notification.desktop_notification.win32': Not used on non-Windows systems
[45.969s] INFO:colcon.colcon_notification.desktop_notification:Sending desktop notification using 'notify2'
[45.971s] DEBUG:colcon.colcon_notification.desktop_notification.notify2:Failed to initialize notify2: org.freedesktop.DBus.Error.ServiceUnknown: The name org.freedesktop.Notifications was not provided by any .service files
[45.971s] DEBUG:colcon.colcon_core.event_reactor:joined thread
[45.971s] INFO:colcon.colcon_core.shell:Creating prefix script '/home/aurora/RM25/install/local_setup.ps1'
[45.972s] INFO:colcon.colcon_core.shell:Creating prefix util module '/home/aurora/RM25/install/_local_setup_util_ps1.py'
[45.972s] INFO:colcon.colcon_core.shell:Creating prefix chain script '/home/aurora/RM25/install/setup.ps1'
[45.973s] INFO:colcon.colcon_core.shell:Creating prefix script '/home/aurora/RM25/install/local_setup.sh'
[45.973s] INFO:colcon.colcon_core.shell:Creating prefix util module '/home/aurora/RM25/install/_local_setup_util_sh.py'
[45.974s] INFO:colcon.colcon_core.shell:Creating prefix chain script '/home/aurora/RM25/install/setup.sh'
[45.974s] INFO:colcon.colcon_core.shell:Creating prefix script '/home/aurora/RM25/install/local_setup.bash'
[45.975s] INFO:colcon.colcon_core.shell:Creating prefix chain script '/home/aurora/RM25/install/setup.bash'
[45.976s] INFO:colcon.colcon_core.shell:Creating prefix script '/home/aurora/RM25/install/local_setup.zsh'
[45.976s] INFO:colcon.colcon_core.shell:Creating prefix chain script '/home/aurora/RM25/install/setup.zsh'
