[0.016s] Invoking command in '/home/aurora/RM25/build/fast_lio': /usr/bin/cmake /home/aurora/RM25/src/rm_localization/fast_lio -DCATKIN_INSTALL_INTO_PREFIX_ROOT=0 -DCMAKE_INSTALL_PREFIX=/home/aurora/RM25/install/fast_lio
[0.027s] [0mCMake Deprecation Warning at CMakeLists.txt:1 (cmake_minimum_required):
[0.027s]   Compatibility with CMake < 2.8.12 will be removed from a future version of
[0.027s]   CMake.
[0.027s] 
[0.027s]   Update the VERSION argument <min> value or use a ...<max> suffix to tell
[0.027s]   CMake that the project does not need compatibility with older versions.
[0.027s] 
[0.027s] [0m
[0.238s] -- The C compiler identification is GNU 11.4.0
[1.085s] -- The CXX compiler identification is GNU 11.4.0
[1.653s] -- Detecting C compiler ABI info
[1.803s] -- Detecting C compiler ABI info - done
[1.808s] -- Check for working C compiler: /usr/bin/cc - skipped
[1.808s] -- Detecting C compile features
[1.809s] -- Detecting C compile features - done
[1.812s] -- Detecting CXX compiler ABI info
[1.959s] -- Detecting CXX compiler ABI info - done
[1.964s] -- Check for working CXX compiler: /usr/bin/c++ - skipped
[1.964s] -- Detecting CXX compile features
[1.965s] -- Detecting CXX compile features - done
[1.966s] [0mCurrent CPU archtecture: x86_64[0m
[1.970s] [0mProcesser number:  20[0m
[1.970s] [0mcore for MP: 3[0m
[4.459s] -- Found PythonLibs: /usr/lib/x86_64-linux-gnu/libpython3.10.so (found version "3.10.12") 
[6.653s] [31mCMake Error at CMakeLists.txt:45 (find_package):
[6.654s]   By not providing "Findcatkin.cmake" in CMAKE_MODULE_PATH this project has
[6.654s]   asked CMake to find a package configuration file provided by "catkin", but
[6.654s]   CMake did not find one.
[6.654s] 
[6.654s]   Could not find a package configuration file provided by "catkin" with any
[6.654s]   of the following names:
[6.654s] 
[6.654s]     catkinConfig.cmake
[6.654s]     catkin-config.cmake
[6.654s] 
[6.655s]   Add the installation prefix of "catkin" to CMAKE_PREFIX_PATH or set
[6.655s]   "catkin_DIR" to a directory containing one of the above files.  If "catkin"
[6.655s]   provides a separate development package or SDK, be sure it has been
[6.655s]   installed.
[6.655s] 
[6.655s] [0m
[6.655s] -- Configuring incomplete, errors occurred!
[6.655s] See also "/home/aurora/RM25/build/fast_lio/CMakeFiles/CMakeOutput.log".
[6.663s] Invoked command in '/home/aurora/RM25/build/fast_lio' returned '1': /usr/bin/cmake /home/aurora/RM25/src/rm_localization/fast_lio -DCATKIN_INSTALL_INTO_PREFIX_ROOT=0 -DCMAKE_INSTALL_PREFIX=/home/aurora/RM25/install/fast_lio
