[0.065s] Invoking command in '/home/aurora/RM25/build/nav2_voxel_grid': AMENT_PREFIX_PATH=/home/aurora/RM25/install/nav2_common:${AMENT_PREFIX_PATH} CMAKE_PREFIX_PATH=/home/aurora/RM25/install/nav2_common:/home/aurora/RM25/install/rm_robot_description:/home/aurora/RM25/install/nav2_msgs:/home/aurora/RM25/install/nav2_bringup:/home/aurora/RM25/install/four_omniwheel_robot:/home/aurora/ws_helloworld/install/pkg01_helloworld_cpp:/home/aurora/ws_helloworld/install/learning_tf2_cpp:/home/aurora/ws_helloworld/install/pkg02_helloworld_py:/opt/ros/humble PYTHONPATH=/home/aurora/RM25/install/nav2_common/local/lib/python3.10/dist-packages:${PYTHONPATH} /usr/bin/cmake --build /home/aurora/RM25/build/nav2_voxel_grid -- -j20 -l20
[0.094s] [35m[1mConsolidate compiler generated dependencies of target gtest_main[0m
[0.094s] [35m[1mConsolidate compiler generated dependencies of target gtest[0m
[0.096s] [35m[1mConsolidate compiler generated dependencies of target voxel_grid[0m
[0.105s] [ 20%] Built target gtest
[0.107s] [ 40%] Built target voxel_grid
[0.108s] [ 60%] Built target gtest_main
[0.121s] [35m[1mConsolidate compiler generated dependencies of target voxel_grid_bresenham_3d[0m
[0.124s] [35m[1mConsolidate compiler generated dependencies of target voxel_grid_tests[0m
[0.135s] [ 80%] Built target voxel_grid_tests
[0.135s] [100%] Built target voxel_grid_bresenham_3d
[0.143s] Invoked command in '/home/aurora/RM25/build/nav2_voxel_grid' returned '0': AMENT_PREFIX_PATH=/home/aurora/RM25/install/nav2_common:${AMENT_PREFIX_PATH} CMAKE_PREFIX_PATH=/home/aurora/RM25/install/nav2_common:/home/aurora/RM25/install/rm_robot_description:/home/aurora/RM25/install/nav2_msgs:/home/aurora/RM25/install/nav2_bringup:/home/aurora/RM25/install/four_omniwheel_robot:/home/aurora/ws_helloworld/install/pkg01_helloworld_cpp:/home/aurora/ws_helloworld/install/learning_tf2_cpp:/home/aurora/ws_helloworld/install/pkg02_helloworld_py:/opt/ros/humble PYTHONPATH=/home/aurora/RM25/install/nav2_common/local/lib/python3.10/dist-packages:${PYTHONPATH} /usr/bin/cmake --build /home/aurora/RM25/build/nav2_voxel_grid -- -j20 -l20
[0.167s] Invoking command in '/home/aurora/RM25/build/nav2_voxel_grid': AMENT_PREFIX_PATH=/home/aurora/RM25/install/nav2_common:${AMENT_PREFIX_PATH} CMAKE_PREFIX_PATH=/home/aurora/RM25/install/nav2_common:/home/aurora/RM25/install/rm_robot_description:/home/aurora/RM25/install/nav2_msgs:/home/aurora/RM25/install/nav2_bringup:/home/aurora/RM25/install/four_omniwheel_robot:/home/aurora/ws_helloworld/install/pkg01_helloworld_cpp:/home/aurora/ws_helloworld/install/learning_tf2_cpp:/home/aurora/ws_helloworld/install/pkg02_helloworld_py:/opt/ros/humble PYTHONPATH=/home/aurora/RM25/install/nav2_common/local/lib/python3.10/dist-packages:${PYTHONPATH} /usr/bin/cmake --install /home/aurora/RM25/build/nav2_voxel_grid
[0.170s] -- Install configuration: "Release"
[0.171s] -- Execute custom install script
[0.171s] -- Up-to-date symlink: /home/aurora/RM25/install/nav2_voxel_grid/lib/libvoxel_grid.so
[0.172s] -- Up-to-date symlink: /home/aurora/RM25/install/nav2_voxel_grid/include/nav2_voxel_grid/voxel_grid.hpp
[0.172s] -- Up-to-date symlink: /home/aurora/RM25/install/nav2_voxel_grid/share/nav2_voxel_grid/environment/library_path.sh
[0.172s] -- Up-to-date symlink: /home/aurora/RM25/install/nav2_voxel_grid/share/nav2_voxel_grid/environment/library_path.dsv
[0.173s] -- Up-to-date symlink: /home/aurora/RM25/install/nav2_voxel_grid/share/ament_index/resource_index/package_run_dependencies/nav2_voxel_grid
[0.173s] -- Up-to-date symlink: /home/aurora/RM25/install/nav2_voxel_grid/share/ament_index/resource_index/parent_prefix_path/nav2_voxel_grid
[0.173s] -- Up-to-date symlink: /home/aurora/RM25/install/nav2_voxel_grid/share/nav2_voxel_grid/environment/ament_prefix_path.sh
[0.173s] -- Up-to-date symlink: /home/aurora/RM25/install/nav2_voxel_grid/share/nav2_voxel_grid/environment/ament_prefix_path.dsv
[0.173s] -- Up-to-date symlink: /home/aurora/RM25/install/nav2_voxel_grid/share/nav2_voxel_grid/environment/path.sh
[0.173s] -- Up-to-date symlink: /home/aurora/RM25/install/nav2_voxel_grid/share/nav2_voxel_grid/environment/path.dsv
[0.173s] -- Up-to-date symlink: /home/aurora/RM25/install/nav2_voxel_grid/share/nav2_voxel_grid/local_setup.bash
[0.173s] -- Up-to-date symlink: /home/aurora/RM25/install/nav2_voxel_grid/share/nav2_voxel_grid/local_setup.sh
[0.173s] -- Up-to-date symlink: /home/aurora/RM25/install/nav2_voxel_grid/share/nav2_voxel_grid/local_setup.zsh
[0.174s] -- Up-to-date symlink: /home/aurora/RM25/install/nav2_voxel_grid/share/nav2_voxel_grid/local_setup.dsv
[0.174s] -- Symlinking: /home/aurora/RM25/install/nav2_voxel_grid/share/nav2_voxel_grid/package.dsv
[0.178s] -- Up-to-date symlink: /home/aurora/RM25/install/nav2_voxel_grid/share/ament_index/resource_index/packages/nav2_voxel_grid
[0.178s] -- Up-to-date symlink: /home/aurora/RM25/install/nav2_voxel_grid/share/nav2_voxel_grid/cmake/ament_cmake_export_dependencies-extras.cmake
[0.179s] -- Up-to-date symlink: /home/aurora/RM25/install/nav2_voxel_grid/share/nav2_voxel_grid/cmake/ament_cmake_export_include_directories-extras.cmake
[0.179s] -- Up-to-date symlink: /home/aurora/RM25/install/nav2_voxel_grid/share/nav2_voxel_grid/cmake/ament_cmake_export_libraries-extras.cmake
[0.179s] -- Up-to-date symlink: /home/aurora/RM25/install/nav2_voxel_grid/share/nav2_voxel_grid/cmake/nav2_voxel_gridConfig.cmake
[0.179s] -- Up-to-date symlink: /home/aurora/RM25/install/nav2_voxel_grid/share/nav2_voxel_grid/cmake/nav2_voxel_gridConfig-version.cmake
[0.179s] -- Up-to-date symlink: /home/aurora/RM25/install/nav2_voxel_grid/share/nav2_voxel_grid/package.xml
[0.181s] Invoked command in '/home/aurora/RM25/build/nav2_voxel_grid' returned '0': AMENT_PREFIX_PATH=/home/aurora/RM25/install/nav2_common:${AMENT_PREFIX_PATH} CMAKE_PREFIX_PATH=/home/aurora/RM25/install/nav2_common:/home/aurora/RM25/install/rm_robot_description:/home/aurora/RM25/install/nav2_msgs:/home/aurora/RM25/install/nav2_bringup:/home/aurora/RM25/install/four_omniwheel_robot:/home/aurora/ws_helloworld/install/pkg01_helloworld_cpp:/home/aurora/ws_helloworld/install/learning_tf2_cpp:/home/aurora/ws_helloworld/install/pkg02_helloworld_py:/opt/ros/humble PYTHONPATH=/home/aurora/RM25/install/nav2_common/local/lib/python3.10/dist-packages:${PYTHONPATH} /usr/bin/cmake --install /home/aurora/RM25/build/nav2_voxel_grid
