[0.889s] Invoking command in '/home/aurora/RM25/build/nav2_costmap_2d': CMAKE_PREFIX_PATH=/home/aurora/RM25/install/nav2_map_server:/home/aurora/RM25/install/nav2_lifecycle_manager:/home/aurora/RM25/install/nav2_util:/home/aurora/RM25/install/nav2_voxel_grid:/home/aurora/RM25/install/nav2_msgs:/home/aurora/RM25/install/nav2_common:/home/aurora/RM25/install/rm_robot_description:/home/aurora/RM25/install/opennav_docking_core:/home/aurora/RM25/install/nav_2d_utils:/home/aurora/RM25/install/dwb_msgs:/home/aurora/RM25/install/nav_2d_msgs:/home/aurora/RM25/install/nav2_core:/home/aurora/RM25/install/costmap_queue:/home/aurora/RM25/install/nav2_costmap_2d:/home/aurora/RM25/install/nav2_velocity_smoother:/home/aurora/RM25/install/nav2_rviz_plugins:/home/aurora/RM25/install/nav2_behavior_tree:/home/aurora/RM25/install/nav2_amcl:/home/aurora/ws_helloworld/install/pkg01_helloworld_cpp:/home/aurora/ws_helloworld/install/learning_tf2_cpp:/home/aurora/RM25/install/nav2_simple_commander:/home/aurora/RM25/install/nav2_loopback_sim:/home/aurora/ws_helloworld/install/pkg02_helloworld_py:/opt/ros/humble LD_LIBRARY_PATH=/home/aurora/RM25/install/nav2_map_server/lib:/home/aurora/RM25/install/nav2_lifecycle_manager/lib:/home/aurora/RM25/install/nav2_util/lib:/home/aurora/RM25/install/nav2_voxel_grid/lib:/home/aurora/RM25/install/nav2_msgs/lib:/home/aurora/RM25/install/nav_2d_utils/lib:/home/aurora/RM25/install/dwb_msgs/lib:/home/aurora/RM25/install/nav_2d_msgs/lib:/home/aurora/RM25/install/costmap_queue/lib:/home/aurora/RM25/install/nav2_costmap_2d/lib:/home/aurora/RM25/install/nav2_velocity_smoother/lib:/home/aurora/RM25/install/nav2_rviz_plugins/lib:/home/aurora/RM25/install/nav2_behavior_tree/lib:/home/aurora/RM25/install/nav2_amcl/lib:/usr/lib/x86_64-linux-gnu/gazebo-11/plugins:/opt/ros/humble/opt/rviz_ogre_vendor/lib:/opt/ros/humble/lib/x86_64-linux-gnu:/opt/ros/humble/lib /usr/bin/cmake --build /home/aurora/RM25/build/nav2_costmap_2d -- -j20 -l20
[0.928s] [  2%] Built target gtest_main
[0.930s] [  4%] Built target gtest
[0.946s] [ 21%] Built target nav2_costmap_2d_core
[0.972s] [ 24%] Built target nav2_costmap_2d_cloud
[0.974s] [ 26%] Built target costmap_convesion_test
[0.974s] [ 31%] Built target nav2_costmap_2d_client
[0.974s] [ 34%] Built target collision_footprint_test
[0.976s] [ 36%] Built target costmap_bresenham_2d
[0.976s] [ 39%] Built target array_parser_test
[0.976s] [ 41%] Built target copy_window_test
[0.976s] [ 43%] Built target declare_parameter_test
[0.976s] [ 46%] Built target costmap_filter_test
[0.978s] [ 51%] Built target filters
[0.978s] [ 53%] Built target order_layer
[0.978s] [ 56%] Built target costmap_filter_service_test
[0.978s] [ 60%] Built target dyn_params_tests
[0.978s] [ 59%] Built target plugin_api_order
[0.978s] [ 63%] Built target nav2_costmap_2d_markers
[0.979s] [ 73%] Built target layers
[1.000s] [ 75%] Built target keepout_filter_test
[1.000s] [ 78%] Built target nav2_costmap_2d
[1.001s] [ 81%] Built target speed_filter_test
[1.001s] [ 82%] Built target binary_filter_test
[1.001s] [ 87%] Built target denoise_layer_test
[1.002s] [ 93%] Built target test_collision_checker_exec
[1.002s] [ 95%] Built target footprint_tests_exec
[1.003s] [ 95%] Built target obstacle_tests_exec
[1.003s] [ 97%] Built target inflation_tests_exec
[1.007s] [100%] Built target range_tests_exec
[1.014s] Invoked command in '/home/aurora/RM25/build/nav2_costmap_2d' returned '0': CMAKE_PREFIX_PATH=/home/aurora/RM25/install/nav2_map_server:/home/aurora/RM25/install/nav2_lifecycle_manager:/home/aurora/RM25/install/nav2_util:/home/aurora/RM25/install/nav2_voxel_grid:/home/aurora/RM25/install/nav2_msgs:/home/aurora/RM25/install/nav2_common:/home/aurora/RM25/install/rm_robot_description:/home/aurora/RM25/install/opennav_docking_core:/home/aurora/RM25/install/nav_2d_utils:/home/aurora/RM25/install/dwb_msgs:/home/aurora/RM25/install/nav_2d_msgs:/home/aurora/RM25/install/nav2_core:/home/aurora/RM25/install/costmap_queue:/home/aurora/RM25/install/nav2_costmap_2d:/home/aurora/RM25/install/nav2_velocity_smoother:/home/aurora/RM25/install/nav2_rviz_plugins:/home/aurora/RM25/install/nav2_behavior_tree:/home/aurora/RM25/install/nav2_amcl:/home/aurora/ws_helloworld/install/pkg01_helloworld_cpp:/home/aurora/ws_helloworld/install/learning_tf2_cpp:/home/aurora/RM25/install/nav2_simple_commander:/home/aurora/RM25/install/nav2_loopback_sim:/home/aurora/ws_helloworld/install/pkg02_helloworld_py:/opt/ros/humble LD_LIBRARY_PATH=/home/aurora/RM25/install/nav2_map_server/lib:/home/aurora/RM25/install/nav2_lifecycle_manager/lib:/home/aurora/RM25/install/nav2_util/lib:/home/aurora/RM25/install/nav2_voxel_grid/lib:/home/aurora/RM25/install/nav2_msgs/lib:/home/aurora/RM25/install/nav_2d_utils/lib:/home/aurora/RM25/install/dwb_msgs/lib:/home/aurora/RM25/install/nav_2d_msgs/lib:/home/aurora/RM25/install/costmap_queue/lib:/home/aurora/RM25/install/nav2_costmap_2d/lib:/home/aurora/RM25/install/nav2_velocity_smoother/lib:/home/aurora/RM25/install/nav2_rviz_plugins/lib:/home/aurora/RM25/install/nav2_behavior_tree/lib:/home/aurora/RM25/install/nav2_amcl/lib:/usr/lib/x86_64-linux-gnu/gazebo-11/plugins:/opt/ros/humble/opt/rviz_ogre_vendor/lib:/opt/ros/humble/lib/x86_64-linux-gnu:/opt/ros/humble/lib /usr/bin/cmake --build /home/aurora/RM25/build/nav2_costmap_2d -- -j20 -l20
[1.085s] Invoking command in '/home/aurora/RM25/build/nav2_costmap_2d': CMAKE_PREFIX_PATH=/home/aurora/RM25/install/nav2_map_server:/home/aurora/RM25/install/nav2_lifecycle_manager:/home/aurora/RM25/install/nav2_util:/home/aurora/RM25/install/nav2_voxel_grid:/home/aurora/RM25/install/nav2_msgs:/home/aurora/RM25/install/nav2_common:/home/aurora/RM25/install/rm_robot_description:/home/aurora/RM25/install/opennav_docking_core:/home/aurora/RM25/install/nav_2d_utils:/home/aurora/RM25/install/dwb_msgs:/home/aurora/RM25/install/nav_2d_msgs:/home/aurora/RM25/install/nav2_core:/home/aurora/RM25/install/costmap_queue:/home/aurora/RM25/install/nav2_costmap_2d:/home/aurora/RM25/install/nav2_velocity_smoother:/home/aurora/RM25/install/nav2_rviz_plugins:/home/aurora/RM25/install/nav2_behavior_tree:/home/aurora/RM25/install/nav2_amcl:/home/aurora/ws_helloworld/install/pkg01_helloworld_cpp:/home/aurora/ws_helloworld/install/learning_tf2_cpp:/home/aurora/RM25/install/nav2_simple_commander:/home/aurora/RM25/install/nav2_loopback_sim:/home/aurora/ws_helloworld/install/pkg02_helloworld_py:/opt/ros/humble LD_LIBRARY_PATH=/home/aurora/RM25/install/nav2_map_server/lib:/home/aurora/RM25/install/nav2_lifecycle_manager/lib:/home/aurora/RM25/install/nav2_util/lib:/home/aurora/RM25/install/nav2_voxel_grid/lib:/home/aurora/RM25/install/nav2_msgs/lib:/home/aurora/RM25/install/nav_2d_utils/lib:/home/aurora/RM25/install/dwb_msgs/lib:/home/aurora/RM25/install/nav_2d_msgs/lib:/home/aurora/RM25/install/costmap_queue/lib:/home/aurora/RM25/install/nav2_costmap_2d/lib:/home/aurora/RM25/install/nav2_velocity_smoother/lib:/home/aurora/RM25/install/nav2_rviz_plugins/lib:/home/aurora/RM25/install/nav2_behavior_tree/lib:/home/aurora/RM25/install/nav2_amcl/lib:/usr/lib/x86_64-linux-gnu/gazebo-11/plugins:/opt/ros/humble/opt/rviz_ogre_vendor/lib:/opt/ros/humble/lib/x86_64-linux-gnu:/opt/ros/humble/lib /usr/bin/cmake --install /home/aurora/RM25/build/nav2_costmap_2d
[1.089s] -- Install configuration: "Release"
[1.089s] -- Execute custom install script
[1.090s] -- Up-to-date symlink: /home/aurora/RM25/install/nav2_costmap_2d/lib/nav2_costmap_2d/nav2_costmap_2d_markers
[1.090s] -- Up-to-date symlink: /home/aurora/RM25/install/nav2_costmap_2d/lib/nav2_costmap_2d/nav2_costmap_2d_cloud
[1.090s] -- Up-to-date symlink: /home/aurora/RM25/install/nav2_costmap_2d/lib/nav2_costmap_2d/nav2_costmap_2d
[1.090s] -- Up-to-date symlink: /home/aurora/RM25/install/nav2_costmap_2d/share/nav2_costmap_2d/costmap_plugins.xml
[1.091s] -- Up-to-date symlink: /home/aurora/RM25/install/nav2_costmap_2d/include/nav2_costmap_2d/nav2_costmap_2d/array_parser.hpp
[1.091s] -- Up-to-date symlink: /home/aurora/RM25/install/nav2_costmap_2d/include/nav2_costmap_2d/nav2_costmap_2d/clear_costmap_service.hpp
[1.092s] -- Up-to-date symlink: /home/aurora/RM25/install/nav2_costmap_2d/include/nav2_costmap_2d/nav2_costmap_2d/cost_values.hpp
[1.092s] -- Up-to-date symlink: /home/aurora/RM25/install/nav2_costmap_2d/include/nav2_costmap_2d/nav2_costmap_2d/costmap_2d.hpp
[1.092s] -- Up-to-date symlink: /home/aurora/RM25/install/nav2_costmap_2d/include/nav2_costmap_2d/nav2_costmap_2d/costmap_2d_publisher.hpp
[1.092s] -- Up-to-date symlink: /home/aurora/RM25/install/nav2_costmap_2d/include/nav2_costmap_2d/nav2_costmap_2d/costmap_2d_ros.hpp
[1.093s] -- Up-to-date symlink: /home/aurora/RM25/install/nav2_costmap_2d/include/nav2_costmap_2d/nav2_costmap_2d/costmap_filters/binary_filter.hpp
[1.093s] -- Up-to-date symlink: /home/aurora/RM25/install/nav2_costmap_2d/include/nav2_costmap_2d/nav2_costmap_2d/costmap_filters/costmap_filter.hpp
[1.093s] -- Up-to-date symlink: /home/aurora/RM25/install/nav2_costmap_2d/include/nav2_costmap_2d/nav2_costmap_2d/costmap_filters/filter_values.hpp
[1.093s] -- Up-to-date symlink: /home/aurora/RM25/install/nav2_costmap_2d/include/nav2_costmap_2d/nav2_costmap_2d/costmap_filters/keepout_filter.hpp
[1.093s] -- Up-to-date symlink: /home/aurora/RM25/install/nav2_costmap_2d/include/nav2_costmap_2d/nav2_costmap_2d/costmap_filters/speed_filter.hpp
[1.093s] -- Up-to-date symlink: /home/aurora/RM25/install/nav2_costmap_2d/include/nav2_costmap_2d/nav2_costmap_2d/costmap_layer.hpp
[1.093s] -- Up-to-date symlink: /home/aurora/RM25/install/nav2_costmap_2d/include/nav2_costmap_2d/nav2_costmap_2d/costmap_math.hpp
[1.094s] -- Up-to-date symlink: /home/aurora/RM25/install/nav2_costmap_2d/include/nav2_costmap_2d/nav2_costmap_2d/costmap_subscriber.hpp
[1.094s] -- Up-to-date symlink: /home/aurora/RM25/install/nav2_costmap_2d/include/nav2_costmap_2d/nav2_costmap_2d/costmap_topic_collision_checker.hpp
[1.094s] -- Up-to-date symlink: /home/aurora/RM25/install/nav2_costmap_2d/include/nav2_costmap_2d/nav2_costmap_2d/denoise/image.hpp
[1.094s] -- Up-to-date symlink: /home/aurora/RM25/install/nav2_costmap_2d/include/nav2_costmap_2d/nav2_costmap_2d/denoise/image_processing.hpp
[1.095s] -- Up-to-date symlink: /home/aurora/RM25/install/nav2_costmap_2d/include/nav2_costmap_2d/nav2_costmap_2d/denoise_layer.hpp
[1.095s] -- Up-to-date symlink: /home/aurora/RM25/install/nav2_costmap_2d/include/nav2_costmap_2d/nav2_costmap_2d/exceptions.hpp
[1.095s] -- Up-to-date symlink: /home/aurora/RM25/install/nav2_costmap_2d/include/nav2_costmap_2d/nav2_costmap_2d/footprint.hpp
[1.095s] -- Up-to-date symlink: /home/aurora/RM25/install/nav2_costmap_2d/include/nav2_costmap_2d/nav2_costmap_2d/footprint_collision_checker.hpp
[1.095s] -- Up-to-date symlink: /home/aurora/RM25/install/nav2_costmap_2d/include/nav2_costmap_2d/nav2_costmap_2d/footprint_subscriber.hpp
[1.095s] -- Up-to-date symlink: /home/aurora/RM25/install/nav2_costmap_2d/include/nav2_costmap_2d/nav2_costmap_2d/inflation_layer.hpp
[1.096s] -- Up-to-date symlink: /home/aurora/RM25/install/nav2_costmap_2d/include/nav2_costmap_2d/nav2_costmap_2d/layer.hpp
[1.096s] -- Up-to-date symlink: /home/aurora/RM25/install/nav2_costmap_2d/include/nav2_costmap_2d/nav2_costmap_2d/layered_costmap.hpp
[1.096s] -- Up-to-date symlink: /home/aurora/RM25/install/nav2_costmap_2d/include/nav2_costmap_2d/nav2_costmap_2d/observation.hpp
[1.096s] -- Up-to-date symlink: /home/aurora/RM25/install/nav2_costmap_2d/include/nav2_costmap_2d/nav2_costmap_2d/observation_buffer.hpp
[1.096s] -- Up-to-date symlink: /home/aurora/RM25/install/nav2_costmap_2d/include/nav2_costmap_2d/nav2_costmap_2d/obstacle_layer.hpp
[1.097s] -- Up-to-date symlink: /home/aurora/RM25/install/nav2_costmap_2d/include/nav2_costmap_2d/nav2_costmap_2d/range_sensor_layer.hpp
[1.097s] -- Up-to-date symlink: /home/aurora/RM25/install/nav2_costmap_2d/include/nav2_costmap_2d/nav2_costmap_2d/static_layer.hpp
[1.097s] -- Up-to-date symlink: /home/aurora/RM25/install/nav2_costmap_2d/include/nav2_costmap_2d/nav2_costmap_2d/voxel_layer.hpp
[1.097s] -- Up-to-date symlink: /home/aurora/RM25/install/nav2_costmap_2d/lib/liborder_layer.so
[1.098s] -- Up-to-date symlink: /home/aurora/RM25/install/nav2_costmap_2d/share/nav2_costmap_2d/test/regression/order_layer.xml
[1.098s] -- Up-to-date symlink: /home/aurora/RM25/install/nav2_costmap_2d/share/nav2_costmap_2d/environment/library_path.sh
[1.098s] -- Up-to-date symlink: /home/aurora/RM25/install/nav2_costmap_2d/share/nav2_costmap_2d/environment/library_path.dsv
[1.098s] -- Up-to-date symlink: /home/aurora/RM25/install/nav2_costmap_2d/share/nav2_costmap_2d//costmap_plugins.xml
[1.098s] -- Up-to-date symlink: /home/aurora/RM25/install/nav2_costmap_2d/share/ament_index/resource_index/package_run_dependencies/nav2_costmap_2d
[1.099s] -- Up-to-date symlink: /home/aurora/RM25/install/nav2_costmap_2d/share/ament_index/resource_index/parent_prefix_path/nav2_costmap_2d
[1.099s] -- Up-to-date symlink: /home/aurora/RM25/install/nav2_costmap_2d/share/nav2_costmap_2d/environment/ament_prefix_path.sh
[1.099s] -- Up-to-date symlink: /home/aurora/RM25/install/nav2_costmap_2d/share/nav2_costmap_2d/environment/ament_prefix_path.dsv
[1.099s] -- Up-to-date symlink: /home/aurora/RM25/install/nav2_costmap_2d/share/nav2_costmap_2d/environment/path.sh
[1.099s] -- Up-to-date symlink: /home/aurora/RM25/install/nav2_costmap_2d/share/nav2_costmap_2d/environment/path.dsv
[1.099s] -- Up-to-date symlink: /home/aurora/RM25/install/nav2_costmap_2d/share/nav2_costmap_2d/local_setup.bash
[1.100s] -- Up-to-date symlink: /home/aurora/RM25/install/nav2_costmap_2d/share/nav2_costmap_2d/local_setup.sh
[1.100s] -- Up-to-date symlink: /home/aurora/RM25/install/nav2_costmap_2d/share/nav2_costmap_2d/local_setup.zsh
[1.100s] -- Up-to-date symlink: /home/aurora/RM25/install/nav2_costmap_2d/share/nav2_costmap_2d/local_setup.dsv
[1.100s] -- Symlinking: /home/aurora/RM25/install/nav2_costmap_2d/share/nav2_costmap_2d/package.dsv
[1.105s] -- Up-to-date symlink: /home/aurora/RM25/install/nav2_costmap_2d/share/ament_index/resource_index/packages/nav2_costmap_2d
[1.106s] -- Up-to-date symlink: /home/aurora/RM25/install/nav2_costmap_2d/share/ament_index/resource_index/nav2_costmap_2d__pluginlib__plugin/nav2_costmap_2d
[1.106s] -- Up-to-date symlink: /home/aurora/RM25/install/nav2_costmap_2d/share/nav2_costmap_2d/cmake/ament_cmake_export_targets-extras.cmake
[1.106s] -- Up-to-date symlink: /home/aurora/RM25/install/nav2_costmap_2d/share/nav2_costmap_2d/cmake/ament_cmake_export_dependencies-extras.cmake
[1.107s] -- Up-to-date symlink: /home/aurora/RM25/install/nav2_costmap_2d/share/nav2_costmap_2d/cmake/nav2_costmap_2dConfig.cmake
[1.107s] -- Up-to-date symlink: /home/aurora/RM25/install/nav2_costmap_2d/share/nav2_costmap_2d/cmake/nav2_costmap_2dConfig-version.cmake
[1.107s] -- Up-to-date symlink: /home/aurora/RM25/install/nav2_costmap_2d/share/nav2_costmap_2d/package.xml
[1.108s] -- Up-to-date: /home/aurora/RM25/install/nav2_costmap_2d/lib/liblayers.so
[1.108s] -- Up-to-date: /home/aurora/RM25/install/nav2_costmap_2d/lib/libfilters.so
[1.109s] -- Up-to-date: /home/aurora/RM25/install/nav2_costmap_2d/lib/libnav2_costmap_2d_core.so
[1.109s] -- Up-to-date: /home/aurora/RM25/install/nav2_costmap_2d/lib/libnav2_costmap_2d_client.so
[1.111s] -- Up-to-date: /home/aurora/RM25/install/nav2_costmap_2d/share/nav2_costmap_2d/cmake/export_nav2_costmap_2dExport.cmake
[1.112s] -- Up-to-date: /home/aurora/RM25/install/nav2_costmap_2d/share/nav2_costmap_2d/cmake/export_nav2_costmap_2dExport-release.cmake
[1.114s] Invoked command in '/home/aurora/RM25/build/nav2_costmap_2d' returned '0': CMAKE_PREFIX_PATH=/home/aurora/RM25/install/nav2_map_server:/home/aurora/RM25/install/nav2_lifecycle_manager:/home/aurora/RM25/install/nav2_util:/home/aurora/RM25/install/nav2_voxel_grid:/home/aurora/RM25/install/nav2_msgs:/home/aurora/RM25/install/nav2_common:/home/aurora/RM25/install/rm_robot_description:/home/aurora/RM25/install/opennav_docking_core:/home/aurora/RM25/install/nav_2d_utils:/home/aurora/RM25/install/dwb_msgs:/home/aurora/RM25/install/nav_2d_msgs:/home/aurora/RM25/install/nav2_core:/home/aurora/RM25/install/costmap_queue:/home/aurora/RM25/install/nav2_costmap_2d:/home/aurora/RM25/install/nav2_velocity_smoother:/home/aurora/RM25/install/nav2_rviz_plugins:/home/aurora/RM25/install/nav2_behavior_tree:/home/aurora/RM25/install/nav2_amcl:/home/aurora/ws_helloworld/install/pkg01_helloworld_cpp:/home/aurora/ws_helloworld/install/learning_tf2_cpp:/home/aurora/RM25/install/nav2_simple_commander:/home/aurora/RM25/install/nav2_loopback_sim:/home/aurora/ws_helloworld/install/pkg02_helloworld_py:/opt/ros/humble LD_LIBRARY_PATH=/home/aurora/RM25/install/nav2_map_server/lib:/home/aurora/RM25/install/nav2_lifecycle_manager/lib:/home/aurora/RM25/install/nav2_util/lib:/home/aurora/RM25/install/nav2_voxel_grid/lib:/home/aurora/RM25/install/nav2_msgs/lib:/home/aurora/RM25/install/nav_2d_utils/lib:/home/aurora/RM25/install/dwb_msgs/lib:/home/aurora/RM25/install/nav_2d_msgs/lib:/home/aurora/RM25/install/costmap_queue/lib:/home/aurora/RM25/install/nav2_costmap_2d/lib:/home/aurora/RM25/install/nav2_velocity_smoother/lib:/home/aurora/RM25/install/nav2_rviz_plugins/lib:/home/aurora/RM25/install/nav2_behavior_tree/lib:/home/aurora/RM25/install/nav2_amcl/lib:/usr/lib/x86_64-linux-gnu/gazebo-11/plugins:/opt/ros/humble/opt/rviz_ogre_vendor/lib:/opt/ros/humble/lib/x86_64-linux-gnu:/opt/ros/humble/lib /usr/bin/cmake --install /home/aurora/RM25/build/nav2_costmap_2d
