-- The C compiler identification is GNU 11.4.0
-- The CXX compiler identification is GNU 11.4.0
-- Detecting C compiler ABI info
-- Detecting C compiler ABI info - done
-- Check for working C compiler: /usr/bin/cc - skipped
-- Detecting C compile features
-- Detecting C compile features - done
-- Detecting CXX compiler ABI info
-- Detecting CXX compiler ABI info - done
-- Check for working CXX compiler: /usr/bin/c++ - skipped
-- Detecting CXX compile features
-- Detecting CXX compile features - done
-- Found PkgConfig: /usr/bin/pkg-config (found version "0.29.2") 
-- Performing Test LIBATOMIC_NOT_NEEDED
-- Performing Test LIBATOMIC_NOT_NEEDED - Failed
-- Could NOT find ClangFormat (missing: ClangFormat_EXECUTABLE ClangFormat_VERSION) (Required is at least version "14")
-- Performing Test HAVE_MARCH
-- Performing Test HAVE_MARCH - Success
-- Performing Test HAVE_MM_MALLOC
-- Performing Test HAVE_MM_MALLOC - Success
-- Performing Test HAVE_POSIX_MEMALIGN
-- Performing Test HAVE_POSIX_MEMALIGN - Success
-- Performing Test HAVE_SSE4_2_EXTENSIONS
-- Performing Test HAVE_SSE4_2_EXTENSIONS - Success
-- Using CPU native flags for SSE optimization: -msse4.2 -mfpmath=sse -march=native
-- Performing Test HAVE_AVX2
-- Performing Test HAVE_AVX2 - Success
-- Looking for a CUDA compiler
-- Looking for a CUDA compiler - NOTFOUND
-- No CUDA compiler found
-- CUDA was not found.
-- Found OpenMP_C: -fopenmp (found version "4.5") 
-- Found OpenMP_CXX: -fopenmp (found version "4.5") 
-- Found OpenMP: TRUE (found version "4.5") found components: C CXX 
-- Found OpenMP, spec date 201511
-- Looking for pthread.h
-- Looking for pthread.h - found
-- Performing Test CMAKE_HAVE_LIBC_PTHREAD
-- Performing Test CMAKE_HAVE_LIBC_PTHREAD - Success
-- Found Threads: TRUE  
-- Checking for module 'flann>=1.9.1'
--   Found flann, version 1.9.1
-- Found FLANN: /usr/lib/x86_64-linux-gnu/libflann_cpp.so (Required is at least version "1.9.1") 
-- FLANN found (include: /usr/include, lib: /usr/lib/x86_64-linux-gnu/libflann_cpp.so)
-- Checking for module 'libusb-1.0'
--   Found libusb-1.0, version 1.0.25
-- Found libusb: /usr/lib/x86_64-linux-gnu/libusb-1.0.so  
-- Found OpenNI: /usr/lib/libOpenNI.so;libusb::libusb (found version "1.5.4.0") 
-- OpenNI found (version: 1.5.4.0, include: /usr/include/ni, lib: /usr/lib/libOpenNI.so;libusb::libusb)
-- Found OpenNI2: /usr/lib/x86_64-linux-gnu/libOpenNI2.so;libusb::libusb (found version "2.2.0.33") 
-- OpenNI2 found (version: 2.2.0.33, include: /usr/include/openni2, lib: /usr/lib/x86_64-linux-gnu/libOpenNI2.so;libusb::libusb)
-- Could NOT find Ensenso (missing: ENSENSO_LIBRARIES ENSENSO_INCLUDE_DIRS) 
-- IDS-Imaging Ensenso camera support: not building because Ensenso not found
-- Could NOT find davidSDK (missing: DAVIDSDK_LIBRARY DAVIDSDK_INCLUDE_DIR) 
-- David Vision Systems SDK support: not building because davidSDK not found
-- Could NOT find DSSDK (missing: DSSDK_LIBRARIES DSSDK_INCLUDE_DIRS) 
-- DepthSense SDK support: not building because DSSDK not found
-- Could NOT find RSSDK (missing: RSSDK_LIBRARIES RSSDK_INCLUDE_DIRS) 
-- RealSense SDK support: not building because RSSDK not found
-- Could NOT find RSSDK2
-- RealSense SDK 2.0 (librealsense) support: not building because RSSDK2 not found
-- Found ZLIB: /usr/lib/x86_64-linux-gnu/libz.so (found version "1.2.11") 
-- Found PNG: /usr/lib/x86_64-linux-gnu/libpng.so (found version "1.6.37") 
-- Found Qhull version 8.0.2
-- Found GLEW: /usr/lib/x86_64-linux-gnu/libGLEW.so  
-- Found OpenGL: /usr/lib/x86_64-linux-gnu/libOpenGL.so  found components: OpenGL GLX 
-- Found Python3: /usr/bin/python3.10 (found suitable version "3.10.12", minimum required is "3.10") found components: Interpreter Development.Module Development.Embed 
-- Found MPI_C: /usr/lib/x86_64-linux-gnu/libmpi.so (found version "3.1") 
-- Found MPI: TRUE (found version "3.1") found components: C 
-- Found HDF5: hdf5-shared (found version "1.12.1") found components: C HL 
-- Found NetCDF: /usr/include (found version "4.8.1") 
-- Found OGG: /usr/lib/x86_64-linux-gnu/libogg.so  
-- Found THEORA: /usr/lib/x86_64-linux-gnu/libtheora.so  
-- Found JsonCpp: /usr/lib/x86_64-linux-gnu/libjsoncpp.so (found suitable version "1.9.5", minimum required is "0.7.0") 
-- Found LibXml2: /usr/lib/x86_64-linux-gnu/libxml2.so (found version "2.9.13") 
-- Found GL2PS: /usr/lib/x86_64-linux-gnu/libgl2ps.so (found suitable version "1.4.2", minimum required is "1.4.2") 
-- Found SQLite3: /usr/include (found version "3.37.2") 
-- Found LibPROJ: /usr/lib/x86_64-linux-gnu/libproj.so (found version "8.2.1") 
-- Found Eigen3: /usr/include/eigen3 (found version "3.4.0") 
-- Found X11: /usr/include   
-- Looking for XOpenDisplay in /usr/lib/x86_64-linux-gnu/libX11.so;/usr/lib/x86_64-linux-gnu/libXext.so
-- Looking for XOpenDisplay in /usr/lib/x86_64-linux-gnu/libX11.so;/usr/lib/x86_64-linux-gnu/libXext.so - found
-- Looking for gethostbyname
-- Looking for gethostbyname - found
-- Looking for connect
-- Looking for connect - found
-- Looking for remove
-- Looking for remove - found
-- Looking for shmat
-- Looking for shmat - found
-- Looking for IceConnectionNumber in ICE
-- Looking for IceConnectionNumber in ICE - found
-- Found EXPAT: /usr/lib/x86_64-linux-gnu/libexpat.so (found version "2.4.7") 
-- Found double-conversion: /usr/lib/x86_64-linux-gnu/libdouble-conversion.so  
-- Found LZ4: /usr/lib/x86_64-linux-gnu/liblz4.so (found version "1.9.3") 
-- Found LZMA: /usr/lib/x86_64-linux-gnu/liblzma.so (found version "5.2.5") 
-- Found JPEG: /usr/lib/x86_64-linux-gnu/libjpeg.so (found version "80") 
-- Found TIFF: /usr/lib/x86_64-linux-gnu/libtiff.so (found version "4.3.0")  
-- Found Freetype: /usr/lib/x86_64-linux-gnu/libfreetype.so (found version "2.11.1") 
-- Found utf8cpp: /usr/include/utf8cpp  
-- VTK version: 9.1.0
-- VTK rendering backend: OpenGL2
-- VTK Qt support: YES
-- VTK libs: VTK::WrappingTools;VTK::ViewsQt;VTK::ViewsInfovis;VTK::CommonColor;VTK::Java;VTK::ViewsContext2D;VTK::loguru;VTK::TestingRendering;VTK::TestingCore;VTK::vtksys;VTK::RenderingTk;VTK::RenderingQt;VTK::PythonContext2D;VTK::RenderingVolumeOpenGL2;VTK::glew;VTK::opengl;VTK::PythonInterpreter;VTK::Python;VTK::RenderingLabel;VTK::octree;VTK::RenderingLOD;VTK::RenderingImage;VTK::RenderingContextOpenGL2;VTK::ParallelMPI4Py;VTK::mpi;VTK::IOVeraOut;VTK::hdf5;VTK::IOTecplotTable;VTK::IOSegY;VTK::IOParallelXML;VTK::IOParallelNetCDF;VTK::netcdf;VTK::IOPLY;VTK::IOOggTheora;VTK::theora;VTK::ogg;VTK::IONetCDF;VTK::IOMotionFX;VTK::pegtl;VTK::IOMPIParallel;VTK::IOParallel;VTK::jsoncpp;VTK::IOMPIImage;VTK::IOMINC;VTK::IOLSDyna;VTK::IOInfovis;VTK::libxml2;VTK::zlib;VTK::IOImport;VTK::IOIOSS;VTK::ioss;VTK::exodusII;VTK::cgns;VTK::IOHDF;VTK::IOVideo;VTK::IOMovie;VTK::IOExportPDF;VTK::libharu;VTK::IOExportGL2PS;VTK::RenderingGL2PSOpenGL2;VTK::gl2ps;VTK::png;VTK::IOExport;VTK::RenderingVtkJS;VTK::IOGeometry;VTK::RenderingSceneGraph;VTK::IOExodus;VTK::IOEnSight;VTK::IOCityGML;VTK::pugixml;VTK::IOChemistry;VTK::IOCONVERGECFD;VTK::IOCGNSReader;VTK::IOAsynchronous;VTK::IOAMR;VTK::InteractionImage;VTK::ImagingStencil;VTK::ImagingStatistics;VTK::ImagingMorphological;VTK::ImagingMath;VTK::ImagingFourier;VTK::IOSQL;VTK::sqlite;VTK::GUISupportQt;VTK::GeovisCore;VTK::libproj;VTK::InfovisLayout;VTK::ViewsCore;VTK::InteractionWidgets;VTK::RenderingVolume;VTK::RenderingAnnotation;VTK::ImagingHybrid;VTK::ImagingColor;VTK::InteractionStyle;VTK::FiltersTopology;VTK::FiltersSelection;VTK::FiltersSMP;VTK::FiltersPython;VTK::FiltersProgrammable;VTK::FiltersPoints;VTK::FiltersParallelVerdict;VTK::FiltersVerdict;VTK::verdict;VTK::FiltersParallelImaging;VTK::FiltersParallelGeometry;VTK::FiltersImaging;VTK::ImagingGeneral;VTK::FiltersHyperTree;VTK::FiltersGeneric;VTK::FiltersFlowPaths;VTK::eigen;VTK::FiltersAMR;VTK::DomainsParallelChemistry;VTK::FiltersParallelMPI;VTK::FiltersParallel;VTK::FiltersTexture;VTK::FiltersModeling;VTK::FiltersHybrid;VTK::ParallelMPI;VTK::DomainsChemistryOpenGL2;VTK::RenderingOpenGL2;VTK::RenderingUI;VTK::DomainsChemistry;VTK::CommonPython;VTK::WrappingPythonCore;VTK::ChartsCore;VTK::InfovisCore;VTK::FiltersExtraction;VTK::ParallelDIY;VTK::diy2;VTK::IOXML;VTK::IOXMLParser;VTK::expat;VTK::ParallelCore;VTK::IOLegacy;VTK::IOCore;VTK::doubleconversion;VTK::lz4;VTK::lzma;VTK::FiltersStatistics;VTK::ImagingSources;VTK::IOImage;VTK::DICOMParser;VTK::jpeg;VTK::metaio;VTK::tiff;VTK::RenderingContext2D;VTK::RenderingFreeType;VTK::freetype;VTK::kwiml;VTK::RenderingCore;VTK::FiltersSources;VTK::ImagingCore;VTK::FiltersGeometry;VTK::FiltersGeneral;VTK::fmt;VTK::CommonComputationalGeometry;VTK::FiltersCore;VTK::CommonExecutionModel;VTK::CommonDataModel;VTK::CommonSystem;VTK::CommonMisc;VTK::exprtk;VTK::CommonTransforms;VTK::CommonMath;VTK::kissfft;VTK::CommonCore;VTK::utf8
-- Qt version: 5.15.3
-- Could NOT find Pcap (missing: PCAP_LIBRARIES PCAP_INCLUDE_DIRS) 
-- Checking for module 'glut'
--   No package 'glut' found
[33mCMake Warning at CMakeLists.txt:435 (find_package):
  By not providing "FindcJSON.cmake" in CMAKE_MODULE_PATH this project has
  asked CMake to find a package configuration file provided by "cJSON", but
  CMake did not find one.

  Could not find a package configuration file provided by "cJSON" with any of
  the following names:

    cJSONConfig.cmake
    cjson-config.cmake

  Add the installation prefix of "cJSON" to CMAKE_PREFIX_PATH or set
  "cJSON_DIR" to a directory containing one of the above files.  If "cJSON"
  provides a separate development package or SDK, be sure it has been
  installed.

[0m
[33mCMake Warning at CMakeLists.txt:439 (message):
  It is recommended to install an up-to-date version of cJSON on your system.
  CMake did not find one, and will instead use a cJSON version bundled with
  the PCL source code.  However, that is an older version which may pose a
  risk and may be removed in a future PCL release.

[0m
-- DOXYGEN_FOUND 
-- HTML_HELP_COMPILER 
-- Found CPack generators: DEB
-- PCL build with following flags:
--  -Wabi=18 -Wall -Wextra -fno-strict-aliasing -msse4.2 -mfpmath=sse -march=native -mavx2 -fopenmp
-- The following subsystems will be built:
--   common
--   kdtree
--   octree
--   search
--   sample_consensus
--   filters
--   2d
--   geometry
--   io
--   features
--   ml
--   segmentation
--   visualization
--   surface
--   registration
--   keypoints
--   tracking
--   recognition
--   stereo
--   outofcore
--   people
--   tools
-- The following subsystems will not be built:
--   apps: Disabled by default.
--   benchmarks: Disabled by default.
--   examples: Disabled by default.
--   simulation: Disabled by default.
--   global_tests: Disabled by default.
-- Configuring done
-- Generating done
[33mCMake Warning:
  Manually-specified variables were not used by the project:

    HUMBLE_ROS
    ROS_EDITION

[0m
-- Build files have been written to: /home/aurora/RM25/src/build/PCL
[  0%] [32mBuilding CXX object common/CMakeFiles/pcl_common.dir/src/point_types.cpp.o[0m
[  0%] [32mBuilding CXX object tools/CMakeFiles/pcl_pcd_convert_NaN_nan.dir/pcd_convert_NaN_nan.cpp.o[0m
[  1%] [32mBuilding CXX object common/CMakeFiles/pcl_common.dir/src/PCLPointCloud2.cpp.o[0m
[  1%] [32mBuilding CXX object common/CMakeFiles/pcl_common.dir/src/io.cpp.o[0m
[  1%] [32mBuilding CXX object common/CMakeFiles/pcl_common.dir/src/pcl_base.cpp.o[0m
[  1%] [32mBuilding CXX object common/CMakeFiles/pcl_common.dir/src/distances.cpp.o[0m
[  1%] [32mBuilding CXX object common/CMakeFiles/pcl_common.dir/src/gaussian.cpp.o[0m
[  1%] [32mBuilding CXX object common/CMakeFiles/pcl_common.dir/src/parse.cpp.o[0m
[  1%] [32mBuilding CXX object common/CMakeFiles/pcl_common.dir/src/time_trigger.cpp.o[0m
[  3%] [32mBuilding CXX object common/CMakeFiles/pcl_common.dir/src/poses_from_matches.cpp.o[0m
[  3%] [32mBuilding CXX object common/CMakeFiles/pcl_common.dir/src/colors.cpp.o[0m
[  3%] [32mBuilding CXX object common/CMakeFiles/pcl_common.dir/src/correspondence.cpp.o[0m
[  3%] [32mBuilding CXX object common/CMakeFiles/pcl_common.dir/src/print.cpp.o[0m
[  3%] [32mBuilding CXX object common/CMakeFiles/pcl_common.dir/src/feature_histogram.cpp.o[0m
[  3%] [32mBuilding CXX object common/CMakeFiles/pcl_common.dir/src/projection_matrix.cpp.o[0m
[  3%] [32mBuilding CXX object common/CMakeFiles/pcl_common.dir/src/common.cpp.o[0m
[  3%] [32mBuilding CXX object common/CMakeFiles/pcl_common.dir/src/bearing_angle_image.cpp.o[0m
[  3%] [32mBuilding CXX object common/CMakeFiles/pcl_common.dir/src/range_image_planar.cpp.o[0m
[  3%] [32mBuilding CXX object common/CMakeFiles/pcl_common.dir/src/range_image.cpp.o[0m
[  3%] [32mBuilding C object common/CMakeFiles/pcl_common.dir/src/fft/kiss_fft.c.o[0m
[  4%] [32mBuilding C object common/CMakeFiles/pcl_common.dir/src/fft/kiss_fftr.c.o[0m
[  4%] [32m[1mLinking CXX executable ../bin/pcl_pcd_convert_NaN_nan[0m
[  4%] Built target pcl_pcd_convert_NaN_nan
[  4%] [32m[1mLinking CXX shared library ../lib/libpcl_common.so[0m
[  4%] Built target pcl_common
[  5%] [32mBuilding CXX object kdtree/CMakeFiles/pcl_kdtree.dir/src/kdtree_flann.cpp.o[0m
[  5%] [32mBuilding CXX object ml/CMakeFiles/pcl_ml.dir/src/point_xy_32i.cpp.o[0m
[  5%] [32mBuilding CXX object stereo/CMakeFiles/pcl_stereo.dir/src/stereo_matching.cpp.o[0m
[  5%] [32mBuilding CXX object ml/CMakeFiles/pcl_ml.dir/src/densecrf.cpp.o[0m
[  5%] [32mBuilding CXX object io/CMakeFiles/pcl_io_ply.dir/src/ply/ply_parser.cpp.o[0m
[  5%] [32mBuilding CXX object sample_consensus/CMakeFiles/pcl_sample_consensus.dir/src/sac_model_cylinder.cpp.o[0m
[  5%] [32mBuilding CXX object ml/CMakeFiles/pcl_ml.dir/src/pairwise_potential.cpp.o[0m
[  5%] [32mBuilding CXX object sample_consensus/CMakeFiles/pcl_sample_consensus.dir/src/sac.cpp.o[0m
[  5%] [32mBuilding CXX object sample_consensus/CMakeFiles/pcl_sample_consensus.dir/src/sac_model_circle.cpp.o[0m
[  5%] [32mBuilding CXX object stereo/CMakeFiles/pcl_stereo.dir/src/stereo_grabber.cpp.o[0m
[  5%] [32mBuilding CXX object octree/CMakeFiles/pcl_octree.dir/src/octree_inst.cpp.o[0m
[  5%] [32mBuilding CXX object sample_consensus/CMakeFiles/pcl_sample_consensus.dir/src/sac_model_circle3d.cpp.o[0m
[  5%] [32mBuilding CXX object sample_consensus/CMakeFiles/pcl_sample_consensus.dir/src/sac_model_parallel_line.cpp.o[0m
[  5%] [32mBuilding CXX object sample_consensus/CMakeFiles/pcl_sample_consensus.dir/src/sac_model_normal_plane.cpp.o[0m
[  5%] [32mBuilding CXX object sample_consensus/CMakeFiles/pcl_sample_consensus.dir/src/sac_model_line.cpp.o[0m
[  6%] [32mBuilding CXX object sample_consensus/CMakeFiles/pcl_sample_consensus.dir/src/sac_model_cone.cpp.o[0m
[  6%] [32mBuilding CXX object sample_consensus/CMakeFiles/pcl_sample_consensus.dir/src/sac_model_stick.cpp.o[0m
[  6%] [32mBuilding CXX object sample_consensus/CMakeFiles/pcl_sample_consensus.dir/src/sac_model_normal_parallel_plane.cpp.o[0m
[  6%] [32mBuilding CXX object ml/CMakeFiles/pcl_ml.dir/src/point_xy_32f.cpp.o[0m
[  6%] [32mBuilding CXX object ml/CMakeFiles/pcl_ml.dir/src/permutohedral.cpp.o[0m
[  7%] [32mBuilding CXX object ml/CMakeFiles/pcl_ml.dir/src/svm_wrapper.cpp.o[0m
[  7%] [32mBuilding CXX object ml/CMakeFiles/pcl_ml.dir/src/svm.cpp.o[0m
[  7%] [32mBuilding CXX object ml/CMakeFiles/pcl_ml.dir/src/kmeans.cpp.o[0m
[  8%] [32mBuilding CXX object stereo/CMakeFiles/pcl_stereo.dir/src/stereo_block_based.cpp.o[0m
[  8%] [32mBuilding CXX object stereo/CMakeFiles/pcl_stereo.dir/src/stereo_adaptive_cost_so.cpp.o[0m
[  8%] [32mBuilding CXX object stereo/CMakeFiles/pcl_stereo.dir/src/disparity_map_converter.cpp.o[0m
[  9%] [32mBuilding CXX object sample_consensus/CMakeFiles/pcl_sample_consensus.dir/src/sac_model_normal_sphere.cpp.o[0m
[  9%] [32m[1mLinking CXX shared library ../lib/libpcl_ml.so[0m
[  9%] Built target pcl_ml
[  9%] [32mBuilding CXX object stereo/CMakeFiles/pcl_stereo.dir/src/digital_elevation_map.cpp.o[0m
[  9%] [32mBuilding CXX object sample_consensus/CMakeFiles/pcl_sample_consensus.dir/src/sac_model_plane.cpp.o[0m
[  9%] [32mBuilding CXX object sample_consensus/CMakeFiles/pcl_sample_consensus.dir/src/sac_model_registration.cpp.o[0m
[  9%] [32mBuilding CXX object sample_consensus/CMakeFiles/pcl_sample_consensus.dir/src/sac_model_sphere.cpp.o[0m
[  9%] [32mBuilding CXX object sample_consensus/CMakeFiles/pcl_sample_consensus.dir/src/sac_model_ellipse3d.cpp.o[0m
[ 10%] [32mBuilding CXX object sample_consensus/CMakeFiles/pcl_sample_consensus.dir/src/sac_model_torus.cpp.o[0m
[01m[Kc++:[m[K [01;31m[Kfatal error: [m[KKilled signal terminated program cc1plus
compilation terminated.
gmake[2]: *** [sample_consensus/CMakeFiles/pcl_sample_consensus.dir/build.make:258: sample_consensus/CMakeFiles/pcl_sample_consensus.dir/src/sac_model_sphere.cpp.o] Error 1
gmake[2]: *** Waiting for unfinished jobs....
[ 10%] [32m[1mLinking CXX shared library ../lib/libpcl_io_ply.so[0m
[ 10%] Built target pcl_io_ply
[ 10%] [32mBuilding CXX object io/CMakeFiles/pcl_io.dir/src/debayer.cpp.o[0m
[ 10%] [32mBuilding CXX object tools/CMakeFiles/pcl_ply2obj.dir/ply2obj.cpp.o[0m
[ 11%] [32mBuilding CXX object io/CMakeFiles/pcl_io.dir/src/pcd_grabber.cpp.o[0m
[ 11%] [32m[1mLinking CXX executable ../bin/pcl_ply2obj[0m
[ 11%] Built target pcl_ply2obj
[ 12%] [32mBuilding CXX object tools/CMakeFiles/pcl_ply2ply.dir/ply2ply.cpp.o[0m
[01m[Kc++:[m[K [01;31m[Kfatal error: [m[KKilled signal terminated program cc1plus
compilation terminated.
gmake[2]: *** [sample_consensus/CMakeFiles/pcl_sample_consensus.dir/build.make:272: sample_consensus/CMakeFiles/pcl_sample_consensus.dir/src/sac_model_ellipse3d.cpp.o] Error 1
[ 12%] [32mBuilding CXX object io/CMakeFiles/pcl_io.dir/src/pcd_io.cpp.o[0m
[ 12%] [32m[1mLinking CXX shared library ../lib/libpcl_stereo.so[0m
[ 12%] Built target pcl_stereo
[ 12%] [32mBuilding CXX object tools/CMakeFiles/pcl_ply2raw.dir/ply2raw.cpp.o[0m
[ 12%] [32mBuilding CXX object io/CMakeFiles/pcl_io.dir/src/vtk_io.cpp.o[0m
[ 12%] [32m[1mLinking CXX executable ../bin/pcl_ply2ply[0m
[ 12%] [32m[1mLinking CXX executable ../bin/pcl_ply2raw[0m
[ 12%] Built target pcl_ply2raw
[ 12%] Built target pcl_ply2ply
[ 13%] [32mBuilding CXX object io/CMakeFiles/pcl_io.dir/src/ply_io.cpp.o[0m
[ 13%] [32mBuilding CXX object tools/CMakeFiles/pcl_plyheader.dir/plyheader.cpp.o[0m
[ 13%] [32m[1mLinking CXX executable ../bin/pcl_plyheader[0m
[ 13%] [32mBuilding CXX object io/CMakeFiles/pcl_io.dir/src/ascii_io.cpp.o[0m
[ 13%] Built target pcl_plyheader
[ 13%] [32mBuilding CXX object io/CMakeFiles/pcl_io.dir/src/compression.cpp.o[0m
[ 14%] [32mBuilding CXX object io/CMakeFiles/pcl_io.dir/src/lzf.cpp.o[0m
[ 14%] [32mBuilding CXX object io/CMakeFiles/pcl_io.dir/src/lzf_image_io.cpp.o[0m
[ 14%] [32mBuilding CXX object io/CMakeFiles/pcl_io.dir/src/obj_io.cpp.o[0m
[ 14%] [32mBuilding CXX object io/CMakeFiles/pcl_io.dir/src/ifs_io.cpp.o[0m
[ 14%] [32mBuilding CXX object io/CMakeFiles/pcl_io.dir/src/image_grabber.cpp.o[0m
[ 15%] [32mBuilding CXX object io/CMakeFiles/pcl_io.dir/src/hdl_grabber.cpp.o[0m
[01m[Kc++:[m[K [01;31m[Kfatal error: [m[KKilled signal terminated program cc1plus
compilation terminated.
gmake[2]: *** [sample_consensus/CMakeFiles/pcl_sample_consensus.dir/build.make:286: sample_consensus/CMakeFiles/pcl_sample_consensus.dir/src/sac_model_torus.cpp.o] Error 1
[ 15%] [32mBuilding CXX object io/CMakeFiles/pcl_io.dir/src/vlp_grabber.cpp.o[0m
[ 15%] [32mBuilding CXX object io/CMakeFiles/pcl_io.dir/src/robot_eye_grabber.cpp.o[0m
[ 15%] [32mBuilding CXX object io/CMakeFiles/pcl_io.dir/src/auto_io.cpp.o[0m
[ 15%] [32mBuilding CXX object io/CMakeFiles/pcl_io.dir/src/io_exception.cpp.o[0m
[ 16%] [32mBuilding CXX object io/CMakeFiles/pcl_io.dir/src/tim_grabber.cpp.o[0m
[ 16%] [32mBuilding CXX object io/CMakeFiles/pcl_io.dir/src/vtk_lib_io.cpp.o[0m
[ 16%] [32mBuilding CXX object io/CMakeFiles/pcl_io.dir/src/png_io.cpp.o[0m
[01m[Kc++:[m[K [01;31m[Kfatal error: [m[KKilled signal terminated program cc1plus
compilation terminated.
gmake[2]: *** [io/CMakeFiles/pcl_io.dir/build.make:244: io/CMakeFiles/pcl_io.dir/src/hdl_grabber.cpp.o] Error 1
gmake[2]: *** Waiting for unfinished jobs....
gmake[1]: *** [CMakeFiles/Makefile2:1094: io/CMakeFiles/pcl_io.dir/all] Error 2
gmake[1]: *** Waiting for unfinished jobs....
[ 16%] [32m[1mLinking CXX shared library ../lib/libpcl_kdtree.so[0m
[ 16%] Built target pcl_kdtree
[ 16%] [32m[1mLinking CXX shared library ../lib/libpcl_octree.so[0m
[ 16%] Built target pcl_octree
gmake[1]: *** [CMakeFiles/Makefile2:1011: sample_consensus/CMakeFiles/pcl_sample_consensus.dir/all] Error 2
gmake: *** [Makefile:156: all] Error 2
