[1.443s] Invoking command in '/home/aurora/RM25/build/dwb_critics': AMENT_PREFIX_PATH=/home/aurora/RM25/install/dwb_core:${AMENT_PREFIX_PATH} CMAKE_PREFIX_PATH=/home/aurora/RM25/install/dwb_core:/home/aurora/RM25/install/nav2_core:/home/aurora/RM25/install/costmap_queue:/home/aurora/RM25/install/nav2_costmap_2d:/home/aurora/RM25/install/nav_2d_utils:/home/aurora/RM25/install/nav2_map_server:/home/aurora/RM25/install/nav2_lifecycle_manager:/home/aurora/RM25/install/nav2_util:/home/aurora/RM25/install/nav2_voxel_grid:/home/aurora/RM25/install/nav2_msgs:/home/aurora/RM25/install/dwb_msgs:/home/aurora/RM25/install/nav_2d_msgs:/home/aurora/RM25/install/nav2_common:/home/aurora/RM25/install/nav2_constrained_smoother:/home/aurora/RM25/install/rm_robot_description:/home/aurora/RM25/install/opennav_docking_core:/home/aurora/RM25/install/nav2_velocity_smoother:/home/aurora/RM25/install/nav2_rviz_plugins:/home/aurora/RM25/install/nav2_behavior_tree:/home/aurora/RM25/install/nav2_amcl:/home/aurora/ws_helloworld/install/pkg01_helloworld_cpp:/home/aurora/ws_helloworld/install/learning_tf2_cpp:/home/aurora/RM25/install/nav2_simple_commander:/home/aurora/RM25/install/nav2_loopback_sim:/home/aurora/ws_helloworld/install/pkg02_helloworld_py:/opt/ros/humble LD_LIBRARY_PATH=/home/aurora/RM25/install/dwb_core/lib:/home/aurora/RM25/install/costmap_queue/lib:/home/aurora/RM25/install/nav2_costmap_2d/lib:/home/aurora/RM25/install/nav_2d_utils/lib:/home/aurora/RM25/install/nav2_map_server/lib:/home/aurora/RM25/install/nav2_lifecycle_manager/lib:/home/aurora/RM25/install/nav2_util/lib:/home/aurora/RM25/install/nav2_voxel_grid/lib:/home/aurora/RM25/install/nav2_msgs/lib:/home/aurora/RM25/install/dwb_msgs/lib:/home/aurora/RM25/install/nav_2d_msgs/lib:/home/aurora/RM25/install/nav2_constrained_smoother/lib:/home/aurora/RM25/install/nav2_velocity_smoother/lib:/home/aurora/RM25/install/nav2_rviz_plugins/lib:/home/aurora/RM25/install/nav2_behavior_tree/lib:/home/aurora/RM25/install/nav2_amcl/lib:/usr/lib/x86_64-linux-gnu/gazebo-11/plugins:/opt/ros/humble/opt/rviz_ogre_vendor/lib:/opt/ros/humble/lib/x86_64-linux-gnu:/opt/ros/humble/lib /usr/bin/cmake --build /home/aurora/RM25/build/dwb_critics -- -j20 -l20
[1.467s] [35m[1mConsolidate compiler generated dependencies of target gtest_main[0m
[1.468s] [35m[1mConsolidate compiler generated dependencies of target gtest[0m
[1.471s] [35m[1mConsolidate compiler generated dependencies of target dwb_critics[0m
[1.472s] [ 11%] Built target gtest_main
[1.472s] [ 14%] Built target gtest
[1.501s] [ 62%] Built target dwb_critics
[1.508s] [35m[1mConsolidate compiler generated dependencies of target alignment_util_tests[0m
[1.508s] [35m[1mConsolidate compiler generated dependencies of target obstacle_footprint_tests[0m
[1.509s] [35m[1mConsolidate compiler generated dependencies of target base_obstacle_tests[0m
[1.509s] [35m[1mConsolidate compiler generated dependencies of target prefer_forward_tests[0m
[1.511s] [35m[1mConsolidate compiler generated dependencies of target twirling_tests[0m
[1.520s] [ 70%] Built target alignment_util_tests
[1.521s] [ 77%] Built target obstacle_footprint_tests
[1.522s] [ 85%] Built target twirling_tests
[1.522s] [ 92%] Built target base_obstacle_tests
[1.523s] [100%] Built target prefer_forward_tests
[1.531s] Invoked command in '/home/aurora/RM25/build/dwb_critics' returned '0': AMENT_PREFIX_PATH=/home/aurora/RM25/install/dwb_core:${AMENT_PREFIX_PATH} CMAKE_PREFIX_PATH=/home/aurora/RM25/install/dwb_core:/home/aurora/RM25/install/nav2_core:/home/aurora/RM25/install/costmap_queue:/home/aurora/RM25/install/nav2_costmap_2d:/home/aurora/RM25/install/nav_2d_utils:/home/aurora/RM25/install/nav2_map_server:/home/aurora/RM25/install/nav2_lifecycle_manager:/home/aurora/RM25/install/nav2_util:/home/aurora/RM25/install/nav2_voxel_grid:/home/aurora/RM25/install/nav2_msgs:/home/aurora/RM25/install/dwb_msgs:/home/aurora/RM25/install/nav_2d_msgs:/home/aurora/RM25/install/nav2_common:/home/aurora/RM25/install/nav2_constrained_smoother:/home/aurora/RM25/install/rm_robot_description:/home/aurora/RM25/install/opennav_docking_core:/home/aurora/RM25/install/nav2_velocity_smoother:/home/aurora/RM25/install/nav2_rviz_plugins:/home/aurora/RM25/install/nav2_behavior_tree:/home/aurora/RM25/install/nav2_amcl:/home/aurora/ws_helloworld/install/pkg01_helloworld_cpp:/home/aurora/ws_helloworld/install/learning_tf2_cpp:/home/aurora/RM25/install/nav2_simple_commander:/home/aurora/RM25/install/nav2_loopback_sim:/home/aurora/ws_helloworld/install/pkg02_helloworld_py:/opt/ros/humble LD_LIBRARY_PATH=/home/aurora/RM25/install/dwb_core/lib:/home/aurora/RM25/install/costmap_queue/lib:/home/aurora/RM25/install/nav2_costmap_2d/lib:/home/aurora/RM25/install/nav_2d_utils/lib:/home/aurora/RM25/install/nav2_map_server/lib:/home/aurora/RM25/install/nav2_lifecycle_manager/lib:/home/aurora/RM25/install/nav2_util/lib:/home/aurora/RM25/install/nav2_voxel_grid/lib:/home/aurora/RM25/install/nav2_msgs/lib:/home/aurora/RM25/install/dwb_msgs/lib:/home/aurora/RM25/install/nav_2d_msgs/lib:/home/aurora/RM25/install/nav2_constrained_smoother/lib:/home/aurora/RM25/install/nav2_velocity_smoother/lib:/home/aurora/RM25/install/nav2_rviz_plugins/lib:/home/aurora/RM25/install/nav2_behavior_tree/lib:/home/aurora/RM25/install/nav2_amcl/lib:/usr/lib/x86_64-linux-gnu/gazebo-11/plugins:/opt/ros/humble/opt/rviz_ogre_vendor/lib:/opt/ros/humble/lib/x86_64-linux-gnu:/opt/ros/humble/lib /usr/bin/cmake --build /home/aurora/RM25/build/dwb_critics -- -j20 -l20
[1.568s] Invoking command in '/home/aurora/RM25/build/dwb_critics': AMENT_PREFIX_PATH=/home/aurora/RM25/install/dwb_core:${AMENT_PREFIX_PATH} CMAKE_PREFIX_PATH=/home/aurora/RM25/install/dwb_core:/home/aurora/RM25/install/nav2_core:/home/aurora/RM25/install/costmap_queue:/home/aurora/RM25/install/nav2_costmap_2d:/home/aurora/RM25/install/nav_2d_utils:/home/aurora/RM25/install/nav2_map_server:/home/aurora/RM25/install/nav2_lifecycle_manager:/home/aurora/RM25/install/nav2_util:/home/aurora/RM25/install/nav2_voxel_grid:/home/aurora/RM25/install/nav2_msgs:/home/aurora/RM25/install/dwb_msgs:/home/aurora/RM25/install/nav_2d_msgs:/home/aurora/RM25/install/nav2_common:/home/aurora/RM25/install/nav2_constrained_smoother:/home/aurora/RM25/install/rm_robot_description:/home/aurora/RM25/install/opennav_docking_core:/home/aurora/RM25/install/nav2_velocity_smoother:/home/aurora/RM25/install/nav2_rviz_plugins:/home/aurora/RM25/install/nav2_behavior_tree:/home/aurora/RM25/install/nav2_amcl:/home/aurora/ws_helloworld/install/pkg01_helloworld_cpp:/home/aurora/ws_helloworld/install/learning_tf2_cpp:/home/aurora/RM25/install/nav2_simple_commander:/home/aurora/RM25/install/nav2_loopback_sim:/home/aurora/ws_helloworld/install/pkg02_helloworld_py:/opt/ros/humble LD_LIBRARY_PATH=/home/aurora/RM25/install/dwb_core/lib:/home/aurora/RM25/install/costmap_queue/lib:/home/aurora/RM25/install/nav2_costmap_2d/lib:/home/aurora/RM25/install/nav_2d_utils/lib:/home/aurora/RM25/install/nav2_map_server/lib:/home/aurora/RM25/install/nav2_lifecycle_manager/lib:/home/aurora/RM25/install/nav2_util/lib:/home/aurora/RM25/install/nav2_voxel_grid/lib:/home/aurora/RM25/install/nav2_msgs/lib:/home/aurora/RM25/install/dwb_msgs/lib:/home/aurora/RM25/install/nav_2d_msgs/lib:/home/aurora/RM25/install/nav2_constrained_smoother/lib:/home/aurora/RM25/install/nav2_velocity_smoother/lib:/home/aurora/RM25/install/nav2_rviz_plugins/lib:/home/aurora/RM25/install/nav2_behavior_tree/lib:/home/aurora/RM25/install/nav2_amcl/lib:/usr/lib/x86_64-linux-gnu/gazebo-11/plugins:/opt/ros/humble/opt/rviz_ogre_vendor/lib:/opt/ros/humble/lib/x86_64-linux-gnu:/opt/ros/humble/lib /usr/bin/cmake --install /home/aurora/RM25/build/dwb_critics
[1.571s] -- Install configuration: "Release"
[1.572s] -- Up-to-date: /home/aurora/RM25/install/dwb_critics/lib/libdwb_critics.so
[1.572s] -- Up-to-date: /home/aurora/RM25/install/dwb_critics/include/
[1.572s] -- Up-to-date: /home/aurora/RM25/install/dwb_critics/include//dwb_critics
[1.572s] -- Up-to-date: /home/aurora/RM25/install/dwb_critics/include//dwb_critics/line_iterator.hpp
[1.572s] -- Up-to-date: /home/aurora/RM25/install/dwb_critics/include//dwb_critics/twirling.hpp
[1.572s] -- Up-to-date: /home/aurora/RM25/install/dwb_critics/include//dwb_critics/base_obstacle.hpp
[1.572s] -- Up-to-date: /home/aurora/RM25/install/dwb_critics/include//dwb_critics/prefer_forward.hpp
[1.572s] -- Up-to-date: /home/aurora/RM25/install/dwb_critics/include//dwb_critics/goal_align.hpp
[1.572s] -- Up-to-date: /home/aurora/RM25/install/dwb_critics/include//dwb_critics/alignment_util.hpp
[1.572s] -- Up-to-date: /home/aurora/RM25/install/dwb_critics/include//dwb_critics/goal_dist.hpp
[1.572s] -- Up-to-date: /home/aurora/RM25/install/dwb_critics/include//dwb_critics/rotate_to_goal.hpp
[1.572s] -- Up-to-date: /home/aurora/RM25/install/dwb_critics/include//dwb_critics/path_dist.hpp
[1.572s] -- Up-to-date: /home/aurora/RM25/install/dwb_critics/include//dwb_critics/map_grid.hpp
[1.573s] -- Up-to-date: /home/aurora/RM25/install/dwb_critics/include//dwb_critics/oscillation.hpp
[1.573s] -- Up-to-date: /home/aurora/RM25/install/dwb_critics/include//dwb_critics/path_align.hpp
[1.573s] -- Up-to-date: /home/aurora/RM25/install/dwb_critics/include//dwb_critics/obstacle_footprint.hpp
[1.573s] -- Up-to-date: /home/aurora/RM25/install/dwb_critics/share/dwb_critics/default_critics.xml
[1.573s] -- Up-to-date: /home/aurora/RM25/install/dwb_critics/share/dwb_critics/environment/library_path.sh
[1.573s] -- Up-to-date: /home/aurora/RM25/install/dwb_critics/share/dwb_critics/environment/library_path.dsv
[1.573s] -- Up-to-date: /home/aurora/RM25/install/dwb_critics/share/dwb_critics/default_critics.xml
[1.573s] -- Up-to-date: /home/aurora/RM25/install/dwb_critics/share/ament_index/resource_index/package_run_dependencies/dwb_critics
[1.573s] -- Up-to-date: /home/aurora/RM25/install/dwb_critics/share/ament_index/resource_index/parent_prefix_path/dwb_critics
[1.574s] -- Up-to-date: /home/aurora/RM25/install/dwb_critics/share/dwb_critics/environment/ament_prefix_path.sh
[1.574s] -- Up-to-date: /home/aurora/RM25/install/dwb_critics/share/dwb_critics/environment/ament_prefix_path.dsv
[1.574s] -- Up-to-date: /home/aurora/RM25/install/dwb_critics/share/dwb_critics/environment/path.sh
[1.574s] -- Up-to-date: /home/aurora/RM25/install/dwb_critics/share/dwb_critics/environment/path.dsv
[1.574s] -- Up-to-date: /home/aurora/RM25/install/dwb_critics/share/dwb_critics/local_setup.bash
[1.574s] -- Up-to-date: /home/aurora/RM25/install/dwb_critics/share/dwb_critics/local_setup.sh
[1.574s] -- Up-to-date: /home/aurora/RM25/install/dwb_critics/share/dwb_critics/local_setup.zsh
[1.574s] -- Up-to-date: /home/aurora/RM25/install/dwb_critics/share/dwb_critics/local_setup.dsv
[1.574s] -- Installing: /home/aurora/RM25/install/dwb_critics/share/dwb_critics/package.dsv
[1.574s] -- Up-to-date: /home/aurora/RM25/install/dwb_critics/share/ament_index/resource_index/packages/dwb_critics
[1.575s] -- Up-to-date: /home/aurora/RM25/install/dwb_critics/share/ament_index/resource_index/dwb_core__pluginlib__plugin/dwb_critics
[1.575s] -- Up-to-date: /home/aurora/RM25/install/dwb_critics/share/dwb_critics/cmake/ament_cmake_export_include_directories-extras.cmake
[1.575s] -- Up-to-date: /home/aurora/RM25/install/dwb_critics/share/dwb_critics/cmake/ament_cmake_export_libraries-extras.cmake
[1.575s] -- Up-to-date: /home/aurora/RM25/install/dwb_critics/share/dwb_critics/cmake/ament_cmake_export_dependencies-extras.cmake
[1.575s] -- Up-to-date: /home/aurora/RM25/install/dwb_critics/share/dwb_critics/cmake/dwb_criticsConfig.cmake
[1.575s] -- Up-to-date: /home/aurora/RM25/install/dwb_critics/share/dwb_critics/cmake/dwb_criticsConfig-version.cmake
[1.575s] -- Up-to-date: /home/aurora/RM25/install/dwb_critics/share/dwb_critics/package.xml
[1.576s] Invoked command in '/home/aurora/RM25/build/dwb_critics' returned '0': AMENT_PREFIX_PATH=/home/aurora/RM25/install/dwb_core:${AMENT_PREFIX_PATH} CMAKE_PREFIX_PATH=/home/aurora/RM25/install/dwb_core:/home/aurora/RM25/install/nav2_core:/home/aurora/RM25/install/costmap_queue:/home/aurora/RM25/install/nav2_costmap_2d:/home/aurora/RM25/install/nav_2d_utils:/home/aurora/RM25/install/nav2_map_server:/home/aurora/RM25/install/nav2_lifecycle_manager:/home/aurora/RM25/install/nav2_util:/home/aurora/RM25/install/nav2_voxel_grid:/home/aurora/RM25/install/nav2_msgs:/home/aurora/RM25/install/dwb_msgs:/home/aurora/RM25/install/nav_2d_msgs:/home/aurora/RM25/install/nav2_common:/home/aurora/RM25/install/nav2_constrained_smoother:/home/aurora/RM25/install/rm_robot_description:/home/aurora/RM25/install/opennav_docking_core:/home/aurora/RM25/install/nav2_velocity_smoother:/home/aurora/RM25/install/nav2_rviz_plugins:/home/aurora/RM25/install/nav2_behavior_tree:/home/aurora/RM25/install/nav2_amcl:/home/aurora/ws_helloworld/install/pkg01_helloworld_cpp:/home/aurora/ws_helloworld/install/learning_tf2_cpp:/home/aurora/RM25/install/nav2_simple_commander:/home/aurora/RM25/install/nav2_loopback_sim:/home/aurora/ws_helloworld/install/pkg02_helloworld_py:/opt/ros/humble LD_LIBRARY_PATH=/home/aurora/RM25/install/dwb_core/lib:/home/aurora/RM25/install/costmap_queue/lib:/home/aurora/RM25/install/nav2_costmap_2d/lib:/home/aurora/RM25/install/nav_2d_utils/lib:/home/aurora/RM25/install/nav2_map_server/lib:/home/aurora/RM25/install/nav2_lifecycle_manager/lib:/home/aurora/RM25/install/nav2_util/lib:/home/aurora/RM25/install/nav2_voxel_grid/lib:/home/aurora/RM25/install/nav2_msgs/lib:/home/aurora/RM25/install/dwb_msgs/lib:/home/aurora/RM25/install/nav_2d_msgs/lib:/home/aurora/RM25/install/nav2_constrained_smoother/lib:/home/aurora/RM25/install/nav2_velocity_smoother/lib:/home/aurora/RM25/install/nav2_rviz_plugins/lib:/home/aurora/RM25/install/nav2_behavior_tree/lib:/home/aurora/RM25/install/nav2_amcl/lib:/usr/lib/x86_64-linux-gnu/gazebo-11/plugins:/opt/ros/humble/opt/rviz_ogre_vendor/lib:/opt/ros/humble/lib/x86_64-linux-gnu:/opt/ros/humble/lib /usr/bin/cmake --install /home/aurora/RM25/build/dwb_critics
