[0.012s] Invoking command in '/home/aurora/RM25/src/build/livox_ros_driver2': CMAKE_PREFIX_PATH=${CMAKE_PREFIX_PATH}:/opt/ros/humble /usr/bin/cmake /home/aurora/RM25/src/rm_driver/livox_ros_driver2 -DROS_EDITION=ROS2 -DHUMBLE_ROS=humble -DCMAKE_INSTALL_PREFIX=/home/aurora/RM25/src/install/livox_ros_driver2
[0.051s] -- The C compiler identification is GNU 11.4.0
[0.085s] -- The CXX compiler identification is GNU 11.4.0
[0.089s] -- Detecting C compiler ABI info
[0.144s] -- Detecting C compiler ABI info - done
[0.148s] -- Check for working C compiler: /usr/bin/cc - skipped
[0.148s] -- Detecting C compile features
[0.148s] -- Detecting C compile features - done
[0.150s] -- Detecting CXX compiler ABI info
[0.208s] -- Detecting CXX compiler ABI info - done
[0.215s] -- Check for working CXX compiler: /usr/bin/c++ - skipped
[0.215s] -- Detecting CXX compile features
[0.216s] -- Detecting CXX compile features - done
[0.217s] -- livox_ros_driver2 version: 1.2.4
[0.218s] -- Found ament_cmake_auto: 1.3.10 (/opt/ros/humble/share/ament_cmake_auto/cmake)
[0.420s] -- Found Python3: /usr/bin/python3 (found version "3.10.12") found components: Interpreter 
[0.651s] -- Using all available rosidl_typesupport_c: rosidl_typesupport_fastrtps_c;rosidl_typesupport_introspection_c
[0.656s] -- Found rosidl_adapter: 3.1.5 (/opt/ros/humble/share/rosidl_adapter/cmake)
[0.731s] -- Using all available rosidl_typesupport_cpp: rosidl_typesupport_fastrtps_cpp;rosidl_typesupport_introspection_cpp
[0.837s] -- Found rmw_implementation_cmake: 6.1.2 (/opt/ros/humble/share/rmw_implementation_cmake/cmake)
[0.837s] -- Found rmw_fastrtps_cpp: 6.2.7 (/opt/ros/humble/share/rmw_fastrtps_cpp/cmake)
[0.983s] -- Found OpenSSL: /usr/lib/x86_64-linux-gnu/libcrypto.so (found version "3.0.2")  
[1.010s] -- Found FastRTPS: /opt/ros/humble/include  
[1.064s] -- Using RMW implementation 'rmw_fastrtps_cpp' as default
[1.069s] -- Looking for pthread.h
[1.193s] -- Looking for pthread.h - found
[1.197s] -- Performing Test CMAKE_HAVE_LIBC_PTHREAD
[1.320s] -- Performing Test CMAKE_HAVE_LIBC_PTHREAD - Success
[1.322s] -- Found Threads: TRUE  
[1.526s] -- Checking for module 'eigen3'
[1.540s] --   Found eigen3, version 3.4.0
[1.583s] -- Found Eigen: /usr/include/eigen3 (Required is at least version "3.1") 
[1.583s] -- Eigen found (include: /usr/include/eigen3, version: 3.4.0)
[1.620s] -- Checking for module 'flann'
[1.635s] --   Found flann, version 1.9.1
[1.690s] -- Found FLANN: /usr/lib/x86_64-linux-gnu/libflann_cpp.so  
[1.691s] -- FLANN found (include: /usr/include, lib: /usr/lib/x86_64-linux-gnu/libflann_cpp.so)
[3.129s] -- Checking for module 'libusb-1.0'
[3.147s] --   Found libusb-1.0, version 1.0.25
[3.202s] -- Found libusb: /usr/lib/x86_64-linux-gnu/libusb-1.0.so  
[3.204s] -- OpenNI found (version: 1.5.4.0, include: /usr/include/ni, lib: /usr/lib/libOpenNI.so;libusb::libusb)
[3.282s] -- OpenNI2 found (version: 2.2.0.33, include: /usr/include/openni2, lib: /usr/lib/x86_64-linux-gnu/libOpenNI2.so;libusb::libusb)
[3.466s] -- Eigen found (include: /usr/include/eigen3, version: 3.4.0)
[3.479s] -- OpenNI found (version: 1.5.4.0, include: /usr/include/ni, lib: /usr/lib/libOpenNI.so;libusb::libusb)
[3.498s] -- OpenNI2 found (version: 2.2.0.33, include: /usr/include/openni2, lib: /usr/lib/x86_64-linux-gnu/libOpenNI2.so;libusb::libusb)
[3.753s] -- Found Qhull version 8.0.2
[4.008s] -- OpenNI found (version: 1.5.4.0, include: /usr/include/ni, lib: /usr/lib/libOpenNI.so;libusb::libusb)
[4.218s] -- Found PCL_COMMON: /usr/lib/x86_64-linux-gnu/libpcl_common.so  
[4.218s] -- Found PCL_KDTREE: /usr/lib/x86_64-linux-gnu/libpcl_kdtree.so  
[4.220s] -- Found PCL_OCTREE: /usr/lib/x86_64-linux-gnu/libpcl_octree.so  
[4.221s] -- Found PCL_SEARCH: /usr/lib/x86_64-linux-gnu/libpcl_search.so  
[4.222s] -- Found PCL_SAMPLE_CONSENSUS: /usr/lib/x86_64-linux-gnu/libpcl_sample_consensus.so  
[4.223s] -- Found PCL_FILTERS: /usr/lib/x86_64-linux-gnu/libpcl_filters.so  
[4.224s] -- Found PCL_2D: /usr/include/pcl-1.12  
[4.224s] -- Found PCL_GEOMETRY: /usr/include/pcl-1.12  
[4.227s] -- Found PCL_IO: /usr/lib/x86_64-linux-gnu/libpcl_io.so  
[4.227s] -- Found PCL_FEATURES: /usr/lib/x86_64-linux-gnu/libpcl_features.so  
[4.227s] -- Found PCL_ML: /usr/lib/x86_64-linux-gnu/libpcl_ml.so  
[4.229s] -- Found PCL_SEGMENTATION: /usr/lib/x86_64-linux-gnu/libpcl_segmentation.so  
[4.230s] -- Found PCL_VISUALIZATION: /usr/lib/x86_64-linux-gnu/libpcl_visualization.so  
[4.232s] -- Found PCL_SURFACE: /usr/lib/x86_64-linux-gnu/libpcl_surface.so  
[4.232s] -- Found PCL_REGISTRATION: /usr/lib/x86_64-linux-gnu/libpcl_registration.so  
[4.234s] -- Found PCL_KEYPOINTS: /usr/lib/x86_64-linux-gnu/libpcl_keypoints.so  
[4.235s] -- Found PCL_TRACKING: /usr/lib/x86_64-linux-gnu/libpcl_tracking.so  
[4.236s] -- Found PCL_RECOGNITION: /usr/lib/x86_64-linux-gnu/libpcl_recognition.so  
[4.239s] -- Found PCL_STEREO: /usr/lib/x86_64-linux-gnu/libpcl_stereo.so  
[4.239s] -- Found PCL_APPS: /usr/lib/x86_64-linux-gnu/libpcl_apps.so  
[4.240s] -- Found PCL_IN_HAND_SCANNER: /usr/include/pcl-1.12  
[4.241s] -- Found PCL_MODELER: /usr/include/pcl-1.12  
[4.241s] -- Found PCL_POINT_CLOUD_EDITOR: /usr/include/pcl-1.12  
[4.242s] -- Found PCL_OUTOFCORE: /usr/lib/x86_64-linux-gnu/libpcl_outofcore.so  
[4.244s] -- Found PCL_PEOPLE: /usr/lib/x86_64-linux-gnu/libpcl_people.so  
[4.292s] -- Found PkgConfig: /usr/bin/pkg-config (found version "0.29.2") 
[4.292s] -- Checking for module 'apr-1'
[4.299s] --   No package 'apr-1' found
[4.535s] -- Found ament_cmake_ros: 0.10.0 (/opt/ros/humble/share/ament_cmake_ros/cmake)
[4.774s] -- Using all available rosidl_typesupport_c: rosidl_typesupport_fastrtps_c;rosidl_typesupport_introspection_c
[5.074s] -- Using all available rosidl_typesupport_cpp: rosidl_typesupport_fastrtps_cpp;rosidl_typesupport_introspection_cpp
[5.097s] -- Found PythonInterp: /usr/bin/python3 (found suitable version "3.10.12", minimum required is "3.6") 
[5.099s] -- Found python_cmake_module: 0.10.0 (/opt/ros/humble/share/python_cmake_module/cmake)
[5.126s] -- Found PythonLibs: /usr/lib/x86_64-linux-gnu/libpython3.10.so (found suitable version "3.10.12", minimum required is "3.5") 
[5.126s] -- Using PYTHON_EXECUTABLE: /usr/bin/python3
[5.126s] -- Using PYTHON_INCLUDE_DIRS: /usr/include/python3.10
[5.126s] -- Using PYTHON_LIBRARIES: /usr/lib/x86_64-linux-gnu/libpython3.10.so
[5.148s] -- Found PythonExtra: .so  
[5.221s] -- Found ament_lint_auto: 0.12.11 (/opt/ros/humble/share/ament_lint_auto/cmake)
[5.243s] -- Added test 'copyright' to check source files copyright and LICENSE
[5.248s] -- Added test 'cppcheck' to perform static code analysis on C / C++ code
[5.249s] -- Configured cppcheck include dirs: /home/aurora/RM25/src/rm_driver/livox_ros_driver2/3rdparty;/home/aurora/RM25/src/rm_driver/livox_ros_driver2/src
[5.249s] -- Configured cppcheck exclude dirs and/or files: 
[5.254s] -- Added test 'cpplint' to check C / C++ code against the Google style
[5.254s] -- Configured cpplint exclude dirs and/or files: 
[5.255s] -- Added test 'flake8' to check Python code syntax and style conventions
[5.256s] -- Added test 'lint_cmake' to check CMake code style
[5.258s] -- Added test 'pep257' to check Python code against some of the docstring style conventions in PEP 257
[5.262s] -- Added test 'uncrustify' to check C / C++ code style
[5.262s] -- Configured uncrustify additional arguments: 
[5.263s] -- Added test 'xmllint' to check XML markup files
[5.266s] -- Configuring done
[5.330s] -- Generating done
[5.352s] -- Build files have been written to: /home/aurora/RM25/src/build/livox_ros_driver2
[5.388s] Invoked command in '/home/aurora/RM25/src/build/livox_ros_driver2' returned '0': CMAKE_PREFIX_PATH=${CMAKE_PREFIX_PATH}:/opt/ros/humble /usr/bin/cmake /home/aurora/RM25/src/rm_driver/livox_ros_driver2 -DROS_EDITION=ROS2 -DHUMBLE_ROS=humble -DCMAKE_INSTALL_PREFIX=/home/aurora/RM25/src/install/livox_ros_driver2
[5.391s] Invoking command in '/home/aurora/RM25/src/build/livox_ros_driver2': CMAKE_PREFIX_PATH=${CMAKE_PREFIX_PATH}:/opt/ros/humble /usr/bin/cmake --build /home/aurora/RM25/src/build/livox_ros_driver2 -- -j20 -l20
[5.432s] [  1%] [34m[1mGenerating C code for ROS interfaces[0m
[5.442s] [  5%] [32mBuilding CXX object CMakeFiles/livox_ros_driver2_node.dir/rclcpp_components/node_main_livox_ros_driver2_node.cpp.o[0m
[5.442s] [  5%] [34m[1mGenerating C++ code for ROS interfaces[0m
[5.453s] [  5%] Built target ament_cmake_python_copy_livox_ros_driver2
[5.699s] running egg_info
[5.700s] creating livox_ros_driver2.egg-info
[5.700s] writing livox_ros_driver2.egg-info/PKG-INFO
[5.700s] writing dependency_links to livox_ros_driver2.egg-info/dependency_links.txt
[5.700s] writing top-level names to livox_ros_driver2.egg-info/top_level.txt
[5.701s] writing manifest file 'livox_ros_driver2.egg-info/SOURCES.txt'
[5.703s] reading manifest file 'livox_ros_driver2.egg-info/SOURCES.txt'
[5.704s] writing manifest file 'livox_ros_driver2.egg-info/SOURCES.txt'
[5.733s] [  5%] Built target ament_cmake_python_build_livox_ros_driver2_egg
[5.924s] [  5%] Built target livox_interfaces2__cpp
[5.934s] [  7%] [34m[1mGenerating C++ type support dispatch for ROS interfaces[0m
[5.940s] [  8%] [34m[1mGenerating C++ introspection for ROS interfaces[0m
[5.953s] [ 10%] [34m[1mGenerating C++ type support for eProsima Fast-RTPS[0m
[5.970s] [ 12%] [32mBuilding C object CMakeFiles/livox_interfaces2__rosidl_generator_c.dir/rosidl_generator_c/livox_ros_driver2/msg/detail/custom_point__functions.c.o[0m
[5.979s] [ 14%] [32mBuilding C object CMakeFiles/livox_interfaces2__rosidl_generator_c.dir/rosidl_generator_c/livox_ros_driver2/msg/detail/custom_msg__functions.c.o[0m
[6.070s] [ 15%] [32m[1mLinking C shared library liblivox_ros_driver2__rosidl_generator_c.so[0m
[6.103s] [ 15%] Built target livox_interfaces2__rosidl_generator_c
[6.115s] [ 17%] [34m[1mGenerating C type support for eProsima Fast-RTPS[0m
[6.123s] [ 21%] [34m[1mGenerating C introspection for ROS interfaces[0m
[6.125s] [ 21%] [34m[1mGenerating C type support dispatch for ROS interfaces[0m
[6.331s] [ 22%] [32mBuilding CXX object CMakeFiles/livox_interfaces2__rosidl_typesupport_introspection_cpp.dir/rosidl_typesupport_introspection_cpp/livox_ros_driver2/msg/detail/custom_point__type_support.cpp.o[0m
[6.333s] [ 24%] [32mBuilding CXX object CMakeFiles/livox_interfaces2__rosidl_typesupport_introspection_cpp.dir/rosidl_typesupport_introspection_cpp/livox_ros_driver2/msg/detail/custom_msg__type_support.cpp.o[0m
[6.345s] [ 28%] [32mBuilding CXX object CMakeFiles/livox_interfaces2__rosidl_typesupport_cpp.dir/rosidl_typesupport_cpp/livox_ros_driver2/msg/custom_point__type_support.cpp.o[0m
[6.345s] [ 28%] [32mBuilding CXX object CMakeFiles/livox_interfaces2__rosidl_typesupport_cpp.dir/rosidl_typesupport_cpp/livox_ros_driver2/msg/custom_msg__type_support.cpp.o[0m
[6.426s] [ 31%] [32mBuilding CXX object CMakeFiles/livox_interfaces2__rosidl_typesupport_fastrtps_cpp.dir/rosidl_typesupport_fastrtps_cpp/livox_ros_driver2/msg/detail/dds_fastrtps/custom_msg__type_support.cpp.o[0m
[6.427s] [ 31%] [32mBuilding CXX object CMakeFiles/livox_interfaces2__rosidl_typesupport_fastrtps_cpp.dir/rosidl_typesupport_fastrtps_cpp/livox_ros_driver2/msg/detail/dds_fastrtps/custom_point__type_support.cpp.o[0m
[6.537s] [ 33%] [32mBuilding CXX object CMakeFiles/livox_interfaces2__rosidl_typesupport_fastrtps_c.dir/rosidl_typesupport_fastrtps_c/livox_ros_driver2/msg/detail/custom_point__type_support_c.cpp.o[0m
[6.538s] [ 35%] [32mBuilding CXX object CMakeFiles/livox_interfaces2__rosidl_typesupport_fastrtps_c.dir/rosidl_typesupport_fastrtps_c/livox_ros_driver2/msg/detail/custom_msg__type_support_c.cpp.o[0m
[6.549s] [ 36%] [32mBuilding CXX object CMakeFiles/livox_interfaces2__rosidl_typesupport_c.dir/rosidl_typesupport_c/livox_ros_driver2/msg/custom_msg__type_support.cpp.o[0m
[6.549s] [ 38%] [32mBuilding CXX object CMakeFiles/livox_interfaces2__rosidl_typesupport_c.dir/rosidl_typesupport_c/livox_ros_driver2/msg/custom_point__type_support.cpp.o[0m
[6.561s] [ 42%] [32mBuilding C object CMakeFiles/livox_interfaces2__rosidl_typesupport_introspection_c.dir/rosidl_typesupport_introspection_c/livox_ros_driver2/msg/detail/custom_msg__type_support.c.o[0m
[6.561s] [ 42%] [32mBuilding C object CMakeFiles/livox_interfaces2__rosidl_typesupport_introspection_c.dir/rosidl_typesupport_introspection_c/livox_ros_driver2/msg/detail/custom_point__type_support.c.o[0m
[6.571s] [ 43%] [32m[1mLinking CXX shared library liblivox_ros_driver2__rosidl_typesupport_c.so[0m
[6.594s] [ 45%] [32m[1mLinking CXX shared library liblivox_ros_driver2__rosidl_typesupport_cpp.so[0m
[6.599s] [ 47%] [32m[1mLinking C shared library liblivox_ros_driver2__rosidl_typesupport_introspection_c.so[0m
[6.612s] [ 47%] Built target livox_interfaces2__rosidl_typesupport_c
[6.618s] [ 47%] Built target livox_interfaces2__rosidl_typesupport_introspection_c
[6.618s] [ 47%] Built target livox_interfaces2__rosidl_typesupport_cpp
[6.635s] [ 49%] [32mBuilding CXX object CMakeFiles/livox_ros_driver2.dir/src/driver_node.cpp.o[0m
[6.635s] [ 50%] [32mBuilding CXX object CMakeFiles/livox_ros_driver2.dir/src/comm/comm.cpp.o[0m
[6.635s] [ 52%] [32mBuilding CXX object CMakeFiles/livox_ros_driver2.dir/src/comm/ldq.cpp.o[0m
[6.635s] [ 54%] [32mBuilding CXX object CMakeFiles/livox_ros_driver2.dir/src/comm/lidar_imu_data_queue.cpp.o[0m
[6.635s] [ 57%] [32mBuilding CXX object CMakeFiles/livox_ros_driver2.dir/src/lddc.cpp.o[0m
[6.635s] [ 57%] [32mBuilding CXX object CMakeFiles/livox_ros_driver2.dir/src/comm/semaphore.cpp.o[0m
[6.635s] [ 63%] [32mBuilding CXX object CMakeFiles/livox_ros_driver2.dir/src/livox_ros_driver2.cpp.o[0m
[6.635s] [ 63%] [32mBuilding CXX object CMakeFiles/livox_ros_driver2.dir/src/lds_lidar.cpp.o[0m
[6.635s] [ 63%] [32mBuilding CXX object CMakeFiles/livox_ros_driver2.dir/src/lds.cpp.o[0m
[6.641s] [ 64%] [32mBuilding CXX object CMakeFiles/livox_ros_driver2.dir/src/comm/cache_index.cpp.o[0m
[6.641s] [ 66%] [32mBuilding CXX object CMakeFiles/livox_ros_driver2.dir/src/comm/pub_handler.cpp.o[0m
[6.654s] [ 68%] [32mBuilding CXX object CMakeFiles/livox_ros_driver2.dir/src/parse_cfg_file/parse_cfg_file.cpp.o[0m
[6.661s] [ 70%] [32mBuilding CXX object CMakeFiles/livox_ros_driver2.dir/src/parse_cfg_file/parse_livox_lidar_cfg.cpp.o[0m
[6.667s] [ 71%] [32mBuilding CXX object CMakeFiles/livox_ros_driver2.dir/src/call_back/lidar_common_callback.cpp.o[0m
[6.754s] [ 73%] [32mBuilding CXX object CMakeFiles/livox_ros_driver2.dir/src/call_back/livox_lidar_callback.cpp.o[0m
[6.815s] [ 75%] [32m[1mLinking CXX shared library liblivox_ros_driver2__rosidl_typesupport_introspection_cpp.so[0m
[6.832s] [ 77%] [32m[1mLinking CXX shared library liblivox_ros_driver2__rosidl_typesupport_fastrtps_cpp.so[0m
[6.908s] [ 78%] [32m[1mLinking CXX shared library liblivox_ros_driver2__rosidl_typesupport_fastrtps_c.so[0m
[6.959s] [ 78%] Built target livox_interfaces2__rosidl_typesupport_introspection_cpp
[7.005s] [ 78%] Built target livox_interfaces2__rosidl_typesupport_fastrtps_cpp
[7.023s] [ 78%] Built target livox_interfaces2__rosidl_typesupport_fastrtps_c
[7.042s] [ 78%] Built target livox_interfaces2
[7.063s] [ 80%] [34m[1mGenerating Python code for ROS interfaces[0m
[7.688s] [ 80%] Built target livox_interfaces2__py
[7.708s] [ 84%] [32mBuilding C object CMakeFiles/livox_interfaces2__rosidl_generator_py.dir/rosidl_generator_py/livox_ros_driver2/msg/_custom_msg_s.c.o[0m
[7.708s] [ 84%] [32mBuilding C object CMakeFiles/livox_interfaces2__rosidl_generator_py.dir/rosidl_generator_py/livox_ros_driver2/msg/_custom_point_s.c.o[0m
[7.820s] [ 85%] [32m[1mLinking C shared library rosidl_generator_py/livox_ros_driver2/liblivox_interfaces2__rosidl_generator_py.so[0m
[7.863s] [ 85%] Built target livox_interfaces2__rosidl_generator_py
[7.887s] [ 89%] [32mBuilding C object CMakeFiles/livox_ros_driver2__rosidl_typesupport_c__pyext.dir/rosidl_generator_py/livox_ros_driver2/_livox_ros_driver2_s.ep.rosidl_typesupport_c.c.o[0m
[7.887s] [ 89%] [32mBuilding C object CMakeFiles/livox_ros_driver2__rosidl_typesupport_introspection_c__pyext.dir/rosidl_generator_py/livox_ros_driver2/_livox_ros_driver2_s.ep.rosidl_typesupport_introspection_c.c.o[0m
[7.887s] [ 91%] [32mBuilding C object CMakeFiles/livox_ros_driver2__rosidl_typesupport_fastrtps_c__pyext.dir/rosidl_generator_py/livox_ros_driver2/_livox_ros_driver2_s.ep.rosidl_typesupport_fastrtps_c.c.o[0m
[7.949s] [ 92%] [32m[1mLinking C shared library rosidl_generator_py/livox_ros_driver2/livox_ros_driver2_s__rosidl_typesupport_fastrtps_c.cpython-310-x86_64-linux-gnu.so[0m
[7.976s] [ 94%] [32m[1mLinking C shared library rosidl_generator_py/livox_ros_driver2/livox_ros_driver2_s__rosidl_typesupport_introspection_c.cpython-310-x86_64-linux-gnu.so[0m
[7.978s] [ 94%] Built target livox_ros_driver2__rosidl_typesupport_fastrtps_c__pyext
[7.985s] [ 96%] [32m[1mLinking C shared library rosidl_generator_py/livox_ros_driver2/livox_ros_driver2_s__rosidl_typesupport_c.cpython-310-x86_64-linux-gnu.so[0m
[8.007s] [ 96%] Built target livox_ros_driver2__rosidl_typesupport_introspection_c__pyext
[8.020s] [ 96%] Built target livox_ros_driver2__rosidl_typesupport_c__pyext
[8.604s] [ 98%] [32m[1mLinking CXX executable livox_ros_driver2_node[0m
[8.683s] [ 98%] Built target livox_ros_driver2_node
[11.597s] [100%] [32m[1mLinking CXX shared library liblivox_ros_driver2.so[0m
[12.023s] [100%] Built target livox_ros_driver2
[12.034s] Invoked command in '/home/aurora/RM25/src/build/livox_ros_driver2' returned '0': CMAKE_PREFIX_PATH=${CMAKE_PREFIX_PATH}:/opt/ros/humble /usr/bin/cmake --build /home/aurora/RM25/src/build/livox_ros_driver2 -- -j20 -l20
[12.035s] Invoking command in '/home/aurora/RM25/src/build/livox_ros_driver2': CMAKE_PREFIX_PATH=${CMAKE_PREFIX_PATH}:/opt/ros/humble /usr/bin/cmake --install /home/aurora/RM25/src/build/livox_ros_driver2
[12.043s] -- Install configuration: ""
[12.043s] -- Installing: /home/aurora/RM25/src/install/livox_ros_driver2/share/ament_index/resource_index/rosidl_interfaces/livox_ros_driver2
[12.044s] -- Installing: /home/aurora/RM25/src/install/livox_ros_driver2/include/livox_ros_driver2/livox_ros_driver2
[12.044s] -- Installing: /home/aurora/RM25/src/install/livox_ros_driver2/include/livox_ros_driver2/livox_ros_driver2/msg
[12.044s] -- Installing: /home/aurora/RM25/src/install/livox_ros_driver2/include/livox_ros_driver2/livox_ros_driver2/msg/custom_point.h
[12.044s] -- Installing: /home/aurora/RM25/src/install/livox_ros_driver2/include/livox_ros_driver2/livox_ros_driver2/msg/rosidl_generator_c__visibility_control.h
[12.044s] -- Installing: /home/aurora/RM25/src/install/livox_ros_driver2/include/livox_ros_driver2/livox_ros_driver2/msg/detail
[12.044s] -- Installing: /home/aurora/RM25/src/install/livox_ros_driver2/include/livox_ros_driver2/livox_ros_driver2/msg/detail/custom_msg__type_support.h
[12.044s] -- Installing: /home/aurora/RM25/src/install/livox_ros_driver2/include/livox_ros_driver2/livox_ros_driver2/msg/detail/custom_msg__functions.h
[12.044s] -- Installing: /home/aurora/RM25/src/install/livox_ros_driver2/include/livox_ros_driver2/livox_ros_driver2/msg/detail/custom_point__functions.h
[12.044s] -- Installing: /home/aurora/RM25/src/install/livox_ros_driver2/include/livox_ros_driver2/livox_ros_driver2/msg/detail/custom_msg__struct.h
[12.044s] -- Installing: /home/aurora/RM25/src/install/livox_ros_driver2/include/livox_ros_driver2/livox_ros_driver2/msg/detail/custom_point__type_support.h
[12.044s] -- Installing: /home/aurora/RM25/src/install/livox_ros_driver2/include/livox_ros_driver2/livox_ros_driver2/msg/detail/custom_point__struct.h
[12.044s] -- Installing: /home/aurora/RM25/src/install/livox_ros_driver2/include/livox_ros_driver2/livox_ros_driver2/msg/detail/custom_point__functions.c
[12.044s] -- Installing: /home/aurora/RM25/src/install/livox_ros_driver2/include/livox_ros_driver2/livox_ros_driver2/msg/detail/custom_msg__functions.c
[12.045s] -- Installing: /home/aurora/RM25/src/install/livox_ros_driver2/include/livox_ros_driver2/livox_ros_driver2/msg/custom_msg.h
[12.045s] -- Installing: /home/aurora/RM25/src/install/livox_ros_driver2/share/livox_ros_driver2/environment/library_path.sh
[12.045s] -- Installing: /home/aurora/RM25/src/install/livox_ros_driver2/share/livox_ros_driver2/environment/library_path.dsv
[12.045s] -- Installing: /home/aurora/RM25/src/install/livox_ros_driver2/lib/liblivox_ros_driver2__rosidl_generator_c.so
[12.045s] -- Set runtime path of "/home/aurora/RM25/src/install/livox_ros_driver2/lib/liblivox_ros_driver2__rosidl_generator_c.so" to ""
[12.045s] -- Up-to-date: /home/aurora/RM25/src/install/livox_ros_driver2/include/livox_ros_driver2/livox_ros_driver2
[12.045s] -- Up-to-date: /home/aurora/RM25/src/install/livox_ros_driver2/include/livox_ros_driver2/livox_ros_driver2/msg
[12.045s] -- Installing: /home/aurora/RM25/src/install/livox_ros_driver2/include/livox_ros_driver2/livox_ros_driver2/msg/rosidl_typesupport_fastrtps_c__visibility_control.h
[12.045s] -- Up-to-date: /home/aurora/RM25/src/install/livox_ros_driver2/include/livox_ros_driver2/livox_ros_driver2/msg/detail
[12.045s] -- Installing: /home/aurora/RM25/src/install/livox_ros_driver2/include/livox_ros_driver2/livox_ros_driver2/msg/detail/custom_msg__rosidl_typesupport_fastrtps_c.h
[12.045s] -- Installing: /home/aurora/RM25/src/install/livox_ros_driver2/include/livox_ros_driver2/livox_ros_driver2/msg/detail/custom_point__rosidl_typesupport_fastrtps_c.h
[12.045s] -- Installing: /home/aurora/RM25/src/install/livox_ros_driver2/lib/liblivox_ros_driver2__rosidl_typesupport_fastrtps_c.so
[12.046s] -- Set runtime path of "/home/aurora/RM25/src/install/livox_ros_driver2/lib/liblivox_ros_driver2__rosidl_typesupport_fastrtps_c.so" to ""
[12.046s] -- Up-to-date: /home/aurora/RM25/src/install/livox_ros_driver2/include/livox_ros_driver2/livox_ros_driver2
[12.046s] -- Up-to-date: /home/aurora/RM25/src/install/livox_ros_driver2/include/livox_ros_driver2/livox_ros_driver2/msg
[12.046s] -- Installing: /home/aurora/RM25/src/install/livox_ros_driver2/include/livox_ros_driver2/livox_ros_driver2/msg/rosidl_typesupport_introspection_c__visibility_control.h
[12.046s] -- Up-to-date: /home/aurora/RM25/src/install/livox_ros_driver2/include/livox_ros_driver2/livox_ros_driver2/msg/detail
[12.046s] -- Installing: /home/aurora/RM25/src/install/livox_ros_driver2/include/livox_ros_driver2/livox_ros_driver2/msg/detail/custom_msg__rosidl_typesupport_introspection_c.h
[12.046s] -- Installing: /home/aurora/RM25/src/install/livox_ros_driver2/include/livox_ros_driver2/livox_ros_driver2/msg/detail/custom_point__type_support.c
[12.046s] -- Installing: /home/aurora/RM25/src/install/livox_ros_driver2/include/livox_ros_driver2/livox_ros_driver2/msg/detail/custom_point__rosidl_typesupport_introspection_c.h
[12.046s] -- Installing: /home/aurora/RM25/src/install/livox_ros_driver2/include/livox_ros_driver2/livox_ros_driver2/msg/detail/custom_msg__type_support.c
[12.046s] -- Installing: /home/aurora/RM25/src/install/livox_ros_driver2/lib/liblivox_ros_driver2__rosidl_typesupport_introspection_c.so
[12.046s] -- Set runtime path of "/home/aurora/RM25/src/install/livox_ros_driver2/lib/liblivox_ros_driver2__rosidl_typesupport_introspection_c.so" to ""
[12.046s] -- Installing: /home/aurora/RM25/src/install/livox_ros_driver2/lib/liblivox_ros_driver2__rosidl_typesupport_c.so
[12.046s] -- Set runtime path of "/home/aurora/RM25/src/install/livox_ros_driver2/lib/liblivox_ros_driver2__rosidl_typesupport_c.so" to ""
[12.046s] -- Up-to-date: /home/aurora/RM25/src/install/livox_ros_driver2/include/livox_ros_driver2/livox_ros_driver2
[12.046s] -- Up-to-date: /home/aurora/RM25/src/install/livox_ros_driver2/include/livox_ros_driver2/livox_ros_driver2/msg
[12.046s] -- Installing: /home/aurora/RM25/src/install/livox_ros_driver2/include/livox_ros_driver2/livox_ros_driver2/msg/custom_point.hpp
[12.046s] -- Installing: /home/aurora/RM25/src/install/livox_ros_driver2/include/livox_ros_driver2/livox_ros_driver2/msg/custom_msg.hpp
[12.046s] -- Up-to-date: /home/aurora/RM25/src/install/livox_ros_driver2/include/livox_ros_driver2/livox_ros_driver2/msg/detail
[12.046s] -- Installing: /home/aurora/RM25/src/install/livox_ros_driver2/include/livox_ros_driver2/livox_ros_driver2/msg/detail/custom_msg__struct.hpp
[12.047s] -- Installing: /home/aurora/RM25/src/install/livox_ros_driver2/include/livox_ros_driver2/livox_ros_driver2/msg/detail/custom_msg__traits.hpp
[12.047s] -- Installing: /home/aurora/RM25/src/install/livox_ros_driver2/include/livox_ros_driver2/livox_ros_driver2/msg/detail/custom_point__builder.hpp
[12.047s] -- Installing: /home/aurora/RM25/src/install/livox_ros_driver2/include/livox_ros_driver2/livox_ros_driver2/msg/detail/custom_point__struct.hpp
[12.047s] -- Installing: /home/aurora/RM25/src/install/livox_ros_driver2/include/livox_ros_driver2/livox_ros_driver2/msg/detail/custom_msg__builder.hpp
[12.047s] -- Installing: /home/aurora/RM25/src/install/livox_ros_driver2/include/livox_ros_driver2/livox_ros_driver2/msg/detail/custom_point__traits.hpp
[12.047s] -- Up-to-date: /home/aurora/RM25/src/install/livox_ros_driver2/include/livox_ros_driver2/livox_ros_driver2
[12.047s] -- Up-to-date: /home/aurora/RM25/src/install/livox_ros_driver2/include/livox_ros_driver2/livox_ros_driver2/msg
[12.047s] -- Installing: /home/aurora/RM25/src/install/livox_ros_driver2/include/livox_ros_driver2/livox_ros_driver2/msg/rosidl_typesupport_fastrtps_cpp__visibility_control.h
[12.047s] -- Up-to-date: /home/aurora/RM25/src/install/livox_ros_driver2/include/livox_ros_driver2/livox_ros_driver2/msg/detail
[12.047s] -- Installing: /home/aurora/RM25/src/install/livox_ros_driver2/include/livox_ros_driver2/livox_ros_driver2/msg/detail/custom_point__rosidl_typesupport_fastrtps_cpp.hpp
[12.047s] -- Installing: /home/aurora/RM25/src/install/livox_ros_driver2/include/livox_ros_driver2/livox_ros_driver2/msg/detail/custom_msg__rosidl_typesupport_fastrtps_cpp.hpp
[12.047s] -- Installing: /home/aurora/RM25/src/install/livox_ros_driver2/include/livox_ros_driver2/livox_ros_driver2/msg/detail/dds_fastrtps
[12.047s] -- Installing: /home/aurora/RM25/src/install/livox_ros_driver2/lib/liblivox_ros_driver2__rosidl_typesupport_fastrtps_cpp.so
[12.047s] -- Set runtime path of "/home/aurora/RM25/src/install/livox_ros_driver2/lib/liblivox_ros_driver2__rosidl_typesupport_fastrtps_cpp.so" to ""
[12.047s] -- Up-to-date: /home/aurora/RM25/src/install/livox_ros_driver2/include/livox_ros_driver2/livox_ros_driver2
[12.047s] -- Up-to-date: /home/aurora/RM25/src/install/livox_ros_driver2/include/livox_ros_driver2/livox_ros_driver2/msg
[12.047s] -- Up-to-date: /home/aurora/RM25/src/install/livox_ros_driver2/include/livox_ros_driver2/livox_ros_driver2/msg/detail
[12.047s] -- Installing: /home/aurora/RM25/src/install/livox_ros_driver2/include/livox_ros_driver2/livox_ros_driver2/msg/detail/custom_point__rosidl_typesupport_introspection_cpp.hpp
[12.047s] -- Installing: /home/aurora/RM25/src/install/livox_ros_driver2/include/livox_ros_driver2/livox_ros_driver2/msg/detail/custom_point__type_support.cpp
[12.047s] -- Installing: /home/aurora/RM25/src/install/livox_ros_driver2/include/livox_ros_driver2/livox_ros_driver2/msg/detail/custom_msg__type_support.cpp
[12.047s] -- Installing: /home/aurora/RM25/src/install/livox_ros_driver2/include/livox_ros_driver2/livox_ros_driver2/msg/detail/custom_msg__rosidl_typesupport_introspection_cpp.hpp
[12.047s] -- Installing: /home/aurora/RM25/src/install/livox_ros_driver2/lib/liblivox_ros_driver2__rosidl_typesupport_introspection_cpp.so
[12.048s] -- Set runtime path of "/home/aurora/RM25/src/install/livox_ros_driver2/lib/liblivox_ros_driver2__rosidl_typesupport_introspection_cpp.so" to ""
[12.048s] -- Installing: /home/aurora/RM25/src/install/livox_ros_driver2/lib/liblivox_ros_driver2__rosidl_typesupport_cpp.so
[12.048s] -- Set runtime path of "/home/aurora/RM25/src/install/livox_ros_driver2/lib/liblivox_ros_driver2__rosidl_typesupport_cpp.so" to ""
[12.048s] -- Installing: /home/aurora/RM25/src/install/livox_ros_driver2/share/livox_ros_driver2/environment/pythonpath.sh
[12.048s] -- Installing: /home/aurora/RM25/src/install/livox_ros_driver2/share/livox_ros_driver2/environment/pythonpath.dsv
[12.048s] -- Installing: /home/aurora/RM25/src/install/livox_ros_driver2/local/lib/python3.10/dist-packages/livox_ros_driver2-1.0.0-py3.10.egg-info
[12.048s] -- Installing: /home/aurora/RM25/src/install/livox_ros_driver2/local/lib/python3.10/dist-packages/livox_ros_driver2-1.0.0-py3.10.egg-info/PKG-INFO
[12.048s] -- Installing: /home/aurora/RM25/src/install/livox_ros_driver2/local/lib/python3.10/dist-packages/livox_ros_driver2-1.0.0-py3.10.egg-info/dependency_links.txt
[12.048s] -- Installing: /home/aurora/RM25/src/install/livox_ros_driver2/local/lib/python3.10/dist-packages/livox_ros_driver2-1.0.0-py3.10.egg-info/top_level.txt
[12.048s] -- Installing: /home/aurora/RM25/src/install/livox_ros_driver2/local/lib/python3.10/dist-packages/livox_ros_driver2-1.0.0-py3.10.egg-info/SOURCES.txt
[12.048s] -- Installing: /home/aurora/RM25/src/install/livox_ros_driver2/local/lib/python3.10/dist-packages/livox_ros_driver2
[12.048s] -- Installing: /home/aurora/RM25/src/install/livox_ros_driver2/local/lib/python3.10/dist-packages/livox_ros_driver2/_livox_ros_driver2_s.ep.rosidl_typesupport_introspection_c.c
[12.048s] -- Installing: /home/aurora/RM25/src/install/livox_ros_driver2/local/lib/python3.10/dist-packages/livox_ros_driver2/livox_ros_driver2_s__rosidl_typesupport_introspection_c.cpython-310-x86_64-linux-gnu.so
[12.048s] -- Installing: /home/aurora/RM25/src/install/livox_ros_driver2/local/lib/python3.10/dist-packages/livox_ros_driver2/livox_ros_driver2_s__rosidl_typesupport_c.cpython-310-x86_64-linux-gnu.so
[12.048s] -- Installing: /home/aurora/RM25/src/install/livox_ros_driver2/local/lib/python3.10/dist-packages/livox_ros_driver2/msg
[12.048s] -- Installing: /home/aurora/RM25/src/install/livox_ros_driver2/local/lib/python3.10/dist-packages/livox_ros_driver2/msg/_custom_msg.py
[12.048s] -- Installing: /home/aurora/RM25/src/install/livox_ros_driver2/local/lib/python3.10/dist-packages/livox_ros_driver2/msg/_custom_point_s.c
[12.048s] -- Installing: /home/aurora/RM25/src/install/livox_ros_driver2/local/lib/python3.10/dist-packages/livox_ros_driver2/msg/_custom_point.py
[12.048s] -- Installing: /home/aurora/RM25/src/install/livox_ros_driver2/local/lib/python3.10/dist-packages/livox_ros_driver2/msg/__init__.py
[12.048s] -- Installing: /home/aurora/RM25/src/install/livox_ros_driver2/local/lib/python3.10/dist-packages/livox_ros_driver2/msg/_custom_msg_s.c
[12.049s] -- Installing: /home/aurora/RM25/src/install/livox_ros_driver2/local/lib/python3.10/dist-packages/livox_ros_driver2/_livox_ros_driver2_s.ep.rosidl_typesupport_c.c
[12.049s] -- Installing: /home/aurora/RM25/src/install/livox_ros_driver2/local/lib/python3.10/dist-packages/livox_ros_driver2/__init__.py
[12.049s] -- Installing: /home/aurora/RM25/src/install/livox_ros_driver2/local/lib/python3.10/dist-packages/livox_ros_driver2/livox_ros_driver2_s__rosidl_typesupport_fastrtps_c.cpython-310-x86_64-linux-gnu.so
[12.049s] -- Installing: /home/aurora/RM25/src/install/livox_ros_driver2/local/lib/python3.10/dist-packages/livox_ros_driver2/_livox_ros_driver2_s.ep.rosidl_typesupport_fastrtps_c.c
[12.049s] -- Installing: /home/aurora/RM25/src/install/livox_ros_driver2/local/lib/python3.10/dist-packages/livox_ros_driver2/liblivox_interfaces2__rosidl_generator_py.so
[12.077s] Listing '/home/aurora/RM25/src/install/livox_ros_driver2/local/lib/python3.10/dist-packages/livox_ros_driver2'...
[12.077s] Compiling '/home/aurora/RM25/src/install/livox_ros_driver2/local/lib/python3.10/dist-packages/livox_ros_driver2/__init__.py'...
[12.077s] Listing '/home/aurora/RM25/src/install/livox_ros_driver2/local/lib/python3.10/dist-packages/livox_ros_driver2/msg'...
[12.077s] Compiling '/home/aurora/RM25/src/install/livox_ros_driver2/local/lib/python3.10/dist-packages/livox_ros_driver2/msg/__init__.py'...
[12.077s] Compiling '/home/aurora/RM25/src/install/livox_ros_driver2/local/lib/python3.10/dist-packages/livox_ros_driver2/msg/_custom_msg.py'...
[12.077s] Compiling '/home/aurora/RM25/src/install/livox_ros_driver2/local/lib/python3.10/dist-packages/livox_ros_driver2/msg/_custom_point.py'...
[12.080s] -- Installing: /home/aurora/RM25/src/install/livox_ros_driver2/local/lib/python3.10/dist-packages/livox_ros_driver2/livox_ros_driver2_s__rosidl_typesupport_fastrtps_c.cpython-310-x86_64-linux-gnu.so
[12.080s] -- Set runtime path of "/home/aurora/RM25/src/install/livox_ros_driver2/local/lib/python3.10/dist-packages/livox_ros_driver2/livox_ros_driver2_s__rosidl_typesupport_fastrtps_c.cpython-310-x86_64-linux-gnu.so" to ""
[12.080s] -- Installing: /home/aurora/RM25/src/install/livox_ros_driver2/local/lib/python3.10/dist-packages/livox_ros_driver2/livox_ros_driver2_s__rosidl_typesupport_introspection_c.cpython-310-x86_64-linux-gnu.so
[12.080s] -- Set runtime path of "/home/aurora/RM25/src/install/livox_ros_driver2/local/lib/python3.10/dist-packages/livox_ros_driver2/livox_ros_driver2_s__rosidl_typesupport_introspection_c.cpython-310-x86_64-linux-gnu.so" to ""
[12.080s] -- Installing: /home/aurora/RM25/src/install/livox_ros_driver2/local/lib/python3.10/dist-packages/livox_ros_driver2/livox_ros_driver2_s__rosidl_typesupport_c.cpython-310-x86_64-linux-gnu.so
[12.080s] -- Set runtime path of "/home/aurora/RM25/src/install/livox_ros_driver2/local/lib/python3.10/dist-packages/livox_ros_driver2/livox_ros_driver2_s__rosidl_typesupport_c.cpython-310-x86_64-linux-gnu.so" to ""
[12.080s] -- Installing: /home/aurora/RM25/src/install/livox_ros_driver2/lib/liblivox_interfaces2__rosidl_generator_py.so
[12.081s] -- Set runtime path of "/home/aurora/RM25/src/install/livox_ros_driver2/lib/liblivox_interfaces2__rosidl_generator_py.so" to ""
[12.081s] -- Installing: /home/aurora/RM25/src/install/livox_ros_driver2/share/livox_ros_driver2/msg/CustomPoint.idl
[12.081s] -- Installing: /home/aurora/RM25/src/install/livox_ros_driver2/share/livox_ros_driver2/msg/CustomMsg.idl
[12.081s] -- Installing: /home/aurora/RM25/src/install/livox_ros_driver2/share/livox_ros_driver2/msg/CustomPoint.msg
[12.081s] -- Installing: /home/aurora/RM25/src/install/livox_ros_driver2/share/livox_ros_driver2/msg/CustomMsg.msg
[12.081s] -- Installing: /home/aurora/RM25/src/install/livox_ros_driver2/lib/livox_ros_driver2/livox_ros_driver2_node
[12.081s] -- Set runtime path of "/home/aurora/RM25/src/install/livox_ros_driver2/lib/livox_ros_driver2/livox_ros_driver2_node" to ""
[12.081s] -- Installing: /home/aurora/RM25/src/install/livox_ros_driver2/lib/liblivox_ros_driver2.so
[12.083s] -- Set runtime path of "/home/aurora/RM25/src/install/livox_ros_driver2/lib/liblivox_ros_driver2.so" to ""
[12.083s] -- Installing: /home/aurora/RM25/src/install/livox_ros_driver2/share/livox_ros_driver2/config
[12.083s] -- Installing: /home/aurora/RM25/src/install/livox_ros_driver2/share/livox_ros_driver2/config/display_point_cloud_ROS2.rviz
[12.083s] -- Installing: /home/aurora/RM25/src/install/livox_ros_driver2/share/livox_ros_driver2/config/HAP_config.json
[12.083s] -- Installing: /home/aurora/RM25/src/install/livox_ros_driver2/share/livox_ros_driver2/config/display_point_cloud_ROS1.rviz
[12.083s] -- Installing: /home/aurora/RM25/src/install/livox_ros_driver2/share/livox_ros_driver2/config/MID360_config.json
[12.083s] -- Installing: /home/aurora/RM25/src/install/livox_ros_driver2/share/livox_ros_driver2/config/mixed_HAP_MID360_config.json
[12.083s] -- Installing: /home/aurora/RM25/src/install/livox_ros_driver2/share/livox_ros_driver2/launch_ROS2
[12.083s] -- Installing: /home/aurora/RM25/src/install/livox_ros_driver2/share/livox_ros_driver2/launch_ROS2/msg_MID360_launch.py
[12.083s] -- Installing: /home/aurora/RM25/src/install/livox_ros_driver2/share/livox_ros_driver2/launch_ROS2/rviz_HAP_launch.py
[12.083s] -- Installing: /home/aurora/RM25/src/install/livox_ros_driver2/share/livox_ros_driver2/launch_ROS2/msg_HAP_launch.py
[12.083s] -- Installing: /home/aurora/RM25/src/install/livox_ros_driver2/share/livox_ros_driver2/launch_ROS2/rviz_mixed.py
[12.083s] -- Installing: /home/aurora/RM25/src/install/livox_ros_driver2/share/livox_ros_driver2/launch_ROS2/rviz_MID360_launch.py
[12.084s] -- Installing: /home/aurora/RM25/src/install/livox_ros_driver2/share/ament_index/resource_index/package_run_dependencies/livox_ros_driver2
[12.084s] -- Installing: /home/aurora/RM25/src/install/livox_ros_driver2/share/ament_index/resource_index/parent_prefix_path/livox_ros_driver2
[12.084s] -- Installing: /home/aurora/RM25/src/install/livox_ros_driver2/share/livox_ros_driver2/environment/ament_prefix_path.sh
[12.084s] -- Installing: /home/aurora/RM25/src/install/livox_ros_driver2/share/livox_ros_driver2/environment/ament_prefix_path.dsv
[12.084s] -- Installing: /home/aurora/RM25/src/install/livox_ros_driver2/share/livox_ros_driver2/environment/path.sh
[12.084s] -- Installing: /home/aurora/RM25/src/install/livox_ros_driver2/share/livox_ros_driver2/environment/path.dsv
[12.084s] -- Installing: /home/aurora/RM25/src/install/livox_ros_driver2/share/livox_ros_driver2/local_setup.bash
[12.084s] -- Installing: /home/aurora/RM25/src/install/livox_ros_driver2/share/livox_ros_driver2/local_setup.sh
[12.084s] -- Installing: /home/aurora/RM25/src/install/livox_ros_driver2/share/livox_ros_driver2/local_setup.zsh
[12.084s] -- Installing: /home/aurora/RM25/src/install/livox_ros_driver2/share/livox_ros_driver2/local_setup.dsv
[12.084s] -- Installing: /home/aurora/RM25/src/install/livox_ros_driver2/share/livox_ros_driver2/package.dsv
[12.084s] -- Installing: /home/aurora/RM25/src/install/livox_ros_driver2/share/ament_index/resource_index/packages/livox_ros_driver2
[12.084s] -- Installing: /home/aurora/RM25/src/install/livox_ros_driver2/share/livox_ros_driver2/cmake/export_livox_interfaces2__rosidl_generator_cExport.cmake
[12.084s] -- Installing: /home/aurora/RM25/src/install/livox_ros_driver2/share/livox_ros_driver2/cmake/export_livox_interfaces2__rosidl_generator_cExport-noconfig.cmake
[12.084s] -- Installing: /home/aurora/RM25/src/install/livox_ros_driver2/share/livox_ros_driver2/cmake/export_livox_interfaces2__rosidl_typesupport_fastrtps_cExport.cmake
[12.084s] -- Installing: /home/aurora/RM25/src/install/livox_ros_driver2/share/livox_ros_driver2/cmake/export_livox_interfaces2__rosidl_typesupport_fastrtps_cExport-noconfig.cmake
[12.084s] -- Installing: /home/aurora/RM25/src/install/livox_ros_driver2/share/livox_ros_driver2/cmake/livox_interfaces2__rosidl_typesupport_introspection_cExport.cmake
[12.084s] -- Installing: /home/aurora/RM25/src/install/livox_ros_driver2/share/livox_ros_driver2/cmake/livox_interfaces2__rosidl_typesupport_introspection_cExport-noconfig.cmake
[12.085s] -- Installing: /home/aurora/RM25/src/install/livox_ros_driver2/share/livox_ros_driver2/cmake/livox_interfaces2__rosidl_typesupport_cExport.cmake
[12.085s] -- Installing: /home/aurora/RM25/src/install/livox_ros_driver2/share/livox_ros_driver2/cmake/livox_interfaces2__rosidl_typesupport_cExport-noconfig.cmake
[12.085s] -- Installing: /home/aurora/RM25/src/install/livox_ros_driver2/share/livox_ros_driver2/cmake/export_livox_interfaces2__rosidl_generator_cppExport.cmake
[12.085s] -- Installing: /home/aurora/RM25/src/install/livox_ros_driver2/share/livox_ros_driver2/cmake/export_livox_interfaces2__rosidl_typesupport_fastrtps_cppExport.cmake
[12.085s] -- Installing: /home/aurora/RM25/src/install/livox_ros_driver2/share/livox_ros_driver2/cmake/export_livox_interfaces2__rosidl_typesupport_fastrtps_cppExport-noconfig.cmake
[12.085s] -- Installing: /home/aurora/RM25/src/install/livox_ros_driver2/share/livox_ros_driver2/cmake/livox_interfaces2__rosidl_typesupport_introspection_cppExport.cmake
[12.085s] -- Installing: /home/aurora/RM25/src/install/livox_ros_driver2/share/livox_ros_driver2/cmake/livox_interfaces2__rosidl_typesupport_introspection_cppExport-noconfig.cmake
[12.085s] -- Installing: /home/aurora/RM25/src/install/livox_ros_driver2/share/livox_ros_driver2/cmake/livox_interfaces2__rosidl_typesupport_cppExport.cmake
[12.085s] -- Installing: /home/aurora/RM25/src/install/livox_ros_driver2/share/livox_ros_driver2/cmake/livox_interfaces2__rosidl_typesupport_cppExport-noconfig.cmake
[12.085s] -- Installing: /home/aurora/RM25/src/install/livox_ros_driver2/share/livox_ros_driver2/cmake/export_livox_interfaces2__rosidl_generator_pyExport.cmake
[12.085s] -- Installing: /home/aurora/RM25/src/install/livox_ros_driver2/share/livox_ros_driver2/cmake/export_livox_interfaces2__rosidl_generator_pyExport-noconfig.cmake
[12.085s] -- Installing: /home/aurora/RM25/src/install/livox_ros_driver2/share/ament_index/resource_index/rclcpp_components/livox_ros_driver2
[12.085s] -- Installing: /home/aurora/RM25/src/install/livox_ros_driver2/share/livox_ros_driver2/cmake/rosidl_cmake-extras.cmake
[12.085s] -- Installing: /home/aurora/RM25/src/install/livox_ros_driver2/share/livox_ros_driver2/cmake/ament_cmake_export_dependencies-extras.cmake
[12.085s] -- Installing: /home/aurora/RM25/src/install/livox_ros_driver2/share/livox_ros_driver2/cmake/ament_cmake_export_include_directories-extras.cmake
[12.085s] -- Installing: /home/aurora/RM25/src/install/livox_ros_driver2/share/livox_ros_driver2/cmake/ament_cmake_export_libraries-extras.cmake
[12.085s] -- Installing: /home/aurora/RM25/src/install/livox_ros_driver2/share/livox_ros_driver2/cmake/ament_cmake_export_targets-extras.cmake
[12.085s] -- Installing: /home/aurora/RM25/src/install/livox_ros_driver2/share/livox_ros_driver2/cmake/rosidl_cmake_export_typesupport_targets-extras.cmake
[12.085s] -- Installing: /home/aurora/RM25/src/install/livox_ros_driver2/share/livox_ros_driver2/cmake/rosidl_cmake_export_typesupport_libraries-extras.cmake
[12.085s] -- Installing: /home/aurora/RM25/src/install/livox_ros_driver2/share/livox_ros_driver2/cmake/livox_ros_driver2Config.cmake
[12.086s] -- Installing: /home/aurora/RM25/src/install/livox_ros_driver2/share/livox_ros_driver2/cmake/livox_ros_driver2Config-version.cmake
[12.086s] -- Installing: /home/aurora/RM25/src/install/livox_ros_driver2/share/livox_ros_driver2/package.xml
[12.087s] Invoked command in '/home/aurora/RM25/src/build/livox_ros_driver2' returned '0': CMAKE_PREFIX_PATH=${CMAKE_PREFIX_PATH}:/opt/ros/humble /usr/bin/cmake --install /home/aurora/RM25/src/build/livox_ros_driver2
