[1.143s] Invoking command in '/home/aurora/RM25/build/nav2_bt_navigator': CMAKE_PREFIX_PATH=/home/aurora/RM25/install/nav2_core:/home/aurora/RM25/install/nav2_costmap_2d:/home/aurora/RM25/install/nav2_map_server:/home/aurora/RM25/install/nav2_lifecycle_manager:/home/aurora/RM25/install/nav2_behavior_tree:/home/aurora/RM25/install/nav2_util:/home/aurora/RM25/install/nav2_voxel_grid:/home/aurora/RM25/install/nav2_msgs:/home/aurora/RM25/install/nav2_common:/home/aurora/RM25/install/nav2_constrained_smoother:/home/aurora/RM25/install/rm_robot_description:/home/aurora/RM25/install/opennav_docking_core:/home/aurora/RM25/install/nav_2d_utils:/home/aurora/RM25/install/dwb_msgs:/home/aurora/RM25/install/nav_2d_msgs:/home/aurora/RM25/install/costmap_queue:/home/aurora/RM25/install/nav2_velocity_smoother:/home/aurora/RM25/install/nav2_rviz_plugins:/home/aurora/RM25/install/nav2_amcl:/home/aurora/ws_helloworld/install/pkg01_helloworld_cpp:/home/aurora/ws_helloworld/install/learning_tf2_cpp:/home/aurora/RM25/install/nav2_simple_commander:/home/aurora/RM25/install/nav2_loopback_sim:/home/aurora/ws_helloworld/install/pkg02_helloworld_py:/opt/ros/humble LD_LIBRARY_PATH=/home/aurora/RM25/install/nav2_costmap_2d/lib:/home/aurora/RM25/install/nav2_map_server/lib:/home/aurora/RM25/install/nav2_lifecycle_manager/lib:/home/aurora/RM25/install/nav2_behavior_tree/lib:/home/aurora/RM25/install/nav2_util/lib:/home/aurora/RM25/install/nav2_voxel_grid/lib:/home/aurora/RM25/install/nav2_msgs/lib:/home/aurora/RM25/install/nav2_constrained_smoother/lib:/home/aurora/RM25/install/nav_2d_utils/lib:/home/aurora/RM25/install/dwb_msgs/lib:/home/aurora/RM25/install/nav_2d_msgs/lib:/home/aurora/RM25/install/costmap_queue/lib:/home/aurora/RM25/install/nav2_velocity_smoother/lib:/home/aurora/RM25/install/nav2_rviz_plugins/lib:/home/aurora/RM25/install/nav2_amcl/lib:/usr/lib/x86_64-linux-gnu/gazebo-11/plugins:/opt/ros/humble/opt/rviz_ogre_vendor/lib:/opt/ros/humble/lib/x86_64-linux-gnu:/opt/ros/humble/lib /usr/bin/cmake --build /home/aurora/RM25/build/nav2_bt_navigator -- -j20 -l20
[1.187s] -- Found ament_cmake: 1.3.10 (/opt/ros/humble/share/ament_cmake/cmake)
[1.283s] -- Override CMake install command with custom implementation using symlinks instead of copying resources
[1.286s] -- Found nav2_common: 1.1.16 (/opt/ros/humble/share/nav2_common/cmake)
[1.287s] -- Found rclcpp: 16.0.10 (/opt/ros/humble/share/rclcpp/cmake)
[1.519s] -- Found rosidl_generator_c: 3.1.5 (/opt/ros/humble/share/rosidl_generator_c/cmake)
[1.521s] -- Found rosidl_adapter: 3.1.5 (/opt/ros/humble/share/rosidl_adapter/cmake)
[1.524s] -- Found rosidl_generator_cpp: 3.1.5 (/opt/ros/humble/share/rosidl_generator_cpp/cmake)
[1.531s] -- Using all available rosidl_typesupport_c: rosidl_typesupport_fastrtps_c;rosidl_typesupport_introspection_c
[1.539s] -- Using all available rosidl_typesupport_cpp: rosidl_typesupport_fastrtps_cpp;rosidl_typesupport_introspection_cpp
[1.558s] -- Found rmw_implementation_cmake: 6.1.2 (/opt/ros/humble/share/rmw_implementation_cmake/cmake)
[1.559s] -- Found rmw_fastrtps_cpp: 6.2.7 (/opt/ros/humble/share/rmw_fastrtps_cpp/cmake)
[9.846s] -- Using RMW implementation 'rmw_fastrtps_cpp' as default
[9.876s] -- Found rclcpp_action: 16.0.10 (/opt/ros/humble/share/rclcpp_action/cmake)
[9.894s] -- Found rclcpp_lifecycle: 16.0.10 (/opt/ros/humble/share/rclcpp_lifecycle/cmake)
[9.903s] -- Found rclcpp_components: 16.0.10 (/opt/ros/humble/share/rclcpp_components/cmake)
[9.913s] -- Found geometry_msgs: 4.2.4 (/opt/ros/humble/share/geometry_msgs/cmake)
[9.920s] -- Found nav2_behavior_tree: 1.1.17 (/home/aurora/RM25/install/nav2_behavior_tree/share/nav2_behavior_tree/cmake)
[9.981s] -- Found eigen3_cmake_module: 0.1.1 (/opt/ros/humble/share/eigen3_cmake_module/cmake)
[9.982s] -- Ensuring Eigen3 include directory is part of orocos-kdl CMake target
[10.012s] -- Found nav2_core: 1.1.17 (/home/aurora/RM25/install/nav2_core/share/nav2_core/cmake)
[13.099s] -- Found ament_lint_auto: 0.12.11 (/opt/ros/humble/share/ament_lint_auto/cmake)
[13.156s] -- Added test 'copyright' to check source files copyright and LICENSE
[13.158s] -- Added test 'cppcheck' to perform static code analysis on C / C++ code
[13.158s] -- Configured cppcheck include dirs: /home/aurora/RM25/src/rm_navigation2/nav2_bt_navigator/include
[13.158s] -- Configured cppcheck exclude dirs and/or files: 
[13.159s] -- Added test 'cpplint' to check C / C++ code against the Google style
[13.159s] -- Configured cpplint exclude dirs and/or files: 
[13.160s] -- Added test 'lint_cmake' to check CMake code style
[13.160s] -- Added test 'uncrustify' to check C / C++ code style
[13.160s] -- Configured uncrustify additional arguments: 
[13.161s] -- Added test 'xmllint' to check XML markup files
[13.163s] -- Configuring done
[13.258s] -- Generating done
[13.259s] -- Build files have been written to: /home/aurora/RM25/build/nav2_bt_navigator
[13.283s] [35m[1mConsolidate compiler generated dependencies of target bt_navigator_core[0m
[13.299s] [ 16%] [32m[1mLinking CXX shared library libbt_navigator_core.so[0m
[13.893s] [ 66%] Built target bt_navigator_core
[13.905s] [35m[1mConsolidate compiler generated dependencies of target bt_navigator[0m
[13.924s] [ 83%] [32m[1mLinking CXX executable bt_navigator[0m
[14.648s] [100%] Built target bt_navigator
[14.659s] Invoked command in '/home/aurora/RM25/build/nav2_bt_navigator' returned '0': CMAKE_PREFIX_PATH=/home/aurora/RM25/install/nav2_core:/home/aurora/RM25/install/nav2_costmap_2d:/home/aurora/RM25/install/nav2_map_server:/home/aurora/RM25/install/nav2_lifecycle_manager:/home/aurora/RM25/install/nav2_behavior_tree:/home/aurora/RM25/install/nav2_util:/home/aurora/RM25/install/nav2_voxel_grid:/home/aurora/RM25/install/nav2_msgs:/home/aurora/RM25/install/nav2_common:/home/aurora/RM25/install/nav2_constrained_smoother:/home/aurora/RM25/install/rm_robot_description:/home/aurora/RM25/install/opennav_docking_core:/home/aurora/RM25/install/nav_2d_utils:/home/aurora/RM25/install/dwb_msgs:/home/aurora/RM25/install/nav_2d_msgs:/home/aurora/RM25/install/costmap_queue:/home/aurora/RM25/install/nav2_velocity_smoother:/home/aurora/RM25/install/nav2_rviz_plugins:/home/aurora/RM25/install/nav2_amcl:/home/aurora/ws_helloworld/install/pkg01_helloworld_cpp:/home/aurora/ws_helloworld/install/learning_tf2_cpp:/home/aurora/RM25/install/nav2_simple_commander:/home/aurora/RM25/install/nav2_loopback_sim:/home/aurora/ws_helloworld/install/pkg02_helloworld_py:/opt/ros/humble LD_LIBRARY_PATH=/home/aurora/RM25/install/nav2_costmap_2d/lib:/home/aurora/RM25/install/nav2_map_server/lib:/home/aurora/RM25/install/nav2_lifecycle_manager/lib:/home/aurora/RM25/install/nav2_behavior_tree/lib:/home/aurora/RM25/install/nav2_util/lib:/home/aurora/RM25/install/nav2_voxel_grid/lib:/home/aurora/RM25/install/nav2_msgs/lib:/home/aurora/RM25/install/nav2_constrained_smoother/lib:/home/aurora/RM25/install/nav_2d_utils/lib:/home/aurora/RM25/install/dwb_msgs/lib:/home/aurora/RM25/install/nav_2d_msgs/lib:/home/aurora/RM25/install/costmap_queue/lib:/home/aurora/RM25/install/nav2_velocity_smoother/lib:/home/aurora/RM25/install/nav2_rviz_plugins/lib:/home/aurora/RM25/install/nav2_amcl/lib:/usr/lib/x86_64-linux-gnu/gazebo-11/plugins:/opt/ros/humble/opt/rviz_ogre_vendor/lib:/opt/ros/humble/lib/x86_64-linux-gnu:/opt/ros/humble/lib /usr/bin/cmake --build /home/aurora/RM25/build/nav2_bt_navigator -- -j20 -l20
[14.709s] Invoking command in '/home/aurora/RM25/build/nav2_bt_navigator': CMAKE_PREFIX_PATH=/home/aurora/RM25/install/nav2_core:/home/aurora/RM25/install/nav2_costmap_2d:/home/aurora/RM25/install/nav2_map_server:/home/aurora/RM25/install/nav2_lifecycle_manager:/home/aurora/RM25/install/nav2_behavior_tree:/home/aurora/RM25/install/nav2_util:/home/aurora/RM25/install/nav2_voxel_grid:/home/aurora/RM25/install/nav2_msgs:/home/aurora/RM25/install/nav2_common:/home/aurora/RM25/install/nav2_constrained_smoother:/home/aurora/RM25/install/rm_robot_description:/home/aurora/RM25/install/opennav_docking_core:/home/aurora/RM25/install/nav_2d_utils:/home/aurora/RM25/install/dwb_msgs:/home/aurora/RM25/install/nav_2d_msgs:/home/aurora/RM25/install/costmap_queue:/home/aurora/RM25/install/nav2_velocity_smoother:/home/aurora/RM25/install/nav2_rviz_plugins:/home/aurora/RM25/install/nav2_amcl:/home/aurora/ws_helloworld/install/pkg01_helloworld_cpp:/home/aurora/ws_helloworld/install/learning_tf2_cpp:/home/aurora/RM25/install/nav2_simple_commander:/home/aurora/RM25/install/nav2_loopback_sim:/home/aurora/ws_helloworld/install/pkg02_helloworld_py:/opt/ros/humble LD_LIBRARY_PATH=/home/aurora/RM25/install/nav2_costmap_2d/lib:/home/aurora/RM25/install/nav2_map_server/lib:/home/aurora/RM25/install/nav2_lifecycle_manager/lib:/home/aurora/RM25/install/nav2_behavior_tree/lib:/home/aurora/RM25/install/nav2_util/lib:/home/aurora/RM25/install/nav2_voxel_grid/lib:/home/aurora/RM25/install/nav2_msgs/lib:/home/aurora/RM25/install/nav2_constrained_smoother/lib:/home/aurora/RM25/install/nav_2d_utils/lib:/home/aurora/RM25/install/dwb_msgs/lib:/home/aurora/RM25/install/nav_2d_msgs/lib:/home/aurora/RM25/install/costmap_queue/lib:/home/aurora/RM25/install/nav2_velocity_smoother/lib:/home/aurora/RM25/install/nav2_rviz_plugins/lib:/home/aurora/RM25/install/nav2_amcl/lib:/usr/lib/x86_64-linux-gnu/gazebo-11/plugins:/opt/ros/humble/opt/rviz_ogre_vendor/lib:/opt/ros/humble/lib/x86_64-linux-gnu:/opt/ros/humble/lib /usr/bin/cmake --install /home/aurora/RM25/build/nav2_bt_navigator
[14.717s] -- Install configuration: "Release"
[14.718s] -- Execute custom install script
[14.719s] -- Up-to-date symlink: /home/aurora/RM25/install/nav2_bt_navigator/lib/libbt_navigator_core.so
[14.719s] -- Up-to-date symlink: /home/aurora/RM25/install/nav2_bt_navigator/lib/nav2_bt_navigator/bt_navigator
[14.721s] -- Up-to-date symlink: /home/aurora/RM25/install/nav2_bt_navigator/include//nav2_bt_navigator/bt_navigator.hpp
[14.721s] -- Up-to-date symlink: /home/aurora/RM25/install/nav2_bt_navigator/include//nav2_bt_navigator/navigator.hpp
[14.722s] -- Up-to-date symlink: /home/aurora/RM25/install/nav2_bt_navigator/include//nav2_bt_navigator/navigators/navigate_through_poses.hpp
[14.722s] -- Up-to-date symlink: /home/aurora/RM25/install/nav2_bt_navigator/include//nav2_bt_navigator/navigators/navigate_to_pose.hpp
[14.724s] -- Up-to-date symlink: /home/aurora/RM25/install/nav2_bt_navigator/share/nav2_bt_navigator/behavior_trees/follow_point.xml
[14.724s] -- Up-to-date symlink: /home/aurora/RM25/install/nav2_bt_navigator/share/nav2_bt_navigator/behavior_trees/nav_to_pose_with_consistent_replanning_and_if_path_becomes_invalid.xml
[14.725s] -- Up-to-date symlink: /home/aurora/RM25/install/nav2_bt_navigator/share/nav2_bt_navigator/behavior_trees/navigate_through_poses_w_replanning_and_recovery.xml
[14.725s] -- Up-to-date symlink: /home/aurora/RM25/install/nav2_bt_navigator/share/nav2_bt_navigator/behavior_trees/navigate_to_pose_w_replanning_and_recovery.xml
[14.725s] -- Up-to-date symlink: /home/aurora/RM25/install/nav2_bt_navigator/share/nav2_bt_navigator/behavior_trees/navigate_to_pose_w_replanning_goal_patience_and_recovery.xml
[14.726s] -- Up-to-date symlink: /home/aurora/RM25/install/nav2_bt_navigator/share/nav2_bt_navigator/behavior_trees/navigate_w_recovery_and_replanning_only_if_path_becomes_invalid.xml
[14.726s] -- Up-to-date symlink: /home/aurora/RM25/install/nav2_bt_navigator/share/nav2_bt_navigator/behavior_trees/navigate_w_replanning_distance.xml
[14.726s] -- Up-to-date symlink: /home/aurora/RM25/install/nav2_bt_navigator/share/nav2_bt_navigator/behavior_trees/navigate_w_replanning_only_if_goal_is_updated.xml
[14.727s] -- Up-to-date symlink: /home/aurora/RM25/install/nav2_bt_navigator/share/nav2_bt_navigator/behavior_trees/navigate_w_replanning_only_if_path_becomes_invalid.xml
[14.727s] -- Up-to-date symlink: /home/aurora/RM25/install/nav2_bt_navigator/share/nav2_bt_navigator/behavior_trees/navigate_w_replanning_speed.xml
[14.728s] -- Up-to-date symlink: /home/aurora/RM25/install/nav2_bt_navigator/share/nav2_bt_navigator/behavior_trees/navigate_w_replanning_time.xml
[14.728s] -- Up-to-date symlink: /home/aurora/RM25/install/nav2_bt_navigator/share/nav2_bt_navigator/behavior_trees/odometry_calibration.xml
[14.729s] -- Up-to-date symlink: /home/aurora/RM25/install/nav2_bt_navigator/share/nav2_bt_navigator/environment/library_path.sh
[14.730s] -- Up-to-date symlink: /home/aurora/RM25/install/nav2_bt_navigator/share/nav2_bt_navigator/environment/library_path.dsv
[14.730s] -- Up-to-date symlink: /home/aurora/RM25/install/nav2_bt_navigator/share/ament_index/resource_index/package_run_dependencies/nav2_bt_navigator
[14.731s] -- Up-to-date symlink: /home/aurora/RM25/install/nav2_bt_navigator/share/ament_index/resource_index/parent_prefix_path/nav2_bt_navigator
[14.731s] -- Up-to-date symlink: /home/aurora/RM25/install/nav2_bt_navigator/share/nav2_bt_navigator/environment/ament_prefix_path.sh
[14.732s] -- Up-to-date symlink: /home/aurora/RM25/install/nav2_bt_navigator/share/nav2_bt_navigator/environment/ament_prefix_path.dsv
[14.732s] -- Up-to-date symlink: /home/aurora/RM25/install/nav2_bt_navigator/share/nav2_bt_navigator/environment/path.sh
[14.733s] -- Up-to-date symlink: /home/aurora/RM25/install/nav2_bt_navigator/share/nav2_bt_navigator/environment/path.dsv
[14.733s] -- Up-to-date symlink: /home/aurora/RM25/install/nav2_bt_navigator/share/nav2_bt_navigator/local_setup.bash
[14.734s] -- Up-to-date symlink: /home/aurora/RM25/install/nav2_bt_navigator/share/nav2_bt_navigator/local_setup.sh
[14.734s] -- Up-to-date symlink: /home/aurora/RM25/install/nav2_bt_navigator/share/nav2_bt_navigator/local_setup.zsh
[14.735s] -- Up-to-date symlink: /home/aurora/RM25/install/nav2_bt_navigator/share/nav2_bt_navigator/local_setup.dsv
[14.735s] -- Symlinking: /home/aurora/RM25/install/nav2_bt_navigator/share/nav2_bt_navigator/package.dsv
[14.747s] -- Up-to-date symlink: /home/aurora/RM25/install/nav2_bt_navigator/share/ament_index/resource_index/packages/nav2_bt_navigator
[14.748s] -- Up-to-date symlink: /home/aurora/RM25/install/nav2_bt_navigator/share/ament_index/resource_index/rclcpp_components/nav2_bt_navigator
[14.748s] -- Up-to-date symlink: /home/aurora/RM25/install/nav2_bt_navigator/share/nav2_bt_navigator/cmake/ament_cmake_export_include_directories-extras.cmake
[14.749s] -- Up-to-date symlink: /home/aurora/RM25/install/nav2_bt_navigator/share/nav2_bt_navigator/cmake/ament_cmake_export_libraries-extras.cmake
[14.749s] -- Up-to-date symlink: /home/aurora/RM25/install/nav2_bt_navigator/share/nav2_bt_navigator/cmake/ament_cmake_export_dependencies-extras.cmake
[14.750s] -- Up-to-date symlink: /home/aurora/RM25/install/nav2_bt_navigator/share/nav2_bt_navigator/cmake/nav2_bt_navigatorConfig.cmake
[14.751s] -- Up-to-date symlink: /home/aurora/RM25/install/nav2_bt_navigator/share/nav2_bt_navigator/cmake/nav2_bt_navigatorConfig-version.cmake
[14.752s] -- Up-to-date symlink: /home/aurora/RM25/install/nav2_bt_navigator/share/nav2_bt_navigator/package.xml
[14.761s] Invoked command in '/home/aurora/RM25/build/nav2_bt_navigator' returned '0': CMAKE_PREFIX_PATH=/home/aurora/RM25/install/nav2_core:/home/aurora/RM25/install/nav2_costmap_2d:/home/aurora/RM25/install/nav2_map_server:/home/aurora/RM25/install/nav2_lifecycle_manager:/home/aurora/RM25/install/nav2_behavior_tree:/home/aurora/RM25/install/nav2_util:/home/aurora/RM25/install/nav2_voxel_grid:/home/aurora/RM25/install/nav2_msgs:/home/aurora/RM25/install/nav2_common:/home/aurora/RM25/install/nav2_constrained_smoother:/home/aurora/RM25/install/rm_robot_description:/home/aurora/RM25/install/opennav_docking_core:/home/aurora/RM25/install/nav_2d_utils:/home/aurora/RM25/install/dwb_msgs:/home/aurora/RM25/install/nav_2d_msgs:/home/aurora/RM25/install/costmap_queue:/home/aurora/RM25/install/nav2_velocity_smoother:/home/aurora/RM25/install/nav2_rviz_plugins:/home/aurora/RM25/install/nav2_amcl:/home/aurora/ws_helloworld/install/pkg01_helloworld_cpp:/home/aurora/ws_helloworld/install/learning_tf2_cpp:/home/aurora/RM25/install/nav2_simple_commander:/home/aurora/RM25/install/nav2_loopback_sim:/home/aurora/ws_helloworld/install/pkg02_helloworld_py:/opt/ros/humble LD_LIBRARY_PATH=/home/aurora/RM25/install/nav2_costmap_2d/lib:/home/aurora/RM25/install/nav2_map_server/lib:/home/aurora/RM25/install/nav2_lifecycle_manager/lib:/home/aurora/RM25/install/nav2_behavior_tree/lib:/home/aurora/RM25/install/nav2_util/lib:/home/aurora/RM25/install/nav2_voxel_grid/lib:/home/aurora/RM25/install/nav2_msgs/lib:/home/aurora/RM25/install/nav2_constrained_smoother/lib:/home/aurora/RM25/install/nav_2d_utils/lib:/home/aurora/RM25/install/dwb_msgs/lib:/home/aurora/RM25/install/nav_2d_msgs/lib:/home/aurora/RM25/install/costmap_queue/lib:/home/aurora/RM25/install/nav2_velocity_smoother/lib:/home/aurora/RM25/install/nav2_rviz_plugins/lib:/home/aurora/RM25/install/nav2_amcl/lib:/usr/lib/x86_64-linux-gnu/gazebo-11/plugins:/opt/ros/humble/opt/rviz_ogre_vendor/lib:/opt/ros/humble/lib/x86_64-linux-gnu:/opt/ros/humble/lib /usr/bin/cmake --install /home/aurora/RM25/build/nav2_bt_navigator
