[0.577s] Invoking command in '/home/aurora/RM25/build/nav_2d_utils': AMENT_PREFIX_PATH=/home/aurora/RM25/install/nav2_util:/home/aurora/RM25/install/nav_2d_msgs:/home/aurora/RM25/install/nav2_common:${AMENT_PREFIX_PATH} CMAKE_PREFIX_PATH=/home/aurora/RM25/install/nav2_util:/home/aurora/RM25/install/nav2_msgs:/home/aurora/RM25/install/nav_2d_msgs:/home/aurora/RM25/install/nav2_common:/home/aurora/RM25/install/rm_robot_description:/home/aurora/RM25/install/nav2_bringup:/home/aurora/RM25/install/four_omniwheel_robot:/home/aurora/ws_helloworld/install/pkg01_helloworld_cpp:/home/aurora/ws_helloworld/install/learning_tf2_cpp:/home/aurora/ws_helloworld/install/pkg02_helloworld_py:/opt/ros/humble LD_LIBRARY_PATH=/home/aurora/RM25/install/nav2_util/lib:/home/aurora/RM25/install/nav2_msgs/lib:/home/aurora/RM25/install/nav_2d_msgs/lib:/usr/lib/x86_64-linux-gnu/gazebo-11/plugins:/opt/ros/humble/opt/rviz_ogre_vendor/lib:/opt/ros/humble/lib/x86_64-linux-gnu:/opt/ros/humble/lib PYTHONPATH=/home/aurora/RM25/install/nav_2d_msgs/local/lib/python3.10/dist-packages:/home/aurora/RM25/install/nav2_common/local/lib/python3.10/dist-packages:${PYTHONPATH} /usr/bin/cmake --build /home/aurora/RM25/build/nav_2d_utils -- -j20 -l20
[0.635s] [ 12%] Built target gtest_main
[0.638s] [ 25%] Built target gtest
[0.641s] [ 37%] Built target path_ops
[0.641s] [ 50%] Built target conversions
[0.670s] [ 62%] Built target path_ops_tests
[0.675s] [ 75%] Built target tf_help
[0.678s] [ 87%] Built target 2d_utils_tests
[0.697s] [100%] Built target tf_help_tests
[0.717s] Invoked command in '/home/aurora/RM25/build/nav_2d_utils' returned '0': AMENT_PREFIX_PATH=/home/aurora/RM25/install/nav2_util:/home/aurora/RM25/install/nav_2d_msgs:/home/aurora/RM25/install/nav2_common:${AMENT_PREFIX_PATH} CMAKE_PREFIX_PATH=/home/aurora/RM25/install/nav2_util:/home/aurora/RM25/install/nav2_msgs:/home/aurora/RM25/install/nav_2d_msgs:/home/aurora/RM25/install/nav2_common:/home/aurora/RM25/install/rm_robot_description:/home/aurora/RM25/install/nav2_bringup:/home/aurora/RM25/install/four_omniwheel_robot:/home/aurora/ws_helloworld/install/pkg01_helloworld_cpp:/home/aurora/ws_helloworld/install/learning_tf2_cpp:/home/aurora/ws_helloworld/install/pkg02_helloworld_py:/opt/ros/humble LD_LIBRARY_PATH=/home/aurora/RM25/install/nav2_util/lib:/home/aurora/RM25/install/nav2_msgs/lib:/home/aurora/RM25/install/nav_2d_msgs/lib:/usr/lib/x86_64-linux-gnu/gazebo-11/plugins:/opt/ros/humble/opt/rviz_ogre_vendor/lib:/opt/ros/humble/lib/x86_64-linux-gnu:/opt/ros/humble/lib PYTHONPATH=/home/aurora/RM25/install/nav_2d_msgs/local/lib/python3.10/dist-packages:/home/aurora/RM25/install/nav2_common/local/lib/python3.10/dist-packages:${PYTHONPATH} /usr/bin/cmake --build /home/aurora/RM25/build/nav_2d_utils -- -j20 -l20
[0.742s] Invoking command in '/home/aurora/RM25/build/nav_2d_utils': AMENT_PREFIX_PATH=/home/aurora/RM25/install/nav2_util:/home/aurora/RM25/install/nav_2d_msgs:/home/aurora/RM25/install/nav2_common:${AMENT_PREFIX_PATH} CMAKE_PREFIX_PATH=/home/aurora/RM25/install/nav2_util:/home/aurora/RM25/install/nav2_msgs:/home/aurora/RM25/install/nav_2d_msgs:/home/aurora/RM25/install/nav2_common:/home/aurora/RM25/install/rm_robot_description:/home/aurora/RM25/install/nav2_bringup:/home/aurora/RM25/install/four_omniwheel_robot:/home/aurora/ws_helloworld/install/pkg01_helloworld_cpp:/home/aurora/ws_helloworld/install/learning_tf2_cpp:/home/aurora/ws_helloworld/install/pkg02_helloworld_py:/opt/ros/humble LD_LIBRARY_PATH=/home/aurora/RM25/install/nav2_util/lib:/home/aurora/RM25/install/nav2_msgs/lib:/home/aurora/RM25/install/nav_2d_msgs/lib:/usr/lib/x86_64-linux-gnu/gazebo-11/plugins:/opt/ros/humble/opt/rviz_ogre_vendor/lib:/opt/ros/humble/lib/x86_64-linux-gnu:/opt/ros/humble/lib PYTHONPATH=/home/aurora/RM25/install/nav_2d_msgs/local/lib/python3.10/dist-packages:/home/aurora/RM25/install/nav2_common/local/lib/python3.10/dist-packages:${PYTHONPATH} /usr/bin/cmake --install /home/aurora/RM25/build/nav_2d_utils
[0.746s] -- Install configuration: "Release"
[0.747s] -- Execute custom install script
[0.747s] -- Up-to-date symlink: /home/aurora/RM25/install/nav_2d_utils/lib/libconversions.so
[0.748s] -- Up-to-date symlink: /home/aurora/RM25/install/nav_2d_utils/lib/libpath_ops.so
[0.748s] -- Up-to-date symlink: /home/aurora/RM25/install/nav_2d_utils/lib/libtf_help.so
[0.749s] -- Up-to-date symlink: /home/aurora/RM25/install/nav_2d_utils/include//nav_2d_utils/conversions.hpp
[0.749s] -- Up-to-date symlink: /home/aurora/RM25/install/nav_2d_utils/include//nav_2d_utils/odom_subscriber.hpp
[0.749s] -- Up-to-date symlink: /home/aurora/RM25/install/nav_2d_utils/include//nav_2d_utils/parameters.hpp
[0.749s] -- Up-to-date symlink: /home/aurora/RM25/install/nav_2d_utils/include//nav_2d_utils/path_ops.hpp
[0.750s] -- Up-to-date symlink: /home/aurora/RM25/install/nav_2d_utils/include//nav_2d_utils/tf_help.hpp
[0.750s] -- Up-to-date symlink: /home/aurora/RM25/install/nav_2d_utils/share/nav_2d_utils/environment/library_path.sh
[0.750s] -- Up-to-date symlink: /home/aurora/RM25/install/nav_2d_utils/share/nav_2d_utils/environment/library_path.dsv
[0.750s] -- Up-to-date symlink: /home/aurora/RM25/install/nav_2d_utils/share/ament_index/resource_index/package_run_dependencies/nav_2d_utils
[0.750s] -- Up-to-date symlink: /home/aurora/RM25/install/nav_2d_utils/share/ament_index/resource_index/parent_prefix_path/nav_2d_utils
[0.751s] -- Up-to-date symlink: /home/aurora/RM25/install/nav_2d_utils/share/nav_2d_utils/environment/ament_prefix_path.sh
[0.751s] -- Up-to-date symlink: /home/aurora/RM25/install/nav_2d_utils/share/nav_2d_utils/environment/ament_prefix_path.dsv
[0.751s] -- Up-to-date symlink: /home/aurora/RM25/install/nav_2d_utils/share/nav_2d_utils/environment/path.sh
[0.751s] -- Up-to-date symlink: /home/aurora/RM25/install/nav_2d_utils/share/nav_2d_utils/environment/path.dsv
[0.751s] -- Up-to-date symlink: /home/aurora/RM25/install/nav_2d_utils/share/nav_2d_utils/local_setup.bash
[0.751s] -- Up-to-date symlink: /home/aurora/RM25/install/nav_2d_utils/share/nav_2d_utils/local_setup.sh
[0.751s] -- Up-to-date symlink: /home/aurora/RM25/install/nav_2d_utils/share/nav_2d_utils/local_setup.zsh
[0.751s] -- Up-to-date symlink: /home/aurora/RM25/install/nav_2d_utils/share/nav_2d_utils/local_setup.dsv
[0.751s] -- Symlinking: /home/aurora/RM25/install/nav_2d_utils/share/nav_2d_utils/package.dsv
[0.757s] -- Up-to-date symlink: /home/aurora/RM25/install/nav_2d_utils/share/ament_index/resource_index/packages/nav_2d_utils
[0.757s] -- Up-to-date symlink: /home/aurora/RM25/install/nav_2d_utils/share/nav_2d_utils/cmake/ament_cmake_export_include_directories-extras.cmake
[0.758s] -- Up-to-date symlink: /home/aurora/RM25/install/nav_2d_utils/share/nav_2d_utils/cmake/ament_cmake_export_libraries-extras.cmake
[0.758s] -- Up-to-date symlink: /home/aurora/RM25/install/nav_2d_utils/share/nav_2d_utils/cmake/ament_cmake_export_dependencies-extras.cmake
[0.758s] -- Up-to-date symlink: /home/aurora/RM25/install/nav_2d_utils/share/nav_2d_utils/cmake/nav_2d_utilsConfig.cmake
[0.758s] -- Up-to-date symlink: /home/aurora/RM25/install/nav_2d_utils/share/nav_2d_utils/cmake/nav_2d_utilsConfig-version.cmake
[0.758s] -- Up-to-date symlink: /home/aurora/RM25/install/nav_2d_utils/share/nav_2d_utils/package.xml
[0.760s] Invoked command in '/home/aurora/RM25/build/nav_2d_utils' returned '0': AMENT_PREFIX_PATH=/home/aurora/RM25/install/nav2_util:/home/aurora/RM25/install/nav_2d_msgs:/home/aurora/RM25/install/nav2_common:${AMENT_PREFIX_PATH} CMAKE_PREFIX_PATH=/home/aurora/RM25/install/nav2_util:/home/aurora/RM25/install/nav2_msgs:/home/aurora/RM25/install/nav_2d_msgs:/home/aurora/RM25/install/nav2_common:/home/aurora/RM25/install/rm_robot_description:/home/aurora/RM25/install/nav2_bringup:/home/aurora/RM25/install/four_omniwheel_robot:/home/aurora/ws_helloworld/install/pkg01_helloworld_cpp:/home/aurora/ws_helloworld/install/learning_tf2_cpp:/home/aurora/ws_helloworld/install/pkg02_helloworld_py:/opt/ros/humble LD_LIBRARY_PATH=/home/aurora/RM25/install/nav2_util/lib:/home/aurora/RM25/install/nav2_msgs/lib:/home/aurora/RM25/install/nav_2d_msgs/lib:/usr/lib/x86_64-linux-gnu/gazebo-11/plugins:/opt/ros/humble/opt/rviz_ogre_vendor/lib:/opt/ros/humble/lib/x86_64-linux-gnu:/opt/ros/humble/lib PYTHONPATH=/home/aurora/RM25/install/nav_2d_msgs/local/lib/python3.10/dist-packages:/home/aurora/RM25/install/nav2_common/local/lib/python3.10/dist-packages:${PYTHONPATH} /usr/bin/cmake --install /home/aurora/RM25/build/nav_2d_utils
