[0.267s] DEBUG:colcon:Command line arguments: ['/usr/bin/colcon', 'build', '--cmake-args', '-DROS_EDITION=ROS2', '-DHUMBLE_ROS=humble']
[0.267s] DEBUG:colcon:Parsed command line arguments: Namespace(log_base=None, log_level=None, verb_name='build', build_base='build', install_base='install', merge_install=False, symlink_install=False, test_result_base=None, continue_on_error=False, executor='parallel', parallel_workers=20, event_handlers=None, ignore_user_meta=False, metas=['./colcon.meta'], base_paths=['.'], packages_ignore=None, packages_ignore_regex=None, paths=None, packages_up_to=None, packages_up_to_regex=None, packages_above=None, packages_above_and_dependencies=None, packages_above_depth=None, packages_select_by_dep=None, packages_skip_by_dep=None, packages_skip_up_to=None, packages_select_build_failed=False, packages_skip_build_finished=False, packages_select_test_failures=False, packages_skip_test_passed=False, packages_select=None, packages_skip=None, packages_select_regex=None, packages_skip_regex=None, packages_start=None, packages_end=None, allow_overriding=[], cmake_args=['-DROS_EDITION=ROS2', '-DHUMBLE_ROS=humble'], cmake_target=None, cmake_target_skip_unavailable=False, cmake_clean_cache=False, cmake_clean_first=False, cmake_force_configure=False, ament_cmake_args=None, catkin_cmake_args=None, catkin_skip_building_tests=False, verb_parser=<colcon_defaults.argument_parser.defaults.DefaultArgumentsDecorator object at 0x7fdbcc2886d0>, verb_extension=<colcon_core.verb.build.BuildVerb object at 0x7fdbcc3fdd20>, main=<bound method BuildVerb.main of <colcon_core.verb.build.BuildVerb object at 0x7fdbcc3fdd20>>)
[0.428s] Level 1:colcon.colcon_core.package_discovery:discover_packages(colcon_meta) check parameters
[0.429s] Level 1:colcon.colcon_core.package_discovery:discover_packages(recursive) check parameters
[0.429s] Level 1:colcon.colcon_core.package_discovery:discover_packages(ignore) check parameters
[0.429s] Level 1:colcon.colcon_core.package_discovery:discover_packages(path) check parameters
[0.429s] Level 1:colcon.colcon_core.package_discovery:discover_packages(colcon_meta) discover
[0.429s] Level 1:colcon.colcon_core.package_discovery:discover_packages(recursive) discover
[0.429s] INFO:colcon.colcon_core.package_discovery:Crawling recursively for packages in '/home/aurora/RM25/src'
[0.429s] Level 1:colcon.colcon_core.package_identification:_identify(.) by extensions ['ignore', 'ignore_ament_install']
[0.429s] Level 1:colcon.colcon_core.package_identification:_identify(.) by extension 'ignore'
[0.429s] Level 1:colcon.colcon_core.package_identification:_identify(.) by extension 'ignore_ament_install'
[0.429s] Level 1:colcon.colcon_core.package_identification:_identify(.) by extensions ['colcon_pkg']
[0.429s] Level 1:colcon.colcon_core.package_identification:_identify(.) by extension 'colcon_pkg'
[0.429s] Level 1:colcon.colcon_core.package_identification:_identify(.) by extensions ['colcon_meta']
[0.429s] Level 1:colcon.colcon_core.package_identification:_identify(.) by extension 'colcon_meta'
[0.429s] Level 1:colcon.colcon_core.package_identification:_identify(.) by extensions ['ros']
[0.429s] Level 1:colcon.colcon_core.package_identification:_identify(.) by extension 'ros'
[0.438s] Level 1:colcon.colcon_core.package_identification:_identify(.) by extensions ['cmake', 'python']
[0.438s] Level 1:colcon.colcon_core.package_identification:_identify(.) by extension 'cmake'
[0.438s] Level 1:colcon.colcon_core.package_identification:_identify(.) by extension 'python'
[0.438s] Level 1:colcon.colcon_core.package_identification:_identify(.) by extensions ['python_setup_py']
[0.438s] Level 1:colcon.colcon_core.package_identification:_identify(.) by extension 'python_setup_py'
[0.438s] Level 1:colcon.colcon_core.package_identification:_identify(build) by extensions ['ignore', 'ignore_ament_install']
[0.438s] Level 1:colcon.colcon_core.package_identification:_identify(build) by extension 'ignore'
[0.438s] Level 1:colcon.colcon_core.package_identification:_identify(build) ignored
[0.438s] Level 1:colcon.colcon_core.package_identification:_identify(install) by extensions ['ignore', 'ignore_ament_install']
[0.438s] Level 1:colcon.colcon_core.package_identification:_identify(install) by extension 'ignore'
[0.438s] Level 1:colcon.colcon_core.package_identification:_identify(install) ignored
[0.438s] Level 1:colcon.colcon_core.package_identification:_identify(log) by extensions ['ignore', 'ignore_ament_install']
[0.438s] Level 1:colcon.colcon_core.package_identification:_identify(log) by extension 'ignore'
[0.438s] Level 1:colcon.colcon_core.package_identification:_identify(log) ignored
[0.439s] Level 1:colcon.colcon_core.package_identification:_identify(pcl) by extensions ['ignore', 'ignore_ament_install']
[0.439s] Level 1:colcon.colcon_core.package_identification:_identify(pcl) by extension 'ignore'
[0.439s] Level 1:colcon.colcon_core.package_identification:_identify(pcl) by extension 'ignore_ament_install'
[0.439s] Level 1:colcon.colcon_core.package_identification:_identify(pcl) by extensions ['colcon_pkg']
[0.439s] Level 1:colcon.colcon_core.package_identification:_identify(pcl) by extension 'colcon_pkg'
[0.439s] Level 1:colcon.colcon_core.package_identification:_identify(pcl) by extensions ['colcon_meta']
[0.439s] Level 1:colcon.colcon_core.package_identification:_identify(pcl) by extension 'colcon_meta'
[0.439s] Level 1:colcon.colcon_core.package_identification:_identify(pcl) by extensions ['ros']
[0.439s] Level 1:colcon.colcon_core.package_identification:_identify(pcl) by extension 'ros'
[0.439s] Level 1:colcon.colcon_core.package_identification:_identify(pcl) by extensions ['cmake', 'python']
[0.439s] Level 1:colcon.colcon_core.package_identification:_identify(pcl) by extension 'cmake'
[0.583s] Level 1:colcon.colcon_core.package_identification:_identify(pcl) by extension 'python'
[0.584s] DEBUG:colcon.colcon_core.package_identification:Package 'pcl' with type 'cmake' and name 'PCL'
[0.584s] Level 1:colcon.colcon_core.package_identification:_identify(rm_behavior) by extensions ['ignore', 'ignore_ament_install']
[0.584s] Level 1:colcon.colcon_core.package_identification:_identify(rm_behavior) by extension 'ignore'
[0.584s] Level 1:colcon.colcon_core.package_identification:_identify(rm_behavior) by extension 'ignore_ament_install'
[0.584s] Level 1:colcon.colcon_core.package_identification:_identify(rm_behavior) by extensions ['colcon_pkg']
[0.584s] Level 1:colcon.colcon_core.package_identification:_identify(rm_behavior) by extension 'colcon_pkg'
[0.584s] Level 1:colcon.colcon_core.package_identification:_identify(rm_behavior) by extensions ['colcon_meta']
[0.584s] Level 1:colcon.colcon_core.package_identification:_identify(rm_behavior) by extension 'colcon_meta'
[0.584s] Level 1:colcon.colcon_core.package_identification:_identify(rm_behavior) by extensions ['ros']
[0.584s] Level 1:colcon.colcon_core.package_identification:_identify(rm_behavior) by extension 'ros'
[0.584s] Level 1:colcon.colcon_core.package_identification:_identify(rm_behavior) by extensions ['cmake', 'python']
[0.584s] Level 1:colcon.colcon_core.package_identification:_identify(rm_behavior) by extension 'cmake'
[0.584s] Level 1:colcon.colcon_core.package_identification:_identify(rm_behavior) by extension 'python'
[0.584s] Level 1:colcon.colcon_core.package_identification:_identify(rm_behavior) by extensions ['python_setup_py']
[0.584s] Level 1:colcon.colcon_core.package_identification:_identify(rm_behavior) by extension 'python_setup_py'
[0.584s] Level 1:colcon.colcon_core.package_identification:_identify(rm_driver) by extensions ['ignore', 'ignore_ament_install']
[0.584s] Level 1:colcon.colcon_core.package_identification:_identify(rm_driver) by extension 'ignore'
[0.584s] Level 1:colcon.colcon_core.package_identification:_identify(rm_driver) by extension 'ignore_ament_install'
[0.584s] Level 1:colcon.colcon_core.package_identification:_identify(rm_driver) by extensions ['colcon_pkg']
[0.584s] Level 1:colcon.colcon_core.package_identification:_identify(rm_driver) by extension 'colcon_pkg'
[0.584s] Level 1:colcon.colcon_core.package_identification:_identify(rm_driver) by extensions ['colcon_meta']
[0.584s] Level 1:colcon.colcon_core.package_identification:_identify(rm_driver) by extension 'colcon_meta'
[0.584s] Level 1:colcon.colcon_core.package_identification:_identify(rm_driver) by extensions ['ros']
[0.584s] Level 1:colcon.colcon_core.package_identification:_identify(rm_driver) by extension 'ros'
[0.584s] Level 1:colcon.colcon_core.package_identification:_identify(rm_driver) by extensions ['cmake', 'python']
[0.584s] Level 1:colcon.colcon_core.package_identification:_identify(rm_driver) by extension 'cmake'
[0.584s] Level 1:colcon.colcon_core.package_identification:_identify(rm_driver) by extension 'python'
[0.584s] Level 1:colcon.colcon_core.package_identification:_identify(rm_driver) by extensions ['python_setup_py']
[0.584s] Level 1:colcon.colcon_core.package_identification:_identify(rm_driver) by extension 'python_setup_py'
[0.584s] Level 1:colcon.colcon_core.package_identification:_identify(rm_driver/Livox-SDK2) by extensions ['ignore', 'ignore_ament_install']
[0.585s] Level 1:colcon.colcon_core.package_identification:_identify(rm_driver/Livox-SDK2) by extension 'ignore'
[0.585s] Level 1:colcon.colcon_core.package_identification:_identify(rm_driver/Livox-SDK2) by extension 'ignore_ament_install'
[0.585s] Level 1:colcon.colcon_core.package_identification:_identify(rm_driver/Livox-SDK2) by extensions ['colcon_pkg']
[0.585s] Level 1:colcon.colcon_core.package_identification:_identify(rm_driver/Livox-SDK2) by extension 'colcon_pkg'
[0.585s] Level 1:colcon.colcon_core.package_identification:_identify(rm_driver/Livox-SDK2) by extensions ['colcon_meta']
[0.585s] Level 1:colcon.colcon_core.package_identification:_identify(rm_driver/Livox-SDK2) by extension 'colcon_meta'
[0.585s] Level 1:colcon.colcon_core.package_identification:_identify(rm_driver/Livox-SDK2) by extensions ['ros']
[0.585s] Level 1:colcon.colcon_core.package_identification:_identify(rm_driver/Livox-SDK2) by extension 'ros'
[0.585s] Level 1:colcon.colcon_core.package_identification:_identify(rm_driver/Livox-SDK2) by extensions ['cmake', 'python']
[0.585s] Level 1:colcon.colcon_core.package_identification:_identify(rm_driver/Livox-SDK2) by extension 'cmake'
[0.605s] Level 1:colcon.colcon_core.package_identification:_identify(rm_driver/Livox-SDK2) by extension 'python'
[0.605s] DEBUG:colcon.colcon_core.package_identification:Package 'rm_driver/Livox-SDK2' with type 'cmake' and name 'livox_sdk2'
[0.605s] Level 1:colcon.colcon_core.package_identification:_identify(rm_driver/livox_ros_driver2) by extensions ['ignore', 'ignore_ament_install']
[0.605s] Level 1:colcon.colcon_core.package_identification:_identify(rm_driver/livox_ros_driver2) by extension 'ignore'
[0.605s] Level 1:colcon.colcon_core.package_identification:_identify(rm_driver/livox_ros_driver2) by extension 'ignore_ament_install'
[0.605s] Level 1:colcon.colcon_core.package_identification:_identify(rm_driver/livox_ros_driver2) by extensions ['colcon_pkg']
[0.605s] Level 1:colcon.colcon_core.package_identification:_identify(rm_driver/livox_ros_driver2) by extension 'colcon_pkg'
[0.605s] Level 1:colcon.colcon_core.package_identification:_identify(rm_driver/livox_ros_driver2) by extensions ['colcon_meta']
[0.605s] Level 1:colcon.colcon_core.package_identification:_identify(rm_driver/livox_ros_driver2) by extension 'colcon_meta'
[0.605s] Level 1:colcon.colcon_core.package_identification:_identify(rm_driver/livox_ros_driver2) by extensions ['ros']
[0.605s] Level 1:colcon.colcon_core.package_identification:_identify(rm_driver/livox_ros_driver2) by extension 'ros'
[0.608s] DEBUG:colcon.colcon_core.package_identification:Package 'rm_driver/livox_ros_driver2' with type 'ros.ament_cmake' and name 'livox_ros_driver2'
[0.608s] Level 1:colcon.colcon_core.package_identification:_identify(rm_localization) by extensions ['ignore', 'ignore_ament_install']
[0.608s] Level 1:colcon.colcon_core.package_identification:_identify(rm_localization) by extension 'ignore'
[0.608s] Level 1:colcon.colcon_core.package_identification:_identify(rm_localization) by extension 'ignore_ament_install'
[0.608s] Level 1:colcon.colcon_core.package_identification:_identify(rm_localization) by extensions ['colcon_pkg']
[0.608s] Level 1:colcon.colcon_core.package_identification:_identify(rm_localization) by extension 'colcon_pkg'
[0.608s] Level 1:colcon.colcon_core.package_identification:_identify(rm_localization) by extensions ['colcon_meta']
[0.608s] Level 1:colcon.colcon_core.package_identification:_identify(rm_localization) by extension 'colcon_meta'
[0.608s] Level 1:colcon.colcon_core.package_identification:_identify(rm_localization) by extensions ['ros']
[0.608s] Level 1:colcon.colcon_core.package_identification:_identify(rm_localization) by extension 'ros'
[0.608s] Level 1:colcon.colcon_core.package_identification:_identify(rm_localization) by extensions ['cmake', 'python']
[0.608s] Level 1:colcon.colcon_core.package_identification:_identify(rm_localization) by extension 'cmake'
[0.608s] Level 1:colcon.colcon_core.package_identification:_identify(rm_localization) by extension 'python'
[0.608s] Level 1:colcon.colcon_core.package_identification:_identify(rm_localization) by extensions ['python_setup_py']
[0.608s] Level 1:colcon.colcon_core.package_identification:_identify(rm_localization) by extension 'python_setup_py'
[0.608s] Level 1:colcon.colcon_core.package_identification:_identify(rm_mapping) by extensions ['ignore', 'ignore_ament_install']
[0.609s] Level 1:colcon.colcon_core.package_identification:_identify(rm_mapping) by extension 'ignore'
[0.609s] Level 1:colcon.colcon_core.package_identification:_identify(rm_mapping) by extension 'ignore_ament_install'
[0.609s] Level 1:colcon.colcon_core.package_identification:_identify(rm_mapping) by extensions ['colcon_pkg']
[0.609s] Level 1:colcon.colcon_core.package_identification:_identify(rm_mapping) by extension 'colcon_pkg'
[0.609s] Level 1:colcon.colcon_core.package_identification:_identify(rm_mapping) by extensions ['colcon_meta']
[0.609s] Level 1:colcon.colcon_core.package_identification:_identify(rm_mapping) by extension 'colcon_meta'
[0.609s] Level 1:colcon.colcon_core.package_identification:_identify(rm_mapping) by extensions ['ros']
[0.609s] Level 1:colcon.colcon_core.package_identification:_identify(rm_mapping) by extension 'ros'
[0.609s] Level 1:colcon.colcon_core.package_identification:_identify(rm_mapping) by extensions ['cmake', 'python']
[0.609s] Level 1:colcon.colcon_core.package_identification:_identify(rm_mapping) by extension 'cmake'
[0.609s] Level 1:colcon.colcon_core.package_identification:_identify(rm_mapping) by extension 'python'
[0.609s] Level 1:colcon.colcon_core.package_identification:_identify(rm_mapping) by extensions ['python_setup_py']
[0.609s] Level 1:colcon.colcon_core.package_identification:_identify(rm_mapping) by extension 'python_setup_py'
[0.609s] Level 1:colcon.colcon_core.package_identification:_identify(rm_navigation) by extensions ['ignore', 'ignore_ament_install']
[0.609s] Level 1:colcon.colcon_core.package_identification:_identify(rm_navigation) by extension 'ignore'
[0.609s] Level 1:colcon.colcon_core.package_identification:_identify(rm_navigation) by extension 'ignore_ament_install'
[0.609s] Level 1:colcon.colcon_core.package_identification:_identify(rm_navigation) by extensions ['colcon_pkg']
[0.609s] Level 1:colcon.colcon_core.package_identification:_identify(rm_navigation) by extension 'colcon_pkg'
[0.609s] Level 1:colcon.colcon_core.package_identification:_identify(rm_navigation) by extensions ['colcon_meta']
[0.609s] Level 1:colcon.colcon_core.package_identification:_identify(rm_navigation) by extension 'colcon_meta'
[0.609s] Level 1:colcon.colcon_core.package_identification:_identify(rm_navigation) by extensions ['ros']
[0.609s] Level 1:colcon.colcon_core.package_identification:_identify(rm_navigation) by extension 'ros'
[0.609s] Level 1:colcon.colcon_core.package_identification:_identify(rm_navigation) by extensions ['cmake', 'python']
[0.609s] Level 1:colcon.colcon_core.package_identification:_identify(rm_navigation) by extension 'cmake'
[0.609s] Level 1:colcon.colcon_core.package_identification:_identify(rm_navigation) by extension 'python'
[0.609s] Level 1:colcon.colcon_core.package_identification:_identify(rm_navigation) by extensions ['python_setup_py']
[0.609s] Level 1:colcon.colcon_core.package_identification:_identify(rm_navigation) by extension 'python_setup_py'
[0.609s] Level 1:colcon.colcon_core.package_identification:_identify(rm_robot_description) by extensions ['ignore', 'ignore_ament_install']
[0.609s] Level 1:colcon.colcon_core.package_identification:_identify(rm_robot_description) by extension 'ignore'
[0.609s] Level 1:colcon.colcon_core.package_identification:_identify(rm_robot_description) by extension 'ignore_ament_install'
[0.609s] Level 1:colcon.colcon_core.package_identification:_identify(rm_robot_description) by extensions ['colcon_pkg']
[0.609s] Level 1:colcon.colcon_core.package_identification:_identify(rm_robot_description) by extension 'colcon_pkg'
[0.609s] Level 1:colcon.colcon_core.package_identification:_identify(rm_robot_description) by extensions ['colcon_meta']
[0.609s] Level 1:colcon.colcon_core.package_identification:_identify(rm_robot_description) by extension 'colcon_meta'
[0.609s] Level 1:colcon.colcon_core.package_identification:_identify(rm_robot_description) by extensions ['ros']
[0.609s] Level 1:colcon.colcon_core.package_identification:_identify(rm_robot_description) by extension 'ros'
[0.610s] DEBUG:colcon.colcon_core.package_identification:Package 'rm_robot_description' with type 'ros.ament_cmake' and name 'rm_robot_description'
[0.610s] Level 1:colcon.colcon_core.package_discovery:discover_packages(recursive) using defaults
[0.610s] Level 1:colcon.colcon_core.package_discovery:discover_packages(ignore) discover
[0.610s] Level 1:colcon.colcon_core.package_discovery:discover_packages(ignore) using defaults
[0.610s] Level 1:colcon.colcon_core.package_discovery:discover_packages(path) discover
[0.610s] Level 1:colcon.colcon_core.package_discovery:discover_packages(path) using defaults
[0.630s] Level 1:colcon.colcon_core.package_discovery:discover_packages(prefix_path) check parameters
[0.630s] Level 1:colcon.colcon_core.package_discovery:discover_packages(prefix_path) discover
[0.632s] DEBUG:colcon.colcon_installed_package_information.package_discovery:Found 3 installed packages in /home/aurora/RM25/install
[0.633s] DEBUG:colcon.colcon_installed_package_information.package_discovery:Found 0 installed packages in /home/aurora/RM25/src/rm_robot_description/launch/install
[0.634s] DEBUG:colcon.colcon_installed_package_information.package_discovery:Found 3 installed packages in /home/aurora/ws_helloworld/install
[0.635s] DEBUG:colcon.colcon_installed_package_information.package_discovery:Found 327 installed packages in /opt/ros/humble
[0.642s] Level 1:colcon.colcon_core.package_discovery:discover_packages(prefix_path) using defaults
[0.665s] Level 5:colcon.colcon_core.verb:set package 'PCL' build argument 'cmake_args' from command line to '['-DROS_EDITION=ROS2', '-DHUMBLE_ROS=humble']'
[0.665s] Level 5:colcon.colcon_core.verb:set package 'PCL' build argument 'cmake_target' from command line to 'None'
[0.665s] Level 5:colcon.colcon_core.verb:set package 'PCL' build argument 'cmake_target_skip_unavailable' from command line to 'False'
[0.665s] Level 5:colcon.colcon_core.verb:set package 'PCL' build argument 'cmake_clean_cache' from command line to 'False'
[0.665s] Level 5:colcon.colcon_core.verb:set package 'PCL' build argument 'cmake_clean_first' from command line to 'False'
[0.665s] Level 5:colcon.colcon_core.verb:set package 'PCL' build argument 'cmake_force_configure' from command line to 'False'
[0.665s] Level 5:colcon.colcon_core.verb:set package 'PCL' build argument 'ament_cmake_args' from command line to 'None'
[0.665s] Level 5:colcon.colcon_core.verb:set package 'PCL' build argument 'catkin_cmake_args' from command line to 'None'
[0.665s] Level 5:colcon.colcon_core.verb:set package 'PCL' build argument 'catkin_skip_building_tests' from command line to 'False'
[0.665s] DEBUG:colcon.colcon_core.verb:Building package 'PCL' with the following arguments: {'ament_cmake_args': None, 'build_base': '/home/aurora/RM25/src/build/PCL', 'catkin_cmake_args': None, 'catkin_skip_building_tests': False, 'cmake_args': ['-DROS_EDITION=ROS2', '-DHUMBLE_ROS=humble'], 'cmake_clean_cache': False, 'cmake_clean_first': False, 'cmake_force_configure': False, 'cmake_target': None, 'cmake_target_skip_unavailable': False, 'install_base': '/home/aurora/RM25/src/install/PCL', 'merge_install': False, 'path': '/home/aurora/RM25/src/pcl', 'symlink_install': False, 'test_result_base': None}
[0.666s] Level 5:colcon.colcon_core.verb:set package 'livox_ros_driver2' build argument 'cmake_args' from command line to '['-DROS_EDITION=ROS2', '-DHUMBLE_ROS=humble']'
[0.666s] Level 5:colcon.colcon_core.verb:set package 'livox_ros_driver2' build argument 'cmake_target' from command line to 'None'
[0.666s] Level 5:colcon.colcon_core.verb:set package 'livox_ros_driver2' build argument 'cmake_target_skip_unavailable' from command line to 'False'
[0.666s] Level 5:colcon.colcon_core.verb:set package 'livox_ros_driver2' build argument 'cmake_clean_cache' from command line to 'False'
[0.666s] Level 5:colcon.colcon_core.verb:set package 'livox_ros_driver2' build argument 'cmake_clean_first' from command line to 'False'
[0.666s] Level 5:colcon.colcon_core.verb:set package 'livox_ros_driver2' build argument 'cmake_force_configure' from command line to 'False'
[0.666s] Level 5:colcon.colcon_core.verb:set package 'livox_ros_driver2' build argument 'ament_cmake_args' from command line to 'None'
[0.666s] Level 5:colcon.colcon_core.verb:set package 'livox_ros_driver2' build argument 'catkin_cmake_args' from command line to 'None'
[0.666s] Level 5:colcon.colcon_core.verb:set package 'livox_ros_driver2' build argument 'catkin_skip_building_tests' from command line to 'False'
[0.666s] DEBUG:colcon.colcon_core.verb:Building package 'livox_ros_driver2' with the following arguments: {'ament_cmake_args': None, 'build_base': '/home/aurora/RM25/src/build/livox_ros_driver2', 'catkin_cmake_args': None, 'catkin_skip_building_tests': False, 'cmake_args': ['-DROS_EDITION=ROS2', '-DHUMBLE_ROS=humble'], 'cmake_clean_cache': False, 'cmake_clean_first': False, 'cmake_force_configure': False, 'cmake_target': None, 'cmake_target_skip_unavailable': False, 'install_base': '/home/aurora/RM25/src/install/livox_ros_driver2', 'merge_install': False, 'path': '/home/aurora/RM25/src/rm_driver/livox_ros_driver2', 'symlink_install': False, 'test_result_base': None}
[0.666s] Level 5:colcon.colcon_core.verb:set package 'livox_sdk2' build argument 'cmake_args' from command line to '['-DROS_EDITION=ROS2', '-DHUMBLE_ROS=humble']'
[0.666s] Level 5:colcon.colcon_core.verb:set package 'livox_sdk2' build argument 'cmake_target' from command line to 'None'
[0.666s] Level 5:colcon.colcon_core.verb:set package 'livox_sdk2' build argument 'cmake_target_skip_unavailable' from command line to 'False'
[0.666s] Level 5:colcon.colcon_core.verb:set package 'livox_sdk2' build argument 'cmake_clean_cache' from command line to 'False'
[0.666s] Level 5:colcon.colcon_core.verb:set package 'livox_sdk2' build argument 'cmake_clean_first' from command line to 'False'
[0.666s] Level 5:colcon.colcon_core.verb:set package 'livox_sdk2' build argument 'cmake_force_configure' from command line to 'False'
[0.666s] Level 5:colcon.colcon_core.verb:set package 'livox_sdk2' build argument 'ament_cmake_args' from command line to 'None'
[0.666s] Level 5:colcon.colcon_core.verb:set package 'livox_sdk2' build argument 'catkin_cmake_args' from command line to 'None'
[0.666s] Level 5:colcon.colcon_core.verb:set package 'livox_sdk2' build argument 'catkin_skip_building_tests' from command line to 'False'
[0.666s] DEBUG:colcon.colcon_core.verb:Building package 'livox_sdk2' with the following arguments: {'ament_cmake_args': None, 'build_base': '/home/aurora/RM25/src/build/livox_sdk2', 'catkin_cmake_args': None, 'catkin_skip_building_tests': False, 'cmake_args': ['-DROS_EDITION=ROS2', '-DHUMBLE_ROS=humble'], 'cmake_clean_cache': False, 'cmake_clean_first': False, 'cmake_force_configure': False, 'cmake_target': None, 'cmake_target_skip_unavailable': False, 'install_base': '/home/aurora/RM25/src/install/livox_sdk2', 'merge_install': False, 'path': '/home/aurora/RM25/src/rm_driver/Livox-SDK2', 'symlink_install': False, 'test_result_base': None}
[0.666s] Level 5:colcon.colcon_core.verb:set package 'rm_robot_description' build argument 'cmake_args' from command line to '['-DROS_EDITION=ROS2', '-DHUMBLE_ROS=humble']'
[0.666s] Level 5:colcon.colcon_core.verb:set package 'rm_robot_description' build argument 'cmake_target' from command line to 'None'
[0.666s] Level 5:colcon.colcon_core.verb:set package 'rm_robot_description' build argument 'cmake_target_skip_unavailable' from command line to 'False'
[0.666s] Level 5:colcon.colcon_core.verb:set package 'rm_robot_description' build argument 'cmake_clean_cache' from command line to 'False'
[0.666s] Level 5:colcon.colcon_core.verb:set package 'rm_robot_description' build argument 'cmake_clean_first' from command line to 'False'
[0.666s] Level 5:colcon.colcon_core.verb:set package 'rm_robot_description' build argument 'cmake_force_configure' from command line to 'False'
[0.666s] Level 5:colcon.colcon_core.verb:set package 'rm_robot_description' build argument 'ament_cmake_args' from command line to 'None'
[0.666s] Level 5:colcon.colcon_core.verb:set package 'rm_robot_description' build argument 'catkin_cmake_args' from command line to 'None'
[0.666s] Level 5:colcon.colcon_core.verb:set package 'rm_robot_description' build argument 'catkin_skip_building_tests' from command line to 'False'
[0.666s] DEBUG:colcon.colcon_core.verb:Building package 'rm_robot_description' with the following arguments: {'ament_cmake_args': None, 'build_base': '/home/aurora/RM25/src/build/rm_robot_description', 'catkin_cmake_args': None, 'catkin_skip_building_tests': False, 'cmake_args': ['-DROS_EDITION=ROS2', '-DHUMBLE_ROS=humble'], 'cmake_clean_cache': False, 'cmake_clean_first': False, 'cmake_force_configure': False, 'cmake_target': None, 'cmake_target_skip_unavailable': False, 'install_base': '/home/aurora/RM25/src/install/rm_robot_description', 'merge_install': False, 'path': '/home/aurora/RM25/src/rm_robot_description', 'symlink_install': False, 'test_result_base': None}
[0.666s] INFO:colcon.colcon_core.executor:Executing jobs using 'parallel' executor
[0.668s] DEBUG:colcon.colcon_parallel_executor.executor.parallel:run_until_complete
[0.668s] INFO:colcon.colcon_cmake.task.cmake.build:Building CMake package in '/home/aurora/RM25/src/pcl'
[0.671s] INFO:colcon.colcon_core.plugin_system:Skipping extension 'colcon_core.shell.bat': Not used on non-Windows systems
[0.671s] INFO:colcon.colcon_core.shell:Skip shell extension 'powershell' for command environment: Not usable outside of PowerShell
[0.671s] DEBUG:colcon.colcon_core.shell:Skip shell extension 'dsv' for command environment
[0.674s] INFO:colcon.colcon_ros.task.ament_cmake.build:Building ROS package in '/home/aurora/RM25/src/rm_driver/livox_ros_driver2' with build type 'ament_cmake'
[0.674s] INFO:colcon.colcon_cmake.task.cmake.build:Building CMake package in '/home/aurora/RM25/src/rm_driver/livox_ros_driver2'
[0.674s] INFO:colcon.colcon_core.shell:Skip shell extension 'powershell' for command environment: Not usable outside of PowerShell
[0.674s] DEBUG:colcon.colcon_core.shell:Skip shell extension 'dsv' for command environment
[0.676s] INFO:colcon.colcon_cmake.task.cmake.build:Building CMake package in '/home/aurora/RM25/src/rm_driver/Livox-SDK2'
[0.677s] INFO:colcon.colcon_core.shell:Skip shell extension 'powershell' for command environment: Not usable outside of PowerShell
[0.677s] DEBUG:colcon.colcon_core.shell:Skip shell extension 'dsv' for command environment
[0.679s] INFO:colcon.colcon_ros.task.ament_cmake.build:Building ROS package in '/home/aurora/RM25/src/rm_robot_description' with build type 'ament_cmake'
[0.679s] INFO:colcon.colcon_cmake.task.cmake.build:Building CMake package in '/home/aurora/RM25/src/rm_robot_description'
[0.679s] INFO:colcon.colcon_core.shell:Skip shell extension 'powershell' for command environment: Not usable outside of PowerShell
[0.679s] DEBUG:colcon.colcon_core.shell:Skip shell extension 'dsv' for command environment
[0.683s] DEBUG:colcon.colcon_core.event_handler.log_command:Invoking command in '/home/aurora/RM25/src/build/PCL': /usr/bin/cmake /home/aurora/RM25/src/pcl -DROS_EDITION=ROS2 -DHUMBLE_ROS=humble -DCMAKE_INSTALL_PREFIX=/home/aurora/RM25/src/install/PCL
[0.686s] DEBUG:colcon.colcon_core.event_handler.log_command:Invoking command in '/home/aurora/RM25/src/build/livox_ros_driver2': CMAKE_PREFIX_PATH=${CMAKE_PREFIX_PATH}:/home/aurora/ws_helloworld/install/pkg02_helloworld_py:/opt/ros/humble /usr/bin/cmake /home/aurora/RM25/src/rm_driver/livox_ros_driver2 -DROS_EDITION=ROS2 -DHUMBLE_ROS=humble -DCMAKE_INSTALL_PREFIX=/home/aurora/RM25/src/install/livox_ros_driver2
[0.690s] DEBUG:colcon.colcon_core.event_handler.log_command:Invoking command in '/home/aurora/RM25/src/build/livox_sdk2': /usr/bin/cmake /home/aurora/RM25/src/rm_driver/Livox-SDK2 -DROS_EDITION=ROS2 -DHUMBLE_ROS=humble -DCMAKE_INSTALL_PREFIX=/home/aurora/RM25/src/install/livox_sdk2
[0.692s] DEBUG:colcon.colcon_core.event_handler.log_command:Invoking command in '/home/aurora/RM25/src/build/rm_robot_description': CMAKE_PREFIX_PATH=${CMAKE_PREFIX_PATH}:/home/aurora/ws_helloworld/install/pkg02_helloworld_py:/opt/ros/humble /usr/bin/cmake /home/aurora/RM25/src/rm_robot_description -DROS_EDITION=ROS2 -DHUMBLE_ROS=humble -DCMAKE_INSTALL_PREFIX=/home/aurora/RM25/src/install/rm_robot_description
[2.965s] DEBUG:colcon.colcon_core.event_handler.log_command:Invoked command in '/home/aurora/RM25/src/build/livox_sdk2' returned '0': /usr/bin/cmake /home/aurora/RM25/src/rm_driver/Livox-SDK2 -DROS_EDITION=ROS2 -DHUMBLE_ROS=humble -DCMAKE_INSTALL_PREFIX=/home/aurora/RM25/src/install/livox_sdk2
[2.966s] DEBUG:colcon.colcon_core.event_handler.log_command:Invoking command in '/home/aurora/RM25/src/build/livox_sdk2': /usr/bin/cmake --build /home/aurora/RM25/src/build/livox_sdk2 -- -j20 -l20
[3.703s] DEBUG:colcon.colcon_core.event_handler.log_command:Invoked command in '/home/aurora/RM25/src/build/rm_robot_description' returned '0': CMAKE_PREFIX_PATH=${CMAKE_PREFIX_PATH}:/home/aurora/ws_helloworld/install/pkg02_helloworld_py:/opt/ros/humble /usr/bin/cmake /home/aurora/RM25/src/rm_robot_description -DROS_EDITION=ROS2 -DHUMBLE_ROS=humble -DCMAKE_INSTALL_PREFIX=/home/aurora/RM25/src/install/rm_robot_description
[3.703s] DEBUG:colcon.colcon_core.event_handler.log_command:Invoking command in '/home/aurora/RM25/src/build/rm_robot_description': CMAKE_PREFIX_PATH=${CMAKE_PREFIX_PATH}:/home/aurora/ws_helloworld/install/pkg02_helloworld_py:/opt/ros/humble /usr/bin/cmake --build /home/aurora/RM25/src/build/rm_robot_description -- -j20 -l20
[3.761s] DEBUG:colcon.colcon_core.event_handler.log_command:Invoked command in '/home/aurora/RM25/src/build/rm_robot_description' returned '0': CMAKE_PREFIX_PATH=${CMAKE_PREFIX_PATH}:/home/aurora/ws_helloworld/install/pkg02_helloworld_py:/opt/ros/humble /usr/bin/cmake --build /home/aurora/RM25/src/build/rm_robot_description -- -j20 -l20
[3.915s] DEBUG:colcon.colcon_core.event_handler.log_command:Invoking command in '/home/aurora/RM25/src/build/rm_robot_description': CMAKE_PREFIX_PATH=${CMAKE_PREFIX_PATH}:/home/aurora/ws_helloworld/install/pkg02_helloworld_py:/opt/ros/humble /usr/bin/cmake --install /home/aurora/RM25/src/build/rm_robot_description
[4.232s] Level 1:colcon.colcon_core.environment:create_environment_scripts_only(rm_robot_description)
[4.234s] DEBUG:colcon.colcon_core.event_handler.log_command:Invoked command in '/home/aurora/RM25/src/build/rm_robot_description' returned '0': CMAKE_PREFIX_PATH=${CMAKE_PREFIX_PATH}:/home/aurora/ws_helloworld/install/pkg02_helloworld_py:/opt/ros/humble /usr/bin/cmake --install /home/aurora/RM25/src/build/rm_robot_description
[4.252s] Level 1:colcon.colcon_core.environment:checking '/home/aurora/RM25/src/install/rm_robot_description' for CMake module files
[4.253s] Level 1:colcon.colcon_core.environment:checking '/home/aurora/RM25/src/install/rm_robot_description' for CMake config files
[4.253s] Level 1:colcon.colcon_core.shell:create_environment_hook('rm_robot_description', 'cmake_prefix_path')
[4.253s] INFO:colcon.colcon_core.shell:Creating environment hook '/home/aurora/RM25/src/install/rm_robot_description/share/rm_robot_description/hook/cmake_prefix_path.ps1'
[4.255s] INFO:colcon.colcon_core.shell:Creating environment descriptor '/home/aurora/RM25/src/install/rm_robot_description/share/rm_robot_description/hook/cmake_prefix_path.dsv'
[4.260s] INFO:colcon.colcon_core.shell:Creating environment hook '/home/aurora/RM25/src/install/rm_robot_description/share/rm_robot_description/hook/cmake_prefix_path.sh'
[4.262s] Level 1:colcon.colcon_core.environment:checking '/home/aurora/RM25/src/install/rm_robot_description/bin'
[4.262s] Level 1:colcon.colcon_core.environment:checking '/home/aurora/RM25/src/install/rm_robot_description/lib/pkgconfig/rm_robot_description.pc'
[4.263s] Level 1:colcon.colcon_core.environment:checking '/home/aurora/RM25/src/install/rm_robot_description/lib/python3.10/site-packages'
[4.263s] Level 1:colcon.colcon_core.environment:checking '/home/aurora/RM25/src/install/rm_robot_description/bin'
[4.263s] INFO:colcon.colcon_core.shell:Creating package script '/home/aurora/RM25/src/install/rm_robot_description/share/rm_robot_description/package.ps1'
[4.265s] INFO:colcon.colcon_core.shell:Creating package descriptor '/home/aurora/RM25/src/install/rm_robot_description/share/rm_robot_description/package.dsv'
[4.276s] INFO:colcon.colcon_core.shell:Creating package script '/home/aurora/RM25/src/install/rm_robot_description/share/rm_robot_description/package.sh'
[4.278s] INFO:colcon.colcon_core.shell:Creating package script '/home/aurora/RM25/src/install/rm_robot_description/share/rm_robot_description/package.bash'
[4.280s] INFO:colcon.colcon_core.shell:Creating package script '/home/aurora/RM25/src/install/rm_robot_description/share/rm_robot_description/package.zsh'
[4.282s] Level 1:colcon.colcon_core.environment:create_file_with_runtime_dependencies(/home/aurora/RM25/src/install/rm_robot_description/share/colcon-core/packages/rm_robot_description)
[4.326s] Level 1:colcon.colcon_core.environment:create_environment_scripts_only(rm_robot_description)
[4.326s] Level 1:colcon.colcon_core.environment:checking '/home/aurora/RM25/src/install/rm_robot_description' for CMake module files
[4.327s] Level 1:colcon.colcon_core.environment:checking '/home/aurora/RM25/src/install/rm_robot_description' for CMake config files
[4.327s] Level 1:colcon.colcon_core.shell:create_environment_hook('rm_robot_description', 'cmake_prefix_path')
[4.327s] INFO:colcon.colcon_core.shell:Creating environment hook '/home/aurora/RM25/src/install/rm_robot_description/share/rm_robot_description/hook/cmake_prefix_path.ps1'
[4.328s] INFO:colcon.colcon_core.shell:Creating environment descriptor '/home/aurora/RM25/src/install/rm_robot_description/share/rm_robot_description/hook/cmake_prefix_path.dsv'
[4.328s] INFO:colcon.colcon_core.shell:Creating environment hook '/home/aurora/RM25/src/install/rm_robot_description/share/rm_robot_description/hook/cmake_prefix_path.sh'
[4.329s] Level 1:colcon.colcon_core.environment:checking '/home/aurora/RM25/src/install/rm_robot_description/bin'
[4.329s] Level 1:colcon.colcon_core.environment:checking '/home/aurora/RM25/src/install/rm_robot_description/lib/pkgconfig/rm_robot_description.pc'
[4.330s] Level 1:colcon.colcon_core.environment:checking '/home/aurora/RM25/src/install/rm_robot_description/lib/python3.10/site-packages'
[4.330s] Level 1:colcon.colcon_core.environment:checking '/home/aurora/RM25/src/install/rm_robot_description/bin'
[4.331s] INFO:colcon.colcon_core.shell:Creating package script '/home/aurora/RM25/src/install/rm_robot_description/share/rm_robot_description/package.ps1'
[4.332s] INFO:colcon.colcon_core.shell:Creating package descriptor '/home/aurora/RM25/src/install/rm_robot_description/share/rm_robot_description/package.dsv'
[4.333s] INFO:colcon.colcon_core.shell:Creating package script '/home/aurora/RM25/src/install/rm_robot_description/share/rm_robot_description/package.sh'
[4.334s] INFO:colcon.colcon_core.shell:Creating package script '/home/aurora/RM25/src/install/rm_robot_description/share/rm_robot_description/package.bash'
[4.334s] INFO:colcon.colcon_core.shell:Creating package script '/home/aurora/RM25/src/install/rm_robot_description/share/rm_robot_description/package.zsh'
[4.335s] Level 1:colcon.colcon_core.environment:create_file_with_runtime_dependencies(/home/aurora/RM25/src/install/rm_robot_description/share/colcon-core/packages/rm_robot_description)
[16.060s] DEBUG:colcon.colcon_core.event_handler.log_command:Invoked command in '/home/aurora/RM25/src/build/livox_sdk2' returned '0': /usr/bin/cmake --build /home/aurora/RM25/src/build/livox_sdk2 -- -j20 -l20
[16.074s] DEBUG:colcon.colcon_core.event_handler.log_command:Invoking command in '/home/aurora/RM25/src/build/livox_sdk2': /usr/bin/cmake --install /home/aurora/RM25/src/build/livox_sdk2
[16.095s] Level 1:colcon.colcon_core.environment:create_environment_scripts_only(livox_sdk2)
[16.095s] Level 1:colcon.colcon_core.environment:checking '/home/aurora/RM25/src/install/livox_sdk2' for CMake module files
[16.095s] DEBUG:colcon.colcon_core.event_handler.log_command:Invoked command in '/home/aurora/RM25/src/build/livox_sdk2' returned '0': /usr/bin/cmake --install /home/aurora/RM25/src/build/livox_sdk2
[16.096s] Level 1:colcon.colcon_core.environment:checking '/home/aurora/RM25/src/install/livox_sdk2' for CMake config files
[16.096s] Level 1:colcon.colcon_core.environment:checking '/home/aurora/RM25/src/install/livox_sdk2/lib'
[16.096s] Level 1:colcon.colcon_core.shell:create_environment_hook('livox_sdk2', 'ld_library_path_lib')
[16.096s] INFO:colcon.colcon_core.shell:Creating environment hook '/home/aurora/RM25/src/install/livox_sdk2/share/livox_sdk2/hook/ld_library_path_lib.ps1'
[16.096s] INFO:colcon.colcon_core.shell:Creating environment descriptor '/home/aurora/RM25/src/install/livox_sdk2/share/livox_sdk2/hook/ld_library_path_lib.dsv'
[16.097s] INFO:colcon.colcon_core.shell:Creating environment hook '/home/aurora/RM25/src/install/livox_sdk2/share/livox_sdk2/hook/ld_library_path_lib.sh'
[16.097s] Level 1:colcon.colcon_core.environment:checking '/home/aurora/RM25/src/install/livox_sdk2/bin'
[16.097s] Level 1:colcon.colcon_core.environment:checking '/home/aurora/RM25/src/install/livox_sdk2/lib/pkgconfig/livox_sdk2.pc'
[16.097s] Level 1:colcon.colcon_core.environment:checking '/home/aurora/RM25/src/install/livox_sdk2/lib/python3.10/site-packages'
[16.097s] Level 1:colcon.colcon_core.environment:checking '/home/aurora/RM25/src/install/livox_sdk2/bin'
[16.097s] INFO:colcon.colcon_core.shell:Creating package script '/home/aurora/RM25/src/install/livox_sdk2/share/livox_sdk2/package.ps1'
[16.097s] INFO:colcon.colcon_core.shell:Creating package descriptor '/home/aurora/RM25/src/install/livox_sdk2/share/livox_sdk2/package.dsv'
[16.098s] INFO:colcon.colcon_core.shell:Creating package script '/home/aurora/RM25/src/install/livox_sdk2/share/livox_sdk2/package.sh'
[16.098s] INFO:colcon.colcon_core.shell:Creating package script '/home/aurora/RM25/src/install/livox_sdk2/share/livox_sdk2/package.bash'
[16.098s] INFO:colcon.colcon_core.shell:Creating package script '/home/aurora/RM25/src/install/livox_sdk2/share/livox_sdk2/package.zsh'
[16.098s] Level 1:colcon.colcon_core.environment:create_file_with_runtime_dependencies(/home/aurora/RM25/src/install/livox_sdk2/share/colcon-core/packages/livox_sdk2)
[48.029s] DEBUG:colcon.colcon_core.event_handler.log_command:Invoked command in '/home/aurora/RM25/src/build/PCL' returned '0': /usr/bin/cmake /home/aurora/RM25/src/pcl -DROS_EDITION=ROS2 -DHUMBLE_ROS=humble -DCMAKE_INSTALL_PREFIX=/home/aurora/RM25/src/install/PCL
[48.031s] DEBUG:colcon.colcon_core.event_handler.log_command:Invoking command in '/home/aurora/RM25/src/build/PCL': /usr/bin/cmake --build /home/aurora/RM25/src/build/PCL -- -j20 -l20
[56.146s] DEBUG:colcon.colcon_core.event_handler.log_command:Invoked command in '/home/aurora/RM25/src/build/livox_ros_driver2' returned '0': CMAKE_PREFIX_PATH=${CMAKE_PREFIX_PATH}:/home/aurora/ws_helloworld/install/pkg02_helloworld_py:/opt/ros/humble /usr/bin/cmake /home/aurora/RM25/src/rm_driver/livox_ros_driver2 -DROS_EDITION=ROS2 -DHUMBLE_ROS=humble -DCMAKE_INSTALL_PREFIX=/home/aurora/RM25/src/install/livox_ros_driver2
[56.147s] DEBUG:colcon.colcon_core.event_handler.log_command:Invoking command in '/home/aurora/RM25/src/build/livox_ros_driver2': CMAKE_PREFIX_PATH=${CMAKE_PREFIX_PATH}:/home/aurora/ws_helloworld/install/pkg02_helloworld_py:/opt/ros/humble /usr/bin/cmake --build /home/aurora/RM25/src/build/livox_ros_driver2 -- -j20 -l20
[178.255s] DEBUG:colcon.colcon_core.event_handler.log_command:Invoked command in '/home/aurora/RM25/src/build/livox_ros_driver2' returned '0': CMAKE_PREFIX_PATH=${CMAKE_PREFIX_PATH}:/home/aurora/ws_helloworld/install/pkg02_helloworld_py:/opt/ros/humble /usr/bin/cmake --build /home/aurora/RM25/src/build/livox_ros_driver2 -- -j20 -l20
[178.484s] DEBUG:colcon.colcon_core.event_handler.log_command:Invoking command in '/home/aurora/RM25/src/build/livox_ros_driver2': CMAKE_PREFIX_PATH=${CMAKE_PREFIX_PATH}:/home/aurora/ws_helloworld/install/pkg02_helloworld_py:/opt/ros/humble /usr/bin/cmake --install /home/aurora/RM25/src/build/livox_ros_driver2
[178.680s] Level 1:colcon.colcon_core.environment:create_environment_scripts_only(livox_ros_driver2)
[178.689s] DEBUG:colcon.colcon_core.event_handler.log_command:Invoked command in '/home/aurora/RM25/src/build/livox_ros_driver2' returned '0': CMAKE_PREFIX_PATH=${CMAKE_PREFIX_PATH}:/home/aurora/ws_helloworld/install/pkg02_helloworld_py:/opt/ros/humble /usr/bin/cmake --install /home/aurora/RM25/src/build/livox_ros_driver2
[178.755s] Level 1:colcon.colcon_core.environment:checking '/home/aurora/RM25/src/install/livox_ros_driver2' for CMake module files
[178.782s] Level 1:colcon.colcon_core.environment:checking '/home/aurora/RM25/src/install/livox_ros_driver2' for CMake config files
[178.792s] Level 1:colcon.colcon_core.shell:create_environment_hook('livox_ros_driver2', 'cmake_prefix_path')
[178.807s] INFO:colcon.colcon_core.shell:Creating environment hook '/home/aurora/RM25/src/install/livox_ros_driver2/share/livox_ros_driver2/hook/cmake_prefix_path.ps1'
[178.856s] INFO:colcon.colcon_core.shell:Creating environment descriptor '/home/aurora/RM25/src/install/livox_ros_driver2/share/livox_ros_driver2/hook/cmake_prefix_path.dsv'
[178.862s] INFO:colcon.colcon_core.shell:Creating environment hook '/home/aurora/RM25/src/install/livox_ros_driver2/share/livox_ros_driver2/hook/cmake_prefix_path.sh'
[178.874s] Level 1:colcon.colcon_core.environment:checking '/home/aurora/RM25/src/install/livox_ros_driver2/lib'
[178.875s] Level 1:colcon.colcon_core.shell:create_environment_hook('livox_ros_driver2', 'ld_library_path_lib')
[178.876s] INFO:colcon.colcon_core.shell:Creating environment hook '/home/aurora/RM25/src/install/livox_ros_driver2/share/livox_ros_driver2/hook/ld_library_path_lib.ps1'
[178.877s] INFO:colcon.colcon_core.shell:Creating environment descriptor '/home/aurora/RM25/src/install/livox_ros_driver2/share/livox_ros_driver2/hook/ld_library_path_lib.dsv'
[178.878s] INFO:colcon.colcon_core.shell:Creating environment hook '/home/aurora/RM25/src/install/livox_ros_driver2/share/livox_ros_driver2/hook/ld_library_path_lib.sh'
[178.878s] Level 1:colcon.colcon_core.environment:checking '/home/aurora/RM25/src/install/livox_ros_driver2/bin'
[178.879s] Level 1:colcon.colcon_core.environment:checking '/home/aurora/RM25/src/install/livox_ros_driver2/lib/pkgconfig/livox_ros_driver2.pc'
[178.891s] Level 1:colcon.colcon_core.environment:checking '/home/aurora/RM25/src/install/livox_ros_driver2/lib/python3.10/site-packages'
[178.891s] Level 1:colcon.colcon_core.environment:checking '/home/aurora/RM25/src/install/livox_ros_driver2/bin'
[178.892s] INFO:colcon.colcon_core.shell:Creating package script '/home/aurora/RM25/src/install/livox_ros_driver2/share/livox_ros_driver2/package.ps1'
[178.897s] INFO:colcon.colcon_core.shell:Creating package descriptor '/home/aurora/RM25/src/install/livox_ros_driver2/share/livox_ros_driver2/package.dsv'
[178.899s] INFO:colcon.colcon_core.shell:Creating package script '/home/aurora/RM25/src/install/livox_ros_driver2/share/livox_ros_driver2/package.sh'
[178.904s] INFO:colcon.colcon_core.shell:Creating package script '/home/aurora/RM25/src/install/livox_ros_driver2/share/livox_ros_driver2/package.bash'
[178.916s] INFO:colcon.colcon_core.shell:Creating package script '/home/aurora/RM25/src/install/livox_ros_driver2/share/livox_ros_driver2/package.zsh'
[178.920s] Level 1:colcon.colcon_core.environment:create_file_with_runtime_dependencies(/home/aurora/RM25/src/install/livox_ros_driver2/share/colcon-core/packages/livox_ros_driver2)
[179.010s] Level 1:colcon.colcon_core.environment:create_environment_scripts_only(livox_ros_driver2)
[179.012s] Level 1:colcon.colcon_core.environment:checking '/home/aurora/RM25/src/install/livox_ros_driver2' for CMake module files
[179.013s] Level 1:colcon.colcon_core.environment:checking '/home/aurora/RM25/src/install/livox_ros_driver2' for CMake config files
[179.013s] Level 1:colcon.colcon_core.shell:create_environment_hook('livox_ros_driver2', 'cmake_prefix_path')
[179.013s] INFO:colcon.colcon_core.shell:Creating environment hook '/home/aurora/RM25/src/install/livox_ros_driver2/share/livox_ros_driver2/hook/cmake_prefix_path.ps1'
[179.014s] INFO:colcon.colcon_core.shell:Creating environment descriptor '/home/aurora/RM25/src/install/livox_ros_driver2/share/livox_ros_driver2/hook/cmake_prefix_path.dsv'
[179.014s] INFO:colcon.colcon_core.shell:Creating environment hook '/home/aurora/RM25/src/install/livox_ros_driver2/share/livox_ros_driver2/hook/cmake_prefix_path.sh'
[179.015s] Level 1:colcon.colcon_core.environment:checking '/home/aurora/RM25/src/install/livox_ros_driver2/lib'
[179.015s] Level 1:colcon.colcon_core.shell:create_environment_hook('livox_ros_driver2', 'ld_library_path_lib')
[179.015s] INFO:colcon.colcon_core.shell:Creating environment hook '/home/aurora/RM25/src/install/livox_ros_driver2/share/livox_ros_driver2/hook/ld_library_path_lib.ps1'
[179.016s] INFO:colcon.colcon_core.shell:Creating environment descriptor '/home/aurora/RM25/src/install/livox_ros_driver2/share/livox_ros_driver2/hook/ld_library_path_lib.dsv'
[179.016s] INFO:colcon.colcon_core.shell:Creating environment hook '/home/aurora/RM25/src/install/livox_ros_driver2/share/livox_ros_driver2/hook/ld_library_path_lib.sh'
[179.018s] Level 1:colcon.colcon_core.environment:checking '/home/aurora/RM25/src/install/livox_ros_driver2/bin'
[179.019s] Level 1:colcon.colcon_core.environment:checking '/home/aurora/RM25/src/install/livox_ros_driver2/lib/pkgconfig/livox_ros_driver2.pc'
[179.019s] Level 1:colcon.colcon_core.environment:checking '/home/aurora/RM25/src/install/livox_ros_driver2/lib/python3.10/site-packages'
[179.019s] Level 1:colcon.colcon_core.environment:checking '/home/aurora/RM25/src/install/livox_ros_driver2/bin'
[179.022s] INFO:colcon.colcon_core.shell:Creating package script '/home/aurora/RM25/src/install/livox_ros_driver2/share/livox_ros_driver2/package.ps1'
[179.023s] INFO:colcon.colcon_core.shell:Creating package descriptor '/home/aurora/RM25/src/install/livox_ros_driver2/share/livox_ros_driver2/package.dsv'
[179.024s] INFO:colcon.colcon_core.shell:Creating package script '/home/aurora/RM25/src/install/livox_ros_driver2/share/livox_ros_driver2/package.sh'
[179.024s] INFO:colcon.colcon_core.shell:Creating package script '/home/aurora/RM25/src/install/livox_ros_driver2/share/livox_ros_driver2/package.bash'
[179.027s] INFO:colcon.colcon_core.shell:Creating package script '/home/aurora/RM25/src/install/livox_ros_driver2/share/livox_ros_driver2/package.zsh'
[179.031s] Level 1:colcon.colcon_core.environment:create_file_with_runtime_dependencies(/home/aurora/RM25/src/install/livox_ros_driver2/share/colcon-core/packages/livox_ros_driver2)
[358.002s] DEBUG:colcon.colcon_core.event_handler.log_command:Invoked command in '/home/aurora/RM25/src/build/PCL' returned '2': /usr/bin/cmake --build /home/aurora/RM25/src/build/PCL -- -j20 -l20
[358.020s] DEBUG:colcon.colcon_parallel_executor.executor.parallel:closing loop
[358.034s] DEBUG:colcon.colcon_parallel_executor.executor.parallel:loop closed
[358.035s] DEBUG:colcon.colcon_parallel_executor.executor.parallel:run_until_complete finished with '2'
[358.039s] DEBUG:colcon.colcon_core.event_reactor:joining thread
[358.206s] INFO:colcon.colcon_core.plugin_system:Skipping extension 'colcon_notification.desktop_notification.notify_send': Could not find 'notify-send'
[358.207s] INFO:colcon.colcon_core.plugin_system:Skipping extension 'colcon_notification.desktop_notification.terminal_notifier': Not used on non-Darwin systems
[358.207s] INFO:colcon.colcon_core.plugin_system:Skipping extension 'colcon_notification.desktop_notification.win32': Not used on non-Windows systems
[358.207s] INFO:colcon.colcon_notification.desktop_notification:Sending desktop notification using 'notify2'
[358.219s] DEBUG:colcon.colcon_notification.desktop_notification.notify2:Failed to initialize notify2: org.freedesktop.DBus.Error.ServiceUnknown: The name org.freedesktop.Notifications was not provided by any .service files
[358.220s] DEBUG:colcon.colcon_core.event_reactor:joined thread
[358.225s] INFO:colcon.colcon_core.shell:Creating prefix script '/home/aurora/RM25/src/install/local_setup.ps1'
[358.235s] INFO:colcon.colcon_core.shell:Creating prefix util module '/home/aurora/RM25/src/install/_local_setup_util_ps1.py'
[358.239s] INFO:colcon.colcon_core.shell:Creating prefix chain script '/home/aurora/RM25/src/install/setup.ps1'
[358.245s] INFO:colcon.colcon_core.shell:Creating prefix script '/home/aurora/RM25/src/install/local_setup.sh'
[358.246s] INFO:colcon.colcon_core.shell:Creating prefix util module '/home/aurora/RM25/src/install/_local_setup_util_sh.py'
[358.247s] INFO:colcon.colcon_core.shell:Creating prefix chain script '/home/aurora/RM25/src/install/setup.sh'
[358.250s] INFO:colcon.colcon_core.shell:Creating prefix script '/home/aurora/RM25/src/install/local_setup.bash'
[358.251s] INFO:colcon.colcon_core.shell:Creating prefix chain script '/home/aurora/RM25/src/install/setup.bash'
[358.253s] INFO:colcon.colcon_core.shell:Creating prefix script '/home/aurora/RM25/src/install/local_setup.zsh'
[358.254s] INFO:colcon.colcon_core.shell:Creating prefix chain script '/home/aurora/RM25/src/install/setup.zsh'
