[0.016s] Invoking command in '/home/aurora/RM25/src/build/fast_lio': /usr/bin/cmake /home/aurora/RM25/src/rm_localization/FAST_LIO -DROS_EDITION=ROS2 -DHUMBLE_ROS=humble -DCATKIN_INSTALL_INTO_PREFIX_ROOT=0 -DCMAKE_INSTALL_PREFIX=/home/aurora/RM25/src/install/fast_lio
[0.022s] [0mCMake Deprecation Warning at CMakeLists.txt:1 (cmake_minimum_required):
[0.022s]   Compatibility with CMake < 2.8.12 will be removed from a future version of
[0.024s]   CMake.
[0.024s] 
[0.024s]   Update the VERSION argument <min> value or use a ...<max> suffix to tell
[0.024s]   CMake that the project does not need compatibility with older versions.
[0.024s] 
[0.024s] [0m
[0.158s] -- The C compiler identification is GNU 11.4.0
[0.970s] -- The CXX compiler identification is GNU 11.4.0
[1.524s] -- Detecting C compiler ABI info
[1.715s] -- Detecting C compiler ABI info - done
[1.720s] -- Check for working C compiler: /usr/bin/cc - skipped
[1.720s] -- Detecting C compile features
[1.720s] -- Detecting C compile features - done
[1.722s] -- Detecting CXX compiler ABI info
[1.914s] -- Detecting CXX compiler ABI info - done
[1.919s] -- Check for working CXX compiler: /usr/bin/c++ - skipped
[1.919s] -- Detecting CXX compile features
[1.919s] -- Detecting CXX compile features - done
[1.920s] [0mCurrent CPU archtecture: x86_64[0m
[1.923s] [0mProcesser number:  20[0m
[1.923s] [0mcore for MP: 3[0m
[4.207s] -- Found PythonLibs: /usr/lib/x86_64-linux-gnu/libpython3.10.so (found version "3.10.12") 
[6.728s] [31mCMake Error at CMakeLists.txt:45 (find_package):
[6.728s]   By not providing "Findcatkin.cmake" in CMAKE_MODULE_PATH this project has
[6.729s]   asked CMake to find a package configuration file provided by "catkin", but
[6.729s]   CMake did not find one.
[6.729s] 
[6.729s]   Could not find a package configuration file provided by "catkin" with any
[6.729s]   of the following names:
[6.729s] 
[6.729s]     catkinConfig.cmake
[6.729s]     catkin-config.cmake
[6.730s] 
[6.730s]   Add the installation prefix of "catkin" to CMAKE_PREFIX_PATH or set
[6.730s]   "catkin_DIR" to a directory containing one of the above files.  If "catkin"
[6.731s]   provides a separate development package or SDK, be sure it has been
[6.731s]   installed.
[6.731s] 
[6.731s] [0m
[6.732s] -- Configuring incomplete, errors occurred!
[6.732s] See also "/home/aurora/RM25/src/build/fast_lio/CMakeFiles/CMakeOutput.log".
[6.753s] Invoked command in '/home/aurora/RM25/src/build/fast_lio' returned '1': /usr/bin/cmake /home/aurora/RM25/src/rm_localization/FAST_LIO -DROS_EDITION=ROS2 -DHUMBLE_ROS=humble -DCATKIN_INSTALL_INTO_PREFIX_ROOT=0 -DCMAKE_INSTALL_PREFIX=/home/aurora/RM25/src/install/fast_lio
