[0.491s] Invoking command in '/home/aurora/RM25/build/nav2_map_server': CMAKE_PREFIX_PATH=/home/aurora/RM25/install/nav2_util:/home/aurora/RM25/install/nav2_msgs:/home/aurora/RM25/install/nav2_common:/home/aurora/RM25/install/nav2_constrained_smoother:/home/aurora/RM25/install/rm_robot_description:/home/aurora/RM25/install/opennav_docking_core:/home/aurora/RM25/install/nav_2d_utils:/home/aurora/RM25/install/dwb_msgs:/home/aurora/RM25/install/nav_2d_msgs:/home/aurora/RM25/install/nav2_core:/home/aurora/RM25/install/costmap_queue:/home/aurora/RM25/install/nav2_costmap_2d:/home/aurora/RM25/install/nav2_voxel_grid:/home/aurora/RM25/install/nav2_velocity_smoother:/home/aurora/RM25/install/nav2_rviz_plugins:/home/aurora/RM25/install/nav2_map_server:/home/aurora/RM25/install/nav2_lifecycle_manager:/home/aurora/RM25/install/nav2_behavior_tree:/home/aurora/RM25/install/nav2_amcl:/home/aurora/ws_helloworld/install/pkg01_helloworld_cpp:/home/aurora/ws_helloworld/install/learning_tf2_cpp:/home/aurora/RM25/install/nav2_simple_commander:/home/aurora/RM25/install/nav2_loopback_sim:/home/aurora/ws_helloworld/install/pkg02_helloworld_py:/opt/ros/humble LD_LIBRARY_PATH=/home/aurora/RM25/install/nav2_util/lib:/home/aurora/RM25/install/nav2_msgs/lib:/home/aurora/RM25/install/nav2_constrained_smoother/lib:/home/aurora/RM25/install/nav_2d_utils/lib:/home/aurora/RM25/install/dwb_msgs/lib:/home/aurora/RM25/install/nav_2d_msgs/lib:/home/aurora/RM25/install/costmap_queue/lib:/home/aurora/RM25/install/nav2_costmap_2d/lib:/home/aurora/RM25/install/nav2_voxel_grid/lib:/home/aurora/RM25/install/nav2_velocity_smoother/lib:/home/aurora/RM25/install/nav2_rviz_plugins/lib:/home/aurora/RM25/install/nav2_map_server/lib:/home/aurora/RM25/install/nav2_lifecycle_manager/lib:/home/aurora/RM25/install/nav2_behavior_tree/lib:/home/aurora/RM25/install/nav2_amcl/lib:/usr/lib/x86_64-linux-gnu/gazebo-11/plugins:/opt/ros/humble/opt/rviz_ogre_vendor/lib:/opt/ros/humble/lib/x86_64-linux-gnu:/opt/ros/humble/lib /usr/bin/cmake /home/aurora/RM25/src/rm_navigation2/nav2_map_server -DCMAKE_INSTALL_PREFIX=/home/aurora/RM25/install/nav2_map_server
[0.500s] -- Found ament_cmake: 1.3.10 (/opt/ros/humble/share/ament_cmake/cmake)
[0.587s] -- Override CMake install command with custom implementation using symlinks instead of copying resources
[0.592s] -- Found nav2_common: 1.1.16 (/opt/ros/humble/share/nav2_common/cmake)
[0.592s] -- Found rclcpp: 16.0.10 (/opt/ros/humble/share/rclcpp/cmake)
[0.850s] -- Found rosidl_generator_c: 3.1.5 (/opt/ros/humble/share/rosidl_generator_c/cmake)
[0.851s] -- Found rosidl_adapter: 3.1.5 (/opt/ros/humble/share/rosidl_adapter/cmake)
[0.855s] -- Found rosidl_generator_cpp: 3.1.5 (/opt/ros/humble/share/rosidl_generator_cpp/cmake)
[0.871s] -- Using all available rosidl_typesupport_c: rosidl_typesupport_fastrtps_c;rosidl_typesupport_introspection_c
[0.879s] -- Using all available rosidl_typesupport_cpp: rosidl_typesupport_fastrtps_cpp;rosidl_typesupport_introspection_cpp
[0.899s] -- Found rmw_implementation_cmake: 6.1.2 (/opt/ros/humble/share/rmw_implementation_cmake/cmake)
[0.900s] -- Found rmw_fastrtps_cpp: 6.2.7 (/opt/ros/humble/share/rmw_fastrtps_cpp/cmake)
[12.592s] -- Using RMW implementation 'rmw_fastrtps_cpp' as default
[12.635s] -- Found rclcpp_lifecycle: 16.0.10 (/opt/ros/humble/share/rclcpp_lifecycle/cmake)
[12.647s] -- Found rclcpp_components: 16.0.10 (/opt/ros/humble/share/rclcpp_components/cmake)
[12.660s] -- Found nav_msgs: 4.2.4 (/opt/ros/humble/share/nav_msgs/cmake)
[12.689s] -- Found nav2_msgs: 1.1.17 (/home/aurora/RM25/install/nav2_msgs/share/nav2_msgs/cmake)
[12.727s] -- Found yaml_cpp_vendor: 8.0.2 (/opt/ros/humble/share/yaml_cpp_vendor/cmake)
[12.730s] -- Found tf2: 0.25.8 (/opt/ros/humble/share/tf2/cmake)
[12.732s] -- Found nav2_util: 1.1.17 (/home/aurora/RM25/install/nav2_util/share/nav2_util/cmake)
[12.757s] -- Found eigen3_cmake_module: 0.1.1 (/opt/ros/humble/share/eigen3_cmake_module/cmake)
[12.758s] -- Ensuring Eigen3 include directory is part of orocos-kdl CMake target
[12.891s] -- Found ament_lint_auto: 0.12.11 (/opt/ros/humble/share/ament_lint_auto/cmake)
[18.270s] -- Found gtest sources under '/opt/ros/humble/src/gtest_vendor': C++ tests using 'Google Test' will be built
[18.278s] -- Found gtest sources under '/opt/ros/humble/src/gtest_vendor': C++ tests using 'Google Test' will be built
[18.285s] -- Found gtest sources under '/opt/ros/humble/src/gtest_vendor': C++ tests using 'Google Test' will be built
[18.299s] -- Added test 'cppcheck' to perform static code analysis on C / C++ code
[18.299s] -- Configured cppcheck include dirs: /home/aurora/RM25/src/rm_navigation2/nav2_map_server/include
[18.299s] -- Configured cppcheck exclude dirs and/or files: 
[18.301s] -- Added test 'cpplint' to check C / C++ code against the Google style
[18.301s] -- Configured cpplint exclude dirs and/or files: 
[18.301s] -- Added test 'flake8' to check Python code syntax and style conventions
[18.301s] -- Added test 'lint_cmake' to check CMake code style
[18.302s] -- Added test 'pep257' to check Python code against some of the docstring style conventions in PEP 257
[18.303s] -- Added test 'uncrustify' to check C / C++ code style
[18.303s] -- Configured uncrustify additional arguments: 
[18.303s] -- Added test 'xmllint' to check XML markup files
[18.308s] -- Configuring done
[18.523s] -- Generating done
[18.526s] -- Build files have been written to: /home/aurora/RM25/build/nav2_map_server
[18.537s] Invoked command in '/home/aurora/RM25/build/nav2_map_server' returned '0': CMAKE_PREFIX_PATH=/home/aurora/RM25/install/nav2_util:/home/aurora/RM25/install/nav2_msgs:/home/aurora/RM25/install/nav2_common:/home/aurora/RM25/install/nav2_constrained_smoother:/home/aurora/RM25/install/rm_robot_description:/home/aurora/RM25/install/opennav_docking_core:/home/aurora/RM25/install/nav_2d_utils:/home/aurora/RM25/install/dwb_msgs:/home/aurora/RM25/install/nav_2d_msgs:/home/aurora/RM25/install/nav2_core:/home/aurora/RM25/install/costmap_queue:/home/aurora/RM25/install/nav2_costmap_2d:/home/aurora/RM25/install/nav2_voxel_grid:/home/aurora/RM25/install/nav2_velocity_smoother:/home/aurora/RM25/install/nav2_rviz_plugins:/home/aurora/RM25/install/nav2_map_server:/home/aurora/RM25/install/nav2_lifecycle_manager:/home/aurora/RM25/install/nav2_behavior_tree:/home/aurora/RM25/install/nav2_amcl:/home/aurora/ws_helloworld/install/pkg01_helloworld_cpp:/home/aurora/ws_helloworld/install/learning_tf2_cpp:/home/aurora/RM25/install/nav2_simple_commander:/home/aurora/RM25/install/nav2_loopback_sim:/home/aurora/ws_helloworld/install/pkg02_helloworld_py:/opt/ros/humble LD_LIBRARY_PATH=/home/aurora/RM25/install/nav2_util/lib:/home/aurora/RM25/install/nav2_msgs/lib:/home/aurora/RM25/install/nav2_constrained_smoother/lib:/home/aurora/RM25/install/nav_2d_utils/lib:/home/aurora/RM25/install/dwb_msgs/lib:/home/aurora/RM25/install/nav_2d_msgs/lib:/home/aurora/RM25/install/costmap_queue/lib:/home/aurora/RM25/install/nav2_costmap_2d/lib:/home/aurora/RM25/install/nav2_voxel_grid/lib:/home/aurora/RM25/install/nav2_velocity_smoother/lib:/home/aurora/RM25/install/nav2_rviz_plugins/lib:/home/aurora/RM25/install/nav2_map_server/lib:/home/aurora/RM25/install/nav2_lifecycle_manager/lib:/home/aurora/RM25/install/nav2_behavior_tree/lib:/home/aurora/RM25/install/nav2_amcl/lib:/usr/lib/x86_64-linux-gnu/gazebo-11/plugins:/opt/ros/humble/opt/rviz_ogre_vendor/lib:/opt/ros/humble/lib/x86_64-linux-gnu:/opt/ros/humble/lib /usr/bin/cmake /home/aurora/RM25/src/rm_navigation2/nav2_map_server -DCMAKE_INSTALL_PREFIX=/home/aurora/RM25/install/nav2_map_server
[18.540s] Invoking command in '/home/aurora/RM25/build/nav2_map_server': CMAKE_PREFIX_PATH=/home/aurora/RM25/install/nav2_util:/home/aurora/RM25/install/nav2_msgs:/home/aurora/RM25/install/nav2_common:/home/aurora/RM25/install/nav2_constrained_smoother:/home/aurora/RM25/install/rm_robot_description:/home/aurora/RM25/install/opennav_docking_core:/home/aurora/RM25/install/nav_2d_utils:/home/aurora/RM25/install/dwb_msgs:/home/aurora/RM25/install/nav_2d_msgs:/home/aurora/RM25/install/nav2_core:/home/aurora/RM25/install/costmap_queue:/home/aurora/RM25/install/nav2_costmap_2d:/home/aurora/RM25/install/nav2_voxel_grid:/home/aurora/RM25/install/nav2_velocity_smoother:/home/aurora/RM25/install/nav2_rviz_plugins:/home/aurora/RM25/install/nav2_map_server:/home/aurora/RM25/install/nav2_lifecycle_manager:/home/aurora/RM25/install/nav2_behavior_tree:/home/aurora/RM25/install/nav2_amcl:/home/aurora/ws_helloworld/install/pkg01_helloworld_cpp:/home/aurora/ws_helloworld/install/learning_tf2_cpp:/home/aurora/RM25/install/nav2_simple_commander:/home/aurora/RM25/install/nav2_loopback_sim:/home/aurora/ws_helloworld/install/pkg02_helloworld_py:/opt/ros/humble LD_LIBRARY_PATH=/home/aurora/RM25/install/nav2_util/lib:/home/aurora/RM25/install/nav2_msgs/lib:/home/aurora/RM25/install/nav2_constrained_smoother/lib:/home/aurora/RM25/install/nav_2d_utils/lib:/home/aurora/RM25/install/dwb_msgs/lib:/home/aurora/RM25/install/nav_2d_msgs/lib:/home/aurora/RM25/install/costmap_queue/lib:/home/aurora/RM25/install/nav2_costmap_2d/lib:/home/aurora/RM25/install/nav2_voxel_grid/lib:/home/aurora/RM25/install/nav2_velocity_smoother/lib:/home/aurora/RM25/install/nav2_rviz_plugins/lib:/home/aurora/RM25/install/nav2_map_server/lib:/home/aurora/RM25/install/nav2_lifecycle_manager/lib:/home/aurora/RM25/install/nav2_behavior_tree/lib:/home/aurora/RM25/install/nav2_amcl/lib:/usr/lib/x86_64-linux-gnu/gazebo-11/plugins:/opt/ros/humble/opt/rviz_ogre_vendor/lib:/opt/ros/humble/lib/x86_64-linux-gnu:/opt/ros/humble/lib /usr/bin/cmake --build /home/aurora/RM25/build/nav2_map_server -- -j20 -l20
[18.570s] [35m[1mConsolidate compiler generated dependencies of target gtest[0m
[18.570s] [35m[1mConsolidate compiler generated dependencies of target gtest_main[0m
[18.571s] [35m[1mConsolidate compiler generated dependencies of target map_io[0m
[18.581s] [ 11%] Built target gtest_main
[18.581s] [ 11%] Built target gtest
[18.590s] [ 19%] Built target map_io
[18.595s] [35m[1mConsolidate compiler generated dependencies of target test_map_saver_cli[0m
[18.600s] [35m[1mConsolidate compiler generated dependencies of target test_map_io[0m
[18.603s] [35m[1mConsolidate compiler generated dependencies of target test_map_saver_publisher[0m
[18.604s] [35m[1mConsolidate compiler generated dependencies of target map_server_core[0m
[18.611s] [ 27%] Built target test_map_saver_cli
[18.614s] [ 36%] Built target test_map_saver_publisher
[18.614s] [ 44%] Built target test_map_io
[18.622s] [ 55%] Built target map_server_core
[18.632s] [35m[1mConsolidate compiler generated dependencies of target map_saver_cli[0m
[18.634s] [35m[1mConsolidate compiler generated dependencies of target map_server[0m
[18.634s] [35m[1mConsolidate compiler generated dependencies of target test_map_server_node[0m
[18.634s] [35m[1mConsolidate compiler generated dependencies of target map_saver_server[0m
[18.634s] [35m[1mConsolidate compiler generated dependencies of target test_map_saver_node[0m
[18.634s] [35m[1mConsolidate compiler generated dependencies of target test_costmap_filter_info_server[0m
[18.637s] [35m[1mConsolidate compiler generated dependencies of target costmap_filter_info_server[0m
[18.646s] [ 66%] Built target map_saver_cli
[18.646s] [ 69%] Built target test_map_saver_node
[18.647s] [ 77%] Built target test_map_server_node
[18.648s] [ 83%] Built target map_server
[18.650s] [ 88%] Built target test_costmap_filter_info_server
[18.651s] [ 94%] Built target map_saver_server
[18.652s] [100%] Built target costmap_filter_info_server
[18.661s] Invoked command in '/home/aurora/RM25/build/nav2_map_server' returned '0': CMAKE_PREFIX_PATH=/home/aurora/RM25/install/nav2_util:/home/aurora/RM25/install/nav2_msgs:/home/aurora/RM25/install/nav2_common:/home/aurora/RM25/install/nav2_constrained_smoother:/home/aurora/RM25/install/rm_robot_description:/home/aurora/RM25/install/opennav_docking_core:/home/aurora/RM25/install/nav_2d_utils:/home/aurora/RM25/install/dwb_msgs:/home/aurora/RM25/install/nav_2d_msgs:/home/aurora/RM25/install/nav2_core:/home/aurora/RM25/install/costmap_queue:/home/aurora/RM25/install/nav2_costmap_2d:/home/aurora/RM25/install/nav2_voxel_grid:/home/aurora/RM25/install/nav2_velocity_smoother:/home/aurora/RM25/install/nav2_rviz_plugins:/home/aurora/RM25/install/nav2_map_server:/home/aurora/RM25/install/nav2_lifecycle_manager:/home/aurora/RM25/install/nav2_behavior_tree:/home/aurora/RM25/install/nav2_amcl:/home/aurora/ws_helloworld/install/pkg01_helloworld_cpp:/home/aurora/ws_helloworld/install/learning_tf2_cpp:/home/aurora/RM25/install/nav2_simple_commander:/home/aurora/RM25/install/nav2_loopback_sim:/home/aurora/ws_helloworld/install/pkg02_helloworld_py:/opt/ros/humble LD_LIBRARY_PATH=/home/aurora/RM25/install/nav2_util/lib:/home/aurora/RM25/install/nav2_msgs/lib:/home/aurora/RM25/install/nav2_constrained_smoother/lib:/home/aurora/RM25/install/nav_2d_utils/lib:/home/aurora/RM25/install/dwb_msgs/lib:/home/aurora/RM25/install/nav_2d_msgs/lib:/home/aurora/RM25/install/costmap_queue/lib:/home/aurora/RM25/install/nav2_costmap_2d/lib:/home/aurora/RM25/install/nav2_voxel_grid/lib:/home/aurora/RM25/install/nav2_velocity_smoother/lib:/home/aurora/RM25/install/nav2_rviz_plugins/lib:/home/aurora/RM25/install/nav2_map_server/lib:/home/aurora/RM25/install/nav2_lifecycle_manager/lib:/home/aurora/RM25/install/nav2_behavior_tree/lib:/home/aurora/RM25/install/nav2_amcl/lib:/usr/lib/x86_64-linux-gnu/gazebo-11/plugins:/opt/ros/humble/opt/rviz_ogre_vendor/lib:/opt/ros/humble/lib/x86_64-linux-gnu:/opt/ros/humble/lib /usr/bin/cmake --build /home/aurora/RM25/build/nav2_map_server -- -j20 -l20
[18.711s] Invoking command in '/home/aurora/RM25/build/nav2_map_server': CMAKE_PREFIX_PATH=/home/aurora/RM25/install/nav2_util:/home/aurora/RM25/install/nav2_msgs:/home/aurora/RM25/install/nav2_common:/home/aurora/RM25/install/nav2_constrained_smoother:/home/aurora/RM25/install/rm_robot_description:/home/aurora/RM25/install/opennav_docking_core:/home/aurora/RM25/install/nav_2d_utils:/home/aurora/RM25/install/dwb_msgs:/home/aurora/RM25/install/nav_2d_msgs:/home/aurora/RM25/install/nav2_core:/home/aurora/RM25/install/costmap_queue:/home/aurora/RM25/install/nav2_costmap_2d:/home/aurora/RM25/install/nav2_voxel_grid:/home/aurora/RM25/install/nav2_velocity_smoother:/home/aurora/RM25/install/nav2_rviz_plugins:/home/aurora/RM25/install/nav2_map_server:/home/aurora/RM25/install/nav2_lifecycle_manager:/home/aurora/RM25/install/nav2_behavior_tree:/home/aurora/RM25/install/nav2_amcl:/home/aurora/ws_helloworld/install/pkg01_helloworld_cpp:/home/aurora/ws_helloworld/install/learning_tf2_cpp:/home/aurora/RM25/install/nav2_simple_commander:/home/aurora/RM25/install/nav2_loopback_sim:/home/aurora/ws_helloworld/install/pkg02_helloworld_py:/opt/ros/humble LD_LIBRARY_PATH=/home/aurora/RM25/install/nav2_util/lib:/home/aurora/RM25/install/nav2_msgs/lib:/home/aurora/RM25/install/nav2_constrained_smoother/lib:/home/aurora/RM25/install/nav_2d_utils/lib:/home/aurora/RM25/install/dwb_msgs/lib:/home/aurora/RM25/install/nav_2d_msgs/lib:/home/aurora/RM25/install/costmap_queue/lib:/home/aurora/RM25/install/nav2_costmap_2d/lib:/home/aurora/RM25/install/nav2_voxel_grid/lib:/home/aurora/RM25/install/nav2_velocity_smoother/lib:/home/aurora/RM25/install/nav2_rviz_plugins/lib:/home/aurora/RM25/install/nav2_map_server/lib:/home/aurora/RM25/install/nav2_lifecycle_manager/lib:/home/aurora/RM25/install/nav2_behavior_tree/lib:/home/aurora/RM25/install/nav2_amcl/lib:/usr/lib/x86_64-linux-gnu/gazebo-11/plugins:/opt/ros/humble/opt/rviz_ogre_vendor/lib:/opt/ros/humble/lib/x86_64-linux-gnu:/opt/ros/humble/lib /usr/bin/cmake --install /home/aurora/RM25/build/nav2_map_server
[18.720s] -- Install configuration: "Release"
[18.720s] -- Execute custom install script
[18.720s] -- Up-to-date symlink: /home/aurora/RM25/install/nav2_map_server/lib/libmap_server_core.so
[18.720s] -- Up-to-date symlink: /home/aurora/RM25/install/nav2_map_server/lib/libmap_io.so
[18.721s] -- Up-to-date symlink: /home/aurora/RM25/install/nav2_map_server/lib/nav2_map_server/map_server
[18.721s] -- Up-to-date symlink: /home/aurora/RM25/install/nav2_map_server/lib/nav2_map_server/map_saver_cli
[18.721s] -- Up-to-date symlink: /home/aurora/RM25/install/nav2_map_server/lib/nav2_map_server/map_saver_server
[18.721s] -- Up-to-date symlink: /home/aurora/RM25/install/nav2_map_server/lib/nav2_map_server/costmap_filter_info_server
[18.722s] -- Up-to-date symlink: /home/aurora/RM25/install/nav2_map_server/include//nav2_map_server/costmap_filter_info_server.hpp
[18.722s] -- Up-to-date symlink: /home/aurora/RM25/install/nav2_map_server/include//nav2_map_server/map_io.hpp
[18.722s] -- Up-to-date symlink: /home/aurora/RM25/install/nav2_map_server/include//nav2_map_server/map_mode.hpp
[18.723s] -- Up-to-date symlink: /home/aurora/RM25/install/nav2_map_server/include//nav2_map_server/map_saver.hpp
[18.723s] -- Up-to-date symlink: /home/aurora/RM25/install/nav2_map_server/include//nav2_map_server/map_server.hpp
[18.723s] -- Up-to-date symlink: /home/aurora/RM25/install/nav2_map_server/share/nav2_map_server/launch/map_saver_server.launch.py
[18.723s] -- Up-to-date symlink: /home/aurora/RM25/install/nav2_map_server/share/nav2_map_server/environment/library_path.sh
[18.724s] -- Up-to-date symlink: /home/aurora/RM25/install/nav2_map_server/share/nav2_map_server/environment/library_path.dsv
[18.724s] -- Up-to-date symlink: /home/aurora/RM25/install/nav2_map_server/share/ament_index/resource_index/package_run_dependencies/nav2_map_server
[18.725s] -- Up-to-date symlink: /home/aurora/RM25/install/nav2_map_server/share/ament_index/resource_index/parent_prefix_path/nav2_map_server
[18.725s] -- Up-to-date symlink: /home/aurora/RM25/install/nav2_map_server/share/nav2_map_server/environment/ament_prefix_path.sh
[18.725s] -- Up-to-date symlink: /home/aurora/RM25/install/nav2_map_server/share/nav2_map_server/environment/ament_prefix_path.dsv
[18.726s] -- Up-to-date symlink: /home/aurora/RM25/install/nav2_map_server/share/nav2_map_server/environment/path.sh
[18.726s] -- Up-to-date symlink: /home/aurora/RM25/install/nav2_map_server/share/nav2_map_server/environment/path.dsv
[18.726s] -- Up-to-date symlink: /home/aurora/RM25/install/nav2_map_server/share/nav2_map_server/local_setup.bash
[18.727s] -- Up-to-date symlink: /home/aurora/RM25/install/nav2_map_server/share/nav2_map_server/local_setup.sh
[18.727s] -- Up-to-date symlink: /home/aurora/RM25/install/nav2_map_server/share/nav2_map_server/local_setup.zsh
[18.727s] -- Up-to-date symlink: /home/aurora/RM25/install/nav2_map_server/share/nav2_map_server/local_setup.dsv
[18.727s] -- Symlinking: /home/aurora/RM25/install/nav2_map_server/share/nav2_map_server/package.dsv
[18.735s] -- Up-to-date symlink: /home/aurora/RM25/install/nav2_map_server/share/ament_index/resource_index/packages/nav2_map_server
[18.735s] -- Up-to-date symlink: /home/aurora/RM25/install/nav2_map_server/share/ament_index/resource_index/rclcpp_components/nav2_map_server
[18.736s] -- Up-to-date symlink: /home/aurora/RM25/install/nav2_map_server/share/nav2_map_server/cmake/ament_cmake_export_include_directories-extras.cmake
[18.736s] -- Up-to-date symlink: /home/aurora/RM25/install/nav2_map_server/share/nav2_map_server/cmake/ament_cmake_export_libraries-extras.cmake
[18.736s] -- Up-to-date symlink: /home/aurora/RM25/install/nav2_map_server/share/nav2_map_server/cmake/ament_cmake_export_dependencies-extras.cmake
[18.737s] -- Up-to-date symlink: /home/aurora/RM25/install/nav2_map_server/share/nav2_map_server/cmake/nav2_map_serverConfig.cmake
[18.737s] -- Up-to-date symlink: /home/aurora/RM25/install/nav2_map_server/share/nav2_map_server/cmake/nav2_map_serverConfig-version.cmake
[18.738s] -- Up-to-date symlink: /home/aurora/RM25/install/nav2_map_server/share/nav2_map_server/package.xml
[18.739s] Invoked command in '/home/aurora/RM25/build/nav2_map_server' returned '0': CMAKE_PREFIX_PATH=/home/aurora/RM25/install/nav2_util:/home/aurora/RM25/install/nav2_msgs:/home/aurora/RM25/install/nav2_common:/home/aurora/RM25/install/nav2_constrained_smoother:/home/aurora/RM25/install/rm_robot_description:/home/aurora/RM25/install/opennav_docking_core:/home/aurora/RM25/install/nav_2d_utils:/home/aurora/RM25/install/dwb_msgs:/home/aurora/RM25/install/nav_2d_msgs:/home/aurora/RM25/install/nav2_core:/home/aurora/RM25/install/costmap_queue:/home/aurora/RM25/install/nav2_costmap_2d:/home/aurora/RM25/install/nav2_voxel_grid:/home/aurora/RM25/install/nav2_velocity_smoother:/home/aurora/RM25/install/nav2_rviz_plugins:/home/aurora/RM25/install/nav2_map_server:/home/aurora/RM25/install/nav2_lifecycle_manager:/home/aurora/RM25/install/nav2_behavior_tree:/home/aurora/RM25/install/nav2_amcl:/home/aurora/ws_helloworld/install/pkg01_helloworld_cpp:/home/aurora/ws_helloworld/install/learning_tf2_cpp:/home/aurora/RM25/install/nav2_simple_commander:/home/aurora/RM25/install/nav2_loopback_sim:/home/aurora/ws_helloworld/install/pkg02_helloworld_py:/opt/ros/humble LD_LIBRARY_PATH=/home/aurora/RM25/install/nav2_util/lib:/home/aurora/RM25/install/nav2_msgs/lib:/home/aurora/RM25/install/nav2_constrained_smoother/lib:/home/aurora/RM25/install/nav_2d_utils/lib:/home/aurora/RM25/install/dwb_msgs/lib:/home/aurora/RM25/install/nav_2d_msgs/lib:/home/aurora/RM25/install/costmap_queue/lib:/home/aurora/RM25/install/nav2_costmap_2d/lib:/home/aurora/RM25/install/nav2_voxel_grid/lib:/home/aurora/RM25/install/nav2_velocity_smoother/lib:/home/aurora/RM25/install/nav2_rviz_plugins/lib:/home/aurora/RM25/install/nav2_map_server/lib:/home/aurora/RM25/install/nav2_lifecycle_manager/lib:/home/aurora/RM25/install/nav2_behavior_tree/lib:/home/aurora/RM25/install/nav2_amcl/lib:/usr/lib/x86_64-linux-gnu/gazebo-11/plugins:/opt/ros/humble/opt/rviz_ogre_vendor/lib:/opt/ros/humble/lib/x86_64-linux-gnu:/opt/ros/humble/lib /usr/bin/cmake --install /home/aurora/RM25/build/nav2_map_server
