[0.197s] Invoking command in '/home/aurora/RM25/build/nav2_util': CMAKE_PREFIX_PATH=/home/aurora/RM25/install/nav2_msgs:/home/aurora/RM25/install/nav2_common:/home/aurora/RM25/install/nav2_constrained_smoother:/home/aurora/RM25/install/rm_robot_description:/home/aurora/RM25/install/opennav_docking_core:/home/aurora/RM25/install/nav_2d_utils:/home/aurora/RM25/install/dwb_msgs:/home/aurora/RM25/install/nav_2d_msgs:/home/aurora/RM25/install/nav2_core:/home/aurora/RM25/install/costmap_queue:/home/aurora/RM25/install/nav2_costmap_2d:/home/aurora/RM25/install/nav2_voxel_grid:/home/aurora/RM25/install/nav2_velocity_smoother:/home/aurora/RM25/install/nav2_rviz_plugins:/home/aurora/RM25/install/nav2_map_server:/home/aurora/RM25/install/nav2_lifecycle_manager:/home/aurora/RM25/install/nav2_behavior_tree:/home/aurora/RM25/install/nav2_amcl:/home/aurora/RM25/install/nav2_util:/home/aurora/ws_helloworld/install/pkg01_helloworld_cpp:/home/aurora/ws_helloworld/install/learning_tf2_cpp:/home/aurora/RM25/install/nav2_simple_commander:/home/aurora/RM25/install/nav2_loopback_sim:/home/aurora/ws_helloworld/install/pkg02_helloworld_py:/opt/ros/humble LD_LIBRARY_PATH=/home/aurora/RM25/install/nav2_msgs/lib:/home/aurora/RM25/install/nav2_constrained_smoother/lib:/home/aurora/RM25/install/nav_2d_utils/lib:/home/aurora/RM25/install/dwb_msgs/lib:/home/aurora/RM25/install/nav_2d_msgs/lib:/home/aurora/RM25/install/costmap_queue/lib:/home/aurora/RM25/install/nav2_costmap_2d/lib:/home/aurora/RM25/install/nav2_voxel_grid/lib:/home/aurora/RM25/install/nav2_velocity_smoother/lib:/home/aurora/RM25/install/nav2_rviz_plugins/lib:/home/aurora/RM25/install/nav2_map_server/lib:/home/aurora/RM25/install/nav2_lifecycle_manager/lib:/home/aurora/RM25/install/nav2_behavior_tree/lib:/home/aurora/RM25/install/nav2_amcl/lib:/home/aurora/RM25/install/nav2_util/lib:/usr/lib/x86_64-linux-gnu/gazebo-11/plugins:/opt/ros/humble/opt/rviz_ogre_vendor/lib:/opt/ros/humble/lib/x86_64-linux-gnu:/opt/ros/humble/lib /usr/bin/cmake /home/aurora/RM25/src/rm_navigation2/nav2_util -DCMAKE_INSTALL_PREFIX=/home/aurora/RM25/install/nav2_util
[0.204s] -- Found ament_cmake: 1.3.10 (/opt/ros/humble/share/ament_cmake/cmake)
[0.287s] -- Override CMake install command with custom implementation using symlinks instead of copying resources
[0.292s] -- Found nav2_common: 1.1.16 (/opt/ros/humble/share/nav2_common/cmake)
[0.292s] -- Found nav2_msgs: 1.1.17 (/home/aurora/RM25/install/nav2_msgs/share/nav2_msgs/cmake)
[0.508s] -- Found rosidl_generator_c: 3.1.5 (/opt/ros/humble/share/rosidl_generator_c/cmake)
[0.510s] -- Found rosidl_adapter: 3.1.5 (/opt/ros/humble/share/rosidl_adapter/cmake)
[0.513s] -- Found rosidl_generator_cpp: 3.1.5 (/opt/ros/humble/share/rosidl_generator_cpp/cmake)
[0.519s] -- Using all available rosidl_typesupport_c: rosidl_typesupport_fastrtps_c;rosidl_typesupport_introspection_c
[0.527s] -- Using all available rosidl_typesupport_cpp: rosidl_typesupport_fastrtps_cpp;rosidl_typesupport_introspection_cpp
[0.594s] -- Found tf2_ros: 0.25.8 (/opt/ros/humble/share/tf2_ros/cmake)
[0.626s] -- Found rmw_implementation_cmake: 6.1.2 (/opt/ros/humble/share/rmw_implementation_cmake/cmake)
[0.627s] -- Found rmw_fastrtps_cpp: 6.2.7 (/opt/ros/humble/share/rmw_fastrtps_cpp/cmake)
[9.416s] -- Using RMW implementation 'rmw_fastrtps_cpp' as default
[9.460s] -- Found tf2_geometry_msgs: 0.25.8 (/opt/ros/humble/share/tf2_geometry_msgs/cmake)
[9.462s] -- Found eigen3_cmake_module: 0.1.1 (/opt/ros/humble/share/eigen3_cmake_module/cmake)
[9.462s] -- Ensuring Eigen3 include directory is part of orocos-kdl CMake target
[9.463s] -- Found lifecycle_msgs: 1.2.1 (/opt/ros/humble/share/lifecycle_msgs/cmake)
[9.468s] -- Found rclcpp_lifecycle: 16.0.10 (/opt/ros/humble/share/rclcpp_lifecycle/cmake)
[9.472s] -- Found bondcpp: 3.0.2 (/opt/ros/humble/share/bondcpp/cmake)
[9.506s] -- Found ament_lint_auto: 0.12.11 (/opt/ros/humble/share/ament_lint_auto/cmake)
[9.507s] -- Found ament_cmake_pytest: 1.3.10 (/opt/ros/humble/share/ament_cmake_pytest/cmake)
[9.509s] -- Found launch_testing_ament_cmake: 1.0.6 (/opt/ros/humble/share/launch_testing_ament_cmake/cmake)
[9.510s] -- Found python_cmake_module: 0.10.0 (/opt/ros/humble/share/python_cmake_module/cmake)
[9.530s] -- Using PYTHON_EXECUTABLE: /usr/bin/python3
[9.530s] -- Using PYTHON_INCLUDE_DIRS: /usr/include/python3.10
[9.530s] -- Using PYTHON_LIBRARIES: /usr/lib/x86_64-linux-gnu/libpython3.10.so
[13.876s] -- Found gtest sources under '/opt/ros/humble/src/gtest_vendor': C++ tests using 'Google Test' will be built
[13.901s] -- Added test 'copyright' to check source files copyright and LICENSE
[13.903s] -- Added test 'cppcheck' to perform static code analysis on C / C++ code
[13.903s] -- Configured cppcheck include dirs: /home/aurora/RM25/src/rm_navigation2/nav2_util/include
[13.903s] -- Configured cppcheck exclude dirs and/or files: 
[13.903s] -- Added test 'cpplint' to check C / C++ code against the Google style
[13.903s] -- Configured cpplint exclude dirs and/or files: 
[13.904s] -- Added test 'lint_cmake' to check CMake code style
[13.904s] -- Added test 'uncrustify' to check C / C++ code style
[13.905s] -- Configured uncrustify additional arguments: 
[13.905s] -- Added test 'xmllint' to check XML markup files
[13.907s] -- Configuring done
[13.998s] -- Generating done
[14.000s] -- Build files have been written to: /home/aurora/RM25/build/nav2_util
[14.008s] Invoked command in '/home/aurora/RM25/build/nav2_util' returned '0': CMAKE_PREFIX_PATH=/home/aurora/RM25/install/nav2_msgs:/home/aurora/RM25/install/nav2_common:/home/aurora/RM25/install/nav2_constrained_smoother:/home/aurora/RM25/install/rm_robot_description:/home/aurora/RM25/install/opennav_docking_core:/home/aurora/RM25/install/nav_2d_utils:/home/aurora/RM25/install/dwb_msgs:/home/aurora/RM25/install/nav_2d_msgs:/home/aurora/RM25/install/nav2_core:/home/aurora/RM25/install/costmap_queue:/home/aurora/RM25/install/nav2_costmap_2d:/home/aurora/RM25/install/nav2_voxel_grid:/home/aurora/RM25/install/nav2_velocity_smoother:/home/aurora/RM25/install/nav2_rviz_plugins:/home/aurora/RM25/install/nav2_map_server:/home/aurora/RM25/install/nav2_lifecycle_manager:/home/aurora/RM25/install/nav2_behavior_tree:/home/aurora/RM25/install/nav2_amcl:/home/aurora/RM25/install/nav2_util:/home/aurora/ws_helloworld/install/pkg01_helloworld_cpp:/home/aurora/ws_helloworld/install/learning_tf2_cpp:/home/aurora/RM25/install/nav2_simple_commander:/home/aurora/RM25/install/nav2_loopback_sim:/home/aurora/ws_helloworld/install/pkg02_helloworld_py:/opt/ros/humble LD_LIBRARY_PATH=/home/aurora/RM25/install/nav2_msgs/lib:/home/aurora/RM25/install/nav2_constrained_smoother/lib:/home/aurora/RM25/install/nav_2d_utils/lib:/home/aurora/RM25/install/dwb_msgs/lib:/home/aurora/RM25/install/nav_2d_msgs/lib:/home/aurora/RM25/install/costmap_queue/lib:/home/aurora/RM25/install/nav2_costmap_2d/lib:/home/aurora/RM25/install/nav2_voxel_grid/lib:/home/aurora/RM25/install/nav2_velocity_smoother/lib:/home/aurora/RM25/install/nav2_rviz_plugins/lib:/home/aurora/RM25/install/nav2_map_server/lib:/home/aurora/RM25/install/nav2_lifecycle_manager/lib:/home/aurora/RM25/install/nav2_behavior_tree/lib:/home/aurora/RM25/install/nav2_amcl/lib:/home/aurora/RM25/install/nav2_util/lib:/usr/lib/x86_64-linux-gnu/gazebo-11/plugins:/opt/ros/humble/opt/rviz_ogre_vendor/lib:/opt/ros/humble/lib/x86_64-linux-gnu:/opt/ros/humble/lib /usr/bin/cmake /home/aurora/RM25/src/rm_navigation2/nav2_util -DCMAKE_INSTALL_PREFIX=/home/aurora/RM25/install/nav2_util
[14.010s] Invoking command in '/home/aurora/RM25/build/nav2_util': CMAKE_PREFIX_PATH=/home/aurora/RM25/install/nav2_msgs:/home/aurora/RM25/install/nav2_common:/home/aurora/RM25/install/nav2_constrained_smoother:/home/aurora/RM25/install/rm_robot_description:/home/aurora/RM25/install/opennav_docking_core:/home/aurora/RM25/install/nav_2d_utils:/home/aurora/RM25/install/dwb_msgs:/home/aurora/RM25/install/nav_2d_msgs:/home/aurora/RM25/install/nav2_core:/home/aurora/RM25/install/costmap_queue:/home/aurora/RM25/install/nav2_costmap_2d:/home/aurora/RM25/install/nav2_voxel_grid:/home/aurora/RM25/install/nav2_velocity_smoother:/home/aurora/RM25/install/nav2_rviz_plugins:/home/aurora/RM25/install/nav2_map_server:/home/aurora/RM25/install/nav2_lifecycle_manager:/home/aurora/RM25/install/nav2_behavior_tree:/home/aurora/RM25/install/nav2_amcl:/home/aurora/RM25/install/nav2_util:/home/aurora/ws_helloworld/install/pkg01_helloworld_cpp:/home/aurora/ws_helloworld/install/learning_tf2_cpp:/home/aurora/RM25/install/nav2_simple_commander:/home/aurora/RM25/install/nav2_loopback_sim:/home/aurora/ws_helloworld/install/pkg02_helloworld_py:/opt/ros/humble LD_LIBRARY_PATH=/home/aurora/RM25/install/nav2_msgs/lib:/home/aurora/RM25/install/nav2_constrained_smoother/lib:/home/aurora/RM25/install/nav_2d_utils/lib:/home/aurora/RM25/install/dwb_msgs/lib:/home/aurora/RM25/install/nav_2d_msgs/lib:/home/aurora/RM25/install/costmap_queue/lib:/home/aurora/RM25/install/nav2_costmap_2d/lib:/home/aurora/RM25/install/nav2_voxel_grid/lib:/home/aurora/RM25/install/nav2_velocity_smoother/lib:/home/aurora/RM25/install/nav2_rviz_plugins/lib:/home/aurora/RM25/install/nav2_map_server/lib:/home/aurora/RM25/install/nav2_lifecycle_manager/lib:/home/aurora/RM25/install/nav2_behavior_tree/lib:/home/aurora/RM25/install/nav2_amcl/lib:/home/aurora/RM25/install/nav2_util/lib:/usr/lib/x86_64-linux-gnu/gazebo-11/plugins:/opt/ros/humble/opt/rviz_ogre_vendor/lib:/opt/ros/humble/lib/x86_64-linux-gnu:/opt/ros/humble/lib /usr/bin/cmake --build /home/aurora/RM25/build/nav2_util -- -j20 -l20
[14.034s] [35m[1mConsolidate compiler generated dependencies of target gtest_main[0m
[14.034s] [35m[1mConsolidate compiler generated dependencies of target gtest[0m
[14.040s] [35m[1mConsolidate compiler generated dependencies of target nav2_util_core[0m
[14.041s] [ 10%] Built target gtest
[14.041s] [ 10%] Built target gtest_main
[14.047s] [35m[1mConsolidate compiler generated dependencies of target test_execution_timer[0m
[14.056s] [ 15%] Built target test_execution_timer
[14.059s] [ 40%] Built target nav2_util_core
[14.067s] [35m[1mConsolidate compiler generated dependencies of target test_lifecycle_utils[0m
[14.067s] [35m[1mConsolidate compiler generated dependencies of target test_service_client[0m
[14.068s] [35m[1mConsolidate compiler generated dependencies of target test_string_utils[0m
[14.068s] [35m[1mConsolidate compiler generated dependencies of target test_robot_utils[0m
[14.068s] [35m[1mConsolidate compiler generated dependencies of target test_node_utils[0m
[14.068s] [35m[1mConsolidate compiler generated dependencies of target test_geometry_utils[0m
[14.069s] [35m[1mConsolidate compiler generated dependencies of target lifecycle_bringup[0m
[14.069s] [35m[1mConsolidate compiler generated dependencies of target test_lifecycle_node[0m
[14.069s] [35m[1mConsolidate compiler generated dependencies of target test_actions[0m
[14.069s] [35m[1mConsolidate compiler generated dependencies of target test_validation_messages[0m
[14.071s] [35m[1mConsolidate compiler generated dependencies of target test_lifecycle_cli_node[0m
[14.071s] [35m[1mConsolidate compiler generated dependencies of target test_odometry_utils[0m
[14.079s] [ 50%] Built target test_string_utils
[14.080s] [ 50%] Built target test_validation_messages
[14.081s] [ 55%] Built target test_lifecycle_utils
[14.081s] [ 60%] Built target test_service_client
[14.083s] [ 70%] Built target lifecycle_bringup
[14.084s] [ 70%] Built target test_robot_utils
[14.084s] [ 75%] Built target test_geometry_utils
[14.084s] [ 80%] Built target test_lifecycle_node
[14.084s] [ 85%] Built target test_lifecycle_cli_node
[14.084s] [ 90%] Built target test_node_utils
[14.086s] [ 95%] Built target test_odometry_utils
[14.087s] [100%] Built target test_actions
[14.094s] Invoked command in '/home/aurora/RM25/build/nav2_util' returned '0': CMAKE_PREFIX_PATH=/home/aurora/RM25/install/nav2_msgs:/home/aurora/RM25/install/nav2_common:/home/aurora/RM25/install/nav2_constrained_smoother:/home/aurora/RM25/install/rm_robot_description:/home/aurora/RM25/install/opennav_docking_core:/home/aurora/RM25/install/nav_2d_utils:/home/aurora/RM25/install/dwb_msgs:/home/aurora/RM25/install/nav_2d_msgs:/home/aurora/RM25/install/nav2_core:/home/aurora/RM25/install/costmap_queue:/home/aurora/RM25/install/nav2_costmap_2d:/home/aurora/RM25/install/nav2_voxel_grid:/home/aurora/RM25/install/nav2_velocity_smoother:/home/aurora/RM25/install/nav2_rviz_plugins:/home/aurora/RM25/install/nav2_map_server:/home/aurora/RM25/install/nav2_lifecycle_manager:/home/aurora/RM25/install/nav2_behavior_tree:/home/aurora/RM25/install/nav2_amcl:/home/aurora/RM25/install/nav2_util:/home/aurora/ws_helloworld/install/pkg01_helloworld_cpp:/home/aurora/ws_helloworld/install/learning_tf2_cpp:/home/aurora/RM25/install/nav2_simple_commander:/home/aurora/RM25/install/nav2_loopback_sim:/home/aurora/ws_helloworld/install/pkg02_helloworld_py:/opt/ros/humble LD_LIBRARY_PATH=/home/aurora/RM25/install/nav2_msgs/lib:/home/aurora/RM25/install/nav2_constrained_smoother/lib:/home/aurora/RM25/install/nav_2d_utils/lib:/home/aurora/RM25/install/dwb_msgs/lib:/home/aurora/RM25/install/nav_2d_msgs/lib:/home/aurora/RM25/install/costmap_queue/lib:/home/aurora/RM25/install/nav2_costmap_2d/lib:/home/aurora/RM25/install/nav2_voxel_grid/lib:/home/aurora/RM25/install/nav2_velocity_smoother/lib:/home/aurora/RM25/install/nav2_rviz_plugins/lib:/home/aurora/RM25/install/nav2_map_server/lib:/home/aurora/RM25/install/nav2_lifecycle_manager/lib:/home/aurora/RM25/install/nav2_behavior_tree/lib:/home/aurora/RM25/install/nav2_amcl/lib:/home/aurora/RM25/install/nav2_util/lib:/usr/lib/x86_64-linux-gnu/gazebo-11/plugins:/opt/ros/humble/opt/rviz_ogre_vendor/lib:/opt/ros/humble/lib/x86_64-linux-gnu:/opt/ros/humble/lib /usr/bin/cmake --build /home/aurora/RM25/build/nav2_util -- -j20 -l20
[14.121s] Invoking command in '/home/aurora/RM25/build/nav2_util': CMAKE_PREFIX_PATH=/home/aurora/RM25/install/nav2_msgs:/home/aurora/RM25/install/nav2_common:/home/aurora/RM25/install/nav2_constrained_smoother:/home/aurora/RM25/install/rm_robot_description:/home/aurora/RM25/install/opennav_docking_core:/home/aurora/RM25/install/nav_2d_utils:/home/aurora/RM25/install/dwb_msgs:/home/aurora/RM25/install/nav_2d_msgs:/home/aurora/RM25/install/nav2_core:/home/aurora/RM25/install/costmap_queue:/home/aurora/RM25/install/nav2_costmap_2d:/home/aurora/RM25/install/nav2_voxel_grid:/home/aurora/RM25/install/nav2_velocity_smoother:/home/aurora/RM25/install/nav2_rviz_plugins:/home/aurora/RM25/install/nav2_map_server:/home/aurora/RM25/install/nav2_lifecycle_manager:/home/aurora/RM25/install/nav2_behavior_tree:/home/aurora/RM25/install/nav2_amcl:/home/aurora/RM25/install/nav2_util:/home/aurora/ws_helloworld/install/pkg01_helloworld_cpp:/home/aurora/ws_helloworld/install/learning_tf2_cpp:/home/aurora/RM25/install/nav2_simple_commander:/home/aurora/RM25/install/nav2_loopback_sim:/home/aurora/ws_helloworld/install/pkg02_helloworld_py:/opt/ros/humble LD_LIBRARY_PATH=/home/aurora/RM25/install/nav2_msgs/lib:/home/aurora/RM25/install/nav2_constrained_smoother/lib:/home/aurora/RM25/install/nav_2d_utils/lib:/home/aurora/RM25/install/dwb_msgs/lib:/home/aurora/RM25/install/nav_2d_msgs/lib:/home/aurora/RM25/install/costmap_queue/lib:/home/aurora/RM25/install/nav2_costmap_2d/lib:/home/aurora/RM25/install/nav2_voxel_grid/lib:/home/aurora/RM25/install/nav2_velocity_smoother/lib:/home/aurora/RM25/install/nav2_rviz_plugins/lib:/home/aurora/RM25/install/nav2_map_server/lib:/home/aurora/RM25/install/nav2_lifecycle_manager/lib:/home/aurora/RM25/install/nav2_behavior_tree/lib:/home/aurora/RM25/install/nav2_amcl/lib:/home/aurora/RM25/install/nav2_util/lib:/usr/lib/x86_64-linux-gnu/gazebo-11/plugins:/opt/ros/humble/opt/rviz_ogre_vendor/lib:/opt/ros/humble/lib/x86_64-linux-gnu:/opt/ros/humble/lib /usr/bin/cmake --install /home/aurora/RM25/build/nav2_util
[14.124s] -- Install configuration: "Release"
[14.125s] -- Execute custom install script
[14.125s] -- Up-to-date symlink: /home/aurora/RM25/install/nav2_util/lib/libnav2_util_core.so
[14.125s] -- Up-to-date symlink: /home/aurora/RM25/install/nav2_util/lib/nav2_util/lifecycle_bringup
[14.126s] -- Up-to-date symlink: /home/aurora/RM25/install/nav2_util/include//nav2_util/clear_entirely_costmap_service_client.hpp
[14.126s] -- Up-to-date symlink: /home/aurora/RM25/install/nav2_util/include//nav2_util/costmap.hpp
[14.126s] -- Up-to-date symlink: /home/aurora/RM25/install/nav2_util/include//nav2_util/execution_timer.hpp
[14.126s] -- Up-to-date symlink: /home/aurora/RM25/install/nav2_util/include//nav2_util/geometry_utils.hpp
[14.126s] -- Up-to-date symlink: /home/aurora/RM25/install/nav2_util/include//nav2_util/lifecycle_node.hpp
[14.126s] -- Up-to-date symlink: /home/aurora/RM25/install/nav2_util/include//nav2_util/lifecycle_service_client.hpp
[14.127s] -- Up-to-date symlink: /home/aurora/RM25/install/nav2_util/include//nav2_util/lifecycle_utils.hpp
[14.127s] -- Up-to-date symlink: /home/aurora/RM25/install/nav2_util/include//nav2_util/line_iterator.hpp
[14.127s] -- Up-to-date symlink: /home/aurora/RM25/install/nav2_util/include//nav2_util/node_thread.hpp
[14.127s] -- Up-to-date symlink: /home/aurora/RM25/install/nav2_util/include//nav2_util/node_utils.hpp
[14.127s] -- Up-to-date symlink: /home/aurora/RM25/install/nav2_util/include//nav2_util/occ_grid_values.hpp
[14.127s] -- Up-to-date symlink: /home/aurora/RM25/install/nav2_util/include//nav2_util/odometry_utils.hpp
[14.128s] -- Up-to-date symlink: /home/aurora/RM25/install/nav2_util/include//nav2_util/robot_utils.hpp
[14.128s] -- Up-to-date symlink: /home/aurora/RM25/install/nav2_util/include//nav2_util/service_client.hpp
[14.128s] -- Up-to-date symlink: /home/aurora/RM25/install/nav2_util/include//nav2_util/simple_action_server.hpp
[14.128s] -- Up-to-date symlink: /home/aurora/RM25/install/nav2_util/include//nav2_util/string_utils.hpp
[14.128s] -- Up-to-date symlink: /home/aurora/RM25/install/nav2_util/include//nav2_util/validate_messages.hpp
[14.128s] -- Up-to-date symlink: /home/aurora/RM25/install/nav2_util/share/nav2_util/environment/library_path.sh
[14.129s] -- Up-to-date symlink: /home/aurora/RM25/install/nav2_util/share/nav2_util/environment/library_path.dsv
[14.129s] -- Up-to-date symlink: /home/aurora/RM25/install/nav2_util/share/ament_index/resource_index/package_run_dependencies/nav2_util
[14.129s] -- Up-to-date symlink: /home/aurora/RM25/install/nav2_util/share/ament_index/resource_index/parent_prefix_path/nav2_util
[14.129s] -- Up-to-date symlink: /home/aurora/RM25/install/nav2_util/share/nav2_util/environment/ament_prefix_path.sh
[14.129s] -- Up-to-date symlink: /home/aurora/RM25/install/nav2_util/share/nav2_util/environment/ament_prefix_path.dsv
[14.130s] -- Up-to-date symlink: /home/aurora/RM25/install/nav2_util/share/nav2_util/environment/path.sh
[14.130s] -- Up-to-date symlink: /home/aurora/RM25/install/nav2_util/share/nav2_util/environment/path.dsv
[14.130s] -- Up-to-date symlink: /home/aurora/RM25/install/nav2_util/share/nav2_util/local_setup.bash
[14.130s] -- Up-to-date symlink: /home/aurora/RM25/install/nav2_util/share/nav2_util/local_setup.sh
[14.131s] -- Up-to-date symlink: /home/aurora/RM25/install/nav2_util/share/nav2_util/local_setup.zsh
[14.131s] -- Up-to-date symlink: /home/aurora/RM25/install/nav2_util/share/nav2_util/local_setup.dsv
[14.131s] -- Symlinking: /home/aurora/RM25/install/nav2_util/share/nav2_util/package.dsv
[14.137s] -- Up-to-date symlink: /home/aurora/RM25/install/nav2_util/share/ament_index/resource_index/packages/nav2_util
[14.137s] -- Up-to-date symlink: /home/aurora/RM25/install/nav2_util/share/nav2_util/cmake/ament_cmake_export_include_directories-extras.cmake
[14.137s] -- Up-to-date symlink: /home/aurora/RM25/install/nav2_util/share/nav2_util/cmake/ament_cmake_export_libraries-extras.cmake
[14.137s] -- Up-to-date symlink: /home/aurora/RM25/install/nav2_util/share/nav2_util/cmake/ament_cmake_export_dependencies-extras.cmake
[14.137s] -- Up-to-date symlink: /home/aurora/RM25/install/nav2_util/share/nav2_util/cmake/nav2_utilConfig.cmake
[14.137s] -- Up-to-date symlink: /home/aurora/RM25/install/nav2_util/share/nav2_util/cmake/nav2_utilConfig-version.cmake
[14.137s] -- Up-to-date symlink: /home/aurora/RM25/install/nav2_util/share/nav2_util/package.xml
[14.140s] Invoked command in '/home/aurora/RM25/build/nav2_util' returned '0': CMAKE_PREFIX_PATH=/home/aurora/RM25/install/nav2_msgs:/home/aurora/RM25/install/nav2_common:/home/aurora/RM25/install/nav2_constrained_smoother:/home/aurora/RM25/install/rm_robot_description:/home/aurora/RM25/install/opennav_docking_core:/home/aurora/RM25/install/nav_2d_utils:/home/aurora/RM25/install/dwb_msgs:/home/aurora/RM25/install/nav_2d_msgs:/home/aurora/RM25/install/nav2_core:/home/aurora/RM25/install/costmap_queue:/home/aurora/RM25/install/nav2_costmap_2d:/home/aurora/RM25/install/nav2_voxel_grid:/home/aurora/RM25/install/nav2_velocity_smoother:/home/aurora/RM25/install/nav2_rviz_plugins:/home/aurora/RM25/install/nav2_map_server:/home/aurora/RM25/install/nav2_lifecycle_manager:/home/aurora/RM25/install/nav2_behavior_tree:/home/aurora/RM25/install/nav2_amcl:/home/aurora/RM25/install/nav2_util:/home/aurora/ws_helloworld/install/pkg01_helloworld_cpp:/home/aurora/ws_helloworld/install/learning_tf2_cpp:/home/aurora/RM25/install/nav2_simple_commander:/home/aurora/RM25/install/nav2_loopback_sim:/home/aurora/ws_helloworld/install/pkg02_helloworld_py:/opt/ros/humble LD_LIBRARY_PATH=/home/aurora/RM25/install/nav2_msgs/lib:/home/aurora/RM25/install/nav2_constrained_smoother/lib:/home/aurora/RM25/install/nav_2d_utils/lib:/home/aurora/RM25/install/dwb_msgs/lib:/home/aurora/RM25/install/nav_2d_msgs/lib:/home/aurora/RM25/install/costmap_queue/lib:/home/aurora/RM25/install/nav2_costmap_2d/lib:/home/aurora/RM25/install/nav2_voxel_grid/lib:/home/aurora/RM25/install/nav2_velocity_smoother/lib:/home/aurora/RM25/install/nav2_rviz_plugins/lib:/home/aurora/RM25/install/nav2_map_server/lib:/home/aurora/RM25/install/nav2_lifecycle_manager/lib:/home/aurora/RM25/install/nav2_behavior_tree/lib:/home/aurora/RM25/install/nav2_amcl/lib:/home/aurora/RM25/install/nav2_util/lib:/usr/lib/x86_64-linux-gnu/gazebo-11/plugins:/opt/ros/humble/opt/rviz_ogre_vendor/lib:/opt/ros/humble/lib/x86_64-linux-gnu:/opt/ros/humble/lib /usr/bin/cmake --install /home/aurora/RM25/build/nav2_util
