[1.310s] Invoking command in '/home/aurora/RM25/build/nav2_controller': CMAKE_PREFIX_PATH=/home/aurora/RM25/install/nav2_core:/home/aurora/RM25/install/nav2_costmap_2d:/home/aurora/RM25/install/nav_2d_utils:/home/aurora/RM25/install/nav2_map_server:/home/aurora/RM25/install/nav2_lifecycle_manager:/home/aurora/RM25/install/nav2_util:/home/aurora/RM25/install/nav2_voxel_grid:/home/aurora/RM25/install/nav2_msgs:/home/aurora/RM25/install/nav_2d_msgs:/home/aurora/RM25/install/nav2_common:/home/aurora/RM25/install/nav2_constrained_smoother:/home/aurora/RM25/install/rm_robot_description:/home/aurora/RM25/install/opennav_docking_core:/home/aurora/RM25/install/dwb_msgs:/home/aurora/RM25/install/costmap_queue:/home/aurora/RM25/install/nav2_velocity_smoother:/home/aurora/RM25/install/nav2_rviz_plugins:/home/aurora/RM25/install/nav2_behavior_tree:/home/aurora/RM25/install/nav2_amcl:/home/aurora/ws_helloworld/install/pkg01_helloworld_cpp:/home/aurora/ws_helloworld/install/learning_tf2_cpp:/home/aurora/RM25/install/nav2_simple_commander:/home/aurora/RM25/install/nav2_loopback_sim:/home/aurora/ws_helloworld/install/pkg02_helloworld_py:/opt/ros/humble LD_LIBRARY_PATH=/home/aurora/RM25/install/nav2_costmap_2d/lib:/home/aurora/RM25/install/nav_2d_utils/lib:/home/aurora/RM25/install/nav2_map_server/lib:/home/aurora/RM25/install/nav2_lifecycle_manager/lib:/home/aurora/RM25/install/nav2_util/lib:/home/aurora/RM25/install/nav2_voxel_grid/lib:/home/aurora/RM25/install/nav2_msgs/lib:/home/aurora/RM25/install/nav_2d_msgs/lib:/home/aurora/RM25/install/nav2_constrained_smoother/lib:/home/aurora/RM25/install/dwb_msgs/lib:/home/aurora/RM25/install/costmap_queue/lib:/home/aurora/RM25/install/nav2_velocity_smoother/lib:/home/aurora/RM25/install/nav2_rviz_plugins/lib:/home/aurora/RM25/install/nav2_behavior_tree/lib:/home/aurora/RM25/install/nav2_amcl/lib:/usr/lib/x86_64-linux-gnu/gazebo-11/plugins:/opt/ros/humble/opt/rviz_ogre_vendor/lib:/opt/ros/humble/lib/x86_64-linux-gnu:/opt/ros/humble/lib /usr/bin/cmake --build /home/aurora/RM25/build/nav2_controller -- -j20 -l20
[1.333s] -- Found ament_cmake: 1.3.10 (/opt/ros/humble/share/ament_cmake/cmake)
[1.428s] -- Override CMake install command with custom implementation using symlinks instead of copying resources
[1.433s] -- Found nav2_core: 1.1.17 (/home/aurora/RM25/install/nav2_core/share/nav2_core/cmake)
[1.711s] -- Found rosidl_generator_c: 3.1.5 (/opt/ros/humble/share/rosidl_generator_c/cmake)
[1.713s] -- Found rosidl_adapter: 3.1.5 (/opt/ros/humble/share/rosidl_adapter/cmake)
[1.716s] -- Found rosidl_generator_cpp: 3.1.5 (/opt/ros/humble/share/rosidl_generator_cpp/cmake)
[1.722s] -- Using all available rosidl_typesupport_c: rosidl_typesupport_fastrtps_c;rosidl_typesupport_introspection_c
[1.729s] -- Using all available rosidl_typesupport_cpp: rosidl_typesupport_fastrtps_cpp;rosidl_typesupport_introspection_cpp
[1.746s] -- Found rmw_implementation_cmake: 6.1.2 (/opt/ros/humble/share/rmw_implementation_cmake/cmake)
[1.747s] -- Found rmw_fastrtps_cpp: 6.2.7 (/opt/ros/humble/share/rmw_fastrtps_cpp/cmake)
[10.938s] -- Using RMW implementation 'rmw_fastrtps_cpp' as default
[11.089s] -- Ensuring Eigen3 include directory is part of orocos-kdl CMake target
[12.884s] -- Found nav2_common: 1.1.16 (/opt/ros/humble/share/nav2_common/cmake)
[12.885s] -- Found nav_2d_utils: 1.1.17 (/home/aurora/RM25/install/nav_2d_utils/share/nav_2d_utils/cmake)
[13.299s] -- Found ament_lint_auto: 0.12.11 (/opt/ros/humble/share/ament_lint_auto/cmake)
[13.344s] -- Found gtest sources under '/opt/ros/humble/src/gtest_vendor': C++ tests using 'Google Test' will be built
[13.440s] -- Found gtest sources under '/opt/ros/humble/src/gtest_vendor': C++ tests using 'Google Test' will be built
[13.545s] -- Added test 'cppcheck' to perform static code analysis on C / C++ code
[13.546s] -- Configured cppcheck include dirs: /home/aurora/RM25/src/rm_navigation2/nav2_controller/include
[13.546s] -- Configured cppcheck exclude dirs and/or files: 
[13.547s] -- Added test 'cpplint' to check C / C++ code against the Google style
[13.547s] -- Configured cpplint exclude dirs and/or files: 
[13.547s] -- Added test 'lint_cmake' to check CMake code style
[13.548s] -- Added test 'uncrustify' to check C / C++ code style
[13.548s] -- Configured uncrustify additional arguments: 
[13.548s] -- Added test 'xmllint' to check XML markup files
[13.551s] -- Configuring done
[13.786s] -- Generating done
[13.788s] -- Build files have been written to: /home/aurora/RM25/build/nav2_controller
[13.816s] [35m[1mConsolidate compiler generated dependencies of target gtest_main[0m
[13.816s] [35m[1mConsolidate compiler generated dependencies of target controller_server_core[0m
[13.818s] [35m[1mConsolidate compiler generated dependencies of target simple_progress_checker[0m
[13.819s] [35m[1mConsolidate compiler generated dependencies of target simple_goal_checker[0m
[13.819s] [35m[1mConsolidate compiler generated dependencies of target gtest[0m
[13.829s] [  9%] Built target gtest_main
[13.832s] [ 18%] Built target gtest
[13.835s] [ 22%] [32m[1mLinking CXX shared library libsimple_goal_checker.so[0m
[13.836s] [ 31%] [32m[1mLinking CXX shared library libsimple_progress_checker.so[0m
[13.836s] [ 31%] [32m[1mLinking CXX shared library libcontroller_server_core.so[0m
[14.263s] [ 36%] Built target simple_progress_checker
[14.278s] [35m[1mConsolidate compiler generated dependencies of target pose_progress_checker[0m
[14.286s] [ 40%] Built target simple_goal_checker
[14.299s] [ 45%] [32m[1mLinking CXX shared library libpose_progress_checker.so[0m
[14.300s] [35m[1mConsolidate compiler generated dependencies of target stopped_goal_checker[0m
[14.322s] [ 50%] [32m[1mLinking CXX shared library libstopped_goal_checker.so[0m
[14.494s] [ 54%] Built target controller_server_core
[14.507s] [35m[1mConsolidate compiler generated dependencies of target controller_server[0m
[14.509s] [35m[1mConsolidate compiler generated dependencies of target test_dynamic_parameters[0m
[14.526s] [ 59%] [32m[1mLinking CXX executable controller_server[0m
[14.529s] [ 63%] [32m[1mLinking CXX executable test_dynamic_parameters[0m
[14.842s] [ 68%] Built target pose_progress_checker
[14.850s] [ 72%] Built target stopped_goal_checker
[14.859s] [35m[1mConsolidate compiler generated dependencies of target pctest[0m
[14.868s] [35m[1mConsolidate compiler generated dependencies of target gctest[0m
[14.882s] [ 77%] [32m[1mLinking CXX executable pctest[0m
[14.893s] [ 81%] [32m[1mLinking CXX executable gctest[0m
[15.117s] [ 86%] Built target controller_server
[15.125s] [ 90%] Built target test_dynamic_parameters
[15.305s] [ 95%] Built target pctest
[15.421s] [100%] Built target gctest
[15.434s] Invoked command in '/home/aurora/RM25/build/nav2_controller' returned '0': CMAKE_PREFIX_PATH=/home/aurora/RM25/install/nav2_core:/home/aurora/RM25/install/nav2_costmap_2d:/home/aurora/RM25/install/nav_2d_utils:/home/aurora/RM25/install/nav2_map_server:/home/aurora/RM25/install/nav2_lifecycle_manager:/home/aurora/RM25/install/nav2_util:/home/aurora/RM25/install/nav2_voxel_grid:/home/aurora/RM25/install/nav2_msgs:/home/aurora/RM25/install/nav_2d_msgs:/home/aurora/RM25/install/nav2_common:/home/aurora/RM25/install/nav2_constrained_smoother:/home/aurora/RM25/install/rm_robot_description:/home/aurora/RM25/install/opennav_docking_core:/home/aurora/RM25/install/dwb_msgs:/home/aurora/RM25/install/costmap_queue:/home/aurora/RM25/install/nav2_velocity_smoother:/home/aurora/RM25/install/nav2_rviz_plugins:/home/aurora/RM25/install/nav2_behavior_tree:/home/aurora/RM25/install/nav2_amcl:/home/aurora/ws_helloworld/install/pkg01_helloworld_cpp:/home/aurora/ws_helloworld/install/learning_tf2_cpp:/home/aurora/RM25/install/nav2_simple_commander:/home/aurora/RM25/install/nav2_loopback_sim:/home/aurora/ws_helloworld/install/pkg02_helloworld_py:/opt/ros/humble LD_LIBRARY_PATH=/home/aurora/RM25/install/nav2_costmap_2d/lib:/home/aurora/RM25/install/nav_2d_utils/lib:/home/aurora/RM25/install/nav2_map_server/lib:/home/aurora/RM25/install/nav2_lifecycle_manager/lib:/home/aurora/RM25/install/nav2_util/lib:/home/aurora/RM25/install/nav2_voxel_grid/lib:/home/aurora/RM25/install/nav2_msgs/lib:/home/aurora/RM25/install/nav_2d_msgs/lib:/home/aurora/RM25/install/nav2_constrained_smoother/lib:/home/aurora/RM25/install/dwb_msgs/lib:/home/aurora/RM25/install/costmap_queue/lib:/home/aurora/RM25/install/nav2_velocity_smoother/lib:/home/aurora/RM25/install/nav2_rviz_plugins/lib:/home/aurora/RM25/install/nav2_behavior_tree/lib:/home/aurora/RM25/install/nav2_amcl/lib:/usr/lib/x86_64-linux-gnu/gazebo-11/plugins:/opt/ros/humble/opt/rviz_ogre_vendor/lib:/opt/ros/humble/lib/x86_64-linux-gnu:/opt/ros/humble/lib /usr/bin/cmake --build /home/aurora/RM25/build/nav2_controller -- -j20 -l20
[15.488s] Invoking command in '/home/aurora/RM25/build/nav2_controller': CMAKE_PREFIX_PATH=/home/aurora/RM25/install/nav2_core:/home/aurora/RM25/install/nav2_costmap_2d:/home/aurora/RM25/install/nav_2d_utils:/home/aurora/RM25/install/nav2_map_server:/home/aurora/RM25/install/nav2_lifecycle_manager:/home/aurora/RM25/install/nav2_util:/home/aurora/RM25/install/nav2_voxel_grid:/home/aurora/RM25/install/nav2_msgs:/home/aurora/RM25/install/nav_2d_msgs:/home/aurora/RM25/install/nav2_common:/home/aurora/RM25/install/nav2_constrained_smoother:/home/aurora/RM25/install/rm_robot_description:/home/aurora/RM25/install/opennav_docking_core:/home/aurora/RM25/install/dwb_msgs:/home/aurora/RM25/install/costmap_queue:/home/aurora/RM25/install/nav2_velocity_smoother:/home/aurora/RM25/install/nav2_rviz_plugins:/home/aurora/RM25/install/nav2_behavior_tree:/home/aurora/RM25/install/nav2_amcl:/home/aurora/ws_helloworld/install/pkg01_helloworld_cpp:/home/aurora/ws_helloworld/install/learning_tf2_cpp:/home/aurora/RM25/install/nav2_simple_commander:/home/aurora/RM25/install/nav2_loopback_sim:/home/aurora/ws_helloworld/install/pkg02_helloworld_py:/opt/ros/humble LD_LIBRARY_PATH=/home/aurora/RM25/install/nav2_costmap_2d/lib:/home/aurora/RM25/install/nav_2d_utils/lib:/home/aurora/RM25/install/nav2_map_server/lib:/home/aurora/RM25/install/nav2_lifecycle_manager/lib:/home/aurora/RM25/install/nav2_util/lib:/home/aurora/RM25/install/nav2_voxel_grid/lib:/home/aurora/RM25/install/nav2_msgs/lib:/home/aurora/RM25/install/nav_2d_msgs/lib:/home/aurora/RM25/install/nav2_constrained_smoother/lib:/home/aurora/RM25/install/dwb_msgs/lib:/home/aurora/RM25/install/costmap_queue/lib:/home/aurora/RM25/install/nav2_velocity_smoother/lib:/home/aurora/RM25/install/nav2_rviz_plugins/lib:/home/aurora/RM25/install/nav2_behavior_tree/lib:/home/aurora/RM25/install/nav2_amcl/lib:/usr/lib/x86_64-linux-gnu/gazebo-11/plugins:/opt/ros/humble/opt/rviz_ogre_vendor/lib:/opt/ros/humble/lib/x86_64-linux-gnu:/opt/ros/humble/lib /usr/bin/cmake --install /home/aurora/RM25/build/nav2_controller
[15.494s] -- Install configuration: "Release"
[15.494s] -- Execute custom install script
[15.495s] -- Up-to-date symlink: /home/aurora/RM25/install/nav2_controller/lib/libsimple_progress_checker.so
[15.496s] -- Up-to-date symlink: /home/aurora/RM25/install/nav2_controller/lib/libpose_progress_checker.so
[15.496s] -- Up-to-date symlink: /home/aurora/RM25/install/nav2_controller/lib/libsimple_goal_checker.so
[15.500s] -- Up-to-date symlink: /home/aurora/RM25/install/nav2_controller/lib/libstopped_goal_checker.so
[15.500s] -- Up-to-date symlink: /home/aurora/RM25/install/nav2_controller/lib/libcontroller_server_core.so
[15.500s] -- Up-to-date symlink: /home/aurora/RM25/install/nav2_controller/lib/nav2_controller/controller_server
[15.500s] -- Up-to-date symlink: /home/aurora/RM25/install/nav2_controller/include//nav2_controller/controller_server.hpp
[15.501s] -- Up-to-date symlink: /home/aurora/RM25/install/nav2_controller/include//nav2_controller/plugins/pose_progress_checker.hpp
[15.501s] -- Up-to-date symlink: /home/aurora/RM25/install/nav2_controller/include//nav2_controller/plugins/simple_goal_checker.hpp
[15.502s] -- Up-to-date symlink: /home/aurora/RM25/install/nav2_controller/include//nav2_controller/plugins/simple_progress_checker.hpp
[15.502s] -- Up-to-date symlink: /home/aurora/RM25/install/nav2_controller/include//nav2_controller/plugins/stopped_goal_checker.hpp
[15.502s] -- Up-to-date symlink: /home/aurora/RM25/install/nav2_controller/share/nav2_controller/environment/library_path.sh
[15.503s] -- Up-to-date symlink: /home/aurora/RM25/install/nav2_controller/share/nav2_controller/environment/library_path.dsv
[15.504s] -- Up-to-date symlink: /home/aurora/RM25/install/nav2_controller/share/nav2_controller//plugins.xml
[15.504s] -- Up-to-date symlink: /home/aurora/RM25/install/nav2_controller/share/ament_index/resource_index/package_run_dependencies/nav2_controller
[15.505s] -- Up-to-date symlink: /home/aurora/RM25/install/nav2_controller/share/ament_index/resource_index/parent_prefix_path/nav2_controller
[15.505s] -- Up-to-date symlink: /home/aurora/RM25/install/nav2_controller/share/nav2_controller/environment/ament_prefix_path.sh
[15.506s] -- Up-to-date symlink: /home/aurora/RM25/install/nav2_controller/share/nav2_controller/environment/ament_prefix_path.dsv
[15.506s] -- Up-to-date symlink: /home/aurora/RM25/install/nav2_controller/share/nav2_controller/environment/path.sh
[15.506s] -- Up-to-date symlink: /home/aurora/RM25/install/nav2_controller/share/nav2_controller/environment/path.dsv
[15.507s] -- Up-to-date symlink: /home/aurora/RM25/install/nav2_controller/share/nav2_controller/local_setup.bash
[15.507s] -- Up-to-date symlink: /home/aurora/RM25/install/nav2_controller/share/nav2_controller/local_setup.sh
[15.508s] -- Up-to-date symlink: /home/aurora/RM25/install/nav2_controller/share/nav2_controller/local_setup.zsh
[15.508s] -- Up-to-date symlink: /home/aurora/RM25/install/nav2_controller/share/nav2_controller/local_setup.dsv
[15.508s] -- Symlinking: /home/aurora/RM25/install/nav2_controller/share/nav2_controller/package.dsv
[15.516s] -- Up-to-date symlink: /home/aurora/RM25/install/nav2_controller/share/ament_index/resource_index/packages/nav2_controller
[15.516s] -- Up-to-date symlink: /home/aurora/RM25/install/nav2_controller/share/ament_index/resource_index/nav2_core__pluginlib__plugin/nav2_controller
[15.517s] -- Up-to-date symlink: /home/aurora/RM25/install/nav2_controller/share/ament_index/resource_index/rclcpp_components/nav2_controller
[15.518s] -- Up-to-date symlink: /home/aurora/RM25/install/nav2_controller/share/nav2_controller/cmake/ament_cmake_export_include_directories-extras.cmake
[15.518s] -- Up-to-date symlink: /home/aurora/RM25/install/nav2_controller/share/nav2_controller/cmake/ament_cmake_export_libraries-extras.cmake
[15.519s] -- Up-to-date symlink: /home/aurora/RM25/install/nav2_controller/share/nav2_controller/cmake/ament_cmake_export_dependencies-extras.cmake
[15.519s] -- Up-to-date symlink: /home/aurora/RM25/install/nav2_controller/share/nav2_controller/cmake/nav2_controllerConfig.cmake
[15.519s] -- Up-to-date symlink: /home/aurora/RM25/install/nav2_controller/share/nav2_controller/cmake/nav2_controllerConfig-version.cmake
[15.520s] -- Up-to-date symlink: /home/aurora/RM25/install/nav2_controller/share/nav2_controller/package.xml
[15.523s] Invoked command in '/home/aurora/RM25/build/nav2_controller' returned '0': CMAKE_PREFIX_PATH=/home/aurora/RM25/install/nav2_core:/home/aurora/RM25/install/nav2_costmap_2d:/home/aurora/RM25/install/nav_2d_utils:/home/aurora/RM25/install/nav2_map_server:/home/aurora/RM25/install/nav2_lifecycle_manager:/home/aurora/RM25/install/nav2_util:/home/aurora/RM25/install/nav2_voxel_grid:/home/aurora/RM25/install/nav2_msgs:/home/aurora/RM25/install/nav_2d_msgs:/home/aurora/RM25/install/nav2_common:/home/aurora/RM25/install/nav2_constrained_smoother:/home/aurora/RM25/install/rm_robot_description:/home/aurora/RM25/install/opennav_docking_core:/home/aurora/RM25/install/dwb_msgs:/home/aurora/RM25/install/costmap_queue:/home/aurora/RM25/install/nav2_velocity_smoother:/home/aurora/RM25/install/nav2_rviz_plugins:/home/aurora/RM25/install/nav2_behavior_tree:/home/aurora/RM25/install/nav2_amcl:/home/aurora/ws_helloworld/install/pkg01_helloworld_cpp:/home/aurora/ws_helloworld/install/learning_tf2_cpp:/home/aurora/RM25/install/nav2_simple_commander:/home/aurora/RM25/install/nav2_loopback_sim:/home/aurora/ws_helloworld/install/pkg02_helloworld_py:/opt/ros/humble LD_LIBRARY_PATH=/home/aurora/RM25/install/nav2_costmap_2d/lib:/home/aurora/RM25/install/nav_2d_utils/lib:/home/aurora/RM25/install/nav2_map_server/lib:/home/aurora/RM25/install/nav2_lifecycle_manager/lib:/home/aurora/RM25/install/nav2_util/lib:/home/aurora/RM25/install/nav2_voxel_grid/lib:/home/aurora/RM25/install/nav2_msgs/lib:/home/aurora/RM25/install/nav_2d_msgs/lib:/home/aurora/RM25/install/nav2_constrained_smoother/lib:/home/aurora/RM25/install/dwb_msgs/lib:/home/aurora/RM25/install/costmap_queue/lib:/home/aurora/RM25/install/nav2_velocity_smoother/lib:/home/aurora/RM25/install/nav2_rviz_plugins/lib:/home/aurora/RM25/install/nav2_behavior_tree/lib:/home/aurora/RM25/install/nav2_amcl/lib:/usr/lib/x86_64-linux-gnu/gazebo-11/plugins:/opt/ros/humble/opt/rviz_ogre_vendor/lib:/opt/ros/humble/lib/x86_64-linux-gnu:/opt/ros/humble/lib /usr/bin/cmake --install /home/aurora/RM25/build/nav2_controller
