[35m[1mConsolidate compiler generated dependencies of target ros2_livox[0m
[100%] Built target ros2_livox
-- Install configuration: ""
-- Execute custom install script
-- Up-to-date symlink: /home/aurora/RM25/install/ros2_livox_simulation/include/ros2_livox/csv_reader.hpp
-- Up-to-date symlink: /home/aurora/RM25/install/ros2_livox_simulation/include/ros2_livox/livox_ode_multiray_shape.h
-- Up-to-date symlink: /home/aurora/RM25/install/ros2_livox_simulation/include/ros2_livox/livox_points_plugin.h
-- Up-to-date symlink: /home/aurora/RM25/install/ros2_livox_simulation/share/ros2_livox_simulation/environment/library_path.sh
-- Up-to-date symlink: /home/aurora/RM25/install/ros2_livox_simulation/share/ros2_livox_simulation/environment/library_path.dsv
-- Up-to-date symlink: /home/aurora/RM25/install/ros2_livox_simulation/lib/libros2_livox.so
-- Up-to-date symlink: /home/aurora/RM25/install/ros2_livox_simulation/share/ros2_livox_simulation/scan_mode/mid360.csv
-- Up-to-date symlink: /home/aurora/RM25/install/ros2_livox_simulation/share/ros2_livox_simulation/urdf/mid360.xacro
-- Up-to-date symlink: /home/aurora/RM25/install/ros2_livox_simulation/share/ament_index/resource_index/package_run_dependencies/ros2_livox_simulation
-- Up-to-date symlink: /home/aurora/RM25/install/ros2_livox_simulation/share/ament_index/resource_index/parent_prefix_path/ros2_livox_simulation
-- Up-to-date symlink: /home/aurora/RM25/install/ros2_livox_simulation/share/ros2_livox_simulation/environment/ament_prefix_path.sh
-- Up-to-date symlink: /home/aurora/RM25/install/ros2_livox_simulation/share/ros2_livox_simulation/environment/ament_prefix_path.dsv
-- Up-to-date symlink: /home/aurora/RM25/install/ros2_livox_simulation/share/ros2_livox_simulation/environment/path.sh
-- Up-to-date symlink: /home/aurora/RM25/install/ros2_livox_simulation/share/ros2_livox_simulation/environment/path.dsv
-- Up-to-date symlink: /home/aurora/RM25/install/ros2_livox_simulation/share/ros2_livox_simulation/local_setup.bash
-- Up-to-date symlink: /home/aurora/RM25/install/ros2_livox_simulation/share/ros2_livox_simulation/local_setup.sh
-- Up-to-date symlink: /home/aurora/RM25/install/ros2_livox_simulation/share/ros2_livox_simulation/local_setup.zsh
-- Up-to-date symlink: /home/aurora/RM25/install/ros2_livox_simulation/share/ros2_livox_simulation/local_setup.dsv
-- Symlinking: /home/aurora/RM25/install/ros2_livox_simulation/share/ros2_livox_simulation/package.dsv
-- Up-to-date symlink: /home/aurora/RM25/install/ros2_livox_simulation/share/ament_index/resource_index/packages/ros2_livox_simulation
-- Up-to-date symlink: /home/aurora/RM25/install/ros2_livox_simulation/share/ros2_livox_simulation/cmake/ament_cmake_export_dependencies-extras.cmake
-- Up-to-date symlink: /home/aurora/RM25/install/ros2_livox_simulation/share/ros2_livox_simulation/cmake/ament_cmake_export_include_directories-extras.cmake
-- Up-to-date symlink: /home/aurora/RM25/install/ros2_livox_simulation/share/ros2_livox_simulation/cmake/ament_cmake_export_libraries-extras.cmake
-- Up-to-date symlink: /home/aurora/RM25/install/ros2_livox_simulation/share/ros2_livox_simulation/cmake/ros2_livox_simulationConfig.cmake
-- Up-to-date symlink: /home/aurora/RM25/install/ros2_livox_simulation/share/ros2_livox_simulation/cmake/ros2_livox_simulationConfig-version.cmake
-- Up-to-date symlink: /home/aurora/RM25/install/ros2_livox_simulation/share/ros2_livox_simulation/package.xml
