[0.198s] Invoking command in '/home/aurora/RM25/build/nav2_util': AMENT_PREFIX_PATH=/home/aurora/RM25/install/nav2_common:${AMENT_PREFIX_PATH} CMAKE_PREFIX_PATH=/home/aurora/RM25/install/nav2_msgs:/home/aurora/RM25/install/nav2_common:/home/aurora/RM25/install/rm_robot_description:/home/aurora/RM25/install/nav2_bringup:/home/aurora/RM25/install/four_omniwheel_robot:/home/aurora/ws_helloworld/install/pkg01_helloworld_cpp:/home/aurora/ws_helloworld/install/learning_tf2_cpp:/home/aurora/ws_helloworld/install/pkg02_helloworld_py:/opt/ros/humble PYTHONPATH=/home/aurora/RM25/install/nav2_common/local/lib/python3.10/dist-packages:${PYTHONPATH} /usr/bin/cmake /home/aurora/RM25/src/rm_navigation2/nav2_util -DAMENT_CMAKE_SYMLINK_INSTALL=1 -DCMAKE_INSTALL_PREFIX=/home/aurora/RM25/install/nav2_util
[0.350s] -- Found ament_cmake: 1.3.10 (/opt/ros/humble/share/ament_cmake/cmake)
[0.350s] -- Override CMake install command with custom implementation using symlinks instead of copying resources
[0.350s] -- Found bond: 3.0.2 (/opt/ros/humble/share/bond/cmake)
[0.524s] -- Found rosidl_generator_c: 3.1.5 (/opt/ros/humble/share/rosidl_generator_c/cmake)
[0.525s] -- Found rosidl_adapter: 3.1.5 (/opt/ros/humble/share/rosidl_adapter/cmake)
[0.529s] -- Found rosidl_generator_cpp: 3.1.5 (/opt/ros/humble/share/rosidl_generator_cpp/cmake)
[0.535s] -- Using all available rosidl_typesupport_c: rosidl_typesupport_fastrtps_c;rosidl_typesupport_introspection_c
[0.541s] -- Using all available rosidl_typesupport_cpp: rosidl_typesupport_fastrtps_cpp;rosidl_typesupport_introspection_cpp
[0.561s] -- Found geometry_msgs: 4.2.4 (/opt/ros/humble/share/geometry_msgs/cmake)
[0.569s] -- Found lifecycle_msgs: 1.2.1 (/opt/ros/humble/share/lifecycle_msgs/cmake)
[0.573s] -- Found nav2_common: 1.1.16 (/opt/ros/humble/share/nav2_common/cmake)
[0.573s] -- Found nav2_msgs: 1.3.1 (/home/aurora/RM25/install/nav2_msgs/share/nav2_msgs/cmake)
[0.619s] -- Found rcl_interfaces: 1.2.1 (/opt/ros/humble/share/rcl_interfaces/cmake)
[0.625s] -- Found rclcpp: 16.0.10 (/opt/ros/humble/share/rclcpp/cmake)
[0.633s] -- Found rmw_implementation_cmake: 6.1.2 (/opt/ros/humble/share/rmw_implementation_cmake/cmake)
[0.634s] -- Found rmw_fastrtps_cpp: 6.2.7 (/opt/ros/humble/share/rmw_fastrtps_cpp/cmake)
[8.969s] -- Using RMW implementation 'rmw_fastrtps_cpp' as default
[8.991s] -- Found rclcpp_action: 16.0.10 (/opt/ros/humble/share/rclcpp_action/cmake)
[8.996s] -- Found rclcpp_lifecycle: 16.0.10 (/opt/ros/humble/share/rclcpp_lifecycle/cmake)
[9.000s] -- Found tf2: 0.25.8 (/opt/ros/humble/share/tf2/cmake)
[9.002s] -- Found tf2_geometry_msgs: 0.25.8 (/opt/ros/humble/share/tf2_geometry_msgs/cmake)
[9.003s] -- Found eigen3_cmake_module: 0.1.1 (/opt/ros/humble/share/eigen3_cmake_module/cmake)
[9.004s] -- Ensuring Eigen3 include directory is part of orocos-kdl CMake target
[9.034s] -- Found bondcpp: 3.0.2 (/opt/ros/humble/share/bondcpp/cmake)
[9.039s] -- Found ament_lint_auto: 0.12.11 (/opt/ros/humble/share/ament_lint_auto/cmake)
[9.039s] -- Found ament_cmake_pytest: 1.3.10 (/opt/ros/humble/share/ament_cmake_pytest/cmake)
[9.095s] -- Found gtest sources under '/opt/ros/humble/src/gtest_vendor': C++ tests using 'Google Test' will be built
[9.119s] -- Added test 'cppcheck' to perform static code analysis on C / C++ code
[9.119s] -- Configured cppcheck include dirs: 
[9.119s] -- Configured cppcheck exclude dirs and/or files: 
[9.120s] -- Added test 'cpplint' to check C / C++ code against the Google style
[9.121s] -- Configured cpplint exclude dirs and/or files: 
[9.121s] -- Added test 'lint_cmake' to check CMake code style
[9.122s] -- Added test 'uncrustify' to check C / C++ code style
[9.122s] -- Configured uncrustify additional arguments: 
[9.122s] -- Added test 'xmllint' to check XML markup files
[9.124s] -- Configuring done
[9.129s] [31mCMake Error at src/CMakeLists.txt:1 (add_library):
[9.129s]   Target "nav2_util_core" links to target "bondcpp::bondcpp" but the target
[9.129s]   was not found.  Perhaps a find_package() call is missing for an IMPORTED
[9.129s]   target, or an ALIAS target is missing?
[9.129s] 
[9.129s] [0m
[9.130s] [31mCMake Error at src/CMakeLists.txt:35 (add_executable):
[9.130s]   Target "lifecycle_bringup" links to target "bondcpp::bondcpp" but the
[9.130s]   target was not found.  Perhaps a find_package() call is missing for an
[9.130s]   IMPORTED target, or an ALIAS target is missing?
[9.130s] 
[9.130s] [0m
[9.130s] [31mCMake Error at src/CMakeLists.txt:40 (add_executable):
[9.130s]   Target "base_footprint_publisher" links to target "bondcpp::bondcpp" but
[9.130s]   the target was not found.  Perhaps a find_package() call is missing for an
[9.130s]   IMPORTED target, or an ALIAS target is missing?
[9.130s] 
[9.130s] [0m
[9.130s] [31mCMake Error at /opt/ros/humble/share/ament_cmake_gtest/cmake/ament_add_gtest_executable.cmake:50 (add_executable):
[9.131s]   Target "test_execution_timer" links to target "bondcpp::bondcpp" but the
[9.131s]   target was not found.  Perhaps a find_package() call is missing for an
[9.131s]   IMPORTED target, or an ALIAS target is missing?
[9.131s] Call Stack (most recent call first):
[9.131s]   /opt/ros/humble/share/ament_cmake_gtest/cmake/ament_add_gtest_executable.cmake:37 (_ament_add_gtest_executable)
[9.131s]   /opt/ros/humble/share/ament_cmake_gtest/cmake/ament_add_gtest.cmake:68 (ament_add_gtest_executable)
[9.131s]   test/CMakeLists.txt:1 (ament_add_gtest)
[9.131s] 
[9.131s] [0m
[9.131s] [31mCMake Error at /opt/ros/humble/share/ament_cmake_gtest/cmake/ament_add_gtest_executable.cmake:50 (add_executable):
[9.131s]   Target "test_node_utils" links to target "bondcpp::bondcpp" but the target
[9.132s]   was not found.  Perhaps a find_package() call is missing for an IMPORTED
[9.132s]   target, or an ALIAS target is missing?
[9.132s] Call Stack (most recent call first):
[9.132s]   /opt/ros/humble/share/ament_cmake_gtest/cmake/ament_add_gtest_executable.cmake:37 (_ament_add_gtest_executable)
[9.132s]   /opt/ros/humble/share/ament_cmake_gtest/cmake/ament_add_gtest.cmake:68 (ament_add_gtest_executable)
[9.132s]   test/CMakeLists.txt:4 (ament_add_gtest)
[9.132s] 
[9.132s] [0m
[9.132s] [31mCMake Error at /opt/ros/humble/share/ament_cmake_gtest/cmake/ament_add_gtest_executable.cmake:50 (add_executable):
[9.132s]   Target "test_service_client" links to target "bondcpp::bondcpp" but the
[9.132s]   target was not found.  Perhaps a find_package() call is missing for an
[9.132s]   IMPORTED target, or an ALIAS target is missing?
[9.132s] Call Stack (most recent call first):
[9.132s]   /opt/ros/humble/share/ament_cmake_gtest/cmake/ament_add_gtest_executable.cmake:37 (_ament_add_gtest_executable)
[9.132s]   /opt/ros/humble/share/ament_cmake_gtest/cmake/ament_add_gtest.cmake:68 (ament_add_gtest_executable)
[9.132s]   test/CMakeLists.txt:11 (ament_add_gtest)
[9.132s] 
[9.132s] [0m
[9.132s] [31mCMake Error at /opt/ros/humble/share/ament_cmake_gtest/cmake/ament_add_gtest_executable.cmake:50 (add_executable):
[9.132s]   Target "test_string_utils" links to target "bondcpp::bondcpp" but the
[9.132s]   target was not found.  Perhaps a find_package() call is missing for an
[9.132s]   IMPORTED target, or an ALIAS target is missing?
[9.132s] Call Stack (most recent call first):
[9.132s]   /opt/ros/humble/share/ament_cmake_gtest/cmake/ament_add_gtest_executable.cmake:37 (_ament_add_gtest_executable)
[9.132s]   /opt/ros/humble/share/ament_cmake_gtest/cmake/ament_add_gtest.cmake:68 (ament_add_gtest_executable)
[9.132s]   test/CMakeLists.txt:14 (ament_add_gtest)
[9.132s] 
[9.132s] [0m
[9.132s] [31mCMake Error at /opt/ros/humble/share/ament_cmake_gtest/cmake/ament_add_gtest_executable.cmake:50 (add_executable):
[9.132s]   Target "test_lifecycle_utils" links to target "bondcpp::bondcpp" but the
[9.132s]   target was not found.  Perhaps a find_package() call is missing for an
[9.132s]   IMPORTED target, or an ALIAS target is missing?
[9.132s] Call Stack (most recent call first):
[9.132s]   /opt/ros/humble/share/ament_cmake_gtest/cmake/ament_add_gtest_executable.cmake:37 (_ament_add_gtest_executable)
[9.132s]   /opt/ros/humble/share/ament_cmake_gtest/cmake/ament_add_gtest.cmake:68 (ament_add_gtest_executable)
[9.132s]   test/CMakeLists.txt:18 (ament_add_gtest)
[9.132s] 
[9.132s] [0m
[9.132s] [31mCMake Error at /opt/ros/humble/share/ament_cmake_gtest/cmake/ament_add_gtest_executable.cmake:50 (add_executable):
[9.132s]   Target "test_actions" links to target "bondcpp::bondcpp" but the target was
[9.133s]   not found.  Perhaps a find_package() call is missing for an IMPORTED
[9.133s]   target, or an ALIAS target is missing?
[9.133s] Call Stack (most recent call first):
[9.133s]   /opt/ros/humble/share/ament_cmake_gtest/cmake/ament_add_gtest_executable.cmake:37 (_ament_add_gtest_executable)
[9.133s]   /opt/ros/humble/share/ament_cmake_gtest/cmake/ament_add_gtest.cmake:68 (ament_add_gtest_executable)
[9.133s]   test/CMakeLists.txt:21 (ament_add_gtest)
[9.133s] 
[9.133s] [0m
[9.133s] [31mCMake Error at /opt/ros/humble/share/ament_cmake_gtest/cmake/ament_add_gtest_executable.cmake:50 (add_executable):
[9.133s]   Target "test_lifecycle_node" links to target "bondcpp::bondcpp" but the
[9.133s]   target was not found.  Perhaps a find_package() call is missing for an
[9.133s]   IMPORTED target, or an ALIAS target is missing?
[9.133s] Call Stack (most recent call first):
[9.133s]   /opt/ros/humble/share/ament_cmake_gtest/cmake/ament_add_gtest_executable.cmake:37 (_ament_add_gtest_executable)
[9.133s]   /opt/ros/humble/share/ament_cmake_gtest/cmake/ament_add_gtest.cmake:68 (ament_add_gtest_executable)
[9.133s]   test/CMakeLists.txt:24 (ament_add_gtest)
[9.133s] 
[9.133s] [0m
[9.133s] [31mCMake Error at /opt/ros/humble/share/ament_cmake_gtest/cmake/ament_add_gtest_executable.cmake:50 (add_executable):
[9.133s]   Target "test_lifecycle_cli_node" links to target "bondcpp::bondcpp" but the
[9.133s]   target was not found.  Perhaps a find_package() call is missing for an
[9.133s]   IMPORTED target, or an ALIAS target is missing?
[9.133s] Call Stack (most recent call first):
[9.133s]   /opt/ros/humble/share/ament_cmake_gtest/cmake/ament_add_gtest_executable.cmake:37 (_ament_add_gtest_executable)
[9.133s]   /opt/ros/humble/share/ament_cmake_gtest/cmake/ament_add_gtest.cmake:68 (ament_add_gtest_executable)
[9.133s]   test/CMakeLists.txt:27 (ament_add_gtest)
[9.133s] 
[9.133s] [0m
[9.133s] [31mCMake Error at /opt/ros/humble/share/ament_cmake_gtest/cmake/ament_add_gtest_executable.cmake:50 (add_executable):
[9.133s]   Target "test_geometry_utils" links to target "bondcpp::bondcpp" but the
[9.133s]   target was not found.  Perhaps a find_package() call is missing for an
[9.133s]   IMPORTED target, or an ALIAS target is missing?
[9.133s] Call Stack (most recent call first):
[9.133s]   /opt/ros/humble/share/ament_cmake_gtest/cmake/ament_add_gtest_executable.cmake:37 (_ament_add_gtest_executable)
[9.133s]   /opt/ros/humble/share/ament_cmake_gtest/cmake/ament_add_gtest.cmake:68 (ament_add_gtest_executable)
[9.133s]   test/CMakeLists.txt:30 (ament_add_gtest)
[9.133s] 
[9.133s] [0m
[9.133s] [31mCMake Error at /opt/ros/humble/share/ament_cmake_gtest/cmake/ament_add_gtest_executable.cmake:50 (add_executable):
[9.133s]   Target "test_odometry_utils" links to target "bondcpp::bondcpp" but the
[9.133s]   target was not found.  Perhaps a find_package() call is missing for an
[9.133s]   IMPORTED target, or an ALIAS target is missing?
[9.133s] Call Stack (most recent call first):
[9.133s]   /opt/ros/humble/share/ament_cmake_gtest/cmake/ament_add_gtest_executable.cmake:37 (_ament_add_gtest_executable)
[9.134s]   /opt/ros/humble/share/ament_cmake_gtest/cmake/ament_add_gtest.cmake:68 (ament_add_gtest_executable)
[9.134s]   test/CMakeLists.txt:33 (ament_add_gtest)
[9.134s] 
[9.134s] [0m
[9.134s] [31mCMake Error at /opt/ros/humble/share/ament_cmake_gtest/cmake/ament_add_gtest_executable.cmake:50 (add_executable):
[9.134s]   Target "test_robot_utils" links to target "bondcpp::bondcpp" but the target
[9.134s]   was not found.  Perhaps a find_package() call is missing for an IMPORTED
[9.134s]   target, or an ALIAS target is missing?
[9.134s] Call Stack (most recent call first):
[9.134s]   /opt/ros/humble/share/ament_cmake_gtest/cmake/ament_add_gtest_executable.cmake:37 (_ament_add_gtest_executable)
[9.134s]   /opt/ros/humble/share/ament_cmake_gtest/cmake/ament_add_gtest.cmake:68 (ament_add_gtest_executable)
[9.134s]   test/CMakeLists.txt:36 (ament_add_gtest)
[9.134s] 
[9.134s] [0m
[9.134s] [31mCMake Error at /opt/ros/humble/share/ament_cmake_gtest/cmake/ament_add_gtest_executable.cmake:50 (add_executable):
[9.134s]   Target "test_base_footprint_publisher" links to target "bondcpp::bondcpp"
[9.134s]   but the target was not found.  Perhaps a find_package() call is missing for
[9.134s]   an IMPORTED target, or an ALIAS target is missing?
[9.134s] Call Stack (most recent call first):
[9.134s]   /opt/ros/humble/share/ament_cmake_gtest/cmake/ament_add_gtest_executable.cmake:37 (_ament_add_gtest_executable)
[9.134s]   /opt/ros/humble/share/ament_cmake_gtest/cmake/ament_add_gtest.cmake:68 (ament_add_gtest_executable)
[9.134s]   test/CMakeLists.txt:39 (ament_add_gtest)
[9.134s] 
[9.134s] [0m
[9.134s] [31mCMake Error at /opt/ros/humble/share/ament_cmake_gtest/cmake/ament_add_gtest_executable.cmake:50 (add_executable):
[9.134s]   Target "test_array_parser" links to target "bondcpp::bondcpp" but the
[9.134s]   target was not found.  Perhaps a find_package() call is missing for an
[9.134s]   IMPORTED target, or an ALIAS target is missing?
[9.134s] Call Stack (most recent call first):
[9.134s]   /opt/ros/humble/share/ament_cmake_gtest/cmake/ament_add_gtest_executable.cmake:37 (_ament_add_gtest_executable)
[9.134s]   /opt/ros/humble/share/ament_cmake_gtest/cmake/ament_add_gtest.cmake:68 (ament_add_gtest_executable)
[9.134s]   test/CMakeLists.txt:44 (ament_add_gtest)
[9.134s] 
[9.134s] [0m
[9.134s] [31mCMake Error at /opt/ros/humble/share/ament_cmake_gtest/cmake/ament_add_gtest_executable.cmake:50 (add_executable):
[9.134s]   Target "test_twist_publisher" links to target "bondcpp::bondcpp" but the
[9.134s]   target was not found.  Perhaps a find_package() call is missing for an
[9.134s]   IMPORTED target, or an ALIAS target is missing?
[9.134s] Call Stack (most recent call first):
[9.134s]   /opt/ros/humble/share/ament_cmake_gtest/cmake/ament_add_gtest_executable.cmake:37 (_ament_add_gtest_executable)
[9.134s]   /opt/ros/humble/share/ament_cmake_gtest/cmake/ament_add_gtest.cmake:68 (ament_add_gtest_executable)
[9.135s]   test/CMakeLists.txt:47 (ament_add_gtest)
[9.135s] 
[9.135s] [0m
[9.135s] [31mCMake Error at /opt/ros/humble/share/ament_cmake_gtest/cmake/ament_add_gtest_executable.cmake:50 (add_executable):
[9.135s]   Target "test_twist_subscriber" links to target "bondcpp::bondcpp" but the
[9.135s]   target was not found.  Perhaps a find_package() call is missing for an
[9.135s]   IMPORTED target, or an ALIAS target is missing?
[9.135s] Call Stack (most recent call first):
[9.135s]   /opt/ros/humble/share/ament_cmake_gtest/cmake/ament_add_gtest_executable.cmake:37 (_ament_add_gtest_executable)
[9.135s]   /opt/ros/humble/share/ament_cmake_gtest/cmake/ament_add_gtest.cmake:68 (ament_add_gtest_executable)
[9.135s]   test/CMakeLists.txt:50 (ament_add_gtest)
[9.135s] 
[9.135s] [0m
[9.135s] [31mCMake Error at /opt/ros/humble/share/ament_cmake_gtest/cmake/ament_add_gtest_executable.cmake:50 (add_executable):
[9.135s]   Target "test_validation_messages" links to target "bondcpp::bondcpp" but
[9.135s]   the target was not found.  Perhaps a find_package() call is missing for an
[9.135s]   IMPORTED target, or an ALIAS target is missing?
[9.135s] Call Stack (most recent call first):
[9.135s]   /opt/ros/humble/share/ament_cmake_gtest/cmake/ament_add_gtest_executable.cmake:37 (_ament_add_gtest_executable)
[9.135s]   /opt/ros/humble/share/ament_cmake_gtest/cmake/ament_add_gtest.cmake:68 (ament_add_gtest_executable)
[9.135s]   test/CMakeLists.txt:53 (ament_add_gtest)
[9.135s] 
[9.135s] [0m
[9.185s] -- Generating done
[9.187s] [0mCMake Generate step failed.  Build files cannot be regenerated correctly.[0m
[9.196s] Invoked command in '/home/aurora/RM25/build/nav2_util' returned '1': AMENT_PREFIX_PATH=/home/aurora/RM25/install/nav2_common:${AMENT_PREFIX_PATH} CMAKE_PREFIX_PATH=/home/aurora/RM25/install/nav2_msgs:/home/aurora/RM25/install/nav2_common:/home/aurora/RM25/install/rm_robot_description:/home/aurora/RM25/install/nav2_bringup:/home/aurora/RM25/install/four_omniwheel_robot:/home/aurora/ws_helloworld/install/pkg01_helloworld_cpp:/home/aurora/ws_helloworld/install/learning_tf2_cpp:/home/aurora/ws_helloworld/install/pkg02_helloworld_py:/opt/ros/humble PYTHONPATH=/home/aurora/RM25/install/nav2_common/local/lib/python3.10/dist-packages:${PYTHONPATH} /usr/bin/cmake /home/aurora/RM25/src/rm_navigation2/nav2_util -DAMENT_CMAKE_SYMLINK_INSTALL=1 -DCMAKE_INSTALL_PREFIX=/home/aurora/RM25/install/nav2_util
